2026-06-03 12:15:14,195 - ======================================================================
2026-06-03 12:15:14,195 - Bayesian Optimization for PLMGraphModel Hyperparameters
2026-06-03 12:15:14,195 - ======================================================================
2026-06-03 12:15:14,195 - Window Size: 41
2026-06-03 12:15:14,195 - K-Folds: 5
2026-06-03 12:15:14,195 - Early Stop Patience: 5
2026-06-03 12:15:14,195 - Early Stop Metric: MCC
2026-06-03 12:15:14,195 - Number of Trials: 20
2026-06-03 12:15:14,195 - Seed: 0
2026-06-03 12:15:14,195 - ======================================================================
2026-06-03 12:15:14,196 - Device: cuda
2026-06-03 12:15:14,196 - Loading training data from data/train_embedding_graph.pt...
2026-06-03 12:15:16,524 - Dataset loaded: 4346 samples
2026-06-03 12:15:16,525 - Number of unique proteins (groups): 1012
2026-06-03 12:15:16,529 - 
Starting Bayesian Optimization...
2026-06-03 12:15:16,531 - 
============================================================
2026-06-03 12:15:16,532 - Trial 1
2026-06-03 12:15:16,532 - ============================================================
2026-06-03 12:15:16,532 - Hyperparameters:
2026-06-03 12:15:16,532 -   learning_rate: 1.567668e-04
2026-06-03 12:15:16,532 -   weight_decay: 7.257006e-04
2026-06-03 12:15:16,532 -   batch_size: 256
2026-06-03 12:15:16,532 -   epochs: 200
2026-06-03 12:17:03,033 - Cross-Validation Results:
2026-06-03 12:17:03,034 -   Mean MCC: 0.5561 ± 0.0165
2026-06-03 12:17:03,034 -   Fold MCCs: ['0.5271', '0.5556', '0.5659', '0.5768', '0.5549']
2026-06-03 12:17:03,034 -   Fold Best Epochs: [16, 14, 11, 14, 17]
2026-06-03 12:17:03,034 -   Recommended Final Epochs (median): 14
2026-06-03 12:17:03,036 - 
============================================================
2026-06-03 12:17:03,036 - Trial 2
2026-06-03 12:17:03,036 - ============================================================
2026-06-03 12:17:03,036 - Hyperparameters:
2026-06-03 12:17:03,036 -   learning_rate: 3.690558e-03
2026-06-03 12:17:03,036 -   weight_decay: 7.155682e-03
2026-06-03 12:17:03,036 -   batch_size: 512
2026-06-03 12:17:03,036 -   epochs: 200
2026-06-03 12:18:35,647 - Cross-Validation Results:
2026-06-03 12:18:35,647 -   Mean MCC: 0.5216 ± 0.0336
2026-06-03 12:18:35,647 -   Fold MCCs: ['0.4782', '0.5255', '0.4891', '0.5517', '0.5637']
2026-06-03 12:18:35,647 -   Fold Best Epochs: [8, 19, 6, 25, 14]
2026-06-03 12:18:35,647 -   Recommended Final Epochs (median): 14
2026-06-03 12:18:35,649 - 
============================================================
2026-06-03 12:18:35,649 - Trial 3
2026-06-03 12:18:35,649 - ============================================================
2026-06-03 12:18:35,649 - Hyperparameters:
2026-06-03 12:18:35,649 -   learning_rate: 1.923731e-06
2026-06-03 12:18:35,649 -   weight_decay: 2.231091e-06
2026-06-03 12:18:35,649 -   batch_size: 512
2026-06-03 12:18:35,649 -   epochs: 200
2026-06-03 12:19:16,357 - Cross-Validation Results:
2026-06-03 12:19:16,358 -   Mean MCC: -0.0088 ± 0.0168
2026-06-03 12:19:16,358 -   Fold MCCs: ['-0.0023', '-0.0001', '0.0008', '0.0000', '-0.0422']
2026-06-03 12:19:16,358 -   Fold Best Epochs: [1, 1, 6, 1, 6]
2026-06-03 12:19:16,358 -   Recommended Final Epochs (median): 1
2026-06-03 12:19:16,360 - 
============================================================
2026-06-03 12:19:16,360 - Trial 4
2026-06-03 12:19:16,360 - ============================================================
2026-06-03 12:19:16,360 - Hyperparameters:
2026-06-03 12:19:16,360 -   learning_rate: 1.572658e-03
2026-06-03 12:19:16,360 -   weight_decay: 7.013220e-05
2026-06-03 12:19:16,360 -   batch_size: 512
2026-06-03 12:19:16,360 -   epochs: 200
2026-06-03 12:20:21,648 - Cross-Validation Results:
2026-06-03 12:20:21,648 -   Mean MCC: 0.5099 ± 0.0215
2026-06-03 12:20:21,648 -   Fold MCCs: ['0.4759', '0.5305', '0.5306', '0.4946', '0.5179']
2026-06-03 12:20:21,648 -   Fold Best Epochs: [9, 8, 8, 8, 9]
2026-06-03 12:20:21,649 -   Recommended Final Epochs (median): 8
2026-06-03 12:20:21,650 - 
============================================================
2026-06-03 12:20:21,650 - Trial 5
2026-06-03 12:20:21,651 - ============================================================
2026-06-03 12:20:21,651 - Hyperparameters:
2026-06-03 12:20:21,651 -   learning_rate: 1.222907e-04
2026-06-03 12:20:21,651 -   weight_decay: 4.556672e-05
2026-06-03 12:20:21,651 -   batch_size: 64
2026-06-03 12:20:21,651 -   epochs: 200
2026-06-03 12:22:19,883 - Cross-Validation Results:
2026-06-03 12:22:19,883 -   Mean MCC: 0.5509 ± 0.0299
2026-06-03 12:22:19,884 -   Fold MCCs: ['0.5229', '0.5561', '0.5819', '0.5103', '0.5835']
2026-06-03 12:22:19,884 -   Fold Best Epochs: [9, 15, 9, 12, 9]
2026-06-03 12:22:19,884 -   Recommended Final Epochs (median): 9
2026-06-03 12:22:19,886 - 
============================================================
2026-06-03 12:22:19,886 - Trial 6
2026-06-03 12:22:19,886 - ============================================================
2026-06-03 12:22:19,886 - Hyperparameters:
2026-06-03 12:22:19,886 -   learning_rate: 2.954895e-04
2026-06-03 12:22:19,886 -   weight_decay: 2.807908e-04
2026-06-03 12:22:19,886 -   batch_size: 64
2026-06-03 12:22:19,886 -   epochs: 200
2026-06-03 12:23:51,040 - Cross-Validation Results:
2026-06-03 12:23:51,040 -   Mean MCC: 0.5271 ± 0.0345
2026-06-03 12:23:51,040 -   Fold MCCs: ['0.4675', '0.5145', '0.5618', '0.5331', '0.5586']
2026-06-03 12:23:51,040 -   Fold Best Epochs: [6, 7, 7, 7, 6]
2026-06-03 12:23:51,040 -   Recommended Final Epochs (median): 7
2026-06-03 12:23:51,043 - 
============================================================
2026-06-03 12:23:51,043 - Trial 7
2026-06-03 12:23:51,043 - ============================================================
2026-06-03 12:23:51,043 - Hyperparameters:
2026-06-03 12:23:51,043 -   learning_rate: 6.173405e-04
2026-06-03 12:23:51,043 -   weight_decay: 1.741413e-06
2026-06-03 12:23:51,043 -   batch_size: 64
2026-06-03 12:23:51,043 -   epochs: 200
2026-06-03 12:25:03,760 - Cross-Validation Results:
2026-06-03 12:25:03,761 -   Mean MCC: 0.5329 ± 0.0278
2026-06-03 12:25:03,761 -   Fold MCCs: ['0.4818', '0.5377', '0.5531', '0.5303', '0.5614']
2026-06-03 12:25:03,761 -   Fold Best Epochs: [5, 5, 3, 5, 7]
2026-06-03 12:25:03,761 -   Recommended Final Epochs (median): 5
2026-06-03 12:25:03,763 - 
============================================================
2026-06-03 12:25:03,763 - Trial 8
2026-06-03 12:25:03,763 - ============================================================
2026-06-03 12:25:03,763 - Hyperparameters:
2026-06-03 12:25:03,763 -   learning_rate: 2.849988e-05
2026-06-03 12:25:03,763 -   weight_decay: 1.908917e-04
2026-06-03 12:25:03,763 -   batch_size: 64
2026-06-03 12:25:03,763 -   epochs: 200
2026-06-03 12:28:35,076 - Cross-Validation Results:
2026-06-03 12:28:35,076 -   Mean MCC: 0.5507 ± 0.0257
2026-06-03 12:28:35,076 -   Fold MCCs: ['0.5060', '0.5444', '0.5836', '0.5565', '0.5629']
2026-06-03 12:28:35,076 -   Fold Best Epochs: [21, 23, 28, 27, 22]
2026-06-03 12:28:35,076 -   Recommended Final Epochs (median): 23
2026-06-03 12:28:35,079 - 
============================================================
2026-06-03 12:28:35,079 - Trial 9
2026-06-03 12:28:35,079 - ============================================================
2026-06-03 12:28:35,079 - Hyperparameters:
2026-06-03 12:28:35,079 -   learning_rate: 4.096692e-04
2026-06-03 12:28:35,079 -   weight_decay: 1.030781e-05
2026-06-03 12:28:35,079 -   batch_size: 512
2026-06-03 12:28:35,079 -   epochs: 200
2026-06-03 12:30:07,246 - Cross-Validation Results:
2026-06-03 12:30:07,246 -   Mean MCC: 0.5310 ± 0.0162
2026-06-03 12:30:07,246 -   Fold MCCs: ['0.5094', '0.5171', '0.5308', '0.5516', '0.5459']
2026-06-03 12:30:07,247 -   Fold Best Epochs: [12, 15, 10, 14, 14]
2026-06-03 12:30:07,247 -   Recommended Final Epochs (median): 14
2026-06-03 12:30:07,249 - 
============================================================
2026-06-03 12:30:07,249 - Trial 10
2026-06-03 12:30:07,249 - ============================================================
2026-06-03 12:30:07,249 - Hyperparameters:
2026-06-03 12:30:07,249 -   learning_rate: 3.570523e-06
2026-06-03 12:30:07,249 -   weight_decay: 6.114056e-06
2026-06-03 12:30:07,249 -   batch_size: 256
2026-06-03 12:30:07,249 -   epochs: 200
2026-06-03 12:32:04,139 - Cross-Validation Results:
2026-06-03 12:32:04,140 -   Mean MCC: 0.1198 ± 0.1167
2026-06-03 12:32:04,140 -   Fold MCCs: ['0.1020', '0.1172', '0.3205', '-0.0455', '0.1049']
2026-06-03 12:32:04,140 -   Fold Best Epochs: [6, 4, 58, 3, 8]
2026-06-03 12:32:04,140 -   Recommended Final Epochs (median): 6
2026-06-03 12:32:04,145 - 
============================================================
2026-06-03 12:32:04,145 - Trial 11
2026-06-03 12:32:04,145 - ============================================================
2026-06-03 12:32:04,145 - Hyperparameters:
2026-06-03 12:32:04,146 -   learning_rate: 1.623762e-05
2026-06-03 12:32:04,146 -   weight_decay: 8.147833e-03
2026-06-03 12:32:04,146 -   batch_size: 128
2026-06-03 12:32:04,146 -   epochs: 200
2026-06-03 12:36:44,239 - Cross-Validation Results:
2026-06-03 12:36:44,240 -   Mean MCC: 0.5415 ± 0.0302
2026-06-03 12:36:44,240 -   Fold MCCs: ['0.4882', '0.5656', '0.5445', '0.5351', '0.5743']
2026-06-03 12:36:44,240 -   Fold Best Epochs: [35, 56, 42, 53, 35]
2026-06-03 12:36:44,240 -   Recommended Final Epochs (median): 42
2026-06-03 12:36:44,246 - 
============================================================
2026-06-03 12:36:44,246 - Trial 12
2026-06-03 12:36:44,246 - ============================================================
2026-06-03 12:36:44,246 - Hyperparameters:
2026-06-03 12:36:44,246 -   learning_rate: 8.366103e-05
2026-06-03 12:36:44,246 -   weight_decay: 8.586842e-04
2026-06-03 12:36:44,246 -   batch_size: 32
2026-06-03 12:36:44,246 -   epochs: 200
2026-06-03 12:40:05,781 - Cross-Validation Results:
2026-06-03 12:40:05,781 -   Mean MCC: 0.5481 ± 0.0277
2026-06-03 12:40:05,781 -   Fold MCCs: ['0.4943', '0.5651', '0.5685', '0.5492', '0.5632']
2026-06-03 12:40:05,781 -   Fold Best Epochs: [10, 13, 9, 13, 8]
2026-06-03 12:40:05,781 -   Recommended Final Epochs (median): 10
2026-06-03 12:40:05,788 - 
============================================================
2026-06-03 12:40:05,788 - Trial 13
2026-06-03 12:40:05,788 - ============================================================
2026-06-03 12:40:05,788 - Hyperparameters:
2026-06-03 12:40:05,788 -   learning_rate: 7.533454e-05
2026-06-03 12:40:05,788 -   weight_decay: 3.659912e-05
2026-06-03 12:40:05,788 -   batch_size: 256
2026-06-03 12:40:05,788 -   epochs: 200
2026-06-03 12:42:12,836 - Cross-Validation Results:
2026-06-03 12:42:12,836 -   Mean MCC: 0.5533 ± 0.0231
2026-06-03 12:42:12,836 -   Fold MCCs: ['0.5188', '0.5467', '0.5910', '0.5525', '0.5573']
2026-06-03 12:42:12,836 -   Fold Best Epochs: [18, 28, 31, 25, 24]
2026-06-03 12:42:12,836 -   Recommended Final Epochs (median): 25
2026-06-03 12:42:12,841 - 
============================================================
2026-06-03 12:42:12,841 - Trial 14
2026-06-03 12:42:12,841 - ============================================================
2026-06-03 12:42:12,841 - Hyperparameters:
2026-06-03 12:42:12,841 -   learning_rate: 1.674672e-05
2026-06-03 12:42:12,842 -   weight_decay: 8.514242e-04
2026-06-03 12:42:12,842 -   batch_size: 256
2026-06-03 12:42:12,842 -   epochs: 200
2026-06-03 12:45:53,212 - Cross-Validation Results:
2026-06-03 12:45:53,213 -   Mean MCC: 0.5234 ± 0.0341
2026-06-03 12:45:53,213 -   Fold MCCs: ['0.4602', '0.5176', '0.5487', '0.5350', '0.5553']
2026-06-03 12:45:53,213 -   Fold Best Epochs: [33, 43, 42, 67, 45]
2026-06-03 12:45:53,213 -   Recommended Final Epochs (median): 43
2026-06-03 12:45:53,218 - 
============================================================
2026-06-03 12:45:53,218 - Trial 15
2026-06-03 12:45:53,218 - ============================================================
2026-06-03 12:45:53,218 - Hyperparameters:
2026-06-03 12:45:53,218 -   learning_rate: 9.927947e-03
2026-06-03 12:45:53,218 -   weight_decay: 1.841378e-05
2026-06-03 12:45:53,218 -   batch_size: 256
2026-06-03 12:45:53,218 -   epochs: 200
2026-06-03 12:46:27,331 - Cross-Validation Results:
2026-06-03 12:46:27,331 -   Mean MCC: 0.0000 ± 0.0000
2026-06-03 12:46:27,331 -   Fold MCCs: ['0.0000', '0.0000', '0.0000', '0.0000', '0.0000']
2026-06-03 12:46:27,331 -   Fold Best Epochs: [1, 1, 1, 1, 1]
2026-06-03 12:46:27,331 -   Recommended Final Epochs (median): 1
2026-06-03 12:46:27,336 - 
============================================================
2026-06-03 12:46:27,337 - Trial 16
2026-06-03 12:46:27,337 - ============================================================
2026-06-03 12:46:27,337 - Hyperparameters:
2026-06-03 12:46:27,337 -   learning_rate: 6.231025e-05
2026-06-03 12:46:27,337 -   weight_decay: 1.908036e-03
2026-06-03 12:46:27,337 -   batch_size: 256
2026-06-03 12:46:27,337 -   epochs: 200
2026-06-03 12:49:30,410 - Cross-Validation Results:
2026-06-03 12:49:30,410 -   Mean MCC: 0.5540 ± 0.0213
2026-06-03 12:49:30,410 -   Fold MCCs: ['0.5216', '0.5384', '0.5804', '0.5691', '0.5607']
2026-06-03 12:49:30,410 -   Fold Best Epochs: [22, 25, 25, 40, 32]
2026-06-03 12:49:30,411 -   Recommended Final Epochs (median): 25
2026-06-03 12:49:30,417 - 
============================================================
2026-06-03 12:49:30,417 - Trial 17
2026-06-03 12:49:30,417 - ============================================================
2026-06-03 12:49:30,417 - Hyperparameters:
2026-06-03 12:49:30,417 -   learning_rate: 5.756099e-06
2026-06-03 12:49:30,417 -   weight_decay: 1.695333e-03
2026-06-03 12:49:30,417 -   batch_size: 256
2026-06-03 12:49:30,417 -   epochs: 200
2026-06-03 12:53:22,421 - Cross-Validation Results:
2026-06-03 12:53:22,422 -   Mean MCC: 0.2101 ± 0.2198
2026-06-03 12:53:22,422 -   Fold MCCs: ['0.4307', '0.5125', '0.1190', '-0.0114', '0.0000']
2026-06-03 12:53:22,422 -   Fold Best Epochs: [58, 113, 19, 1, 1]
2026-06-03 12:53:22,422 -   Recommended Final Epochs (median): 19
2026-06-03 12:53:22,428 - 
============================================================
2026-06-03 12:53:22,428 - Trial 18
2026-06-03 12:53:22,428 - ============================================================
2026-06-03 12:53:22,428 - Hyperparameters:
2026-06-03 12:53:22,428 -   learning_rate: 3.500309e-05
2026-06-03 12:53:22,429 -   weight_decay: 2.603109e-03
2026-06-03 12:53:22,429 -   batch_size: 32
2026-06-03 12:53:22,429 -   epochs: 200
2026-06-03 12:58:25,969 - Cross-Validation Results:
2026-06-03 12:58:25,969 -   Mean MCC: 0.5697 ± 0.0131
2026-06-03 12:58:25,969 -   Fold MCCs: ['0.5596', '0.5710', '0.5822', '0.5507', '0.5848']
2026-06-03 12:58:25,970 -   Fold Best Epochs: [18, 23, 18, 23, 14]
2026-06-03 12:58:25,970 -   Recommended Final Epochs (median): 18
2026-06-03 12:58:25,975 - 
============================================================
2026-06-03 12:58:25,975 - Trial 19
2026-06-03 12:58:25,975 - ============================================================
2026-06-03 12:58:25,975 - Hyperparameters:
2026-06-03 12:58:25,975 -   learning_rate: 6.725722e-06
2026-06-03 12:58:25,975 -   weight_decay: 2.322712e-04
2026-06-03 12:58:25,975 -   batch_size: 32
2026-06-03 12:58:25,975 -   epochs: 200
2026-06-03 13:08:44,976 - Cross-Validation Results:
2026-06-03 13:08:44,977 -   Mean MCC: 0.5114 ± 0.0580
2026-06-03 13:08:44,978 -   Fold MCCs: ['0.4557', '0.5767', '0.5650', '0.4318', '0.5279']
2026-06-03 13:08:44,978 -   Fold Best Epochs: [30, 55, 66, 23, 46]
2026-06-03 13:08:44,978 -   Recommended Final Epochs (median): 46
2026-06-03 13:08:44,984 - 
============================================================
2026-06-03 13:08:44,984 - Trial 20
2026-06-03 13:08:44,984 - ============================================================
2026-06-03 13:08:44,984 - Hyperparameters:
2026-06-03 13:08:44,984 -   learning_rate: 2.024016e-04
2026-06-03 13:08:44,984 -   weight_decay: 2.920496e-03
2026-06-03 13:08:44,984 -   batch_size: 32
2026-06-03 13:08:44,984 -   epochs: 200
2026-06-03 13:11:14,430 - Cross-Validation Results:
2026-06-03 13:11:14,430 -   Mean MCC: 0.5218 ± 0.0165
2026-06-03 13:11:14,430 -   Fold MCCs: ['0.5228', '0.5170', '0.4947', '0.5296', '0.5452']
2026-06-03 13:11:14,430 -   Fold Best Epochs: [10, 6, 5, 7, 6]
2026-06-03 13:11:14,430 -   Recommended Final Epochs (median): 6
2026-06-03 13:11:14,432 - 
======================================================================
2026-06-03 13:11:14,432 - OPTIMIZATION COMPLETED
2026-06-03 13:11:14,432 - ======================================================================
2026-06-03 13:11:14,434 - 
Number of finished trials: 20
2026-06-03 13:11:14,435 - Best trial: 18
2026-06-03 13:11:14,435 - Best MCC: 0.5697
2026-06-03 13:11:14,435 - 
Best hyperparameters:
2026-06-03 13:11:14,435 -   learning_rate: 3.500309e-05
2026-06-03 13:11:14,435 -   weight_decay: 2.603109e-03
2026-06-03 13:11:14,435 -   batch_size: 32
2026-06-03 13:11:14,435 - 
Recommended epochs for final training:
2026-06-03 13:11:14,436 -   Median of best epochs across folds: 18
2026-06-03 13:11:14,436 -   Best epochs per fold: [18, 23, 18, 23, 14]
2026-06-03 13:11:14,438 - 
Results saved to: bayesian_optimization/best_params_20260603_121514.json
2026-06-03 13:11:14,441 - All trials saved to: bayesian_optimization/all_trials_20260603_121514.json
2026-06-03 13:11:14,774 - 
Parameter Importance:
2026-06-03 13:11:14,774 -   learning_rate: 0.7767
2026-06-03 13:11:14,774 -   weight_decay: 0.1707
2026-06-03 13:11:14,774 -   batch_size: 0.0526
2026-06-03 13:11:14,807 - 
======================================================================
2026-06-03 13:11:14,808 - To use the best hyperparameters for final training:
2026-06-03 13:11:14,808 - ======================================================================
2026-06-03 13:11:14,808 -   batch_size = 32
2026-06-03 13:11:14,808 -   lr = 3.500309e-05
2026-06-03 13:11:14,808 -   weight_decay = 2.603109e-03
2026-06-03 13:11:14,808 -   epochs = 18  (median of best epochs across CV folds)
