2026-06-03 13:25:20,114 - ==============================
2026-06-03 13:25:20,115 - PLM Graph Model Training
2026-06-03 13:25:20,115 - ==============================
2026-06-03 13:25:20,115 - Hyperparameters:
2026-06-03 13:25:20,115 - Batch Size: 32
2026-06-03 13:25:20,115 - Learning Rate: 3.500309e-05
2026-06-03 13:25:20,115 - Weight Decay: 0.002603109
2026-06-03 13:25:20,115 - Epochs: 18
2026-06-03 13:25:20,115 - Node Feature Dimension: 1280
2026-06-03 13:25:20,115 - Sequence Feature Dimension: 21 (20 AA + 1 X)
2026-06-03 13:25:20,115 - Hidden Dimension: 128
2026-06-03 13:25:20,115 - ==============================
2026-06-03 13:25:20,115 - Loading training data from data/train_embedding_graph.pt...
2026-06-03 13:25:26,592 - Epoch 1/18 - LR: 3.50031e-05 - Train Loss: 0.698
2026-06-03 13:25:29,448 - Epoch 2/18 - LR: 3.50031e-05 - Train Loss: 0.692
2026-06-03 13:25:32,545 - Epoch 3/18 - LR: 3.50031e-05 - Train Loss: 0.684
2026-06-03 13:25:35,565 - Epoch 4/18 - LR: 3.50031e-05 - Train Loss: 0.642
2026-06-03 13:25:38,930 - Epoch 5/18 - LR: 3.50031e-05 - Train Loss: 0.584
2026-06-03 13:25:42,214 - Epoch 6/18 - LR: 3.50031e-05 - Train Loss: 0.565
2026-06-03 13:25:45,186 - Epoch 7/18 - LR: 3.50031e-05 - Train Loss: 0.543
2026-06-03 13:25:48,477 - Epoch 8/18 - LR: 3.50031e-05 - Train Loss: 0.534
2026-06-03 13:25:51,663 - Epoch 9/18 - LR: 3.50031e-05 - Train Loss: 0.513
2026-06-03 13:25:54,801 - Epoch 10/18 - LR: 3.50031e-05 - Train Loss: 0.499
2026-06-03 13:25:58,258 - Epoch 11/18 - LR: 3.50031e-05 - Train Loss: 0.480
2026-06-03 13:26:01,318 - Epoch 12/18 - LR: 3.50031e-05 - Train Loss: 0.473
2026-06-03 13:26:04,682 - Epoch 13/18 - LR: 3.50031e-05 - Train Loss: 0.457
2026-06-03 13:26:08,181 - Epoch 14/18 - LR: 3.50031e-05 - Train Loss: 0.454
2026-06-03 13:26:11,337 - Epoch 15/18 - LR: 3.50031e-05 - Train Loss: 0.439
2026-06-03 13:26:14,756 - Epoch 16/18 - LR: 3.50031e-05 - Train Loss: 0.418
2026-06-03 13:26:18,213 - Epoch 17/18 - LR: 3.50031e-05 - Train Loss: 0.413
2026-06-03 13:26:21,279 - Epoch 18/18 - LR: 3.50031e-05 - Train Loss: 0.399
2026-06-03 13:26:21,293 - Model saved to ./models/final_model.pth
2026-06-03 13:26:21,589 - Saved loss curve: ./models/training_loss.png
2026-06-03 13:26:21,589 - ==============================
2026-06-03 13:26:21,589 - Evaluating on test set...
2026-06-03 13:26:21,828 - Test Metrics:
2026-06-03 13:26:21,828 - MCC       : 0.634
2026-06-03 13:26:21,828 - SN        : 0.849
2026-06-03 13:26:21,828 - SP        : 0.784
2026-06-03 13:26:21,828 - ACC       : 0.816
2026-06-03 13:26:21,828 - BACC      : 0.816
2026-06-03 13:26:21,828 - PRECISION : 0.797
2026-06-03 13:26:21,829 - F1        : 0.822
2026-06-03 13:26:21,829 - AUC       : 0.881
2026-06-03 13:26:21,829 - AUCPR     : 0.887
