2026-06-04 21:29:58,223 - ==============================
2026-06-04 21:29:58,223 - PLM Graph Model Training
2026-06-04 21:29:58,223 - ==============================
2026-06-04 21:29:58,223 - Hyperparameters:
2026-06-04 21:29:58,223 - Batch Size: 32
2026-06-04 21:29:58,223 - Learning Rate: 3.500309e-05
2026-06-04 21:29:58,223 - Weight Decay: 0.002603109
2026-06-04 21:29:58,223 - Epochs: 18
2026-06-04 21:29:58,223 - Node Feature Dimension: 1280
2026-06-04 21:29:58,223 - Sequence Feature Dimension: 21 (20 AA + 1 X)
2026-06-04 21:29:58,223 - Hidden Dimension: 128
2026-06-04 21:29:58,223 - ==============================
2026-06-04 21:29:58,223 - Loading training data from data/train_embedding_graph.pt...
2026-06-04 21:30:05,943 - Epoch 1/18 - Train Loss: 0.690
2026-06-04 21:30:10,695 - Epoch 2/18 - Train Loss: 0.626
2026-06-04 21:30:14,909 - Epoch 3/18 - Train Loss: 0.562
2026-06-04 21:30:19,064 - Epoch 4/18 - Train Loss: 0.533
2026-06-04 21:30:24,058 - Epoch 5/18 - Train Loss: 0.510
2026-06-04 21:30:27,859 - Epoch 6/18 - Train Loss: 0.479
2026-06-04 21:30:31,851 - Epoch 7/18 - Train Loss: 0.457
2026-06-04 21:30:36,496 - Epoch 8/18 - Train Loss: 0.446
2026-06-04 21:30:41,074 - Epoch 9/18 - Train Loss: 0.419
2026-06-04 21:30:44,917 - Epoch 10/18 - Train Loss: 0.404
2026-06-04 21:30:48,905 - Epoch 11/18 - Train Loss: 0.398
2026-06-04 21:30:53,063 - Epoch 12/18 - Train Loss: 0.380
2026-06-04 21:30:57,237 - Epoch 13/18 - Train Loss: 0.365
2026-06-04 21:31:01,820 - Epoch 14/18 - Train Loss: 0.346
2026-06-04 21:31:06,876 - Epoch 15/18 - Train Loss: 0.335
2026-06-04 21:31:11,354 - Epoch 16/18 - Train Loss: 0.311
2026-06-04 21:31:14,324 - Epoch 17/18 - Train Loss: 0.303
2026-06-04 21:31:17,423 - Epoch 18/18 - Train Loss: 0.288
2026-06-04 21:31:17,447 - Model saved to ./graphpooling/final_model.pth
2026-06-04 21:31:17,707 - Saved loss curve: ./graphpooling/training_loss.png
2026-06-04 21:31:17,707 - ==============================
2026-06-04 21:31:17,707 - Evaluating on test set...
2026-06-04 21:31:17,995 - Test Metrics:
2026-06-04 21:31:17,995 - MCC       : 0.610
2026-06-04 21:31:17,995 - SN        : 0.841
2026-06-04 21:31:17,995 - SP        : 0.767
2026-06-04 21:31:17,995 - ACC       : 0.804
2026-06-04 21:31:17,995 - BACC      : 0.804
2026-06-04 21:31:17,995 - PRECISION : 0.783
2026-06-04 21:31:17,995 - F1        : 0.811
2026-06-04 21:31:17,995 - AUC       : 0.864
2026-06-04 21:31:17,995 - AUCPR     : 0.858
