2026-04-16 16:01:37,896 - ==============================
2026-04-16 16:01:37,896 - PLM Graph Model Training
2026-04-16 16:01:37,896 - ==============================
2026-04-16 16:01:37,896 - Hyperparameters:
2026-04-16 16:01:37,896 - Batch Size: 128
2026-04-16 16:01:37,896 - Learning Rate: 5e-05
2026-04-16 16:01:37,896 - Weight Decay: 0.01
2026-04-16 16:01:37,896 - Epochs: 200
2026-04-16 16:01:37,896 - K-Folds: 5
2026-04-16 16:01:37,896 - Patience: 5
2026-04-16 16:01:37,896 - Early Stop Metric: MCC
2026-04-16 16:01:37,896 - Node Feature Dimension: 1280
2026-04-16 16:01:37,896 - Sequence Feature Dimension: 21 (20 AA + 1 X)
2026-04-16 16:01:37,896 - Hidden Dimension: 128
2026-04-16 16:01:37,896 - LR Scheduler: ReduceLROnPlateau(factor=0.5, patience=3, min_lr=1e-06)
2026-04-16 16:01:37,896 - ==============================
2026-04-16 16:01:37,896 - Loading training data from data/train_embedding_graph.pt...
2026-04-16 16:01:40,514 - ===== Fold 1/5 =====
2026-04-16 16:01:42,476 - Epoch 1/200 - LR: 5e-05 - Train Loss: 0.6941 - Val Loss: 0.6864
2026-04-16 16:01:43,661 - Epoch 2/200 - LR: 5e-05 - Train Loss: 0.6933 - Val Loss: 0.6793
2026-04-16 16:01:44,733 - Epoch 3/200 - LR: 5e-05 - Train Loss: 0.6881 - Val Loss: 0.6619
2026-04-16 16:01:45,974 - Epoch 4/200 - LR: 5e-05 - Train Loss: 0.6774 - Val Loss: 0.6244
2026-04-16 16:01:47,123 - Epoch 5/200 - LR: 5e-05 - Train Loss: 0.6446 - Val Loss: 0.5803
2026-04-16 16:01:48,480 - Epoch 6/200 - LR: 5e-05 - Train Loss: 0.6055 - Val Loss: 0.5510
2026-04-16 16:01:49,520 - Epoch 7/200 - LR: 5e-05 - Train Loss: 0.5809 - Val Loss: 0.5412
2026-04-16 16:01:50,543 - Epoch 8/200 - LR: 5e-05 - Train Loss: 0.5663 - Val Loss: 0.5336
2026-04-16 16:01:51,617 - Epoch 9/200 - LR: 5e-05 - Train Loss: 0.5555 - Val Loss: 0.5188
2026-04-16 16:01:52,655 - Epoch 10/200 - LR: 5e-05 - Train Loss: 0.5204 - Val Loss: 0.5067
2026-04-16 16:01:53,682 - Epoch 11/200 - LR: 5e-05 - Train Loss: 0.5194 - Val Loss: 0.5040
2026-04-16 16:01:54,712 - Epoch 12/200 - LR: 5e-05 - Train Loss: 0.5026 - Val Loss: 0.4997
2026-04-16 16:01:55,720 - Epoch 13/200 - LR: 5e-05 - Train Loss: 0.4957 - Val Loss: 0.4977
2026-04-16 16:01:56,951 - Epoch 14/200 - LR: 5e-05 - Train Loss: 0.4703 - Val Loss: 0.4921
2026-04-16 16:01:58,018 - Epoch 15/200 - LR: 5e-05 - Train Loss: 0.4633 - Val Loss: 0.5073
2026-04-16 16:01:59,005 - Epoch 16/200 - LR: 5e-05 - Train Loss: 0.4609 - Val Loss: 0.5016
2026-04-16 16:02:00,016 - Epoch 17/200 - LR: 5e-05 - Train Loss: 0.4399 - Val Loss: 0.4971
2026-04-16 16:02:01,077 - Epoch 18/200 - LR: 5e-05 - Train Loss: 0.4419 - Val Loss: 0.4966
2026-04-16 16:02:02,155 - Epoch 19/200 - LR: 2.5e-05 - Train Loss: 0.4369 - Val Loss: 0.4930
2026-04-16 16:02:02,155 - Early stopping at epoch 19 (best MCC=0.5928)
2026-04-16 16:02:02,364 - Saved loss curve: ./models_graphpooling/fold_1.png
2026-04-16 16:02:02,364 - Fold 1 Best Metrics:
2026-04-16 16:02:02,364 - MCC       : 0.5928
2026-04-16 16:02:02,364 - SN        : 0.8368
2026-04-16 16:02:02,364 - SP        : 0.7540
2026-04-16 16:02:02,364 - ACC       : 0.7954
2026-04-16 16:02:02,364 - BACC      : 0.7954
2026-04-16 16:02:02,364 - PRECISION : 0.7728
2026-04-16 16:02:02,364 - F1        : 0.8035
2026-04-16 16:02:02,364 - AUC       : 0.8578
2026-04-16 16:02:02,364 - AUCPR     : 0.8389
2026-04-16 16:02:02,364 - ===== Fold 2/5 =====
2026-04-16 16:02:03,487 - Epoch 1/200 - LR: 5e-05 - Train Loss: 0.6957 - Val Loss: 0.6925
2026-04-16 16:02:04,764 - Epoch 2/200 - LR: 5e-05 - Train Loss: 0.6930 - Val Loss: 0.6882
2026-04-16 16:02:06,244 - Epoch 3/200 - LR: 5e-05 - Train Loss: 0.6901 - Val Loss: 0.6773
2026-04-16 16:02:07,701 - Epoch 4/200 - LR: 5e-05 - Train Loss: 0.6812 - Val Loss: 0.6419
2026-04-16 16:02:09,113 - Epoch 5/200 - LR: 5e-05 - Train Loss: 0.6574 - Val Loss: 0.5940
2026-04-16 16:02:10,506 - Epoch 6/200 - LR: 5e-05 - Train Loss: 0.6145 - Val Loss: 0.5587
2026-04-16 16:02:11,908 - Epoch 7/200 - LR: 5e-05 - Train Loss: 0.5820 - Val Loss: 0.5510
2026-04-16 16:02:13,338 - Epoch 8/200 - LR: 5e-05 - Train Loss: 0.5651 - Val Loss: 0.5154
2026-04-16 16:02:14,766 - Epoch 9/200 - LR: 5e-05 - Train Loss: 0.5512 - Val Loss: 0.4965
2026-04-16 16:02:16,189 - Epoch 10/200 - LR: 5e-05 - Train Loss: 0.5271 - Val Loss: 0.4944
2026-04-16 16:02:17,683 - Epoch 11/200 - LR: 5e-05 - Train Loss: 0.5163 - Val Loss: 0.4854
2026-04-16 16:02:19,169 - Epoch 12/200 - LR: 5e-05 - Train Loss: 0.5037 - Val Loss: 0.5053
2026-04-16 16:02:20,651 - Epoch 13/200 - LR: 5e-05 - Train Loss: 0.4862 - Val Loss: 0.5090
2026-04-16 16:02:22,095 - Epoch 14/200 - LR: 5e-05 - Train Loss: 0.4872 - Val Loss: 0.4884
2026-04-16 16:02:23,523 - Epoch 15/200 - LR: 5e-05 - Train Loss: 0.4744 - Val Loss: 0.4745
2026-04-16 16:02:24,939 - Epoch 16/200 - LR: 2.5e-05 - Train Loss: 0.4611 - Val Loss: 0.4815
2026-04-16 16:02:26,547 - Epoch 17/200 - LR: 2.5e-05 - Train Loss: 0.4461 - Val Loss: 0.4817
2026-04-16 16:02:28,016 - Epoch 18/200 - LR: 2.5e-05 - Train Loss: 0.4436 - Val Loss: 0.4861
2026-04-16 16:02:29,528 - Epoch 19/200 - LR: 2.5e-05 - Train Loss: 0.4316 - Val Loss: 0.4871
2026-04-16 16:02:31,122 - Epoch 20/200 - LR: 2.5e-05 - Train Loss: 0.4364 - Val Loss: 0.4966
2026-04-16 16:02:32,700 - Epoch 21/200 - LR: 2.5e-05 - Train Loss: 0.4523 - Val Loss: 0.4799
2026-04-16 16:02:34,107 - Epoch 22/200 - LR: 1.25e-05 - Train Loss: 0.4177 - Val Loss: 0.4805
2026-04-16 16:02:34,107 - Early stopping at epoch 22 (best MCC=0.5952)
2026-04-16 16:02:34,295 - Saved loss curve: ./models_graphpooling/fold_2.png
2026-04-16 16:02:34,295 - Fold 2 Best Metrics:
2026-04-16 16:02:34,295 - MCC       : 0.5952
2026-04-16 16:02:34,295 - SN        : 0.8115
2026-04-16 16:02:34,295 - SP        : 0.7834
2026-04-16 16:02:34,296 - ACC       : 0.7975
2026-04-16 16:02:34,296 - BACC      : 0.7975
2026-04-16 16:02:34,296 - PRECISION : 0.7897
2026-04-16 16:02:34,296 - F1        : 0.8005
2026-04-16 16:02:34,296 - AUC       : 0.8644
2026-04-16 16:02:34,296 - AUCPR     : 0.8620
2026-04-16 16:02:34,296 - ===== Fold 3/5 =====
2026-04-16 16:02:35,746 - Epoch 1/200 - LR: 5e-05 - Train Loss: 0.6964 - Val Loss: 0.6908
2026-04-16 16:02:37,169 - Epoch 2/200 - LR: 5e-05 - Train Loss: 0.6899 - Val Loss: 0.6809
2026-04-16 16:02:38,574 - Epoch 3/200 - LR: 5e-05 - Train Loss: 0.6870 - Val Loss: 0.6638
2026-04-16 16:02:40,017 - Epoch 4/200 - LR: 5e-05 - Train Loss: 0.6762 - Val Loss: 0.6290
2026-04-16 16:02:41,586 - Epoch 5/200 - LR: 5e-05 - Train Loss: 0.6468 - Val Loss: 0.5914
2026-04-16 16:02:42,935 - Epoch 6/200 - LR: 5e-05 - Train Loss: 0.6024 - Val Loss: 0.5683
2026-04-16 16:02:43,845 - Epoch 7/200 - LR: 5e-05 - Train Loss: 0.5784 - Val Loss: 0.5512
2026-04-16 16:02:44,765 - Epoch 8/200 - LR: 5e-05 - Train Loss: 0.5658 - Val Loss: 0.5554
2026-04-16 16:02:45,755 - Epoch 9/200 - LR: 5e-05 - Train Loss: 0.5429 - Val Loss: 0.5402
2026-04-16 16:02:46,754 - Epoch 10/200 - LR: 5e-05 - Train Loss: 0.5314 - Val Loss: 0.5415
2026-04-16 16:02:47,768 - Epoch 11/200 - LR: 5e-05 - Train Loss: 0.5244 - Val Loss: 0.5415
2026-04-16 16:02:48,777 - Epoch 12/200 - LR: 5e-05 - Train Loss: 0.4913 - Val Loss: 0.5323
2026-04-16 16:02:49,735 - Epoch 13/200 - LR: 5e-05 - Train Loss: 0.4927 - Val Loss: 0.5324
2026-04-16 16:02:50,683 - Epoch 14/200 - LR: 5e-05 - Train Loss: 0.4846 - Val Loss: 0.5329
2026-04-16 16:02:51,980 - Epoch 15/200 - LR: 5e-05 - Train Loss: 0.4671 - Val Loss: 0.5442
2026-04-16 16:02:53,421 - Epoch 16/200 - LR: 5e-05 - Train Loss: 0.4559 - Val Loss: 0.5433
2026-04-16 16:02:54,862 - Epoch 17/200 - LR: 5e-05 - Train Loss: 0.4590 - Val Loss: 0.5740
2026-04-16 16:02:56,072 - Epoch 18/200 - LR: 5e-05 - Train Loss: 0.4401 - Val Loss: 0.5500
2026-04-16 16:02:57,034 - Epoch 19/200 - LR: 5e-05 - Train Loss: 0.4218 - Val Loss: 0.5502
2026-04-16 16:02:58,060 - Epoch 20/200 - LR: 5e-05 - Train Loss: 0.4062 - Val Loss: 0.5576
2026-04-16 16:02:59,054 - Epoch 21/200 - LR: 5e-05 - Train Loss: 0.4135 - Val Loss: 0.5580
2026-04-16 16:02:59,966 - Epoch 22/200 - LR: 5e-05 - Train Loss: 0.3952 - Val Loss: 0.5542
2026-04-16 16:03:01,074 - Epoch 23/200 - LR: 5e-05 - Train Loss: 0.3868 - Val Loss: 0.5645
2026-04-16 16:03:02,459 - Epoch 24/200 - LR: 5e-05 - Train Loss: 0.3703 - Val Loss: 0.5702
2026-04-16 16:03:03,910 - Epoch 25/200 - LR: 5e-05 - Train Loss: 0.3665 - Val Loss: 0.5860
2026-04-16 16:03:05,360 - Epoch 26/200 - LR: 2.5e-05 - Train Loss: 0.3600 - Val Loss: 0.5827
2026-04-16 16:03:05,360 - Early stopping at epoch 26 (best MCC=0.5467)
2026-04-16 16:03:05,566 - Saved loss curve: ./models_graphpooling/fold_3.png
2026-04-16 16:03:05,566 - Fold 3 Best Metrics:
2026-04-16 16:03:05,566 - MCC       : 0.5467
2026-04-16 16:03:05,566 - SN        : 0.7632
2026-04-16 16:03:05,566 - SP        : 0.7834
2026-04-16 16:03:05,566 - ACC       : 0.7733
2026-04-16 16:03:05,566 - BACC      : 0.7733
2026-04-16 16:03:05,566 - PRECISION : 0.7793
2026-04-16 16:03:05,566 - F1        : 0.7712
2026-04-16 16:03:05,566 - AUC       : 0.8389
2026-04-16 16:03:05,566 - AUCPR     : 0.8270
2026-04-16 16:03:05,567 - ===== Fold 4/5 =====
2026-04-16 16:03:07,000 - Epoch 1/200 - LR: 5e-05 - Train Loss: 0.6943 - Val Loss: 0.6858
2026-04-16 16:03:08,419 - Epoch 2/200 - LR: 5e-05 - Train Loss: 0.6908 - Val Loss: 0.6763
2026-04-16 16:03:09,826 - Epoch 3/200 - LR: 5e-05 - Train Loss: 0.6852 - Val Loss: 0.6480
2026-04-16 16:03:11,237 - Epoch 4/200 - LR: 5e-05 - Train Loss: 0.6600 - Val Loss: 0.6106
2026-04-16 16:03:12,690 - Epoch 5/200 - LR: 5e-05 - Train Loss: 0.6176 - Val Loss: 0.5954
2026-04-16 16:03:14,249 - Epoch 6/200 - LR: 5e-05 - Train Loss: 0.5886 - Val Loss: 0.5867
2026-04-16 16:03:15,668 - Epoch 7/200 - LR: 5e-05 - Train Loss: 0.5686 - Val Loss: 0.5756
2026-04-16 16:03:17,075 - Epoch 8/200 - LR: 5e-05 - Train Loss: 0.5416 - Val Loss: 0.5897
2026-04-16 16:03:18,492 - Epoch 9/200 - LR: 5e-05 - Train Loss: 0.5312 - Val Loss: 0.5719
2026-04-16 16:03:19,801 - Epoch 10/200 - LR: 5e-05 - Train Loss: 0.5240 - Val Loss: 0.5573
2026-04-16 16:03:21,256 - Epoch 11/200 - LR: 5e-05 - Train Loss: 0.5119 - Val Loss: 0.5544
2026-04-16 16:03:22,711 - Epoch 12/200 - LR: 5e-05 - Train Loss: 0.5014 - Val Loss: 0.5576
2026-04-16 16:03:23,689 - Epoch 13/200 - LR: 5e-05 - Train Loss: 0.4835 - Val Loss: 0.5416
2026-04-16 16:03:24,727 - Epoch 14/200 - LR: 5e-05 - Train Loss: 0.4762 - Val Loss: 0.5518
2026-04-16 16:03:25,701 - Epoch 15/200 - LR: 5e-05 - Train Loss: 0.4751 - Val Loss: 0.5520
2026-04-16 16:03:26,679 - Epoch 16/200 - LR: 5e-05 - Train Loss: 0.4584 - Val Loss: 0.5614
2026-04-16 16:03:27,605 - Epoch 17/200 - LR: 5e-05 - Train Loss: 0.4570 - Val Loss: 0.5562
2026-04-16 16:03:28,543 - Epoch 18/200 - LR: 5e-05 - Train Loss: 0.4292 - Val Loss: 0.5320
2026-04-16 16:03:29,527 - Epoch 19/200 - LR: 5e-05 - Train Loss: 0.4311 - Val Loss: 0.5422
2026-04-16 16:03:30,628 - Epoch 20/200 - LR: 5e-05 - Train Loss: 0.4233 - Val Loss: 0.5536
2026-04-16 16:03:31,715 - Epoch 21/200 - LR: 5e-05 - Train Loss: 0.4065 - Val Loss: 0.5382
2026-04-16 16:03:32,663 - Epoch 22/200 - LR: 5e-05 - Train Loss: 0.3938 - Val Loss: 0.5443
2026-04-16 16:03:33,649 - Epoch 23/200 - LR: 5e-05 - Train Loss: 0.3731 - Val Loss: 0.5433
2026-04-16 16:03:34,679 - Epoch 24/200 - LR: 5e-05 - Train Loss: 0.3898 - Val Loss: 0.5437
2026-04-16 16:03:35,703 - Epoch 25/200 - LR: 5e-05 - Train Loss: 0.3773 - Val Loss: 0.5732
2026-04-16 16:03:37,019 - Epoch 26/200 - LR: 2.5e-05 - Train Loss: 0.3553 - Val Loss: 0.5529
2026-04-16 16:03:37,019 - Early stopping at epoch 26 (best MCC=0.5440)
2026-04-16 16:03:37,221 - Saved loss curve: ./models_graphpooling/fold_4.png
2026-04-16 16:03:37,221 - Fold 4 Best Metrics:
2026-04-16 16:03:37,221 - MCC       : 0.5440
2026-04-16 16:03:37,221 - SN        : 0.8456
2026-04-16 16:03:37,221 - SP        : 0.6920
2026-04-16 16:03:37,221 - ACC       : 0.7687
2026-04-16 16:03:37,221 - BACC      : 0.7688
2026-04-16 16:03:37,221 - PRECISION : 0.7325
2026-04-16 16:03:37,221 - F1        : 0.7850
2026-04-16 16:03:37,221 - AUC       : 0.8478
2026-04-16 16:03:37,221 - AUCPR     : 0.8450
2026-04-16 16:03:37,222 - ===== Fold 5/5 =====
2026-04-16 16:03:38,502 - Epoch 1/200 - LR: 5e-05 - Train Loss: 0.7000 - Val Loss: 0.6915
2026-04-16 16:03:39,865 - Epoch 2/200 - LR: 5e-05 - Train Loss: 0.6931 - Val Loss: 0.6895
2026-04-16 16:03:41,182 - Epoch 3/200 - LR: 5e-05 - Train Loss: 0.6886 - Val Loss: 0.6803
2026-04-16 16:03:42,362 - Epoch 4/200 - LR: 5e-05 - Train Loss: 0.6773 - Val Loss: 0.6551
2026-04-16 16:03:43,413 - Epoch 5/200 - LR: 5e-05 - Train Loss: 0.6497 - Val Loss: 0.6291
2026-04-16 16:03:44,857 - Epoch 6/200 - LR: 5e-05 - Train Loss: 0.5996 - Val Loss: 0.6241
2026-04-16 16:03:46,267 - Epoch 7/200 - LR: 5e-05 - Train Loss: 0.5641 - Val Loss: 0.6242
2026-04-16 16:03:47,700 - Epoch 8/200 - LR: 5e-05 - Train Loss: 0.5524 - Val Loss: 0.6153
2026-04-16 16:03:48,673 - Epoch 9/200 - LR: 5e-05 - Train Loss: 0.5393 - Val Loss: 0.6097
2026-04-16 16:03:49,633 - Epoch 10/200 - LR: 5e-05 - Train Loss: 0.5245 - Val Loss: 0.6061
2026-04-16 16:03:50,626 - Epoch 11/200 - LR: 5e-05 - Train Loss: 0.5155 - Val Loss: 0.6259
2026-04-16 16:03:51,563 - Epoch 12/200 - LR: 5e-05 - Train Loss: 0.5029 - Val Loss: 0.6133
2026-04-16 16:03:52,516 - Epoch 13/200 - LR: 5e-05 - Train Loss: 0.4934 - Val Loss: 0.6211
2026-04-16 16:03:53,542 - Epoch 14/200 - LR: 5e-05 - Train Loss: 0.4806 - Val Loss: 0.5996
2026-04-16 16:03:54,533 - Epoch 15/200 - LR: 5e-05 - Train Loss: 0.4824 - Val Loss: 0.5973
2026-04-16 16:03:55,828 - Epoch 16/200 - LR: 5e-05 - Train Loss: 0.4581 - Val Loss: 0.6082
2026-04-16 16:03:57,158 - Epoch 17/200 - LR: 5e-05 - Train Loss: 0.4409 - Val Loss: 0.6086
2026-04-16 16:03:58,590 - Epoch 18/200 - LR: 5e-05 - Train Loss: 0.4307 - Val Loss: 0.5983
2026-04-16 16:03:59,742 - Epoch 19/200 - LR: 5e-05 - Train Loss: 0.4277 - Val Loss: 0.6105
2026-04-16 16:04:00,781 - Epoch 20/200 - LR: 5e-05 - Train Loss: 0.4212 - Val Loss: 0.5986
2026-04-16 16:04:01,713 - Epoch 21/200 - LR: 5e-05 - Train Loss: 0.4198 - Val Loss: 0.5896
2026-04-16 16:04:02,683 - Epoch 22/200 - LR: 5e-05 - Train Loss: 0.4017 - Val Loss: 0.6075
2026-04-16 16:04:03,622 - Epoch 23/200 - LR: 5e-05 - Train Loss: 0.4002 - Val Loss: 0.6128
2026-04-16 16:04:04,560 - Epoch 24/200 - LR: 5e-05 - Train Loss: 0.3946 - Val Loss: 0.6016
2026-04-16 16:04:05,497 - Epoch 25/200 - LR: 5e-05 - Train Loss: 0.3699 - Val Loss: 0.6590
2026-04-16 16:04:06,467 - Epoch 26/200 - LR: 2.5e-05 - Train Loss: 0.3709 - Val Loss: 0.6153
2026-04-16 16:04:07,920 - Epoch 27/200 - LR: 2.5e-05 - Train Loss: 0.3599 - Val Loss: 0.6283
2026-04-16 16:04:09,269 - Epoch 28/200 - LR: 2.5e-05 - Train Loss: 0.3524 - Val Loss: 0.6323
2026-04-16 16:04:10,226 - Epoch 29/200 - LR: 2.5e-05 - Train Loss: 0.3380 - Val Loss: 0.6390
2026-04-16 16:04:11,266 - Epoch 30/200 - LR: 2.5e-05 - Train Loss: 0.3266 - Val Loss: 0.6520
2026-04-16 16:04:12,272 - Epoch 31/200 - LR: 2.5e-05 - Train Loss: 0.3270 - Val Loss: 0.6472
2026-04-16 16:04:13,388 - Epoch 32/200 - LR: 2.5e-05 - Train Loss: 0.3233 - Val Loss: 0.6635
2026-04-16 16:04:14,322 - Epoch 33/200 - LR: 2.5e-05 - Train Loss: 0.3232 - Val Loss: 0.6497
2026-04-16 16:04:15,204 - Epoch 34/200 - LR: 2.5e-05 - Train Loss: 0.3144 - Val Loss: 0.6510
2026-04-16 16:04:16,168 - Epoch 35/200 - LR: 1.25e-05 - Train Loss: 0.3114 - Val Loss: 0.6533
2026-04-16 16:04:17,579 - Epoch 36/200 - LR: 1.25e-05 - Train Loss: 0.3147 - Val Loss: 0.6466
2026-04-16 16:04:19,014 - Epoch 37/200 - LR: 1.25e-05 - Train Loss: 0.2990 - Val Loss: 0.6593
2026-04-16 16:04:20,591 - Epoch 38/200 - LR: 1.25e-05 - Train Loss: 0.2985 - Val Loss: 0.6628
2026-04-16 16:04:21,675 - Epoch 39/200 - LR: 1.25e-05 - Train Loss: 0.2911 - Val Loss: 0.6781
2026-04-16 16:04:22,663 - Epoch 40/200 - LR: 1.25e-05 - Train Loss: 0.2930 - Val Loss: 0.6782
2026-04-16 16:04:23,647 - Epoch 41/200 - LR: 1.25e-05 - Train Loss: 0.2918 - Val Loss: 0.6887
2026-04-16 16:04:24,640 - Epoch 42/200 - LR: 1.25e-05 - Train Loss: 0.2955 - Val Loss: 0.6677
2026-04-16 16:04:25,632 - Epoch 43/200 - LR: 6.25e-06 - Train Loss: 0.2969 - Val Loss: 0.6720
2026-04-16 16:04:25,632 - Early stopping at epoch 43 (best MCC=0.5329)
2026-04-16 16:04:25,838 - Saved loss curve: ./models_graphpooling/fold_5.png
2026-04-16 16:04:25,838 - Fold 5 Best Metrics:
2026-04-16 16:04:25,838 - MCC       : 0.5329
2026-04-16 16:04:25,838 - SN        : 0.7558
2026-04-16 16:04:25,838 - SP        : 0.7770
2026-04-16 16:04:25,838 - ACC       : 0.7664
2026-04-16 16:04:25,838 - BACC      : 0.7664
2026-04-16 16:04:25,838 - PRECISION : 0.7718
2026-04-16 16:04:25,838 - F1        : 0.7637
2026-04-16 16:04:25,838 - AUC       : 0.8306
2026-04-16 16:04:25,838 - AUCPR     : 0.8268
2026-04-16 16:04:25,838 - ==============================
2026-04-16 16:04:25,838 - Cross-Validation Results:
2026-04-16 16:04:25,838 - MCC       : 0.5623 ± 0.0263
2026-04-16 16:04:25,839 - SN        : 0.8026 ± 0.0370
2026-04-16 16:04:25,839 - SP        : 0.7580 ± 0.0347
2026-04-16 16:04:25,839 - ACC       : 0.7803 ± 0.0134
2026-04-16 16:04:25,839 - BACC      : 0.7803 ± 0.0134
2026-04-16 16:04:25,839 - PRECISION : 0.7692 ± 0.0194
2026-04-16 16:04:25,839 - F1        : 0.7848 ± 0.0157
2026-04-16 16:04:25,839 - AUC       : 0.8479 ± 0.0123
2026-04-16 16:04:25,839 - AUCPR     : 0.8399 ± 0.0131
2026-04-16 16:04:25,839 - ==============================
2026-04-16 16:04:25,839 - Evaluating ensemble on test set...
2026-04-16 16:04:26,392 - Final Test Metrics (Ensemble):
2026-04-16 16:04:26,392 - MCC       : 0.6205
2026-04-16 16:04:26,392 - SN        : 0.8041
2026-04-16 16:04:26,392 - SP        : 0.8163
2026-04-16 16:04:26,392 - ACC       : 0.8102
2026-04-16 16:04:26,392 - BACC      : 0.8102
2026-04-16 16:04:26,392 - PRECISION : 0.8140
2026-04-16 16:04:26,392 - F1        : 0.8090
2026-04-16 16:04:26,392 - AUC       : 0.8760
2026-04-16 16:04:26,392 - AUCPR     : 0.8828
