2026-06-02 19:44:05,526 - ============================================================
2026-06-02 19:44:05,526 - GAT LAYERS: 3
2026-06-02 19:44:05,526 - ============================================================
2026-06-02 19:44:05,526 - Hyperparameters:
2026-06-02 19:44:05,526 -   Batch Size: 128
2026-06-02 19:44:05,526 -   Learning Rate: 0.0001
2026-06-02 19:44:05,526 -   Weight Decay: 0.001
2026-06-02 19:44:05,526 -   Epochs: 200
2026-06-02 19:44:05,526 -   K-Folds: 5
2026-06-02 19:44:05,526 -   Patience: 5
2026-06-02 19:44:05,526 -   Early Stop Metric: MCC
2026-06-02 19:44:05,526 -   Node Feature Dimension: 1280
2026-06-02 19:44:05,526 -   Sequence Feature Dimension: 21 (20 AA + 1 X)
2026-06-02 19:44:05,527 -   Hidden Dimension: 128
2026-06-02 19:44:05,527 -   LR Scheduler: ReduceLROnPlateau(factor=0.5, patience=3, min_lr=1e-06)
2026-06-02 19:44:05,527 -   Cross-Validation: GroupKFold (group = protein name)
2026-06-02 19:44:05,527 - ============================================================
2026-06-02 19:44:05,527 - Loading training data from data/train_embedding_graph.pt...
2026-06-02 19:44:07,500 - Number of unique proteins (groups): 1012
2026-06-02 19:44:07,501 - Proteins: AASDH, AATF, ABCF1, ABCF2, ABCF3, ABITRAM, ABRAXAS1, ACADVL, ACAT1, ACIN1, ACLY, ACO2, ACOT13, ACOT9, ACSF2, ADAR, ADNP, AFF4, AGFG2, AGGF1, AHCYL2, AHSA1, AIF1L, AKAP8L, ALDH18A1, ALDH9A1, ALDOA, ALG9, ALKBH3, ALKBH5, ALYREF, ANLN, ANXA2, APBB1, APEX1, APIP, ARFGAP1, ARFGAP2, ARFIP1, ARID3A, ARID4B, ARL3, ARL6IP4, ARMC1, ARPC2, ARPC5, ARPIN, ASPSCR1, ATF7IP, ATG12, ATP5F1A, ATP5F1B, ATP5IF1, ATP5PD, ATP5PO, ATP6V1E1, ATP6V1G1, ATPAF1, ATXN2L, ATXN3, AUH, AURKA, BAG2, BBS9, BBX, BCLAF1, BLNK, BMS1, BRD2, BRD4, BRIX1, BRPF1, BTF3, BUB1B, BUD23, BUD31, C12orf45, C16orf87, C19orf47, C19orf53, C1orf131, C1orf174, C1orf198, C1orf52, C7orf50, C9orf78, CACYBP, CALD1, CALU, CANX, CAPZA1, CAPZB, CAST, CAVIN1, CBFB, CBX5, CC2D1A, CCDC117, CCDC124, CCDC137, CCDC59, CCDC71, CCDC82, CCDC86, CCNH, CCNK, CCNT1, CCT2, CCT3, CCT5, CCT8, CD2BP2, CDC37, CDC40, CDC5L, CDC73, CDCA2, CDK7, CDK9, CDKN2AIP, CDV3, CDYL, CENPV, CEP131, CFL1, CHAF1A, CHAF1B, CHAMP1, CHERP, CHMP1B, CHMP2A, CHMP2B, CHMP4B, CHMP5, CHRAC1, CHTOP, CIAPIN1, CKAP2L, CKS2, CLASRP, CLINT1, CMAS, CMTR1, CNN3, CNP, COIL, COPS7A, CORO1B, CPNE1, CPSF3, CREB1, CRIPT, CRNKL1, CRTC3, CS, CSNK2B, CSRP1, CTCF, CTDP1, CTTN, CUEDC2, CUL1, CUL3, CWC15, CWC22, CWC27, CXorf56, CYCS, CZIB, DAXX, DBNL, DBR1, DBT, DCPS, DCUN1D5, DDA1, DDB1, DDB2, DDHD1, DDX10, DDX17, DDX18, DDX21, DDX23, DDX24, DDX27, DDX31, DDX39B, DDX41, DDX42, DDX46, DDX47, DDX52, DEK, DFFA, DGCR8, DHX16, DHX36, DHX37, DHX38, DHX9, DIEXF, DIMT1, DIS3, DKC1, DLAT, DLG3, DLGAP4, DNAJA3, DNAJB1, DNAJC17, DNAJC8, DNTTIP2, DPF2, DR1, DRAP1, DTD1, DUS1L, DUS3L, DUT, EAF1, EBAG9, EBNA1BP2, ECHDC1, ECI1, ECI2, ECT2, EDC3, EDF1, EED, EEF1G, EHMT1, EIF1AD, EIF1AX, EIF2B3, EIF2S2, EIF3A, EIF3CL, EIF3D, EIF3E, EIF3G, EIF3J, EIF4A3, EIF4EBP1, EIF4G2, EIF4H, EIF5, EIF5A, EIF5B, ELAC2, ELAVL1, ELOA, ELOF1, EMD, EML4, EMSY, ENO1, ENSA, EPB41L2, EPC2, ERCC3, ERF, ESF1, ESRRA, ETFA, ETFB, EXOC1, EXOSC10, EYA3, FABP5, FAIM, FAM126A, FAM133B, FAM50A, FAM76B, FANCI, FBXO45, FEN1, FER, FH, FHL1, FIP1L1, FKBP3, FKBP4, FLYWCH2, FMC1, FNBP4, FOXK2, FRG1, G3BP1, GABPA, GATAD2A, GATB, GFM2, GGCX, GIGYF2, GINS3, GIPC1, GLRA1, GLS, GMNN, GMPR2, GNL3, GNL3L, GOT2, GPALPP1, GPATCH1, GPATCH11, GPI, GPKOW, GRPEL1, GSE1, GTF2E2, GTF2F1, GTF2F2, GTF2H1, GTF2I, GTF3C2, GTF3C4, GTF3C5, GTPBP1, GTSE1, H2BC18, H3C1, H4C1, HADHA, HADHB, HAT1, HDAC2, HDGFL2, HDLBP, HEATR3, HELLS, HEXIM1, HIBCH, HIC2, HINT1, HIRIP3, HLTF, HMBS, HMG20A, HMGA2, HMGN1, HMOX2, HNRNPA1, HNRNPC, HNRNPDL, HNRNPH1, HNRNPK, HNRNPL, HNRNPM, HNRNPR, HNRNPU, HSP90AA1, HSP90AB2P, HSPA4, HSPA9, HSPD1, HSPE1, IARS2, ICE2, IDH2, IGHMBP2, IK, ILF3, ILKAP, INCENP, INIP, INO80B, INTS10, INTS12, INTS4, IRF2, IRF2BP1, IRF2BP2, IWS1, JADE3, JPH2, JPT1, JPT2, KARS1, KAT7, KCTD16, KDM2B, KDM4A, KHDC4, KHDRBS1, KHSRP, KIAA1143, KIF22, KIF23, KIF2A, KIF4A, KIF5B, KIFC1, KIN, KPNA1, KRI1, KRR1, LARP1, LARP7, LASP1, LCORL, LDHA, LEMD3, LIG1, LIMA1, LMNA, LPP, LRPPRC, LRRC40, LRRC41, LRRC59, LSM14A, LUZP1, LYAR, LYSMD3, LZTS2, MACROD1, MACROH2A1, MAGED1, MAGED2, MAGOHB, MAP2K7, MAP4, MAPK13, MAPRE3, MASTL, MATR3, MB21D2, MBD1, MBD2, MCEE, MCM3, MCRS1, MCU, MDH2, ME2, MEAF6, MECP2, MED27, MED4, MED6, MEN1, MEPCE, METTL1, METTL16, MFAP1, MIDEAS, MKRN2, MLH1, MMAB, MMTAG2, MNAT1, MOB3A, MORF4L1, MPHOSPH6, MPHOSPH8, MRE11, MRPL12, MRPL44, MRPL47, MRPS28, MRTO4, MSH2, MSH6, MSL1, MSL3P1, MTA1, MTHFD1L, MTHFD2, MTREX, MVD, MYBBP1A, MYBL2, MYL6B, MYO6, N4BP1, NAB2, NACC1, NAMPT, NASP, NAT10, NBN, NCAPG, NCAPH, NCAPH2, NCBP1, NCBP3, NCK2, NCKAP1, NCL, NDUFAF4, NDUFAF7, NDUFV3, NEBL, NECAP1, NEFL, NELFA, NELFE, NEXN, NFIA, NFX1, NFYA, NHLRC2, NIFK, NIPSNAP3A, NKAP, NKIRAS2, NKRF, NNT, NOC3L, NOL11, NOL6, NOL7, NOL8, NOP14, NOP2, NOP56, NOP58, NOP9, NOSIP, NPM1, NSD2, NSFL1C, NSMCE4A, NSRP1, NUCKS1, NUDC, NUDT21, NUFIP2, NUP50, NUSAP1, NVL, OAT, OBI1, OCIAD1, OCLN, OGFR, OGT, OR4Q3, ORC2, ORC3, ORC4, OSBPL8, OTUD3, OTUD5, OTUD7B, OXCT1, PA2G4, PACS1, PAICS, PAK1IP1, PAPSS1, PARD3, PARN, PARP1, PARVB, PATZ1, PAWR, PAXIP1, PAXX, PBK, PCBP2, PCGF1, PCLAF, PCNA, PCNP, PDAP1, PDCD4, PDCD5, PDCL3, PDHA1, PDLIM1, PDLIM3, PDLIM5, PELP1, PES1, PFDN2, PFKP, PGAM1, PHAX, PHB2, PHC1, PHC2, PHC3, PHF10, PHF2, PHF20L1, PHF21A, PHF23, PHF5A, PHF6, PHLDB2, PIN4, PKN2, PLK1, PLS3, PML, PMPCB, PMS2, PNKP, PNN, PNPT1, POC5, POLA2, POLD1, POLD2, POLD3, POLD4, POLE4, POLR1G, POM121, PPA2, PPAN, PPFIA1, PPIL2, PPIL4, PPM1G, PPME1, PPP1CA, PPP1R11, PPP1R14C, PPP1R2, PPP2R5D, PPP4R3A, PPWD1, PQBP1, PRCC, PRDX3, PRKRIP1, PRMT5, PRORP, PRPF3, PRPF31, PRPF38B, PRPF4, PRPF6, PRR15, PRR3, PSIP1, PSMA8, PSMD3, PSMD4, PSMD9, PSME3IP1, PTBP1, PTCD3, PTMS, PTPN11, PTPN2, PTRHD1, PUF60, PUM3, PWP2, PWWP2A, PYROXD1, QRICH1, RACGAP1, RAD17, RAD21, RAD51AP1, RAN, RANBP3, RB1, RBBP4, RBBP5, RBM10, RBM14, RBM15, RBM17, RBM20, RBM22, RBM25, RBM26, RBM27, RBM28, RBM33, RBM39, RBM6, RBMX, RCC1, RCC2, RDX, RECQL, RECQL5, REXO1, REXO2, RFC1, RFX5, RIOX2, RNASEH2B, RNF113A, RNF114, RNF169, RNF40, RNGTT, RNMT, RPA1, RPAP2, RPL10, RPL10A, RPL11, RPL13, RPL14, RPL17, RPL18A, RPL19, RPL21, RPL22, RPL23A, RPL24, RPL27, RPL27A, RPL28, RPL29, RPL3, RPL30, RPL31, RPL34, RPL36, RPL4, RPL5, RPL7A, RPL7L1, RPL9, RPP30, RPP38, RPS10, RPS11, RPS14, RPS19, RPS20, RPS23, RPS25, RPS27A, RPS3, RPS3A, RPS4X, RPS6, RPS6KA4, RPS6KB1, RPS7, RPS8, RPS9, RPSA, RRN3, RRP12, RRP1B, RRP8, RRS1, RSBN1L, RSL1D1, RSRC2, RTEL1, RTF1, RTF2, RTKN, RYBP, S100A10, S100A11, SAE1, SAFB2, SAMHD1, SAP30, SAP30BP, SARNP, SARS2, SART1, SART3, SATB2, SCML2, SCNM1, SDAD1, SDHA, SEC61B, SEC63, SELENOH, SENP3, SENP6, SEPTIN2, SEPTIN9, SERF2, SET, SETD3, SETDB1, SF1, SF3A1, SF3A2, SF3A3, SF3B1, SF3B2, SFMBT1, SFPQ, SH3GL1, SH3GLB1, SHMT2, SIN3A, SIN3B, SINHCAF, SIRPA, SLBP, SLC25A3, SLC25A5, SLC27A4, SLC4A1AP, SLC6A7, SLTM, SLU7, SMAP, SMARCA1, SMARCAD1, SMARCAL1, SMARCC2, SMC3, SMC4, SMC5, SMN1, SMNDC1, SNCA, SNF8, SNRNP27, SNRNP40, SNRPA, SNRPA1, SNRPE, SNW1, SNX6, SNX9, SOD2, SPAG7, SPART, SPECC1L, SRBD1, SREK1, SRP14, SRRM1, SRSF10, SRSF3, SRSF4, SS18, SSB, SSRP1, STAG1, STARD13, STAT6, STIM1, STIP1, STK38L, STMN2, STOML2, STRN3, STT3B, SUB1, SUCLA2, SUDS3, SUGP1, SUGP2, SUMO2, SUPT16H, SUPT5H, SURF6, SUZ12, SYMPK, TAF3, TAF6L, TAGLN2, TASP1, TBC1D13, TBC1D24, TBCB, TBL3, TCF19, TCF25, TCF3, TDP1, TERF2, TERF2IP, TES, TESK2, TEX10, TFIP11, THAP12, THAP4, THOC5, THRAP3, THUMPD1, THUMPD2, THYN1, TIMELESS, TIMM44, TK1, TLE3, TLK2, TMA16, TMLHE, TMPO, TOM1L1, TOP1, TOX4, TP53I11, TP73, TPX2, TRA2B, TRIM28, TRIM33, TRIR, TRMT1, TRMT10A, TRMT6, TRPS1, TSNAX, TSR1, TTC12, TTC33, TTLL12, TUFM, TUT1, TXNDC9, U2SURP, UBA1, UBE2E3, UBE2K, UBE2M, UBE2S, UBE2V2, UBN1, UBXN1, UBXN7, UHRF1, UIMC1, UNC119B, UNC45A, UPF1, UQCRC2, USP10, USP13, USP22, USP48, UTP11, UTP14A, UTP18, UTP3, VCPIP1, VPS33B, VPS72, VRK1, WAC, WAPL, WBP11, WBP4, WDHD1, WDR12, WDR33, WDR4, WDR43, WDR45B, WDR46, WDR70, WIZ, XPC, XPO5, XRCC4, XRCC5, XRCC6, YAP1, YARS1, YTHDC1, YWHAH, YY1, ZBTB34, ZBTB4, ZBTB7A, ZBTB7B, ZC3H11A, ZC3H14, ZC3H15, ZC3H4, ZC3H8, ZC3HC1, ZCCHC8, ZFAND6, ZFP91, ZFR, ZHX3, ZMAT2, ZMYM3, ZMYND8, ZNF148, ZNF174, ZNF207, ZNF217, ZNF280C, ZNF326, ZNF384, ZNF512, ZNF512B, ZNF516, ZNF592, ZNF618, ZNF639, ZNF644, ZNF687, ZNF706, ZNF787, ZNF800, ZNF804B, ZNF830, ZRANB1, ZRANB2, ZYX, ZZZ3
2026-06-02 19:44:07,514 - ===== Fold 1/5 (train proteins: 809, val proteins: 203) =====
2026-06-02 19:44:08,689 - Epoch 1/200 - LR: 0.0001 - Train Loss: 0.6920 - Val Loss: 0.6909
2026-06-02 19:44:09,989 - Epoch 2/200 - LR: 0.0001 - Train Loss: 0.6864 - Val Loss: 0.6573
2026-06-02 19:44:11,142 - Epoch 3/200 - LR: 0.0001 - Train Loss: 0.6596 - Val Loss: 0.6046
2026-06-02 19:44:12,338 - Epoch 4/200 - LR: 0.0001 - Train Loss: 0.6090 - Val Loss: 0.5951
2026-06-02 19:44:13,552 - Epoch 5/200 - LR: 0.0001 - Train Loss: 0.5662 - Val Loss: 0.5733
2026-06-02 19:44:14,815 - Epoch 6/200 - LR: 0.0001 - Train Loss: 0.5407 - Val Loss: 0.5738
2026-06-02 19:44:16,278 - Epoch 7/200 - LR: 0.0001 - Train Loss: 0.5148 - Val Loss: 0.5782
2026-06-02 19:44:17,543 - Epoch 8/200 - LR: 0.0001 - Train Loss: 0.5004 - Val Loss: 0.5751
2026-06-02 19:44:18,817 - Epoch 9/200 - LR: 0.0001 - Train Loss: 0.4849 - Val Loss: 0.5596
2026-06-02 19:44:20,069 - Epoch 10/200 - LR: 0.0001 - Train Loss: 0.4738 - Val Loss: 0.5813
2026-06-02 19:44:21,381 - Epoch 11/200 - LR: 0.0001 - Train Loss: 0.4619 - Val Loss: 0.6163
2026-06-02 19:44:22,721 - Epoch 12/200 - LR: 0.0001 - Train Loss: 0.4392 - Val Loss: 0.5627
2026-06-02 19:44:23,997 - Epoch 13/200 - LR: 0.0001 - Train Loss: 0.4293 - Val Loss: 0.5753
2026-06-02 19:44:25,307 - Epoch 14/200 - LR: 0.0001 - Train Loss: 0.4115 - Val Loss: 0.5898
2026-06-02 19:44:26,592 - Epoch 15/200 - LR: 0.0001 - Train Loss: 0.4011 - Val Loss: 0.5918
2026-06-02 19:44:27,892 - Epoch 16/200 - LR: 0.0001 - Train Loss: 0.3785 - Val Loss: 0.5846
2026-06-02 19:44:29,339 - Epoch 17/200 - LR: 0.0001 - Train Loss: 0.3629 - Val Loss: 0.6015
2026-06-02 19:44:30,755 - Epoch 18/200 - LR: 5e-05 - Train Loss: 0.3383 - Val Loss: 0.6376
2026-06-02 19:44:30,755 - Early stopping at epoch 18 (best MCC=0.5318)
2026-06-02 19:44:30,755 - Fold 1 Best Metrics:
2026-06-02 19:44:30,755 -   MCC       : 0.5318
2026-06-02 19:44:30,755 -   SN        : 0.8575
2026-06-02 19:44:30,755 -   SP        : 0.6618
2026-06-02 19:44:30,755 -   ACC       : 0.7644
2026-06-02 19:44:30,755 -   BACC      : 0.7596
2026-06-02 19:44:30,755 -   PRECISION : 0.7363
2026-06-02 19:44:30,755 -   F1        : 0.7923
2026-06-02 19:44:30,755 -   AUC       : 0.8357
2026-06-02 19:44:30,755 -   AUCPR     : 0.8444
2026-06-02 19:44:30,763 - ===== Fold 2/5 (train proteins: 810, val proteins: 202) =====
2026-06-02 19:44:32,094 - Epoch 1/200 - LR: 0.0001 - Train Loss: 0.6951 - Val Loss: 0.6895
2026-06-02 19:44:33,384 - Epoch 2/200 - LR: 0.0001 - Train Loss: 0.6937 - Val Loss: 0.6795
2026-06-02 19:44:34,708 - Epoch 3/200 - LR: 0.0001 - Train Loss: 0.6804 - Val Loss: 0.6292
2026-06-02 19:44:36,053 - Epoch 4/200 - LR: 0.0001 - Train Loss: 0.6390 - Val Loss: 0.5897
2026-06-02 19:44:37,371 - Epoch 5/200 - LR: 0.0001 - Train Loss: 0.5816 - Val Loss: 0.5638
2026-06-02 19:44:38,653 - Epoch 6/200 - LR: 0.0001 - Train Loss: 0.5565 - Val Loss: 0.5592
2026-06-02 19:44:39,957 - Epoch 7/200 - LR: 0.0001 - Train Loss: 0.5367 - Val Loss: 0.5486
2026-06-02 19:44:41,275 - Epoch 8/200 - LR: 0.0001 - Train Loss: 0.5149 - Val Loss: 0.5503
2026-06-02 19:44:42,543 - Epoch 9/200 - LR: 0.0001 - Train Loss: 0.4952 - Val Loss: 0.5418
2026-06-02 19:44:43,779 - Epoch 10/200 - LR: 0.0001 - Train Loss: 0.4833 - Val Loss: 0.5281
2026-06-02 19:44:45,088 - Epoch 11/200 - LR: 0.0001 - Train Loss: 0.4761 - Val Loss: 0.5329
2026-06-02 19:44:46,304 - Epoch 12/200 - LR: 0.0001 - Train Loss: 0.4477 - Val Loss: 0.5405
2026-06-02 19:44:47,558 - Epoch 13/200 - LR: 0.0001 - Train Loss: 0.4381 - Val Loss: 0.5326
2026-06-02 19:44:48,843 - Epoch 14/200 - LR: 0.0001 - Train Loss: 0.4291 - Val Loss: 0.5642
2026-06-02 19:44:50,267 - Epoch 15/200 - LR: 0.0001 - Train Loss: 0.4081 - Val Loss: 0.5645
2026-06-02 19:44:51,602 - Epoch 16/200 - LR: 0.0001 - Train Loss: 0.3947 - Val Loss: 0.5732
2026-06-02 19:44:52,946 - Epoch 17/200 - LR: 0.0001 - Train Loss: 0.3740 - Val Loss: 0.5762
2026-06-02 19:44:54,245 - Epoch 18/200 - LR: 0.0001 - Train Loss: 0.3623 - Val Loss: 0.5943
2026-06-02 19:44:55,575 - Epoch 19/200 - LR: 0.0001 - Train Loss: 0.3369 - Val Loss: 0.6224
2026-06-02 19:44:56,936 - Epoch 20/200 - LR: 0.0001 - Train Loss: 0.3357 - Val Loss: 0.5759
2026-06-02 19:44:58,248 - Epoch 21/200 - LR: 5e-05 - Train Loss: 0.2979 - Val Loss: 0.6544
2026-06-02 19:44:58,248 - Early stopping at epoch 21 (best MCC=0.5470)
2026-06-02 19:44:58,248 - Fold 2 Best Metrics:
2026-06-02 19:44:58,248 -   MCC       : 0.5470
2026-06-02 19:44:58,248 -   SN        : 0.8391
2026-06-02 19:44:58,248 -   SP        : 0.7028
2026-06-02 19:44:58,248 -   ACC       : 0.7710
2026-06-02 19:44:58,248 -   BACC      : 0.7709
2026-06-02 19:44:58,248 -   PRECISION : 0.7389
2026-06-02 19:44:58,248 -   F1        : 0.7858
2026-06-02 19:44:58,248 -   AUC       : 0.8408
2026-06-02 19:44:58,248 -   AUCPR     : 0.8299
2026-06-02 19:44:58,250 - ===== Fold 3/5 (train proteins: 810, val proteins: 202) =====
2026-06-02 19:44:59,460 - Epoch 1/200 - LR: 0.0001 - Train Loss: 0.6966 - Val Loss: 0.6825
2026-06-02 19:45:00,642 - Epoch 2/200 - LR: 0.0001 - Train Loss: 0.6921 - Val Loss: 0.6616
2026-06-02 19:45:01,822 - Epoch 3/200 - LR: 0.0001 - Train Loss: 0.6760 - Val Loss: 0.6099
2026-06-02 19:45:03,138 - Epoch 4/200 - LR: 0.0001 - Train Loss: 0.6338 - Val Loss: 0.5701
2026-06-02 19:45:04,359 - Epoch 5/200 - LR: 0.0001 - Train Loss: 0.5851 - Val Loss: 0.5286
2026-06-02 19:45:05,735 - Epoch 6/200 - LR: 0.0001 - Train Loss: 0.5541 - Val Loss: 0.5085
2026-06-02 19:45:07,051 - Epoch 7/200 - LR: 0.0001 - Train Loss: 0.5362 - Val Loss: 0.5185
2026-06-02 19:45:08,409 - Epoch 8/200 - LR: 0.0001 - Train Loss: 0.5194 - Val Loss: 0.4937
2026-06-02 19:45:09,887 - Epoch 9/200 - LR: 0.0001 - Train Loss: 0.5105 - Val Loss: 0.4976
2026-06-02 19:45:11,203 - Epoch 10/200 - LR: 0.0001 - Train Loss: 0.4854 - Val Loss: 0.4952
2026-06-02 19:45:12,524 - Epoch 11/200 - LR: 0.0001 - Train Loss: 0.4624 - Val Loss: 0.4900
2026-06-02 19:45:13,798 - Epoch 12/200 - LR: 0.0001 - Train Loss: 0.4516 - Val Loss: 0.5090
2026-06-02 19:45:15,054 - Epoch 13/200 - LR: 0.0001 - Train Loss: 0.4480 - Val Loss: 0.5317
2026-06-02 19:45:16,253 - Epoch 14/200 - LR: 0.0001 - Train Loss: 0.4303 - Val Loss: 0.5282
2026-06-02 19:45:17,599 - Epoch 15/200 - LR: 5e-05 - Train Loss: 0.4013 - Val Loss: 0.4975
2026-06-02 19:45:17,599 - Early stopping at epoch 15 (best MCC=0.6028)
2026-06-02 19:45:17,599 - Fold 3 Best Metrics:
2026-06-02 19:45:17,599 -   MCC       : 0.6028
2026-06-02 19:45:17,599 -   SN        : 0.7805
2026-06-02 19:45:17,599 -   SP        : 0.8220
2026-06-02 19:45:17,599 -   ACC       : 0.8009
2026-06-02 19:45:17,599 -   BACC      : 0.8013
2026-06-02 19:45:17,599 -   PRECISION : 0.8195
2026-06-02 19:45:17,599 -   F1        : 0.7995
2026-06-02 19:45:17,599 -   AUC       : 0.8673
2026-06-02 19:45:17,599 -   AUCPR     : 0.8670
2026-06-02 19:45:17,601 - ===== Fold 4/5 (train proteins: 810, val proteins: 202) =====
2026-06-02 19:45:18,818 - Epoch 1/200 - LR: 0.0001 - Train Loss: 0.6941 - Val Loss: 0.6900
2026-06-02 19:45:20,120 - Epoch 2/200 - LR: 0.0001 - Train Loss: 0.6890 - Val Loss: 0.6738
2026-06-02 19:45:21,412 - Epoch 3/200 - LR: 0.0001 - Train Loss: 0.6672 - Val Loss: 0.6246
2026-06-02 19:45:22,580 - Epoch 4/200 - LR: 0.0001 - Train Loss: 0.6223 - Val Loss: 0.6087
2026-06-02 19:45:23,839 - Epoch 5/200 - LR: 0.0001 - Train Loss: 0.5732 - Val Loss: 0.5878
2026-06-02 19:45:25,013 - Epoch 6/200 - LR: 0.0001 - Train Loss: 0.5536 - Val Loss: 0.5785
2026-06-02 19:45:26,199 - Epoch 7/200 - LR: 0.0001 - Train Loss: 0.5437 - Val Loss: 0.5599
2026-06-02 19:45:27,335 - Epoch 8/200 - LR: 0.0001 - Train Loss: 0.5202 - Val Loss: 0.5752
2026-06-02 19:45:28,473 - Epoch 9/200 - LR: 0.0001 - Train Loss: 0.5078 - Val Loss: 0.5490
2026-06-02 19:45:29,664 - Epoch 10/200 - LR: 0.0001 - Train Loss: 0.4928 - Val Loss: 0.5453
2026-06-02 19:45:30,916 - Epoch 11/200 - LR: 0.0001 - Train Loss: 0.4902 - Val Loss: 0.5365
2026-06-02 19:45:32,137 - Epoch 12/200 - LR: 0.0001 - Train Loss: 0.4661 - Val Loss: 0.5442
2026-06-02 19:45:33,285 - Epoch 13/200 - LR: 0.0001 - Train Loss: 0.4566 - Val Loss: 0.5592
2026-06-02 19:45:34,511 - Epoch 14/200 - LR: 0.0001 - Train Loss: 0.4349 - Val Loss: 0.5390
2026-06-02 19:45:35,667 - Epoch 15/200 - LR: 0.0001 - Train Loss: 0.4367 - Val Loss: 0.5553
2026-06-02 19:45:36,852 - Epoch 16/200 - LR: 0.0001 - Train Loss: 0.4179 - Val Loss: 0.5622
2026-06-02 19:45:38,087 - Epoch 17/200 - LR: 0.0001 - Train Loss: 0.4111 - Val Loss: 0.5723
2026-06-02 19:45:39,214 - Epoch 18/200 - LR: 0.0001 - Train Loss: 0.3870 - Val Loss: 0.5418
2026-06-02 19:45:40,388 - Epoch 19/200 - LR: 0.0001 - Train Loss: 0.3739 - Val Loss: 0.5567
2026-06-02 19:45:41,547 - Epoch 20/200 - LR: 0.0001 - Train Loss: 0.3591 - Val Loss: 0.5263
2026-06-02 19:45:42,672 - Epoch 21/200 - LR: 0.0001 - Train Loss: 0.3497 - Val Loss: 0.6272
2026-06-02 19:45:43,817 - Epoch 22/200 - LR: 0.0001 - Train Loss: 0.3583 - Val Loss: 0.6070
2026-06-02 19:45:44,971 - Epoch 23/200 - LR: 0.0001 - Train Loss: 0.3129 - Val Loss: 0.6003
2026-06-02 19:45:46,230 - Epoch 24/200 - LR: 5e-05 - Train Loss: 0.3049 - Val Loss: 0.6039
2026-06-02 19:45:46,230 - Early stopping at epoch 24 (best MCC=0.5562)
2026-06-02 19:45:46,230 - Fold 4 Best Metrics:
2026-06-02 19:45:46,230 -   MCC       : 0.5562
2026-06-02 19:45:46,230 -   SN        : 0.7887
2026-06-02 19:45:46,230 -   SP        : 0.7675
2026-06-02 19:45:46,230 -   ACC       : 0.7779
2026-06-02 19:45:46,230 -   BACC      : 0.7781
2026-06-02 19:45:46,230 -   PRECISION : 0.7654
2026-06-02 19:45:46,230 -   F1        : 0.7769
2026-06-02 19:45:46,230 -   AUC       : 0.8452
2026-06-02 19:45:46,230 -   AUCPR     : 0.8327
2026-06-02 19:45:46,232 - ===== Fold 5/5 (train proteins: 809, val proteins: 203) =====
2026-06-02 19:45:47,377 - Epoch 1/200 - LR: 0.0001 - Train Loss: 0.6963 - Val Loss: 0.6930
2026-06-02 19:45:48,520 - Epoch 2/200 - LR: 0.0001 - Train Loss: 0.6934 - Val Loss: 0.6863
2026-06-02 19:45:49,691 - Epoch 3/200 - LR: 0.0001 - Train Loss: 0.6873 - Val Loss: 0.6643
2026-06-02 19:45:50,991 - Epoch 4/200 - LR: 0.0001 - Train Loss: 0.6708 - Val Loss: 0.5951
2026-06-02 19:45:52,331 - Epoch 5/200 - LR: 0.0001 - Train Loss: 0.6138 - Val Loss: 0.5446
2026-06-02 19:45:53,695 - Epoch 6/200 - LR: 0.0001 - Train Loss: 0.5760 - Val Loss: 0.5168
2026-06-02 19:45:55,011 - Epoch 7/200 - LR: 0.0001 - Train Loss: 0.5472 - Val Loss: 0.4994
2026-06-02 19:45:56,284 - Epoch 8/200 - LR: 0.0001 - Train Loss: 0.5356 - Val Loss: 0.4866
2026-06-02 19:45:57,564 - Epoch 9/200 - LR: 0.0001 - Train Loss: 0.5182 - Val Loss: 0.5061
2026-06-02 19:45:58,845 - Epoch 10/200 - LR: 0.0001 - Train Loss: 0.4860 - Val Loss: 0.4804
2026-06-02 19:46:00,218 - Epoch 11/200 - LR: 0.0001 - Train Loss: 0.4780 - Val Loss: 0.4731
2026-06-02 19:46:01,576 - Epoch 12/200 - LR: 0.0001 - Train Loss: 0.4522 - Val Loss: 0.4641
2026-06-02 19:46:02,825 - Epoch 13/200 - LR: 0.0001 - Train Loss: 0.4426 - Val Loss: 0.4822
2026-06-02 19:46:04,077 - Epoch 14/200 - LR: 0.0001 - Train Loss: 0.4540 - Val Loss: 0.4777
2026-06-02 19:46:05,316 - Epoch 15/200 - LR: 0.0001 - Train Loss: 0.4003 - Val Loss: 0.4901
2026-06-02 19:46:06,610 - Epoch 16/200 - LR: 0.0001 - Train Loss: 0.4021 - Val Loss: 0.5149
2026-06-02 19:46:07,868 - Epoch 17/200 - LR: 0.0001 - Train Loss: 0.3882 - Val Loss: 0.5124
2026-06-02 19:46:09,089 - Epoch 18/200 - LR: 0.0001 - Train Loss: 0.3757 - Val Loss: 0.5040
2026-06-02 19:46:10,325 - Epoch 19/200 - LR: 0.0001 - Train Loss: 0.3527 - Val Loss: 0.5289
2026-06-02 19:46:11,557 - Epoch 20/200 - LR: 5e-05 - Train Loss: 0.3309 - Val Loss: 0.5416
2026-06-02 19:46:11,557 - Early stopping at epoch 20 (best MCC=0.5813)
2026-06-02 19:46:11,557 - Fold 5 Best Metrics:
2026-06-02 19:46:11,557 -   MCC       : 0.5813
2026-06-02 19:46:11,557 -   SN        : 0.8357
2026-06-02 19:46:11,557 -   SP        : 0.7451
2026-06-02 19:46:11,557 -   ACC       : 0.7883
2026-06-02 19:46:11,557 -   BACC      : 0.7904
2026-06-02 19:46:11,557 -   PRECISION : 0.7489
2026-06-02 19:46:11,557 -   F1        : 0.7900
2026-06-02 19:46:11,557 -   AUC       : 0.8656
2026-06-02 19:46:11,557 -   AUCPR     : 0.8435
2026-06-02 19:46:11,558 - ==============================
2026-06-02 19:46:11,558 - Cross-Validation Results:
2026-06-02 19:46:11,558 -   MCC       : 0.564 ± 0.025
2026-06-02 19:46:11,558 -   SN        : 0.820 ± 0.030
2026-06-02 19:46:11,558 -   SP        : 0.740 ± 0.055
2026-06-02 19:46:11,558 -   ACC       : 0.780 ± 0.013
2026-06-02 19:46:11,558 -   BACC      : 0.780 ± 0.015
2026-06-02 19:46:11,558 -   PRECISION : 0.762 ± 0.031
2026-06-02 19:46:11,558 -   F1        : 0.789 ± 0.007
2026-06-02 19:46:11,558 -   AUC       : 0.851 ± 0.013
2026-06-02 19:46:11,559 -   AUCPR     : 0.844 ± 0.013
2026-06-02 19:46:11,559 - ==============================
2026-06-02 19:46:11,559 - Evaluating ensemble on test set...
2026-06-02 19:46:12,251 - Final Test Metrics (Ensemble):
2026-06-02 19:46:12,251 -   MCC       : 0.604
2026-06-02 19:46:12,251 -   SN        : 0.816
2026-06-02 19:46:12,251 -   SP        : 0.788
2026-06-02 19:46:12,251 -   ACC       : 0.802
2026-06-02 19:46:12,251 -   BACC      : 0.802
2026-06-02 19:46:12,251 -   PRECISION : 0.794
2026-06-02 19:46:12,251 -   F1        : 0.805
2026-06-02 19:46:12,251 -   AUC       : 0.878
2026-06-02 19:46:12,251 -   AUCPR     : 0.884
