2026-06-02 19:40:00,043 - ============================================================
2026-06-02 19:40:00,043 - GAT LAYERS: 1
2026-06-02 19:40:00,043 - ============================================================
2026-06-02 19:40:00,043 - Hyperparameters:
2026-06-02 19:40:00,043 -   Batch Size: 128
2026-06-02 19:40:00,043 -   Learning Rate: 0.0001
2026-06-02 19:40:00,043 -   Weight Decay: 0.001
2026-06-02 19:40:00,043 -   Epochs: 200
2026-06-02 19:40:00,043 -   K-Folds: 5
2026-06-02 19:40:00,043 -   Patience: 5
2026-06-02 19:40:00,043 -   Early Stop Metric: MCC
2026-06-02 19:40:00,043 -   Node Feature Dimension: 1280
2026-06-02 19:40:00,043 -   Sequence Feature Dimension: 21 (20 AA + 1 X)
2026-06-02 19:40:00,043 -   Hidden Dimension: 128
2026-06-02 19:40:00,043 -   LR Scheduler: ReduceLROnPlateau(factor=0.5, patience=3, min_lr=1e-06)
2026-06-02 19:40:00,044 -   Cross-Validation: GroupKFold (group = protein name)
2026-06-02 19:40:00,044 - ============================================================
2026-06-02 19:40:00,044 - Loading training data from data/train_embedding_graph.pt...
2026-06-02 19:40:02,640 - Number of unique proteins (groups): 1012
2026-06-02 19:40:02,640 - Proteins: AASDH, AATF, ABCF1, ABCF2, ABCF3, ABITRAM, ABRAXAS1, ACADVL, ACAT1, ACIN1, ACLY, ACO2, ACOT13, ACOT9, ACSF2, ADAR, ADNP, AFF4, AGFG2, AGGF1, AHCYL2, AHSA1, AIF1L, AKAP8L, ALDH18A1, ALDH9A1, ALDOA, ALG9, ALKBH3, ALKBH5, ALYREF, ANLN, ANXA2, APBB1, APEX1, APIP, ARFGAP1, ARFGAP2, ARFIP1, ARID3A, ARID4B, ARL3, ARL6IP4, ARMC1, ARPC2, ARPC5, ARPIN, ASPSCR1, ATF7IP, ATG12, ATP5F1A, ATP5F1B, ATP5IF1, ATP5PD, ATP5PO, ATP6V1E1, ATP6V1G1, ATPAF1, ATXN2L, ATXN3, AUH, AURKA, BAG2, BBS9, BBX, BCLAF1, BLNK, BMS1, BRD2, BRD4, BRIX1, BRPF1, BTF3, BUB1B, BUD23, BUD31, C12orf45, C16orf87, C19orf47, C19orf53, C1orf131, C1orf174, C1orf198, C1orf52, C7orf50, C9orf78, CACYBP, CALD1, CALU, CANX, CAPZA1, CAPZB, CAST, CAVIN1, CBFB, CBX5, CC2D1A, CCDC117, CCDC124, CCDC137, CCDC59, CCDC71, CCDC82, CCDC86, CCNH, CCNK, CCNT1, CCT2, CCT3, CCT5, CCT8, CD2BP2, CDC37, CDC40, CDC5L, CDC73, CDCA2, CDK7, CDK9, CDKN2AIP, CDV3, CDYL, CENPV, CEP131, CFL1, CHAF1A, CHAF1B, CHAMP1, CHERP, CHMP1B, CHMP2A, CHMP2B, CHMP4B, CHMP5, CHRAC1, CHTOP, CIAPIN1, CKAP2L, CKS2, CLASRP, CLINT1, CMAS, CMTR1, CNN3, CNP, COIL, COPS7A, CORO1B, CPNE1, CPSF3, CREB1, CRIPT, CRNKL1, CRTC3, CS, CSNK2B, CSRP1, CTCF, CTDP1, CTTN, CUEDC2, CUL1, CUL3, CWC15, CWC22, CWC27, CXorf56, CYCS, CZIB, DAXX, DBNL, DBR1, DBT, DCPS, DCUN1D5, DDA1, DDB1, DDB2, DDHD1, DDX10, DDX17, DDX18, DDX21, DDX23, DDX24, DDX27, DDX31, DDX39B, DDX41, DDX42, DDX46, DDX47, DDX52, DEK, DFFA, DGCR8, DHX16, DHX36, DHX37, DHX38, DHX9, DIEXF, DIMT1, DIS3, DKC1, DLAT, DLG3, DLGAP4, DNAJA3, DNAJB1, DNAJC17, DNAJC8, DNTTIP2, DPF2, DR1, DRAP1, DTD1, DUS1L, DUS3L, DUT, EAF1, EBAG9, EBNA1BP2, ECHDC1, ECI1, ECI2, ECT2, EDC3, EDF1, EED, EEF1G, EHMT1, EIF1AD, EIF1AX, EIF2B3, EIF2S2, EIF3A, EIF3CL, EIF3D, EIF3E, EIF3G, EIF3J, EIF4A3, EIF4EBP1, EIF4G2, EIF4H, EIF5, EIF5A, EIF5B, ELAC2, ELAVL1, ELOA, ELOF1, EMD, EML4, EMSY, ENO1, ENSA, EPB41L2, EPC2, ERCC3, ERF, ESF1, ESRRA, ETFA, ETFB, EXOC1, EXOSC10, EYA3, FABP5, FAIM, FAM126A, FAM133B, FAM50A, FAM76B, FANCI, FBXO45, FEN1, FER, FH, FHL1, FIP1L1, FKBP3, FKBP4, FLYWCH2, FMC1, FNBP4, FOXK2, FRG1, G3BP1, GABPA, GATAD2A, GATB, GFM2, GGCX, GIGYF2, GINS3, GIPC1, GLRA1, GLS, GMNN, GMPR2, GNL3, GNL3L, GOT2, GPALPP1, GPATCH1, GPATCH11, GPI, GPKOW, GRPEL1, GSE1, GTF2E2, GTF2F1, GTF2F2, GTF2H1, GTF2I, GTF3C2, GTF3C4, GTF3C5, GTPBP1, GTSE1, H2BC18, H3C1, H4C1, HADHA, HADHB, HAT1, HDAC2, HDGFL2, HDLBP, HEATR3, HELLS, HEXIM1, HIBCH, HIC2, HINT1, HIRIP3, HLTF, HMBS, HMG20A, HMGA2, HMGN1, HMOX2, HNRNPA1, HNRNPC, HNRNPDL, HNRNPH1, HNRNPK, HNRNPL, HNRNPM, HNRNPR, HNRNPU, HSP90AA1, HSP90AB2P, HSPA4, HSPA9, HSPD1, HSPE1, IARS2, ICE2, IDH2, IGHMBP2, IK, ILF3, ILKAP, INCENP, INIP, INO80B, INTS10, INTS12, INTS4, IRF2, IRF2BP1, IRF2BP2, IWS1, JADE3, JPH2, JPT1, JPT2, KARS1, KAT7, KCTD16, KDM2B, KDM4A, KHDC4, KHDRBS1, KHSRP, KIAA1143, KIF22, KIF23, KIF2A, KIF4A, KIF5B, KIFC1, KIN, KPNA1, KRI1, KRR1, LARP1, LARP7, LASP1, LCORL, LDHA, LEMD3, LIG1, LIMA1, LMNA, LPP, LRPPRC, LRRC40, LRRC41, LRRC59, LSM14A, LUZP1, LYAR, LYSMD3, LZTS2, MACROD1, MACROH2A1, MAGED1, MAGED2, MAGOHB, MAP2K7, MAP4, MAPK13, MAPRE3, MASTL, MATR3, MB21D2, MBD1, MBD2, MCEE, MCM3, MCRS1, MCU, MDH2, ME2, MEAF6, MECP2, MED27, MED4, MED6, MEN1, MEPCE, METTL1, METTL16, MFAP1, MIDEAS, MKRN2, MLH1, MMAB, MMTAG2, MNAT1, MOB3A, MORF4L1, MPHOSPH6, MPHOSPH8, MRE11, MRPL12, MRPL44, MRPL47, MRPS28, MRTO4, MSH2, MSH6, MSL1, MSL3P1, MTA1, MTHFD1L, MTHFD2, MTREX, MVD, MYBBP1A, MYBL2, MYL6B, MYO6, N4BP1, NAB2, NACC1, NAMPT, NASP, NAT10, NBN, NCAPG, NCAPH, NCAPH2, NCBP1, NCBP3, NCK2, NCKAP1, NCL, NDUFAF4, NDUFAF7, NDUFV3, NEBL, NECAP1, NEFL, NELFA, NELFE, NEXN, NFIA, NFX1, NFYA, NHLRC2, NIFK, NIPSNAP3A, NKAP, NKIRAS2, NKRF, NNT, NOC3L, NOL11, NOL6, NOL7, NOL8, NOP14, NOP2, NOP56, NOP58, NOP9, NOSIP, NPM1, NSD2, NSFL1C, NSMCE4A, NSRP1, NUCKS1, NUDC, NUDT21, NUFIP2, NUP50, NUSAP1, NVL, OAT, OBI1, OCIAD1, OCLN, OGFR, OGT, OR4Q3, ORC2, ORC3, ORC4, OSBPL8, OTUD3, OTUD5, OTUD7B, OXCT1, PA2G4, PACS1, PAICS, PAK1IP1, PAPSS1, PARD3, PARN, PARP1, PARVB, PATZ1, PAWR, PAXIP1, PAXX, PBK, PCBP2, PCGF1, PCLAF, PCNA, PCNP, PDAP1, PDCD4, PDCD5, PDCL3, PDHA1, PDLIM1, PDLIM3, PDLIM5, PELP1, PES1, PFDN2, PFKP, PGAM1, PHAX, PHB2, PHC1, PHC2, PHC3, PHF10, PHF2, PHF20L1, PHF21A, PHF23, PHF5A, PHF6, PHLDB2, PIN4, PKN2, PLK1, PLS3, PML, PMPCB, PMS2, PNKP, PNN, PNPT1, POC5, POLA2, POLD1, POLD2, POLD3, POLD4, POLE4, POLR1G, POM121, PPA2, PPAN, PPFIA1, PPIL2, PPIL4, PPM1G, PPME1, PPP1CA, PPP1R11, PPP1R14C, PPP1R2, PPP2R5D, PPP4R3A, PPWD1, PQBP1, PRCC, PRDX3, PRKRIP1, PRMT5, PRORP, PRPF3, PRPF31, PRPF38B, PRPF4, PRPF6, PRR15, PRR3, PSIP1, PSMA8, PSMD3, PSMD4, PSMD9, PSME3IP1, PTBP1, PTCD3, PTMS, PTPN11, PTPN2, PTRHD1, PUF60, PUM3, PWP2, PWWP2A, PYROXD1, QRICH1, RACGAP1, RAD17, RAD21, RAD51AP1, RAN, RANBP3, RB1, RBBP4, RBBP5, RBM10, RBM14, RBM15, RBM17, RBM20, RBM22, RBM25, RBM26, RBM27, RBM28, RBM33, RBM39, RBM6, RBMX, RCC1, RCC2, RDX, RECQL, RECQL5, REXO1, REXO2, RFC1, RFX5, RIOX2, RNASEH2B, RNF113A, RNF114, RNF169, RNF40, RNGTT, RNMT, RPA1, RPAP2, RPL10, RPL10A, RPL11, RPL13, RPL14, RPL17, RPL18A, RPL19, RPL21, RPL22, RPL23A, RPL24, RPL27, RPL27A, RPL28, RPL29, RPL3, RPL30, RPL31, RPL34, RPL36, RPL4, RPL5, RPL7A, RPL7L1, RPL9, RPP30, RPP38, RPS10, RPS11, RPS14, RPS19, RPS20, RPS23, RPS25, RPS27A, RPS3, RPS3A, RPS4X, RPS6, RPS6KA4, RPS6KB1, RPS7, RPS8, RPS9, RPSA, RRN3, RRP12, RRP1B, RRP8, RRS1, RSBN1L, RSL1D1, RSRC2, RTEL1, RTF1, RTF2, RTKN, RYBP, S100A10, S100A11, SAE1, SAFB2, SAMHD1, SAP30, SAP30BP, SARNP, SARS2, SART1, SART3, SATB2, SCML2, SCNM1, SDAD1, SDHA, SEC61B, SEC63, SELENOH, SENP3, SENP6, SEPTIN2, SEPTIN9, SERF2, SET, SETD3, SETDB1, SF1, SF3A1, SF3A2, SF3A3, SF3B1, SF3B2, SFMBT1, SFPQ, SH3GL1, SH3GLB1, SHMT2, SIN3A, SIN3B, SINHCAF, SIRPA, SLBP, SLC25A3, SLC25A5, SLC27A4, SLC4A1AP, SLC6A7, SLTM, SLU7, SMAP, SMARCA1, SMARCAD1, SMARCAL1, SMARCC2, SMC3, SMC4, SMC5, SMN1, SMNDC1, SNCA, SNF8, SNRNP27, SNRNP40, SNRPA, SNRPA1, SNRPE, SNW1, SNX6, SNX9, SOD2, SPAG7, SPART, SPECC1L, SRBD1, SREK1, SRP14, SRRM1, SRSF10, SRSF3, SRSF4, SS18, SSB, SSRP1, STAG1, STARD13, STAT6, STIM1, STIP1, STK38L, STMN2, STOML2, STRN3, STT3B, SUB1, SUCLA2, SUDS3, SUGP1, SUGP2, SUMO2, SUPT16H, SUPT5H, SURF6, SUZ12, SYMPK, TAF3, TAF6L, TAGLN2, TASP1, TBC1D13, TBC1D24, TBCB, TBL3, TCF19, TCF25, TCF3, TDP1, TERF2, TERF2IP, TES, TESK2, TEX10, TFIP11, THAP12, THAP4, THOC5, THRAP3, THUMPD1, THUMPD2, THYN1, TIMELESS, TIMM44, TK1, TLE3, TLK2, TMA16, TMLHE, TMPO, TOM1L1, TOP1, TOX4, TP53I11, TP73, TPX2, TRA2B, TRIM28, TRIM33, TRIR, TRMT1, TRMT10A, TRMT6, TRPS1, TSNAX, TSR1, TTC12, TTC33, TTLL12, TUFM, TUT1, TXNDC9, U2SURP, UBA1, UBE2E3, UBE2K, UBE2M, UBE2S, UBE2V2, UBN1, UBXN1, UBXN7, UHRF1, UIMC1, UNC119B, UNC45A, UPF1, UQCRC2, USP10, USP13, USP22, USP48, UTP11, UTP14A, UTP18, UTP3, VCPIP1, VPS33B, VPS72, VRK1, WAC, WAPL, WBP11, WBP4, WDHD1, WDR12, WDR33, WDR4, WDR43, WDR45B, WDR46, WDR70, WIZ, XPC, XPO5, XRCC4, XRCC5, XRCC6, YAP1, YARS1, YTHDC1, YWHAH, YY1, ZBTB34, ZBTB4, ZBTB7A, ZBTB7B, ZC3H11A, ZC3H14, ZC3H15, ZC3H4, ZC3H8, ZC3HC1, ZCCHC8, ZFAND6, ZFP91, ZFR, ZHX3, ZMAT2, ZMYM3, ZMYND8, ZNF148, ZNF174, ZNF207, ZNF217, ZNF280C, ZNF326, ZNF384, ZNF512, ZNF512B, ZNF516, ZNF592, ZNF618, ZNF639, ZNF644, ZNF687, ZNF706, ZNF787, ZNF800, ZNF804B, ZNF830, ZRANB1, ZRANB2, ZYX, ZZZ3
2026-06-02 19:40:02,656 - ===== Fold 1/5 (train proteins: 809, val proteins: 203) =====
2026-06-02 19:40:04,815 - Epoch 1/200 - LR: 0.0001 - Train Loss: 0.6956 - Val Loss: 0.6922
2026-06-02 19:40:05,906 - Epoch 2/200 - LR: 0.0001 - Train Loss: 0.6917 - Val Loss: 0.6875
2026-06-02 19:40:06,983 - Epoch 3/200 - LR: 0.0001 - Train Loss: 0.6884 - Val Loss: 0.6682
2026-06-02 19:40:08,040 - Epoch 4/200 - LR: 0.0001 - Train Loss: 0.6736 - Val Loss: 0.6068
2026-06-02 19:40:09,089 - Epoch 5/200 - LR: 0.0001 - Train Loss: 0.6144 - Val Loss: 0.5760
2026-06-02 19:40:10,278 - Epoch 6/200 - LR: 0.0001 - Train Loss: 0.5725 - Val Loss: 0.5873
2026-06-02 19:40:11,438 - Epoch 7/200 - LR: 0.0001 - Train Loss: 0.5342 - Val Loss: 0.5657
2026-06-02 19:40:12,627 - Epoch 8/200 - LR: 0.0001 - Train Loss: 0.5242 - Val Loss: 0.5594
2026-06-02 19:40:13,845 - Epoch 9/200 - LR: 0.0001 - Train Loss: 0.4936 - Val Loss: 0.5515
2026-06-02 19:40:15,063 - Epoch 10/200 - LR: 0.0001 - Train Loss: 0.4826 - Val Loss: 0.5786
2026-06-02 19:40:16,291 - Epoch 11/200 - LR: 0.0001 - Train Loss: 0.4565 - Val Loss: 0.5591
2026-06-02 19:40:17,436 - Epoch 12/200 - LR: 0.0001 - Train Loss: 0.4493 - Val Loss: 0.5641
2026-06-02 19:40:18,674 - Epoch 13/200 - LR: 0.0001 - Train Loss: 0.4311 - Val Loss: 0.5716
2026-06-02 19:40:19,996 - Epoch 14/200 - LR: 0.0001 - Train Loss: 0.4075 - Val Loss: 0.5693
2026-06-02 19:40:21,209 - Epoch 15/200 - LR: 0.0001 - Train Loss: 0.3960 - Val Loss: 0.5890
2026-06-02 19:40:22,364 - Epoch 16/200 - LR: 0.0001 - Train Loss: 0.3701 - Val Loss: 0.6065
2026-06-02 19:40:23,589 - Epoch 17/200 - LR: 5e-05 - Train Loss: 0.3623 - Val Loss: 0.6072
2026-06-02 19:40:23,590 - Early stopping at epoch 17 (best MCC=0.5415)
2026-06-02 19:40:23,590 - Fold 1 Best Metrics:
2026-06-02 19:40:23,590 -   MCC       : 0.5415
2026-06-02 19:40:23,590 -   SN        : 0.7807
2026-06-02 19:40:23,590 -   SP        : 0.7609
2026-06-02 19:40:23,590 -   ACC       : 0.7713
2026-06-02 19:40:23,590 -   BACC      : 0.7708
2026-06-02 19:40:23,590 -   PRECISION : 0.7824
2026-06-02 19:40:23,590 -   F1        : 0.7816
2026-06-02 19:40:23,590 -   AUC       : 0.8321
2026-06-02 19:40:23,590 -   AUCPR     : 0.8450
2026-06-02 19:40:23,592 - ===== Fold 2/5 (train proteins: 810, val proteins: 202) =====
2026-06-02 19:40:24,892 - Epoch 1/200 - LR: 0.0001 - Train Loss: 0.6943 - Val Loss: 0.6904
2026-06-02 19:40:26,138 - Epoch 2/200 - LR: 0.0001 - Train Loss: 0.6919 - Val Loss: 0.6846
2026-06-02 19:40:27,397 - Epoch 3/200 - LR: 0.0001 - Train Loss: 0.6860 - Val Loss: 0.6641
2026-06-02 19:40:28,715 - Epoch 4/200 - LR: 0.0001 - Train Loss: 0.6649 - Val Loss: 0.6066
2026-06-02 19:40:30,009 - Epoch 5/200 - LR: 0.0001 - Train Loss: 0.6172 - Val Loss: 0.5755
2026-06-02 19:40:31,135 - Epoch 6/200 - LR: 0.0001 - Train Loss: 0.5808 - Val Loss: 0.5576
2026-06-02 19:40:32,314 - Epoch 7/200 - LR: 0.0001 - Train Loss: 0.5630 - Val Loss: 0.5545
2026-06-02 19:40:33,664 - Epoch 8/200 - LR: 0.0001 - Train Loss: 0.5277 - Val Loss: 0.5359
2026-06-02 19:40:34,858 - Epoch 9/200 - LR: 0.0001 - Train Loss: 0.5068 - Val Loss: 0.5496
2026-06-02 19:40:36,183 - Epoch 10/200 - LR: 0.0001 - Train Loss: 0.4885 - Val Loss: 0.5476
2026-06-02 19:40:37,374 - Epoch 11/200 - LR: 0.0001 - Train Loss: 0.4775 - Val Loss: 0.5115
2026-06-02 19:40:38,516 - Epoch 12/200 - LR: 0.0001 - Train Loss: 0.4467 - Val Loss: 0.5221
2026-06-02 19:40:39,625 - Epoch 13/200 - LR: 0.0001 - Train Loss: 0.4273 - Val Loss: 0.5233
2026-06-02 19:40:40,755 - Epoch 14/200 - LR: 0.0001 - Train Loss: 0.4085 - Val Loss: 0.5439
2026-06-02 19:40:41,950 - Epoch 15/200 - LR: 0.0001 - Train Loss: 0.4000 - Val Loss: 0.5550
2026-06-02 19:40:43,137 - Epoch 16/200 - LR: 0.0001 - Train Loss: 0.3937 - Val Loss: 0.5327
2026-06-02 19:40:44,320 - Epoch 17/200 - LR: 0.0001 - Train Loss: 0.3798 - Val Loss: 0.5370
2026-06-02 19:40:45,439 - Epoch 18/200 - LR: 0.0001 - Train Loss: 0.3647 - Val Loss: 0.5654
2026-06-02 19:40:46,546 - Epoch 19/200 - LR: 0.0001 - Train Loss: 0.3216 - Val Loss: 0.5801
2026-06-02 19:40:47,648 - Epoch 20/200 - LR: 5e-05 - Train Loss: 0.3114 - Val Loss: 0.6300
2026-06-02 19:40:48,783 - Epoch 21/200 - LR: 5e-05 - Train Loss: 0.3003 - Val Loss: 0.6120
2026-06-02 19:40:50,075 - Epoch 22/200 - LR: 5e-05 - Train Loss: 0.2835 - Val Loss: 0.6553
2026-06-02 19:40:51,244 - Epoch 23/200 - LR: 5e-05 - Train Loss: 0.2803 - Val Loss: 0.6399
2026-06-02 19:40:52,433 - Epoch 24/200 - LR: 5e-05 - Train Loss: 0.2723 - Val Loss: 0.6624
2026-06-02 19:40:53,660 - Epoch 25/200 - LR: 2.5e-05 - Train Loss: 0.2485 - Val Loss: 0.6824
2026-06-02 19:40:53,661 - Early stopping at epoch 25 (best MCC=0.5751)
2026-06-02 19:40:53,661 - Fold 2 Best Metrics:
2026-06-02 19:40:53,661 -   MCC       : 0.5751
2026-06-02 19:40:53,661 -   SN        : 0.8851
2026-06-02 19:40:53,661 -   SP        : 0.6774
2026-06-02 19:40:53,661 -   ACC       : 0.7814
2026-06-02 19:40:53,661 -   BACC      : 0.7812
2026-06-02 19:40:53,661 -   PRECISION : 0.7333
2026-06-02 19:40:53,661 -   F1        : 0.8021
2026-06-02 19:40:53,661 -   AUC       : 0.8442
2026-06-02 19:40:53,661 -   AUCPR     : 0.8160
2026-06-02 19:40:53,663 - ===== Fold 3/5 (train proteins: 810, val proteins: 202) =====
2026-06-02 19:40:54,784 - Epoch 1/200 - LR: 0.0001 - Train Loss: 0.6938 - Val Loss: 0.6894
2026-06-02 19:40:55,898 - Epoch 2/200 - LR: 0.0001 - Train Loss: 0.6924 - Val Loss: 0.6821
2026-06-02 19:40:57,023 - Epoch 3/200 - LR: 0.0001 - Train Loss: 0.6817 - Val Loss: 0.6367
2026-06-02 19:40:58,131 - Epoch 4/200 - LR: 0.0001 - Train Loss: 0.6458 - Val Loss: 0.6065
2026-06-02 19:40:59,234 - Epoch 5/200 - LR: 0.0001 - Train Loss: 0.5982 - Val Loss: 0.5383
2026-06-02 19:41:00,345 - Epoch 6/200 - LR: 0.0001 - Train Loss: 0.5581 - Val Loss: 0.5105
2026-06-02 19:41:01,439 - Epoch 7/200 - LR: 0.0001 - Train Loss: 0.5422 - Val Loss: 0.5070
2026-06-02 19:41:02,552 - Epoch 8/200 - LR: 0.0001 - Train Loss: 0.5122 - Val Loss: 0.4971
2026-06-02 19:41:03,709 - Epoch 9/200 - LR: 0.0001 - Train Loss: 0.4946 - Val Loss: 0.4926
2026-06-02 19:41:04,814 - Epoch 10/200 - LR: 0.0001 - Train Loss: 0.4746 - Val Loss: 0.4736
2026-06-02 19:41:05,947 - Epoch 11/200 - LR: 0.0001 - Train Loss: 0.4499 - Val Loss: 0.4889
2026-06-02 19:41:07,102 - Epoch 12/200 - LR: 0.0001 - Train Loss: 0.4351 - Val Loss: 0.4760
2026-06-02 19:41:08,472 - Epoch 13/200 - LR: 0.0001 - Train Loss: 0.4227 - Val Loss: 0.5047
2026-06-02 19:41:09,583 - Epoch 14/200 - LR: 0.0001 - Train Loss: 0.4105 - Val Loss: 0.4868
2026-06-02 19:41:10,708 - Epoch 15/200 - LR: 5e-05 - Train Loss: 0.3890 - Val Loss: 0.5090
2026-06-02 19:41:10,708 - Early stopping at epoch 15 (best MCC=0.5980)
2026-06-02 19:41:10,708 - Fold 3 Best Metrics:
2026-06-02 19:41:10,708 -   MCC       : 0.5980
2026-06-02 19:41:10,708 -   SN        : 0.7805
2026-06-02 19:41:10,708 -   SP        : 0.8173
2026-06-02 19:41:10,708 -   ACC       : 0.7986
2026-06-02 19:41:10,708 -   BACC      : 0.7989
2026-06-02 19:41:10,708 -   PRECISION : 0.8156
2026-06-02 19:41:10,708 -   F1        : 0.7977
2026-06-02 19:41:10,708 -   AUC       : 0.8674
2026-06-02 19:41:10,709 -   AUCPR     : 0.8681
2026-06-02 19:41:10,710 - ===== Fold 4/5 (train proteins: 810, val proteins: 202) =====
2026-06-02 19:41:11,842 - Epoch 1/200 - LR: 0.0001 - Train Loss: 0.6941 - Val Loss: 0.6887
2026-06-02 19:41:12,991 - Epoch 2/200 - LR: 0.0001 - Train Loss: 0.6906 - Val Loss: 0.6834
2026-06-02 19:41:14,131 - Epoch 3/200 - LR: 0.0001 - Train Loss: 0.6813 - Val Loss: 0.6407
2026-06-02 19:41:15,325 - Epoch 4/200 - LR: 0.0001 - Train Loss: 0.6416 - Val Loss: 0.6073
2026-06-02 19:41:16,450 - Epoch 5/200 - LR: 0.0001 - Train Loss: 0.5888 - Val Loss: 0.5696
2026-06-02 19:41:17,591 - Epoch 6/200 - LR: 0.0001 - Train Loss: 0.5478 - Val Loss: 0.5626
2026-06-02 19:41:18,676 - Epoch 7/200 - LR: 0.0001 - Train Loss: 0.5245 - Val Loss: 0.5583
2026-06-02 19:41:19,802 - Epoch 8/200 - LR: 0.0001 - Train Loss: 0.5099 - Val Loss: 0.5566
2026-06-02 19:41:20,931 - Epoch 9/200 - LR: 0.0001 - Train Loss: 0.4943 - Val Loss: 0.5387
2026-06-02 19:41:22,131 - Epoch 10/200 - LR: 0.0001 - Train Loss: 0.4786 - Val Loss: 0.5710
2026-06-02 19:41:23,287 - Epoch 11/200 - LR: 0.0001 - Train Loss: 0.4462 - Val Loss: 0.5703
2026-06-02 19:41:24,387 - Epoch 12/200 - LR: 0.0001 - Train Loss: 0.4347 - Val Loss: 0.5467
2026-06-02 19:41:25,517 - Epoch 13/200 - LR: 0.0001 - Train Loss: 0.4184 - Val Loss: 0.5566
2026-06-02 19:41:26,697 - Epoch 14/200 - LR: 0.0001 - Train Loss: 0.3954 - Val Loss: 0.5696
2026-06-02 19:41:27,869 - Epoch 15/200 - LR: 0.0001 - Train Loss: 0.3895 - Val Loss: 0.5812
2026-06-02 19:41:29,032 - Epoch 16/200 - LR: 0.0001 - Train Loss: 0.3555 - Val Loss: 0.5673
2026-06-02 19:41:30,166 - Epoch 17/200 - LR: 0.0001 - Train Loss: 0.3572 - Val Loss: 0.6054
2026-06-02 19:41:31,231 - Epoch 18/200 - LR: 0.0001 - Train Loss: 0.3331 - Val Loss: 0.6075
2026-06-02 19:41:32,268 - Epoch 19/200 - LR: 5e-05 - Train Loss: 0.3323 - Val Loss: 0.6779
2026-06-02 19:41:32,268 - Early stopping at epoch 19 (best MCC=0.5645)
2026-06-02 19:41:32,269 - Fold 4 Best Metrics:
2026-06-02 19:41:32,269 -   MCC       : 0.5645
2026-06-02 19:41:32,269 -   SN        : 0.8451
2026-06-02 19:41:32,269 -   SP        : 0.7156
2026-06-02 19:41:32,269 -   ACC       : 0.7791
2026-06-02 19:41:32,269 -   BACC      : 0.7803
2026-06-02 19:41:32,269 -   PRECISION : 0.7407
2026-06-02 19:41:32,269 -   F1        : 0.7895
2026-06-02 19:41:32,269 -   AUC       : 0.8396
2026-06-02 19:41:32,269 -   AUCPR     : 0.8383
2026-06-02 19:41:32,271 - ===== Fold 5/5 (train proteins: 809, val proteins: 203) =====
2026-06-02 19:41:33,359 - Epoch 1/200 - LR: 0.0001 - Train Loss: 0.6955 - Val Loss: 0.6964
2026-06-02 19:41:34,422 - Epoch 2/200 - LR: 0.0001 - Train Loss: 0.6934 - Val Loss: 0.6868
2026-06-02 19:41:35,626 - Epoch 3/200 - LR: 0.0001 - Train Loss: 0.6879 - Val Loss: 0.6588
2026-06-02 19:41:36,802 - Epoch 4/200 - LR: 0.0001 - Train Loss: 0.6697 - Val Loss: 0.5915
2026-06-02 19:41:37,920 - Epoch 5/200 - LR: 0.0001 - Train Loss: 0.6188 - Val Loss: 0.5462
2026-06-02 19:41:39,007 - Epoch 6/200 - LR: 0.0001 - Train Loss: 0.5733 - Val Loss: 0.5281
2026-06-02 19:41:40,081 - Epoch 7/200 - LR: 0.0001 - Train Loss: 0.5520 - Val Loss: 0.5083
2026-06-02 19:41:41,178 - Epoch 8/200 - LR: 0.0001 - Train Loss: 0.5311 - Val Loss: 0.5095
2026-06-02 19:41:42,243 - Epoch 9/200 - LR: 0.0001 - Train Loss: 0.5080 - Val Loss: 0.4961
2026-06-02 19:41:43,358 - Epoch 10/200 - LR: 0.0001 - Train Loss: 0.5118 - Val Loss: 0.4891
2026-06-02 19:41:44,644 - Epoch 11/200 - LR: 0.0001 - Train Loss: 0.4878 - Val Loss: 0.4822
2026-06-02 19:41:45,885 - Epoch 12/200 - LR: 0.0001 - Train Loss: 0.4699 - Val Loss: 0.4956
2026-06-02 19:41:47,128 - Epoch 13/200 - LR: 0.0001 - Train Loss: 0.4538 - Val Loss: 0.4909
2026-06-02 19:41:48,351 - Epoch 14/200 - LR: 0.0001 - Train Loss: 0.4451 - Val Loss: 0.4890
2026-06-02 19:41:49,432 - Epoch 15/200 - LR: 0.0001 - Train Loss: 0.4222 - Val Loss: 0.4969
2026-06-02 19:41:50,536 - Epoch 16/200 - LR: 0.0001 - Train Loss: 0.3961 - Val Loss: 0.5033
2026-06-02 19:41:51,659 - Epoch 17/200 - LR: 0.0001 - Train Loss: 0.3934 - Val Loss: 0.4849
2026-06-02 19:41:52,737 - Epoch 18/200 - LR: 0.0001 - Train Loss: 0.3761 - Val Loss: 0.5174
2026-06-02 19:41:53,814 - Epoch 19/200 - LR: 0.0001 - Train Loss: 0.3532 - Val Loss: 0.5342
2026-06-02 19:41:55,014 - Epoch 20/200 - LR: 0.0001 - Train Loss: 0.3385 - Val Loss: 0.6050
2026-06-02 19:41:56,201 - Epoch 21/200 - LR: 5e-05 - Train Loss: 0.3190 - Val Loss: 0.5398
2026-06-02 19:41:57,355 - Epoch 22/200 - LR: 5e-05 - Train Loss: 0.2872 - Val Loss: 0.6012
2026-06-02 19:41:58,422 - Epoch 23/200 - LR: 5e-05 - Train Loss: 0.2862 - Val Loss: 0.5740
2026-06-02 19:41:59,509 - Epoch 24/200 - LR: 5e-05 - Train Loss: 0.2683 - Val Loss: 0.6079
2026-06-02 19:42:00,596 - Epoch 25/200 - LR: 5e-05 - Train Loss: 0.2614 - Val Loss: 0.6183
2026-06-02 19:42:01,688 - Epoch 26/200 - LR: 2.5e-05 - Train Loss: 0.2355 - Val Loss: 0.6323
2026-06-02 19:42:01,688 - Early stopping at epoch 26 (best MCC=0.5874)
2026-06-02 19:42:01,688 - Fold 5 Best Metrics:
2026-06-02 19:42:01,688 -   MCC       : 0.5874
2026-06-02 19:42:01,688 -   SN        : 0.7899
2026-06-02 19:42:01,688 -   SP        : 0.7978
2026-06-02 19:42:01,688 -   ACC       : 0.7940
2026-06-02 19:42:01,688 -   BACC      : 0.7938
2026-06-02 19:42:01,688 -   PRECISION : 0.7804
2026-06-02 19:42:01,688 -   F1        : 0.7851
2026-06-02 19:42:01,688 -   AUC       : 0.8610
2026-06-02 19:42:01,688 -   AUCPR     : 0.8426
2026-06-02 19:42:01,689 - ==============================
2026-06-02 19:42:01,689 - Cross-Validation Results:
2026-06-02 19:42:01,689 -   MCC       : 0.573 ± 0.019
2026-06-02 19:42:01,689 -   SN        : 0.816 ± 0.042
2026-06-02 19:42:01,689 -   SP        : 0.754 ± 0.052
2026-06-02 19:42:01,689 -   ACC       : 0.785 ± 0.010
2026-06-02 19:42:01,689 -   BACC      : 0.785 ± 0.010
2026-06-02 19:42:01,689 -   PRECISION : 0.771 ± 0.030
2026-06-02 19:42:01,689 -   F1        : 0.791 ± 0.008
2026-06-02 19:42:01,690 -   AUC       : 0.849 ± 0.013
2026-06-02 19:42:01,690 -   AUCPR     : 0.842 ± 0.017
2026-06-02 19:42:01,690 - ==============================
2026-06-02 19:42:01,690 - Evaluating ensemble on test set...
2026-06-02 19:42:02,332 - Final Test Metrics (Ensemble):
2026-06-02 19:42:02,332 -   MCC       : 0.625
2026-06-02 19:42:02,332 -   SN        : 0.804
2026-06-02 19:42:02,332 -   SP        : 0.820
2026-06-02 19:42:02,332 -   ACC       : 0.812
2026-06-02 19:42:02,332 -   BACC      : 0.812
2026-06-02 19:42:02,333 -   PRECISION : 0.817
2026-06-02 19:42:02,333 -   F1        : 0.811
2026-06-02 19:42:02,333 -   AUC       : 0.882
2026-06-02 19:42:02,333 -   AUCPR     : 0.895
