2026-06-02 19:42:02,369 - ============================================================
2026-06-02 19:42:02,369 - GAT LAYERS: 2
2026-06-02 19:42:02,369 - ============================================================
2026-06-02 19:42:02,370 - Hyperparameters:
2026-06-02 19:42:02,370 -   Batch Size: 128
2026-06-02 19:42:02,370 -   Learning Rate: 0.0001
2026-06-02 19:42:02,370 -   Weight Decay: 0.001
2026-06-02 19:42:02,370 -   Epochs: 200
2026-06-02 19:42:02,370 -   K-Folds: 5
2026-06-02 19:42:02,370 -   Patience: 5
2026-06-02 19:42:02,370 -   Early Stop Metric: MCC
2026-06-02 19:42:02,370 -   Node Feature Dimension: 1280
2026-06-02 19:42:02,370 -   Sequence Feature Dimension: 21 (20 AA + 1 X)
2026-06-02 19:42:02,370 -   Hidden Dimension: 128
2026-06-02 19:42:02,370 -   LR Scheduler: ReduceLROnPlateau(factor=0.5, patience=3, min_lr=1e-06)
2026-06-02 19:42:02,370 -   Cross-Validation: GroupKFold (group = protein name)
2026-06-02 19:42:02,370 - ============================================================
2026-06-02 19:42:02,370 - Loading training data from data/train_embedding_graph.pt...
2026-06-02 19:42:04,585 - Number of unique proteins (groups): 1012
2026-06-02 19:42:04,585 - Proteins: AASDH, AATF, ABCF1, ABCF2, ABCF3, ABITRAM, ABRAXAS1, ACADVL, ACAT1, ACIN1, ACLY, ACO2, ACOT13, ACOT9, ACSF2, ADAR, ADNP, AFF4, AGFG2, AGGF1, AHCYL2, AHSA1, AIF1L, AKAP8L, ALDH18A1, ALDH9A1, ALDOA, ALG9, ALKBH3, ALKBH5, ALYREF, ANLN, ANXA2, APBB1, APEX1, APIP, ARFGAP1, ARFGAP2, ARFIP1, ARID3A, ARID4B, ARL3, ARL6IP4, ARMC1, ARPC2, ARPC5, ARPIN, ASPSCR1, ATF7IP, ATG12, ATP5F1A, ATP5F1B, ATP5IF1, ATP5PD, ATP5PO, ATP6V1E1, ATP6V1G1, ATPAF1, ATXN2L, ATXN3, AUH, AURKA, BAG2, BBS9, BBX, BCLAF1, BLNK, BMS1, BRD2, BRD4, BRIX1, BRPF1, BTF3, BUB1B, BUD23, BUD31, C12orf45, C16orf87, C19orf47, C19orf53, C1orf131, C1orf174, C1orf198, C1orf52, C7orf50, C9orf78, CACYBP, CALD1, CALU, CANX, CAPZA1, CAPZB, CAST, CAVIN1, CBFB, CBX5, CC2D1A, CCDC117, CCDC124, CCDC137, CCDC59, CCDC71, CCDC82, CCDC86, CCNH, CCNK, CCNT1, CCT2, CCT3, CCT5, CCT8, CD2BP2, CDC37, CDC40, CDC5L, CDC73, CDCA2, CDK7, CDK9, CDKN2AIP, CDV3, CDYL, CENPV, CEP131, CFL1, CHAF1A, CHAF1B, CHAMP1, CHERP, CHMP1B, CHMP2A, CHMP2B, CHMP4B, CHMP5, CHRAC1, CHTOP, CIAPIN1, CKAP2L, CKS2, CLASRP, CLINT1, CMAS, CMTR1, CNN3, CNP, COIL, COPS7A, CORO1B, CPNE1, CPSF3, CREB1, CRIPT, CRNKL1, CRTC3, CS, CSNK2B, CSRP1, CTCF, CTDP1, CTTN, CUEDC2, CUL1, CUL3, CWC15, CWC22, CWC27, CXorf56, CYCS, CZIB, DAXX, DBNL, DBR1, DBT, DCPS, DCUN1D5, DDA1, DDB1, DDB2, DDHD1, DDX10, DDX17, DDX18, DDX21, DDX23, DDX24, DDX27, DDX31, DDX39B, DDX41, DDX42, DDX46, DDX47, DDX52, DEK, DFFA, DGCR8, DHX16, DHX36, DHX37, DHX38, DHX9, DIEXF, DIMT1, DIS3, DKC1, DLAT, DLG3, DLGAP4, DNAJA3, DNAJB1, DNAJC17, DNAJC8, DNTTIP2, DPF2, DR1, DRAP1, DTD1, DUS1L, DUS3L, DUT, EAF1, EBAG9, EBNA1BP2, ECHDC1, ECI1, ECI2, ECT2, EDC3, EDF1, EED, EEF1G, EHMT1, EIF1AD, EIF1AX, EIF2B3, EIF2S2, EIF3A, EIF3CL, EIF3D, EIF3E, EIF3G, EIF3J, EIF4A3, EIF4EBP1, EIF4G2, EIF4H, EIF5, EIF5A, EIF5B, ELAC2, ELAVL1, ELOA, ELOF1, EMD, EML4, EMSY, ENO1, ENSA, EPB41L2, EPC2, ERCC3, ERF, ESF1, ESRRA, ETFA, ETFB, EXOC1, EXOSC10, EYA3, FABP5, FAIM, FAM126A, FAM133B, FAM50A, FAM76B, FANCI, FBXO45, FEN1, FER, FH, FHL1, FIP1L1, FKBP3, FKBP4, FLYWCH2, FMC1, FNBP4, FOXK2, FRG1, G3BP1, GABPA, GATAD2A, GATB, GFM2, GGCX, GIGYF2, GINS3, GIPC1, GLRA1, GLS, GMNN, GMPR2, GNL3, GNL3L, GOT2, GPALPP1, GPATCH1, GPATCH11, GPI, GPKOW, GRPEL1, GSE1, GTF2E2, GTF2F1, GTF2F2, GTF2H1, GTF2I, GTF3C2, GTF3C4, GTF3C5, GTPBP1, GTSE1, H2BC18, H3C1, H4C1, HADHA, HADHB, HAT1, HDAC2, HDGFL2, HDLBP, HEATR3, HELLS, HEXIM1, HIBCH, HIC2, HINT1, HIRIP3, HLTF, HMBS, HMG20A, HMGA2, HMGN1, HMOX2, HNRNPA1, HNRNPC, HNRNPDL, HNRNPH1, HNRNPK, HNRNPL, HNRNPM, HNRNPR, HNRNPU, HSP90AA1, HSP90AB2P, HSPA4, HSPA9, HSPD1, HSPE1, IARS2, ICE2, IDH2, IGHMBP2, IK, ILF3, ILKAP, INCENP, INIP, INO80B, INTS10, INTS12, INTS4, IRF2, IRF2BP1, IRF2BP2, IWS1, JADE3, JPH2, JPT1, JPT2, KARS1, KAT7, KCTD16, KDM2B, KDM4A, KHDC4, KHDRBS1, KHSRP, KIAA1143, KIF22, KIF23, KIF2A, KIF4A, KIF5B, KIFC1, KIN, KPNA1, KRI1, KRR1, LARP1, LARP7, LASP1, LCORL, LDHA, LEMD3, LIG1, LIMA1, LMNA, LPP, LRPPRC, LRRC40, LRRC41, LRRC59, LSM14A, LUZP1, LYAR, LYSMD3, LZTS2, MACROD1, MACROH2A1, MAGED1, MAGED2, MAGOHB, MAP2K7, MAP4, MAPK13, MAPRE3, MASTL, MATR3, MB21D2, MBD1, MBD2, MCEE, MCM3, MCRS1, MCU, MDH2, ME2, MEAF6, MECP2, MED27, MED4, MED6, MEN1, MEPCE, METTL1, METTL16, MFAP1, MIDEAS, MKRN2, MLH1, MMAB, MMTAG2, MNAT1, MOB3A, MORF4L1, MPHOSPH6, MPHOSPH8, MRE11, MRPL12, MRPL44, MRPL47, MRPS28, MRTO4, MSH2, MSH6, MSL1, MSL3P1, MTA1, MTHFD1L, MTHFD2, MTREX, MVD, MYBBP1A, MYBL2, MYL6B, MYO6, N4BP1, NAB2, NACC1, NAMPT, NASP, NAT10, NBN, NCAPG, NCAPH, NCAPH2, NCBP1, NCBP3, NCK2, NCKAP1, NCL, NDUFAF4, NDUFAF7, NDUFV3, NEBL, NECAP1, NEFL, NELFA, NELFE, NEXN, NFIA, NFX1, NFYA, NHLRC2, NIFK, NIPSNAP3A, NKAP, NKIRAS2, NKRF, NNT, NOC3L, NOL11, NOL6, NOL7, NOL8, NOP14, NOP2, NOP56, NOP58, NOP9, NOSIP, NPM1, NSD2, NSFL1C, NSMCE4A, NSRP1, NUCKS1, NUDC, NUDT21, NUFIP2, NUP50, NUSAP1, NVL, OAT, OBI1, OCIAD1, OCLN, OGFR, OGT, OR4Q3, ORC2, ORC3, ORC4, OSBPL8, OTUD3, OTUD5, OTUD7B, OXCT1, PA2G4, PACS1, PAICS, PAK1IP1, PAPSS1, PARD3, PARN, PARP1, PARVB, PATZ1, PAWR, PAXIP1, PAXX, PBK, PCBP2, PCGF1, PCLAF, PCNA, PCNP, PDAP1, PDCD4, PDCD5, PDCL3, PDHA1, PDLIM1, PDLIM3, PDLIM5, PELP1, PES1, PFDN2, PFKP, PGAM1, PHAX, PHB2, PHC1, PHC2, PHC3, PHF10, PHF2, PHF20L1, PHF21A, PHF23, PHF5A, PHF6, PHLDB2, PIN4, PKN2, PLK1, PLS3, PML, PMPCB, PMS2, PNKP, PNN, PNPT1, POC5, POLA2, POLD1, POLD2, POLD3, POLD4, POLE4, POLR1G, POM121, PPA2, PPAN, PPFIA1, PPIL2, PPIL4, PPM1G, PPME1, PPP1CA, PPP1R11, PPP1R14C, PPP1R2, PPP2R5D, PPP4R3A, PPWD1, PQBP1, PRCC, PRDX3, PRKRIP1, PRMT5, PRORP, PRPF3, PRPF31, PRPF38B, PRPF4, PRPF6, PRR15, PRR3, PSIP1, PSMA8, PSMD3, PSMD4, PSMD9, PSME3IP1, PTBP1, PTCD3, PTMS, PTPN11, PTPN2, PTRHD1, PUF60, PUM3, PWP2, PWWP2A, PYROXD1, QRICH1, RACGAP1, RAD17, RAD21, RAD51AP1, RAN, RANBP3, RB1, RBBP4, RBBP5, RBM10, RBM14, RBM15, RBM17, RBM20, RBM22, RBM25, RBM26, RBM27, RBM28, RBM33, RBM39, RBM6, RBMX, RCC1, RCC2, RDX, RECQL, RECQL5, REXO1, REXO2, RFC1, RFX5, RIOX2, RNASEH2B, RNF113A, RNF114, RNF169, RNF40, RNGTT, RNMT, RPA1, RPAP2, RPL10, RPL10A, RPL11, RPL13, RPL14, RPL17, RPL18A, RPL19, RPL21, RPL22, RPL23A, RPL24, RPL27, RPL27A, RPL28, RPL29, RPL3, RPL30, RPL31, RPL34, RPL36, RPL4, RPL5, RPL7A, RPL7L1, RPL9, RPP30, RPP38, RPS10, RPS11, RPS14, RPS19, RPS20, RPS23, RPS25, RPS27A, RPS3, RPS3A, RPS4X, RPS6, RPS6KA4, RPS6KB1, RPS7, RPS8, RPS9, RPSA, RRN3, RRP12, RRP1B, RRP8, RRS1, RSBN1L, RSL1D1, RSRC2, RTEL1, RTF1, RTF2, RTKN, RYBP, S100A10, S100A11, SAE1, SAFB2, SAMHD1, SAP30, SAP30BP, SARNP, SARS2, SART1, SART3, SATB2, SCML2, SCNM1, SDAD1, SDHA, SEC61B, SEC63, SELENOH, SENP3, SENP6, SEPTIN2, SEPTIN9, SERF2, SET, SETD3, SETDB1, SF1, SF3A1, SF3A2, SF3A3, SF3B1, SF3B2, SFMBT1, SFPQ, SH3GL1, SH3GLB1, SHMT2, SIN3A, SIN3B, SINHCAF, SIRPA, SLBP, SLC25A3, SLC25A5, SLC27A4, SLC4A1AP, SLC6A7, SLTM, SLU7, SMAP, SMARCA1, SMARCAD1, SMARCAL1, SMARCC2, SMC3, SMC4, SMC5, SMN1, SMNDC1, SNCA, SNF8, SNRNP27, SNRNP40, SNRPA, SNRPA1, SNRPE, SNW1, SNX6, SNX9, SOD2, SPAG7, SPART, SPECC1L, SRBD1, SREK1, SRP14, SRRM1, SRSF10, SRSF3, SRSF4, SS18, SSB, SSRP1, STAG1, STARD13, STAT6, STIM1, STIP1, STK38L, STMN2, STOML2, STRN3, STT3B, SUB1, SUCLA2, SUDS3, SUGP1, SUGP2, SUMO2, SUPT16H, SUPT5H, SURF6, SUZ12, SYMPK, TAF3, TAF6L, TAGLN2, TASP1, TBC1D13, TBC1D24, TBCB, TBL3, TCF19, TCF25, TCF3, TDP1, TERF2, TERF2IP, TES, TESK2, TEX10, TFIP11, THAP12, THAP4, THOC5, THRAP3, THUMPD1, THUMPD2, THYN1, TIMELESS, TIMM44, TK1, TLE3, TLK2, TMA16, TMLHE, TMPO, TOM1L1, TOP1, TOX4, TP53I11, TP73, TPX2, TRA2B, TRIM28, TRIM33, TRIR, TRMT1, TRMT10A, TRMT6, TRPS1, TSNAX, TSR1, TTC12, TTC33, TTLL12, TUFM, TUT1, TXNDC9, U2SURP, UBA1, UBE2E3, UBE2K, UBE2M, UBE2S, UBE2V2, UBN1, UBXN1, UBXN7, UHRF1, UIMC1, UNC119B, UNC45A, UPF1, UQCRC2, USP10, USP13, USP22, USP48, UTP11, UTP14A, UTP18, UTP3, VCPIP1, VPS33B, VPS72, VRK1, WAC, WAPL, WBP11, WBP4, WDHD1, WDR12, WDR33, WDR4, WDR43, WDR45B, WDR46, WDR70, WIZ, XPC, XPO5, XRCC4, XRCC5, XRCC6, YAP1, YARS1, YTHDC1, YWHAH, YY1, ZBTB34, ZBTB4, ZBTB7A, ZBTB7B, ZC3H11A, ZC3H14, ZC3H15, ZC3H4, ZC3H8, ZC3HC1, ZCCHC8, ZFAND6, ZFP91, ZFR, ZHX3, ZMAT2, ZMYM3, ZMYND8, ZNF148, ZNF174, ZNF207, ZNF217, ZNF280C, ZNF326, ZNF384, ZNF512, ZNF512B, ZNF516, ZNF592, ZNF618, ZNF639, ZNF644, ZNF687, ZNF706, ZNF787, ZNF800, ZNF804B, ZNF830, ZRANB1, ZRANB2, ZYX, ZZZ3
2026-06-02 19:42:04,601 - ===== Fold 1/5 (train proteins: 809, val proteins: 203) =====
2026-06-02 19:42:05,673 - Epoch 1/200 - LR: 0.0001 - Train Loss: 0.6974 - Val Loss: 0.6846
2026-06-02 19:42:06,771 - Epoch 2/200 - LR: 0.0001 - Train Loss: 0.6933 - Val Loss: 0.6716
2026-06-02 19:42:07,845 - Epoch 3/200 - LR: 0.0001 - Train Loss: 0.6794 - Val Loss: 0.6329
2026-06-02 19:42:08,935 - Epoch 4/200 - LR: 0.0001 - Train Loss: 0.6377 - Val Loss: 0.5932
2026-06-02 19:42:10,083 - Epoch 5/200 - LR: 0.0001 - Train Loss: 0.5899 - Val Loss: 0.5847
2026-06-02 19:42:11,244 - Epoch 6/200 - LR: 0.0001 - Train Loss: 0.5499 - Val Loss: 0.5811
2026-06-02 19:42:12,457 - Epoch 7/200 - LR: 0.0001 - Train Loss: 0.5350 - Val Loss: 0.5889
2026-06-02 19:42:13,685 - Epoch 8/200 - LR: 0.0001 - Train Loss: 0.5172 - Val Loss: 0.5595
2026-06-02 19:42:14,904 - Epoch 9/200 - LR: 0.0001 - Train Loss: 0.5053 - Val Loss: 0.5733
2026-06-02 19:42:16,105 - Epoch 10/200 - LR: 0.0001 - Train Loss: 0.4757 - Val Loss: 0.5553
2026-06-02 19:42:17,301 - Epoch 11/200 - LR: 0.0001 - Train Loss: 0.4548 - Val Loss: 0.5425
2026-06-02 19:42:18,520 - Epoch 12/200 - LR: 0.0001 - Train Loss: 0.4400 - Val Loss: 0.5554
2026-06-02 19:42:19,778 - Epoch 13/200 - LR: 0.0001 - Train Loss: 0.4207 - Val Loss: 0.5674
2026-06-02 19:42:20,969 - Epoch 14/200 - LR: 0.0001 - Train Loss: 0.4043 - Val Loss: 0.6059
2026-06-02 19:42:22,139 - Epoch 15/200 - LR: 0.0001 - Train Loss: 0.3754 - Val Loss: 0.5855
2026-06-02 19:42:23,316 - Epoch 16/200 - LR: 0.0001 - Train Loss: 0.3709 - Val Loss: 0.5917
2026-06-02 19:42:24,543 - Epoch 17/200 - LR: 0.0001 - Train Loss: 0.3629 - Val Loss: 0.5892
2026-06-02 19:42:25,841 - Epoch 18/200 - LR: 0.0001 - Train Loss: 0.3291 - Val Loss: 0.6343
2026-06-02 19:42:27,216 - Epoch 19/200 - LR: 0.0001 - Train Loss: 0.3374 - Val Loss: 0.6191
2026-06-02 19:42:28,443 - Epoch 20/200 - LR: 0.0001 - Train Loss: 0.3030 - Val Loss: 0.6988
2026-06-02 19:42:29,671 - Epoch 21/200 - LR: 0.0001 - Train Loss: 0.2786 - Val Loss: 0.6992
2026-06-02 19:42:30,932 - Epoch 22/200 - LR: 5e-05 - Train Loss: 0.2563 - Val Loss: 0.7088
2026-06-02 19:42:30,932 - Early stopping at epoch 22 (best MCC=0.5480)
2026-06-02 19:42:30,932 - Fold 1 Best Metrics:
2026-06-02 19:42:30,932 -   MCC       : 0.5480
2026-06-02 19:42:30,932 -   SN        : 0.7982
2026-06-02 19:42:30,932 -   SP        : 0.7488
2026-06-02 19:42:30,932 -   ACC       : 0.7747
2026-06-02 19:42:30,932 -   BACC      : 0.7735
2026-06-02 19:42:30,932 -   PRECISION : 0.7778
2026-06-02 19:42:30,932 -   F1        : 0.7879
2026-06-02 19:42:30,932 -   AUC       : 0.8328
2026-06-02 19:42:30,932 -   AUCPR     : 0.8283
2026-06-02 19:42:30,934 - ===== Fold 2/5 (train proteins: 810, val proteins: 202) =====
2026-06-02 19:42:32,167 - Epoch 1/200 - LR: 0.0001 - Train Loss: 0.6956 - Val Loss: 0.6837
2026-06-02 19:42:33,457 - Epoch 2/200 - LR: 0.0001 - Train Loss: 0.6890 - Val Loss: 0.6789
2026-06-02 19:42:34,823 - Epoch 3/200 - LR: 0.0001 - Train Loss: 0.6699 - Val Loss: 0.6128
2026-06-02 19:42:36,146 - Epoch 4/200 - LR: 0.0001 - Train Loss: 0.6268 - Val Loss: 0.5862
2026-06-02 19:42:37,390 - Epoch 5/200 - LR: 0.0001 - Train Loss: 0.5840 - Val Loss: 0.5638
2026-06-02 19:42:38,613 - Epoch 6/200 - LR: 0.0001 - Train Loss: 0.5441 - Val Loss: 0.5820
2026-06-02 19:42:39,886 - Epoch 7/200 - LR: 0.0001 - Train Loss: 0.5319 - Val Loss: 0.5453
2026-06-02 19:42:41,114 - Epoch 8/200 - LR: 0.0001 - Train Loss: 0.5078 - Val Loss: 0.5659
2026-06-02 19:42:42,376 - Epoch 9/200 - LR: 0.0001 - Train Loss: 0.4992 - Val Loss: 0.5607
2026-06-02 19:42:43,630 - Epoch 10/200 - LR: 0.0001 - Train Loss: 0.4796 - Val Loss: 0.5393
2026-06-02 19:42:44,994 - Epoch 11/200 - LR: 0.0001 - Train Loss: 0.4602 - Val Loss: 0.5494
2026-06-02 19:42:46,280 - Epoch 12/200 - LR: 0.0001 - Train Loss: 0.4478 - Val Loss: 0.5482
2026-06-02 19:42:47,504 - Epoch 13/200 - LR: 0.0001 - Train Loss: 0.4297 - Val Loss: 0.5501
2026-06-02 19:42:48,731 - Epoch 14/200 - LR: 0.0001 - Train Loss: 0.4056 - Val Loss: 0.5576
2026-06-02 19:42:49,914 - Epoch 15/200 - LR: 0.0001 - Train Loss: 0.3960 - Val Loss: 0.5584
2026-06-02 19:42:51,201 - Epoch 16/200 - LR: 0.0001 - Train Loss: 0.3854 - Val Loss: 0.5910
2026-06-02 19:42:52,439 - Epoch 17/200 - LR: 0.0001 - Train Loss: 0.3662 - Val Loss: 0.5732
2026-06-02 19:42:53,600 - Epoch 18/200 - LR: 0.0001 - Train Loss: 0.3344 - Val Loss: 0.6407
2026-06-02 19:42:54,799 - Epoch 19/200 - LR: 0.0001 - Train Loss: 0.3354 - Val Loss: 0.5761
2026-06-02 19:42:55,994 - Epoch 20/200 - LR: 0.0001 - Train Loss: 0.3024 - Val Loss: 0.6782
2026-06-02 19:42:57,199 - Epoch 21/200 - LR: 5e-05 - Train Loss: 0.2839 - Val Loss: 0.6843
2026-06-02 19:42:57,199 - Early stopping at epoch 21 (best MCC=0.5612)
2026-06-02 19:42:57,199 - Fold 2 Best Metrics:
2026-06-02 19:42:57,199 -   MCC       : 0.5612
2026-06-02 19:42:57,199 -   SN        : 0.8598
2026-06-02 19:42:57,199 -   SP        : 0.6935
2026-06-02 19:42:57,199 -   ACC       : 0.7768
2026-06-02 19:42:57,199 -   BACC      : 0.7767
2026-06-02 19:42:57,199 -   PRECISION : 0.7377
2026-06-02 19:42:57,199 -   F1        : 0.7941
2026-06-02 19:42:57,199 -   AUC       : 0.8420
2026-06-02 19:42:57,199 -   AUCPR     : 0.8299
2026-06-02 19:42:57,201 - ===== Fold 3/5 (train proteins: 810, val proteins: 202) =====
2026-06-02 19:42:58,598 - Epoch 1/200 - LR: 0.0001 - Train Loss: 0.6959 - Val Loss: 0.6882
2026-06-02 19:43:00,008 - Epoch 2/200 - LR: 0.0001 - Train Loss: 0.6943 - Val Loss: 0.6798
2026-06-02 19:43:01,258 - Epoch 3/200 - LR: 0.0001 - Train Loss: 0.6853 - Val Loss: 0.6537
2026-06-02 19:43:02,493 - Epoch 4/200 - LR: 0.0001 - Train Loss: 0.6681 - Val Loss: 0.6134
2026-06-02 19:43:03,708 - Epoch 5/200 - LR: 0.0001 - Train Loss: 0.6236 - Val Loss: 0.5655
2026-06-02 19:43:04,901 - Epoch 6/200 - LR: 0.0001 - Train Loss: 0.5810 - Val Loss: 0.5168
2026-06-02 19:43:06,110 - Epoch 7/200 - LR: 0.0001 - Train Loss: 0.5503 - Val Loss: 0.5350
2026-06-02 19:43:07,328 - Epoch 8/200 - LR: 0.0001 - Train Loss: 0.5387 - Val Loss: 0.4805
2026-06-02 19:43:08,589 - Epoch 9/200 - LR: 0.0001 - Train Loss: 0.4994 - Val Loss: 0.4861
2026-06-02 19:43:09,956 - Epoch 10/200 - LR: 0.0001 - Train Loss: 0.4961 - Val Loss: 0.4726
2026-06-02 19:43:11,192 - Epoch 11/200 - LR: 0.0001 - Train Loss: 0.4863 - Val Loss: 0.4841
2026-06-02 19:43:12,396 - Epoch 12/200 - LR: 0.0001 - Train Loss: 0.4740 - Val Loss: 0.4932
2026-06-02 19:43:13,655 - Epoch 13/200 - LR: 0.0001 - Train Loss: 0.4511 - Val Loss: 0.4880
2026-06-02 19:43:14,889 - Epoch 14/200 - LR: 0.0001 - Train Loss: 0.4415 - Val Loss: 0.4928
2026-06-02 19:43:16,070 - Epoch 15/200 - LR: 5e-05 - Train Loss: 0.4224 - Val Loss: 0.4826
2026-06-02 19:43:16,070 - Early stopping at epoch 15 (best MCC=0.5849)
2026-06-02 19:43:16,070 - Fold 3 Best Metrics:
2026-06-02 19:43:16,070 -   MCC       : 0.5849
2026-06-02 19:43:16,070 -   SN        : 0.7647
2026-06-02 19:43:16,070 -   SP        : 0.8197
2026-06-02 19:43:16,070 -   ACC       : 0.7917
2026-06-02 19:43:16,071 -   BACC      : 0.7922
2026-06-02 19:43:16,071 -   PRECISION : 0.8145
2026-06-02 19:43:16,071 -   F1        : 0.7888
2026-06-02 19:43:16,071 -   AUC       : 0.8687
2026-06-02 19:43:16,071 -   AUCPR     : 0.8705
2026-06-02 19:43:16,072 - ===== Fold 4/5 (train proteins: 810, val proteins: 202) =====
2026-06-02 19:43:17,257 - Epoch 1/200 - LR: 0.0001 - Train Loss: 0.6961 - Val Loss: 0.6896
2026-06-02 19:43:18,440 - Epoch 2/200 - LR: 0.0001 - Train Loss: 0.6933 - Val Loss: 0.6839
2026-06-02 19:43:19,617 - Epoch 3/200 - LR: 0.0001 - Train Loss: 0.6851 - Val Loss: 0.6598
2026-06-02 19:43:20,794 - Epoch 4/200 - LR: 0.0001 - Train Loss: 0.6555 - Val Loss: 0.6138
2026-06-02 19:43:22,002 - Epoch 5/200 - LR: 0.0001 - Train Loss: 0.5976 - Val Loss: 0.5815
2026-06-02 19:43:23,351 - Epoch 6/200 - LR: 0.0001 - Train Loss: 0.5651 - Val Loss: 0.5657
2026-06-02 19:43:24,543 - Epoch 7/200 - LR: 0.0001 - Train Loss: 0.5409 - Val Loss: 0.5443
2026-06-02 19:43:25,714 - Epoch 8/200 - LR: 0.0001 - Train Loss: 0.5188 - Val Loss: 0.5327
2026-06-02 19:43:26,891 - Epoch 9/200 - LR: 0.0001 - Train Loss: 0.5018 - Val Loss: 0.5286
2026-06-02 19:43:28,105 - Epoch 10/200 - LR: 0.0001 - Train Loss: 0.4810 - Val Loss: 0.5193
2026-06-02 19:43:29,321 - Epoch 11/200 - LR: 0.0001 - Train Loss: 0.4791 - Val Loss: 0.5630
2026-06-02 19:43:30,536 - Epoch 12/200 - LR: 0.0001 - Train Loss: 0.4569 - Val Loss: 0.5315
2026-06-02 19:43:31,760 - Epoch 13/200 - LR: 0.0001 - Train Loss: 0.4283 - Val Loss: 0.6041
2026-06-02 19:43:32,945 - Epoch 14/200 - LR: 5e-05 - Train Loss: 0.4178 - Val Loss: 0.5923
2026-06-02 19:43:32,946 - Early stopping at epoch 14 (best MCC=0.5427)
2026-06-02 19:43:32,946 - Fold 4 Best Metrics:
2026-06-02 19:43:32,946 -   MCC       : 0.5427
2026-06-02 19:43:32,946 -   SN        : 0.7887
2026-06-02 19:43:32,946 -   SP        : 0.7540
2026-06-02 19:43:32,946 -   ACC       : 0.7710
2026-06-02 19:43:32,946 -   BACC      : 0.7713
2026-06-02 19:43:32,946 -   PRECISION : 0.7551
2026-06-02 19:43:32,946 -   F1        : 0.7715
2026-06-02 19:43:32,946 -   AUC       : 0.8267
2026-06-02 19:43:32,946 -   AUCPR     : 0.8141
2026-06-02 19:43:32,948 - ===== Fold 5/5 (train proteins: 809, val proteins: 203) =====
2026-06-02 19:43:34,219 - Epoch 1/200 - LR: 0.0001 - Train Loss: 0.6990 - Val Loss: 0.6899
2026-06-02 19:43:35,444 - Epoch 2/200 - LR: 0.0001 - Train Loss: 0.6931 - Val Loss: 0.6820
2026-06-02 19:43:36,688 - Epoch 3/200 - LR: 0.0001 - Train Loss: 0.6846 - Val Loss: 0.6412
2026-06-02 19:43:37,992 - Epoch 4/200 - LR: 0.0001 - Train Loss: 0.6595 - Val Loss: 0.5756
2026-06-02 19:43:39,296 - Epoch 5/200 - LR: 0.0001 - Train Loss: 0.5957 - Val Loss: 0.5343
2026-06-02 19:43:40,641 - Epoch 6/200 - LR: 0.0001 - Train Loss: 0.5656 - Val Loss: 0.5183
2026-06-02 19:43:41,833 - Epoch 7/200 - LR: 0.0001 - Train Loss: 0.5415 - Val Loss: 0.5112
2026-06-02 19:43:43,047 - Epoch 8/200 - LR: 0.0001 - Train Loss: 0.5271 - Val Loss: 0.5034
2026-06-02 19:43:44,231 - Epoch 9/200 - LR: 0.0001 - Train Loss: 0.5118 - Val Loss: 0.4832
2026-06-02 19:43:45,439 - Epoch 10/200 - LR: 0.0001 - Train Loss: 0.5013 - Val Loss: 0.4987
2026-06-02 19:43:46,629 - Epoch 11/200 - LR: 0.0001 - Train Loss: 0.4767 - Val Loss: 0.4690
2026-06-02 19:43:47,985 - Epoch 12/200 - LR: 0.0001 - Train Loss: 0.4566 - Val Loss: 0.5127
2026-06-02 19:43:49,191 - Epoch 13/200 - LR: 0.0001 - Train Loss: 0.4516 - Val Loss: 0.4735
2026-06-02 19:43:50,503 - Epoch 14/200 - LR: 0.0001 - Train Loss: 0.4309 - Val Loss: 0.4883
2026-06-02 19:43:51,595 - Epoch 15/200 - LR: 0.0001 - Train Loss: 0.4141 - Val Loss: 0.4927
2026-06-02 19:43:52,677 - Epoch 16/200 - LR: 0.0001 - Train Loss: 0.3996 - Val Loss: 0.4769
2026-06-02 19:43:53,817 - Epoch 17/200 - LR: 0.0001 - Train Loss: 0.3829 - Val Loss: 0.5156
2026-06-02 19:43:54,906 - Epoch 18/200 - LR: 0.0001 - Train Loss: 0.3787 - Val Loss: 0.5133
2026-06-02 19:43:55,991 - Epoch 19/200 - LR: 0.0001 - Train Loss: 0.3665 - Val Loss: 0.5260
2026-06-02 19:43:57,072 - Epoch 20/200 - LR: 0.0001 - Train Loss: 0.3278 - Val Loss: 0.5713
2026-06-02 19:43:58,166 - Epoch 21/200 - LR: 0.0001 - Train Loss: 0.3285 - Val Loss: 0.5559
2026-06-02 19:43:59,249 - Epoch 22/200 - LR: 5e-05 - Train Loss: 0.2946 - Val Loss: 0.5563
2026-06-02 19:44:00,336 - Epoch 23/200 - LR: 5e-05 - Train Loss: 0.2742 - Val Loss: 0.5957
2026-06-02 19:44:01,400 - Epoch 24/200 - LR: 5e-05 - Train Loss: 0.2772 - Val Loss: 0.5663
2026-06-02 19:44:02,470 - Epoch 25/200 - LR: 5e-05 - Train Loss: 0.2467 - Val Loss: 0.6011
2026-06-02 19:44:03,523 - Epoch 26/200 - LR: 5e-05 - Train Loss: 0.2329 - Val Loss: 0.6212
2026-06-02 19:44:04,738 - Epoch 27/200 - LR: 2.5e-05 - Train Loss: 0.2270 - Val Loss: 0.6399
2026-06-02 19:44:04,738 - Early stopping at epoch 27 (best MCC=0.5952)
2026-06-02 19:44:04,738 - Fold 5 Best Metrics:
2026-06-02 19:44:04,738 -   MCC       : 0.5952
2026-06-02 19:44:04,738 -   SN        : 0.8285
2026-06-02 19:44:04,738 -   SP        : 0.7670
2026-06-02 19:44:04,738 -   ACC       : 0.7963
2026-06-02 19:44:04,738 -   BACC      : 0.7978
2026-06-02 19:44:04,738 -   PRECISION : 0.7639
2026-06-02 19:44:04,738 -   F1        : 0.7949
2026-06-02 19:44:04,738 -   AUC       : 0.8650
2026-06-02 19:44:04,738 -   AUCPR     : 0.8448
2026-06-02 19:44:04,738 - ==============================
2026-06-02 19:44:04,738 - Cross-Validation Results:
2026-06-02 19:44:04,739 -   MCC       : 0.566 ± 0.020
2026-06-02 19:44:04,739 -   SN        : 0.808 ± 0.033
2026-06-02 19:44:04,739 -   SP        : 0.757 ± 0.040
2026-06-02 19:44:04,739 -   ACC       : 0.782 ± 0.010
2026-06-02 19:44:04,739 -   BACC      : 0.782 ± 0.011
2026-06-02 19:44:04,739 -   PRECISION : 0.770 ± 0.026
2026-06-02 19:44:04,739 -   F1        : 0.787 ± 0.008
2026-06-02 19:44:04,739 -   AUC       : 0.847 ± 0.017
2026-06-02 19:44:04,739 -   AUCPR     : 0.838 ± 0.019
2026-06-02 19:44:04,739 - ==============================
2026-06-02 19:44:04,739 - Evaluating ensemble on test set...
2026-06-02 19:44:05,491 - Final Test Metrics (Ensemble):
2026-06-02 19:44:05,491 -   MCC       : 0.620
2026-06-02 19:44:05,491 -   SN        : 0.808
2026-06-02 19:44:05,491 -   SP        : 0.812
2026-06-02 19:44:05,491 -   ACC       : 0.810
2026-06-02 19:44:05,491 -   BACC      : 0.810
2026-06-02 19:44:05,491 -   PRECISION : 0.811
2026-06-02 19:44:05,491 -   F1        : 0.810
2026-06-02 19:44:05,491 -   AUC       : 0.881
2026-06-02 19:44:05,491 -   AUCPR     : 0.890
