2026-06-02 19:48:28,508 - ============================================================
2026-06-02 19:48:28,508 - GAT LAYERS: 5
2026-06-02 19:48:28,508 - ============================================================
2026-06-02 19:48:28,508 - Hyperparameters:
2026-06-02 19:48:28,508 -   Batch Size: 128
2026-06-02 19:48:28,508 -   Learning Rate: 0.0001
2026-06-02 19:48:28,508 -   Weight Decay: 0.001
2026-06-02 19:48:28,508 -   Epochs: 200
2026-06-02 19:48:28,508 -   K-Folds: 5
2026-06-02 19:48:28,508 -   Patience: 5
2026-06-02 19:48:28,508 -   Early Stop Metric: MCC
2026-06-02 19:48:28,508 -   Node Feature Dimension: 1280
2026-06-02 19:48:28,508 -   Sequence Feature Dimension: 21 (20 AA + 1 X)
2026-06-02 19:48:28,508 -   Hidden Dimension: 128
2026-06-02 19:48:28,508 -   LR Scheduler: ReduceLROnPlateau(factor=0.5, patience=3, min_lr=1e-06)
2026-06-02 19:48:28,508 -   Cross-Validation: GroupKFold (group = protein name)
2026-06-02 19:48:28,508 - ============================================================
2026-06-02 19:48:28,508 - Loading training data from data/train_embedding_graph.pt...
2026-06-02 19:48:30,704 - Number of unique proteins (groups): 1012
2026-06-02 19:48:30,704 - Proteins: AASDH, AATF, ABCF1, ABCF2, ABCF3, ABITRAM, ABRAXAS1, ACADVL, ACAT1, ACIN1, ACLY, ACO2, ACOT13, ACOT9, ACSF2, ADAR, ADNP, AFF4, AGFG2, AGGF1, AHCYL2, AHSA1, AIF1L, AKAP8L, ALDH18A1, ALDH9A1, ALDOA, ALG9, ALKBH3, ALKBH5, ALYREF, ANLN, ANXA2, APBB1, APEX1, APIP, ARFGAP1, ARFGAP2, ARFIP1, ARID3A, ARID4B, ARL3, ARL6IP4, ARMC1, ARPC2, ARPC5, ARPIN, ASPSCR1, ATF7IP, ATG12, ATP5F1A, ATP5F1B, ATP5IF1, ATP5PD, ATP5PO, ATP6V1E1, ATP6V1G1, ATPAF1, ATXN2L, ATXN3, AUH, AURKA, BAG2, BBS9, BBX, BCLAF1, BLNK, BMS1, BRD2, BRD4, BRIX1, BRPF1, BTF3, BUB1B, BUD23, BUD31, C12orf45, C16orf87, C19orf47, C19orf53, C1orf131, C1orf174, C1orf198, C1orf52, C7orf50, C9orf78, CACYBP, CALD1, CALU, CANX, CAPZA1, CAPZB, CAST, CAVIN1, CBFB, CBX5, CC2D1A, CCDC117, CCDC124, CCDC137, CCDC59, CCDC71, CCDC82, CCDC86, CCNH, CCNK, CCNT1, CCT2, CCT3, CCT5, CCT8, CD2BP2, CDC37, CDC40, CDC5L, CDC73, CDCA2, CDK7, CDK9, CDKN2AIP, CDV3, CDYL, CENPV, CEP131, CFL1, CHAF1A, CHAF1B, CHAMP1, CHERP, CHMP1B, CHMP2A, CHMP2B, CHMP4B, CHMP5, CHRAC1, CHTOP, CIAPIN1, CKAP2L, CKS2, CLASRP, CLINT1, CMAS, CMTR1, CNN3, CNP, COIL, COPS7A, CORO1B, CPNE1, CPSF3, CREB1, CRIPT, CRNKL1, CRTC3, CS, CSNK2B, CSRP1, CTCF, CTDP1, CTTN, CUEDC2, CUL1, CUL3, CWC15, CWC22, CWC27, CXorf56, CYCS, CZIB, DAXX, DBNL, DBR1, DBT, DCPS, DCUN1D5, DDA1, DDB1, DDB2, DDHD1, DDX10, DDX17, DDX18, DDX21, DDX23, DDX24, DDX27, DDX31, DDX39B, DDX41, DDX42, DDX46, DDX47, DDX52, DEK, DFFA, DGCR8, DHX16, DHX36, DHX37, DHX38, DHX9, DIEXF, DIMT1, DIS3, DKC1, DLAT, DLG3, DLGAP4, DNAJA3, DNAJB1, DNAJC17, DNAJC8, DNTTIP2, DPF2, DR1, DRAP1, DTD1, DUS1L, DUS3L, DUT, EAF1, EBAG9, EBNA1BP2, ECHDC1, ECI1, ECI2, ECT2, EDC3, EDF1, EED, EEF1G, EHMT1, EIF1AD, EIF1AX, EIF2B3, EIF2S2, EIF3A, EIF3CL, EIF3D, EIF3E, EIF3G, EIF3J, EIF4A3, EIF4EBP1, EIF4G2, EIF4H, EIF5, EIF5A, EIF5B, ELAC2, ELAVL1, ELOA, ELOF1, EMD, EML4, EMSY, ENO1, ENSA, EPB41L2, EPC2, ERCC3, ERF, ESF1, ESRRA, ETFA, ETFB, EXOC1, EXOSC10, EYA3, FABP5, FAIM, FAM126A, FAM133B, FAM50A, FAM76B, FANCI, FBXO45, FEN1, FER, FH, FHL1, FIP1L1, FKBP3, FKBP4, FLYWCH2, FMC1, FNBP4, FOXK2, FRG1, G3BP1, GABPA, GATAD2A, GATB, GFM2, GGCX, GIGYF2, GINS3, GIPC1, GLRA1, GLS, GMNN, GMPR2, GNL3, GNL3L, GOT2, GPALPP1, GPATCH1, GPATCH11, GPI, GPKOW, GRPEL1, GSE1, GTF2E2, GTF2F1, GTF2F2, GTF2H1, GTF2I, GTF3C2, GTF3C4, GTF3C5, GTPBP1, GTSE1, H2BC18, H3C1, H4C1, HADHA, HADHB, HAT1, HDAC2, HDGFL2, HDLBP, HEATR3, HELLS, HEXIM1, HIBCH, HIC2, HINT1, HIRIP3, HLTF, HMBS, HMG20A, HMGA2, HMGN1, HMOX2, HNRNPA1, HNRNPC, HNRNPDL, HNRNPH1, HNRNPK, HNRNPL, HNRNPM, HNRNPR, HNRNPU, HSP90AA1, HSP90AB2P, HSPA4, HSPA9, HSPD1, HSPE1, IARS2, ICE2, IDH2, IGHMBP2, IK, ILF3, ILKAP, INCENP, INIP, INO80B, INTS10, INTS12, INTS4, IRF2, IRF2BP1, IRF2BP2, IWS1, JADE3, JPH2, JPT1, JPT2, KARS1, KAT7, KCTD16, KDM2B, KDM4A, KHDC4, KHDRBS1, KHSRP, KIAA1143, KIF22, KIF23, KIF2A, KIF4A, KIF5B, KIFC1, KIN, KPNA1, KRI1, KRR1, LARP1, LARP7, LASP1, LCORL, LDHA, LEMD3, LIG1, LIMA1, LMNA, LPP, LRPPRC, LRRC40, LRRC41, LRRC59, LSM14A, LUZP1, LYAR, LYSMD3, LZTS2, MACROD1, MACROH2A1, MAGED1, MAGED2, MAGOHB, MAP2K7, MAP4, MAPK13, MAPRE3, MASTL, MATR3, MB21D2, MBD1, MBD2, MCEE, MCM3, MCRS1, MCU, MDH2, ME2, MEAF6, MECP2, MED27, MED4, MED6, MEN1, MEPCE, METTL1, METTL16, MFAP1, MIDEAS, MKRN2, MLH1, MMAB, MMTAG2, MNAT1, MOB3A, MORF4L1, MPHOSPH6, MPHOSPH8, MRE11, MRPL12, MRPL44, MRPL47, MRPS28, MRTO4, MSH2, MSH6, MSL1, MSL3P1, MTA1, MTHFD1L, MTHFD2, MTREX, MVD, MYBBP1A, MYBL2, MYL6B, MYO6, N4BP1, NAB2, NACC1, NAMPT, NASP, NAT10, NBN, NCAPG, NCAPH, NCAPH2, NCBP1, NCBP3, NCK2, NCKAP1, NCL, NDUFAF4, NDUFAF7, NDUFV3, NEBL, NECAP1, NEFL, NELFA, NELFE, NEXN, NFIA, NFX1, NFYA, NHLRC2, NIFK, NIPSNAP3A, NKAP, NKIRAS2, NKRF, NNT, NOC3L, NOL11, NOL6, NOL7, NOL8, NOP14, NOP2, NOP56, NOP58, NOP9, NOSIP, NPM1, NSD2, NSFL1C, NSMCE4A, NSRP1, NUCKS1, NUDC, NUDT21, NUFIP2, NUP50, NUSAP1, NVL, OAT, OBI1, OCIAD1, OCLN, OGFR, OGT, OR4Q3, ORC2, ORC3, ORC4, OSBPL8, OTUD3, OTUD5, OTUD7B, OXCT1, PA2G4, PACS1, PAICS, PAK1IP1, PAPSS1, PARD3, PARN, PARP1, PARVB, PATZ1, PAWR, PAXIP1, PAXX, PBK, PCBP2, PCGF1, PCLAF, PCNA, PCNP, PDAP1, PDCD4, PDCD5, PDCL3, PDHA1, PDLIM1, PDLIM3, PDLIM5, PELP1, PES1, PFDN2, PFKP, PGAM1, PHAX, PHB2, PHC1, PHC2, PHC3, PHF10, PHF2, PHF20L1, PHF21A, PHF23, PHF5A, PHF6, PHLDB2, PIN4, PKN2, PLK1, PLS3, PML, PMPCB, PMS2, PNKP, PNN, PNPT1, POC5, POLA2, POLD1, POLD2, POLD3, POLD4, POLE4, POLR1G, POM121, PPA2, PPAN, PPFIA1, PPIL2, PPIL4, PPM1G, PPME1, PPP1CA, PPP1R11, PPP1R14C, PPP1R2, PPP2R5D, PPP4R3A, PPWD1, PQBP1, PRCC, PRDX3, PRKRIP1, PRMT5, PRORP, PRPF3, PRPF31, PRPF38B, PRPF4, PRPF6, PRR15, PRR3, PSIP1, PSMA8, PSMD3, PSMD4, PSMD9, PSME3IP1, PTBP1, PTCD3, PTMS, PTPN11, PTPN2, PTRHD1, PUF60, PUM3, PWP2, PWWP2A, PYROXD1, QRICH1, RACGAP1, RAD17, RAD21, RAD51AP1, RAN, RANBP3, RB1, RBBP4, RBBP5, RBM10, RBM14, RBM15, RBM17, RBM20, RBM22, RBM25, RBM26, RBM27, RBM28, RBM33, RBM39, RBM6, RBMX, RCC1, RCC2, RDX, RECQL, RECQL5, REXO1, REXO2, RFC1, RFX5, RIOX2, RNASEH2B, RNF113A, RNF114, RNF169, RNF40, RNGTT, RNMT, RPA1, RPAP2, RPL10, RPL10A, RPL11, RPL13, RPL14, RPL17, RPL18A, RPL19, RPL21, RPL22, RPL23A, RPL24, RPL27, RPL27A, RPL28, RPL29, RPL3, RPL30, RPL31, RPL34, RPL36, RPL4, RPL5, RPL7A, RPL7L1, RPL9, RPP30, RPP38, RPS10, RPS11, RPS14, RPS19, RPS20, RPS23, RPS25, RPS27A, RPS3, RPS3A, RPS4X, RPS6, RPS6KA4, RPS6KB1, RPS7, RPS8, RPS9, RPSA, RRN3, RRP12, RRP1B, RRP8, RRS1, RSBN1L, RSL1D1, RSRC2, RTEL1, RTF1, RTF2, RTKN, RYBP, S100A10, S100A11, SAE1, SAFB2, SAMHD1, SAP30, SAP30BP, SARNP, SARS2, SART1, SART3, SATB2, SCML2, SCNM1, SDAD1, SDHA, SEC61B, SEC63, SELENOH, SENP3, SENP6, SEPTIN2, SEPTIN9, SERF2, SET, SETD3, SETDB1, SF1, SF3A1, SF3A2, SF3A3, SF3B1, SF3B2, SFMBT1, SFPQ, SH3GL1, SH3GLB1, SHMT2, SIN3A, SIN3B, SINHCAF, SIRPA, SLBP, SLC25A3, SLC25A5, SLC27A4, SLC4A1AP, SLC6A7, SLTM, SLU7, SMAP, SMARCA1, SMARCAD1, SMARCAL1, SMARCC2, SMC3, SMC4, SMC5, SMN1, SMNDC1, SNCA, SNF8, SNRNP27, SNRNP40, SNRPA, SNRPA1, SNRPE, SNW1, SNX6, SNX9, SOD2, SPAG7, SPART, SPECC1L, SRBD1, SREK1, SRP14, SRRM1, SRSF10, SRSF3, SRSF4, SS18, SSB, SSRP1, STAG1, STARD13, STAT6, STIM1, STIP1, STK38L, STMN2, STOML2, STRN3, STT3B, SUB1, SUCLA2, SUDS3, SUGP1, SUGP2, SUMO2, SUPT16H, SUPT5H, SURF6, SUZ12, SYMPK, TAF3, TAF6L, TAGLN2, TASP1, TBC1D13, TBC1D24, TBCB, TBL3, TCF19, TCF25, TCF3, TDP1, TERF2, TERF2IP, TES, TESK2, TEX10, TFIP11, THAP12, THAP4, THOC5, THRAP3, THUMPD1, THUMPD2, THYN1, TIMELESS, TIMM44, TK1, TLE3, TLK2, TMA16, TMLHE, TMPO, TOM1L1, TOP1, TOX4, TP53I11, TP73, TPX2, TRA2B, TRIM28, TRIM33, TRIR, TRMT1, TRMT10A, TRMT6, TRPS1, TSNAX, TSR1, TTC12, TTC33, TTLL12, TUFM, TUT1, TXNDC9, U2SURP, UBA1, UBE2E3, UBE2K, UBE2M, UBE2S, UBE2V2, UBN1, UBXN1, UBXN7, UHRF1, UIMC1, UNC119B, UNC45A, UPF1, UQCRC2, USP10, USP13, USP22, USP48, UTP11, UTP14A, UTP18, UTP3, VCPIP1, VPS33B, VPS72, VRK1, WAC, WAPL, WBP11, WBP4, WDHD1, WDR12, WDR33, WDR4, WDR43, WDR45B, WDR46, WDR70, WIZ, XPC, XPO5, XRCC4, XRCC5, XRCC6, YAP1, YARS1, YTHDC1, YWHAH, YY1, ZBTB34, ZBTB4, ZBTB7A, ZBTB7B, ZC3H11A, ZC3H14, ZC3H15, ZC3H4, ZC3H8, ZC3HC1, ZCCHC8, ZFAND6, ZFP91, ZFR, ZHX3, ZMAT2, ZMYM3, ZMYND8, ZNF148, ZNF174, ZNF207, ZNF217, ZNF280C, ZNF326, ZNF384, ZNF512, ZNF512B, ZNF516, ZNF592, ZNF618, ZNF639, ZNF644, ZNF687, ZNF706, ZNF787, ZNF800, ZNF804B, ZNF830, ZRANB1, ZRANB2, ZYX, ZZZ3
2026-06-02 19:48:30,718 - ===== Fold 1/5 (train proteins: 809, val proteins: 203) =====
2026-06-02 19:48:31,957 - Epoch 1/200 - LR: 0.0001 - Train Loss: 0.6964 - Val Loss: 0.6890
2026-06-02 19:48:33,217 - Epoch 2/200 - LR: 0.0001 - Train Loss: 0.6915 - Val Loss: 0.6743
2026-06-02 19:48:34,652 - Epoch 3/200 - LR: 0.0001 - Train Loss: 0.6860 - Val Loss: 0.6490
2026-06-02 19:48:35,967 - Epoch 4/200 - LR: 0.0001 - Train Loss: 0.6658 - Val Loss: 0.6000
2026-06-02 19:48:37,198 - Epoch 5/200 - LR: 0.0001 - Train Loss: 0.6115 - Val Loss: 0.5992
2026-06-02 19:48:38,442 - Epoch 6/200 - LR: 0.0001 - Train Loss: 0.5766 - Val Loss: 0.6158
2026-06-02 19:48:39,708 - Epoch 7/200 - LR: 0.0001 - Train Loss: 0.5437 - Val Loss: 0.5869
2026-06-02 19:48:40,999 - Epoch 8/200 - LR: 0.0001 - Train Loss: 0.5239 - Val Loss: 0.5885
2026-06-02 19:48:42,250 - Epoch 9/200 - LR: 0.0001 - Train Loss: 0.5063 - Val Loss: 0.5565
2026-06-02 19:48:43,517 - Epoch 10/200 - LR: 0.0001 - Train Loss: 0.4954 - Val Loss: 0.5668
2026-06-02 19:48:44,901 - Epoch 11/200 - LR: 0.0001 - Train Loss: 0.4844 - Val Loss: 0.5858
2026-06-02 19:48:46,315 - Epoch 12/200 - LR: 0.0001 - Train Loss: 0.4673 - Val Loss: 0.6026
2026-06-02 19:48:47,718 - Epoch 13/200 - LR: 0.0001 - Train Loss: 0.4469 - Val Loss: 0.5812
2026-06-02 19:48:49,110 - Epoch 14/200 - LR: 0.0001 - Train Loss: 0.4257 - Val Loss: 0.5790
2026-06-02 19:48:50,505 - Epoch 15/200 - LR: 0.0001 - Train Loss: 0.4129 - Val Loss: 0.5822
2026-06-02 19:48:51,908 - Epoch 16/200 - LR: 0.0001 - Train Loss: 0.4114 - Val Loss: 0.5731
2026-06-02 19:48:53,253 - Epoch 17/200 - LR: 0.0001 - Train Loss: 0.3908 - Val Loss: 0.6147
2026-06-02 19:48:54,700 - Epoch 18/200 - LR: 0.0001 - Train Loss: 0.3912 - Val Loss: 0.5865
2026-06-02 19:48:56,162 - Epoch 19/200 - LR: 0.0001 - Train Loss: 0.3556 - Val Loss: 0.6408
2026-06-02 19:48:57,509 - Epoch 20/200 - LR: 0.0001 - Train Loss: 0.3493 - Val Loss: 0.6276
2026-06-02 19:48:58,880 - Epoch 21/200 - LR: 0.0001 - Train Loss: 0.3073 - Val Loss: 0.6904
2026-06-02 19:49:00,300 - Epoch 22/200 - LR: 0.0001 - Train Loss: 0.3245 - Val Loss: 0.6595
2026-06-02 19:49:01,694 - Epoch 23/200 - LR: 5e-05 - Train Loss: 0.2863 - Val Loss: 0.6874
2026-06-02 19:49:03,152 - Epoch 24/200 - LR: 5e-05 - Train Loss: 0.2776 - Val Loss: 0.7020
2026-06-02 19:49:04,578 - Epoch 25/200 - LR: 5e-05 - Train Loss: 0.2595 - Val Loss: 0.7304
2026-06-02 19:49:05,856 - Epoch 26/200 - LR: 5e-05 - Train Loss: 0.2591 - Val Loss: 0.7291
2026-06-02 19:49:07,112 - Epoch 27/200 - LR: 5e-05 - Train Loss: 0.2431 - Val Loss: 0.7488
2026-06-02 19:49:08,352 - Epoch 28/200 - LR: 2.5e-05 - Train Loss: 0.2221 - Val Loss: 0.7731
2026-06-02 19:49:08,353 - Early stopping at epoch 28 (best MCC=0.5373)
2026-06-02 19:49:08,353 - Fold 1 Best Metrics:
2026-06-02 19:49:08,353 -   MCC       : 0.5373
2026-06-02 19:49:08,353 -   SN        : 0.7719
2026-06-02 19:49:08,353 -   SP        : 0.7657
2026-06-02 19:49:08,353 -   ACC       : 0.7690
2026-06-02 19:49:08,353 -   BACC      : 0.7688
2026-06-02 19:49:08,353 -   PRECISION : 0.7840
2026-06-02 19:49:08,353 -   F1        : 0.7779
2026-06-02 19:49:08,353 -   AUC       : 0.8321
2026-06-02 19:49:08,353 -   AUCPR     : 0.8398
2026-06-02 19:49:08,354 - ===== Fold 2/5 (train proteins: 810, val proteins: 202) =====
2026-06-02 19:49:09,750 - Epoch 1/200 - LR: 0.0001 - Train Loss: 0.6934 - Val Loss: 0.6819
2026-06-02 19:49:11,075 - Epoch 2/200 - LR: 0.0001 - Train Loss: 0.6886 - Val Loss: 0.6573
2026-06-02 19:49:12,348 - Epoch 3/200 - LR: 0.0001 - Train Loss: 0.6715 - Val Loss: 0.6127
2026-06-02 19:49:13,620 - Epoch 4/200 - LR: 0.0001 - Train Loss: 0.6202 - Val Loss: 0.6022
2026-06-02 19:49:14,905 - Epoch 5/200 - LR: 0.0001 - Train Loss: 0.5810 - Val Loss: 0.5748
2026-06-02 19:49:16,200 - Epoch 6/200 - LR: 0.0001 - Train Loss: 0.5518 - Val Loss: 0.5725
2026-06-02 19:49:17,481 - Epoch 7/200 - LR: 0.0001 - Train Loss: 0.5253 - Val Loss: 0.5705
2026-06-02 19:49:18,759 - Epoch 8/200 - LR: 0.0001 - Train Loss: 0.5184 - Val Loss: 0.5445
2026-06-02 19:49:20,036 - Epoch 9/200 - LR: 0.0001 - Train Loss: 0.4998 - Val Loss: 0.5366
2026-06-02 19:49:21,338 - Epoch 10/200 - LR: 0.0001 - Train Loss: 0.4796 - Val Loss: 0.5515
2026-06-02 19:49:22,615 - Epoch 11/200 - LR: 0.0001 - Train Loss: 0.4669 - Val Loss: 0.5458
2026-06-02 19:49:23,936 - Epoch 12/200 - LR: 0.0001 - Train Loss: 0.4449 - Val Loss: 0.5652
2026-06-02 19:49:25,244 - Epoch 13/200 - LR: 0.0001 - Train Loss: 0.4390 - Val Loss: 0.5428
2026-06-02 19:49:26,653 - Epoch 14/200 - LR: 0.0001 - Train Loss: 0.4135 - Val Loss: 0.5728
2026-06-02 19:49:28,075 - Epoch 15/200 - LR: 0.0001 - Train Loss: 0.4029 - Val Loss: 0.5803
2026-06-02 19:49:29,513 - Epoch 16/200 - LR: 0.0001 - Train Loss: 0.3860 - Val Loss: 0.5839
2026-06-02 19:49:30,904 - Epoch 17/200 - LR: 0.0001 - Train Loss: 0.3871 - Val Loss: 0.5752
2026-06-02 19:49:32,321 - Epoch 18/200 - LR: 0.0001 - Train Loss: 0.3559 - Val Loss: 0.6164
2026-06-02 19:49:33,710 - Epoch 19/200 - LR: 0.0001 - Train Loss: 0.3436 - Val Loss: 0.6338
2026-06-02 19:49:35,176 - Epoch 20/200 - LR: 0.0001 - Train Loss: 0.3251 - Val Loss: 0.6291
2026-06-02 19:49:36,671 - Epoch 21/200 - LR: 0.0001 - Train Loss: 0.3113 - Val Loss: 0.6419
2026-06-02 19:49:38,079 - Epoch 22/200 - LR: 0.0001 - Train Loss: 0.2928 - Val Loss: 0.6754
2026-06-02 19:49:39,477 - Epoch 23/200 - LR: 0.0001 - Train Loss: 0.2776 - Val Loss: 0.7136
2026-06-02 19:49:40,910 - Epoch 24/200 - LR: 0.0001 - Train Loss: 0.2628 - Val Loss: 0.7333
2026-06-02 19:49:42,350 - Epoch 25/200 - LR: 0.0001 - Train Loss: 0.2492 - Val Loss: 0.8028
2026-06-02 19:49:43,703 - Epoch 26/200 - LR: 5e-05 - Train Loss: 0.2310 - Val Loss: 0.7635
2026-06-02 19:49:43,703 - Early stopping at epoch 26 (best MCC=0.5479)
2026-06-02 19:49:43,703 - Fold 2 Best Metrics:
2026-06-02 19:49:43,703 -   MCC       : 0.5479
2026-06-02 19:49:43,703 -   SN        : 0.8299
2026-06-02 19:49:43,703 -   SP        : 0.7143
2026-06-02 19:49:43,703 -   ACC       : 0.7722
2026-06-02 19:49:43,703 -   BACC      : 0.7721
2026-06-02 19:49:43,703 -   PRECISION : 0.7443
2026-06-02 19:49:43,703 -   F1        : 0.7848
2026-06-02 19:49:43,703 -   AUC       : 0.8289
2026-06-02 19:49:43,703 -   AUCPR     : 0.8086
2026-06-02 19:49:43,705 - ===== Fold 3/5 (train proteins: 810, val proteins: 202) =====
2026-06-02 19:49:45,005 - Epoch 1/200 - LR: 0.0001 - Train Loss: 0.6928 - Val Loss: 0.6888
2026-06-02 19:49:46,348 - Epoch 2/200 - LR: 0.0001 - Train Loss: 0.6913 - Val Loss: 0.6806
2026-06-02 19:49:47,622 - Epoch 3/200 - LR: 0.0001 - Train Loss: 0.6849 - Val Loss: 0.6411
2026-06-02 19:49:48,940 - Epoch 4/200 - LR: 0.0001 - Train Loss: 0.6532 - Val Loss: 0.5730
2026-06-02 19:49:50,285 - Epoch 5/200 - LR: 0.0001 - Train Loss: 0.6062 - Val Loss: 0.5846
2026-06-02 19:49:51,678 - Epoch 6/200 - LR: 0.0001 - Train Loss: 0.5708 - Val Loss: 0.5491
2026-06-02 19:49:53,141 - Epoch 7/200 - LR: 0.0001 - Train Loss: 0.5506 - Val Loss: 0.5459
2026-06-02 19:49:54,657 - Epoch 8/200 - LR: 0.0001 - Train Loss: 0.5311 - Val Loss: 0.5250
2026-06-02 19:49:56,244 - Epoch 9/200 - LR: 0.0001 - Train Loss: 0.5207 - Val Loss: 0.5217
2026-06-02 19:49:57,582 - Epoch 10/200 - LR: 0.0001 - Train Loss: 0.5074 - Val Loss: 0.5018
2026-06-02 19:49:58,898 - Epoch 11/200 - LR: 0.0001 - Train Loss: 0.4866 - Val Loss: 0.5421
2026-06-02 19:50:00,185 - Epoch 12/200 - LR: 0.0001 - Train Loss: 0.4734 - Val Loss: 0.5137
2026-06-02 19:50:01,489 - Epoch 13/200 - LR: 0.0001 - Train Loss: 0.4502 - Val Loss: 0.5564
2026-06-02 19:50:02,823 - Epoch 14/200 - LR: 0.0001 - Train Loss: 0.4421 - Val Loss: 0.5129
2026-06-02 19:50:04,178 - Epoch 15/200 - LR: 0.0001 - Train Loss: 0.4245 - Val Loss: 0.5120
2026-06-02 19:50:05,709 - Epoch 16/200 - LR: 0.0001 - Train Loss: 0.4114 - Val Loss: 0.5154
2026-06-02 19:50:07,196 - Epoch 17/200 - LR: 0.0001 - Train Loss: 0.3709 - Val Loss: 0.5315
2026-06-02 19:50:08,647 - Epoch 18/200 - LR: 0.0001 - Train Loss: 0.3756 - Val Loss: 0.5428
2026-06-02 19:50:10,128 - Epoch 19/200 - LR: 0.0001 - Train Loss: 0.3534 - Val Loss: 0.6210
2026-06-02 19:50:11,564 - Epoch 20/200 - LR: 0.0001 - Train Loss: 0.3428 - Val Loss: 0.5631
2026-06-02 19:50:13,016 - Epoch 21/200 - LR: 0.0001 - Train Loss: 0.2976 - Val Loss: 0.6298
2026-06-02 19:50:14,465 - Epoch 22/200 - LR: 0.0001 - Train Loss: 0.2727 - Val Loss: 0.6624
2026-06-02 19:50:15,928 - Epoch 23/200 - LR: 0.0001 - Train Loss: 0.2820 - Val Loss: 0.6305
2026-06-02 19:50:17,556 - Epoch 24/200 - LR: 0.0001 - Train Loss: 0.2738 - Val Loss: 0.6449
2026-06-02 19:50:18,991 - Epoch 25/200 - LR: 5e-05 - Train Loss: 0.2445 - Val Loss: 0.6553
2026-06-02 19:50:18,992 - Early stopping at epoch 25 (best MCC=0.5803)
2026-06-02 19:50:18,992 - Fold 3 Best Metrics:
2026-06-02 19:50:18,992 -   MCC       : 0.5803
2026-06-02 19:50:18,992 -   SN        : 0.7624
2026-06-02 19:50:18,992 -   SP        : 0.8173
2026-06-02 19:50:18,993 -   ACC       : 0.7894
2026-06-02 19:50:18,993 -   BACC      : 0.7899
2026-06-02 19:50:18,993 -   PRECISION : 0.8120
2026-06-02 19:50:18,993 -   F1        : 0.7865
2026-06-02 19:50:18,993 -   AUC       : 0.8616
2026-06-02 19:50:18,993 -   AUCPR     : 0.8630
2026-06-02 19:50:18,995 - ===== Fold 4/5 (train proteins: 810, val proteins: 202) =====
2026-06-02 19:50:20,448 - Epoch 1/200 - LR: 0.0001 - Train Loss: 0.6952 - Val Loss: 0.6863
2026-06-02 19:50:21,877 - Epoch 2/200 - LR: 0.0001 - Train Loss: 0.6911 - Val Loss: 0.6785
2026-06-02 19:50:23,327 - Epoch 3/200 - LR: 0.0001 - Train Loss: 0.6861 - Val Loss: 0.6558
2026-06-02 19:50:24,906 - Epoch 4/200 - LR: 0.0001 - Train Loss: 0.6610 - Val Loss: 0.6112
2026-06-02 19:50:26,409 - Epoch 5/200 - LR: 0.0001 - Train Loss: 0.6006 - Val Loss: 0.5967
2026-06-02 19:50:27,864 - Epoch 6/200 - LR: 0.0001 - Train Loss: 0.5639 - Val Loss: 0.5800
2026-06-02 19:50:29,350 - Epoch 7/200 - LR: 0.0001 - Train Loss: 0.5483 - Val Loss: 0.5589
2026-06-02 19:50:30,911 - Epoch 8/200 - LR: 0.0001 - Train Loss: 0.5293 - Val Loss: 0.5621
2026-06-02 19:50:32,385 - Epoch 9/200 - LR: 0.0001 - Train Loss: 0.5181 - Val Loss: 0.5406
2026-06-02 19:50:33,806 - Epoch 10/200 - LR: 0.0001 - Train Loss: 0.4947 - Val Loss: 0.5720
2026-06-02 19:50:35,212 - Epoch 11/200 - LR: 0.0001 - Train Loss: 0.4789 - Val Loss: 0.5341
2026-06-02 19:50:36,683 - Epoch 12/200 - LR: 0.0001 - Train Loss: 0.4642 - Val Loss: 0.5500
2026-06-02 19:50:38,080 - Epoch 13/200 - LR: 0.0001 - Train Loss: 0.4555 - Val Loss: 0.5460
2026-06-02 19:50:39,525 - Epoch 14/200 - LR: 0.0001 - Train Loss: 0.4316 - Val Loss: 0.5515
2026-06-02 19:50:40,869 - Epoch 15/200 - LR: 0.0001 - Train Loss: 0.4191 - Val Loss: 0.5504
2026-06-02 19:50:42,243 - Epoch 16/200 - LR: 0.0001 - Train Loss: 0.4070 - Val Loss: 0.5943
2026-06-02 19:50:43,587 - Epoch 17/200 - LR: 0.0001 - Train Loss: 0.3983 - Val Loss: 0.5313
2026-06-02 19:50:45,074 - Epoch 18/200 - LR: 0.0001 - Train Loss: 0.3768 - Val Loss: 0.5743
2026-06-02 19:50:46,488 - Epoch 19/200 - LR: 0.0001 - Train Loss: 0.3491 - Val Loss: 0.6222
2026-06-02 19:50:47,880 - Epoch 20/200 - LR: 5e-05 - Train Loss: 0.3478 - Val Loss: 0.5756
2026-06-02 19:50:47,880 - Early stopping at epoch 20 (best MCC=0.5141)
2026-06-02 19:50:47,880 - Fold 4 Best Metrics:
2026-06-02 19:50:47,880 -   MCC       : 0.5141
2026-06-02 19:50:47,880 -   SN        : 0.7488
2026-06-02 19:50:47,880 -   SP        : 0.7652
2026-06-02 19:50:47,880 -   ACC       : 0.7572
2026-06-02 19:50:47,881 -   BACC      : 0.7570
2026-06-02 19:50:47,881 -   PRECISION : 0.7541
2026-06-02 19:50:47,881 -   F1        : 0.7515
2026-06-02 19:50:47,881 -   AUC       : 0.8319
2026-06-02 19:50:47,881 -   AUCPR     : 0.8237
2026-06-02 19:50:47,882 - ===== Fold 5/5 (train proteins: 809, val proteins: 203) =====
2026-06-02 19:50:49,324 - Epoch 1/200 - LR: 0.0001 - Train Loss: 0.6980 - Val Loss: 0.6926
2026-06-02 19:50:50,689 - Epoch 2/200 - LR: 0.0001 - Train Loss: 0.6936 - Val Loss: 0.6769
2026-06-02 19:50:51,973 - Epoch 3/200 - LR: 0.0001 - Train Loss: 0.6824 - Val Loss: 0.6554
2026-06-02 19:50:53,269 - Epoch 4/200 - LR: 0.0001 - Train Loss: 0.6525 - Val Loss: 0.5955
2026-06-02 19:50:54,531 - Epoch 5/200 - LR: 0.0001 - Train Loss: 0.6054 - Val Loss: 0.5563
2026-06-02 19:50:55,796 - Epoch 6/200 - LR: 0.0001 - Train Loss: 0.5689 - Val Loss: 0.5333
2026-06-02 19:50:57,052 - Epoch 7/200 - LR: 0.0001 - Train Loss: 0.5477 - Val Loss: 0.5477
2026-06-02 19:50:58,294 - Epoch 8/200 - LR: 0.0001 - Train Loss: 0.5268 - Val Loss: 0.5238
2026-06-02 19:50:59,580 - Epoch 9/200 - LR: 0.0001 - Train Loss: 0.5174 - Val Loss: 0.4995
2026-06-02 19:51:00,902 - Epoch 10/200 - LR: 0.0001 - Train Loss: 0.5120 - Val Loss: 0.5231
2026-06-02 19:51:02,150 - Epoch 11/200 - LR: 0.0001 - Train Loss: 0.4898 - Val Loss: 0.5145
2026-06-02 19:51:03,402 - Epoch 12/200 - LR: 0.0001 - Train Loss: 0.4695 - Val Loss: 0.5000
2026-06-02 19:51:04,679 - Epoch 13/200 - LR: 0.0001 - Train Loss: 0.4462 - Val Loss: 0.5721
2026-06-02 19:51:05,974 - Epoch 14/200 - LR: 0.0001 - Train Loss: 0.4306 - Val Loss: 0.4936
2026-06-02 19:51:07,305 - Epoch 15/200 - LR: 0.0001 - Train Loss: 0.4252 - Val Loss: 0.5002
2026-06-02 19:51:08,612 - Epoch 16/200 - LR: 0.0001 - Train Loss: 0.4223 - Val Loss: 0.4888
2026-06-02 19:51:09,902 - Epoch 17/200 - LR: 0.0001 - Train Loss: 0.3966 - Val Loss: 0.5033
2026-06-02 19:51:11,183 - Epoch 18/200 - LR: 0.0001 - Train Loss: 0.3747 - Val Loss: 0.5485
2026-06-02 19:51:12,508 - Epoch 19/200 - LR: 0.0001 - Train Loss: 0.3635 - Val Loss: 0.5114
2026-06-02 19:51:14,021 - Epoch 20/200 - LR: 5e-05 - Train Loss: 0.3497 - Val Loss: 0.5159
2026-06-02 19:51:15,662 - Epoch 21/200 - LR: 5e-05 - Train Loss: 0.3336 - Val Loss: 0.5350
2026-06-02 19:51:17,080 - Epoch 22/200 - LR: 5e-05 - Train Loss: 0.3139 - Val Loss: 0.5434
2026-06-02 19:51:18,229 - Epoch 23/200 - LR: 5e-05 - Train Loss: 0.3134 - Val Loss: 0.5490
2026-06-02 19:51:19,362 - Epoch 24/200 - LR: 5e-05 - Train Loss: 0.2971 - Val Loss: 0.5763
2026-06-02 19:51:20,717 - Epoch 25/200 - LR: 2.5e-05 - Train Loss: 0.2821 - Val Loss: 0.5745
2026-06-02 19:51:20,718 - Early stopping at epoch 25 (best MCC=0.5960)
2026-06-02 19:51:20,718 - Fold 5 Best Metrics:
2026-06-02 19:51:20,718 -   MCC       : 0.5960
2026-06-02 19:51:20,718 -   SN        : 0.8478
2026-06-02 19:51:20,718 -   SP        : 0.7473
2026-06-02 19:51:20,718 -   ACC       : 0.7952
2026-06-02 19:51:20,718 -   BACC      : 0.7975
2026-06-02 19:51:20,718 -   PRECISION : 0.7532
2026-06-02 19:51:20,718 -   F1        : 0.7977
2026-06-02 19:51:20,718 -   AUC       : 0.8668
2026-06-02 19:51:20,718 -   AUCPR     : 0.8467
2026-06-02 19:51:20,718 - ==============================
2026-06-02 19:51:20,718 - Cross-Validation Results:
2026-06-02 19:51:20,718 -   MCC       : 0.555 ± 0.030
2026-06-02 19:51:20,719 -   SN        : 0.792 ± 0.039
2026-06-02 19:51:20,719 -   SP        : 0.762 ± 0.033
2026-06-02 19:51:20,719 -   ACC       : 0.777 ± 0.014
2026-06-02 19:51:20,719 -   BACC      : 0.777 ± 0.015
2026-06-02 19:51:20,719 -   PRECISION : 0.770 ± 0.025
2026-06-02 19:51:20,719 -   F1        : 0.780 ± 0.015
2026-06-02 19:51:20,719 -   AUC       : 0.844 ± 0.016
2026-06-02 19:51:20,719 -   AUCPR     : 0.836 ± 0.019
2026-06-02 19:51:20,719 - ==============================
2026-06-02 19:51:20,719 - Evaluating ensemble on test set...
2026-06-02 19:51:21,478 - Final Test Metrics (Ensemble):
2026-06-02 19:51:21,478 -   MCC       : 0.645
2026-06-02 19:51:21,478 -   SN        : 0.808
2026-06-02 19:51:21,478 -   SP        : 0.837
2026-06-02 19:51:21,478 -   ACC       : 0.822
2026-06-02 19:51:21,478 -   BACC      : 0.822
2026-06-02 19:51:21,478 -   PRECISION : 0.832
2026-06-02 19:51:21,478 -   F1        : 0.820
2026-06-02 19:51:21,479 -   AUC       : 0.880
2026-06-02 19:51:21,479 -   AUCPR     : 0.890
