2026-06-02 19:46:12,289 - ============================================================
2026-06-02 19:46:12,289 - GAT LAYERS: 4
2026-06-02 19:46:12,290 - ============================================================
2026-06-02 19:46:12,290 - Hyperparameters:
2026-06-02 19:46:12,290 -   Batch Size: 128
2026-06-02 19:46:12,290 -   Learning Rate: 0.0001
2026-06-02 19:46:12,290 -   Weight Decay: 0.001
2026-06-02 19:46:12,290 -   Epochs: 200
2026-06-02 19:46:12,290 -   K-Folds: 5
2026-06-02 19:46:12,290 -   Patience: 5
2026-06-02 19:46:12,290 -   Early Stop Metric: MCC
2026-06-02 19:46:12,290 -   Node Feature Dimension: 1280
2026-06-02 19:46:12,290 -   Sequence Feature Dimension: 21 (20 AA + 1 X)
2026-06-02 19:46:12,290 -   Hidden Dimension: 128
2026-06-02 19:46:12,290 -   LR Scheduler: ReduceLROnPlateau(factor=0.5, patience=3, min_lr=1e-06)
2026-06-02 19:46:12,290 -   Cross-Validation: GroupKFold (group = protein name)
2026-06-02 19:46:12,290 - ============================================================
2026-06-02 19:46:12,290 - Loading training data from data/train_embedding_graph.pt...
2026-06-02 19:46:14,645 - Number of unique proteins (groups): 1012
2026-06-02 19:46:14,645 - Proteins: AASDH, AATF, ABCF1, ABCF2, ABCF3, ABITRAM, ABRAXAS1, ACADVL, ACAT1, ACIN1, ACLY, ACO2, ACOT13, ACOT9, ACSF2, ADAR, ADNP, AFF4, AGFG2, AGGF1, AHCYL2, AHSA1, AIF1L, AKAP8L, ALDH18A1, ALDH9A1, ALDOA, ALG9, ALKBH3, ALKBH5, ALYREF, ANLN, ANXA2, APBB1, APEX1, APIP, ARFGAP1, ARFGAP2, ARFIP1, ARID3A, ARID4B, ARL3, ARL6IP4, ARMC1, ARPC2, ARPC5, ARPIN, ASPSCR1, ATF7IP, ATG12, ATP5F1A, ATP5F1B, ATP5IF1, ATP5PD, ATP5PO, ATP6V1E1, ATP6V1G1, ATPAF1, ATXN2L, ATXN3, AUH, AURKA, BAG2, BBS9, BBX, BCLAF1, BLNK, BMS1, BRD2, BRD4, BRIX1, BRPF1, BTF3, BUB1B, BUD23, BUD31, C12orf45, C16orf87, C19orf47, C19orf53, C1orf131, C1orf174, C1orf198, C1orf52, C7orf50, C9orf78, CACYBP, CALD1, CALU, CANX, CAPZA1, CAPZB, CAST, CAVIN1, CBFB, CBX5, CC2D1A, CCDC117, CCDC124, CCDC137, CCDC59, CCDC71, CCDC82, CCDC86, CCNH, CCNK, CCNT1, CCT2, CCT3, CCT5, CCT8, CD2BP2, CDC37, CDC40, CDC5L, CDC73, CDCA2, CDK7, CDK9, CDKN2AIP, CDV3, CDYL, CENPV, CEP131, CFL1, CHAF1A, CHAF1B, CHAMP1, CHERP, CHMP1B, CHMP2A, CHMP2B, CHMP4B, CHMP5, CHRAC1, CHTOP, CIAPIN1, CKAP2L, CKS2, CLASRP, CLINT1, CMAS, CMTR1, CNN3, CNP, COIL, COPS7A, CORO1B, CPNE1, CPSF3, CREB1, CRIPT, CRNKL1, CRTC3, CS, CSNK2B, CSRP1, CTCF, CTDP1, CTTN, CUEDC2, CUL1, CUL3, CWC15, CWC22, CWC27, CXorf56, CYCS, CZIB, DAXX, DBNL, DBR1, DBT, DCPS, DCUN1D5, DDA1, DDB1, DDB2, DDHD1, DDX10, DDX17, DDX18, DDX21, DDX23, DDX24, DDX27, DDX31, DDX39B, DDX41, DDX42, DDX46, DDX47, DDX52, DEK, DFFA, DGCR8, DHX16, DHX36, DHX37, DHX38, DHX9, DIEXF, DIMT1, DIS3, DKC1, DLAT, DLG3, DLGAP4, DNAJA3, DNAJB1, DNAJC17, DNAJC8, DNTTIP2, DPF2, DR1, DRAP1, DTD1, DUS1L, DUS3L, DUT, EAF1, EBAG9, EBNA1BP2, ECHDC1, ECI1, ECI2, ECT2, EDC3, EDF1, EED, EEF1G, EHMT1, EIF1AD, EIF1AX, EIF2B3, EIF2S2, EIF3A, EIF3CL, EIF3D, EIF3E, EIF3G, EIF3J, EIF4A3, EIF4EBP1, EIF4G2, EIF4H, EIF5, EIF5A, EIF5B, ELAC2, ELAVL1, ELOA, ELOF1, EMD, EML4, EMSY, ENO1, ENSA, EPB41L2, EPC2, ERCC3, ERF, ESF1, ESRRA, ETFA, ETFB, EXOC1, EXOSC10, EYA3, FABP5, FAIM, FAM126A, FAM133B, FAM50A, FAM76B, FANCI, FBXO45, FEN1, FER, FH, FHL1, FIP1L1, FKBP3, FKBP4, FLYWCH2, FMC1, FNBP4, FOXK2, FRG1, G3BP1, GABPA, GATAD2A, GATB, GFM2, GGCX, GIGYF2, GINS3, GIPC1, GLRA1, GLS, GMNN, GMPR2, GNL3, GNL3L, GOT2, GPALPP1, GPATCH1, GPATCH11, GPI, GPKOW, GRPEL1, GSE1, GTF2E2, GTF2F1, GTF2F2, GTF2H1, GTF2I, GTF3C2, GTF3C4, GTF3C5, GTPBP1, GTSE1, H2BC18, H3C1, H4C1, HADHA, HADHB, HAT1, HDAC2, HDGFL2, HDLBP, HEATR3, HELLS, HEXIM1, HIBCH, HIC2, HINT1, HIRIP3, HLTF, HMBS, HMG20A, HMGA2, HMGN1, HMOX2, HNRNPA1, HNRNPC, HNRNPDL, HNRNPH1, HNRNPK, HNRNPL, HNRNPM, HNRNPR, HNRNPU, HSP90AA1, HSP90AB2P, HSPA4, HSPA9, HSPD1, HSPE1, IARS2, ICE2, IDH2, IGHMBP2, IK, ILF3, ILKAP, INCENP, INIP, INO80B, INTS10, INTS12, INTS4, IRF2, IRF2BP1, IRF2BP2, IWS1, JADE3, JPH2, JPT1, JPT2, KARS1, KAT7, KCTD16, KDM2B, KDM4A, KHDC4, KHDRBS1, KHSRP, KIAA1143, KIF22, KIF23, KIF2A, KIF4A, KIF5B, KIFC1, KIN, KPNA1, KRI1, KRR1, LARP1, LARP7, LASP1, LCORL, LDHA, LEMD3, LIG1, LIMA1, LMNA, LPP, LRPPRC, LRRC40, LRRC41, LRRC59, LSM14A, LUZP1, LYAR, LYSMD3, LZTS2, MACROD1, MACROH2A1, MAGED1, MAGED2, MAGOHB, MAP2K7, MAP4, MAPK13, MAPRE3, MASTL, MATR3, MB21D2, MBD1, MBD2, MCEE, MCM3, MCRS1, MCU, MDH2, ME2, MEAF6, MECP2, MED27, MED4, MED6, MEN1, MEPCE, METTL1, METTL16, MFAP1, MIDEAS, MKRN2, MLH1, MMAB, MMTAG2, MNAT1, MOB3A, MORF4L1, MPHOSPH6, MPHOSPH8, MRE11, MRPL12, MRPL44, MRPL47, MRPS28, MRTO4, MSH2, MSH6, MSL1, MSL3P1, MTA1, MTHFD1L, MTHFD2, MTREX, MVD, MYBBP1A, MYBL2, MYL6B, MYO6, N4BP1, NAB2, NACC1, NAMPT, NASP, NAT10, NBN, NCAPG, NCAPH, NCAPH2, NCBP1, NCBP3, NCK2, NCKAP1, NCL, NDUFAF4, NDUFAF7, NDUFV3, NEBL, NECAP1, NEFL, NELFA, NELFE, NEXN, NFIA, NFX1, NFYA, NHLRC2, NIFK, NIPSNAP3A, NKAP, NKIRAS2, NKRF, NNT, NOC3L, NOL11, NOL6, NOL7, NOL8, NOP14, NOP2, NOP56, NOP58, NOP9, NOSIP, NPM1, NSD2, NSFL1C, NSMCE4A, NSRP1, NUCKS1, NUDC, NUDT21, NUFIP2, NUP50, NUSAP1, NVL, OAT, OBI1, OCIAD1, OCLN, OGFR, OGT, OR4Q3, ORC2, ORC3, ORC4, OSBPL8, OTUD3, OTUD5, OTUD7B, OXCT1, PA2G4, PACS1, PAICS, PAK1IP1, PAPSS1, PARD3, PARN, PARP1, PARVB, PATZ1, PAWR, PAXIP1, PAXX, PBK, PCBP2, PCGF1, PCLAF, PCNA, PCNP, PDAP1, PDCD4, PDCD5, PDCL3, PDHA1, PDLIM1, PDLIM3, PDLIM5, PELP1, PES1, PFDN2, PFKP, PGAM1, PHAX, PHB2, PHC1, PHC2, PHC3, PHF10, PHF2, PHF20L1, PHF21A, PHF23, PHF5A, PHF6, PHLDB2, PIN4, PKN2, PLK1, PLS3, PML, PMPCB, PMS2, PNKP, PNN, PNPT1, POC5, POLA2, POLD1, POLD2, POLD3, POLD4, POLE4, POLR1G, POM121, PPA2, PPAN, PPFIA1, PPIL2, PPIL4, PPM1G, PPME1, PPP1CA, PPP1R11, PPP1R14C, PPP1R2, PPP2R5D, PPP4R3A, PPWD1, PQBP1, PRCC, PRDX3, PRKRIP1, PRMT5, PRORP, PRPF3, PRPF31, PRPF38B, PRPF4, PRPF6, PRR15, PRR3, PSIP1, PSMA8, PSMD3, PSMD4, PSMD9, PSME3IP1, PTBP1, PTCD3, PTMS, PTPN11, PTPN2, PTRHD1, PUF60, PUM3, PWP2, PWWP2A, PYROXD1, QRICH1, RACGAP1, RAD17, RAD21, RAD51AP1, RAN, RANBP3, RB1, RBBP4, RBBP5, RBM10, RBM14, RBM15, RBM17, RBM20, RBM22, RBM25, RBM26, RBM27, RBM28, RBM33, RBM39, RBM6, RBMX, RCC1, RCC2, RDX, RECQL, RECQL5, REXO1, REXO2, RFC1, RFX5, RIOX2, RNASEH2B, RNF113A, RNF114, RNF169, RNF40, RNGTT, RNMT, RPA1, RPAP2, RPL10, RPL10A, RPL11, RPL13, RPL14, RPL17, RPL18A, RPL19, RPL21, RPL22, RPL23A, RPL24, RPL27, RPL27A, RPL28, RPL29, RPL3, RPL30, RPL31, RPL34, RPL36, RPL4, RPL5, RPL7A, RPL7L1, RPL9, RPP30, RPP38, RPS10, RPS11, RPS14, RPS19, RPS20, RPS23, RPS25, RPS27A, RPS3, RPS3A, RPS4X, RPS6, RPS6KA4, RPS6KB1, RPS7, RPS8, RPS9, RPSA, RRN3, RRP12, RRP1B, RRP8, RRS1, RSBN1L, RSL1D1, RSRC2, RTEL1, RTF1, RTF2, RTKN, RYBP, S100A10, S100A11, SAE1, SAFB2, SAMHD1, SAP30, SAP30BP, SARNP, SARS2, SART1, SART3, SATB2, SCML2, SCNM1, SDAD1, SDHA, SEC61B, SEC63, SELENOH, SENP3, SENP6, SEPTIN2, SEPTIN9, SERF2, SET, SETD3, SETDB1, SF1, SF3A1, SF3A2, SF3A3, SF3B1, SF3B2, SFMBT1, SFPQ, SH3GL1, SH3GLB1, SHMT2, SIN3A, SIN3B, SINHCAF, SIRPA, SLBP, SLC25A3, SLC25A5, SLC27A4, SLC4A1AP, SLC6A7, SLTM, SLU7, SMAP, SMARCA1, SMARCAD1, SMARCAL1, SMARCC2, SMC3, SMC4, SMC5, SMN1, SMNDC1, SNCA, SNF8, SNRNP27, SNRNP40, SNRPA, SNRPA1, SNRPE, SNW1, SNX6, SNX9, SOD2, SPAG7, SPART, SPECC1L, SRBD1, SREK1, SRP14, SRRM1, SRSF10, SRSF3, SRSF4, SS18, SSB, SSRP1, STAG1, STARD13, STAT6, STIM1, STIP1, STK38L, STMN2, STOML2, STRN3, STT3B, SUB1, SUCLA2, SUDS3, SUGP1, SUGP2, SUMO2, SUPT16H, SUPT5H, SURF6, SUZ12, SYMPK, TAF3, TAF6L, TAGLN2, TASP1, TBC1D13, TBC1D24, TBCB, TBL3, TCF19, TCF25, TCF3, TDP1, TERF2, TERF2IP, TES, TESK2, TEX10, TFIP11, THAP12, THAP4, THOC5, THRAP3, THUMPD1, THUMPD2, THYN1, TIMELESS, TIMM44, TK1, TLE3, TLK2, TMA16, TMLHE, TMPO, TOM1L1, TOP1, TOX4, TP53I11, TP73, TPX2, TRA2B, TRIM28, TRIM33, TRIR, TRMT1, TRMT10A, TRMT6, TRPS1, TSNAX, TSR1, TTC12, TTC33, TTLL12, TUFM, TUT1, TXNDC9, U2SURP, UBA1, UBE2E3, UBE2K, UBE2M, UBE2S, UBE2V2, UBN1, UBXN1, UBXN7, UHRF1, UIMC1, UNC119B, UNC45A, UPF1, UQCRC2, USP10, USP13, USP22, USP48, UTP11, UTP14A, UTP18, UTP3, VCPIP1, VPS33B, VPS72, VRK1, WAC, WAPL, WBP11, WBP4, WDHD1, WDR12, WDR33, WDR4, WDR43, WDR45B, WDR46, WDR70, WIZ, XPC, XPO5, XRCC4, XRCC5, XRCC6, YAP1, YARS1, YTHDC1, YWHAH, YY1, ZBTB34, ZBTB4, ZBTB7A, ZBTB7B, ZC3H11A, ZC3H14, ZC3H15, ZC3H4, ZC3H8, ZC3HC1, ZCCHC8, ZFAND6, ZFP91, ZFR, ZHX3, ZMAT2, ZMYM3, ZMYND8, ZNF148, ZNF174, ZNF207, ZNF217, ZNF280C, ZNF326, ZNF384, ZNF512, ZNF512B, ZNF516, ZNF592, ZNF618, ZNF639, ZNF644, ZNF687, ZNF706, ZNF787, ZNF800, ZNF804B, ZNF830, ZRANB1, ZRANB2, ZYX, ZZZ3
2026-06-02 19:46:14,658 - ===== Fold 1/5 (train proteins: 809, val proteins: 203) =====
2026-06-02 19:46:15,933 - Epoch 1/200 - LR: 0.0001 - Train Loss: 0.6970 - Val Loss: 0.6901
2026-06-02 19:46:17,358 - Epoch 2/200 - LR: 0.0001 - Train Loss: 0.6917 - Val Loss: 0.6761
2026-06-02 19:46:18,664 - Epoch 3/200 - LR: 0.0001 - Train Loss: 0.6839 - Val Loss: 0.6270
2026-06-02 19:46:19,996 - Epoch 4/200 - LR: 0.0001 - Train Loss: 0.6456 - Val Loss: 0.5837
2026-06-02 19:46:21,329 - Epoch 5/200 - LR: 0.0001 - Train Loss: 0.5909 - Val Loss: 0.5818
2026-06-02 19:46:22,680 - Epoch 6/200 - LR: 0.0001 - Train Loss: 0.5560 - Val Loss: 0.5892
2026-06-02 19:46:23,992 - Epoch 7/200 - LR: 0.0001 - Train Loss: 0.5396 - Val Loss: 0.5726
2026-06-02 19:46:25,340 - Epoch 8/200 - LR: 0.0001 - Train Loss: 0.5258 - Val Loss: 0.5507
2026-06-02 19:46:26,682 - Epoch 9/200 - LR: 0.0001 - Train Loss: 0.4885 - Val Loss: 0.6010
2026-06-02 19:46:27,984 - Epoch 10/200 - LR: 0.0001 - Train Loss: 0.4902 - Val Loss: 0.5453
2026-06-02 19:46:29,346 - Epoch 11/200 - LR: 0.0001 - Train Loss: 0.4544 - Val Loss: 0.5442
2026-06-02 19:46:30,705 - Epoch 12/200 - LR: 0.0001 - Train Loss: 0.4441 - Val Loss: 0.5362
2026-06-02 19:46:32,086 - Epoch 13/200 - LR: 0.0001 - Train Loss: 0.4316 - Val Loss: 0.5422
2026-06-02 19:46:33,660 - Epoch 14/200 - LR: 0.0001 - Train Loss: 0.4285 - Val Loss: 0.5439
2026-06-02 19:46:35,055 - Epoch 15/200 - LR: 0.0001 - Train Loss: 0.4039 - Val Loss: 0.5511
2026-06-02 19:46:36,403 - Epoch 16/200 - LR: 0.0001 - Train Loss: 0.4011 - Val Loss: 0.5616
2026-06-02 19:46:37,778 - Epoch 17/200 - LR: 0.0001 - Train Loss: 0.4020 - Val Loss: 0.5405
2026-06-02 19:46:39,149 - Epoch 18/200 - LR: 0.0001 - Train Loss: 0.3764 - Val Loss: 0.5724
2026-06-02 19:46:40,533 - Epoch 19/200 - LR: 0.0001 - Train Loss: 0.3526 - Val Loss: 0.5566
2026-06-02 19:46:41,897 - Epoch 20/200 - LR: 5e-05 - Train Loss: 0.3329 - Val Loss: 0.5916
2026-06-02 19:46:41,897 - Early stopping at epoch 20 (best MCC=0.5702)
2026-06-02 19:46:41,898 - Fold 1 Best Metrics:
2026-06-02 19:46:41,898 -   MCC       : 0.5702
2026-06-02 19:46:41,898 -   SN        : 0.7785
2026-06-02 19:46:41,898 -   SP        : 0.7923
2026-06-02 19:46:41,898 -   ACC       : 0.7851
2026-06-02 19:46:41,898 -   BACC      : 0.7854
2026-06-02 19:46:41,898 -   PRECISION : 0.8050
2026-06-02 19:46:41,898 -   F1        : 0.7915
2026-06-02 19:46:41,898 -   AUC       : 0.8428
2026-06-02 19:46:41,898 -   AUCPR     : 0.8524
2026-06-02 19:46:41,900 - ===== Fold 2/5 (train proteins: 810, val proteins: 202) =====
2026-06-02 19:46:43,252 - Epoch 1/200 - LR: 0.0001 - Train Loss: 0.6943 - Val Loss: 0.6892
2026-06-02 19:46:44,597 - Epoch 2/200 - LR: 0.0001 - Train Loss: 0.6918 - Val Loss: 0.6669
2026-06-02 19:46:45,957 - Epoch 3/200 - LR: 0.0001 - Train Loss: 0.6788 - Val Loss: 0.6250
2026-06-02 19:46:47,277 - Epoch 4/200 - LR: 0.0001 - Train Loss: 0.6303 - Val Loss: 0.5897
2026-06-02 19:46:48,591 - Epoch 5/200 - LR: 0.0001 - Train Loss: 0.5817 - Val Loss: 0.5725
2026-06-02 19:46:49,886 - Epoch 6/200 - LR: 0.0001 - Train Loss: 0.5668 - Val Loss: 0.5533
2026-06-02 19:46:51,192 - Epoch 7/200 - LR: 0.0001 - Train Loss: 0.5429 - Val Loss: 0.5557
2026-06-02 19:46:52,557 - Epoch 8/200 - LR: 0.0001 - Train Loss: 0.5354 - Val Loss: 0.5410
2026-06-02 19:46:54,041 - Epoch 9/200 - LR: 0.0001 - Train Loss: 0.5188 - Val Loss: 0.5262
2026-06-02 19:46:55,435 - Epoch 10/200 - LR: 0.0001 - Train Loss: 0.4979 - Val Loss: 0.5381
2026-06-02 19:46:56,996 - Epoch 11/200 - LR: 0.0001 - Train Loss: 0.4695 - Val Loss: 0.5329
2026-06-02 19:46:58,439 - Epoch 12/200 - LR: 0.0001 - Train Loss: 0.4541 - Val Loss: 0.5572
2026-06-02 19:46:59,938 - Epoch 13/200 - LR: 0.0001 - Train Loss: 0.4363 - Val Loss: 0.5736
2026-06-02 19:47:01,303 - Epoch 14/200 - LR: 0.0001 - Train Loss: 0.4580 - Val Loss: 0.5309
2026-06-02 19:47:02,647 - Epoch 15/200 - LR: 0.0001 - Train Loss: 0.4174 - Val Loss: 0.5648
2026-06-02 19:47:04,021 - Epoch 16/200 - LR: 0.0001 - Train Loss: 0.4152 - Val Loss: 0.5286
2026-06-02 19:47:05,485 - Epoch 17/200 - LR: 0.0001 - Train Loss: 0.3938 - Val Loss: 0.5814
2026-06-02 19:47:06,827 - Epoch 18/200 - LR: 0.0001 - Train Loss: 0.3917 - Val Loss: 0.5730
2026-06-02 19:47:08,164 - Epoch 19/200 - LR: 5e-05 - Train Loss: 0.3732 - Val Loss: 0.5730
2026-06-02 19:47:08,164 - Early stopping at epoch 19 (best MCC=0.5483)
2026-06-02 19:47:08,164 - Fold 2 Best Metrics:
2026-06-02 19:47:08,164 -   MCC       : 0.5483
2026-06-02 19:47:08,165 -   SN        : 0.8138
2026-06-02 19:47:08,165 -   SP        : 0.7327
2026-06-02 19:47:08,165 -   ACC       : 0.7733
2026-06-02 19:47:08,165 -   BACC      : 0.7733
2026-06-02 19:47:08,165 -   PRECISION : 0.7532
2026-06-02 19:47:08,165 -   F1        : 0.7823
2026-06-02 19:47:08,165 -   AUC       : 0.8452
2026-06-02 19:47:08,165 -   AUCPR     : 0.8306
2026-06-02 19:47:08,172 - ===== Fold 3/5 (train proteins: 810, val proteins: 202) =====
2026-06-02 19:47:09,531 - Epoch 1/200 - LR: 0.0001 - Train Loss: 0.6926 - Val Loss: 0.6905
2026-06-02 19:47:10,987 - Epoch 2/200 - LR: 0.0001 - Train Loss: 0.6889 - Val Loss: 0.6577
2026-06-02 19:47:12,415 - Epoch 3/200 - LR: 0.0001 - Train Loss: 0.6668 - Val Loss: 0.5980
2026-06-02 19:47:13,778 - Epoch 4/200 - LR: 0.0001 - Train Loss: 0.6189 - Val Loss: 0.5471
2026-06-02 19:47:15,222 - Epoch 5/200 - LR: 0.0001 - Train Loss: 0.5886 - Val Loss: 0.5533
2026-06-02 19:47:16,782 - Epoch 6/200 - LR: 0.0001 - Train Loss: 0.5555 - Val Loss: 0.5041
2026-06-02 19:47:18,289 - Epoch 7/200 - LR: 0.0001 - Train Loss: 0.5430 - Val Loss: 0.5003
2026-06-02 19:47:19,671 - Epoch 8/200 - LR: 0.0001 - Train Loss: 0.5194 - Val Loss: 0.4898
2026-06-02 19:47:21,053 - Epoch 9/200 - LR: 0.0001 - Train Loss: 0.5216 - Val Loss: 0.4732
2026-06-02 19:47:22,465 - Epoch 10/200 - LR: 0.0001 - Train Loss: 0.4945 - Val Loss: 0.4750
2026-06-02 19:47:23,882 - Epoch 11/200 - LR: 0.0001 - Train Loss: 0.4788 - Val Loss: 0.4670
2026-06-02 19:47:25,293 - Epoch 12/200 - LR: 0.0001 - Train Loss: 0.4597 - Val Loss: 0.4744
2026-06-02 19:47:26,689 - Epoch 13/200 - LR: 0.0001 - Train Loss: 0.4693 - Val Loss: 0.4533
2026-06-02 19:47:28,229 - Epoch 14/200 - LR: 0.0001 - Train Loss: 0.4489 - Val Loss: 0.4710
2026-06-02 19:47:29,675 - Epoch 15/200 - LR: 0.0001 - Train Loss: 0.4199 - Val Loss: 0.4834
2026-06-02 19:47:31,040 - Epoch 16/200 - LR: 5e-05 - Train Loss: 0.4034 - Val Loss: 0.4867
2026-06-02 19:47:31,041 - Early stopping at epoch 16 (best MCC=0.5913)
2026-06-02 19:47:31,041 - Fold 3 Best Metrics:
2026-06-02 19:47:31,041 -   MCC       : 0.5913
2026-06-02 19:47:31,041 -   SN        : 0.8348
2026-06-02 19:47:31,041 -   SP        : 0.7541
2026-06-02 19:47:31,041 -   ACC       : 0.7952
2026-06-02 19:47:31,041 -   BACC      : 0.7945
2026-06-02 19:47:31,041 -   PRECISION : 0.7785
2026-06-02 19:47:31,041 -   F1        : 0.8057
2026-06-02 19:47:31,041 -   AUC       : 0.8716
2026-06-02 19:47:31,041 -   AUCPR     : 0.8779
2026-06-02 19:47:31,043 - ===== Fold 4/5 (train proteins: 810, val proteins: 202) =====
2026-06-02 19:47:32,458 - Epoch 1/200 - LR: 0.0001 - Train Loss: 0.6940 - Val Loss: 0.6863
2026-06-02 19:47:33,858 - Epoch 2/200 - LR: 0.0001 - Train Loss: 0.6915 - Val Loss: 0.6738
2026-06-02 19:47:35,298 - Epoch 3/200 - LR: 0.0001 - Train Loss: 0.6786 - Val Loss: 0.6408
2026-06-02 19:47:36,703 - Epoch 4/200 - LR: 0.0001 - Train Loss: 0.6322 - Val Loss: 0.6208
2026-06-02 19:47:38,130 - Epoch 5/200 - LR: 0.0001 - Train Loss: 0.5780 - Val Loss: 0.6042
2026-06-02 19:47:39,540 - Epoch 6/200 - LR: 0.0001 - Train Loss: 0.5601 - Val Loss: 0.5914
2026-06-02 19:47:40,952 - Epoch 7/200 - LR: 0.0001 - Train Loss: 0.5382 - Val Loss: 0.5933
2026-06-02 19:47:42,320 - Epoch 8/200 - LR: 0.0001 - Train Loss: 0.5372 - Val Loss: 0.5466
2026-06-02 19:47:43,714 - Epoch 9/200 - LR: 0.0001 - Train Loss: 0.5013 - Val Loss: 0.5654
2026-06-02 19:47:45,244 - Epoch 10/200 - LR: 0.0001 - Train Loss: 0.4998 - Val Loss: 0.5427
2026-06-02 19:47:46,776 - Epoch 11/200 - LR: 0.0001 - Train Loss: 0.4867 - Val Loss: 0.5311
2026-06-02 19:47:48,142 - Epoch 12/200 - LR: 0.0001 - Train Loss: 0.4687 - Val Loss: 0.5344
2026-06-02 19:47:49,558 - Epoch 13/200 - LR: 0.0001 - Train Loss: 0.4602 - Val Loss: 0.5461
2026-06-02 19:47:51,005 - Epoch 14/200 - LR: 0.0001 - Train Loss: 0.4218 - Val Loss: 0.5652
2026-06-02 19:47:52,488 - Epoch 15/200 - LR: 0.0001 - Train Loss: 0.4212 - Val Loss: 0.5243
2026-06-02 19:47:53,886 - Epoch 16/200 - LR: 0.0001 - Train Loss: 0.4046 - Val Loss: 0.5137
2026-06-02 19:47:55,254 - Epoch 17/200 - LR: 0.0001 - Train Loss: 0.3969 - Val Loss: 0.5178
2026-06-02 19:47:56,617 - Epoch 18/200 - LR: 0.0001 - Train Loss: 0.3766 - Val Loss: 0.5624
2026-06-02 19:47:57,997 - Epoch 19/200 - LR: 0.0001 - Train Loss: 0.3725 - Val Loss: 0.5687
2026-06-02 19:47:59,606 - Epoch 20/200 - LR: 5e-05 - Train Loss: 0.3466 - Val Loss: 0.5511
2026-06-02 19:47:59,606 - Early stopping at epoch 20 (best MCC=0.5815)
2026-06-02 19:47:59,606 - Fold 4 Best Metrics:
2026-06-02 19:47:59,606 -   MCC       : 0.5815
2026-06-02 19:47:59,606 -   SN        : 0.8286
2026-06-02 19:47:59,607 -   SP        : 0.7517
2026-06-02 19:47:59,607 -   ACC       : 0.7894
2026-06-02 19:47:59,607 -   BACC      : 0.7902
2026-06-02 19:47:59,607 -   PRECISION : 0.7624
2026-06-02 19:47:59,607 -   F1        : 0.7942
2026-06-02 19:47:59,607 -   AUC       : 0.8437
2026-06-02 19:47:59,607 -   AUCPR     : 0.8345
2026-06-02 19:47:59,609 - ===== Fold 5/5 (train proteins: 809, val proteins: 203) =====
2026-06-02 19:48:01,067 - Epoch 1/200 - LR: 0.0001 - Train Loss: 0.6946 - Val Loss: 0.6927
2026-06-02 19:48:02,493 - Epoch 2/200 - LR: 0.0001 - Train Loss: 0.6923 - Val Loss: 0.6841
2026-06-02 19:48:03,920 - Epoch 3/200 - LR: 0.0001 - Train Loss: 0.6834 - Val Loss: 0.6487
2026-06-02 19:48:05,340 - Epoch 4/200 - LR: 0.0001 - Train Loss: 0.6512 - Val Loss: 0.5939
2026-06-02 19:48:06,735 - Epoch 5/200 - LR: 0.0001 - Train Loss: 0.5965 - Val Loss: 0.5471
2026-06-02 19:48:08,083 - Epoch 6/200 - LR: 0.0001 - Train Loss: 0.5810 - Val Loss: 0.5505
2026-06-02 19:48:09,437 - Epoch 7/200 - LR: 0.0001 - Train Loss: 0.5667 - Val Loss: 0.5121
2026-06-02 19:48:10,771 - Epoch 8/200 - LR: 0.0001 - Train Loss: 0.5385 - Val Loss: 0.5184
2026-06-02 19:48:12,154 - Epoch 9/200 - LR: 0.0001 - Train Loss: 0.5258 - Val Loss: 0.5153
2026-06-02 19:48:13,657 - Epoch 10/200 - LR: 0.0001 - Train Loss: 0.5026 - Val Loss: 0.5236
2026-06-02 19:48:15,007 - Epoch 11/200 - LR: 0.0001 - Train Loss: 0.4785 - Val Loss: 0.5161
2026-06-02 19:48:16,358 - Epoch 12/200 - LR: 0.0001 - Train Loss: 0.4783 - Val Loss: 0.4978
2026-06-02 19:48:17,718 - Epoch 13/200 - LR: 0.0001 - Train Loss: 0.4576 - Val Loss: 0.5089
2026-06-02 19:48:19,151 - Epoch 14/200 - LR: 0.0001 - Train Loss: 0.4383 - Val Loss: 0.5286
2026-06-02 19:48:20,525 - Epoch 15/200 - LR: 0.0001 - Train Loss: 0.4250 - Val Loss: 0.4916
2026-06-02 19:48:21,988 - Epoch 16/200 - LR: 0.0001 - Train Loss: 0.4060 - Val Loss: 0.5166
2026-06-02 19:48:23,386 - Epoch 17/200 - LR: 0.0001 - Train Loss: 0.3867 - Val Loss: 0.5150
2026-06-02 19:48:24,781 - Epoch 18/200 - LR: 0.0001 - Train Loss: 0.3678 - Val Loss: 0.5257
2026-06-02 19:48:26,310 - Epoch 19/200 - LR: 0.0001 - Train Loss: 0.3836 - Val Loss: 0.5246
2026-06-02 19:48:27,740 - Epoch 20/200 - LR: 5e-05 - Train Loss: 0.3520 - Val Loss: 0.5177
2026-06-02 19:48:27,741 - Early stopping at epoch 20 (best MCC=0.5934)
2026-06-02 19:48:27,741 - Fold 5 Best Metrics:
2026-06-02 19:48:27,741 -   MCC       : 0.5934
2026-06-02 19:48:27,741 -   SN        : 0.8116
2026-06-02 19:48:27,741 -   SP        : 0.7824
2026-06-02 19:48:27,741 -   ACC       : 0.7963
2026-06-02 19:48:27,741 -   BACC      : 0.7970
2026-06-02 19:48:27,741 -   PRECISION : 0.7724
2026-06-02 19:48:27,741 -   F1        : 0.7915
2026-06-02 19:48:27,741 -   AUC       : 0.8579
2026-06-02 19:48:27,741 -   AUCPR     : 0.8377
2026-06-02 19:48:27,741 - ==============================
2026-06-02 19:48:27,741 - Cross-Validation Results:
2026-06-02 19:48:27,741 -   MCC       : 0.577 ± 0.016
2026-06-02 19:48:27,742 -   SN        : 0.813 ± 0.020
2026-06-02 19:48:27,742 -   SP        : 0.763 ± 0.022
2026-06-02 19:48:27,742 -   ACC       : 0.788 ± 0.008
2026-06-02 19:48:27,742 -   BACC      : 0.788 ± 0.008
2026-06-02 19:48:27,742 -   PRECISION : 0.774 ± 0.018
2026-06-02 19:48:27,742 -   F1        : 0.793 ± 0.007
2026-06-02 19:48:27,742 -   AUC       : 0.852 ± 0.011
2026-06-02 19:48:27,742 -   AUCPR     : 0.847 ± 0.017
2026-06-02 19:48:27,742 - ==============================
2026-06-02 19:48:27,742 - Evaluating ensemble on test set...
2026-06-02 19:48:28,469 - Final Test Metrics (Ensemble):
2026-06-02 19:48:28,470 -   MCC       : 0.657
2026-06-02 19:48:28,470 -   SN        : 0.820
2026-06-02 19:48:28,470 -   SP        : 0.837
2026-06-02 19:48:28,470 -   ACC       : 0.829
2026-06-02 19:48:28,470 -   BACC      : 0.829
2026-06-02 19:48:28,470 -   PRECISION : 0.834
2026-06-02 19:48:28,470 -   F1        : 0.827
2026-06-02 19:48:28,470 -   AUC       : 0.879
2026-06-02 19:48:28,470 -   AUCPR     : 0.885
