2026-06-04 20:36:13,342 - ==============================
2026-06-04 20:36:13,342 - ESM2 Embedding MLP Model Training
2026-06-04 20:36:13,342 - ==============================
2026-06-04 20:36:13,342 - Hyperparameters:
2026-06-04 20:36:13,342 - Batch Size: 32
2026-06-04 20:36:13,342 - Learning Rate: 3.500309e-05
2026-06-04 20:36:13,342 - Weight Decay: 0.002603109
2026-06-04 20:36:13,342 - Epochs: 18
2026-06-04 20:36:13,342 - Embedding Dimension: 1280
2026-06-04 20:36:13,342 - Sequence Feature Dimension: 21 (20 AA + 1 X)
2026-06-04 20:36:13,342 - Hidden Dimension: 128
2026-06-04 20:36:13,342 - ==============================
2026-06-04 20:36:13,342 - Loading training embeddings from data/train_embedding.pt...
2026-06-04 20:36:14,328 - Loading test embeddings from data/test_embedding.pt...
2026-06-04 20:36:19,516 - Epoch 1/18 - Train Loss: 0.696
2026-06-04 20:36:23,462 - Epoch 2/18 - Train Loss: 0.693
2026-06-04 20:36:25,359 - Epoch 3/18 - Train Loss: 0.688
2026-06-04 20:36:28,549 - Epoch 4/18 - Train Loss: 0.664
2026-06-04 20:36:30,938 - Epoch 5/18 - Train Loss: 0.606
2026-06-04 20:36:34,554 - Epoch 6/18 - Train Loss: 0.561
2026-06-04 20:36:37,861 - Epoch 7/18 - Train Loss: 0.530
2026-06-04 20:36:41,024 - Epoch 8/18 - Train Loss: 0.506
2026-06-04 20:36:44,757 - Epoch 9/18 - Train Loss: 0.485
2026-06-04 20:36:48,285 - Epoch 10/18 - Train Loss: 0.476
2026-06-04 20:36:51,381 - Epoch 11/18 - Train Loss: 0.456
2026-06-04 20:36:54,661 - Epoch 12/18 - Train Loss: 0.442
2026-06-04 20:36:58,122 - Epoch 13/18 - Train Loss: 0.426
2026-06-04 20:37:00,972 - Epoch 14/18 - Train Loss: 0.407
2026-06-04 20:37:04,324 - Epoch 15/18 - Train Loss: 0.409
2026-06-04 20:37:07,187 - Epoch 16/18 - Train Loss: 0.388
2026-06-04 20:37:10,542 - Epoch 17/18 - Train Loss: 0.376
2026-06-04 20:37:13,746 - Epoch 18/18 - Train Loss: 0.366
2026-06-04 20:37:13,768 - Model saved to ./plm-mlp/final_model.pth
2026-06-04 20:37:13,984 - Saved loss curve: ./plm-mlp/training_loss.png
2026-06-04 20:37:13,985 - ==============================
2026-06-04 20:37:13,985 - Evaluating on test set...
2026-06-04 20:37:14,118 - Test Metrics:
2026-06-04 20:37:14,118 - MCC       : 0.559
2026-06-04 20:37:14,118 - SN        : 0.796
2026-06-04 20:37:14,118 - SP        : 0.763
2026-06-04 20:37:14,118 - ACC       : 0.780
2026-06-04 20:37:14,119 - BACC      : 0.780
2026-06-04 20:37:14,119 - PRECISION : 0.771
2026-06-04 20:37:14,119 - F1        : 0.783
2026-06-04 20:37:14,119 - AUC       : 0.857
2026-06-04 20:37:14,119 - AUCPR     : 0.862
