2026-04-28 19:49:26,956 - ==============================
2026-04-28 19:49:26,956 - ESM2 Embedding MLP Model Training
2026-04-28 19:49:26,956 - ==============================
2026-04-28 19:49:26,956 - Hyperparameters:
2026-04-28 19:49:26,956 - Batch Size: 128
2026-04-28 19:49:26,956 - Learning Rate: 0.001
2026-04-28 19:49:26,957 - Weight Decay: 0.01
2026-04-28 19:49:26,957 - Epochs: 200
2026-04-28 19:49:26,957 - K-Folds: 5
2026-04-28 19:49:26,957 - Patience: 5
2026-04-28 19:49:26,957 - Early Stop Metric: MCC
2026-04-28 19:49:26,957 - Embedding Dimension: 1280
2026-04-28 19:49:26,957 - Sequence Feature Dimension: 21 (20 AA + 1 X)
2026-04-28 19:49:26,957 - Hidden Dimension: 128
2026-04-28 19:49:26,957 - LR Scheduler: ReduceLROnPlateau(factor=0.5, patience=3, min_lr=1e-06)
2026-04-28 19:49:26,957 - ==============================
2026-04-28 19:49:26,957 - Loading training embeddings from data/train_embedding.pt...
2026-04-28 19:49:27,915 - Loading test embeddings from data/test_embedding.pt...
2026-04-28 19:49:28,922 - Training samples: 4346
2026-04-28 19:49:28,923 - Test samples: 490
2026-04-28 19:49:28,937 - ===== Fold 1/5 =====
2026-04-28 19:49:32,511 - Epoch 1/200 - LR: 0.001 - Train Loss: 0.6956 - Val Loss: 0.6816
2026-04-28 19:49:36,817 - Epoch 2/200 - LR: 0.001 - Train Loss: 0.6174 - Val Loss: 0.5729
2026-04-28 19:49:42,616 - Epoch 3/200 - LR: 0.001 - Train Loss: 0.5469 - Val Loss: 0.5027
2026-04-28 19:49:48,805 - Epoch 4/200 - LR: 0.001 - Train Loss: 0.4940 - Val Loss: 0.5979
2026-04-28 19:49:53,516 - Epoch 5/200 - LR: 0.001 - Train Loss: 0.5132 - Val Loss: 0.4930
2026-04-28 19:49:57,724 - Epoch 6/200 - LR: 0.001 - Train Loss: 0.4335 - Val Loss: 0.5012
2026-04-28 19:50:01,397 - Epoch 7/200 - LR: 0.001 - Train Loss: 0.4151 - Val Loss: 0.5002
2026-04-28 19:50:05,313 - Epoch 8/200 - LR: 0.001 - Train Loss: 0.3585 - Val Loss: 0.5156
2026-04-28 19:50:08,624 - Epoch 9/200 - LR: 0.001 - Train Loss: 0.3772 - Val Loss: 0.5171
2026-04-28 19:50:12,007 - Epoch 10/200 - LR: 0.001 - Train Loss: 0.3048 - Val Loss: 0.5627
2026-04-28 19:50:15,725 - Epoch 11/200 - LR: 0.0005 - Train Loss: 0.2404 - Val Loss: 0.7153
2026-04-28 19:50:15,726 - Early stopping at epoch 11 (best MCC=0.5776)
2026-04-28 19:50:15,726 - Fold 1 Best Metrics:
2026-04-28 19:50:15,726 - MCC       : 0.5776
2026-04-28 19:50:15,726 - SN        : 0.8529
2026-04-28 19:50:15,726 - SP        : 0.7195
2026-04-28 19:50:15,726 - ACC       : 0.7862
2026-04-28 19:50:15,726 - BACC      : 0.7862
2026-04-28 19:50:15,726 - PRECISION : 0.7525
2026-04-28 19:50:15,726 - F1        : 0.7996
2026-04-28 19:50:15,726 - AUC       : 0.8545
2026-04-28 19:50:15,726 - AUCPR     : 0.8452
2026-04-28 19:50:15,726 - ===== Fold 2/5 =====
2026-04-28 19:50:18,834 - Epoch 1/200 - LR: 0.001 - Train Loss: 0.6845 - Val Loss: 0.6106
2026-04-28 19:50:22,713 - Epoch 2/200 - LR: 0.001 - Train Loss: 0.5949 - Val Loss: 0.5170
2026-04-28 19:50:25,991 - Epoch 3/200 - LR: 0.001 - Train Loss: 0.5427 - Val Loss: 0.5069
2026-04-28 19:50:30,008 - Epoch 4/200 - LR: 0.001 - Train Loss: 0.5089 - Val Loss: 0.4694
2026-04-28 19:50:32,910 - Epoch 5/200 - LR: 0.001 - Train Loss: 0.4582 - Val Loss: 0.5058
2026-04-28 19:50:35,718 - Epoch 6/200 - LR: 0.001 - Train Loss: 0.4236 - Val Loss: 0.4640
2026-04-28 19:50:40,506 - Epoch 7/200 - LR: 0.001 - Train Loss: 0.3771 - Val Loss: 0.5339
2026-04-28 19:50:44,215 - Epoch 8/200 - LR: 0.001 - Train Loss: 0.3695 - Val Loss: 0.5024
2026-04-28 19:50:53,306 - Epoch 9/200 - LR: 0.0005 - Train Loss: 0.2610 - Val Loss: 0.5866
2026-04-28 19:50:53,307 - Early stopping at epoch 9 (best MCC=0.5719)
2026-04-28 19:50:53,307 - Fold 2 Best Metrics:
2026-04-28 19:50:53,307 - MCC       : 0.5719
2026-04-28 19:50:53,307 - SN        : 0.7908
2026-04-28 19:50:53,307 - SP        : 0.7811
2026-04-28 19:50:53,307 - ACC       : 0.7860
2026-04-28 19:50:53,307 - BACC      : 0.7860
2026-04-28 19:50:53,307 - PRECISION : 0.7836
2026-04-28 19:50:53,307 - F1        : 0.7872
2026-04-28 19:50:53,307 - AUC       : 0.8624
2026-04-28 19:50:53,307 - AUCPR     : 0.8521
2026-04-28 19:50:53,307 - ===== Fold 3/5 =====
2026-04-28 19:50:56,910 - Epoch 1/200 - LR: 0.001 - Train Loss: 0.6821 - Val Loss: 0.6935
2026-04-28 19:51:01,117 - Epoch 2/200 - LR: 0.001 - Train Loss: 0.6138 - Val Loss: 0.5388
2026-04-28 19:51:04,416 - Epoch 3/200 - LR: 0.001 - Train Loss: 0.5235 - Val Loss: 0.5284
2026-04-28 19:51:08,014 - Epoch 4/200 - LR: 0.001 - Train Loss: 0.4871 - Val Loss: 0.6243
2026-04-28 19:51:10,821 - Epoch 5/200 - LR: 0.001 - Train Loss: 0.4570 - Val Loss: 0.5235
2026-04-28 19:51:13,915 - Epoch 6/200 - LR: 0.001 - Train Loss: 0.3860 - Val Loss: 0.5827
2026-04-28 19:51:17,016 - Epoch 7/200 - LR: 0.001 - Train Loss: 0.3727 - Val Loss: 0.6208
2026-04-28 19:51:20,212 - Epoch 8/200 - LR: 0.001 - Train Loss: 0.3390 - Val Loss: 0.6163
2026-04-28 19:51:23,909 - Epoch 9/200 - LR: 0.001 - Train Loss: 0.2842 - Val Loss: 0.6115
2026-04-28 19:51:27,621 - Epoch 10/200 - LR: 0.0005 - Train Loss: 0.2074 - Val Loss: 0.7297
2026-04-28 19:51:30,620 - Epoch 11/200 - LR: 0.0005 - Train Loss: 0.1789 - Val Loss: 0.7595
2026-04-28 19:51:34,021 - Epoch 12/200 - LR: 0.0005 - Train Loss: 0.1717 - Val Loss: 0.7718
2026-04-28 19:51:37,711 - Epoch 13/200 - LR: 0.0005 - Train Loss: 0.1316 - Val Loss: 0.8152
2026-04-28 19:51:40,832 - Epoch 14/200 - LR: 0.0005 - Train Loss: 0.1397 - Val Loss: 0.8912
2026-04-28 19:51:44,413 - Epoch 15/200 - LR: 0.00025 - Train Loss: 0.0919 - Val Loss: 0.9627
2026-04-28 19:51:44,414 - Early stopping at epoch 15 (best MCC=0.5398)
2026-04-28 19:51:44,414 - Fold 3 Best Metrics:
2026-04-28 19:51:44,414 - MCC       : 0.5398
2026-04-28 19:51:44,414 - SN        : 0.7609
2026-04-28 19:51:44,414 - SP        : 0.7788
2026-04-28 19:51:44,414 - ACC       : 0.7699
2026-04-28 19:51:44,414 - BACC      : 0.7699
2026-04-28 19:51:44,414 - PRECISION : 0.7752
2026-04-28 19:51:44,414 - F1        : 0.7680
2026-04-28 19:51:44,414 - AUC       : 0.8349
2026-04-28 19:51:44,414 - AUCPR     : 0.8315
2026-04-28 19:51:44,414 - ===== Fold 4/5 =====
2026-04-28 19:51:48,109 - Epoch 1/200 - LR: 0.001 - Train Loss: 0.6885 - Val Loss: 0.6014
2026-04-28 19:51:51,434 - Epoch 2/200 - LR: 0.001 - Train Loss: 0.6048 - Val Loss: 0.5415
2026-04-28 19:51:55,414 - Epoch 3/200 - LR: 0.001 - Train Loss: 0.5395 - Val Loss: 0.5888
2026-04-28 19:51:59,696 - Epoch 4/200 - LR: 0.001 - Train Loss: 0.4982 - Val Loss: 0.6572
2026-04-28 19:52:03,125 - Epoch 5/200 - LR: 0.001 - Train Loss: 0.4585 - Val Loss: 0.5519
2026-04-28 19:52:07,399 - Epoch 6/200 - LR: 0.001 - Train Loss: 0.4095 - Val Loss: 0.5353
2026-04-28 19:52:10,714 - Epoch 7/200 - LR: 0.001 - Train Loss: 0.3867 - Val Loss: 0.5118
2026-04-28 19:52:14,103 - Epoch 8/200 - LR: 0.001 - Train Loss: 0.3396 - Val Loss: 0.5601
2026-04-28 19:52:17,797 - Epoch 9/200 - LR: 0.001 - Train Loss: 0.3034 - Val Loss: 0.6777
2026-04-28 19:52:20,924 - Epoch 10/200 - LR: 0.001 - Train Loss: 0.2854 - Val Loss: 0.6684
2026-04-28 19:52:24,397 - Epoch 11/200 - LR: 0.0005 - Train Loss: 0.2236 - Val Loss: 0.6590
2026-04-28 19:52:28,195 - Epoch 12/200 - LR: 0.0005 - Train Loss: 0.2039 - Val Loss: 0.7563
2026-04-28 19:52:31,889 - Epoch 13/200 - LR: 0.0005 - Train Loss: 0.1661 - Val Loss: 0.8891
2026-04-28 19:52:35,313 - Epoch 14/200 - LR: 0.0005 - Train Loss: 0.1272 - Val Loss: 0.8991
2026-04-28 19:52:40,323 - Epoch 15/200 - LR: 0.0005 - Train Loss: 0.1085 - Val Loss: 0.9505
2026-04-28 19:52:43,820 - Epoch 16/200 - LR: 0.00025 - Train Loss: 0.0896 - Val Loss: 1.0565
2026-04-28 19:52:43,820 - Early stopping at epoch 16 (best MCC=0.5535)
2026-04-28 19:52:43,821 - Fold 4 Best Metrics:
2026-04-28 19:52:43,821 - MCC       : 0.5535
2026-04-28 19:52:43,821 - SN        : 0.7788
2026-04-28 19:52:43,821 - SP        : 0.7747
2026-04-28 19:52:43,821 - ACC       : 0.7768
2026-04-28 19:52:43,821 - BACC      : 0.7768
2026-04-28 19:52:43,821 - PRECISION : 0.7752
2026-04-28 19:52:43,821 - F1        : 0.7770
2026-04-28 19:52:43,821 - AUC       : 0.8383
2026-04-28 19:52:43,821 - AUCPR     : 0.8233
2026-04-28 19:52:43,830 - ===== Fold 5/5 =====
2026-04-28 19:52:48,094 - Epoch 1/200 - LR: 0.001 - Train Loss: 0.6850 - Val Loss: 0.7033
2026-04-28 19:52:51,926 - Epoch 2/200 - LR: 0.001 - Train Loss: 0.6194 - Val Loss: 0.5930
2026-04-28 19:52:55,122 - Epoch 3/200 - LR: 0.001 - Train Loss: 0.5888 - Val Loss: 0.7106
2026-04-28 19:52:58,103 - Epoch 4/200 - LR: 0.001 - Train Loss: 0.5222 - Val Loss: 0.5435
2026-04-28 19:53:01,714 - Epoch 5/200 - LR: 0.001 - Train Loss: 0.4828 - Val Loss: 0.5638
2026-04-28 19:53:05,524 - Epoch 6/200 - LR: 0.001 - Train Loss: 0.4716 - Val Loss: 0.5400
2026-04-28 19:53:08,917 - Epoch 7/200 - LR: 0.001 - Train Loss: 0.4123 - Val Loss: 0.5846
2026-04-28 19:53:12,616 - Epoch 8/200 - LR: 0.001 - Train Loss: 0.4051 - Val Loss: 0.5468
2026-04-28 19:53:15,720 - Epoch 9/200 - LR: 0.001 - Train Loss: 0.3717 - Val Loss: 0.5702
2026-04-28 19:53:18,726 - Epoch 10/200 - LR: 0.001 - Train Loss: 0.3328 - Val Loss: 0.6211
2026-04-28 19:53:21,902 - Epoch 11/200 - LR: 0.001 - Train Loss: 0.2903 - Val Loss: 0.5781
2026-04-28 19:53:25,302 - Epoch 12/200 - LR: 0.001 - Train Loss: 0.2476 - Val Loss: 0.6621
2026-04-28 19:53:28,110 - Epoch 13/200 - LR: 0.001 - Train Loss: 0.2340 - Val Loss: 0.7037
2026-04-28 19:53:31,491 - Epoch 14/200 - LR: 0.001 - Train Loss: 0.1923 - Val Loss: 0.8435
2026-04-28 19:53:35,410 - Epoch 15/200 - LR: 0.0005 - Train Loss: 0.1547 - Val Loss: 0.8604
2026-04-28 19:53:35,410 - Early stopping at epoch 15 (best MCC=0.5257)
2026-04-28 19:53:35,410 - Fold 5 Best Metrics:
2026-04-28 19:53:35,410 - MCC       : 0.5257
2026-04-28 19:53:35,410 - SN        : 0.8387
2026-04-28 19:53:35,410 - SP        : 0.6805
2026-04-28 19:53:35,410 - ACC       : 0.7595
2026-04-28 19:53:35,410 - BACC      : 0.7596
2026-04-28 19:53:35,410 - PRECISION : 0.7237
2026-04-28 19:53:35,410 - F1        : 0.7769
2026-04-28 19:53:35,410 - AUC       : 0.8255
2026-04-28 19:53:35,410 - AUCPR     : 0.8062
2026-04-28 19:53:35,410 - ==============================
2026-04-28 19:53:35,410 - Cross-Validation Results:
2026-04-28 19:53:35,411 - MCC       : 0.5537 ± 0.0194
2026-04-28 19:53:35,411 - SN        : 0.8044 ± 0.0354
2026-04-28 19:53:35,411 - SP        : 0.7469 ± 0.0403
2026-04-28 19:53:35,411 - ACC       : 0.7757 ± 0.0101
2026-04-28 19:53:35,411 - BACC      : 0.7757 ± 0.0101
2026-04-28 19:53:35,411 - PRECISION : 0.7620 ± 0.0218
2026-04-28 19:53:35,411 - F1        : 0.7817 ± 0.0108
2026-04-28 19:53:35,411 - AUC       : 0.8431 ± 0.0135
2026-04-28 19:53:35,411 - AUCPR     : 0.8317 ± 0.0162
2026-04-28 19:53:35,411 - ==============================
2026-04-28 19:53:35,411 - Evaluating ensemble on test set...
2026-04-28 19:53:37,019 - Final Test Metrics (Ensemble):
2026-04-28 19:53:37,019 - MCC       : 0.5760
2026-04-28 19:53:37,019 - SN        : 0.7673
2026-04-28 19:53:37,019 - SP        : 0.8082
2026-04-28 19:53:37,020 - ACC       : 0.7878
2026-04-28 19:53:37,020 - BACC      : 0.7878
2026-04-28 19:53:37,020 - PRECISION : 0.8000
2026-04-28 19:53:37,020 - F1        : 0.7833
2026-04-28 19:53:37,020 - AUC       : 0.8720
2026-04-28 19:53:37,020 - AUCPR     : 0.8826
