2026-06-02 20:44:02,197 - ============================================================
2026-06-02 20:44:02,197 - TRANSFORMER LAYERS: 3
2026-06-02 20:44:02,197 - ============================================================
2026-06-02 20:44:02,197 - Hyperparameters:
2026-06-02 20:44:02,197 -   Batch Size: 128
2026-06-02 20:44:02,197 -   Learning Rate: 0.0001
2026-06-02 20:44:02,197 -   Weight Decay: 0.001
2026-06-02 20:44:02,197 -   Epochs: 200
2026-06-02 20:44:02,197 -   K-Folds: 5
2026-06-02 20:44:02,197 -   Patience: 5
2026-06-02 20:44:02,197 -   Early Stop Metric: MCC
2026-06-02 20:44:02,197 -   Node Feature Dimension: 1280
2026-06-02 20:44:02,197 -   Sequence Feature Dimension: 21 (20 AA + 1 X)
2026-06-02 20:44:02,197 -   Hidden Dimension: 128
2026-06-02 20:44:02,198 -   LR Scheduler: ReduceLROnPlateau(factor=0.5, patience=3, min_lr=1e-06)
2026-06-02 20:44:02,198 -   Cross-Validation: GroupKFold (group = protein name)
2026-06-02 20:44:02,198 - ============================================================
2026-06-02 20:44:02,198 - Loading training data from data/train_embedding_graph.pt...
2026-06-02 20:44:04,786 - Number of unique proteins (groups): 1012
2026-06-02 20:44:04,786 - Proteins: AASDH, AATF, ABCF1, ABCF2, ABCF3, ABITRAM, ABRAXAS1, ACADVL, ACAT1, ACIN1, ACLY, ACO2, ACOT13, ACOT9, ACSF2, ADAR, ADNP, AFF4, AGFG2, AGGF1, AHCYL2, AHSA1, AIF1L, AKAP8L, ALDH18A1, ALDH9A1, ALDOA, ALG9, ALKBH3, ALKBH5, ALYREF, ANLN, ANXA2, APBB1, APEX1, APIP, ARFGAP1, ARFGAP2, ARFIP1, ARID3A, ARID4B, ARL3, ARL6IP4, ARMC1, ARPC2, ARPC5, ARPIN, ASPSCR1, ATF7IP, ATG12, ATP5F1A, ATP5F1B, ATP5IF1, ATP5PD, ATP5PO, ATP6V1E1, ATP6V1G1, ATPAF1, ATXN2L, ATXN3, AUH, AURKA, BAG2, BBS9, BBX, BCLAF1, BLNK, BMS1, BRD2, BRD4, BRIX1, BRPF1, BTF3, BUB1B, BUD23, BUD31, C12orf45, C16orf87, C19orf47, C19orf53, C1orf131, C1orf174, C1orf198, C1orf52, C7orf50, C9orf78, CACYBP, CALD1, CALU, CANX, CAPZA1, CAPZB, CAST, CAVIN1, CBFB, CBX5, CC2D1A, CCDC117, CCDC124, CCDC137, CCDC59, CCDC71, CCDC82, CCDC86, CCNH, CCNK, CCNT1, CCT2, CCT3, CCT5, CCT8, CD2BP2, CDC37, CDC40, CDC5L, CDC73, CDCA2, CDK7, CDK9, CDKN2AIP, CDV3, CDYL, CENPV, CEP131, CFL1, CHAF1A, CHAF1B, CHAMP1, CHERP, CHMP1B, CHMP2A, CHMP2B, CHMP4B, CHMP5, CHRAC1, CHTOP, CIAPIN1, CKAP2L, CKS2, CLASRP, CLINT1, CMAS, CMTR1, CNN3, CNP, COIL, COPS7A, CORO1B, CPNE1, CPSF3, CREB1, CRIPT, CRNKL1, CRTC3, CS, CSNK2B, CSRP1, CTCF, CTDP1, CTTN, CUEDC2, CUL1, CUL3, CWC15, CWC22, CWC27, CXorf56, CYCS, CZIB, DAXX, DBNL, DBR1, DBT, DCPS, DCUN1D5, DDA1, DDB1, DDB2, DDHD1, DDX10, DDX17, DDX18, DDX21, DDX23, DDX24, DDX27, DDX31, DDX39B, DDX41, DDX42, DDX46, DDX47, DDX52, DEK, DFFA, DGCR8, DHX16, DHX36, DHX37, DHX38, DHX9, DIEXF, DIMT1, DIS3, DKC1, DLAT, DLG3, DLGAP4, DNAJA3, DNAJB1, DNAJC17, DNAJC8, DNTTIP2, DPF2, DR1, DRAP1, DTD1, DUS1L, DUS3L, DUT, EAF1, EBAG9, EBNA1BP2, ECHDC1, ECI1, ECI2, ECT2, EDC3, EDF1, EED, EEF1G, EHMT1, EIF1AD, EIF1AX, EIF2B3, EIF2S2, EIF3A, EIF3CL, EIF3D, EIF3E, EIF3G, EIF3J, EIF4A3, EIF4EBP1, EIF4G2, EIF4H, EIF5, EIF5A, EIF5B, ELAC2, ELAVL1, ELOA, ELOF1, EMD, EML4, EMSY, ENO1, ENSA, EPB41L2, EPC2, ERCC3, ERF, ESF1, ESRRA, ETFA, ETFB, EXOC1, EXOSC10, EYA3, FABP5, FAIM, FAM126A, FAM133B, FAM50A, FAM76B, FANCI, FBXO45, FEN1, FER, FH, FHL1, FIP1L1, FKBP3, FKBP4, FLYWCH2, FMC1, FNBP4, FOXK2, FRG1, G3BP1, GABPA, GATAD2A, GATB, GFM2, GGCX, GIGYF2, GINS3, GIPC1, GLRA1, GLS, GMNN, GMPR2, GNL3, GNL3L, GOT2, GPALPP1, GPATCH1, GPATCH11, GPI, GPKOW, GRPEL1, GSE1, GTF2E2, GTF2F1, GTF2F2, GTF2H1, GTF2I, GTF3C2, GTF3C4, GTF3C5, GTPBP1, GTSE1, H2BC18, H3C1, H4C1, HADHA, HADHB, HAT1, HDAC2, HDGFL2, HDLBP, HEATR3, HELLS, HEXIM1, HIBCH, HIC2, HINT1, HIRIP3, HLTF, HMBS, HMG20A, HMGA2, HMGN1, HMOX2, HNRNPA1, HNRNPC, HNRNPDL, HNRNPH1, HNRNPK, HNRNPL, HNRNPM, HNRNPR, HNRNPU, HSP90AA1, HSP90AB2P, HSPA4, HSPA9, HSPD1, HSPE1, IARS2, ICE2, IDH2, IGHMBP2, IK, ILF3, ILKAP, INCENP, INIP, INO80B, INTS10, INTS12, INTS4, IRF2, IRF2BP1, IRF2BP2, IWS1, JADE3, JPH2, JPT1, JPT2, KARS1, KAT7, KCTD16, KDM2B, KDM4A, KHDC4, KHDRBS1, KHSRP, KIAA1143, KIF22, KIF23, KIF2A, KIF4A, KIF5B, KIFC1, KIN, KPNA1, KRI1, KRR1, LARP1, LARP7, LASP1, LCORL, LDHA, LEMD3, LIG1, LIMA1, LMNA, LPP, LRPPRC, LRRC40, LRRC41, LRRC59, LSM14A, LUZP1, LYAR, LYSMD3, LZTS2, MACROD1, MACROH2A1, MAGED1, MAGED2, MAGOHB, MAP2K7, MAP4, MAPK13, MAPRE3, MASTL, MATR3, MB21D2, MBD1, MBD2, MCEE, MCM3, MCRS1, MCU, MDH2, ME2, MEAF6, MECP2, MED27, MED4, MED6, MEN1, MEPCE, METTL1, METTL16, MFAP1, MIDEAS, MKRN2, MLH1, MMAB, MMTAG2, MNAT1, MOB3A, MORF4L1, MPHOSPH6, MPHOSPH8, MRE11, MRPL12, MRPL44, MRPL47, MRPS28, MRTO4, MSH2, MSH6, MSL1, MSL3P1, MTA1, MTHFD1L, MTHFD2, MTREX, MVD, MYBBP1A, MYBL2, MYL6B, MYO6, N4BP1, NAB2, NACC1, NAMPT, NASP, NAT10, NBN, NCAPG, NCAPH, NCAPH2, NCBP1, NCBP3, NCK2, NCKAP1, NCL, NDUFAF4, NDUFAF7, NDUFV3, NEBL, NECAP1, NEFL, NELFA, NELFE, NEXN, NFIA, NFX1, NFYA, NHLRC2, NIFK, NIPSNAP3A, NKAP, NKIRAS2, NKRF, NNT, NOC3L, NOL11, NOL6, NOL7, NOL8, NOP14, NOP2, NOP56, NOP58, NOP9, NOSIP, NPM1, NSD2, NSFL1C, NSMCE4A, NSRP1, NUCKS1, NUDC, NUDT21, NUFIP2, NUP50, NUSAP1, NVL, OAT, OBI1, OCIAD1, OCLN, OGFR, OGT, OR4Q3, ORC2, ORC3, ORC4, OSBPL8, OTUD3, OTUD5, OTUD7B, OXCT1, PA2G4, PACS1, PAICS, PAK1IP1, PAPSS1, PARD3, PARN, PARP1, PARVB, PATZ1, PAWR, PAXIP1, PAXX, PBK, PCBP2, PCGF1, PCLAF, PCNA, PCNP, PDAP1, PDCD4, PDCD5, PDCL3, PDHA1, PDLIM1, PDLIM3, PDLIM5, PELP1, PES1, PFDN2, PFKP, PGAM1, PHAX, PHB2, PHC1, PHC2, PHC3, PHF10, PHF2, PHF20L1, PHF21A, PHF23, PHF5A, PHF6, PHLDB2, PIN4, PKN2, PLK1, PLS3, PML, PMPCB, PMS2, PNKP, PNN, PNPT1, POC5, POLA2, POLD1, POLD2, POLD3, POLD4, POLE4, POLR1G, POM121, PPA2, PPAN, PPFIA1, PPIL2, PPIL4, PPM1G, PPME1, PPP1CA, PPP1R11, PPP1R14C, PPP1R2, PPP2R5D, PPP4R3A, PPWD1, PQBP1, PRCC, PRDX3, PRKRIP1, PRMT5, PRORP, PRPF3, PRPF31, PRPF38B, PRPF4, PRPF6, PRR15, PRR3, PSIP1, PSMA8, PSMD3, PSMD4, PSMD9, PSME3IP1, PTBP1, PTCD3, PTMS, PTPN11, PTPN2, PTRHD1, PUF60, PUM3, PWP2, PWWP2A, PYROXD1, QRICH1, RACGAP1, RAD17, RAD21, RAD51AP1, RAN, RANBP3, RB1, RBBP4, RBBP5, RBM10, RBM14, RBM15, RBM17, RBM20, RBM22, RBM25, RBM26, RBM27, RBM28, RBM33, RBM39, RBM6, RBMX, RCC1, RCC2, RDX, RECQL, RECQL5, REXO1, REXO2, RFC1, RFX5, RIOX2, RNASEH2B, RNF113A, RNF114, RNF169, RNF40, RNGTT, RNMT, RPA1, RPAP2, RPL10, RPL10A, RPL11, RPL13, RPL14, RPL17, RPL18A, RPL19, RPL21, RPL22, RPL23A, RPL24, RPL27, RPL27A, RPL28, RPL29, RPL3, RPL30, RPL31, RPL34, RPL36, RPL4, RPL5, RPL7A, RPL7L1, RPL9, RPP30, RPP38, RPS10, RPS11, RPS14, RPS19, RPS20, RPS23, RPS25, RPS27A, RPS3, RPS3A, RPS4X, RPS6, RPS6KA4, RPS6KB1, RPS7, RPS8, RPS9, RPSA, RRN3, RRP12, RRP1B, RRP8, RRS1, RSBN1L, RSL1D1, RSRC2, RTEL1, RTF1, RTF2, RTKN, RYBP, S100A10, S100A11, SAE1, SAFB2, SAMHD1, SAP30, SAP30BP, SARNP, SARS2, SART1, SART3, SATB2, SCML2, SCNM1, SDAD1, SDHA, SEC61B, SEC63, SELENOH, SENP3, SENP6, SEPTIN2, SEPTIN9, SERF2, SET, SETD3, SETDB1, SF1, SF3A1, SF3A2, SF3A3, SF3B1, SF3B2, SFMBT1, SFPQ, SH3GL1, SH3GLB1, SHMT2, SIN3A, SIN3B, SINHCAF, SIRPA, SLBP, SLC25A3, SLC25A5, SLC27A4, SLC4A1AP, SLC6A7, SLTM, SLU7, SMAP, SMARCA1, SMARCAD1, SMARCAL1, SMARCC2, SMC3, SMC4, SMC5, SMN1, SMNDC1, SNCA, SNF8, SNRNP27, SNRNP40, SNRPA, SNRPA1, SNRPE, SNW1, SNX6, SNX9, SOD2, SPAG7, SPART, SPECC1L, SRBD1, SREK1, SRP14, SRRM1, SRSF10, SRSF3, SRSF4, SS18, SSB, SSRP1, STAG1, STARD13, STAT6, STIM1, STIP1, STK38L, STMN2, STOML2, STRN3, STT3B, SUB1, SUCLA2, SUDS3, SUGP1, SUGP2, SUMO2, SUPT16H, SUPT5H, SURF6, SUZ12, SYMPK, TAF3, TAF6L, TAGLN2, TASP1, TBC1D13, TBC1D24, TBCB, TBL3, TCF19, TCF25, TCF3, TDP1, TERF2, TERF2IP, TES, TESK2, TEX10, TFIP11, THAP12, THAP4, THOC5, THRAP3, THUMPD1, THUMPD2, THYN1, TIMELESS, TIMM44, TK1, TLE3, TLK2, TMA16, TMLHE, TMPO, TOM1L1, TOP1, TOX4, TP53I11, TP73, TPX2, TRA2B, TRIM28, TRIM33, TRIR, TRMT1, TRMT10A, TRMT6, TRPS1, TSNAX, TSR1, TTC12, TTC33, TTLL12, TUFM, TUT1, TXNDC9, U2SURP, UBA1, UBE2E3, UBE2K, UBE2M, UBE2S, UBE2V2, UBN1, UBXN1, UBXN7, UHRF1, UIMC1, UNC119B, UNC45A, UPF1, UQCRC2, USP10, USP13, USP22, USP48, UTP11, UTP14A, UTP18, UTP3, VCPIP1, VPS33B, VPS72, VRK1, WAC, WAPL, WBP11, WBP4, WDHD1, WDR12, WDR33, WDR4, WDR43, WDR45B, WDR46, WDR70, WIZ, XPC, XPO5, XRCC4, XRCC5, XRCC6, YAP1, YARS1, YTHDC1, YWHAH, YY1, ZBTB34, ZBTB4, ZBTB7A, ZBTB7B, ZC3H11A, ZC3H14, ZC3H15, ZC3H4, ZC3H8, ZC3HC1, ZCCHC8, ZFAND6, ZFP91, ZFR, ZHX3, ZMAT2, ZMYM3, ZMYND8, ZNF148, ZNF174, ZNF207, ZNF217, ZNF280C, ZNF326, ZNF384, ZNF512, ZNF512B, ZNF516, ZNF592, ZNF618, ZNF639, ZNF644, ZNF687, ZNF706, ZNF787, ZNF800, ZNF804B, ZNF830, ZRANB1, ZRANB2, ZYX, ZZZ3
2026-06-02 20:44:04,799 - ===== Fold 1/5 (train proteins: 809, val proteins: 203) =====
2026-06-02 20:44:05,847 - Epoch 1/200 - LR: 0.0001 - Train Loss: 0.6991 - Val Loss: 0.7028
2026-06-02 20:44:06,880 - Epoch 2/200 - LR: 0.0001 - Train Loss: 0.6935 - Val Loss: 0.6817
2026-06-02 20:44:07,930 - Epoch 3/200 - LR: 0.0001 - Train Loss: 0.6847 - Val Loss: 0.6604
2026-06-02 20:44:09,019 - Epoch 4/200 - LR: 0.0001 - Train Loss: 0.6523 - Val Loss: 0.6003
2026-06-02 20:44:10,057 - Epoch 5/200 - LR: 0.0001 - Train Loss: 0.5885 - Val Loss: 0.5914
2026-06-02 20:44:11,094 - Epoch 6/200 - LR: 0.0001 - Train Loss: 0.5447 - Val Loss: 0.5735
2026-06-02 20:44:12,131 - Epoch 7/200 - LR: 0.0001 - Train Loss: 0.5285 - Val Loss: 0.5653
2026-06-02 20:44:13,356 - Epoch 8/200 - LR: 0.0001 - Train Loss: 0.5146 - Val Loss: 0.5579
2026-06-02 20:44:14,614 - Epoch 9/200 - LR: 0.0001 - Train Loss: 0.4919 - Val Loss: 0.5674
2026-06-02 20:44:15,904 - Epoch 10/200 - LR: 0.0001 - Train Loss: 0.4711 - Val Loss: 0.5535
2026-06-02 20:44:17,153 - Epoch 11/200 - LR: 0.0001 - Train Loss: 0.4494 - Val Loss: 0.5632
2026-06-02 20:44:18,325 - Epoch 12/200 - LR: 0.0001 - Train Loss: 0.4414 - Val Loss: 0.5861
2026-06-02 20:44:19,516 - Epoch 13/200 - LR: 0.0001 - Train Loss: 0.4217 - Val Loss: 0.5747
2026-06-02 20:44:20,697 - Epoch 14/200 - LR: 0.0001 - Train Loss: 0.4055 - Val Loss: 0.5777
2026-06-02 20:44:21,838 - Epoch 15/200 - LR: 0.0001 - Train Loss: 0.4045 - Val Loss: 0.5837
2026-06-02 20:44:23,000 - Epoch 16/200 - LR: 0.0001 - Train Loss: 0.3824 - Val Loss: 0.6046
2026-06-02 20:44:24,189 - Epoch 17/200 - LR: 5e-05 - Train Loss: 0.3643 - Val Loss: 0.5956
2026-06-02 20:44:24,189 - Early stopping at epoch 17 (best MCC=0.5303)
2026-06-02 20:44:24,190 - Fold 1 Best Metrics:
2026-06-02 20:44:24,190 -   MCC       : 0.5303
2026-06-02 20:44:24,190 -   SN        : 0.7259
2026-06-02 20:44:24,190 -   SP        : 0.8043
2026-06-02 20:44:24,190 -   ACC       : 0.7632
2026-06-02 20:44:24,190 -   BACC      : 0.7651
2026-06-02 20:44:24,190 -   PRECISION : 0.8034
2026-06-02 20:44:24,190 -   F1        : 0.7627
2026-06-02 20:44:24,190 -   AUC       : 0.8311
2026-06-02 20:44:24,190 -   AUCPR     : 0.8385
2026-06-02 20:44:24,192 - ===== Fold 2/5 (train proteins: 810, val proteins: 202) =====
2026-06-02 20:44:25,369 - Epoch 1/200 - LR: 0.0001 - Train Loss: 0.6968 - Val Loss: 0.6918
2026-06-02 20:44:26,539 - Epoch 2/200 - LR: 0.0001 - Train Loss: 0.6920 - Val Loss: 0.6866
2026-06-02 20:44:27,697 - Epoch 3/200 - LR: 0.0001 - Train Loss: 0.6909 - Val Loss: 0.6741
2026-06-02 20:44:28,834 - Epoch 4/200 - LR: 0.0001 - Train Loss: 0.6792 - Val Loss: 0.6157
2026-06-02 20:44:29,977 - Epoch 5/200 - LR: 0.0001 - Train Loss: 0.6231 - Val Loss: 0.5896
2026-06-02 20:44:31,207 - Epoch 6/200 - LR: 0.0001 - Train Loss: 0.5696 - Val Loss: 0.5736
2026-06-02 20:44:32,485 - Epoch 7/200 - LR: 0.0001 - Train Loss: 0.5540 - Val Loss: 0.5684
2026-06-02 20:44:33,583 - Epoch 8/200 - LR: 0.0001 - Train Loss: 0.5220 - Val Loss: 0.5416
2026-06-02 20:44:34,641 - Epoch 9/200 - LR: 0.0001 - Train Loss: 0.4988 - Val Loss: 0.5610
2026-06-02 20:44:35,689 - Epoch 10/200 - LR: 0.0001 - Train Loss: 0.4834 - Val Loss: 0.5471
2026-06-02 20:44:36,770 - Epoch 11/200 - LR: 0.0001 - Train Loss: 0.4812 - Val Loss: 0.5323
2026-06-02 20:44:37,819 - Epoch 12/200 - LR: 0.0001 - Train Loss: 0.4507 - Val Loss: 0.5521
2026-06-02 20:44:38,912 - Epoch 13/200 - LR: 0.0001 - Train Loss: 0.4416 - Val Loss: 0.5740
2026-06-02 20:44:39,981 - Epoch 14/200 - LR: 0.0001 - Train Loss: 0.4303 - Val Loss: 0.5802
2026-06-02 20:44:41,025 - Epoch 15/200 - LR: 0.0001 - Train Loss: 0.4134 - Val Loss: 0.5678
2026-06-02 20:44:42,051 - Epoch 16/200 - LR: 0.0001 - Train Loss: 0.3991 - Val Loss: 0.6080
2026-06-02 20:44:43,072 - Epoch 17/200 - LR: 0.0001 - Train Loss: 0.3729 - Val Loss: 0.5825
2026-06-02 20:44:44,123 - Epoch 18/200 - LR: 0.0001 - Train Loss: 0.3573 - Val Loss: 0.6075
2026-06-02 20:44:45,273 - Epoch 19/200 - LR: 0.0001 - Train Loss: 0.3484 - Val Loss: 0.6134
2026-06-02 20:44:46,391 - Epoch 20/200 - LR: 0.0001 - Train Loss: 0.3391 - Val Loss: 0.6302
2026-06-02 20:44:47,455 - Epoch 21/200 - LR: 5e-05 - Train Loss: 0.3149 - Val Loss: 0.6650
2026-06-02 20:44:47,455 - Early stopping at epoch 21 (best MCC=0.5506)
2026-06-02 20:44:47,455 - Fold 2 Best Metrics:
2026-06-02 20:44:47,455 -   MCC       : 0.5506
2026-06-02 20:44:47,456 -   SN        : 0.8598
2026-06-02 20:44:47,456 -   SP        : 0.6820
2026-06-02 20:44:47,456 -   ACC       : 0.7710
2026-06-02 20:44:47,456 -   BACC      : 0.7709
2026-06-02 20:44:47,456 -   PRECISION : 0.7305
2026-06-02 20:44:47,456 -   F1        : 0.7899
2026-06-02 20:44:47,456 -   AUC       : 0.8379
2026-06-02 20:44:47,456 -   AUCPR     : 0.8182
2026-06-02 20:44:47,457 - ===== Fold 3/5 (train proteins: 810, val proteins: 202) =====
2026-06-02 20:44:48,512 - Epoch 1/200 - LR: 0.0001 - Train Loss: 0.6984 - Val Loss: 0.6901
2026-06-02 20:44:49,562 - Epoch 2/200 - LR: 0.0001 - Train Loss: 0.6937 - Val Loss: 0.6882
2026-06-02 20:44:50,594 - Epoch 3/200 - LR: 0.0001 - Train Loss: 0.6905 - Val Loss: 0.6795
2026-06-02 20:44:51,701 - Epoch 4/200 - LR: 0.0001 - Train Loss: 0.6816 - Val Loss: 0.6391
2026-06-02 20:44:52,772 - Epoch 5/200 - LR: 0.0001 - Train Loss: 0.6416 - Val Loss: 0.5650
2026-06-02 20:44:53,835 - Epoch 6/200 - LR: 0.0001 - Train Loss: 0.5936 - Val Loss: 0.5488
2026-06-02 20:44:54,923 - Epoch 7/200 - LR: 0.0001 - Train Loss: 0.5594 - Val Loss: 0.5053
2026-06-02 20:44:56,027 - Epoch 8/200 - LR: 0.0001 - Train Loss: 0.5298 - Val Loss: 0.4951
2026-06-02 20:44:57,116 - Epoch 9/200 - LR: 0.0001 - Train Loss: 0.5164 - Val Loss: 0.4899
2026-06-02 20:44:58,303 - Epoch 10/200 - LR: 0.0001 - Train Loss: 0.4999 - Val Loss: 0.5055
2026-06-02 20:44:59,592 - Epoch 11/200 - LR: 0.0001 - Train Loss: 0.4713 - Val Loss: 0.4684
2026-06-02 20:45:00,935 - Epoch 12/200 - LR: 0.0001 - Train Loss: 0.4481 - Val Loss: 0.4631
2026-06-02 20:45:02,109 - Epoch 13/200 - LR: 0.0001 - Train Loss: 0.4391 - Val Loss: 0.4696
2026-06-02 20:45:03,281 - Epoch 14/200 - LR: 0.0001 - Train Loss: 0.4309 - Val Loss: 0.4609
2026-06-02 20:45:04,413 - Epoch 15/200 - LR: 0.0001 - Train Loss: 0.4252 - Val Loss: 0.4813
2026-06-02 20:45:05,547 - Epoch 16/200 - LR: 0.0001 - Train Loss: 0.3845 - Val Loss: 0.4927
2026-06-02 20:45:06,681 - Epoch 17/200 - LR: 5e-05 - Train Loss: 0.3812 - Val Loss: 0.4990
2026-06-02 20:45:06,681 - Early stopping at epoch 17 (best MCC=0.6212)
2026-06-02 20:45:06,681 - Fold 3 Best Metrics:
2026-06-02 20:45:06,681 -   MCC       : 0.6212
2026-06-02 20:45:06,681 -   SN        : 0.8688
2026-06-02 20:45:06,681 -   SP        : 0.7471
2026-06-02 20:45:06,681 -   ACC       : 0.8090
2026-06-02 20:45:06,681 -   BACC      : 0.8079
2026-06-02 20:45:06,681 -   PRECISION : 0.7805
2026-06-02 20:45:06,681 -   F1        : 0.8223
2026-06-02 20:45:06,682 -   AUC       : 0.8744
2026-06-02 20:45:06,682 -   AUCPR     : 0.8755
2026-06-02 20:45:06,683 - ===== Fold 4/5 (train proteins: 810, val proteins: 202) =====
2026-06-02 20:45:07,898 - Epoch 1/200 - LR: 0.0001 - Train Loss: 0.6926 - Val Loss: 0.6914
2026-06-02 20:45:09,194 - Epoch 2/200 - LR: 0.0001 - Train Loss: 0.6886 - Val Loss: 0.6707
2026-06-02 20:45:10,349 - Epoch 3/200 - LR: 0.0001 - Train Loss: 0.6738 - Val Loss: 0.6271
2026-06-02 20:45:11,492 - Epoch 4/200 - LR: 0.0001 - Train Loss: 0.6233 - Val Loss: 0.6057
2026-06-02 20:45:12,677 - Epoch 5/200 - LR: 0.0001 - Train Loss: 0.5722 - Val Loss: 0.5918
2026-06-02 20:45:13,941 - Epoch 6/200 - LR: 0.0001 - Train Loss: 0.5444 - Val Loss: 0.5767
2026-06-02 20:45:15,106 - Epoch 7/200 - LR: 0.0001 - Train Loss: 0.5302 - Val Loss: 0.5553
2026-06-02 20:45:16,245 - Epoch 8/200 - LR: 0.0001 - Train Loss: 0.5137 - Val Loss: 0.5570
2026-06-02 20:45:17,374 - Epoch 9/200 - LR: 0.0001 - Train Loss: 0.4863 - Val Loss: 0.5636
2026-06-02 20:45:18,477 - Epoch 10/200 - LR: 0.0001 - Train Loss: 0.4840 - Val Loss: 0.6120
2026-06-02 20:45:19,665 - Epoch 11/200 - LR: 0.0001 - Train Loss: 0.4725 - Val Loss: 0.5260
2026-06-02 20:45:20,808 - Epoch 12/200 - LR: 0.0001 - Train Loss: 0.4448 - Val Loss: 0.5317
2026-06-02 20:45:21,967 - Epoch 13/200 - LR: 0.0001 - Train Loss: 0.4352 - Val Loss: 0.5348
2026-06-02 20:45:23,081 - Epoch 14/200 - LR: 0.0001 - Train Loss: 0.4264 - Val Loss: 0.5744
2026-06-02 20:45:24,332 - Epoch 15/200 - LR: 0.0001 - Train Loss: 0.4051 - Val Loss: 0.5368
2026-06-02 20:45:25,421 - Epoch 16/200 - LR: 0.0001 - Train Loss: 0.3925 - Val Loss: 0.5210
2026-06-02 20:45:26,509 - Epoch 17/200 - LR: 0.0001 - Train Loss: 0.3836 - Val Loss: 0.5342
2026-06-02 20:45:27,600 - Epoch 18/200 - LR: 0.0001 - Train Loss: 0.3668 - Val Loss: 0.5179
2026-06-02 20:45:28,719 - Epoch 19/200 - LR: 0.0001 - Train Loss: 0.3441 - Val Loss: 0.5659
2026-06-02 20:45:29,855 - Epoch 20/200 - LR: 0.0001 - Train Loss: 0.3495 - Val Loss: 0.5500
2026-06-02 20:45:30,993 - Epoch 21/200 - LR: 0.0001 - Train Loss: 0.3164 - Val Loss: 0.5818
2026-06-02 20:45:32,091 - Epoch 22/200 - LR: 0.0001 - Train Loss: 0.3018 - Val Loss: 0.5771
2026-06-02 20:45:33,180 - Epoch 23/200 - LR: 5e-05 - Train Loss: 0.2981 - Val Loss: 0.6203
2026-06-02 20:45:33,180 - Early stopping at epoch 23 (best MCC=0.5753)
2026-06-02 20:45:33,180 - Fold 4 Best Metrics:
2026-06-02 20:45:33,180 -   MCC       : 0.5753
2026-06-02 20:45:33,180 -   SN        : 0.8099
2026-06-02 20:45:33,180 -   SP        : 0.7652
2026-06-02 20:45:33,181 -   ACC       : 0.7871
2026-06-02 20:45:33,181 -   BACC      : 0.7875
2026-06-02 20:45:33,181 -   PRECISION : 0.7684
2026-06-02 20:45:33,181 -   F1        : 0.7886
2026-06-02 20:45:33,181 -   AUC       : 0.8511
2026-06-02 20:45:33,181 -   AUCPR     : 0.8356
2026-06-02 20:45:33,183 - ===== Fold 5/5 (train proteins: 809, val proteins: 203) =====
2026-06-02 20:45:34,361 - Epoch 1/200 - LR: 0.0001 - Train Loss: 0.6947 - Val Loss: 0.6889
2026-06-02 20:45:35,539 - Epoch 2/200 - LR: 0.0001 - Train Loss: 0.6933 - Val Loss: 0.6790
2026-06-02 20:45:36,762 - Epoch 3/200 - LR: 0.0001 - Train Loss: 0.6856 - Val Loss: 0.6499
2026-06-02 20:45:37,967 - Epoch 4/200 - LR: 0.0001 - Train Loss: 0.6645 - Val Loss: 0.5922
2026-06-02 20:45:39,057 - Epoch 5/200 - LR: 0.0001 - Train Loss: 0.6125 - Val Loss: 0.5493
2026-06-02 20:45:40,099 - Epoch 6/200 - LR: 0.0001 - Train Loss: 0.5716 - Val Loss: 0.5228
2026-06-02 20:45:41,156 - Epoch 7/200 - LR: 0.0001 - Train Loss: 0.5363 - Val Loss: 0.5207
2026-06-02 20:45:42,247 - Epoch 8/200 - LR: 0.0001 - Train Loss: 0.5295 - Val Loss: 0.5112
2026-06-02 20:45:43,388 - Epoch 9/200 - LR: 0.0001 - Train Loss: 0.5063 - Val Loss: 0.4952
2026-06-02 20:45:44,540 - Epoch 10/200 - LR: 0.0001 - Train Loss: 0.4802 - Val Loss: 0.4954
2026-06-02 20:45:45,687 - Epoch 11/200 - LR: 0.0001 - Train Loss: 0.4675 - Val Loss: 0.4812
2026-06-02 20:45:46,905 - Epoch 12/200 - LR: 0.0001 - Train Loss: 0.4619 - Val Loss: 0.4851
2026-06-02 20:45:48,073 - Epoch 13/200 - LR: 0.0001 - Train Loss: 0.4470 - Val Loss: 0.4900
2026-06-02 20:45:49,233 - Epoch 14/200 - LR: 0.0001 - Train Loss: 0.4290 - Val Loss: 0.4953
2026-06-02 20:45:50,442 - Epoch 15/200 - LR: 0.0001 - Train Loss: 0.4282 - Val Loss: 0.4802
2026-06-02 20:45:51,773 - Epoch 16/200 - LR: 0.0001 - Train Loss: 0.3995 - Val Loss: 0.4670
2026-06-02 20:45:52,988 - Epoch 17/200 - LR: 0.0001 - Train Loss: 0.3802 - Val Loss: 0.4784
2026-06-02 20:45:54,220 - Epoch 18/200 - LR: 0.0001 - Train Loss: 0.3664 - Val Loss: 0.4760
2026-06-02 20:45:55,440 - Epoch 19/200 - LR: 0.0001 - Train Loss: 0.3338 - Val Loss: 0.5212
2026-06-02 20:45:56,630 - Epoch 20/200 - LR: 0.0001 - Train Loss: 0.3361 - Val Loss: 0.4937
2026-06-02 20:45:57,887 - Epoch 21/200 - LR: 0.0001 - Train Loss: 0.3272 - Val Loss: 0.5016
2026-06-02 20:45:59,116 - Epoch 22/200 - LR: 0.0001 - Train Loss: 0.3137 - Val Loss: 0.5140
2026-06-02 20:46:00,287 - Epoch 23/200 - LR: 0.0001 - Train Loss: 0.2935 - Val Loss: 0.5504
2026-06-02 20:46:01,464 - Epoch 24/200 - LR: 0.0001 - Train Loss: 0.2965 - Val Loss: 0.5441
2026-06-02 20:46:02,639 - Epoch 25/200 - LR: 0.0001 - Train Loss: 0.2688 - Val Loss: 0.5784
2026-06-02 20:46:03,862 - Epoch 26/200 - LR: 5e-05 - Train Loss: 0.2424 - Val Loss: 0.5639
2026-06-02 20:46:03,863 - Early stopping at epoch 26 (best MCC=0.6053)
2026-06-02 20:46:03,863 - Fold 5 Best Metrics:
2026-06-02 20:46:03,863 -   MCC       : 0.6053
2026-06-02 20:46:03,863 -   SN        : 0.7778
2026-06-02 20:46:03,863 -   SP        : 0.8264
2026-06-02 20:46:03,863 -   ACC       : 0.8032
2026-06-02 20:46:03,864 -   BACC      : 0.8021
2026-06-02 20:46:03,864 -   PRECISION : 0.8030
2026-06-02 20:46:03,864 -   F1        : 0.7902
2026-06-02 20:46:03,864 -   AUC       : 0.8733
2026-06-02 20:46:03,864 -   AUCPR     : 0.8623
2026-06-02 20:46:03,864 - ==============================
2026-06-02 20:46:03,864 - Cross-Validation Results:
2026-06-02 20:46:03,865 -   MCC       : 0.577 ± 0.034
2026-06-02 20:46:03,865 -   SN        : 0.808 ± 0.053
2026-06-02 20:46:03,866 -   SP        : 0.765 ± 0.050
2026-06-02 20:46:03,866 -   ACC       : 0.787 ± 0.018
2026-06-02 20:46:03,867 -   BACC      : 0.787 ± 0.017
2026-06-02 20:46:03,867 -   PRECISION : 0.777 ± 0.027
2026-06-02 20:46:03,868 -   F1        : 0.791 ± 0.019
2026-06-02 20:46:03,868 -   AUC       : 0.854 ± 0.018
2026-06-02 20:46:03,868 -   AUCPR     : 0.846 ± 0.020
2026-06-02 20:46:03,868 - ==============================
2026-06-02 20:46:03,868 - Evaluating ensemble on test set...
2026-06-02 20:46:04,547 - Final Test Metrics (Ensemble):
2026-06-02 20:46:04,547 -   MCC       : 0.645
2026-06-02 20:46:04,547 -   SN        : 0.820
2026-06-02 20:46:04,547 -   SP        : 0.824
2026-06-02 20:46:04,547 -   ACC       : 0.822
2026-06-02 20:46:04,547 -   BACC      : 0.822
2026-06-02 20:46:04,547 -   PRECISION : 0.824
2026-06-02 20:46:04,547 -   F1        : 0.822
2026-06-02 20:46:04,547 -   AUC       : 0.882
2026-06-02 20:46:04,547 -   AUCPR     : 0.889
