2026-06-02 20:48:06,324 - ============================================================
2026-06-02 20:48:06,324 - TRANSFORMER LAYERS: 5
2026-06-02 20:48:06,324 - ============================================================
2026-06-02 20:48:06,324 - Hyperparameters:
2026-06-02 20:48:06,324 -   Batch Size: 128
2026-06-02 20:48:06,324 -   Learning Rate: 0.0001
2026-06-02 20:48:06,324 -   Weight Decay: 0.001
2026-06-02 20:48:06,324 -   Epochs: 200
2026-06-02 20:48:06,324 -   K-Folds: 5
2026-06-02 20:48:06,324 -   Patience: 5
2026-06-02 20:48:06,324 -   Early Stop Metric: MCC
2026-06-02 20:48:06,324 -   Node Feature Dimension: 1280
2026-06-02 20:48:06,324 -   Sequence Feature Dimension: 21 (20 AA + 1 X)
2026-06-02 20:48:06,324 -   Hidden Dimension: 128
2026-06-02 20:48:06,324 -   LR Scheduler: ReduceLROnPlateau(factor=0.5, patience=3, min_lr=1e-06)
2026-06-02 20:48:06,324 -   Cross-Validation: GroupKFold (group = protein name)
2026-06-02 20:48:06,325 - ============================================================
2026-06-02 20:48:06,325 - Loading training data from data/train_embedding_graph.pt...
2026-06-02 20:48:08,832 - Number of unique proteins (groups): 1012
2026-06-02 20:48:08,833 - Proteins: AASDH, AATF, ABCF1, ABCF2, ABCF3, ABITRAM, ABRAXAS1, ACADVL, ACAT1, ACIN1, ACLY, ACO2, ACOT13, ACOT9, ACSF2, ADAR, ADNP, AFF4, AGFG2, AGGF1, AHCYL2, AHSA1, AIF1L, AKAP8L, ALDH18A1, ALDH9A1, ALDOA, ALG9, ALKBH3, ALKBH5, ALYREF, ANLN, ANXA2, APBB1, APEX1, APIP, ARFGAP1, ARFGAP2, ARFIP1, ARID3A, ARID4B, ARL3, ARL6IP4, ARMC1, ARPC2, ARPC5, ARPIN, ASPSCR1, ATF7IP, ATG12, ATP5F1A, ATP5F1B, ATP5IF1, ATP5PD, ATP5PO, ATP6V1E1, ATP6V1G1, ATPAF1, ATXN2L, ATXN3, AUH, AURKA, BAG2, BBS9, BBX, BCLAF1, BLNK, BMS1, BRD2, BRD4, BRIX1, BRPF1, BTF3, BUB1B, BUD23, BUD31, C12orf45, C16orf87, C19orf47, C19orf53, C1orf131, C1orf174, C1orf198, C1orf52, C7orf50, C9orf78, CACYBP, CALD1, CALU, CANX, CAPZA1, CAPZB, CAST, CAVIN1, CBFB, CBX5, CC2D1A, CCDC117, CCDC124, CCDC137, CCDC59, CCDC71, CCDC82, CCDC86, CCNH, CCNK, CCNT1, CCT2, CCT3, CCT5, CCT8, CD2BP2, CDC37, CDC40, CDC5L, CDC73, CDCA2, CDK7, CDK9, CDKN2AIP, CDV3, CDYL, CENPV, CEP131, CFL1, CHAF1A, CHAF1B, CHAMP1, CHERP, CHMP1B, CHMP2A, CHMP2B, CHMP4B, CHMP5, CHRAC1, CHTOP, CIAPIN1, CKAP2L, CKS2, CLASRP, CLINT1, CMAS, CMTR1, CNN3, CNP, COIL, COPS7A, CORO1B, CPNE1, CPSF3, CREB1, CRIPT, CRNKL1, CRTC3, CS, CSNK2B, CSRP1, CTCF, CTDP1, CTTN, CUEDC2, CUL1, CUL3, CWC15, CWC22, CWC27, CXorf56, CYCS, CZIB, DAXX, DBNL, DBR1, DBT, DCPS, DCUN1D5, DDA1, DDB1, DDB2, DDHD1, DDX10, DDX17, DDX18, DDX21, DDX23, DDX24, DDX27, DDX31, DDX39B, DDX41, DDX42, DDX46, DDX47, DDX52, DEK, DFFA, DGCR8, DHX16, DHX36, DHX37, DHX38, DHX9, DIEXF, DIMT1, DIS3, DKC1, DLAT, DLG3, DLGAP4, DNAJA3, DNAJB1, DNAJC17, DNAJC8, DNTTIP2, DPF2, DR1, DRAP1, DTD1, DUS1L, DUS3L, DUT, EAF1, EBAG9, EBNA1BP2, ECHDC1, ECI1, ECI2, ECT2, EDC3, EDF1, EED, EEF1G, EHMT1, EIF1AD, EIF1AX, EIF2B3, EIF2S2, EIF3A, EIF3CL, EIF3D, EIF3E, EIF3G, EIF3J, EIF4A3, EIF4EBP1, EIF4G2, EIF4H, EIF5, EIF5A, EIF5B, ELAC2, ELAVL1, ELOA, ELOF1, EMD, EML4, EMSY, ENO1, ENSA, EPB41L2, EPC2, ERCC3, ERF, ESF1, ESRRA, ETFA, ETFB, EXOC1, EXOSC10, EYA3, FABP5, FAIM, FAM126A, FAM133B, FAM50A, FAM76B, FANCI, FBXO45, FEN1, FER, FH, FHL1, FIP1L1, FKBP3, FKBP4, FLYWCH2, FMC1, FNBP4, FOXK2, FRG1, G3BP1, GABPA, GATAD2A, GATB, GFM2, GGCX, GIGYF2, GINS3, GIPC1, GLRA1, GLS, GMNN, GMPR2, GNL3, GNL3L, GOT2, GPALPP1, GPATCH1, GPATCH11, GPI, GPKOW, GRPEL1, GSE1, GTF2E2, GTF2F1, GTF2F2, GTF2H1, GTF2I, GTF3C2, GTF3C4, GTF3C5, GTPBP1, GTSE1, H2BC18, H3C1, H4C1, HADHA, HADHB, HAT1, HDAC2, HDGFL2, HDLBP, HEATR3, HELLS, HEXIM1, HIBCH, HIC2, HINT1, HIRIP3, HLTF, HMBS, HMG20A, HMGA2, HMGN1, HMOX2, HNRNPA1, HNRNPC, HNRNPDL, HNRNPH1, HNRNPK, HNRNPL, HNRNPM, HNRNPR, HNRNPU, HSP90AA1, HSP90AB2P, HSPA4, HSPA9, HSPD1, HSPE1, IARS2, ICE2, IDH2, IGHMBP2, IK, ILF3, ILKAP, INCENP, INIP, INO80B, INTS10, INTS12, INTS4, IRF2, IRF2BP1, IRF2BP2, IWS1, JADE3, JPH2, JPT1, JPT2, KARS1, KAT7, KCTD16, KDM2B, KDM4A, KHDC4, KHDRBS1, KHSRP, KIAA1143, KIF22, KIF23, KIF2A, KIF4A, KIF5B, KIFC1, KIN, KPNA1, KRI1, KRR1, LARP1, LARP7, LASP1, LCORL, LDHA, LEMD3, LIG1, LIMA1, LMNA, LPP, LRPPRC, LRRC40, LRRC41, LRRC59, LSM14A, LUZP1, LYAR, LYSMD3, LZTS2, MACROD1, MACROH2A1, MAGED1, MAGED2, MAGOHB, MAP2K7, MAP4, MAPK13, MAPRE3, MASTL, MATR3, MB21D2, MBD1, MBD2, MCEE, MCM3, MCRS1, MCU, MDH2, ME2, MEAF6, MECP2, MED27, MED4, MED6, MEN1, MEPCE, METTL1, METTL16, MFAP1, MIDEAS, MKRN2, MLH1, MMAB, MMTAG2, MNAT1, MOB3A, MORF4L1, MPHOSPH6, MPHOSPH8, MRE11, MRPL12, MRPL44, MRPL47, MRPS28, MRTO4, MSH2, MSH6, MSL1, MSL3P1, MTA1, MTHFD1L, MTHFD2, MTREX, MVD, MYBBP1A, MYBL2, MYL6B, MYO6, N4BP1, NAB2, NACC1, NAMPT, NASP, NAT10, NBN, NCAPG, NCAPH, NCAPH2, NCBP1, NCBP3, NCK2, NCKAP1, NCL, NDUFAF4, NDUFAF7, NDUFV3, NEBL, NECAP1, NEFL, NELFA, NELFE, NEXN, NFIA, NFX1, NFYA, NHLRC2, NIFK, NIPSNAP3A, NKAP, NKIRAS2, NKRF, NNT, NOC3L, NOL11, NOL6, NOL7, NOL8, NOP14, NOP2, NOP56, NOP58, NOP9, NOSIP, NPM1, NSD2, NSFL1C, NSMCE4A, NSRP1, NUCKS1, NUDC, NUDT21, NUFIP2, NUP50, NUSAP1, NVL, OAT, OBI1, OCIAD1, OCLN, OGFR, OGT, OR4Q3, ORC2, ORC3, ORC4, OSBPL8, OTUD3, OTUD5, OTUD7B, OXCT1, PA2G4, PACS1, PAICS, PAK1IP1, PAPSS1, PARD3, PARN, PARP1, PARVB, PATZ1, PAWR, PAXIP1, PAXX, PBK, PCBP2, PCGF1, PCLAF, PCNA, PCNP, PDAP1, PDCD4, PDCD5, PDCL3, PDHA1, PDLIM1, PDLIM3, PDLIM5, PELP1, PES1, PFDN2, PFKP, PGAM1, PHAX, PHB2, PHC1, PHC2, PHC3, PHF10, PHF2, PHF20L1, PHF21A, PHF23, PHF5A, PHF6, PHLDB2, PIN4, PKN2, PLK1, PLS3, PML, PMPCB, PMS2, PNKP, PNN, PNPT1, POC5, POLA2, POLD1, POLD2, POLD3, POLD4, POLE4, POLR1G, POM121, PPA2, PPAN, PPFIA1, PPIL2, PPIL4, PPM1G, PPME1, PPP1CA, PPP1R11, PPP1R14C, PPP1R2, PPP2R5D, PPP4R3A, PPWD1, PQBP1, PRCC, PRDX3, PRKRIP1, PRMT5, PRORP, PRPF3, PRPF31, PRPF38B, PRPF4, PRPF6, PRR15, PRR3, PSIP1, PSMA8, PSMD3, PSMD4, PSMD9, PSME3IP1, PTBP1, PTCD3, PTMS, PTPN11, PTPN2, PTRHD1, PUF60, PUM3, PWP2, PWWP2A, PYROXD1, QRICH1, RACGAP1, RAD17, RAD21, RAD51AP1, RAN, RANBP3, RB1, RBBP4, RBBP5, RBM10, RBM14, RBM15, RBM17, RBM20, RBM22, RBM25, RBM26, RBM27, RBM28, RBM33, RBM39, RBM6, RBMX, RCC1, RCC2, RDX, RECQL, RECQL5, REXO1, REXO2, RFC1, RFX5, RIOX2, RNASEH2B, RNF113A, RNF114, RNF169, RNF40, RNGTT, RNMT, RPA1, RPAP2, RPL10, RPL10A, RPL11, RPL13, RPL14, RPL17, RPL18A, RPL19, RPL21, RPL22, RPL23A, RPL24, RPL27, RPL27A, RPL28, RPL29, RPL3, RPL30, RPL31, RPL34, RPL36, RPL4, RPL5, RPL7A, RPL7L1, RPL9, RPP30, RPP38, RPS10, RPS11, RPS14, RPS19, RPS20, RPS23, RPS25, RPS27A, RPS3, RPS3A, RPS4X, RPS6, RPS6KA4, RPS6KB1, RPS7, RPS8, RPS9, RPSA, RRN3, RRP12, RRP1B, RRP8, RRS1, RSBN1L, RSL1D1, RSRC2, RTEL1, RTF1, RTF2, RTKN, RYBP, S100A10, S100A11, SAE1, SAFB2, SAMHD1, SAP30, SAP30BP, SARNP, SARS2, SART1, SART3, SATB2, SCML2, SCNM1, SDAD1, SDHA, SEC61B, SEC63, SELENOH, SENP3, SENP6, SEPTIN2, SEPTIN9, SERF2, SET, SETD3, SETDB1, SF1, SF3A1, SF3A2, SF3A3, SF3B1, SF3B2, SFMBT1, SFPQ, SH3GL1, SH3GLB1, SHMT2, SIN3A, SIN3B, SINHCAF, SIRPA, SLBP, SLC25A3, SLC25A5, SLC27A4, SLC4A1AP, SLC6A7, SLTM, SLU7, SMAP, SMARCA1, SMARCAD1, SMARCAL1, SMARCC2, SMC3, SMC4, SMC5, SMN1, SMNDC1, SNCA, SNF8, SNRNP27, SNRNP40, SNRPA, SNRPA1, SNRPE, SNW1, SNX6, SNX9, SOD2, SPAG7, SPART, SPECC1L, SRBD1, SREK1, SRP14, SRRM1, SRSF10, SRSF3, SRSF4, SS18, SSB, SSRP1, STAG1, STARD13, STAT6, STIM1, STIP1, STK38L, STMN2, STOML2, STRN3, STT3B, SUB1, SUCLA2, SUDS3, SUGP1, SUGP2, SUMO2, SUPT16H, SUPT5H, SURF6, SUZ12, SYMPK, TAF3, TAF6L, TAGLN2, TASP1, TBC1D13, TBC1D24, TBCB, TBL3, TCF19, TCF25, TCF3, TDP1, TERF2, TERF2IP, TES, TESK2, TEX10, TFIP11, THAP12, THAP4, THOC5, THRAP3, THUMPD1, THUMPD2, THYN1, TIMELESS, TIMM44, TK1, TLE3, TLK2, TMA16, TMLHE, TMPO, TOM1L1, TOP1, TOX4, TP53I11, TP73, TPX2, TRA2B, TRIM28, TRIM33, TRIR, TRMT1, TRMT10A, TRMT6, TRPS1, TSNAX, TSR1, TTC12, TTC33, TTLL12, TUFM, TUT1, TXNDC9, U2SURP, UBA1, UBE2E3, UBE2K, UBE2M, UBE2S, UBE2V2, UBN1, UBXN1, UBXN7, UHRF1, UIMC1, UNC119B, UNC45A, UPF1, UQCRC2, USP10, USP13, USP22, USP48, UTP11, UTP14A, UTP18, UTP3, VCPIP1, VPS33B, VPS72, VRK1, WAC, WAPL, WBP11, WBP4, WDHD1, WDR12, WDR33, WDR4, WDR43, WDR45B, WDR46, WDR70, WIZ, XPC, XPO5, XRCC4, XRCC5, XRCC6, YAP1, YARS1, YTHDC1, YWHAH, YY1, ZBTB34, ZBTB4, ZBTB7A, ZBTB7B, ZC3H11A, ZC3H14, ZC3H15, ZC3H4, ZC3H8, ZC3HC1, ZCCHC8, ZFAND6, ZFP91, ZFR, ZHX3, ZMAT2, ZMYM3, ZMYND8, ZNF148, ZNF174, ZNF207, ZNF217, ZNF280C, ZNF326, ZNF384, ZNF512, ZNF512B, ZNF516, ZNF592, ZNF618, ZNF639, ZNF644, ZNF687, ZNF706, ZNF787, ZNF800, ZNF804B, ZNF830, ZRANB1, ZRANB2, ZYX, ZZZ3
2026-06-02 20:48:08,846 - ===== Fold 1/5 (train proteins: 809, val proteins: 203) =====
2026-06-02 20:48:10,052 - Epoch 1/200 - LR: 0.0001 - Train Loss: 0.6948 - Val Loss: 0.6889
2026-06-02 20:48:11,286 - Epoch 2/200 - LR: 0.0001 - Train Loss: 0.6936 - Val Loss: 0.6842
2026-06-02 20:48:12,479 - Epoch 3/200 - LR: 0.0001 - Train Loss: 0.6894 - Val Loss: 0.6687
2026-06-02 20:48:13,669 - Epoch 4/200 - LR: 0.0001 - Train Loss: 0.6786 - Val Loss: 0.6241
2026-06-02 20:48:14,878 - Epoch 5/200 - LR: 0.0001 - Train Loss: 0.6293 - Val Loss: 0.5930
2026-06-02 20:48:16,173 - Epoch 6/200 - LR: 0.0001 - Train Loss: 0.5863 - Val Loss: 0.6079
2026-06-02 20:48:17,503 - Epoch 7/200 - LR: 0.0001 - Train Loss: 0.5420 - Val Loss: 0.5942
2026-06-02 20:48:18,797 - Epoch 8/200 - LR: 0.0001 - Train Loss: 0.5371 - Val Loss: 0.5913
2026-06-02 20:48:20,108 - Epoch 9/200 - LR: 0.0001 - Train Loss: 0.5208 - Val Loss: 0.6086
2026-06-02 20:48:21,425 - Epoch 10/200 - LR: 0.0001 - Train Loss: 0.5144 - Val Loss: 0.5897
2026-06-02 20:48:22,738 - Epoch 11/200 - LR: 0.0001 - Train Loss: 0.4904 - Val Loss: 0.5627
2026-06-02 20:48:24,058 - Epoch 12/200 - LR: 0.0001 - Train Loss: 0.4737 - Val Loss: 0.5707
2026-06-02 20:48:25,360 - Epoch 13/200 - LR: 0.0001 - Train Loss: 0.4632 - Val Loss: 0.5722
2026-06-02 20:48:26,643 - Epoch 14/200 - LR: 0.0001 - Train Loss: 0.4449 - Val Loss: 0.5645
2026-06-02 20:48:27,961 - Epoch 15/200 - LR: 0.0001 - Train Loss: 0.4269 - Val Loss: 0.5776
2026-06-02 20:48:29,277 - Epoch 16/200 - LR: 0.0001 - Train Loss: 0.4114 - Val Loss: 0.5615
2026-06-02 20:48:30,720 - Epoch 17/200 - LR: 0.0001 - Train Loss: 0.4006 - Val Loss: 0.6145
2026-06-02 20:48:32,159 - Epoch 18/200 - LR: 0.0001 - Train Loss: 0.3971 - Val Loss: 0.5834
2026-06-02 20:48:33,489 - Epoch 19/200 - LR: 0.0001 - Train Loss: 0.3720 - Val Loss: 0.6149
2026-06-02 20:48:34,805 - Epoch 20/200 - LR: 0.0001 - Train Loss: 0.3567 - Val Loss: 0.6310
2026-06-02 20:48:36,129 - Epoch 21/200 - LR: 0.0001 - Train Loss: 0.3490 - Val Loss: 0.6501
2026-06-02 20:48:37,438 - Epoch 22/200 - LR: 0.0001 - Train Loss: 0.3281 - Val Loss: 0.6585
2026-06-02 20:48:38,785 - Epoch 23/200 - LR: 0.0001 - Train Loss: 0.3127 - Val Loss: 0.6421
2026-06-02 20:48:40,112 - Epoch 24/200 - LR: 0.0001 - Train Loss: 0.3074 - Val Loss: 0.6690
2026-06-02 20:48:41,427 - Epoch 25/200 - LR: 0.0001 - Train Loss: 0.2907 - Val Loss: 0.6742
2026-06-02 20:48:42,796 - Epoch 26/200 - LR: 0.0001 - Train Loss: 0.2866 - Val Loss: 0.6836
2026-06-02 20:48:44,262 - Epoch 27/200 - LR: 0.0001 - Train Loss: 0.2739 - Val Loss: 0.7546
2026-06-02 20:48:45,632 - Epoch 28/200 - LR: 0.0001 - Train Loss: 0.2418 - Val Loss: 0.7194
2026-06-02 20:48:46,986 - Epoch 29/200 - LR: 0.0001 - Train Loss: 0.2324 - Val Loss: 0.7314
2026-06-02 20:48:48,314 - Epoch 30/200 - LR: 0.0001 - Train Loss: 0.2197 - Val Loss: 0.7891
2026-06-02 20:48:49,629 - Epoch 31/200 - LR: 0.0001 - Train Loss: 0.2339 - Val Loss: 0.7455
2026-06-02 20:48:50,931 - Epoch 32/200 - LR: 0.0001 - Train Loss: 0.1999 - Val Loss: 0.7712
2026-06-02 20:48:52,346 - Epoch 33/200 - LR: 0.0001 - Train Loss: 0.2042 - Val Loss: 0.7854
2026-06-02 20:48:53,690 - Epoch 34/200 - LR: 0.0001 - Train Loss: 0.1651 - Val Loss: 0.8621
2026-06-02 20:48:54,988 - Epoch 35/200 - LR: 5e-05 - Train Loss: 0.1515 - Val Loss: 0.8883
2026-06-02 20:48:54,988 - Early stopping at epoch 35 (best MCC=0.5526)
2026-06-02 20:48:54,988 - Fold 1 Best Metrics:
2026-06-02 20:48:54,988 -   MCC       : 0.5526
2026-06-02 20:48:54,988 -   SN        : 0.8136
2026-06-02 20:48:54,988 -   SP        : 0.7367
2026-06-02 20:48:54,988 -   ACC       : 0.7770
2026-06-02 20:48:54,988 -   BACC      : 0.7752
2026-06-02 20:48:54,988 -   PRECISION : 0.7729
2026-06-02 20:48:54,989 -   F1        : 0.7927
2026-06-02 20:48:54,989 -   AUC       : 0.8319
2026-06-02 20:48:54,989 -   AUCPR     : 0.8298
2026-06-02 20:48:54,990 - ===== Fold 2/5 (train proteins: 810, val proteins: 202) =====
2026-06-02 20:48:56,286 - Epoch 1/200 - LR: 0.0001 - Train Loss: 0.6956 - Val Loss: 0.6901
2026-06-02 20:48:57,548 - Epoch 2/200 - LR: 0.0001 - Train Loss: 0.6921 - Val Loss: 0.6856
2026-06-02 20:48:58,838 - Epoch 3/200 - LR: 0.0001 - Train Loss: 0.6895 - Val Loss: 0.6687
2026-06-02 20:49:00,138 - Epoch 4/200 - LR: 0.0001 - Train Loss: 0.6750 - Val Loss: 0.6225
2026-06-02 20:49:01,408 - Epoch 5/200 - LR: 0.0001 - Train Loss: 0.6249 - Val Loss: 0.5863
2026-06-02 20:49:02,685 - Epoch 6/200 - LR: 0.0001 - Train Loss: 0.5665 - Val Loss: 0.5721
2026-06-02 20:49:04,042 - Epoch 7/200 - LR: 0.0001 - Train Loss: 0.5399 - Val Loss: 0.5488
2026-06-02 20:49:05,324 - Epoch 8/200 - LR: 0.0001 - Train Loss: 0.5258 - Val Loss: 0.5393
2026-06-02 20:49:06,629 - Epoch 9/200 - LR: 0.0001 - Train Loss: 0.5011 - Val Loss: 0.5431
2026-06-02 20:49:07,932 - Epoch 10/200 - LR: 0.0001 - Train Loss: 0.4931 - Val Loss: 0.5211
2026-06-02 20:49:09,213 - Epoch 11/200 - LR: 0.0001 - Train Loss: 0.4769 - Val Loss: 0.5386
2026-06-02 20:49:10,448 - Epoch 12/200 - LR: 0.0001 - Train Loss: 0.4517 - Val Loss: 0.5542
2026-06-02 20:49:11,712 - Epoch 13/200 - LR: 0.0001 - Train Loss: 0.4463 - Val Loss: 0.5432
2026-06-02 20:49:13,051 - Epoch 14/200 - LR: 0.0001 - Train Loss: 0.4228 - Val Loss: 0.5186
2026-06-02 20:49:14,335 - Epoch 15/200 - LR: 0.0001 - Train Loss: 0.4167 - Val Loss: 0.5581
2026-06-02 20:49:15,572 - Epoch 16/200 - LR: 0.0001 - Train Loss: 0.3972 - Val Loss: 0.5667
2026-06-02 20:49:16,883 - Epoch 17/200 - LR: 0.0001 - Train Loss: 0.3765 - Val Loss: 0.5774
2026-06-02 20:49:18,098 - Epoch 18/200 - LR: 5e-05 - Train Loss: 0.3622 - Val Loss: 0.5771
2026-06-02 20:49:19,341 - Epoch 19/200 - LR: 5e-05 - Train Loss: 0.3400 - Val Loss: 0.5886
2026-06-02 20:49:20,579 - Epoch 20/200 - LR: 5e-05 - Train Loss: 0.3332 - Val Loss: 0.5887
2026-06-02 20:49:21,919 - Epoch 21/200 - LR: 5e-05 - Train Loss: 0.3323 - Val Loss: 0.5950
2026-06-02 20:49:23,155 - Epoch 22/200 - LR: 5e-05 - Train Loss: 0.3220 - Val Loss: 0.5815
2026-06-02 20:49:24,459 - Epoch 23/200 - LR: 5e-05 - Train Loss: 0.3097 - Val Loss: 0.6035
2026-06-02 20:49:25,691 - Epoch 24/200 - LR: 5e-05 - Train Loss: 0.2933 - Val Loss: 0.6565
2026-06-02 20:49:26,935 - Epoch 25/200 - LR: 5e-05 - Train Loss: 0.2762 - Val Loss: 0.6513
2026-06-02 20:49:28,263 - Epoch 26/200 - LR: 5e-05 - Train Loss: 0.2760 - Val Loss: 0.6459
2026-06-02 20:49:29,572 - Epoch 27/200 - LR: 2.5e-05 - Train Loss: 0.2609 - Val Loss: 0.6584
2026-06-02 20:49:29,572 - Early stopping at epoch 27 (best MCC=0.5633)
2026-06-02 20:49:29,572 - Fold 2 Best Metrics:
2026-06-02 20:49:29,572 -   MCC       : 0.5633
2026-06-02 20:49:29,572 -   SN        : 0.8046
2026-06-02 20:49:29,572 -   SP        : 0.7581
2026-06-02 20:49:29,572 -   ACC       : 0.7814
2026-06-02 20:49:29,572 -   BACC      : 0.7813
2026-06-02 20:49:29,572 -   PRECISION : 0.7692
2026-06-02 20:49:29,572 -   F1        : 0.7865
2026-06-02 20:49:29,572 -   AUC       : 0.8514
2026-06-02 20:49:29,572 -   AUCPR     : 0.8445
2026-06-02 20:49:29,574 - ===== Fold 3/5 (train proteins: 810, val proteins: 202) =====
2026-06-02 20:49:30,887 - Epoch 1/200 - LR: 0.0001 - Train Loss: 0.6970 - Val Loss: 0.6939
2026-06-02 20:49:32,176 - Epoch 2/200 - LR: 0.0001 - Train Loss: 0.6931 - Val Loss: 0.6881
2026-06-02 20:49:33,437 - Epoch 3/200 - LR: 0.0001 - Train Loss: 0.6883 - Val Loss: 0.6643
2026-06-02 20:49:34,744 - Epoch 4/200 - LR: 0.0001 - Train Loss: 0.6737 - Val Loss: 0.6166
2026-06-02 20:49:35,975 - Epoch 5/200 - LR: 0.0001 - Train Loss: 0.6293 - Val Loss: 0.5753
2026-06-02 20:49:37,279 - Epoch 6/200 - LR: 0.0001 - Train Loss: 0.5946 - Val Loss: 0.5641
2026-06-02 20:49:38,530 - Epoch 7/200 - LR: 0.0001 - Train Loss: 0.5615 - Val Loss: 0.5448
2026-06-02 20:49:39,840 - Epoch 8/200 - LR: 0.0001 - Train Loss: 0.5317 - Val Loss: 0.5322
2026-06-02 20:49:41,076 - Epoch 9/200 - LR: 0.0001 - Train Loss: 0.5331 - Val Loss: 0.4991
2026-06-02 20:49:42,315 - Epoch 10/200 - LR: 0.0001 - Train Loss: 0.5132 - Val Loss: 0.5069
2026-06-02 20:49:43,596 - Epoch 11/200 - LR: 0.0001 - Train Loss: 0.4858 - Val Loss: 0.4924
2026-06-02 20:49:44,843 - Epoch 12/200 - LR: 0.0001 - Train Loss: 0.4791 - Val Loss: 0.4913
2026-06-02 20:49:46,093 - Epoch 13/200 - LR: 0.0001 - Train Loss: 0.4506 - Val Loss: 0.4872
2026-06-02 20:49:47,373 - Epoch 14/200 - LR: 0.0001 - Train Loss: 0.4365 - Val Loss: 0.5362
2026-06-02 20:49:48,682 - Epoch 15/200 - LR: 0.0001 - Train Loss: 0.4361 - Val Loss: 0.4887
2026-06-02 20:49:50,044 - Epoch 16/200 - LR: 0.0001 - Train Loss: 0.4201 - Val Loss: 0.5338
2026-06-02 20:49:51,476 - Epoch 17/200 - LR: 0.0001 - Train Loss: 0.4099 - Val Loss: 0.4853
2026-06-02 20:49:52,712 - Epoch 18/200 - LR: 0.0001 - Train Loss: 0.3781 - Val Loss: 0.5303
2026-06-02 20:49:53,963 - Epoch 19/200 - LR: 5e-05 - Train Loss: 0.3705 - Val Loss: 0.5109
2026-06-02 20:49:53,964 - Early stopping at epoch 19 (best MCC=0.5996)
2026-06-02 20:49:53,964 - Fold 3 Best Metrics:
2026-06-02 20:49:53,964 -   MCC       : 0.5996
2026-06-02 20:49:53,964 -   SN        : 0.7172
2026-06-02 20:49:53,964 -   SP        : 0.8759
2026-06-02 20:49:53,964 -   ACC       : 0.7952
2026-06-02 20:49:53,964 -   BACC      : 0.7965
2026-06-02 20:49:53,964 -   PRECISION : 0.8568
2026-06-02 20:49:53,964 -   F1        : 0.7808
2026-06-02 20:49:53,964 -   AUC       : 0.8666
2026-06-02 20:49:53,964 -   AUCPR     : 0.8720
2026-06-02 20:49:53,966 - ===== Fold 4/5 (train proteins: 810, val proteins: 202) =====
2026-06-02 20:49:55,304 - Epoch 1/200 - LR: 0.0001 - Train Loss: 0.6963 - Val Loss: 0.6904
2026-06-02 20:49:56,766 - Epoch 2/200 - LR: 0.0001 - Train Loss: 0.6915 - Val Loss: 0.6813
2026-06-02 20:49:58,106 - Epoch 3/200 - LR: 0.0001 - Train Loss: 0.6824 - Val Loss: 0.6383
2026-06-02 20:49:59,416 - Epoch 4/200 - LR: 0.0001 - Train Loss: 0.6350 - Val Loss: 0.6330
2026-06-02 20:50:00,789 - Epoch 5/200 - LR: 0.0001 - Train Loss: 0.5792 - Val Loss: 0.5876
2026-06-02 20:50:02,191 - Epoch 6/200 - LR: 0.0001 - Train Loss: 0.5455 - Val Loss: 0.5645
2026-06-02 20:50:03,632 - Epoch 7/200 - LR: 0.0001 - Train Loss: 0.5274 - Val Loss: 0.5571
2026-06-02 20:50:04,876 - Epoch 8/200 - LR: 0.0001 - Train Loss: 0.5185 - Val Loss: 0.5461
2026-06-02 20:50:06,088 - Epoch 9/200 - LR: 0.0001 - Train Loss: 0.4871 - Val Loss: 0.5415
2026-06-02 20:50:07,295 - Epoch 10/200 - LR: 0.0001 - Train Loss: 0.4720 - Val Loss: 0.5312
2026-06-02 20:50:08,504 - Epoch 11/200 - LR: 0.0001 - Train Loss: 0.4605 - Val Loss: 0.5283
2026-06-02 20:50:09,810 - Epoch 12/200 - LR: 0.0001 - Train Loss: 0.4403 - Val Loss: 0.5337
2026-06-02 20:50:11,233 - Epoch 13/200 - LR: 0.0001 - Train Loss: 0.4213 - Val Loss: 0.5459
2026-06-02 20:50:12,441 - Epoch 14/200 - LR: 0.0001 - Train Loss: 0.4053 - Val Loss: 0.5689
2026-06-02 20:50:13,606 - Epoch 15/200 - LR: 0.0001 - Train Loss: 0.4073 - Val Loss: 0.5824
2026-06-02 20:50:14,708 - Epoch 16/200 - LR: 0.0001 - Train Loss: 0.3995 - Val Loss: 0.5191
2026-06-02 20:50:15,829 - Epoch 17/200 - LR: 0.0001 - Train Loss: 0.3465 - Val Loss: 0.5731
2026-06-02 20:50:16,994 - Epoch 18/200 - LR: 0.0001 - Train Loss: 0.3598 - Val Loss: 0.5827
2026-06-02 20:50:18,233 - Epoch 19/200 - LR: 0.0001 - Train Loss: 0.3308 - Val Loss: 0.5609
2026-06-02 20:50:19,523 - Epoch 20/200 - LR: 0.0001 - Train Loss: 0.3328 - Val Loss: 0.5904
2026-06-02 20:50:20,688 - Epoch 21/200 - LR: 0.0001 - Train Loss: 0.3006 - Val Loss: 0.5750
2026-06-02 20:50:21,811 - Epoch 22/200 - LR: 0.0001 - Train Loss: 0.2790 - Val Loss: 0.8506
2026-06-02 20:50:22,973 - Epoch 23/200 - LR: 0.0001 - Train Loss: 0.2635 - Val Loss: 0.7038
2026-06-02 20:50:24,157 - Epoch 24/200 - LR: 5e-05 - Train Loss: 0.2347 - Val Loss: 0.6485
2026-06-02 20:50:24,157 - Early stopping at epoch 24 (best MCC=0.5832)
2026-06-02 20:50:24,157 - Fold 4 Best Metrics:
2026-06-02 20:50:24,157 -   MCC       : 0.5832
2026-06-02 20:50:24,157 -   SN        : 0.8239
2026-06-02 20:50:24,157 -   SP        : 0.7585
2026-06-02 20:50:24,157 -   ACC       : 0.7906
2026-06-02 20:50:24,157 -   BACC      : 0.7912
2026-06-02 20:50:24,157 -   PRECISION : 0.7664
2026-06-02 20:50:24,157 -   F1        : 0.7941
2026-06-02 20:50:24,157 -   AUC       : 0.8600
2026-06-02 20:50:24,157 -   AUCPR     : 0.8510
2026-06-02 20:50:24,159 - ===== Fold 5/5 (train proteins: 809, val proteins: 203) =====
2026-06-02 20:50:25,514 - Epoch 1/200 - LR: 0.0001 - Train Loss: 0.6965 - Val Loss: 0.6899
2026-06-02 20:50:26,759 - Epoch 2/200 - LR: 0.0001 - Train Loss: 0.6929 - Val Loss: 0.6820
2026-06-02 20:50:28,073 - Epoch 3/200 - LR: 0.0001 - Train Loss: 0.6881 - Val Loss: 0.6670
2026-06-02 20:50:29,439 - Epoch 4/200 - LR: 0.0001 - Train Loss: 0.6790 - Val Loss: 0.6321
2026-06-02 20:50:30,768 - Epoch 5/200 - LR: 0.0001 - Train Loss: 0.6378 - Val Loss: 0.5675
2026-06-02 20:50:32,031 - Epoch 6/200 - LR: 0.0001 - Train Loss: 0.5882 - Val Loss: 0.5484
2026-06-02 20:50:33,271 - Epoch 7/200 - LR: 0.0001 - Train Loss: 0.5569 - Val Loss: 0.5339
2026-06-02 20:50:34,524 - Epoch 8/200 - LR: 0.0001 - Train Loss: 0.5387 - Val Loss: 0.5241
2026-06-02 20:50:35,774 - Epoch 9/200 - LR: 0.0001 - Train Loss: 0.5174 - Val Loss: 0.5125
2026-06-02 20:50:37,015 - Epoch 10/200 - LR: 0.0001 - Train Loss: 0.5012 - Val Loss: 0.5154
2026-06-02 20:50:38,241 - Epoch 11/200 - LR: 0.0001 - Train Loss: 0.4899 - Val Loss: 0.5134
2026-06-02 20:50:39,605 - Epoch 12/200 - LR: 0.0001 - Train Loss: 0.4625 - Val Loss: 0.5221
2026-06-02 20:50:40,859 - Epoch 13/200 - LR: 0.0001 - Train Loss: 0.4475 - Val Loss: 0.5184
2026-06-02 20:50:42,078 - Epoch 14/200 - LR: 0.0001 - Train Loss: 0.4248 - Val Loss: 0.5321
2026-06-02 20:50:43,286 - Epoch 15/200 - LR: 5e-05 - Train Loss: 0.4080 - Val Loss: 0.5706
2026-06-02 20:50:44,466 - Epoch 16/200 - LR: 5e-05 - Train Loss: 0.3946 - Val Loss: 0.5409
2026-06-02 20:50:45,730 - Epoch 17/200 - LR: 5e-05 - Train Loss: 0.3843 - Val Loss: 0.5566
2026-06-02 20:50:47,084 - Epoch 18/200 - LR: 5e-05 - Train Loss: 0.3712 - Val Loss: 0.5733
2026-06-02 20:50:48,443 - Epoch 19/200 - LR: 5e-05 - Train Loss: 0.3510 - Val Loss: 0.5611
2026-06-02 20:50:49,807 - Epoch 20/200 - LR: 2.5e-05 - Train Loss: 0.3535 - Val Loss: 0.5812
2026-06-02 20:50:49,807 - Early stopping at epoch 20 (best MCC=0.5376)
2026-06-02 20:50:49,807 - Fold 5 Best Metrics:
2026-06-02 20:50:49,807 -   MCC       : 0.5376
2026-06-02 20:50:49,807 -   SN        : 0.8623
2026-06-02 20:50:49,807 -   SP        : 0.6681
2026-06-02 20:50:49,807 -   ACC       : 0.7606
2026-06-02 20:50:49,807 -   BACC      : 0.7652
2026-06-02 20:50:49,807 -   PRECISION : 0.7028
2026-06-02 20:50:49,807 -   F1        : 0.7744
2026-06-02 20:50:49,807 -   AUC       : 0.8498
2026-06-02 20:50:49,807 -   AUCPR     : 0.8319
2026-06-02 20:50:49,807 - ==============================
2026-06-02 20:50:49,807 - Cross-Validation Results:
2026-06-02 20:50:49,808 -   MCC       : 0.567 ± 0.022
2026-06-02 20:50:49,808 -   SN        : 0.804 ± 0.048
2026-06-02 20:50:49,808 -   SP        : 0.759 ± 0.067
2026-06-02 20:50:49,808 -   ACC       : 0.781 ± 0.012
2026-06-02 20:50:49,808 -   BACC      : 0.782 ± 0.011
2026-06-02 20:50:49,808 -   PRECISION : 0.774 ± 0.049
2026-06-02 20:50:49,808 -   F1        : 0.786 ± 0.007
2026-06-02 20:50:49,808 -   AUC       : 0.852 ± 0.012
2026-06-02 20:50:49,808 -   AUCPR     : 0.846 ± 0.015
2026-06-02 20:50:49,809 - ==============================
2026-06-02 20:50:49,809 - Evaluating ensemble on test set...
2026-06-02 20:50:50,625 - Final Test Metrics (Ensemble):
2026-06-02 20:50:50,625 -   MCC       : 0.612
2026-06-02 20:50:50,625 -   SN        : 0.800
2026-06-02 20:50:50,625 -   SP        : 0.812
2026-06-02 20:50:50,625 -   ACC       : 0.806
2026-06-02 20:50:50,625 -   BACC      : 0.806
2026-06-02 20:50:50,625 -   PRECISION : 0.810
2026-06-02 20:50:50,625 -   F1        : 0.805
2026-06-02 20:50:50,625 -   AUC       : 0.883
2026-06-02 20:50:50,625 -   AUCPR     : 0.892
