2026-06-02 20:42:20,722 - ============================================================
2026-06-02 20:42:20,722 - TRANSFORMER LAYERS: 2
2026-06-02 20:42:20,722 - ============================================================
2026-06-02 20:42:20,722 - Hyperparameters:
2026-06-02 20:42:20,722 -   Batch Size: 128
2026-06-02 20:42:20,722 -   Learning Rate: 0.0001
2026-06-02 20:42:20,722 -   Weight Decay: 0.001
2026-06-02 20:42:20,722 -   Epochs: 200
2026-06-02 20:42:20,722 -   K-Folds: 5
2026-06-02 20:42:20,722 -   Patience: 5
2026-06-02 20:42:20,722 -   Early Stop Metric: MCC
2026-06-02 20:42:20,722 -   Node Feature Dimension: 1280
2026-06-02 20:42:20,723 -   Sequence Feature Dimension: 21 (20 AA + 1 X)
2026-06-02 20:42:20,723 -   Hidden Dimension: 128
2026-06-02 20:42:20,723 -   LR Scheduler: ReduceLROnPlateau(factor=0.5, patience=3, min_lr=1e-06)
2026-06-02 20:42:20,723 -   Cross-Validation: GroupKFold (group = protein name)
2026-06-02 20:42:20,723 - ============================================================
2026-06-02 20:42:20,723 - Loading training data from data/train_embedding_graph.pt...
2026-06-02 20:42:22,747 - Number of unique proteins (groups): 1012
2026-06-02 20:42:22,747 - Proteins: AASDH, AATF, ABCF1, ABCF2, ABCF3, ABITRAM, ABRAXAS1, ACADVL, ACAT1, ACIN1, ACLY, ACO2, ACOT13, ACOT9, ACSF2, ADAR, ADNP, AFF4, AGFG2, AGGF1, AHCYL2, AHSA1, AIF1L, AKAP8L, ALDH18A1, ALDH9A1, ALDOA, ALG9, ALKBH3, ALKBH5, ALYREF, ANLN, ANXA2, APBB1, APEX1, APIP, ARFGAP1, ARFGAP2, ARFIP1, ARID3A, ARID4B, ARL3, ARL6IP4, ARMC1, ARPC2, ARPC5, ARPIN, ASPSCR1, ATF7IP, ATG12, ATP5F1A, ATP5F1B, ATP5IF1, ATP5PD, ATP5PO, ATP6V1E1, ATP6V1G1, ATPAF1, ATXN2L, ATXN3, AUH, AURKA, BAG2, BBS9, BBX, BCLAF1, BLNK, BMS1, BRD2, BRD4, BRIX1, BRPF1, BTF3, BUB1B, BUD23, BUD31, C12orf45, C16orf87, C19orf47, C19orf53, C1orf131, C1orf174, C1orf198, C1orf52, C7orf50, C9orf78, CACYBP, CALD1, CALU, CANX, CAPZA1, CAPZB, CAST, CAVIN1, CBFB, CBX5, CC2D1A, CCDC117, CCDC124, CCDC137, CCDC59, CCDC71, CCDC82, CCDC86, CCNH, CCNK, CCNT1, CCT2, CCT3, CCT5, CCT8, CD2BP2, CDC37, CDC40, CDC5L, CDC73, CDCA2, CDK7, CDK9, CDKN2AIP, CDV3, CDYL, CENPV, CEP131, CFL1, CHAF1A, CHAF1B, CHAMP1, CHERP, CHMP1B, CHMP2A, CHMP2B, CHMP4B, CHMP5, CHRAC1, CHTOP, CIAPIN1, CKAP2L, CKS2, CLASRP, CLINT1, CMAS, CMTR1, CNN3, CNP, COIL, COPS7A, CORO1B, CPNE1, CPSF3, CREB1, CRIPT, CRNKL1, CRTC3, CS, CSNK2B, CSRP1, CTCF, CTDP1, CTTN, CUEDC2, CUL1, CUL3, CWC15, CWC22, CWC27, CXorf56, CYCS, CZIB, DAXX, DBNL, DBR1, DBT, DCPS, DCUN1D5, DDA1, DDB1, DDB2, DDHD1, DDX10, DDX17, DDX18, DDX21, DDX23, DDX24, DDX27, DDX31, DDX39B, DDX41, DDX42, DDX46, DDX47, DDX52, DEK, DFFA, DGCR8, DHX16, DHX36, DHX37, DHX38, DHX9, DIEXF, DIMT1, DIS3, DKC1, DLAT, DLG3, DLGAP4, DNAJA3, DNAJB1, DNAJC17, DNAJC8, DNTTIP2, DPF2, DR1, DRAP1, DTD1, DUS1L, DUS3L, DUT, EAF1, EBAG9, EBNA1BP2, ECHDC1, ECI1, ECI2, ECT2, EDC3, EDF1, EED, EEF1G, EHMT1, EIF1AD, EIF1AX, EIF2B3, EIF2S2, EIF3A, EIF3CL, EIF3D, EIF3E, EIF3G, EIF3J, EIF4A3, EIF4EBP1, EIF4G2, EIF4H, EIF5, EIF5A, EIF5B, ELAC2, ELAVL1, ELOA, ELOF1, EMD, EML4, EMSY, ENO1, ENSA, EPB41L2, EPC2, ERCC3, ERF, ESF1, ESRRA, ETFA, ETFB, EXOC1, EXOSC10, EYA3, FABP5, FAIM, FAM126A, FAM133B, FAM50A, FAM76B, FANCI, FBXO45, FEN1, FER, FH, FHL1, FIP1L1, FKBP3, FKBP4, FLYWCH2, FMC1, FNBP4, FOXK2, FRG1, G3BP1, GABPA, GATAD2A, GATB, GFM2, GGCX, GIGYF2, GINS3, GIPC1, GLRA1, GLS, GMNN, GMPR2, GNL3, GNL3L, GOT2, GPALPP1, GPATCH1, GPATCH11, GPI, GPKOW, GRPEL1, GSE1, GTF2E2, GTF2F1, GTF2F2, GTF2H1, GTF2I, GTF3C2, GTF3C4, GTF3C5, GTPBP1, GTSE1, H2BC18, H3C1, H4C1, HADHA, HADHB, HAT1, HDAC2, HDGFL2, HDLBP, HEATR3, HELLS, HEXIM1, HIBCH, HIC2, HINT1, HIRIP3, HLTF, HMBS, HMG20A, HMGA2, HMGN1, HMOX2, HNRNPA1, HNRNPC, HNRNPDL, HNRNPH1, HNRNPK, HNRNPL, HNRNPM, HNRNPR, HNRNPU, HSP90AA1, HSP90AB2P, HSPA4, HSPA9, HSPD1, HSPE1, IARS2, ICE2, IDH2, IGHMBP2, IK, ILF3, ILKAP, INCENP, INIP, INO80B, INTS10, INTS12, INTS4, IRF2, IRF2BP1, IRF2BP2, IWS1, JADE3, JPH2, JPT1, JPT2, KARS1, KAT7, KCTD16, KDM2B, KDM4A, KHDC4, KHDRBS1, KHSRP, KIAA1143, KIF22, KIF23, KIF2A, KIF4A, KIF5B, KIFC1, KIN, KPNA1, KRI1, KRR1, LARP1, LARP7, LASP1, LCORL, LDHA, LEMD3, LIG1, LIMA1, LMNA, LPP, LRPPRC, LRRC40, LRRC41, LRRC59, LSM14A, LUZP1, LYAR, LYSMD3, LZTS2, MACROD1, MACROH2A1, MAGED1, MAGED2, MAGOHB, MAP2K7, MAP4, MAPK13, MAPRE3, MASTL, MATR3, MB21D2, MBD1, MBD2, MCEE, MCM3, MCRS1, MCU, MDH2, ME2, MEAF6, MECP2, MED27, MED4, MED6, MEN1, MEPCE, METTL1, METTL16, MFAP1, MIDEAS, MKRN2, MLH1, MMAB, MMTAG2, MNAT1, MOB3A, MORF4L1, MPHOSPH6, MPHOSPH8, MRE11, MRPL12, MRPL44, MRPL47, MRPS28, MRTO4, MSH2, MSH6, MSL1, MSL3P1, MTA1, MTHFD1L, MTHFD2, MTREX, MVD, MYBBP1A, MYBL2, MYL6B, MYO6, N4BP1, NAB2, NACC1, NAMPT, NASP, NAT10, NBN, NCAPG, NCAPH, NCAPH2, NCBP1, NCBP3, NCK2, NCKAP1, NCL, NDUFAF4, NDUFAF7, NDUFV3, NEBL, NECAP1, NEFL, NELFA, NELFE, NEXN, NFIA, NFX1, NFYA, NHLRC2, NIFK, NIPSNAP3A, NKAP, NKIRAS2, NKRF, NNT, NOC3L, NOL11, NOL6, NOL7, NOL8, NOP14, NOP2, NOP56, NOP58, NOP9, NOSIP, NPM1, NSD2, NSFL1C, NSMCE4A, NSRP1, NUCKS1, NUDC, NUDT21, NUFIP2, NUP50, NUSAP1, NVL, OAT, OBI1, OCIAD1, OCLN, OGFR, OGT, OR4Q3, ORC2, ORC3, ORC4, OSBPL8, OTUD3, OTUD5, OTUD7B, OXCT1, PA2G4, PACS1, PAICS, PAK1IP1, PAPSS1, PARD3, PARN, PARP1, PARVB, PATZ1, PAWR, PAXIP1, PAXX, PBK, PCBP2, PCGF1, PCLAF, PCNA, PCNP, PDAP1, PDCD4, PDCD5, PDCL3, PDHA1, PDLIM1, PDLIM3, PDLIM5, PELP1, PES1, PFDN2, PFKP, PGAM1, PHAX, PHB2, PHC1, PHC2, PHC3, PHF10, PHF2, PHF20L1, PHF21A, PHF23, PHF5A, PHF6, PHLDB2, PIN4, PKN2, PLK1, PLS3, PML, PMPCB, PMS2, PNKP, PNN, PNPT1, POC5, POLA2, POLD1, POLD2, POLD3, POLD4, POLE4, POLR1G, POM121, PPA2, PPAN, PPFIA1, PPIL2, PPIL4, PPM1G, PPME1, PPP1CA, PPP1R11, PPP1R14C, PPP1R2, PPP2R5D, PPP4R3A, PPWD1, PQBP1, PRCC, PRDX3, PRKRIP1, PRMT5, PRORP, PRPF3, PRPF31, PRPF38B, PRPF4, PRPF6, PRR15, PRR3, PSIP1, PSMA8, PSMD3, PSMD4, PSMD9, PSME3IP1, PTBP1, PTCD3, PTMS, PTPN11, PTPN2, PTRHD1, PUF60, PUM3, PWP2, PWWP2A, PYROXD1, QRICH1, RACGAP1, RAD17, RAD21, RAD51AP1, RAN, RANBP3, RB1, RBBP4, RBBP5, RBM10, RBM14, RBM15, RBM17, RBM20, RBM22, RBM25, RBM26, RBM27, RBM28, RBM33, RBM39, RBM6, RBMX, RCC1, RCC2, RDX, RECQL, RECQL5, REXO1, REXO2, RFC1, RFX5, RIOX2, RNASEH2B, RNF113A, RNF114, RNF169, RNF40, RNGTT, RNMT, RPA1, RPAP2, RPL10, RPL10A, RPL11, RPL13, RPL14, RPL17, RPL18A, RPL19, RPL21, RPL22, RPL23A, RPL24, RPL27, RPL27A, RPL28, RPL29, RPL3, RPL30, RPL31, RPL34, RPL36, RPL4, RPL5, RPL7A, RPL7L1, RPL9, RPP30, RPP38, RPS10, RPS11, RPS14, RPS19, RPS20, RPS23, RPS25, RPS27A, RPS3, RPS3A, RPS4X, RPS6, RPS6KA4, RPS6KB1, RPS7, RPS8, RPS9, RPSA, RRN3, RRP12, RRP1B, RRP8, RRS1, RSBN1L, RSL1D1, RSRC2, RTEL1, RTF1, RTF2, RTKN, RYBP, S100A10, S100A11, SAE1, SAFB2, SAMHD1, SAP30, SAP30BP, SARNP, SARS2, SART1, SART3, SATB2, SCML2, SCNM1, SDAD1, SDHA, SEC61B, SEC63, SELENOH, SENP3, SENP6, SEPTIN2, SEPTIN9, SERF2, SET, SETD3, SETDB1, SF1, SF3A1, SF3A2, SF3A3, SF3B1, SF3B2, SFMBT1, SFPQ, SH3GL1, SH3GLB1, SHMT2, SIN3A, SIN3B, SINHCAF, SIRPA, SLBP, SLC25A3, SLC25A5, SLC27A4, SLC4A1AP, SLC6A7, SLTM, SLU7, SMAP, SMARCA1, SMARCAD1, SMARCAL1, SMARCC2, SMC3, SMC4, SMC5, SMN1, SMNDC1, SNCA, SNF8, SNRNP27, SNRNP40, SNRPA, SNRPA1, SNRPE, SNW1, SNX6, SNX9, SOD2, SPAG7, SPART, SPECC1L, SRBD1, SREK1, SRP14, SRRM1, SRSF10, SRSF3, SRSF4, SS18, SSB, SSRP1, STAG1, STARD13, STAT6, STIM1, STIP1, STK38L, STMN2, STOML2, STRN3, STT3B, SUB1, SUCLA2, SUDS3, SUGP1, SUGP2, SUMO2, SUPT16H, SUPT5H, SURF6, SUZ12, SYMPK, TAF3, TAF6L, TAGLN2, TASP1, TBC1D13, TBC1D24, TBCB, TBL3, TCF19, TCF25, TCF3, TDP1, TERF2, TERF2IP, TES, TESK2, TEX10, TFIP11, THAP12, THAP4, THOC5, THRAP3, THUMPD1, THUMPD2, THYN1, TIMELESS, TIMM44, TK1, TLE3, TLK2, TMA16, TMLHE, TMPO, TOM1L1, TOP1, TOX4, TP53I11, TP73, TPX2, TRA2B, TRIM28, TRIM33, TRIR, TRMT1, TRMT10A, TRMT6, TRPS1, TSNAX, TSR1, TTC12, TTC33, TTLL12, TUFM, TUT1, TXNDC9, U2SURP, UBA1, UBE2E3, UBE2K, UBE2M, UBE2S, UBE2V2, UBN1, UBXN1, UBXN7, UHRF1, UIMC1, UNC119B, UNC45A, UPF1, UQCRC2, USP10, USP13, USP22, USP48, UTP11, UTP14A, UTP18, UTP3, VCPIP1, VPS33B, VPS72, VRK1, WAC, WAPL, WBP11, WBP4, WDHD1, WDR12, WDR33, WDR4, WDR43, WDR45B, WDR46, WDR70, WIZ, XPC, XPO5, XRCC4, XRCC5, XRCC6, YAP1, YARS1, YTHDC1, YWHAH, YY1, ZBTB34, ZBTB4, ZBTB7A, ZBTB7B, ZC3H11A, ZC3H14, ZC3H15, ZC3H4, ZC3H8, ZC3HC1, ZCCHC8, ZFAND6, ZFP91, ZFR, ZHX3, ZMAT2, ZMYM3, ZMYND8, ZNF148, ZNF174, ZNF207, ZNF217, ZNF280C, ZNF326, ZNF384, ZNF512, ZNF512B, ZNF516, ZNF592, ZNF618, ZNF639, ZNF644, ZNF687, ZNF706, ZNF787, ZNF800, ZNF804B, ZNF830, ZRANB1, ZRANB2, ZYX, ZZZ3
2026-06-02 20:42:22,763 - ===== Fold 1/5 (train proteins: 809, val proteins: 203) =====
2026-06-02 20:42:23,725 - Epoch 1/200 - LR: 0.0001 - Train Loss: 0.6966 - Val Loss: 0.6846
2026-06-02 20:42:24,605 - Epoch 2/200 - LR: 0.0001 - Train Loss: 0.6881 - Val Loss: 0.6616
2026-06-02 20:42:25,527 - Epoch 3/200 - LR: 0.0001 - Train Loss: 0.6665 - Val Loss: 0.6066
2026-06-02 20:42:26,461 - Epoch 4/200 - LR: 0.0001 - Train Loss: 0.6080 - Val Loss: 0.5969
2026-06-02 20:42:27,393 - Epoch 5/200 - LR: 0.0001 - Train Loss: 0.5638 - Val Loss: 0.5827
2026-06-02 20:42:28,348 - Epoch 6/200 - LR: 0.0001 - Train Loss: 0.5371 - Val Loss: 0.5856
2026-06-02 20:42:29,313 - Epoch 7/200 - LR: 0.0001 - Train Loss: 0.5248 - Val Loss: 0.5709
2026-06-02 20:42:30,398 - Epoch 8/200 - LR: 0.0001 - Train Loss: 0.5058 - Val Loss: 0.5755
2026-06-02 20:42:31,415 - Epoch 9/200 - LR: 0.0001 - Train Loss: 0.4797 - Val Loss: 0.5650
2026-06-02 20:42:32,347 - Epoch 10/200 - LR: 0.0001 - Train Loss: 0.4632 - Val Loss: 0.5652
2026-06-02 20:42:33,275 - Epoch 11/200 - LR: 0.0001 - Train Loss: 0.4483 - Val Loss: 0.5590
2026-06-02 20:42:34,215 - Epoch 12/200 - LR: 0.0001 - Train Loss: 0.4297 - Val Loss: 0.5544
2026-06-02 20:42:35,196 - Epoch 13/200 - LR: 0.0001 - Train Loss: 0.4143 - Val Loss: 0.5737
2026-06-02 20:42:36,137 - Epoch 14/200 - LR: 0.0001 - Train Loss: 0.4069 - Val Loss: 0.5963
2026-06-02 20:42:37,061 - Epoch 15/200 - LR: 0.0001 - Train Loss: 0.3906 - Val Loss: 0.5816
2026-06-02 20:42:38,007 - Epoch 16/200 - LR: 0.0001 - Train Loss: 0.3831 - Val Loss: 0.5818
2026-06-02 20:42:39,010 - Epoch 17/200 - LR: 5e-05 - Train Loss: 0.3702 - Val Loss: 0.5872
2026-06-02 20:42:39,010 - Early stopping at epoch 17 (best MCC=0.5416)
2026-06-02 20:42:39,010 - Fold 1 Best Metrics:
2026-06-02 20:42:39,010 -   MCC       : 0.5416
2026-06-02 20:42:39,010 -   SN        : 0.8224
2026-06-02 20:42:39,010 -   SP        : 0.7150
2026-06-02 20:42:39,010 -   ACC       : 0.7713
2026-06-02 20:42:39,010 -   BACC      : 0.7687
2026-06-02 20:42:39,010 -   PRECISION : 0.7606
2026-06-02 20:42:39,010 -   F1        : 0.7903
2026-06-02 20:42:39,010 -   AUC       : 0.8261
2026-06-02 20:42:39,010 -   AUCPR     : 0.8243
2026-06-02 20:42:39,012 - ===== Fold 2/5 (train proteins: 810, val proteins: 202) =====
2026-06-02 20:42:39,956 - Epoch 1/200 - LR: 0.0001 - Train Loss: 0.6974 - Val Loss: 0.6849
2026-06-02 20:42:40,877 - Epoch 2/200 - LR: 0.0001 - Train Loss: 0.6903 - Val Loss: 0.6687
2026-06-02 20:42:41,796 - Epoch 3/200 - LR: 0.0001 - Train Loss: 0.6748 - Val Loss: 0.6147
2026-06-02 20:42:42,724 - Epoch 4/200 - LR: 0.0001 - Train Loss: 0.6171 - Val Loss: 0.5818
2026-06-02 20:42:43,657 - Epoch 5/200 - LR: 0.0001 - Train Loss: 0.5746 - Val Loss: 0.5614
2026-06-02 20:42:44,664 - Epoch 6/200 - LR: 0.0001 - Train Loss: 0.5505 - Val Loss: 0.5456
2026-06-02 20:42:45,656 - Epoch 7/200 - LR: 0.0001 - Train Loss: 0.5289 - Val Loss: 0.5374
2026-06-02 20:42:46,606 - Epoch 8/200 - LR: 0.0001 - Train Loss: 0.4986 - Val Loss: 0.5464
2026-06-02 20:42:47,553 - Epoch 9/200 - LR: 0.0001 - Train Loss: 0.4835 - Val Loss: 0.5316
2026-06-02 20:42:48,524 - Epoch 10/200 - LR: 0.0001 - Train Loss: 0.4735 - Val Loss: 0.5462
2026-06-02 20:42:49,510 - Epoch 11/200 - LR: 0.0001 - Train Loss: 0.4460 - Val Loss: 0.5394
2026-06-02 20:42:50,464 - Epoch 12/200 - LR: 0.0001 - Train Loss: 0.4363 - Val Loss: 0.5250
2026-06-02 20:42:51,458 - Epoch 13/200 - LR: 0.0001 - Train Loss: 0.4141 - Val Loss: 0.5528
2026-06-02 20:42:52,430 - Epoch 14/200 - LR: 0.0001 - Train Loss: 0.4148 - Val Loss: 0.5520
2026-06-02 20:42:53,401 - Epoch 15/200 - LR: 0.0001 - Train Loss: 0.3804 - Val Loss: 0.5369
2026-06-02 20:42:54,473 - Epoch 16/200 - LR: 0.0001 - Train Loss: 0.4098 - Val Loss: 0.5402
2026-06-02 20:42:55,549 - Epoch 17/200 - LR: 0.0001 - Train Loss: 0.3707 - Val Loss: 0.5417
2026-06-02 20:42:56,613 - Epoch 18/200 - LR: 0.0001 - Train Loss: 0.3501 - Val Loss: 0.5698
2026-06-02 20:42:57,699 - Epoch 19/200 - LR: 0.0001 - Train Loss: 0.3521 - Val Loss: 0.5498
2026-06-02 20:42:58,853 - Epoch 20/200 - LR: 0.0001 - Train Loss: 0.3410 - Val Loss: 0.5708
2026-06-02 20:42:59,999 - Epoch 21/200 - LR: 0.0001 - Train Loss: 0.3197 - Val Loss: 0.5917
2026-06-02 20:43:01,016 - Epoch 22/200 - LR: 0.0001 - Train Loss: 0.3097 - Val Loss: 0.5976
2026-06-02 20:43:02,035 - Epoch 23/200 - LR: 0.0001 - Train Loss: 0.2842 - Val Loss: 0.6394
2026-06-02 20:43:03,048 - Epoch 24/200 - LR: 0.0001 - Train Loss: 0.2831 - Val Loss: 0.6290
2026-06-02 20:43:04,069 - Epoch 25/200 - LR: 5e-05 - Train Loss: 0.2609 - Val Loss: 0.6531
2026-06-02 20:43:04,070 - Early stopping at epoch 25 (best MCC=0.5820)
2026-06-02 20:43:04,070 - Fold 2 Best Metrics:
2026-06-02 20:43:04,070 -   MCC       : 0.5820
2026-06-02 20:43:04,070 -   SN        : 0.8575
2026-06-02 20:43:04,070 -   SP        : 0.7189
2026-06-02 20:43:04,070 -   ACC       : 0.7883
2026-06-02 20:43:04,070 -   BACC      : 0.7882
2026-06-02 20:43:04,070 -   PRECISION : 0.7535
2026-06-02 20:43:04,070 -   F1        : 0.8022
2026-06-02 20:43:04,070 -   AUC       : 0.8573
2026-06-02 20:43:04,070 -   AUCPR     : 0.8524
2026-06-02 20:43:04,072 - ===== Fold 3/5 (train proteins: 810, val proteins: 202) =====
2026-06-02 20:43:05,125 - Epoch 1/200 - LR: 0.0001 - Train Loss: 0.6935 - Val Loss: 0.6876
2026-06-02 20:43:06,189 - Epoch 2/200 - LR: 0.0001 - Train Loss: 0.6901 - Val Loss: 0.6639
2026-06-02 20:43:07,228 - Epoch 3/200 - LR: 0.0001 - Train Loss: 0.6681 - Val Loss: 0.6007
2026-06-02 20:43:08,259 - Epoch 4/200 - LR: 0.0001 - Train Loss: 0.6234 - Val Loss: 0.5485
2026-06-02 20:43:09,336 - Epoch 5/200 - LR: 0.0001 - Train Loss: 0.5801 - Val Loss: 0.5346
2026-06-02 20:43:10,428 - Epoch 6/200 - LR: 0.0001 - Train Loss: 0.5414 - Val Loss: 0.4994
2026-06-02 20:43:11,514 - Epoch 7/200 - LR: 0.0001 - Train Loss: 0.5162 - Val Loss: 0.4857
2026-06-02 20:43:12,627 - Epoch 8/200 - LR: 0.0001 - Train Loss: 0.4931 - Val Loss: 0.4815
2026-06-02 20:43:13,930 - Epoch 9/200 - LR: 0.0001 - Train Loss: 0.4769 - Val Loss: 0.4679
2026-06-02 20:43:15,087 - Epoch 10/200 - LR: 0.0001 - Train Loss: 0.4525 - Val Loss: 0.4821
2026-06-02 20:43:16,251 - Epoch 11/200 - LR: 0.0001 - Train Loss: 0.4427 - Val Loss: 0.4665
2026-06-02 20:43:17,384 - Epoch 12/200 - LR: 0.0001 - Train Loss: 0.4239 - Val Loss: 0.4916
2026-06-02 20:43:18,491 - Epoch 13/200 - LR: 0.0001 - Train Loss: 0.3946 - Val Loss: 0.4981
2026-06-02 20:43:19,633 - Epoch 14/200 - LR: 5e-05 - Train Loss: 0.4014 - Val Loss: 0.4735
2026-06-02 20:43:19,633 - Early stopping at epoch 14 (best MCC=0.6182)
2026-06-02 20:43:19,633 - Fold 3 Best Metrics:
2026-06-02 20:43:19,633 -   MCC       : 0.6182
2026-06-02 20:43:19,633 -   SN        : 0.8348
2026-06-02 20:43:19,633 -   SP        : 0.7822
2026-06-02 20:43:19,633 -   ACC       : 0.8090
2026-06-02 20:43:19,634 -   BACC      : 0.8085
2026-06-02 20:43:19,634 -   PRECISION : 0.7987
2026-06-02 20:43:19,634 -   F1        : 0.8164
2026-06-02 20:43:19,634 -   AUC       : 0.8667
2026-06-02 20:43:19,634 -   AUCPR     : 0.8622
2026-06-02 20:43:19,635 - ===== Fold 4/5 (train proteins: 810, val proteins: 202) =====
2026-06-02 20:43:20,765 - Epoch 1/200 - LR: 0.0001 - Train Loss: 0.6949 - Val Loss: 0.6889
2026-06-02 20:43:21,857 - Epoch 2/200 - LR: 0.0001 - Train Loss: 0.6924 - Val Loss: 0.6799
2026-06-02 20:43:22,976 - Epoch 3/200 - LR: 0.0001 - Train Loss: 0.6835 - Val Loss: 0.6470
2026-06-02 20:43:24,104 - Epoch 4/200 - LR: 0.0001 - Train Loss: 0.6401 - Val Loss: 0.6150
2026-06-02 20:43:25,213 - Epoch 5/200 - LR: 0.0001 - Train Loss: 0.5925 - Val Loss: 0.6065
2026-06-02 20:43:26,324 - Epoch 6/200 - LR: 0.0001 - Train Loss: 0.5508 - Val Loss: 0.5965
2026-06-02 20:43:27,477 - Epoch 7/200 - LR: 0.0001 - Train Loss: 0.5232 - Val Loss: 0.5711
2026-06-02 20:43:28,746 - Epoch 8/200 - LR: 0.0001 - Train Loss: 0.4993 - Val Loss: 0.5830
2026-06-02 20:43:29,879 - Epoch 9/200 - LR: 0.0001 - Train Loss: 0.4779 - Val Loss: 0.5376
2026-06-02 20:43:31,184 - Epoch 10/200 - LR: 0.0001 - Train Loss: 0.4692 - Val Loss: 0.5317
2026-06-02 20:43:32,293 - Epoch 11/200 - LR: 0.0001 - Train Loss: 0.4538 - Val Loss: 0.5438
2026-06-02 20:43:33,371 - Epoch 12/200 - LR: 0.0001 - Train Loss: 0.4344 - Val Loss: 0.5375
2026-06-02 20:43:34,454 - Epoch 13/200 - LR: 0.0001 - Train Loss: 0.4199 - Val Loss: 0.5256
2026-06-02 20:43:35,549 - Epoch 14/200 - LR: 0.0001 - Train Loss: 0.4061 - Val Loss: 0.5370
2026-06-02 20:43:36,631 - Epoch 15/200 - LR: 0.0001 - Train Loss: 0.3987 - Val Loss: 0.5268
2026-06-02 20:43:37,753 - Epoch 16/200 - LR: 0.0001 - Train Loss: 0.3840 - Val Loss: 0.5693
2026-06-02 20:43:38,842 - Epoch 17/200 - LR: 0.0001 - Train Loss: 0.3673 - Val Loss: 0.5758
2026-06-02 20:43:40,019 - Epoch 18/200 - LR: 0.0001 - Train Loss: 0.3508 - Val Loss: 0.5769
2026-06-02 20:43:41,182 - Epoch 19/200 - LR: 0.0001 - Train Loss: 0.3428 - Val Loss: 0.5776
2026-06-02 20:43:42,251 - Epoch 20/200 - LR: 5e-05 - Train Loss: 0.3041 - Val Loss: 0.5688
2026-06-02 20:43:42,251 - Early stopping at epoch 20 (best MCC=0.5609)
2026-06-02 20:43:42,251 - Fold 4 Best Metrics:
2026-06-02 20:43:42,252 -   MCC       : 0.5609
2026-06-02 20:43:42,252 -   SN        : 0.8357
2026-06-02 20:43:42,252 -   SP        : 0.7223
2026-06-02 20:43:42,252 -   ACC       : 0.7779
2026-06-02 20:43:42,252 -   BACC      : 0.7790
2026-06-02 20:43:42,252 -   PRECISION : 0.7432
2026-06-02 20:43:42,252 -   F1        : 0.7867
2026-06-02 20:43:42,252 -   AUC       : 0.8520
2026-06-02 20:43:42,252 -   AUCPR     : 0.8385
2026-06-02 20:43:42,254 - ===== Fold 5/5 (train proteins: 809, val proteins: 203) =====
2026-06-02 20:43:43,325 - Epoch 1/200 - LR: 0.0001 - Train Loss: 0.6970 - Val Loss: 0.6927
2026-06-02 20:43:44,408 - Epoch 2/200 - LR: 0.0001 - Train Loss: 0.6909 - Val Loss: 0.6734
2026-06-02 20:43:45,632 - Epoch 3/200 - LR: 0.0001 - Train Loss: 0.6783 - Val Loss: 0.6300
2026-06-02 20:43:46,858 - Epoch 4/200 - LR: 0.0001 - Train Loss: 0.6415 - Val Loss: 0.5868
2026-06-02 20:43:47,966 - Epoch 5/200 - LR: 0.0001 - Train Loss: 0.6045 - Val Loss: 0.5415
2026-06-02 20:43:49,069 - Epoch 6/200 - LR: 0.0001 - Train Loss: 0.5724 - Val Loss: 0.5207
2026-06-02 20:43:50,176 - Epoch 7/200 - LR: 0.0001 - Train Loss: 0.5652 - Val Loss: 0.5006
2026-06-02 20:43:51,324 - Epoch 8/200 - LR: 0.0001 - Train Loss: 0.5366 - Val Loss: 0.5044
2026-06-02 20:43:52,452 - Epoch 9/200 - LR: 0.0001 - Train Loss: 0.5238 - Val Loss: 0.4887
2026-06-02 20:43:53,708 - Epoch 10/200 - LR: 0.0001 - Train Loss: 0.4938 - Val Loss: 0.4836
2026-06-02 20:43:54,897 - Epoch 11/200 - LR: 0.0001 - Train Loss: 0.4892 - Val Loss: 0.5039
2026-06-02 20:43:56,023 - Epoch 12/200 - LR: 0.0001 - Train Loss: 0.4599 - Val Loss: 0.4917
2026-06-02 20:43:57,143 - Epoch 13/200 - LR: 0.0001 - Train Loss: 0.4392 - Val Loss: 0.5314
2026-06-02 20:43:58,227 - Epoch 14/200 - LR: 0.0001 - Train Loss: 0.4461 - Val Loss: 0.5031
2026-06-02 20:43:59,283 - Epoch 15/200 - LR: 0.0001 - Train Loss: 0.4217 - Val Loss: 0.4916
2026-06-02 20:44:00,396 - Epoch 16/200 - LR: 0.0001 - Train Loss: 0.4101 - Val Loss: 0.5045
2026-06-02 20:44:01,517 - Epoch 17/200 - LR: 5e-05 - Train Loss: 0.3857 - Val Loss: 0.5062
2026-06-02 20:44:01,518 - Early stopping at epoch 17 (best MCC=0.5919)
2026-06-02 20:44:01,518 - Fold 5 Best Metrics:
2026-06-02 20:44:01,518 -   MCC       : 0.5919
2026-06-02 20:44:01,518 -   SN        : 0.8357
2026-06-02 20:44:01,518 -   SP        : 0.7560
2026-06-02 20:44:01,518 -   ACC       : 0.7940
2026-06-02 20:44:01,518 -   BACC      : 0.7959
2026-06-02 20:44:01,518 -   PRECISION : 0.7571
2026-06-02 20:44:01,518 -   F1        : 0.7945
2026-06-02 20:44:01,518 -   AUC       : 0.8657
2026-06-02 20:44:01,518 -   AUCPR     : 0.8493
2026-06-02 20:44:01,518 - ==============================
2026-06-02 20:44:01,518 - Cross-Validation Results:
2026-06-02 20:44:01,519 -   MCC       : 0.579 ± 0.026
2026-06-02 20:44:01,519 -   SN        : 0.837 ± 0.011
2026-06-02 20:44:01,519 -   SP        : 0.739 ± 0.026
2026-06-02 20:44:01,519 -   ACC       : 0.788 ± 0.013
2026-06-02 20:44:01,519 -   BACC      : 0.788 ± 0.014
2026-06-02 20:44:01,519 -   PRECISION : 0.763 ± 0.019
2026-06-02 20:44:01,519 -   F1        : 0.798 ± 0.011
2026-06-02 20:44:01,519 -   AUC       : 0.854 ± 0.015
2026-06-02 20:44:01,519 -   AUCPR     : 0.845 ± 0.013
2026-06-02 20:44:01,519 - ==============================
2026-06-02 20:44:01,519 - Evaluating ensemble on test set...
2026-06-02 20:44:02,153 - Final Test Metrics (Ensemble):
2026-06-02 20:44:02,153 -   MCC       : 0.653
2026-06-02 20:44:02,153 -   SN        : 0.829
2026-06-02 20:44:02,153 -   SP        : 0.824
2026-06-02 20:44:02,153 -   ACC       : 0.827
2026-06-02 20:44:02,153 -   BACC      : 0.827
2026-06-02 20:44:02,153 -   PRECISION : 0.825
2026-06-02 20:44:02,153 -   F1        : 0.827
2026-06-02 20:44:02,153 -   AUC       : 0.884
2026-06-02 20:44:02,153 -   AUCPR     : 0.891
