2026-06-02 20:40:55,430 - ============================================================
2026-06-02 20:40:55,430 - TRANSFORMER LAYERS: 1
2026-06-02 20:40:55,430 - ============================================================
2026-06-02 20:40:55,430 - Hyperparameters:
2026-06-02 20:40:55,430 -   Batch Size: 128
2026-06-02 20:40:55,430 -   Learning Rate: 0.0001
2026-06-02 20:40:55,430 -   Weight Decay: 0.001
2026-06-02 20:40:55,430 -   Epochs: 200
2026-06-02 20:40:55,430 -   K-Folds: 5
2026-06-02 20:40:55,430 -   Patience: 5
2026-06-02 20:40:55,430 -   Early Stop Metric: MCC
2026-06-02 20:40:55,430 -   Node Feature Dimension: 1280
2026-06-02 20:40:55,430 -   Sequence Feature Dimension: 21 (20 AA + 1 X)
2026-06-02 20:40:55,430 -   Hidden Dimension: 128
2026-06-02 20:40:55,430 -   LR Scheduler: ReduceLROnPlateau(factor=0.5, patience=3, min_lr=1e-06)
2026-06-02 20:40:55,430 -   Cross-Validation: GroupKFold (group = protein name)
2026-06-02 20:40:55,430 - ============================================================
2026-06-02 20:40:55,430 - Loading training data from data/train_embedding_graph.pt...
2026-06-02 20:40:58,013 - Number of unique proteins (groups): 1012
2026-06-02 20:40:58,014 - Proteins: AASDH, AATF, ABCF1, ABCF2, ABCF3, ABITRAM, ABRAXAS1, ACADVL, ACAT1, ACIN1, ACLY, ACO2, ACOT13, ACOT9, ACSF2, ADAR, ADNP, AFF4, AGFG2, AGGF1, AHCYL2, AHSA1, AIF1L, AKAP8L, ALDH18A1, ALDH9A1, ALDOA, ALG9, ALKBH3, ALKBH5, ALYREF, ANLN, ANXA2, APBB1, APEX1, APIP, ARFGAP1, ARFGAP2, ARFIP1, ARID3A, ARID4B, ARL3, ARL6IP4, ARMC1, ARPC2, ARPC5, ARPIN, ASPSCR1, ATF7IP, ATG12, ATP5F1A, ATP5F1B, ATP5IF1, ATP5PD, ATP5PO, ATP6V1E1, ATP6V1G1, ATPAF1, ATXN2L, ATXN3, AUH, AURKA, BAG2, BBS9, BBX, BCLAF1, BLNK, BMS1, BRD2, BRD4, BRIX1, BRPF1, BTF3, BUB1B, BUD23, BUD31, C12orf45, C16orf87, C19orf47, C19orf53, C1orf131, C1orf174, C1orf198, C1orf52, C7orf50, C9orf78, CACYBP, CALD1, CALU, CANX, CAPZA1, CAPZB, CAST, CAVIN1, CBFB, CBX5, CC2D1A, CCDC117, CCDC124, CCDC137, CCDC59, CCDC71, CCDC82, CCDC86, CCNH, CCNK, CCNT1, CCT2, CCT3, CCT5, CCT8, CD2BP2, CDC37, CDC40, CDC5L, CDC73, CDCA2, CDK7, CDK9, CDKN2AIP, CDV3, CDYL, CENPV, CEP131, CFL1, CHAF1A, CHAF1B, CHAMP1, CHERP, CHMP1B, CHMP2A, CHMP2B, CHMP4B, CHMP5, CHRAC1, CHTOP, CIAPIN1, CKAP2L, CKS2, CLASRP, CLINT1, CMAS, CMTR1, CNN3, CNP, COIL, COPS7A, CORO1B, CPNE1, CPSF3, CREB1, CRIPT, CRNKL1, CRTC3, CS, CSNK2B, CSRP1, CTCF, CTDP1, CTTN, CUEDC2, CUL1, CUL3, CWC15, CWC22, CWC27, CXorf56, CYCS, CZIB, DAXX, DBNL, DBR1, DBT, DCPS, DCUN1D5, DDA1, DDB1, DDB2, DDHD1, DDX10, DDX17, DDX18, DDX21, DDX23, DDX24, DDX27, DDX31, DDX39B, DDX41, DDX42, DDX46, DDX47, DDX52, DEK, DFFA, DGCR8, DHX16, DHX36, DHX37, DHX38, DHX9, DIEXF, DIMT1, DIS3, DKC1, DLAT, DLG3, DLGAP4, DNAJA3, DNAJB1, DNAJC17, DNAJC8, DNTTIP2, DPF2, DR1, DRAP1, DTD1, DUS1L, DUS3L, DUT, EAF1, EBAG9, EBNA1BP2, ECHDC1, ECI1, ECI2, ECT2, EDC3, EDF1, EED, EEF1G, EHMT1, EIF1AD, EIF1AX, EIF2B3, EIF2S2, EIF3A, EIF3CL, EIF3D, EIF3E, EIF3G, EIF3J, EIF4A3, EIF4EBP1, EIF4G2, EIF4H, EIF5, EIF5A, EIF5B, ELAC2, ELAVL1, ELOA, ELOF1, EMD, EML4, EMSY, ENO1, ENSA, EPB41L2, EPC2, ERCC3, ERF, ESF1, ESRRA, ETFA, ETFB, EXOC1, EXOSC10, EYA3, FABP5, FAIM, FAM126A, FAM133B, FAM50A, FAM76B, FANCI, FBXO45, FEN1, FER, FH, FHL1, FIP1L1, FKBP3, FKBP4, FLYWCH2, FMC1, FNBP4, FOXK2, FRG1, G3BP1, GABPA, GATAD2A, GATB, GFM2, GGCX, GIGYF2, GINS3, GIPC1, GLRA1, GLS, GMNN, GMPR2, GNL3, GNL3L, GOT2, GPALPP1, GPATCH1, GPATCH11, GPI, GPKOW, GRPEL1, GSE1, GTF2E2, GTF2F1, GTF2F2, GTF2H1, GTF2I, GTF3C2, GTF3C4, GTF3C5, GTPBP1, GTSE1, H2BC18, H3C1, H4C1, HADHA, HADHB, HAT1, HDAC2, HDGFL2, HDLBP, HEATR3, HELLS, HEXIM1, HIBCH, HIC2, HINT1, HIRIP3, HLTF, HMBS, HMG20A, HMGA2, HMGN1, HMOX2, HNRNPA1, HNRNPC, HNRNPDL, HNRNPH1, HNRNPK, HNRNPL, HNRNPM, HNRNPR, HNRNPU, HSP90AA1, HSP90AB2P, HSPA4, HSPA9, HSPD1, HSPE1, IARS2, ICE2, IDH2, IGHMBP2, IK, ILF3, ILKAP, INCENP, INIP, INO80B, INTS10, INTS12, INTS4, IRF2, IRF2BP1, IRF2BP2, IWS1, JADE3, JPH2, JPT1, JPT2, KARS1, KAT7, KCTD16, KDM2B, KDM4A, KHDC4, KHDRBS1, KHSRP, KIAA1143, KIF22, KIF23, KIF2A, KIF4A, KIF5B, KIFC1, KIN, KPNA1, KRI1, KRR1, LARP1, LARP7, LASP1, LCORL, LDHA, LEMD3, LIG1, LIMA1, LMNA, LPP, LRPPRC, LRRC40, LRRC41, LRRC59, LSM14A, LUZP1, LYAR, LYSMD3, LZTS2, MACROD1, MACROH2A1, MAGED1, MAGED2, MAGOHB, MAP2K7, MAP4, MAPK13, MAPRE3, MASTL, MATR3, MB21D2, MBD1, MBD2, MCEE, MCM3, MCRS1, MCU, MDH2, ME2, MEAF6, MECP2, MED27, MED4, MED6, MEN1, MEPCE, METTL1, METTL16, MFAP1, MIDEAS, MKRN2, MLH1, MMAB, MMTAG2, MNAT1, MOB3A, MORF4L1, MPHOSPH6, MPHOSPH8, MRE11, MRPL12, MRPL44, MRPL47, MRPS28, MRTO4, MSH2, MSH6, MSL1, MSL3P1, MTA1, MTHFD1L, MTHFD2, MTREX, MVD, MYBBP1A, MYBL2, MYL6B, MYO6, N4BP1, NAB2, NACC1, NAMPT, NASP, NAT10, NBN, NCAPG, NCAPH, NCAPH2, NCBP1, NCBP3, NCK2, NCKAP1, NCL, NDUFAF4, NDUFAF7, NDUFV3, NEBL, NECAP1, NEFL, NELFA, NELFE, NEXN, NFIA, NFX1, NFYA, NHLRC2, NIFK, NIPSNAP3A, NKAP, NKIRAS2, NKRF, NNT, NOC3L, NOL11, NOL6, NOL7, NOL8, NOP14, NOP2, NOP56, NOP58, NOP9, NOSIP, NPM1, NSD2, NSFL1C, NSMCE4A, NSRP1, NUCKS1, NUDC, NUDT21, NUFIP2, NUP50, NUSAP1, NVL, OAT, OBI1, OCIAD1, OCLN, OGFR, OGT, OR4Q3, ORC2, ORC3, ORC4, OSBPL8, OTUD3, OTUD5, OTUD7B, OXCT1, PA2G4, PACS1, PAICS, PAK1IP1, PAPSS1, PARD3, PARN, PARP1, PARVB, PATZ1, PAWR, PAXIP1, PAXX, PBK, PCBP2, PCGF1, PCLAF, PCNA, PCNP, PDAP1, PDCD4, PDCD5, PDCL3, PDHA1, PDLIM1, PDLIM3, PDLIM5, PELP1, PES1, PFDN2, PFKP, PGAM1, PHAX, PHB2, PHC1, PHC2, PHC3, PHF10, PHF2, PHF20L1, PHF21A, PHF23, PHF5A, PHF6, PHLDB2, PIN4, PKN2, PLK1, PLS3, PML, PMPCB, PMS2, PNKP, PNN, PNPT1, POC5, POLA2, POLD1, POLD2, POLD3, POLD4, POLE4, POLR1G, POM121, PPA2, PPAN, PPFIA1, PPIL2, PPIL4, PPM1G, PPME1, PPP1CA, PPP1R11, PPP1R14C, PPP1R2, PPP2R5D, PPP4R3A, PPWD1, PQBP1, PRCC, PRDX3, PRKRIP1, PRMT5, PRORP, PRPF3, PRPF31, PRPF38B, PRPF4, PRPF6, PRR15, PRR3, PSIP1, PSMA8, PSMD3, PSMD4, PSMD9, PSME3IP1, PTBP1, PTCD3, PTMS, PTPN11, PTPN2, PTRHD1, PUF60, PUM3, PWP2, PWWP2A, PYROXD1, QRICH1, RACGAP1, RAD17, RAD21, RAD51AP1, RAN, RANBP3, RB1, RBBP4, RBBP5, RBM10, RBM14, RBM15, RBM17, RBM20, RBM22, RBM25, RBM26, RBM27, RBM28, RBM33, RBM39, RBM6, RBMX, RCC1, RCC2, RDX, RECQL, RECQL5, REXO1, REXO2, RFC1, RFX5, RIOX2, RNASEH2B, RNF113A, RNF114, RNF169, RNF40, RNGTT, RNMT, RPA1, RPAP2, RPL10, RPL10A, RPL11, RPL13, RPL14, RPL17, RPL18A, RPL19, RPL21, RPL22, RPL23A, RPL24, RPL27, RPL27A, RPL28, RPL29, RPL3, RPL30, RPL31, RPL34, RPL36, RPL4, RPL5, RPL7A, RPL7L1, RPL9, RPP30, RPP38, RPS10, RPS11, RPS14, RPS19, RPS20, RPS23, RPS25, RPS27A, RPS3, RPS3A, RPS4X, RPS6, RPS6KA4, RPS6KB1, RPS7, RPS8, RPS9, RPSA, RRN3, RRP12, RRP1B, RRP8, RRS1, RSBN1L, RSL1D1, RSRC2, RTEL1, RTF1, RTF2, RTKN, RYBP, S100A10, S100A11, SAE1, SAFB2, SAMHD1, SAP30, SAP30BP, SARNP, SARS2, SART1, SART3, SATB2, SCML2, SCNM1, SDAD1, SDHA, SEC61B, SEC63, SELENOH, SENP3, SENP6, SEPTIN2, SEPTIN9, SERF2, SET, SETD3, SETDB1, SF1, SF3A1, SF3A2, SF3A3, SF3B1, SF3B2, SFMBT1, SFPQ, SH3GL1, SH3GLB1, SHMT2, SIN3A, SIN3B, SINHCAF, SIRPA, SLBP, SLC25A3, SLC25A5, SLC27A4, SLC4A1AP, SLC6A7, SLTM, SLU7, SMAP, SMARCA1, SMARCAD1, SMARCAL1, SMARCC2, SMC3, SMC4, SMC5, SMN1, SMNDC1, SNCA, SNF8, SNRNP27, SNRNP40, SNRPA, SNRPA1, SNRPE, SNW1, SNX6, SNX9, SOD2, SPAG7, SPART, SPECC1L, SRBD1, SREK1, SRP14, SRRM1, SRSF10, SRSF3, SRSF4, SS18, SSB, SSRP1, STAG1, STARD13, STAT6, STIM1, STIP1, STK38L, STMN2, STOML2, STRN3, STT3B, SUB1, SUCLA2, SUDS3, SUGP1, SUGP2, SUMO2, SUPT16H, SUPT5H, SURF6, SUZ12, SYMPK, TAF3, TAF6L, TAGLN2, TASP1, TBC1D13, TBC1D24, TBCB, TBL3, TCF19, TCF25, TCF3, TDP1, TERF2, TERF2IP, TES, TESK2, TEX10, TFIP11, THAP12, THAP4, THOC5, THRAP3, THUMPD1, THUMPD2, THYN1, TIMELESS, TIMM44, TK1, TLE3, TLK2, TMA16, TMLHE, TMPO, TOM1L1, TOP1, TOX4, TP53I11, TP73, TPX2, TRA2B, TRIM28, TRIM33, TRIR, TRMT1, TRMT10A, TRMT6, TRPS1, TSNAX, TSR1, TTC12, TTC33, TTLL12, TUFM, TUT1, TXNDC9, U2SURP, UBA1, UBE2E3, UBE2K, UBE2M, UBE2S, UBE2V2, UBN1, UBXN1, UBXN7, UHRF1, UIMC1, UNC119B, UNC45A, UPF1, UQCRC2, USP10, USP13, USP22, USP48, UTP11, UTP14A, UTP18, UTP3, VCPIP1, VPS33B, VPS72, VRK1, WAC, WAPL, WBP11, WBP4, WDHD1, WDR12, WDR33, WDR4, WDR43, WDR45B, WDR46, WDR70, WIZ, XPC, XPO5, XRCC4, XRCC5, XRCC6, YAP1, YARS1, YTHDC1, YWHAH, YY1, ZBTB34, ZBTB4, ZBTB7A, ZBTB7B, ZC3H11A, ZC3H14, ZC3H15, ZC3H4, ZC3H8, ZC3HC1, ZCCHC8, ZFAND6, ZFP91, ZFR, ZHX3, ZMAT2, ZMYM3, ZMYND8, ZNF148, ZNF174, ZNF207, ZNF217, ZNF280C, ZNF326, ZNF384, ZNF512, ZNF512B, ZNF516, ZNF592, ZNF618, ZNF639, ZNF644, ZNF687, ZNF706, ZNF787, ZNF800, ZNF804B, ZNF830, ZRANB1, ZRANB2, ZYX, ZZZ3
2026-06-02 20:40:58,030 - ===== Fold 1/5 (train proteins: 809, val proteins: 203) =====
2026-06-02 20:41:00,108 - Epoch 1/200 - LR: 0.0001 - Train Loss: 0.6941 - Val Loss: 0.6877
2026-06-02 20:41:01,097 - Epoch 2/200 - LR: 0.0001 - Train Loss: 0.6893 - Val Loss: 0.6721
2026-06-02 20:41:02,151 - Epoch 3/200 - LR: 0.0001 - Train Loss: 0.6756 - Val Loss: 0.6184
2026-06-02 20:41:03,253 - Epoch 4/200 - LR: 0.0001 - Train Loss: 0.6183 - Val Loss: 0.5877
2026-06-02 20:41:04,315 - Epoch 5/200 - LR: 0.0001 - Train Loss: 0.5713 - Val Loss: 0.5784
2026-06-02 20:41:05,419 - Epoch 6/200 - LR: 0.0001 - Train Loss: 0.5231 - Val Loss: 0.5801
2026-06-02 20:41:06,556 - Epoch 7/200 - LR: 0.0001 - Train Loss: 0.5041 - Val Loss: 0.5570
2026-06-02 20:41:07,689 - Epoch 8/200 - LR: 0.0001 - Train Loss: 0.5097 - Val Loss: 0.5319
2026-06-02 20:41:08,851 - Epoch 9/200 - LR: 0.0001 - Train Loss: 0.4667 - Val Loss: 0.5335
2026-06-02 20:41:10,071 - Epoch 10/200 - LR: 0.0001 - Train Loss: 0.4516 - Val Loss: 0.5416
2026-06-02 20:41:11,266 - Epoch 11/200 - LR: 0.0001 - Train Loss: 0.4368 - Val Loss: 0.5269
2026-06-02 20:41:12,368 - Epoch 12/200 - LR: 0.0001 - Train Loss: 0.4064 - Val Loss: 0.5593
2026-06-02 20:41:13,441 - Epoch 13/200 - LR: 0.0001 - Train Loss: 0.3920 - Val Loss: 0.5539
2026-06-02 20:41:14,574 - Epoch 14/200 - LR: 0.0001 - Train Loss: 0.3801 - Val Loss: 0.5735
2026-06-02 20:41:15,700 - Epoch 15/200 - LR: 0.0001 - Train Loss: 0.3692 - Val Loss: 0.5539
2026-06-02 20:41:17,009 - Epoch 16/200 - LR: 5e-05 - Train Loss: 0.3463 - Val Loss: 0.5787
2026-06-02 20:41:17,010 - Early stopping at epoch 16 (best MCC=0.5572)
2026-06-02 20:41:17,010 - Fold 1 Best Metrics:
2026-06-02 20:41:17,010 -   MCC       : 0.5572
2026-06-02 20:41:17,010 -   SN        : 0.8004
2026-06-02 20:41:17,010 -   SP        : 0.7560
2026-06-02 20:41:17,010 -   ACC       : 0.7793
2026-06-02 20:41:17,010 -   BACC      : 0.7782
2026-06-02 20:41:17,010 -   PRECISION : 0.7833
2026-06-02 20:41:17,010 -   F1        : 0.7918
2026-06-02 20:41:17,010 -   AUC       : 0.8337
2026-06-02 20:41:17,010 -   AUCPR     : 0.8267
2026-06-02 20:41:17,012 - ===== Fold 2/5 (train proteins: 810, val proteins: 202) =====
2026-06-02 20:41:18,129 - Epoch 1/200 - LR: 0.0001 - Train Loss: 0.6967 - Val Loss: 0.6917
2026-06-02 20:41:19,146 - Epoch 2/200 - LR: 0.0001 - Train Loss: 0.6904 - Val Loss: 0.6755
2026-06-02 20:41:20,109 - Epoch 3/200 - LR: 0.0001 - Train Loss: 0.6727 - Val Loss: 0.6184
2026-06-02 20:41:21,160 - Epoch 4/200 - LR: 0.0001 - Train Loss: 0.6211 - Val Loss: 0.5739
2026-06-02 20:41:22,145 - Epoch 5/200 - LR: 0.0001 - Train Loss: 0.5659 - Val Loss: 0.5463
2026-06-02 20:41:23,094 - Epoch 6/200 - LR: 0.0001 - Train Loss: 0.5524 - Val Loss: 0.5345
2026-06-02 20:41:24,170 - Epoch 7/200 - LR: 0.0001 - Train Loss: 0.5061 - Val Loss: 0.5412
2026-06-02 20:41:25,311 - Epoch 8/200 - LR: 0.0001 - Train Loss: 0.4817 - Val Loss: 0.5374
2026-06-02 20:41:26,434 - Epoch 9/200 - LR: 0.0001 - Train Loss: 0.4627 - Val Loss: 0.5322
2026-06-02 20:41:27,536 - Epoch 10/200 - LR: 0.0001 - Train Loss: 0.4398 - Val Loss: 0.5338
2026-06-02 20:41:28,614 - Epoch 11/200 - LR: 0.0001 - Train Loss: 0.4338 - Val Loss: 0.5224
2026-06-02 20:41:29,683 - Epoch 12/200 - LR: 0.0001 - Train Loss: 0.4057 - Val Loss: 0.5518
2026-06-02 20:41:30,787 - Epoch 13/200 - LR: 0.0001 - Train Loss: 0.4013 - Val Loss: 0.5386
2026-06-02 20:41:31,834 - Epoch 14/200 - LR: 0.0001 - Train Loss: 0.3871 - Val Loss: 0.5354
2026-06-02 20:41:32,778 - Epoch 15/200 - LR: 0.0001 - Train Loss: 0.3756 - Val Loss: 0.5854
2026-06-02 20:41:33,747 - Epoch 16/200 - LR: 0.0001 - Train Loss: 0.3451 - Val Loss: 0.5906
2026-06-02 20:41:34,697 - Epoch 17/200 - LR: 5e-05 - Train Loss: 0.3403 - Val Loss: 0.5669
2026-06-02 20:41:34,697 - Early stopping at epoch 17 (best MCC=0.5608)
2026-06-02 20:41:34,697 - Fold 2 Best Metrics:
2026-06-02 20:41:34,697 -   MCC       : 0.5608
2026-06-02 20:41:34,697 -   SN        : 0.8575
2026-06-02 20:41:34,697 -   SP        : 0.6959
2026-06-02 20:41:34,697 -   ACC       : 0.7768
2026-06-02 20:41:34,697 -   BACC      : 0.7767
2026-06-02 20:41:34,697 -   PRECISION : 0.7386
2026-06-02 20:41:34,697 -   F1        : 0.7936
2026-06-02 20:41:34,697 -   AUC       : 0.8542
2026-06-02 20:41:34,697 -   AUCPR     : 0.8412
2026-06-02 20:41:34,699 - ===== Fold 3/5 (train proteins: 810, val proteins: 202) =====
2026-06-02 20:41:35,653 - Epoch 1/200 - LR: 0.0001 - Train Loss: 0.6943 - Val Loss: 0.6877
2026-06-02 20:41:36,603 - Epoch 2/200 - LR: 0.0001 - Train Loss: 0.6887 - Val Loss: 0.6706
2026-06-02 20:41:37,597 - Epoch 3/200 - LR: 0.0001 - Train Loss: 0.6764 - Val Loss: 0.6116
2026-06-02 20:41:38,525 - Epoch 4/200 - LR: 0.0001 - Train Loss: 0.6267 - Val Loss: 0.5589
2026-06-02 20:41:39,506 - Epoch 5/200 - LR: 0.0001 - Train Loss: 0.5784 - Val Loss: 0.5368
2026-06-02 20:41:40,527 - Epoch 6/200 - LR: 0.0001 - Train Loss: 0.5630 - Val Loss: 0.5813
2026-06-02 20:41:41,467 - Epoch 7/200 - LR: 0.0001 - Train Loss: 0.5425 - Val Loss: 0.5315
2026-06-02 20:41:42,352 - Epoch 8/200 - LR: 0.0001 - Train Loss: 0.5188 - Val Loss: 0.5095
2026-06-02 20:41:43,240 - Epoch 9/200 - LR: 0.0001 - Train Loss: 0.4934 - Val Loss: 0.4948
2026-06-02 20:41:44,132 - Epoch 10/200 - LR: 0.0001 - Train Loss: 0.4696 - Val Loss: 0.4959
2026-06-02 20:41:45,018 - Epoch 11/200 - LR: 0.0001 - Train Loss: 0.4556 - Val Loss: 0.4945
2026-06-02 20:41:45,905 - Epoch 12/200 - LR: 0.0001 - Train Loss: 0.4494 - Val Loss: 0.5038
2026-06-02 20:41:46,775 - Epoch 13/200 - LR: 0.0001 - Train Loss: 0.4215 - Val Loss: 0.5170
2026-06-02 20:41:47,669 - Epoch 14/200 - LR: 0.0001 - Train Loss: 0.3937 - Val Loss: 0.5145
2026-06-02 20:41:48,665 - Epoch 15/200 - LR: 5e-05 - Train Loss: 0.3807 - Val Loss: 0.5204
2026-06-02 20:41:48,666 - Early stopping at epoch 15 (best MCC=0.5905)
2026-06-02 20:41:48,666 - Fold 3 Best Metrics:
2026-06-02 20:41:48,666 -   MCC       : 0.5905
2026-06-02 20:41:48,666 -   SN        : 0.7873
2026-06-02 20:41:48,666 -   SP        : 0.8033
2026-06-02 20:41:48,666 -   ACC       : 0.7952
2026-06-02 20:41:48,666 -   BACC      : 0.7953
2026-06-02 20:41:48,666 -   PRECISION : 0.8056
2026-06-02 20:41:48,666 -   F1        : 0.7963
2026-06-02 20:41:48,666 -   AUC       : 0.8589
2026-06-02 20:41:48,666 -   AUCPR     : 0.8598
2026-06-02 20:41:48,667 - ===== Fold 4/5 (train proteins: 810, val proteins: 202) =====
2026-06-02 20:41:49,602 - Epoch 1/200 - LR: 0.0001 - Train Loss: 0.6975 - Val Loss: 0.6911
2026-06-02 20:41:50,509 - Epoch 2/200 - LR: 0.0001 - Train Loss: 0.6923 - Val Loss: 0.6842
2026-06-02 20:41:51,438 - Epoch 3/200 - LR: 0.0001 - Train Loss: 0.6896 - Val Loss: 0.6666
2026-06-02 20:41:52,458 - Epoch 4/200 - LR: 0.0001 - Train Loss: 0.6627 - Val Loss: 0.6159
2026-06-02 20:41:53,392 - Epoch 5/200 - LR: 0.0001 - Train Loss: 0.6088 - Val Loss: 0.6024
2026-06-02 20:41:54,396 - Epoch 6/200 - LR: 0.0001 - Train Loss: 0.5631 - Val Loss: 0.5878
2026-06-02 20:41:55,408 - Epoch 7/200 - LR: 0.0001 - Train Loss: 0.5268 - Val Loss: 0.5676
2026-06-02 20:41:56,310 - Epoch 8/200 - LR: 0.0001 - Train Loss: 0.5104 - Val Loss: 0.5572
2026-06-02 20:41:57,218 - Epoch 9/200 - LR: 0.0001 - Train Loss: 0.4885 - Val Loss: 0.5290
2026-06-02 20:41:58,128 - Epoch 10/200 - LR: 0.0001 - Train Loss: 0.4608 - Val Loss: 0.5477
2026-06-02 20:41:59,117 - Epoch 11/200 - LR: 0.0001 - Train Loss: 0.4420 - Val Loss: 0.5303
2026-06-02 20:42:00,069 - Epoch 12/200 - LR: 0.0001 - Train Loss: 0.4347 - Val Loss: 0.5385
2026-06-02 20:42:01,066 - Epoch 13/200 - LR: 0.0001 - Train Loss: 0.4163 - Val Loss: 0.5358
2026-06-02 20:42:01,942 - Epoch 14/200 - LR: 0.0001 - Train Loss: 0.4081 - Val Loss: 0.5354
2026-06-02 20:42:02,837 - Epoch 15/200 - LR: 0.0001 - Train Loss: 0.3754 - Val Loss: 0.5766
2026-06-02 20:42:03,909 - Epoch 16/200 - LR: 0.0001 - Train Loss: 0.3771 - Val Loss: 0.5469
2026-06-02 20:42:04,916 - Epoch 17/200 - LR: 5e-05 - Train Loss: 0.3385 - Val Loss: 0.5729
2026-06-02 20:42:04,916 - Early stopping at epoch 17 (best MCC=0.5573)
2026-06-02 20:42:04,916 - Fold 4 Best Metrics:
2026-06-02 20:42:04,916 -   MCC       : 0.5573
2026-06-02 20:42:04,916 -   SN        : 0.8052
2026-06-02 20:42:04,916 -   SP        : 0.7517
2026-06-02 20:42:04,916 -   ACC       : 0.7779
2026-06-02 20:42:04,916 -   BACC      : 0.7784
2026-06-02 20:42:04,916 -   PRECISION : 0.7572
2026-06-02 20:42:04,916 -   F1        : 0.7804
2026-06-02 20:42:04,916 -   AUC       : 0.8435
2026-06-02 20:42:04,916 -   AUCPR     : 0.8321
2026-06-02 20:42:04,918 - ===== Fold 5/5 (train proteins: 809, val proteins: 203) =====
2026-06-02 20:42:05,946 - Epoch 1/200 - LR: 0.0001 - Train Loss: 0.7014 - Val Loss: 0.6990
2026-06-02 20:42:07,072 - Epoch 2/200 - LR: 0.0001 - Train Loss: 0.6934 - Val Loss: 0.6840
2026-06-02 20:42:08,279 - Epoch 3/200 - LR: 0.0001 - Train Loss: 0.6915 - Val Loss: 0.6679
2026-06-02 20:42:09,460 - Epoch 4/200 - LR: 0.0001 - Train Loss: 0.6769 - Val Loss: 0.6405
2026-06-02 20:42:10,490 - Epoch 5/200 - LR: 0.0001 - Train Loss: 0.6338 - Val Loss: 0.5683
2026-06-02 20:42:11,508 - Epoch 6/200 - LR: 0.0001 - Train Loss: 0.5847 - Val Loss: 0.5284
2026-06-02 20:42:12,535 - Epoch 7/200 - LR: 0.0001 - Train Loss: 0.5531 - Val Loss: 0.5221
2026-06-02 20:42:13,519 - Epoch 8/200 - LR: 0.0001 - Train Loss: 0.5178 - Val Loss: 0.4934
2026-06-02 20:42:14,536 - Epoch 9/200 - LR: 0.0001 - Train Loss: 0.4970 - Val Loss: 0.4929
2026-06-02 20:42:15,576 - Epoch 10/200 - LR: 0.0001 - Train Loss: 0.4766 - Val Loss: 0.4968
2026-06-02 20:42:16,603 - Epoch 11/200 - LR: 0.0001 - Train Loss: 0.4483 - Val Loss: 0.4865
2026-06-02 20:42:17,519 - Epoch 12/200 - LR: 0.0001 - Train Loss: 0.4474 - Val Loss: 0.4758
2026-06-02 20:42:18,386 - Epoch 13/200 - LR: 0.0001 - Train Loss: 0.4277 - Val Loss: 0.5214
2026-06-02 20:42:19,267 - Epoch 14/200 - LR: 0.0001 - Train Loss: 0.4179 - Val Loss: 0.4967
2026-06-02 20:42:20,145 - Epoch 15/200 - LR: 5e-05 - Train Loss: 0.3940 - Val Loss: 0.4952
2026-06-02 20:42:20,146 - Early stopping at epoch 15 (best MCC=0.5881)
2026-06-02 20:42:20,146 - Fold 5 Best Metrics:
2026-06-02 20:42:20,146 -   MCC       : 0.5881
2026-06-02 20:42:20,146 -   SN        : 0.8237
2026-06-02 20:42:20,146 -   SP        : 0.7648
2026-06-02 20:42:20,146 -   ACC       : 0.7929
2026-06-02 20:42:20,146 -   BACC      : 0.7943
2026-06-02 20:42:20,146 -   PRECISION : 0.7612
2026-06-02 20:42:20,146 -   F1        : 0.7912
2026-06-02 20:42:20,146 -   AUC       : 0.8616
2026-06-02 20:42:20,146 -   AUCPR     : 0.8447
2026-06-02 20:42:20,146 - ==============================
2026-06-02 20:42:20,146 - Cross-Validation Results:
2026-06-02 20:42:20,146 -   MCC       : 0.571 ± 0.015
2026-06-02 20:42:20,146 -   SN        : 0.815 ± 0.024
2026-06-02 20:42:20,146 -   SP        : 0.754 ± 0.034
2026-06-02 20:42:20,147 -   ACC       : 0.784 ± 0.008
2026-06-02 20:42:20,147 -   BACC      : 0.785 ± 0.008
2026-06-02 20:42:20,147 -   PRECISION : 0.769 ± 0.023
2026-06-02 20:42:20,147 -   F1        : 0.791 ± 0.005
2026-06-02 20:42:20,147 -   AUC       : 0.850 ± 0.010
2026-06-02 20:42:20,147 -   AUCPR     : 0.841 ± 0.011
2026-06-02 20:42:20,147 - ==============================
2026-06-02 20:42:20,147 - Evaluating ensemble on test set...
2026-06-02 20:42:20,690 - Final Test Metrics (Ensemble):
2026-06-02 20:42:20,690 -   MCC       : 0.625
2026-06-02 20:42:20,690 -   SN        : 0.808
2026-06-02 20:42:20,690 -   SP        : 0.816
2026-06-02 20:42:20,690 -   ACC       : 0.812
2026-06-02 20:42:20,690 -   BACC      : 0.812
2026-06-02 20:42:20,690 -   PRECISION : 0.815
2026-06-02 20:42:20,691 -   F1        : 0.811
2026-06-02 20:42:20,691 -   AUC       : 0.882
2026-06-02 20:42:20,691 -   AUCPR     : 0.888
