2026-06-02 20:46:04,601 - ============================================================
2026-06-02 20:46:04,602 - TRANSFORMER LAYERS: 4
2026-06-02 20:46:04,602 - ============================================================
2026-06-02 20:46:04,602 - Hyperparameters:
2026-06-02 20:46:04,602 -   Batch Size: 128
2026-06-02 20:46:04,602 -   Learning Rate: 0.0001
2026-06-02 20:46:04,602 -   Weight Decay: 0.001
2026-06-02 20:46:04,602 -   Epochs: 200
2026-06-02 20:46:04,602 -   K-Folds: 5
2026-06-02 20:46:04,602 -   Patience: 5
2026-06-02 20:46:04,602 -   Early Stop Metric: MCC
2026-06-02 20:46:04,602 -   Node Feature Dimension: 1280
2026-06-02 20:46:04,602 -   Sequence Feature Dimension: 21 (20 AA + 1 X)
2026-06-02 20:46:04,602 -   Hidden Dimension: 128
2026-06-02 20:46:04,602 -   LR Scheduler: ReduceLROnPlateau(factor=0.5, patience=3, min_lr=1e-06)
2026-06-02 20:46:04,602 -   Cross-Validation: GroupKFold (group = protein name)
2026-06-02 20:46:04,602 - ============================================================
2026-06-02 20:46:04,602 - Loading training data from data/train_embedding_graph.pt...
2026-06-02 20:46:07,148 - Number of unique proteins (groups): 1012
2026-06-02 20:46:07,148 - Proteins: AASDH, AATF, ABCF1, ABCF2, ABCF3, ABITRAM, ABRAXAS1, ACADVL, ACAT1, ACIN1, ACLY, ACO2, ACOT13, ACOT9, ACSF2, ADAR, ADNP, AFF4, AGFG2, AGGF1, AHCYL2, AHSA1, AIF1L, AKAP8L, ALDH18A1, ALDH9A1, ALDOA, ALG9, ALKBH3, ALKBH5, ALYREF, ANLN, ANXA2, APBB1, APEX1, APIP, ARFGAP1, ARFGAP2, ARFIP1, ARID3A, ARID4B, ARL3, ARL6IP4, ARMC1, ARPC2, ARPC5, ARPIN, ASPSCR1, ATF7IP, ATG12, ATP5F1A, ATP5F1B, ATP5IF1, ATP5PD, ATP5PO, ATP6V1E1, ATP6V1G1, ATPAF1, ATXN2L, ATXN3, AUH, AURKA, BAG2, BBS9, BBX, BCLAF1, BLNK, BMS1, BRD2, BRD4, BRIX1, BRPF1, BTF3, BUB1B, BUD23, BUD31, C12orf45, C16orf87, C19orf47, C19orf53, C1orf131, C1orf174, C1orf198, C1orf52, C7orf50, C9orf78, CACYBP, CALD1, CALU, CANX, CAPZA1, CAPZB, CAST, CAVIN1, CBFB, CBX5, CC2D1A, CCDC117, CCDC124, CCDC137, CCDC59, CCDC71, CCDC82, CCDC86, CCNH, CCNK, CCNT1, CCT2, CCT3, CCT5, CCT8, CD2BP2, CDC37, CDC40, CDC5L, CDC73, CDCA2, CDK7, CDK9, CDKN2AIP, CDV3, CDYL, CENPV, CEP131, CFL1, CHAF1A, CHAF1B, CHAMP1, CHERP, CHMP1B, CHMP2A, CHMP2B, CHMP4B, CHMP5, CHRAC1, CHTOP, CIAPIN1, CKAP2L, CKS2, CLASRP, CLINT1, CMAS, CMTR1, CNN3, CNP, COIL, COPS7A, CORO1B, CPNE1, CPSF3, CREB1, CRIPT, CRNKL1, CRTC3, CS, CSNK2B, CSRP1, CTCF, CTDP1, CTTN, CUEDC2, CUL1, CUL3, CWC15, CWC22, CWC27, CXorf56, CYCS, CZIB, DAXX, DBNL, DBR1, DBT, DCPS, DCUN1D5, DDA1, DDB1, DDB2, DDHD1, DDX10, DDX17, DDX18, DDX21, DDX23, DDX24, DDX27, DDX31, DDX39B, DDX41, DDX42, DDX46, DDX47, DDX52, DEK, DFFA, DGCR8, DHX16, DHX36, DHX37, DHX38, DHX9, DIEXF, DIMT1, DIS3, DKC1, DLAT, DLG3, DLGAP4, DNAJA3, DNAJB1, DNAJC17, DNAJC8, DNTTIP2, DPF2, DR1, DRAP1, DTD1, DUS1L, DUS3L, DUT, EAF1, EBAG9, EBNA1BP2, ECHDC1, ECI1, ECI2, ECT2, EDC3, EDF1, EED, EEF1G, EHMT1, EIF1AD, EIF1AX, EIF2B3, EIF2S2, EIF3A, EIF3CL, EIF3D, EIF3E, EIF3G, EIF3J, EIF4A3, EIF4EBP1, EIF4G2, EIF4H, EIF5, EIF5A, EIF5B, ELAC2, ELAVL1, ELOA, ELOF1, EMD, EML4, EMSY, ENO1, ENSA, EPB41L2, EPC2, ERCC3, ERF, ESF1, ESRRA, ETFA, ETFB, EXOC1, EXOSC10, EYA3, FABP5, FAIM, FAM126A, FAM133B, FAM50A, FAM76B, FANCI, FBXO45, FEN1, FER, FH, FHL1, FIP1L1, FKBP3, FKBP4, FLYWCH2, FMC1, FNBP4, FOXK2, FRG1, G3BP1, GABPA, GATAD2A, GATB, GFM2, GGCX, GIGYF2, GINS3, GIPC1, GLRA1, GLS, GMNN, GMPR2, GNL3, GNL3L, GOT2, GPALPP1, GPATCH1, GPATCH11, GPI, GPKOW, GRPEL1, GSE1, GTF2E2, GTF2F1, GTF2F2, GTF2H1, GTF2I, GTF3C2, GTF3C4, GTF3C5, GTPBP1, GTSE1, H2BC18, H3C1, H4C1, HADHA, HADHB, HAT1, HDAC2, HDGFL2, HDLBP, HEATR3, HELLS, HEXIM1, HIBCH, HIC2, HINT1, HIRIP3, HLTF, HMBS, HMG20A, HMGA2, HMGN1, HMOX2, HNRNPA1, HNRNPC, HNRNPDL, HNRNPH1, HNRNPK, HNRNPL, HNRNPM, HNRNPR, HNRNPU, HSP90AA1, HSP90AB2P, HSPA4, HSPA9, HSPD1, HSPE1, IARS2, ICE2, IDH2, IGHMBP2, IK, ILF3, ILKAP, INCENP, INIP, INO80B, INTS10, INTS12, INTS4, IRF2, IRF2BP1, IRF2BP2, IWS1, JADE3, JPH2, JPT1, JPT2, KARS1, KAT7, KCTD16, KDM2B, KDM4A, KHDC4, KHDRBS1, KHSRP, KIAA1143, KIF22, KIF23, KIF2A, KIF4A, KIF5B, KIFC1, KIN, KPNA1, KRI1, KRR1, LARP1, LARP7, LASP1, LCORL, LDHA, LEMD3, LIG1, LIMA1, LMNA, LPP, LRPPRC, LRRC40, LRRC41, LRRC59, LSM14A, LUZP1, LYAR, LYSMD3, LZTS2, MACROD1, MACROH2A1, MAGED1, MAGED2, MAGOHB, MAP2K7, MAP4, MAPK13, MAPRE3, MASTL, MATR3, MB21D2, MBD1, MBD2, MCEE, MCM3, MCRS1, MCU, MDH2, ME2, MEAF6, MECP2, MED27, MED4, MED6, MEN1, MEPCE, METTL1, METTL16, MFAP1, MIDEAS, MKRN2, MLH1, MMAB, MMTAG2, MNAT1, MOB3A, MORF4L1, MPHOSPH6, MPHOSPH8, MRE11, MRPL12, MRPL44, MRPL47, MRPS28, MRTO4, MSH2, MSH6, MSL1, MSL3P1, MTA1, MTHFD1L, MTHFD2, MTREX, MVD, MYBBP1A, MYBL2, MYL6B, MYO6, N4BP1, NAB2, NACC1, NAMPT, NASP, NAT10, NBN, NCAPG, NCAPH, NCAPH2, NCBP1, NCBP3, NCK2, NCKAP1, NCL, NDUFAF4, NDUFAF7, NDUFV3, NEBL, NECAP1, NEFL, NELFA, NELFE, NEXN, NFIA, NFX1, NFYA, NHLRC2, NIFK, NIPSNAP3A, NKAP, NKIRAS2, NKRF, NNT, NOC3L, NOL11, NOL6, NOL7, NOL8, NOP14, NOP2, NOP56, NOP58, NOP9, NOSIP, NPM1, NSD2, NSFL1C, NSMCE4A, NSRP1, NUCKS1, NUDC, NUDT21, NUFIP2, NUP50, NUSAP1, NVL, OAT, OBI1, OCIAD1, OCLN, OGFR, OGT, OR4Q3, ORC2, ORC3, ORC4, OSBPL8, OTUD3, OTUD5, OTUD7B, OXCT1, PA2G4, PACS1, PAICS, PAK1IP1, PAPSS1, PARD3, PARN, PARP1, PARVB, PATZ1, PAWR, PAXIP1, PAXX, PBK, PCBP2, PCGF1, PCLAF, PCNA, PCNP, PDAP1, PDCD4, PDCD5, PDCL3, PDHA1, PDLIM1, PDLIM3, PDLIM5, PELP1, PES1, PFDN2, PFKP, PGAM1, PHAX, PHB2, PHC1, PHC2, PHC3, PHF10, PHF2, PHF20L1, PHF21A, PHF23, PHF5A, PHF6, PHLDB2, PIN4, PKN2, PLK1, PLS3, PML, PMPCB, PMS2, PNKP, PNN, PNPT1, POC5, POLA2, POLD1, POLD2, POLD3, POLD4, POLE4, POLR1G, POM121, PPA2, PPAN, PPFIA1, PPIL2, PPIL4, PPM1G, PPME1, PPP1CA, PPP1R11, PPP1R14C, PPP1R2, PPP2R5D, PPP4R3A, PPWD1, PQBP1, PRCC, PRDX3, PRKRIP1, PRMT5, PRORP, PRPF3, PRPF31, PRPF38B, PRPF4, PRPF6, PRR15, PRR3, PSIP1, PSMA8, PSMD3, PSMD4, PSMD9, PSME3IP1, PTBP1, PTCD3, PTMS, PTPN11, PTPN2, PTRHD1, PUF60, PUM3, PWP2, PWWP2A, PYROXD1, QRICH1, RACGAP1, RAD17, RAD21, RAD51AP1, RAN, RANBP3, RB1, RBBP4, RBBP5, RBM10, RBM14, RBM15, RBM17, RBM20, RBM22, RBM25, RBM26, RBM27, RBM28, RBM33, RBM39, RBM6, RBMX, RCC1, RCC2, RDX, RECQL, RECQL5, REXO1, REXO2, RFC1, RFX5, RIOX2, RNASEH2B, RNF113A, RNF114, RNF169, RNF40, RNGTT, RNMT, RPA1, RPAP2, RPL10, RPL10A, RPL11, RPL13, RPL14, RPL17, RPL18A, RPL19, RPL21, RPL22, RPL23A, RPL24, RPL27, RPL27A, RPL28, RPL29, RPL3, RPL30, RPL31, RPL34, RPL36, RPL4, RPL5, RPL7A, RPL7L1, RPL9, RPP30, RPP38, RPS10, RPS11, RPS14, RPS19, RPS20, RPS23, RPS25, RPS27A, RPS3, RPS3A, RPS4X, RPS6, RPS6KA4, RPS6KB1, RPS7, RPS8, RPS9, RPSA, RRN3, RRP12, RRP1B, RRP8, RRS1, RSBN1L, RSL1D1, RSRC2, RTEL1, RTF1, RTF2, RTKN, RYBP, S100A10, S100A11, SAE1, SAFB2, SAMHD1, SAP30, SAP30BP, SARNP, SARS2, SART1, SART3, SATB2, SCML2, SCNM1, SDAD1, SDHA, SEC61B, SEC63, SELENOH, SENP3, SENP6, SEPTIN2, SEPTIN9, SERF2, SET, SETD3, SETDB1, SF1, SF3A1, SF3A2, SF3A3, SF3B1, SF3B2, SFMBT1, SFPQ, SH3GL1, SH3GLB1, SHMT2, SIN3A, SIN3B, SINHCAF, SIRPA, SLBP, SLC25A3, SLC25A5, SLC27A4, SLC4A1AP, SLC6A7, SLTM, SLU7, SMAP, SMARCA1, SMARCAD1, SMARCAL1, SMARCC2, SMC3, SMC4, SMC5, SMN1, SMNDC1, SNCA, SNF8, SNRNP27, SNRNP40, SNRPA, SNRPA1, SNRPE, SNW1, SNX6, SNX9, SOD2, SPAG7, SPART, SPECC1L, SRBD1, SREK1, SRP14, SRRM1, SRSF10, SRSF3, SRSF4, SS18, SSB, SSRP1, STAG1, STARD13, STAT6, STIM1, STIP1, STK38L, STMN2, STOML2, STRN3, STT3B, SUB1, SUCLA2, SUDS3, SUGP1, SUGP2, SUMO2, SUPT16H, SUPT5H, SURF6, SUZ12, SYMPK, TAF3, TAF6L, TAGLN2, TASP1, TBC1D13, TBC1D24, TBCB, TBL3, TCF19, TCF25, TCF3, TDP1, TERF2, TERF2IP, TES, TESK2, TEX10, TFIP11, THAP12, THAP4, THOC5, THRAP3, THUMPD1, THUMPD2, THYN1, TIMELESS, TIMM44, TK1, TLE3, TLK2, TMA16, TMLHE, TMPO, TOM1L1, TOP1, TOX4, TP53I11, TP73, TPX2, TRA2B, TRIM28, TRIM33, TRIR, TRMT1, TRMT10A, TRMT6, TRPS1, TSNAX, TSR1, TTC12, TTC33, TTLL12, TUFM, TUT1, TXNDC9, U2SURP, UBA1, UBE2E3, UBE2K, UBE2M, UBE2S, UBE2V2, UBN1, UBXN1, UBXN7, UHRF1, UIMC1, UNC119B, UNC45A, UPF1, UQCRC2, USP10, USP13, USP22, USP48, UTP11, UTP14A, UTP18, UTP3, VCPIP1, VPS33B, VPS72, VRK1, WAC, WAPL, WBP11, WBP4, WDHD1, WDR12, WDR33, WDR4, WDR43, WDR45B, WDR46, WDR70, WIZ, XPC, XPO5, XRCC4, XRCC5, XRCC6, YAP1, YARS1, YTHDC1, YWHAH, YY1, ZBTB34, ZBTB4, ZBTB7A, ZBTB7B, ZC3H11A, ZC3H14, ZC3H15, ZC3H4, ZC3H8, ZC3HC1, ZCCHC8, ZFAND6, ZFP91, ZFR, ZHX3, ZMAT2, ZMYM3, ZMYND8, ZNF148, ZNF174, ZNF207, ZNF217, ZNF280C, ZNF326, ZNF384, ZNF512, ZNF512B, ZNF516, ZNF592, ZNF618, ZNF639, ZNF644, ZNF687, ZNF706, ZNF787, ZNF800, ZNF804B, ZNF830, ZRANB1, ZRANB2, ZYX, ZZZ3
2026-06-02 20:46:07,161 - ===== Fold 1/5 (train proteins: 809, val proteins: 203) =====
2026-06-02 20:46:08,346 - Epoch 1/200 - LR: 0.0001 - Train Loss: 0.6969 - Val Loss: 0.6860
2026-06-02 20:46:09,514 - Epoch 2/200 - LR: 0.0001 - Train Loss: 0.6878 - Val Loss: 0.6631
2026-06-02 20:46:10,721 - Epoch 3/200 - LR: 0.0001 - Train Loss: 0.6747 - Val Loss: 0.6111
2026-06-02 20:46:11,840 - Epoch 4/200 - LR: 0.0001 - Train Loss: 0.6252 - Val Loss: 0.5986
2026-06-02 20:46:12,973 - Epoch 5/200 - LR: 0.0001 - Train Loss: 0.5784 - Val Loss: 0.5826
2026-06-02 20:46:14,252 - Epoch 6/200 - LR: 0.0001 - Train Loss: 0.5502 - Val Loss: 0.5768
2026-06-02 20:46:15,642 - Epoch 7/200 - LR: 0.0001 - Train Loss: 0.5348 - Val Loss: 0.6080
2026-06-02 20:46:16,922 - Epoch 8/200 - LR: 0.0001 - Train Loss: 0.5246 - Val Loss: 0.5623
2026-06-02 20:46:18,137 - Epoch 9/200 - LR: 0.0001 - Train Loss: 0.5026 - Val Loss: 0.5503
2026-06-02 20:46:19,414 - Epoch 10/200 - LR: 0.0001 - Train Loss: 0.4862 - Val Loss: 0.5558
2026-06-02 20:46:20,617 - Epoch 11/200 - LR: 0.0001 - Train Loss: 0.4779 - Val Loss: 0.6030
2026-06-02 20:46:21,909 - Epoch 12/200 - LR: 0.0001 - Train Loss: 0.4648 - Val Loss: 0.5384
2026-06-02 20:46:23,179 - Epoch 13/200 - LR: 0.0001 - Train Loss: 0.4283 - Val Loss: 0.5630
2026-06-02 20:46:24,347 - Epoch 14/200 - LR: 0.0001 - Train Loss: 0.4153 - Val Loss: 0.5802
2026-06-02 20:46:25,597 - Epoch 15/200 - LR: 0.0001 - Train Loss: 0.4190 - Val Loss: 0.5708
2026-06-02 20:46:26,802 - Epoch 16/200 - LR: 0.0001 - Train Loss: 0.3947 - Val Loss: 0.5660
2026-06-02 20:46:28,025 - Epoch 17/200 - LR: 0.0001 - Train Loss: 0.3697 - Val Loss: 0.5675
2026-06-02 20:46:29,295 - Epoch 18/200 - LR: 0.0001 - Train Loss: 0.3647 - Val Loss: 0.6070
2026-06-02 20:46:30,491 - Epoch 19/200 - LR: 0.0001 - Train Loss: 0.3639 - Val Loss: 0.5722
2026-06-02 20:46:31,677 - Epoch 20/200 - LR: 0.0001 - Train Loss: 0.3295 - Val Loss: 0.6095
2026-06-02 20:46:32,883 - Epoch 21/200 - LR: 0.0001 - Train Loss: 0.3127 - Val Loss: 0.6806
2026-06-02 20:46:34,058 - Epoch 22/200 - LR: 5e-05 - Train Loss: 0.3159 - Val Loss: 0.6277
2026-06-02 20:46:34,058 - Early stopping at epoch 22 (best MCC=0.5387)
2026-06-02 20:46:34,058 - Fold 1 Best Metrics:
2026-06-02 20:46:34,058 -   MCC       : 0.5387
2026-06-02 20:46:34,058 -   SN        : 0.8026
2026-06-02 20:46:34,058 -   SP        : 0.7343
2026-06-02 20:46:34,058 -   ACC       : 0.7701
2026-06-02 20:46:34,058 -   BACC      : 0.7685
2026-06-02 20:46:34,059 -   PRECISION : 0.7689
2026-06-02 20:46:34,059 -   F1        : 0.7854
2026-06-02 20:46:34,059 -   AUC       : 0.8344
2026-06-02 20:46:34,059 -   AUCPR     : 0.8404
2026-06-02 20:46:34,066 - ===== Fold 2/5 (train proteins: 810, val proteins: 202) =====
2026-06-02 20:46:35,345 - Epoch 1/200 - LR: 0.0001 - Train Loss: 0.6994 - Val Loss: 0.6935
2026-06-02 20:46:36,680 - Epoch 2/200 - LR: 0.0001 - Train Loss: 0.6953 - Val Loss: 0.6903
2026-06-02 20:46:37,896 - Epoch 3/200 - LR: 0.0001 - Train Loss: 0.6917 - Val Loss: 0.6811
2026-06-02 20:46:39,220 - Epoch 4/200 - LR: 0.0001 - Train Loss: 0.6917 - Val Loss: 0.6670
2026-06-02 20:46:40,522 - Epoch 5/200 - LR: 0.0001 - Train Loss: 0.6763 - Val Loss: 0.6200
2026-06-02 20:46:41,812 - Epoch 6/200 - LR: 0.0001 - Train Loss: 0.6401 - Val Loss: 0.5842
2026-06-02 20:46:43,159 - Epoch 7/200 - LR: 0.0001 - Train Loss: 0.5792 - Val Loss: 0.5591
2026-06-02 20:46:44,343 - Epoch 8/200 - LR: 0.0001 - Train Loss: 0.5421 - Val Loss: 0.5471
2026-06-02 20:46:45,582 - Epoch 9/200 - LR: 0.0001 - Train Loss: 0.5234 - Val Loss: 0.5643
2026-06-02 20:46:46,691 - Epoch 10/200 - LR: 0.0001 - Train Loss: 0.5079 - Val Loss: 0.5190
2026-06-02 20:46:47,775 - Epoch 11/200 - LR: 0.0001 - Train Loss: 0.4860 - Val Loss: 0.5273
2026-06-02 20:46:48,845 - Epoch 12/200 - LR: 0.0001 - Train Loss: 0.4741 - Val Loss: 0.5079
2026-06-02 20:46:49,911 - Epoch 13/200 - LR: 0.0001 - Train Loss: 0.4456 - Val Loss: 0.5544
2026-06-02 20:46:51,183 - Epoch 14/200 - LR: 0.0001 - Train Loss: 0.4418 - Val Loss: 0.5176
2026-06-02 20:46:52,552 - Epoch 15/200 - LR: 0.0001 - Train Loss: 0.4133 - Val Loss: 0.5209
2026-06-02 20:46:53,760 - Epoch 16/200 - LR: 0.0001 - Train Loss: 0.3901 - Val Loss: 0.5252
2026-06-02 20:46:54,964 - Epoch 17/200 - LR: 0.0001 - Train Loss: 0.3883 - Val Loss: 0.5421
2026-06-02 20:46:56,158 - Epoch 18/200 - LR: 0.0001 - Train Loss: 0.3815 - Val Loss: 0.5502
2026-06-02 20:46:57,352 - Epoch 19/200 - LR: 5e-05 - Train Loss: 0.3567 - Val Loss: 0.5577
2026-06-02 20:46:57,352 - Early stopping at epoch 19 (best MCC=0.5558)
2026-06-02 20:46:57,352 - Fold 2 Best Metrics:
2026-06-02 20:46:57,352 -   MCC       : 0.5558
2026-06-02 20:46:57,352 -   SN        : 0.7747
2026-06-02 20:46:57,352 -   SP        : 0.7811
2026-06-02 20:46:57,352 -   ACC       : 0.7779
2026-06-02 20:46:57,352 -   BACC      : 0.7779
2026-06-02 20:46:57,352 -   PRECISION : 0.7801
2026-06-02 20:46:57,352 -   F1        : 0.7774
2026-06-02 20:46:57,352 -   AUC       : 0.8510
2026-06-02 20:46:57,353 -   AUCPR     : 0.8355
2026-06-02 20:46:57,354 - ===== Fold 3/5 (train proteins: 810, val proteins: 202) =====
2026-06-02 20:46:58,616 - Epoch 1/200 - LR: 0.0001 - Train Loss: 0.6941 - Val Loss: 0.6911
2026-06-02 20:46:59,887 - Epoch 2/200 - LR: 0.0001 - Train Loss: 0.6937 - Val Loss: 0.6799
2026-06-02 20:47:01,103 - Epoch 3/200 - LR: 0.0001 - Train Loss: 0.6851 - Val Loss: 0.6543
2026-06-02 20:47:02,341 - Epoch 4/200 - LR: 0.0001 - Train Loss: 0.6687 - Val Loss: 0.5906
2026-06-02 20:47:03,586 - Epoch 5/200 - LR: 0.0001 - Train Loss: 0.6138 - Val Loss: 0.5567
2026-06-02 20:47:04,722 - Epoch 6/200 - LR: 0.0001 - Train Loss: 0.5760 - Val Loss: 0.5382
2026-06-02 20:47:05,979 - Epoch 7/200 - LR: 0.0001 - Train Loss: 0.5623 - Val Loss: 0.5195
2026-06-02 20:47:07,148 - Epoch 8/200 - LR: 0.0001 - Train Loss: 0.5343 - Val Loss: 0.5010
2026-06-02 20:47:08,208 - Epoch 9/200 - LR: 0.0001 - Train Loss: 0.5093 - Val Loss: 0.4928
2026-06-02 20:47:09,243 - Epoch 10/200 - LR: 0.0001 - Train Loss: 0.4891 - Val Loss: 0.4880
2026-06-02 20:47:10,340 - Epoch 11/200 - LR: 0.0001 - Train Loss: 0.4776 - Val Loss: 0.4851
2026-06-02 20:47:11,423 - Epoch 12/200 - LR: 0.0001 - Train Loss: 0.4666 - Val Loss: 0.4791
2026-06-02 20:47:12,621 - Epoch 13/200 - LR: 0.0001 - Train Loss: 0.4512 - Val Loss: 0.4866
2026-06-02 20:47:13,822 - Epoch 14/200 - LR: 0.0001 - Train Loss: 0.4297 - Val Loss: 0.5028
2026-06-02 20:47:14,973 - Epoch 15/200 - LR: 0.0001 - Train Loss: 0.4190 - Val Loss: 0.5811
2026-06-02 20:47:16,124 - Epoch 16/200 - LR: 0.0001 - Train Loss: 0.4100 - Val Loss: 0.5103
2026-06-02 20:47:17,303 - Epoch 17/200 - LR: 0.0001 - Train Loss: 0.3902 - Val Loss: 0.5048
2026-06-02 20:47:18,458 - Epoch 18/200 - LR: 5e-05 - Train Loss: 0.3823 - Val Loss: 0.5096
2026-06-02 20:47:18,458 - Early stopping at epoch 18 (best MCC=0.5911)
2026-06-02 20:47:18,458 - Fold 3 Best Metrics:
2026-06-02 20:47:18,458 -   MCC       : 0.5911
2026-06-02 20:47:18,458 -   SN        : 0.8326
2026-06-02 20:47:18,458 -   SP        : 0.7564
2026-06-02 20:47:18,458 -   ACC       : 0.7952
2026-06-02 20:47:18,458 -   BACC      : 0.7945
2026-06-02 20:47:18,458 -   PRECISION : 0.7797
2026-06-02 20:47:18,458 -   F1        : 0.8053
2026-06-02 20:47:18,458 -   AUC       : 0.8654
2026-06-02 20:47:18,458 -   AUCPR     : 0.8712
2026-06-02 20:47:18,460 - ===== Fold 4/5 (train proteins: 810, val proteins: 202) =====
2026-06-02 20:47:19,737 - Epoch 1/200 - LR: 0.0001 - Train Loss: 0.6972 - Val Loss: 0.6862
2026-06-02 20:47:20,980 - Epoch 2/200 - LR: 0.0001 - Train Loss: 0.6882 - Val Loss: 0.6709
2026-06-02 20:47:22,260 - Epoch 3/200 - LR: 0.0001 - Train Loss: 0.6678 - Val Loss: 0.6373
2026-06-02 20:47:23,581 - Epoch 4/200 - LR: 0.0001 - Train Loss: 0.6143 - Val Loss: 0.6075
2026-06-02 20:47:24,946 - Epoch 5/200 - LR: 0.0001 - Train Loss: 0.5637 - Val Loss: 0.5935
2026-06-02 20:47:26,235 - Epoch 6/200 - LR: 0.0001 - Train Loss: 0.5445 - Val Loss: 0.5657
2026-06-02 20:47:27,437 - Epoch 7/200 - LR: 0.0001 - Train Loss: 0.5188 - Val Loss: 0.5465
2026-06-02 20:47:28,631 - Epoch 8/200 - LR: 0.0001 - Train Loss: 0.5136 - Val Loss: 0.5662
2026-06-02 20:47:29,838 - Epoch 9/200 - LR: 0.0001 - Train Loss: 0.4785 - Val Loss: 0.5421
2026-06-02 20:47:31,181 - Epoch 10/200 - LR: 0.0001 - Train Loss: 0.4696 - Val Loss: 0.5243
2026-06-02 20:47:32,454 - Epoch 11/200 - LR: 0.0001 - Train Loss: 0.4563 - Val Loss: 0.5394
2026-06-02 20:47:33,734 - Epoch 12/200 - LR: 0.0001 - Train Loss: 0.4475 - Val Loss: 0.5208
2026-06-02 20:47:35,002 - Epoch 13/200 - LR: 0.0001 - Train Loss: 0.4127 - Val Loss: 0.5395
2026-06-02 20:47:36,184 - Epoch 14/200 - LR: 0.0001 - Train Loss: 0.4071 - Val Loss: 0.5298
2026-06-02 20:47:37,405 - Epoch 15/200 - LR: 0.0001 - Train Loss: 0.3960 - Val Loss: 0.5576
2026-06-02 20:47:38,682 - Epoch 16/200 - LR: 0.0001 - Train Loss: 0.3831 - Val Loss: 0.5493
2026-06-02 20:47:39,996 - Epoch 17/200 - LR: 5e-05 - Train Loss: 0.3599 - Val Loss: 0.5685
2026-06-02 20:47:39,996 - Early stopping at epoch 17 (best MCC=0.5790)
2026-06-02 20:47:39,996 - Fold 4 Best Metrics:
2026-06-02 20:47:39,996 -   MCC       : 0.5790
2026-06-02 20:47:39,996 -   SN        : 0.8427
2026-06-02 20:47:39,996 -   SP        : 0.7336
2026-06-02 20:47:39,996 -   ACC       : 0.7871
2026-06-02 20:47:39,996 -   BACC      : 0.7882
2026-06-02 20:47:39,996 -   PRECISION : 0.7526
2026-06-02 20:47:39,996 -   F1        : 0.7951
2026-06-02 20:47:39,996 -   AUC       : 0.8421
2026-06-02 20:47:39,996 -   AUCPR     : 0.8312
2026-06-02 20:47:39,998 - ===== Fold 5/5 (train proteins: 809, val proteins: 203) =====
2026-06-02 20:47:41,325 - Epoch 1/200 - LR: 0.0001 - Train Loss: 0.6924 - Val Loss: 0.6813
2026-06-02 20:47:42,579 - Epoch 2/200 - LR: 0.0001 - Train Loss: 0.6900 - Val Loss: 0.6624
2026-06-02 20:47:43,884 - Epoch 3/200 - LR: 0.0001 - Train Loss: 0.6691 - Val Loss: 0.6111
2026-06-02 20:47:45,150 - Epoch 4/200 - LR: 0.0001 - Train Loss: 0.6310 - Val Loss: 0.5642
2026-06-02 20:47:46,508 - Epoch 5/200 - LR: 0.0001 - Train Loss: 0.5876 - Val Loss: 0.5396
2026-06-02 20:47:47,815 - Epoch 6/200 - LR: 0.0001 - Train Loss: 0.5603 - Val Loss: 0.5175
2026-06-02 20:47:49,044 - Epoch 7/200 - LR: 0.0001 - Train Loss: 0.5416 - Val Loss: 0.5003
2026-06-02 20:47:50,216 - Epoch 8/200 - LR: 0.0001 - Train Loss: 0.5348 - Val Loss: 0.5088
2026-06-02 20:47:51,482 - Epoch 9/200 - LR: 0.0001 - Train Loss: 0.5157 - Val Loss: 0.4968
2026-06-02 20:47:52,738 - Epoch 10/200 - LR: 0.0001 - Train Loss: 0.4966 - Val Loss: 0.4665
2026-06-02 20:47:54,038 - Epoch 11/200 - LR: 0.0001 - Train Loss: 0.4798 - Val Loss: 0.4776
2026-06-02 20:47:55,271 - Epoch 12/200 - LR: 0.0001 - Train Loss: 0.4575 - Val Loss: 0.4739
2026-06-02 20:47:56,479 - Epoch 13/200 - LR: 0.0001 - Train Loss: 0.4537 - Val Loss: 0.4890
2026-06-02 20:47:57,687 - Epoch 14/200 - LR: 0.0001 - Train Loss: 0.4168 - Val Loss: 0.4977
2026-06-02 20:47:58,887 - Epoch 15/200 - LR: 0.0001 - Train Loss: 0.4173 - Val Loss: 0.4854
2026-06-02 20:48:00,203 - Epoch 16/200 - LR: 0.0001 - Train Loss: 0.4099 - Val Loss: 0.4991
2026-06-02 20:48:01,525 - Epoch 17/200 - LR: 0.0001 - Train Loss: 0.3808 - Val Loss: 0.5075
2026-06-02 20:48:02,857 - Epoch 18/200 - LR: 0.0001 - Train Loss: 0.3755 - Val Loss: 0.5118
2026-06-02 20:48:04,122 - Epoch 19/200 - LR: 0.0001 - Train Loss: 0.3505 - Val Loss: 0.5489
2026-06-02 20:48:05,572 - Epoch 20/200 - LR: 5e-05 - Train Loss: 0.3504 - Val Loss: 0.5318
2026-06-02 20:48:05,572 - Early stopping at epoch 20 (best MCC=0.5990)
2026-06-02 20:48:05,572 - Fold 5 Best Metrics:
2026-06-02 20:48:05,572 -   MCC       : 0.5990
2026-06-02 20:48:05,572 -   SN        : 0.8406
2026-06-02 20:48:05,572 -   SP        : 0.7582
2026-06-02 20:48:05,572 -   ACC       : 0.7975
2026-06-02 20:48:05,572 -   BACC      : 0.7994
2026-06-02 20:48:05,572 -   PRECISION : 0.7598
2026-06-02 20:48:05,572 -   F1        : 0.7982
2026-06-02 20:48:05,572 -   AUC       : 0.8657
2026-06-02 20:48:05,572 -   AUCPR     : 0.8474
2026-06-02 20:48:05,572 - ==============================
2026-06-02 20:48:05,572 - Cross-Validation Results:
2026-06-02 20:48:05,573 -   MCC       : 0.573 ± 0.022
2026-06-02 20:48:05,573 -   SN        : 0.819 ± 0.026
2026-06-02 20:48:05,573 -   SP        : 0.753 ± 0.018
2026-06-02 20:48:05,573 -   ACC       : 0.786 ± 0.010
2026-06-02 20:48:05,573 -   BACC      : 0.786 ± 0.011
2026-06-02 20:48:05,573 -   PRECISION : 0.768 ± 0.011
2026-06-02 20:48:05,573 -   F1        : 0.792 ± 0.010
2026-06-02 20:48:05,573 -   AUC       : 0.852 ± 0.012
2026-06-02 20:48:05,573 -   AUCPR     : 0.845 ± 0.014
2026-06-02 20:48:05,573 - ==============================
2026-06-02 20:48:05,573 - Evaluating ensemble on test set...
2026-06-02 20:48:06,284 - Final Test Metrics (Ensemble):
2026-06-02 20:48:06,285 -   MCC       : 0.629
2026-06-02 20:48:06,285 -   SN        : 0.820
2026-06-02 20:48:06,285 -   SP        : 0.808
2026-06-02 20:48:06,285 -   ACC       : 0.814
2026-06-02 20:48:06,285 -   BACC      : 0.814
2026-06-02 20:48:06,285 -   PRECISION : 0.810
2026-06-02 20:48:06,285 -   F1        : 0.815
2026-06-02 20:48:06,285 -   AUC       : 0.882
2026-06-02 20:48:06,285 -   AUCPR     : 0.892
