2026-04-15 22:24:44,792 - ==============================
2026-04-15 22:24:44,792 - OneHot Model Training
2026-04-15 22:24:44,792 - ==============================
2026-04-15 22:24:44,793 - Hyperparameters:
2026-04-15 22:24:44,793 - Batch Size: 128
2026-04-15 22:24:44,793 - Learning Rate: 5e-05
2026-04-15 22:24:44,793 - Weight Decay: 0.01
2026-04-15 22:24:44,793 - Epochs: 200
2026-04-15 22:24:44,793 - K-Folds: 5
2026-04-15 22:24:44,793 - Patience: 5
2026-04-15 22:24:44,793 - Early Stop Metric: MCC
2026-04-15 22:24:44,793 - Sequence Feature Dimension: 21 (20 AA + 1 X)
2026-04-15 22:24:44,793 - Hidden Dimension: 128
2026-04-15 22:24:44,793 - LR Scheduler: ReduceLROnPlateau(factor=0.5, patience=3, min_lr=1e-06)
2026-04-15 22:24:44,793 - ==============================
2026-04-15 22:24:44,793 - Loading training data from data/train_embedding_graph.pt...
2026-04-15 22:24:47,322 - ===== Fold 1/5 =====
2026-04-15 22:24:49,768 - Epoch 1/200 - LR: 5e-05 - Train Loss: 0.6945 - Val Loss: 0.6926
2026-04-15 22:24:51,739 - Epoch 2/200 - LR: 5e-05 - Train Loss: 0.6931 - Val Loss: 0.6914
2026-04-15 22:24:53,844 - Epoch 3/200 - LR: 5e-05 - Train Loss: 0.6909 - Val Loss: 0.6887
2026-04-15 22:24:55,862 - Epoch 4/200 - LR: 5e-05 - Train Loss: 0.6897 - Val Loss: 0.6862
2026-04-15 22:24:57,951 - Epoch 5/200 - LR: 5e-05 - Train Loss: 0.6864 - Val Loss: 0.6828
2026-04-15 22:24:59,857 - Epoch 6/200 - LR: 5e-05 - Train Loss: 0.6851 - Val Loss: 0.6770
2026-04-15 22:25:01,642 - Epoch 7/200 - LR: 5e-05 - Train Loss: 0.6797 - Val Loss: 0.6683
2026-04-15 22:25:03,651 - Epoch 8/200 - LR: 5e-05 - Train Loss: 0.6700 - Val Loss: 0.6532
2026-04-15 22:25:05,647 - Epoch 9/200 - LR: 5e-05 - Train Loss: 0.6556 - Val Loss: 0.6312
2026-04-15 22:25:07,646 - Epoch 10/200 - LR: 5e-05 - Train Loss: 0.6337 - Val Loss: 0.6032
2026-04-15 22:25:09,643 - Epoch 11/200 - LR: 5e-05 - Train Loss: 0.6036 - Val Loss: 0.5807
2026-04-15 22:25:11,639 - Epoch 12/200 - LR: 5e-05 - Train Loss: 0.5750 - Val Loss: 0.5670
2026-04-15 22:25:13,549 - Epoch 13/200 - LR: 5e-05 - Train Loss: 0.5659 - Val Loss: 0.5589
2026-04-15 22:25:15,643 - Epoch 14/200 - LR: 5e-05 - Train Loss: 0.5552 - Val Loss: 0.5514
2026-04-15 22:25:17,739 - Epoch 15/200 - LR: 5e-05 - Train Loss: 0.5323 - Val Loss: 0.5629
2026-04-15 22:25:19,847 - Epoch 16/200 - LR: 5e-05 - Train Loss: 0.5180 - Val Loss: 0.5512
2026-04-15 22:25:21,939 - Epoch 17/200 - LR: 5e-05 - Train Loss: 0.5170 - Val Loss: 0.5723
2026-04-15 22:25:23,848 - Epoch 18/200 - LR: 5e-05 - Train Loss: 0.4927 - Val Loss: 0.5427
2026-04-15 22:25:25,834 - Epoch 19/200 - LR: 5e-05 - Train Loss: 0.4902 - Val Loss: 0.5440
2026-04-15 22:25:27,650 - Epoch 20/200 - LR: 5e-05 - Train Loss: 0.4774 - Val Loss: 0.5655
2026-04-15 22:25:29,534 - Epoch 21/200 - LR: 5e-05 - Train Loss: 0.4743 - Val Loss: 0.5526
2026-04-15 22:25:31,246 - Epoch 22/200 - LR: 5e-05 - Train Loss: 0.4691 - Val Loss: 0.5501
2026-04-15 22:25:33,144 - Epoch 23/200 - LR: 5e-05 - Train Loss: 0.4566 - Val Loss: 0.5484
2026-04-15 22:25:34,855 - Epoch 24/200 - LR: 5e-05 - Train Loss: 0.4544 - Val Loss: 0.5752
2026-04-15 22:25:36,653 - Epoch 25/200 - LR: 5e-05 - Train Loss: 0.4460 - Val Loss: 0.5568
2026-04-15 22:25:38,550 - Epoch 26/200 - LR: 5e-05 - Train Loss: 0.4360 - Val Loss: 0.5600
2026-04-15 22:25:40,355 - Epoch 27/200 - LR: 5e-05 - Train Loss: 0.4270 - Val Loss: 0.5585
2026-04-15 22:25:42,459 - Epoch 28/200 - LR: 5e-05 - Train Loss: 0.4186 - Val Loss: 0.5589
2026-04-15 22:25:44,443 - Epoch 29/200 - LR: 5e-05 - Train Loss: 0.4153 - Val Loss: 0.5658
2026-04-15 22:25:46,646 - Epoch 30/200 - LR: 2.5e-05 - Train Loss: 0.4102 - Val Loss: 0.5681
2026-04-15 22:25:46,646 - Early stopping at epoch 30 (best MCC=0.5010)
2026-04-15 22:25:46,871 - Saved loss curve: ./models/fold_1_transformer_FiLM_onehot.png
2026-04-15 22:25:46,872 - Fold 1 Best Metrics:
2026-04-15 22:25:46,872 - MCC       : 0.5010
2026-04-15 22:25:46,872 - SN        : 0.7954
2026-04-15 22:25:46,872 - SP        : 0.7034
2026-04-15 22:25:46,872 - ACC       : 0.7494
2026-04-15 22:25:46,872 - BACC      : 0.7494
2026-04-15 22:25:46,872 - PRECISION : 0.7284
2026-04-15 22:25:46,872 - F1        : 0.7604
2026-04-15 22:25:46,872 - AUC       : 0.8259
2026-04-15 22:25:46,872 - AUCPR     : 0.8249
2026-04-15 22:25:46,872 - ===== Fold 2/5 =====
2026-04-15 22:25:48,872 - Epoch 1/200 - LR: 5e-05 - Train Loss: 0.6953 - Val Loss: 0.6927
2026-04-15 22:25:50,860 - Epoch 2/200 - LR: 5e-05 - Train Loss: 0.6927 - Val Loss: 0.6908
2026-04-15 22:25:53,038 - Epoch 3/200 - LR: 5e-05 - Train Loss: 0.6898 - Val Loss: 0.6871
2026-04-15 22:25:55,133 - Epoch 4/200 - LR: 5e-05 - Train Loss: 0.6902 - Val Loss: 0.6830
2026-04-15 22:25:57,157 - Epoch 5/200 - LR: 5e-05 - Train Loss: 0.6870 - Val Loss: 0.6783
2026-04-15 22:25:59,233 - Epoch 6/200 - LR: 5e-05 - Train Loss: 0.6817 - Val Loss: 0.6706
2026-04-15 22:26:01,354 - Epoch 7/200 - LR: 5e-05 - Train Loss: 0.6799 - Val Loss: 0.6605
2026-04-15 22:26:03,143 - Epoch 8/200 - LR: 5e-05 - Train Loss: 0.6719 - Val Loss: 0.6440
2026-04-15 22:26:05,260 - Epoch 9/200 - LR: 5e-05 - Train Loss: 0.6607 - Val Loss: 0.6217
2026-04-15 22:26:07,443 - Epoch 10/200 - LR: 5e-05 - Train Loss: 0.6431 - Val Loss: 0.5957
2026-04-15 22:26:09,538 - Epoch 11/200 - LR: 5e-05 - Train Loss: 0.6189 - Val Loss: 0.5681
2026-04-15 22:26:11,552 - Epoch 12/200 - LR: 5e-05 - Train Loss: 0.5895 - Val Loss: 0.5476
2026-04-15 22:26:13,641 - Epoch 13/200 - LR: 5e-05 - Train Loss: 0.5748 - Val Loss: 0.5369
2026-04-15 22:26:15,655 - Epoch 14/200 - LR: 5e-05 - Train Loss: 0.5505 - Val Loss: 0.5324
2026-04-15 22:26:17,851 - Epoch 15/200 - LR: 5e-05 - Train Loss: 0.5428 - Val Loss: 0.5284
2026-04-15 22:26:19,943 - Epoch 16/200 - LR: 5e-05 - Train Loss: 0.5315 - Val Loss: 0.5290
2026-04-15 22:26:22,042 - Epoch 17/200 - LR: 5e-05 - Train Loss: 0.5190 - Val Loss: 0.5213
2026-04-15 22:26:24,144 - Epoch 18/200 - LR: 5e-05 - Train Loss: 0.5204 - Val Loss: 0.5232
2026-04-15 22:26:26,345 - Epoch 19/200 - LR: 5e-05 - Train Loss: 0.5041 - Val Loss: 0.5130
2026-04-15 22:26:28,463 - Epoch 20/200 - LR: 5e-05 - Train Loss: 0.4983 - Val Loss: 0.5135
2026-04-15 22:26:30,548 - Epoch 21/200 - LR: 5e-05 - Train Loss: 0.4893 - Val Loss: 0.5110
2026-04-15 22:26:32,548 - Epoch 22/200 - LR: 5e-05 - Train Loss: 0.4893 - Val Loss: 0.5118
2026-04-15 22:26:34,761 - Epoch 23/200 - LR: 5e-05 - Train Loss: 0.4829 - Val Loss: 0.5125
2026-04-15 22:26:36,843 - Epoch 24/200 - LR: 5e-05 - Train Loss: 0.4725 - Val Loss: 0.5133
2026-04-15 22:26:38,846 - Epoch 25/200 - LR: 5e-05 - Train Loss: 0.4700 - Val Loss: 0.5149
2026-04-15 22:26:40,961 - Epoch 26/200 - LR: 2.5e-05 - Train Loss: 0.4572 - Val Loss: 0.5115
2026-04-15 22:26:43,057 - Epoch 27/200 - LR: 2.5e-05 - Train Loss: 0.4509 - Val Loss: 0.5139
2026-04-15 22:26:45,161 - Epoch 28/200 - LR: 2.5e-05 - Train Loss: 0.4580 - Val Loss: 0.5124
2026-04-15 22:26:47,259 - Epoch 29/200 - LR: 2.5e-05 - Train Loss: 0.4551 - Val Loss: 0.5130
2026-04-15 22:26:49,438 - Epoch 30/200 - LR: 2.5e-05 - Train Loss: 0.4412 - Val Loss: 0.5154
2026-04-15 22:26:51,561 - Epoch 31/200 - LR: 2.5e-05 - Train Loss: 0.4282 - Val Loss: 0.5156
2026-04-15 22:26:53,657 - Epoch 32/200 - LR: 2.5e-05 - Train Loss: 0.4346 - Val Loss: 0.5172
2026-04-15 22:26:55,844 - Epoch 33/200 - LR: 1.25e-05 - Train Loss: 0.4317 - Val Loss: 0.5162
2026-04-15 22:26:55,845 - Early stopping at epoch 33 (best MCC=0.5490)
2026-04-15 22:26:56,058 - Saved loss curve: ./models/fold_2_transformer_FiLM_onehot.png
2026-04-15 22:26:56,058 - Fold 2 Best Metrics:
2026-04-15 22:26:56,058 - MCC       : 0.5490
2026-04-15 22:26:56,058 - SN        : 0.7839
2026-04-15 22:26:56,058 - SP        : 0.7650
2026-04-15 22:26:56,058 - ACC       : 0.7745
2026-04-15 22:26:56,058 - BACC      : 0.7744
2026-04-15 22:26:56,058 - PRECISION : 0.7698
2026-04-15 22:26:56,058 - F1        : 0.7768
2026-04-15 22:26:56,058 - AUC       : 0.8461
2026-04-15 22:26:56,058 - AUCPR     : 0.8434
2026-04-15 22:26:56,058 - ===== Fold 3/5 =====
2026-04-15 22:26:58,245 - Epoch 1/200 - LR: 5e-05 - Train Loss: 0.6991 - Val Loss: 0.6925
2026-04-15 22:27:00,560 - Epoch 2/200 - LR: 5e-05 - Train Loss: 0.6925 - Val Loss: 0.6912
2026-04-15 22:27:02,750 - Epoch 3/200 - LR: 5e-05 - Train Loss: 0.6922 - Val Loss: 0.6889
2026-04-15 22:27:04,739 - Epoch 4/200 - LR: 5e-05 - Train Loss: 0.6889 - Val Loss: 0.6863
2026-04-15 22:27:06,855 - Epoch 5/200 - LR: 5e-05 - Train Loss: 0.6887 - Val Loss: 0.6823
2026-04-15 22:27:08,853 - Epoch 6/200 - LR: 5e-05 - Train Loss: 0.6837 - Val Loss: 0.6757
2026-04-15 22:27:11,049 - Epoch 7/200 - LR: 5e-05 - Train Loss: 0.6750 - Val Loss: 0.6654
2026-04-15 22:27:13,152 - Epoch 8/200 - LR: 5e-05 - Train Loss: 0.6676 - Val Loss: 0.6488
2026-04-15 22:27:15,248 - Epoch 9/200 - LR: 5e-05 - Train Loss: 0.6496 - Val Loss: 0.6284
2026-04-15 22:27:17,359 - Epoch 10/200 - LR: 5e-05 - Train Loss: 0.6266 - Val Loss: 0.6032
2026-04-15 22:27:19,539 - Epoch 11/200 - LR: 5e-05 - Train Loss: 0.5994 - Val Loss: 0.5856
2026-04-15 22:27:21,659 - Epoch 12/200 - LR: 5e-05 - Train Loss: 0.5740 - Val Loss: 0.5735
2026-04-15 22:27:23,760 - Epoch 13/200 - LR: 5e-05 - Train Loss: 0.5424 - Val Loss: 0.5681
2026-04-15 22:27:25,859 - Epoch 14/200 - LR: 5e-05 - Train Loss: 0.5214 - Val Loss: 0.5737
2026-04-15 22:27:27,956 - Epoch 15/200 - LR: 5e-05 - Train Loss: 0.5108 - Val Loss: 0.5708
2026-04-15 22:27:30,049 - Epoch 16/200 - LR: 5e-05 - Train Loss: 0.5029 - Val Loss: 0.5680
2026-04-15 22:27:32,060 - Epoch 17/200 - LR: 5e-05 - Train Loss: 0.4979 - Val Loss: 0.5683
2026-04-15 22:27:34,346 - Epoch 18/200 - LR: 5e-05 - Train Loss: 0.4817 - Val Loss: 0.5599
2026-04-15 22:27:36,446 - Epoch 19/200 - LR: 2.5e-05 - Train Loss: 0.4729 - Val Loss: 0.5664
2026-04-15 22:27:38,546 - Epoch 20/200 - LR: 2.5e-05 - Train Loss: 0.4698 - Val Loss: 0.5689
2026-04-15 22:27:40,740 - Epoch 21/200 - LR: 2.5e-05 - Train Loss: 0.4653 - Val Loss: 0.5684
2026-04-15 22:27:42,761 - Epoch 22/200 - LR: 2.5e-05 - Train Loss: 0.4559 - Val Loss: 0.5682
2026-04-15 22:27:44,861 - Epoch 23/200 - LR: 2.5e-05 - Train Loss: 0.4611 - Val Loss: 0.5733
2026-04-15 22:27:46,951 - Epoch 24/200 - LR: 2.5e-05 - Train Loss: 0.4594 - Val Loss: 0.5681
2026-04-15 22:27:48,956 - Epoch 25/200 - LR: 2.5e-05 - Train Loss: 0.4655 - Val Loss: 0.5678
2026-04-15 22:27:51,044 - Epoch 26/200 - LR: 2.5e-05 - Train Loss: 0.4408 - Val Loss: 0.5663
2026-04-15 22:27:53,058 - Epoch 27/200 - LR: 2.5e-05 - Train Loss: 0.4551 - Val Loss: 0.5691
2026-04-15 22:27:55,247 - Epoch 28/200 - LR: 2.5e-05 - Train Loss: 0.4487 - Val Loss: 0.5717
2026-04-15 22:27:57,444 - Epoch 29/200 - LR: 2.5e-05 - Train Loss: 0.4391 - Val Loss: 0.5682
2026-04-15 22:27:59,457 - Epoch 30/200 - LR: 2.5e-05 - Train Loss: 0.4304 - Val Loss: 0.5694
2026-04-15 22:28:01,660 - Epoch 31/200 - LR: 2.5e-05 - Train Loss: 0.4398 - Val Loss: 0.5774
2026-04-15 22:28:03,750 - Epoch 32/200 - LR: 2.5e-05 - Train Loss: 0.4314 - Val Loss: 0.5741
2026-04-15 22:28:05,839 - Epoch 33/200 - LR: 1.25e-05 - Train Loss: 0.4209 - Val Loss: 0.5774
2026-04-15 22:28:05,839 - Early stopping at epoch 33 (best MCC=0.4658)
2026-04-15 22:28:06,058 - Saved loss curve: ./models/fold_3_transformer_FiLM_onehot.png
2026-04-15 22:28:06,058 - Fold 3 Best Metrics:
2026-04-15 22:28:06,058 - MCC       : 0.4658
2026-04-15 22:28:06,058 - SN        : 0.7793
2026-04-15 22:28:06,058 - SP        : 0.6843
2026-04-15 22:28:06,058 - ACC       : 0.7319
2026-04-15 22:28:06,058 - BACC      : 0.7318
2026-04-15 22:28:06,058 - PRECISION : 0.7122
2026-04-15 22:28:06,058 - F1        : 0.7442
2026-04-15 22:28:06,058 - AUC       : 0.8134
2026-04-15 22:28:06,058 - AUCPR     : 0.8137
2026-04-15 22:28:06,058 - ===== Fold 4/5 =====
2026-04-15 22:28:08,044 - Epoch 1/200 - LR: 5e-05 - Train Loss: 0.6955 - Val Loss: 0.6929
2026-04-15 22:28:10,140 - Epoch 2/200 - LR: 5e-05 - Train Loss: 0.6943 - Val Loss: 0.6924
2026-04-15 22:28:12,143 - Epoch 3/200 - LR: 5e-05 - Train Loss: 0.6923 - Val Loss: 0.6893
2026-04-15 22:28:14,160 - Epoch 4/200 - LR: 5e-05 - Train Loss: 0.6897 - Val Loss: 0.6858
2026-04-15 22:28:16,262 - Epoch 5/200 - LR: 5e-05 - Train Loss: 0.6873 - Val Loss: 0.6814
2026-04-15 22:28:18,260 - Epoch 6/200 - LR: 5e-05 - Train Loss: 0.6848 - Val Loss: 0.6751
2026-04-15 22:28:20,349 - Epoch 7/200 - LR: 5e-05 - Train Loss: 0.6781 - Val Loss: 0.6651
2026-04-15 22:28:22,241 - Epoch 8/200 - LR: 5e-05 - Train Loss: 0.6681 - Val Loss: 0.6493
2026-04-15 22:28:23,639 - Epoch 9/200 - LR: 5e-05 - Train Loss: 0.6628 - Val Loss: 0.6304
2026-04-15 22:28:25,461 - Epoch 10/200 - LR: 5e-05 - Train Loss: 0.6356 - Val Loss: 0.6076
2026-04-15 22:28:27,046 - Epoch 11/200 - LR: 5e-05 - Train Loss: 0.6134 - Val Loss: 0.5846
2026-04-15 22:28:28,846 - Epoch 12/200 - LR: 5e-05 - Train Loss: 0.5931 - Val Loss: 0.5693
2026-04-15 22:28:30,641 - Epoch 13/200 - LR: 5e-05 - Train Loss: 0.5637 - Val Loss: 0.5623
2026-04-15 22:28:32,567 - Epoch 14/200 - LR: 5e-05 - Train Loss: 0.5563 - Val Loss: 0.5524
2026-04-15 22:28:34,650 - Epoch 15/200 - LR: 5e-05 - Train Loss: 0.5414 - Val Loss: 0.5512
2026-04-15 22:28:36,549 - Epoch 16/200 - LR: 5e-05 - Train Loss: 0.5206 - Val Loss: 0.5483
2026-04-15 22:28:38,451 - Epoch 17/200 - LR: 5e-05 - Train Loss: 0.5106 - Val Loss: 0.5449
2026-04-15 22:28:40,441 - Epoch 18/200 - LR: 5e-05 - Train Loss: 0.4950 - Val Loss: 0.5465
2026-04-15 22:28:42,456 - Epoch 19/200 - LR: 5e-05 - Train Loss: 0.5000 - Val Loss: 0.5469
2026-04-15 22:28:44,457 - Epoch 20/200 - LR: 5e-05 - Train Loss: 0.4887 - Val Loss: 0.5433
2026-04-15 22:28:46,363 - Epoch 21/200 - LR: 5e-05 - Train Loss: 0.4846 - Val Loss: 0.5384
2026-04-15 22:28:48,449 - Epoch 22/200 - LR: 5e-05 - Train Loss: 0.4755 - Val Loss: 0.5386
2026-04-15 22:28:50,357 - Epoch 23/200 - LR: 5e-05 - Train Loss: 0.4571 - Val Loss: 0.5419
2026-04-15 22:28:52,260 - Epoch 24/200 - LR: 5e-05 - Train Loss: 0.4558 - Val Loss: 0.5389
2026-04-15 22:28:54,247 - Epoch 25/200 - LR: 5e-05 - Train Loss: 0.4454 - Val Loss: 0.5447
2026-04-15 22:28:56,060 - Epoch 26/200 - LR: 5e-05 - Train Loss: 0.4304 - Val Loss: 0.5487
2026-04-15 22:28:58,161 - Epoch 27/200 - LR: 5e-05 - Train Loss: 0.4451 - Val Loss: 0.5471
2026-04-15 22:28:59,956 - Epoch 28/200 - LR: 5e-05 - Train Loss: 0.4406 - Val Loss: 0.5442
2026-04-15 22:29:01,551 - Epoch 29/200 - LR: 2.5e-05 - Train Loss: 0.4158 - Val Loss: 0.5424
2026-04-15 22:29:01,551 - Early stopping at epoch 29 (best MCC=0.5100)
2026-04-15 22:29:01,847 - Saved loss curve: ./models/fold_4_transformer_FiLM_onehot.png
2026-04-15 22:29:01,847 - Fold 4 Best Metrics:
2026-04-15 22:29:01,847 - MCC       : 0.5100
2026-04-15 22:29:01,847 - SN        : 0.7673
2026-04-15 22:29:01,847 - SP        : 0.7425
2026-04-15 22:29:01,847 - ACC       : 0.7549
2026-04-15 22:29:01,847 - BACC      : 0.7549
2026-04-15 22:29:01,847 - PRECISION : 0.7483
2026-04-15 22:29:01,847 - F1        : 0.7577
2026-04-15 22:29:01,847 - AUC       : 0.8236
2026-04-15 22:29:01,847 - AUCPR     : 0.8277
2026-04-15 22:29:01,848 - ===== Fold 5/5 =====
2026-04-15 22:29:03,658 - Epoch 1/200 - LR: 5e-05 - Train Loss: 0.6960 - Val Loss: 0.6922
2026-04-15 22:29:05,760 - Epoch 2/200 - LR: 5e-05 - Train Loss: 0.6934 - Val Loss: 0.6896
2026-04-15 22:29:07,858 - Epoch 3/200 - LR: 5e-05 - Train Loss: 0.6921 - Val Loss: 0.6854
2026-04-15 22:29:09,837 - Epoch 4/200 - LR: 5e-05 - Train Loss: 0.6889 - Val Loss: 0.6829
2026-04-15 22:29:11,762 - Epoch 5/200 - LR: 5e-05 - Train Loss: 0.6865 - Val Loss: 0.6761
2026-04-15 22:29:13,960 - Epoch 6/200 - LR: 5e-05 - Train Loss: 0.6816 - Val Loss: 0.6695
2026-04-15 22:29:16,160 - Epoch 7/200 - LR: 5e-05 - Train Loss: 0.6784 - Val Loss: 0.6629
2026-04-15 22:29:18,049 - Epoch 8/200 - LR: 5e-05 - Train Loss: 0.6684 - Val Loss: 0.6477
2026-04-15 22:29:20,062 - Epoch 9/200 - LR: 5e-05 - Train Loss: 0.6536 - Val Loss: 0.6308
2026-04-15 22:29:21,953 - Epoch 10/200 - LR: 5e-05 - Train Loss: 0.6337 - Val Loss: 0.6116
2026-04-15 22:29:24,059 - Epoch 11/200 - LR: 5e-05 - Train Loss: 0.6053 - Val Loss: 0.5946
2026-04-15 22:29:26,160 - Epoch 12/200 - LR: 5e-05 - Train Loss: 0.5717 - Val Loss: 0.5894
2026-04-15 22:29:27,945 - Epoch 13/200 - LR: 5e-05 - Train Loss: 0.5417 - Val Loss: 0.5897
2026-04-15 22:29:30,149 - Epoch 14/200 - LR: 5e-05 - Train Loss: 0.5303 - Val Loss: 0.5933
2026-04-15 22:29:32,347 - Epoch 15/200 - LR: 5e-05 - Train Loss: 0.5183 - Val Loss: 0.5950
2026-04-15 22:29:34,261 - Epoch 16/200 - LR: 5e-05 - Train Loss: 0.5165 - Val Loss: 0.6015
2026-04-15 22:29:36,350 - Epoch 17/200 - LR: 5e-05 - Train Loss: 0.4964 - Val Loss: 0.5984
2026-04-15 22:29:38,239 - Epoch 18/200 - LR: 5e-05 - Train Loss: 0.4853 - Val Loss: 0.6021
2026-04-15 22:29:40,353 - Epoch 19/200 - LR: 5e-05 - Train Loss: 0.4804 - Val Loss: 0.6058
2026-04-15 22:29:42,345 - Epoch 20/200 - LR: 5e-05 - Train Loss: 0.4744 - Val Loss: 0.6021
2026-04-15 22:29:44,460 - Epoch 21/200 - LR: 5e-05 - Train Loss: 0.4726 - Val Loss: 0.6037
2026-04-15 22:29:46,752 - Epoch 22/200 - LR: 5e-05 - Train Loss: 0.4672 - Val Loss: 0.6059
2026-04-15 22:29:48,961 - Epoch 23/200 - LR: 5e-05 - Train Loss: 0.4528 - Val Loss: 0.6038
2026-04-15 22:29:51,262 - Epoch 24/200 - LR: 5e-05 - Train Loss: 0.4540 - Val Loss: 0.6075
2026-04-15 22:29:53,459 - Epoch 25/200 - LR: 5e-05 - Train Loss: 0.4482 - Val Loss: 0.6048
2026-04-15 22:29:55,644 - Epoch 26/200 - LR: 5e-05 - Train Loss: 0.4337 - Val Loss: 0.6104
2026-04-15 22:29:57,761 - Epoch 27/200 - LR: 5e-05 - Train Loss: 0.4356 - Val Loss: 0.6121
2026-04-15 22:29:59,944 - Epoch 28/200 - LR: 5e-05 - Train Loss: 0.4350 - Val Loss: 0.6163
2026-04-15 22:30:02,054 - Epoch 29/200 - LR: 5e-05 - Train Loss: 0.4293 - Val Loss: 0.6098
2026-04-15 22:30:04,160 - Epoch 30/200 - LR: 5e-05 - Train Loss: 0.4089 - Val Loss: 0.6147
2026-04-15 22:30:06,242 - Epoch 31/200 - LR: 5e-05 - Train Loss: 0.4071 - Val Loss: 0.6210
2026-04-15 22:30:08,345 - Epoch 32/200 - LR: 5e-05 - Train Loss: 0.4141 - Val Loss: 0.6272
2026-04-15 22:30:10,447 - Epoch 33/200 - LR: 5e-05 - Train Loss: 0.3929 - Val Loss: 0.6194
2026-04-15 22:30:12,550 - Epoch 34/200 - LR: 5e-05 - Train Loss: 0.3928 - Val Loss: 0.6219
2026-04-15 22:30:14,559 - Epoch 35/200 - LR: 5e-05 - Train Loss: 0.3767 - Val Loss: 0.6284
2026-04-15 22:30:16,560 - Epoch 36/200 - LR: 5e-05 - Train Loss: 0.3648 - Val Loss: 0.6408
2026-04-15 22:30:18,453 - Epoch 37/200 - LR: 5e-05 - Train Loss: 0.3635 - Val Loss: 0.6413
2026-04-15 22:30:20,445 - Epoch 38/200 - LR: 5e-05 - Train Loss: 0.3624 - Val Loss: 0.6526
2026-04-15 22:30:22,540 - Epoch 39/200 - LR: 5e-05 - Train Loss: 0.3568 - Val Loss: 0.6436
2026-04-15 22:30:24,547 - Epoch 40/200 - LR: 5e-05 - Train Loss: 0.3493 - Val Loss: 0.6468
2026-04-15 22:30:26,361 - Epoch 41/200 - LR: 5e-05 - Train Loss: 0.3457 - Val Loss: 0.6458
2026-04-15 22:30:28,260 - Epoch 42/200 - LR: 5e-05 - Train Loss: 0.3249 - Val Loss: 0.6622
2026-04-15 22:30:30,341 - Epoch 43/200 - LR: 5e-05 - Train Loss: 0.3152 - Val Loss: 0.6867
2026-04-15 22:30:32,358 - Epoch 44/200 - LR: 5e-05 - Train Loss: 0.3122 - Val Loss: 0.6951
2026-04-15 22:30:34,350 - Epoch 45/200 - LR: 5e-05 - Train Loss: 0.3090 - Val Loss: 0.7022
2026-04-15 22:30:36,357 - Epoch 46/200 - LR: 2.5e-05 - Train Loss: 0.2986 - Val Loss: 0.6925
2026-04-15 22:30:36,357 - Early stopping at epoch 46 (best MCC=0.4802)
2026-04-15 22:30:36,679 - Saved loss curve: ./models/fold_5_transformer_FiLM_onehot.png
2026-04-15 22:30:36,679 - Fold 5 Best Metrics:
2026-04-15 22:30:36,679 - MCC       : 0.4802
2026-04-15 22:30:36,679 - SN        : 0.7581
2026-04-15 22:30:36,679 - SP        : 0.7218
2026-04-15 22:30:36,679 - ACC       : 0.7399
2026-04-15 22:30:36,679 - BACC      : 0.7400
2026-04-15 22:30:36,679 - PRECISION : 0.7311
2026-04-15 22:30:36,679 - F1        : 0.7443
2026-04-15 22:30:36,679 - AUC       : 0.8095
2026-04-15 22:30:36,679 - AUCPR     : 0.8072
2026-04-15 22:30:36,679 - ==============================
2026-04-15 22:30:36,679 - Cross-Validation Results:
2026-04-15 22:30:36,679 - MCC       : 0.5012 ± 0.0285
2026-04-15 22:30:36,680 - SN        : 0.7768 ± 0.0130
2026-04-15 22:30:36,680 - SP        : 0.7234 ± 0.0284
2026-04-15 22:30:36,680 - ACC       : 0.7501 ± 0.0145
2026-04-15 22:30:36,680 - BACC      : 0.7501 ± 0.0145
2026-04-15 22:30:36,680 - PRECISION : 0.7380 ± 0.0196
2026-04-15 22:30:36,680 - F1        : 0.7567 ± 0.0120
2026-04-15 22:30:36,680 - AUC       : 0.8237 ± 0.0128
2026-04-15 22:30:36,680 - AUCPR     : 0.8234 ± 0.0125
2026-04-15 22:30:36,680 - ==============================
2026-04-15 22:30:36,680 - Evaluating ensemble on test set...
2026-04-15 22:30:37,768 - Final Test Metrics (Ensemble):
2026-04-15 22:30:37,768 - MCC       : 0.5483
2026-04-15 22:30:37,768 - SN        : 0.8082
2026-04-15 22:30:37,768 - SP        : 0.7388
2026-04-15 22:30:37,768 - ACC       : 0.7735
2026-04-15 22:30:37,768 - BACC      : 0.7735
2026-04-15 22:30:37,768 - PRECISION : 0.7557
2026-04-15 22:30:37,768 - F1        : 0.7811
2026-04-15 22:30:37,768 - AUC       : 0.8549
2026-04-15 22:30:37,768 - AUCPR     : 0.8604
