2026-06-10 00:04:05,179 - ======================================================================
2026-06-10 00:04:05,180 - Bayesian Optimization for PLMGraphModel Hyperparameters
2026-06-10 00:04:05,180 - ======================================================================
2026-06-10 00:04:05,180 - Window Size: 41
2026-06-10 00:04:05,180 - K-Folds: 5
2026-06-10 00:04:05,180 - Early Stop Patience: 5
2026-06-10 00:04:05,180 - Early Stop Metric: MCC
2026-06-10 00:04:05,180 - Number of Trials: 20
2026-06-10 00:04:05,180 - Seed: 0
2026-06-10 00:04:05,180 - ======================================================================
2026-06-10 00:04:05,181 - Device: cuda
2026-06-10 00:04:05,181 - Loading training data from data/rice_train_embedding_graph_9.pt...
2026-06-10 00:04:06,192 - Dataset loaded: 1622 samples
2026-06-10 00:04:06,192 - Number of unique proteins (groups): 906
2026-06-10 00:04:06,194 - 
Starting Bayesian Optimization...
2026-06-10 00:04:06,196 - 
============================================================
2026-06-10 00:04:06,196 - Trial 1
2026-06-10 00:04:06,196 - ============================================================
2026-06-10 00:04:06,196 - Hyperparameters:
2026-06-10 00:04:06,196 -   learning_rate: 1.567668e-04
2026-06-10 00:04:06,196 -   weight_decay: 7.257006e-04
2026-06-10 00:04:06,196 -   batch_size: 256
2026-06-10 00:04:06,196 -   epochs: 200
2026-06-10 00:05:40,249 - Cross-Validation Results:
2026-06-10 00:05:40,249 -   Mean MCC: 0.5986 ± 0.0327
2026-06-10 00:05:40,249 -   Fold MCCs: ['0.5625', '0.6419', '0.5768', '0.5776', '0.6340']
2026-06-10 00:05:40,249 -   Fold Best Epochs: [16, 44, 28, 25, 33]
2026-06-10 00:05:40,249 -   Recommended Final Epochs (median): 28
2026-06-10 00:05:40,251 - 
============================================================
2026-06-10 00:05:40,252 - Trial 2
2026-06-10 00:05:40,252 - ============================================================
2026-06-10 00:05:40,252 - Hyperparameters:
2026-06-10 00:05:40,252 -   learning_rate: 3.690558e-03
2026-06-10 00:05:40,252 -   weight_decay: 7.155682e-03
2026-06-10 00:05:40,252 -   batch_size: 512
2026-06-10 00:05:40,252 -   epochs: 200
2026-06-10 00:05:57,730 - Cross-Validation Results:
2026-06-10 00:05:57,731 -   Mean MCC: 0.0306 ± 0.0611
2026-06-10 00:05:57,731 -   Fold MCCs: ['0.0000', '0.1528', '0.0000', '0.0000', '0.0000']
2026-06-10 00:05:57,731 -   Fold Best Epochs: [1, 5, 1, 4, 1]
2026-06-10 00:05:57,731 -   Recommended Final Epochs (median): 1
2026-06-10 00:05:57,733 - 
============================================================
2026-06-10 00:05:57,733 - Trial 3
2026-06-10 00:05:57,733 - ============================================================
2026-06-10 00:05:57,733 - Hyperparameters:
2026-06-10 00:05:57,733 -   learning_rate: 1.923731e-06
2026-06-10 00:05:57,733 -   weight_decay: 2.231091e-06
2026-06-10 00:05:57,733 -   batch_size: 512
2026-06-10 00:05:57,733 -   epochs: 200
2026-06-10 00:06:11,992 - Cross-Validation Results:
2026-06-10 00:06:11,992 -   Mean MCC: -0.0430 ± 0.0607
2026-06-10 00:06:11,992 -   Fold MCCs: ['0.0000', '-0.0596', '0.0000', '-0.1552', '0.0000']
2026-06-10 00:06:11,992 -   Fold Best Epochs: [1, 1, 1, 1, 1]
2026-06-10 00:06:11,993 -   Recommended Final Epochs (median): 1
2026-06-10 00:06:11,994 - 
============================================================
2026-06-10 00:06:11,994 - Trial 4
2026-06-10 00:06:11,994 - ============================================================
2026-06-10 00:06:11,994 - Hyperparameters:
2026-06-10 00:06:11,994 -   learning_rate: 1.572658e-03
2026-06-10 00:06:11,994 -   weight_decay: 7.013220e-05
2026-06-10 00:06:11,994 -   batch_size: 512
2026-06-10 00:06:11,994 -   epochs: 200
2026-06-10 00:07:03,016 - Cross-Validation Results:
2026-06-10 00:07:03,017 -   Mean MCC: 0.6020 ± 0.0449
2026-06-10 00:07:03,017 -   Fold MCCs: ['0.5503', '0.6222', '0.6664', '0.5517', '0.6195']
2026-06-10 00:07:03,017 -   Fold Best Epochs: [16, 18, 15, 15, 23]
2026-06-10 00:07:03,017 -   Recommended Final Epochs (median): 16
2026-06-10 00:07:03,018 - 
============================================================
2026-06-10 00:07:03,018 - Trial 5
2026-06-10 00:07:03,018 - ============================================================
2026-06-10 00:07:03,018 - Hyperparameters:
2026-06-10 00:07:03,019 -   learning_rate: 1.222907e-04
2026-06-10 00:07:03,019 -   weight_decay: 4.556672e-05
2026-06-10 00:07:03,019 -   batch_size: 64
2026-06-10 00:07:03,019 -   epochs: 200
2026-06-10 00:08:38,787 - Cross-Validation Results:
2026-06-10 00:08:38,787 -   Mean MCC: 0.6183 ± 0.0225
2026-06-10 00:08:38,787 -   Fold MCCs: ['0.6118', '0.5850', '0.6444', '0.6079', '0.6425']
2026-06-10 00:08:38,787 -   Fold Best Epochs: [12, 19, 11, 10, 21]
2026-06-10 00:08:38,787 -   Recommended Final Epochs (median): 12
2026-06-10 00:08:38,789 - 
============================================================
2026-06-10 00:08:38,789 - Trial 6
2026-06-10 00:08:38,789 - ============================================================
2026-06-10 00:08:38,789 - Hyperparameters:
2026-06-10 00:08:38,789 -   learning_rate: 2.954895e-04
2026-06-10 00:08:38,789 -   weight_decay: 2.807908e-04
2026-06-10 00:08:38,789 -   batch_size: 64
2026-06-10 00:08:38,789 -   epochs: 200
2026-06-10 00:09:58,150 - Cross-Validation Results:
2026-06-10 00:09:58,151 -   Mean MCC: 0.6295 ± 0.0239
2026-06-10 00:09:58,151 -   Fold MCCs: ['0.6544', '0.5986', '0.6603', '0.6150', '0.6190']
2026-06-10 00:09:58,151 -   Fold Best Epochs: [12, 12, 6, 20, 8]
2026-06-10 00:09:58,151 -   Recommended Final Epochs (median): 12
2026-06-10 00:09:58,153 - 
============================================================
2026-06-10 00:09:58,153 - Trial 7
2026-06-10 00:09:58,153 - ============================================================
2026-06-10 00:09:58,153 - Hyperparameters:
2026-06-10 00:09:58,153 -   learning_rate: 6.173405e-04
2026-06-10 00:09:58,153 -   weight_decay: 1.741413e-06
2026-06-10 00:09:58,153 -   batch_size: 64
2026-06-10 00:09:58,153 -   epochs: 200
2026-06-10 00:10:53,874 - Cross-Validation Results:
2026-06-10 00:10:53,875 -   Mean MCC: 0.5880 ± 0.0320
2026-06-10 00:10:53,875 -   Fold MCCs: ['0.6252', '0.5538', '0.6242', '0.5528', '0.5840']
2026-06-10 00:10:53,875 -   Fold Best Epochs: [7, 10, 9, 6, 7]
2026-06-10 00:10:53,875 -   Recommended Final Epochs (median): 7
2026-06-10 00:10:53,877 - 
============================================================
2026-06-10 00:10:53,877 - Trial 8
2026-06-10 00:10:53,877 - ============================================================
2026-06-10 00:10:53,877 - Hyperparameters:
2026-06-10 00:10:53,877 -   learning_rate: 2.849988e-05
2026-06-10 00:10:53,877 -   weight_decay: 1.908917e-04
2026-06-10 00:10:53,877 -   batch_size: 64
2026-06-10 00:10:53,877 -   epochs: 200
2026-06-10 00:13:16,660 - Cross-Validation Results:
2026-06-10 00:13:16,660 -   Mean MCC: 0.4642 ± 0.2402
2026-06-10 00:13:16,660 -   Fold MCCs: ['-0.0130', '0.6162', '0.6097', '0.5653', '0.5427']
2026-06-10 00:13:16,660 -   Fold Best Epochs: [3, 42, 30, 34, 20]
2026-06-10 00:13:16,660 -   Recommended Final Epochs (median): 30
2026-06-10 00:13:16,662 - 
============================================================
2026-06-10 00:13:16,662 - Trial 9
2026-06-10 00:13:16,662 - ============================================================
2026-06-10 00:13:16,662 - Hyperparameters:
2026-06-10 00:13:16,662 -   learning_rate: 4.096692e-04
2026-06-10 00:13:16,662 -   weight_decay: 1.030781e-05
2026-06-10 00:13:16,662 -   batch_size: 512
2026-06-10 00:13:16,662 -   epochs: 200
2026-06-10 00:14:24,190 - Cross-Validation Results:
2026-06-10 00:14:24,191 -   Mean MCC: 0.5941 ± 0.0365
2026-06-10 00:14:24,191 -   Fold MCCs: ['0.5406', '0.5684', '0.6422', '0.5971', '0.6225']
2026-06-10 00:14:24,191 -   Fold Best Epochs: [31, 23, 26, 19, 24]
2026-06-10 00:14:24,191 -   Recommended Final Epochs (median): 24
2026-06-10 00:14:24,193 - 
============================================================
2026-06-10 00:14:24,193 - Trial 10
2026-06-10 00:14:24,193 - ============================================================
2026-06-10 00:14:24,193 - Hyperparameters:
2026-06-10 00:14:24,193 -   learning_rate: 3.570523e-06
2026-06-10 00:14:24,193 -   weight_decay: 6.114056e-06
2026-06-10 00:14:24,193 -   batch_size: 256
2026-06-10 00:14:24,193 -   epochs: 200
2026-06-10 00:14:45,752 - Cross-Validation Results:
2026-06-10 00:14:45,753 -   Mean MCC: -0.0382 ± 0.0361
2026-06-10 00:14:45,753 -   Fold MCCs: ['0.0000', '-0.0361', '-0.0933', '0.0000', '-0.0618']
2026-06-10 00:14:45,753 -   Fold Best Epochs: [1, 4, 7, 1, 1]
2026-06-10 00:14:45,753 -   Recommended Final Epochs (median): 1
2026-06-10 00:14:45,757 - 
============================================================
2026-06-10 00:14:45,758 - Trial 11
2026-06-10 00:14:45,758 - ============================================================
2026-06-10 00:14:45,758 - Hyperparameters:
2026-06-10 00:14:45,758 -   learning_rate: 1.770133e-05
2026-06-10 00:14:45,758 -   weight_decay: 7.951694e-03
2026-06-10 00:14:45,758 -   batch_size: 128
2026-06-10 00:14:45,758 -   epochs: 200
2026-06-10 00:16:10,387 - Cross-Validation Results:
2026-06-10 00:16:10,387 -   Mean MCC: 0.2732 ± 0.2153
2026-06-10 00:16:10,387 -   Fold MCCs: ['0.1996', '0.1446', '0.4228', '-0.0054', '0.6045']
2026-06-10 00:16:10,387 -   Fold Best Epochs: [9, 12, 40, 3, 59]
2026-06-10 00:16:10,387 -   Recommended Final Epochs (median): 12
2026-06-10 00:16:10,392 - 
============================================================
2026-06-10 00:16:10,392 - Trial 12
2026-06-10 00:16:10,392 - ============================================================
2026-06-10 00:16:10,392 - Hyperparameters:
2026-06-10 00:16:10,392 -   learning_rate: 6.751235e-05
2026-06-10 00:16:10,392 -   weight_decay: 4.248885e-05
2026-06-10 00:16:10,392 -   batch_size: 32
2026-06-10 00:16:10,392 -   epochs: 200
2026-06-10 00:19:21,599 - Cross-Validation Results:
2026-06-10 00:19:21,600 -   Mean MCC: 0.6137 ± 0.0457
2026-06-10 00:19:21,600 -   Fold MCCs: ['0.6603', '0.6347', '0.6559', '0.5564', '0.5611']
2026-06-10 00:19:21,600 -   Fold Best Epochs: [13, 23, 12, 17, 14]
2026-06-10 00:19:21,600 -   Recommended Final Epochs (median): 14
2026-06-10 00:19:21,605 - 
============================================================
2026-06-10 00:19:21,605 - Trial 13
2026-06-10 00:19:21,605 - ============================================================
2026-06-10 00:19:21,605 - Hyperparameters:
2026-06-10 00:19:21,605 -   learning_rate: 1.633017e-04
2026-06-10 00:19:21,605 -   weight_decay: 7.237367e-04
2026-06-10 00:19:21,605 -   batch_size: 64
2026-06-10 00:19:21,605 -   epochs: 200
2026-06-10 00:20:35,435 - Cross-Validation Results:
2026-06-10 00:20:35,435 -   Mean MCC: 0.6030 ± 0.0268
2026-06-10 00:20:35,435 -   Fold MCCs: ['0.5970', '0.5974', '0.6336', '0.5589', '0.6282']
2026-06-10 00:20:35,436 -   Fold Best Epochs: [10, 13, 15, 16, 10]
2026-06-10 00:20:35,436 -   Recommended Final Epochs (median): 13
2026-06-10 00:20:35,440 - 
============================================================
2026-06-10 00:20:35,440 - Trial 14
2026-06-10 00:20:35,440 - ============================================================
2026-06-10 00:20:35,440 - Hyperparameters:
2026-06-10 00:20:35,440 -   learning_rate: 9.455334e-03
2026-06-10 00:20:35,441 -   weight_decay: 5.523681e-04
2026-06-10 00:20:35,441 -   batch_size: 64
2026-06-10 00:20:35,441 -   epochs: 200
2026-06-10 00:21:05,887 - Cross-Validation Results:
2026-06-10 00:21:05,888 -   Mean MCC: 0.0000 ± 0.0000
2026-06-10 00:21:05,888 -   Fold MCCs: ['0.0000', '0.0000', '0.0000', '0.0000', '0.0000']
2026-06-10 00:21:05,888 -   Fold Best Epochs: [1, 1, 1, 1, 1]
2026-06-10 00:21:05,888 -   Recommended Final Epochs (median): 1
2026-06-10 00:21:05,893 - 
============================================================
2026-06-10 00:21:05,893 - Trial 15
2026-06-10 00:21:05,893 - ============================================================
2026-06-10 00:21:05,893 - Hyperparameters:
2026-06-10 00:21:05,893 -   learning_rate: 1.552014e-05
2026-06-10 00:21:05,893 -   weight_decay: 3.365280e-05
2026-06-10 00:21:05,893 -   batch_size: 64
2026-06-10 00:21:05,893 -   epochs: 200
2026-06-10 00:24:10,563 - Cross-Validation Results:
2026-06-10 00:24:10,563 -   Mean MCC: 0.3879 ± 0.2099
2026-06-10 00:24:10,563 -   Fold MCCs: ['0.2274', '0.5850', '0.0785', '0.4176', '0.6310']
2026-06-10 00:24:10,563 -   Fold Best Epochs: [8, 63, 7, 25, 67]
2026-06-10 00:24:10,563 -   Recommended Final Epochs (median): 25
2026-06-10 00:24:10,568 - 
============================================================
2026-06-10 00:24:10,568 - Trial 16
2026-06-10 00:24:10,568 - ============================================================
2026-06-10 00:24:10,568 - Hyperparameters:
2026-06-10 00:24:10,568 -   learning_rate: 7.072193e-04
2026-06-10 00:24:10,568 -   weight_decay: 2.348419e-04
2026-06-10 00:24:10,568 -   batch_size: 32
2026-06-10 00:24:10,568 -   epochs: 200
2026-06-10 00:26:07,144 - Cross-Validation Results:
2026-06-10 00:26:07,145 -   Mean MCC: 0.5903 ± 0.0418
2026-06-10 00:26:07,145 -   Fold MCCs: ['0.5997', '0.5577', '0.5814', '0.5471', '0.6654']
2026-06-10 00:26:07,145 -   Fold Best Epochs: [10, 13, 10, 10, 9]
2026-06-10 00:26:07,145 -   Recommended Final Epochs (median): 10
2026-06-10 00:26:07,150 - 
============================================================
2026-06-10 00:26:07,150 - Trial 17
2026-06-10 00:26:07,150 - ============================================================
2026-06-10 00:26:07,150 - Hyperparameters:
2026-06-10 00:26:07,150 -   learning_rate: 1.178062e-04
2026-06-10 00:26:07,150 -   weight_decay: 2.000761e-03
2026-06-10 00:26:07,150 -   batch_size: 128
2026-06-10 00:26:07,150 -   epochs: 200
2026-06-10 00:27:13,301 - Cross-Validation Results:
2026-06-10 00:27:13,301 -   Mean MCC: 0.6200 ± 0.0320
2026-06-10 00:27:13,302 -   Fold MCCs: ['0.6346', '0.6099', '0.6416', '0.5622', '0.6514']
2026-06-10 00:27:13,302 -   Fold Best Epochs: [16, 26, 17, 22, 14]
2026-06-10 00:27:13,302 -   Recommended Final Epochs (median): 17
2026-06-10 00:27:13,306 - 
============================================================
2026-06-10 00:27:13,306 - Trial 18
2026-06-10 00:27:13,306 - ============================================================
2026-06-10 00:27:13,306 - Hyperparameters:
2026-06-10 00:27:13,307 -   learning_rate: 5.120726e-05
2026-06-10 00:27:13,307 -   weight_decay: 2.582992e-03
2026-06-10 00:27:13,307 -   batch_size: 128
2026-06-10 00:27:13,307 -   epochs: 200
2026-06-10 00:28:56,697 - Cross-Validation Results:
2026-06-10 00:28:56,697 -   Mean MCC: 0.5998 ± 0.0424
2026-06-10 00:28:56,697 -   Fold MCCs: ['0.5978', '0.5820', '0.6603', '0.5338', '0.6252']
2026-06-10 00:28:56,697 -   Fold Best Epochs: [34, 28, 37, 26, 32]
2026-06-10 00:28:56,697 -   Recommended Final Epochs (median): 32
2026-06-10 00:28:56,702 - 
============================================================
2026-06-10 00:28:56,702 - Trial 19
2026-06-10 00:28:56,702 - ============================================================
2026-06-10 00:28:56,702 - Hyperparameters:
2026-06-10 00:28:56,702 -   learning_rate: 6.725722e-06
2026-06-10 00:28:56,702 -   weight_decay: 1.549250e-03
2026-06-10 00:28:56,703 -   batch_size: 128
2026-06-10 00:28:56,703 -   epochs: 200
2026-06-10 00:29:47,740 - Cross-Validation Results:
2026-06-10 00:29:47,740 -   Mean MCC: 0.0661 ± 0.0768
2026-06-10 00:29:47,740 -   Fold MCCs: ['0.0000', '0.0649', '0.2065', '0.0669', '-0.0076']
2026-06-10 00:29:47,740 -   Fold Best Epochs: [1, 11, 28, 13, 8]
2026-06-10 00:29:47,740 -   Recommended Final Epochs (median): 11
2026-06-10 00:29:47,745 - 
============================================================
2026-06-10 00:29:47,745 - Trial 20
2026-06-10 00:29:47,745 - ============================================================
2026-06-10 00:29:47,745 - Hyperparameters:
2026-06-10 00:29:47,745 -   learning_rate: 2.914491e-04
2026-06-10 00:29:47,745 -   weight_decay: 2.920496e-03
2026-06-10 00:29:47,745 -   batch_size: 128
2026-06-10 00:29:47,745 -   epochs: 200
2026-06-10 00:30:38,741 - Cross-Validation Results:
2026-06-10 00:30:38,742 -   Mean MCC: 0.5937 ± 0.0290
2026-06-10 00:30:38,742 -   Fold MCCs: ['0.5926', '0.6040', '0.6416', '0.5563', '0.5739']
2026-06-10 00:30:38,742 -   Fold Best Epochs: [19, 17, 10, 13, 10]
2026-06-10 00:30:38,742 -   Recommended Final Epochs (median): 13
2026-06-10 00:30:38,743 - 
======================================================================
2026-06-10 00:30:38,743 - OPTIMIZATION COMPLETED
2026-06-10 00:30:38,743 - ======================================================================
2026-06-10 00:30:38,745 - 
Number of finished trials: 20
2026-06-10 00:30:38,745 - Best trial: 6
2026-06-10 00:30:38,745 - Best MCC: 0.6295
2026-06-10 00:30:38,745 - 
Best hyperparameters:
2026-06-10 00:30:38,745 -   learning_rate: 2.954895e-04
2026-06-10 00:30:38,745 -   weight_decay: 2.807908e-04
2026-06-10 00:30:38,745 -   batch_size: 64
2026-06-10 00:30:38,745 - 
Recommended epochs for final training:
2026-06-10 00:30:38,745 -   Median of best epochs across folds: 12
2026-06-10 00:30:38,745 -   Best epochs per fold: [12, 12, 6, 20, 8]
2026-06-10 00:30:38,747 - 
Results saved to: bayesian_optimization/best_params_20260610_000405.json
2026-06-10 00:30:38,750 - All trials saved to: bayesian_optimization/all_trials_20260610_000405.json
2026-06-10 00:30:39,172 - 
Parameter Importance:
2026-06-10 00:30:39,172 -   learning_rate: 0.7903
2026-06-10 00:30:39,172 -   weight_decay: 0.1591
2026-06-10 00:30:39,172 -   batch_size: 0.0506
2026-06-10 00:30:39,185 - 
======================================================================
2026-06-10 00:30:39,185 - To use the best hyperparameters for final training:
2026-06-10 00:30:39,185 - ======================================================================
2026-06-10 00:30:39,186 -   batch_size = 64
2026-06-10 00:30:39,186 -   lr = 2.954895e-04
2026-06-10 00:30:39,186 -   weight_decay = 2.807908e-04
2026-06-10 00:30:39,186 -   epochs = 12  (median of best epochs across CV folds)
