2026-06-03 15:45:46,872 - ======================================================================
2026-06-03 15:45:46,873 - Bayesian Optimization for PLMGraphModel Hyperparameters
2026-06-03 15:45:46,873 - ======================================================================
2026-06-03 15:45:46,873 - Window Size: 41
2026-06-03 15:45:46,873 - K-Folds: 5
2026-06-03 15:45:46,873 - Early Stop Patience: 5
2026-06-03 15:45:46,873 - Early Stop Metric: MCC
2026-06-03 15:45:46,873 - Number of Trials: 20
2026-06-03 15:45:46,873 - Seed: 0
2026-06-03 15:45:46,873 - ======================================================================
2026-06-03 15:45:46,874 - Device: cuda
2026-06-03 15:45:46,874 - Loading training data from data/rice_train_embedding_graph.pt...
2026-06-03 15:45:47,830 - Dataset loaded: 1622 samples
2026-06-03 15:45:47,831 - Number of unique proteins (groups): 906
2026-06-03 15:45:47,832 - 
Starting Bayesian Optimization...
2026-06-03 15:45:47,835 - 
============================================================
2026-06-03 15:45:47,835 - Trial 1
2026-06-03 15:45:47,835 - ============================================================
2026-06-03 15:45:47,835 - Hyperparameters:
2026-06-03 15:45:47,835 -   learning_rate: 1.567668e-04
2026-06-03 15:45:47,835 -   weight_decay: 7.257006e-04
2026-06-03 15:45:47,835 -   batch_size: 256
2026-06-03 15:45:47,835 -   epochs: 200
2026-06-03 15:46:55,966 - Cross-Validation Results:
2026-06-03 15:46:55,966 -   Mean MCC: 0.4740 ± 0.2208
2026-06-03 15:46:55,966 -   Fold MCCs: ['0.5761', '0.0361', '0.6095', '0.5347', '0.6134']
2026-06-03 15:46:55,966 -   Fold Best Epochs: [23, 1, 35, 25, 30]
2026-06-03 15:46:55,966 -   Recommended Final Epochs (median): 25
2026-06-03 15:46:55,969 - 
============================================================
2026-06-03 15:46:55,969 - Trial 2
2026-06-03 15:46:55,969 - ============================================================
2026-06-03 15:46:55,969 - Hyperparameters:
2026-06-03 15:46:55,969 -   learning_rate: 3.690558e-03
2026-06-03 15:46:55,969 -   weight_decay: 7.155682e-03
2026-06-03 15:46:55,969 -   batch_size: 512
2026-06-03 15:46:55,969 -   epochs: 200
2026-06-03 15:47:17,592 - Cross-Validation Results:
2026-06-03 15:47:17,593 -   Mean MCC: 0.1978 ± 0.2430
2026-06-03 15:47:17,593 -   Fold MCCs: ['0.0000', '0.4647', '0.0000', '0.5244', '0.0000']
2026-06-03 15:47:17,593 -   Fold Best Epochs: [1, 6, 1, 15, 1]
2026-06-03 15:47:17,593 -   Recommended Final Epochs (median): 1
2026-06-03 15:47:17,597 - 
============================================================
2026-06-03 15:47:17,597 - Trial 3
2026-06-03 15:47:17,597 - ============================================================
2026-06-03 15:47:17,597 - Hyperparameters:
2026-06-03 15:47:17,597 -   learning_rate: 1.923731e-06
2026-06-03 15:47:17,597 -   weight_decay: 2.231091e-06
2026-06-03 15:47:17,597 -   batch_size: 512
2026-06-03 15:47:17,597 -   epochs: 200
2026-06-03 15:47:34,013 - Cross-Validation Results:
2026-06-03 15:47:34,013 -   Mean MCC: 0.0041 ± 0.0373
2026-06-03 15:47:34,014 -   Fold MCCs: ['-0.0596', '0.0518', '0.0000', '0.0000', '0.0283']
2026-06-03 15:47:34,014 -   Fold Best Epochs: [1, 1, 1, 1, 11]
2026-06-03 15:47:34,014 -   Recommended Final Epochs (median): 1
2026-06-03 15:47:34,016 - 
============================================================
2026-06-03 15:47:34,016 - Trial 4
2026-06-03 15:47:34,016 - ============================================================
2026-06-03 15:47:34,016 - Hyperparameters:
2026-06-03 15:47:34,016 -   learning_rate: 1.572658e-03
2026-06-03 15:47:34,016 -   weight_decay: 7.013220e-05
2026-06-03 15:47:34,016 -   batch_size: 512
2026-06-03 15:47:34,016 -   epochs: 200
2026-06-03 15:48:09,099 - Cross-Validation Results:
2026-06-03 15:48:09,099 -   Mean MCC: 0.5301 ± 0.1132
2026-06-03 15:48:09,099 -   Fold MCCs: ['0.3196', '0.5709', '0.6621', '0.5471', '0.5509']
2026-06-03 15:48:09,099 -   Fold Best Epochs: [3, 16, 16, 8, 16]
2026-06-03 15:48:09,099 -   Recommended Final Epochs (median): 16
2026-06-03 15:48:09,101 - 
============================================================
2026-06-03 15:48:09,101 - Trial 5
2026-06-03 15:48:09,101 - ============================================================
2026-06-03 15:48:09,102 - Hyperparameters:
2026-06-03 15:48:09,102 -   learning_rate: 1.222907e-04
2026-06-03 15:48:09,102 -   weight_decay: 4.556672e-05
2026-06-03 15:48:09,102 -   batch_size: 64
2026-06-03 15:48:09,102 -   epochs: 200
2026-06-03 15:49:08,857 - Cross-Validation Results:
2026-06-03 15:49:08,858 -   Mean MCC: 0.6206 ± 0.0441
2026-06-03 15:49:08,858 -   Fold MCCs: ['0.6265', '0.6110', '0.7001', '0.5971', '0.5685']
2026-06-03 15:49:08,858 -   Fold Best Epochs: [11, 11, 21, 12, 11]
2026-06-03 15:49:08,858 -   Recommended Final Epochs (median): 11
2026-06-03 15:49:08,860 - 
============================================================
2026-06-03 15:49:08,860 - Trial 6
2026-06-03 15:49:08,860 - ============================================================
2026-06-03 15:49:08,860 - Hyperparameters:
2026-06-03 15:49:08,860 -   learning_rate: 2.954895e-04
2026-06-03 15:49:08,860 -   weight_decay: 2.807908e-04
2026-06-03 15:49:08,860 -   batch_size: 64
2026-06-03 15:49:08,860 -   epochs: 200
2026-06-03 15:50:04,324 - Cross-Validation Results:
2026-06-03 15:50:04,324 -   Mean MCC: 0.6338 ± 0.0338
2026-06-03 15:50:04,324 -   Fold MCCs: ['0.6413', '0.6480', '0.6849', '0.6077', '0.5873']
2026-06-03 15:50:04,324 -   Fold Best Epochs: [7, 11, 15, 16, 11]
2026-06-03 15:50:04,324 -   Recommended Final Epochs (median): 11
2026-06-03 15:50:04,326 - 
============================================================
2026-06-03 15:50:04,326 - Trial 7
2026-06-03 15:50:04,326 - ============================================================
2026-06-03 15:50:04,326 - Hyperparameters:
2026-06-03 15:50:04,326 -   learning_rate: 6.173405e-04
2026-06-03 15:50:04,326 -   weight_decay: 1.741413e-06
2026-06-03 15:50:04,326 -   batch_size: 64
2026-06-03 15:50:04,326 -   epochs: 200
2026-06-03 15:50:57,196 - Cross-Validation Results:
2026-06-03 15:50:57,196 -   Mean MCC: 0.5969 ± 0.0556
2026-06-03 15:50:57,197 -   Fold MCCs: ['0.6436', '0.5621', '0.6412', '0.5035', '0.6341']
2026-06-03 15:50:57,197 -   Fold Best Epochs: [16, 15, 6, 13, 8]
2026-06-03 15:50:57,197 -   Recommended Final Epochs (median): 13
2026-06-03 15:50:57,199 - 
============================================================
2026-06-03 15:50:57,199 - Trial 8
2026-06-03 15:50:57,199 - ============================================================
2026-06-03 15:50:57,199 - Hyperparameters:
2026-06-03 15:50:57,199 -   learning_rate: 2.849988e-05
2026-06-03 15:50:57,199 -   weight_decay: 1.908917e-04
2026-06-03 15:50:57,199 -   batch_size: 64
2026-06-03 15:50:57,199 -   epochs: 200
2026-06-03 15:52:46,078 - Cross-Validation Results:
2026-06-03 15:52:46,079 -   Mean MCC: 0.5643 ± 0.1157
2026-06-03 15:52:46,079 -   Fold MCCs: ['0.6253', '0.3793', '0.7300', '0.5615', '0.5253']
2026-06-03 15:52:46,079 -   Fold Best Epochs: [41, 9, 48, 37, 14]
2026-06-03 15:52:46,079 -   Recommended Final Epochs (median): 37
2026-06-03 15:52:46,081 - 
============================================================
2026-06-03 15:52:46,082 - Trial 9
2026-06-03 15:52:46,082 - ============================================================
2026-06-03 15:52:46,082 - Hyperparameters:
2026-06-03 15:52:46,082 -   learning_rate: 4.096692e-04
2026-06-03 15:52:46,082 -   weight_decay: 1.030781e-05
2026-06-03 15:52:46,082 -   batch_size: 512
2026-06-03 15:52:46,082 -   epochs: 200
2026-06-03 15:53:43,598 - Cross-Validation Results:
2026-06-03 15:53:43,599 -   Mean MCC: 0.6252 ± 0.0415
2026-06-03 15:53:43,599 -   Fold MCCs: ['0.6495', '0.6341', '0.6848', '0.5733', '0.5842']
2026-06-03 15:53:43,599 -   Fold Best Epochs: [18, 25, 30, 21, 17]
2026-06-03 15:53:43,599 -   Recommended Final Epochs (median): 21
2026-06-03 15:53:43,601 - 
============================================================
2026-06-03 15:53:43,601 - Trial 10
2026-06-03 15:53:43,601 - ============================================================
2026-06-03 15:53:43,601 - Hyperparameters:
2026-06-03 15:53:43,601 -   learning_rate: 3.570523e-06
2026-06-03 15:53:43,601 -   weight_decay: 6.114056e-06
2026-06-03 15:53:43,601 -   batch_size: 256
2026-06-03 15:53:43,601 -   epochs: 200
2026-06-03 15:54:04,313 - Cross-Validation Results:
2026-06-03 15:54:04,313 -   Mean MCC: -0.0210 ± 0.0239
2026-06-03 15:54:04,313 -   Fold MCCs: ['0.0000', '-0.0480', '-0.0522', '0.0000', '-0.0049']
2026-06-03 15:54:04,313 -   Fold Best Epochs: [1, 1, 9, 1, 5]
2026-06-03 15:54:04,313 -   Recommended Final Epochs (median): 1
2026-06-03 15:54:04,319 - 
============================================================
2026-06-03 15:54:04,319 - Trial 11
2026-06-03 15:54:04,319 - ============================================================
2026-06-03 15:54:04,320 - Hyperparameters:
2026-06-03 15:54:04,320 -   learning_rate: 1.770133e-05
2026-06-03 15:54:04,320 -   weight_decay: 7.951694e-03
2026-06-03 15:54:04,320 -   batch_size: 128
2026-06-03 15:54:04,320 -   epochs: 200
2026-06-03 15:54:57,674 - Cross-Validation Results:
2026-06-03 15:54:57,674 -   Mean MCC: 0.2287 ± 0.2278
2026-06-03 15:54:57,674 -   Fold MCCs: ['0.6185', '0.0763', '0.3505', '0.0982', '0.0000']
2026-06-03 15:54:57,674 -   Fold Best Epochs: [61, 7, 14, 9, 2]
2026-06-03 15:54:57,674 -   Recommended Final Epochs (median): 9
2026-06-03 15:54:57,681 - 
============================================================
2026-06-03 15:54:57,681 - Trial 12
2026-06-03 15:54:57,681 - ============================================================
2026-06-03 15:54:57,681 - Hyperparameters:
2026-06-03 15:54:57,681 -   learning_rate: 2.811838e-04
2026-06-03 15:54:57,681 -   weight_decay: 1.649487e-05
2026-06-03 15:54:57,682 -   batch_size: 32
2026-06-03 15:54:57,682 -   epochs: 200
2026-06-03 15:56:09,655 - Cross-Validation Results:
2026-06-03 15:56:09,656 -   Mean MCC: 0.6148 ± 0.0263
2026-06-03 15:56:09,656 -   Fold MCCs: ['0.6139', '0.6050', '0.6618', '0.5807', '0.6125']
2026-06-03 15:56:09,656 -   Fold Best Epochs: [7, 8, 11, 7, 9]
2026-06-03 15:56:09,656 -   Recommended Final Epochs (median): 8
2026-06-03 15:56:09,662 - 
============================================================
2026-06-03 15:56:09,662 - Trial 13
2026-06-03 15:56:09,662 - ============================================================
2026-06-03 15:56:09,663 - Hyperparameters:
2026-06-03 15:56:09,663 -   learning_rate: 4.950200e-05
2026-06-03 15:56:09,663 -   weight_decay: 8.680211e-04
2026-06-03 15:56:09,663 -   batch_size: 32
2026-06-03 15:56:09,663 -   epochs: 200
2026-06-03 15:58:13,386 - Cross-Validation Results:
2026-06-03 15:58:13,386 -   Mean MCC: 0.6116 ± 0.0370
2026-06-03 15:58:13,387 -   Fold MCCs: ['0.6056', '0.6001', '0.6806', '0.5688', '0.6031']
2026-06-03 15:58:13,387 -   Fold Best Epochs: [16, 16, 23, 10, 29]
2026-06-03 15:58:13,387 -   Recommended Final Epochs (median): 16
2026-06-03 15:58:13,393 - 
============================================================
2026-06-03 15:58:13,393 - Trial 14
2026-06-03 15:58:13,393 - ============================================================
2026-06-03 15:58:13,393 - Hyperparameters:
2026-06-03 15:58:13,393 -   learning_rate: 9.455334e-03
2026-06-03 15:58:13,393 -   weight_decay: 4.324234e-04
2026-06-03 15:58:13,393 -   batch_size: 128
2026-06-03 15:58:13,393 -   epochs: 200
2026-06-03 15:58:27,465 - Cross-Validation Results:
2026-06-03 15:58:27,465 -   Mean MCC: 0.0000 ± 0.0000
2026-06-03 15:58:27,465 -   Fold MCCs: ['0.0000', '0.0000', '0.0000', '0.0000', '0.0000']
2026-06-03 15:58:27,465 -   Fold Best Epochs: [1, 1, 1, 1, 1]
2026-06-03 15:58:27,465 -   Recommended Final Epochs (median): 1
2026-06-03 15:58:27,471 - 
============================================================
2026-06-03 15:58:27,471 - Trial 15
2026-06-03 15:58:27,471 - ============================================================
2026-06-03 15:58:27,471 - Hyperparameters:
2026-06-03 15:58:27,471 -   learning_rate: 8.561771e-04
2026-06-03 15:58:27,471 -   weight_decay: 1.301867e-05
2026-06-03 15:58:27,471 -   batch_size: 64
2026-06-03 15:58:27,471 -   epochs: 200
2026-06-03 15:59:19,849 - Cross-Validation Results:
2026-06-03 15:59:19,849 -   Mean MCC: 0.5779 ± 0.0348
2026-06-03 15:59:19,850 -   Fold MCCs: ['0.6336', '0.5701', '0.5995', '0.5458', '0.5406']
2026-06-03 15:59:19,850 -   Fold Best Epochs: [7, 14, 14, 18, 3]
2026-06-03 15:59:19,850 -   Recommended Final Epochs (median): 14
2026-06-03 15:59:19,856 - 
============================================================
2026-06-03 15:59:19,856 - Trial 16
2026-06-03 15:59:19,856 - ============================================================
2026-06-03 15:59:19,856 - Hyperparameters:
2026-06-03 15:59:19,856 -   learning_rate: 3.647417e-04
2026-06-03 15:59:19,856 -   weight_decay: 2.826990e-03
2026-06-03 15:59:19,856 -   batch_size: 512
2026-06-03 15:59:19,856 -   epochs: 200
2026-06-03 16:00:06,268 - Cross-Validation Results:
2026-06-03 16:00:06,268 -   Mean MCC: 0.5895 ± 0.0433
2026-06-03 16:00:06,268 -   Fold MCCs: ['0.6558', '0.5803', '0.6168', '0.5647', '0.5299']
2026-06-03 16:00:06,268 -   Fold Best Epochs: [24, 21, 19, 16, 9]
2026-06-03 16:00:06,268 -   Recommended Final Epochs (median): 19
2026-06-03 16:00:06,274 - 
============================================================
2026-06-03 16:00:06,274 - Trial 17
2026-06-03 16:00:06,274 - ============================================================
2026-06-03 16:00:06,274 - Hyperparameters:
2026-06-03 16:00:06,274 -   learning_rate: 7.544015e-06
2026-06-03 16:00:06,274 -   weight_decay: 1.220597e-04
2026-06-03 16:00:06,274 -   batch_size: 512
2026-06-03 16:00:06,274 -   epochs: 200
2026-06-03 16:00:27,044 - Cross-Validation Results:
2026-06-03 16:00:27,045 -   Mean MCC: -0.0092 ± 0.0400
2026-06-03 16:00:27,045 -   Fold MCCs: ['-0.0005', '0.0000', '-0.0210', '0.0497', '-0.0744']
2026-06-03 16:00:27,045 -   Fold Best Epochs: [2, 1, 3, 17, 4]
2026-06-03 16:00:27,045 -   Recommended Final Epochs (median): 3
2026-06-03 16:00:27,050 - 
============================================================
2026-06-03 16:00:27,050 - Trial 18
2026-06-03 16:00:27,050 - ============================================================
2026-06-03 16:00:27,050 - Hyperparameters:
2026-06-03 16:00:27,050 -   learning_rate: 8.039945e-05
2026-06-03 16:00:27,050 -   weight_decay: 6.113470e-06
2026-06-03 16:00:27,050 -   batch_size: 64
2026-06-03 16:00:27,050 -   epochs: 200
2026-06-03 16:01:34,861 - Cross-Validation Results:
2026-06-03 16:01:34,861 -   Mean MCC: 0.6006 ± 0.0454
2026-06-03 16:01:34,861 -   Fold MCCs: ['0.6166', '0.5643', '0.6819', '0.5582', '0.5822']
2026-06-03 16:01:34,861 -   Fold Best Epochs: [13, 25, 23, 12, 8]
2026-06-03 16:01:34,861 -   Recommended Final Epochs (median): 13
2026-06-03 16:01:34,866 - 
============================================================
2026-06-03 16:01:34,867 - Trial 19
2026-06-03 16:01:34,867 - ============================================================
2026-06-03 16:01:34,867 - Hyperparameters:
2026-06-03 16:01:34,867 -   learning_rate: 1.929569e-03
2026-06-03 16:01:34,867 -   weight_decay: 2.829482e-05
2026-06-03 16:01:34,867 -   batch_size: 256
2026-06-03 16:01:34,867 -   epochs: 200
2026-06-03 16:02:06,264 - Cross-Validation Results:
2026-06-03 16:02:06,265 -   Mean MCC: 0.5534 ± 0.0482
2026-06-03 16:02:06,265 -   Fold MCCs: ['0.4950', '0.5454', '0.5512', '0.5338', '0.6416']
2026-06-03 16:02:06,265 -   Fold Best Epochs: [8, 7, 18, 8, 7]
2026-06-03 16:02:06,265 -   Recommended Final Epochs (median): 8
2026-06-03 16:02:06,271 - 
============================================================
2026-06-03 16:02:06,271 - Trial 20
2026-06-03 16:02:06,271 - ============================================================
2026-06-03 16:02:06,271 - Hyperparameters:
2026-06-03 16:02:06,271 -   learning_rate: 2.914491e-04
2026-06-03 16:02:06,271 -   weight_decay: 1.746910e-03
2026-06-03 16:02:06,271 -   batch_size: 32
2026-06-03 16:02:06,271 -   epochs: 200
2026-06-03 16:03:25,347 - Cross-Validation Results:
2026-06-03 16:03:25,348 -   Mean MCC: 0.5960 ± 0.0350
2026-06-03 16:03:25,348 -   Fold MCCs: ['0.6626', '0.5718', '0.5995', '0.5783', '0.5680']
2026-06-03 16:03:25,348 -   Fold Best Epochs: [6, 12, 6, 13, 14]
2026-06-03 16:03:25,348 -   Recommended Final Epochs (median): 12
2026-06-03 16:03:25,350 - 
======================================================================
2026-06-03 16:03:25,350 - OPTIMIZATION COMPLETED
2026-06-03 16:03:25,350 - ======================================================================
2026-06-03 16:03:25,352 - 
Number of finished trials: 20
2026-06-03 16:03:25,353 - Best trial: 6
2026-06-03 16:03:25,353 - Best MCC: 0.6338
2026-06-03 16:03:25,353 - 
Best hyperparameters:
2026-06-03 16:03:25,353 -   learning_rate: 2.954895e-04
2026-06-03 16:03:25,353 -   weight_decay: 2.807908e-04
2026-06-03 16:03:25,353 -   batch_size: 64
2026-06-03 16:03:25,353 - 
Recommended epochs for final training:
2026-06-03 16:03:25,354 -   Median of best epochs across folds: 11
2026-06-03 16:03:25,354 -   Best epochs per fold: [7, 11, 15, 16, 11]
2026-06-03 16:03:25,356 - 
Results saved to: bayesian_optimization/best_params_20260603_154546.json
2026-06-03 16:03:25,359 - All trials saved to: bayesian_optimization/all_trials_20260603_154546.json
2026-06-03 16:03:25,725 - 
Parameter Importance:
2026-06-03 16:03:25,725 -   learning_rate: 0.5534
2026-06-03 16:03:25,725 -   batch_size: 0.2666
2026-06-03 16:03:25,725 -   weight_decay: 0.1800
2026-06-03 16:03:25,741 - 
======================================================================
2026-06-03 16:03:25,742 - To use the best hyperparameters for final training:
2026-06-03 16:03:25,742 - ======================================================================
2026-06-03 16:03:25,742 -   batch_size = 64
2026-06-03 16:03:25,742 -   lr = 2.954895e-04
2026-06-03 16:03:25,742 -   weight_decay = 2.807908e-04
2026-06-03 16:03:25,742 -   epochs = 11  (median of best epochs across CV folds)
