2026-06-10 01:14:21,507 - ==============================
2026-06-10 01:14:21,507 - PLM Graph Model Training
2026-06-10 01:14:21,507 - ==============================
2026-06-10 01:14:21,507 - Hyperparameters:
2026-06-10 01:14:21,507 - Batch Size: 64
2026-06-10 01:14:21,507 - Learning Rate: 0.0002954895
2026-06-10 01:14:21,507 - Weight Decay: 0.0002807908
2026-06-10 01:14:21,507 - Epochs: 12
2026-06-10 01:14:21,507 - Node Feature Dimension: 1280
2026-06-10 01:14:21,507 - Sequence Feature Dimension: 21 (20 AA + 1 X)
2026-06-10 01:14:21,507 - Hidden Dimension: 128
2026-06-10 01:14:21,507 - ==============================
2026-06-10 01:14:21,507 - Loading training data from data/rice_train_embedding_graph_9.pt...
2026-06-10 01:14:24,168 - Epoch 1/12 - LR: 0.00029549 - Train Loss: 0.696
2026-06-10 01:14:24,933 - Epoch 2/12 - LR: 0.00029549 - Train Loss: 0.686
2026-06-10 01:14:25,625 - Epoch 3/12 - LR: 0.00029549 - Train Loss: 0.664
2026-06-10 01:14:26,338 - Epoch 4/12 - LR: 0.00029549 - Train Loss: 0.569
2026-06-10 01:14:27,054 - Epoch 5/12 - LR: 0.00029549 - Train Loss: 0.483
2026-06-10 01:14:27,782 - Epoch 6/12 - LR: 0.00029549 - Train Loss: 0.427
2026-06-10 01:14:28,468 - Epoch 7/12 - LR: 0.00029549 - Train Loss: 0.408
2026-06-10 01:14:29,165 - Epoch 8/12 - LR: 0.00029549 - Train Loss: 0.344
2026-06-10 01:14:29,858 - Epoch 9/12 - LR: 0.00029549 - Train Loss: 0.300
2026-06-10 01:14:30,584 - Epoch 10/12 - LR: 0.00029549 - Train Loss: 0.294
2026-06-10 01:14:31,326 - Epoch 11/12 - LR: 0.00029549 - Train Loss: 0.242
2026-06-10 01:14:32,003 - Epoch 12/12 - LR: 0.00029549 - Train Loss: 0.213
2026-06-10 01:14:32,023 - Model saved to ./models_rice/final_model.pth
2026-06-10 01:14:32,219 - Saved loss curve: ./models_rice/training_loss.png
2026-06-10 01:14:32,219 - ==============================
2026-06-10 01:14:32,219 - Evaluating on test set...
2026-06-10 01:14:32,291 - Test Metrics:
2026-06-10 01:14:32,291 - MCC       : 0.758
2026-06-10 01:14:32,291 - SN        : 0.933
2026-06-10 01:14:32,291 - SP        : 0.820
2026-06-10 01:14:32,291 - ACC       : 0.876
2026-06-10 01:14:32,291 - BACC      : 0.876
2026-06-10 01:14:32,291 - PRECISION : 0.838
2026-06-10 01:14:32,291 - F1        : 0.883
2026-06-10 01:14:32,291 - AUC       : 0.939
2026-06-10 01:14:32,291 - AUCPR     : 0.937
