2026-06-03 16:09:26,304 - ==============================
2026-06-03 16:09:26,304 - PLM Graph Model Training
2026-06-03 16:09:26,304 - ==============================
2026-06-03 16:09:26,304 - Hyperparameters:
2026-06-03 16:09:26,304 - Batch Size: 64
2026-06-03 16:09:26,304 - Learning Rate: 0.0002954895
2026-06-03 16:09:26,304 - Weight Decay: 0.0002807908
2026-06-03 16:09:26,304 - Epochs: 11
2026-06-03 16:09:26,304 - Node Feature Dimension: 1280
2026-06-03 16:09:26,304 - Sequence Feature Dimension: 21 (20 AA + 1 X)
2026-06-03 16:09:26,304 - Hidden Dimension: 128
2026-06-03 16:09:26,304 - ==============================
2026-06-03 16:09:26,304 - Loading training data from data/rice_train_embedding_graph.pt...
2026-06-03 16:09:28,676 - Epoch 1/11 - LR: 0.00029549 - Train Loss: 0.698
2026-06-03 16:09:29,290 - Epoch 2/11 - LR: 0.00029549 - Train Loss: 0.665
2026-06-03 16:09:29,939 - Epoch 3/11 - LR: 0.00029549 - Train Loss: 0.554
2026-06-03 16:09:30,527 - Epoch 4/11 - LR: 0.00029549 - Train Loss: 0.470
2026-06-03 16:09:31,204 - Epoch 5/11 - LR: 0.00029549 - Train Loss: 0.436
2026-06-03 16:09:31,886 - Epoch 6/11 - LR: 0.00029549 - Train Loss: 0.391
2026-06-03 16:09:32,532 - Epoch 7/11 - LR: 0.00029549 - Train Loss: 0.347
2026-06-03 16:09:33,185 - Epoch 8/11 - LR: 0.00029549 - Train Loss: 0.288
2026-06-03 16:09:33,848 - Epoch 9/11 - LR: 0.00029549 - Train Loss: 0.242
2026-06-03 16:09:34,496 - Epoch 10/11 - LR: 0.00029549 - Train Loss: 0.219
2026-06-03 16:09:35,152 - Epoch 11/11 - LR: 0.00029549 - Train Loss: 0.190
2026-06-03 16:09:35,168 - Model saved to ./models_rice/final_model.pth
2026-06-03 16:09:35,453 - Saved loss curve: ./models_rice/training_loss.png
2026-06-03 16:09:35,453 - ==============================
2026-06-03 16:09:35,453 - Evaluating on test set...
2026-06-03 16:09:35,539 - Test Metrics:
2026-06-03 16:09:35,539 - MCC       : 0.731
2026-06-03 16:09:35,539 - SN        : 0.888
2026-06-03 16:09:35,539 - SP        : 0.843
2026-06-03 16:09:35,539 - ACC       : 0.865
2026-06-03 16:09:35,539 - BACC      : 0.865
2026-06-03 16:09:35,539 - PRECISION : 0.849
2026-06-03 16:09:35,539 - F1        : 0.868
2026-06-03 16:09:35,539 - AUC       : 0.931
2026-06-03 16:09:35,539 - AUCPR     : 0.926
