2026-06-02 15:11:18,709 - ============================================================
2026-06-02 15:11:18,710 - WINDOW SIZE: 21
2026-06-02 15:11:18,710 - ============================================================
2026-06-02 15:11:18,710 - Hyperparameters:
2026-06-02 15:11:18,710 -   Batch Size: 128
2026-06-02 15:11:18,710 -   Learning Rate: 0.0001
2026-06-02 15:11:18,710 -   Weight Decay: 0.001
2026-06-02 15:11:18,710 -   Epochs: 200
2026-06-02 15:11:18,710 -   K-Folds: 5
2026-06-02 15:11:18,710 -   Patience: 5
2026-06-02 15:11:18,710 -   Early Stop Metric: MCC
2026-06-02 15:11:18,710 -   Node Feature Dimension: 1280
2026-06-02 15:11:18,710 -   Sequence Window Size: 21
2026-06-02 15:11:18,710 -   Sequence Center Index: 10
2026-06-02 15:11:18,710 -   Hidden Dimension: 128
2026-06-02 15:11:18,710 -   LR Scheduler: ReduceLROnPlateau(factor=0.5, patience=3, min_lr=1e-06)
2026-06-02 15:11:18,710 -   Cross-Validation: GroupKFold (group = protein name)
2026-06-02 15:11:18,710 - ============================================================
2026-06-02 15:11:18,710 - Loading training data from data/train_21aa_embedding_graph.pt...
2026-06-02 15:11:20,395 - Number of unique proteins (groups): 1012
2026-06-02 15:11:20,396 - Proteins: AASDH, AATF, ABCF1, ABCF2, ABCF3, ABITRAM, ABRAXAS1, ACADVL, ACAT1, ACIN1, ACLY, ACO2, ACOT13, ACOT9, ACSF2, ADAR, ADNP, AFF4, AGFG2, AGGF1, AHCYL2, AHSA1, AIF1L, AKAP8L, ALDH18A1, ALDH9A1, ALDOA, ALG9, ALKBH3, ALKBH5, ALYREF, ANLN, ANXA2, APBB1, APEX1, APIP, ARFGAP1, ARFGAP2, ARFIP1, ARID3A, ARID4B, ARL3, ARL6IP4, ARMC1, ARPC2, ARPC5, ARPIN, ASPSCR1, ATF7IP, ATG12, ATP5F1A, ATP5F1B, ATP5IF1, ATP5PD, ATP5PO, ATP6V1E1, ATP6V1G1, ATPAF1, ATXN2L, ATXN3, AUH, AURKA, BAG2, BBS9, BBX, BCLAF1, BLNK, BMS1, BRD2, BRD4, BRIX1, BRPF1, BTF3, BUB1B, BUD23, BUD31, C12orf45, C16orf87, C19orf47, C19orf53, C1orf131, C1orf174, C1orf198, C1orf52, C7orf50, C9orf78, CACYBP, CALD1, CALU, CANX, CAPZA1, CAPZB, CAST, CAVIN1, CBFB, CBX5, CC2D1A, CCDC117, CCDC124, CCDC137, CCDC59, CCDC71, CCDC82, CCDC86, CCNH, CCNK, CCNT1, CCT2, CCT3, CCT5, CCT8, CD2BP2, CDC37, CDC40, CDC5L, CDC73, CDCA2, CDK7, CDK9, CDKN2AIP, CDV3, CDYL, CENPV, CEP131, CFL1, CHAF1A, CHAF1B, CHAMP1, CHERP, CHMP1B, CHMP2A, CHMP2B, CHMP4B, CHMP5, CHRAC1, CHTOP, CIAPIN1, CKAP2L, CKS2, CLASRP, CLINT1, CMAS, CMTR1, CNN3, CNP, COIL, COPS7A, CORO1B, CPNE1, CPSF3, CREB1, CRIPT, CRNKL1, CRTC3, CS, CSNK2B, CSRP1, CTCF, CTDP1, CTTN, CUEDC2, CUL1, CUL3, CWC15, CWC22, CWC27, CXorf56, CYCS, CZIB, DAXX, DBNL, DBR1, DBT, DCPS, DCUN1D5, DDA1, DDB1, DDB2, DDHD1, DDX10, DDX17, DDX18, DDX21, DDX23, DDX24, DDX27, DDX31, DDX39B, DDX41, DDX42, DDX46, DDX47, DDX52, DEK, DFFA, DGCR8, DHX16, DHX36, DHX37, DHX38, DHX9, DIEXF, DIMT1, DIS3, DKC1, DLAT, DLG3, DLGAP4, DNAJA3, DNAJB1, DNAJC17, DNAJC8, DNTTIP2, DPF2, DR1, DRAP1, DTD1, DUS1L, DUS3L, DUT, EAF1, EBAG9, EBNA1BP2, ECHDC1, ECI1, ECI2, ECT2, EDC3, EDF1, EED, EEF1G, EHMT1, EIF1AD, EIF1AX, EIF2B3, EIF2S2, EIF3A, EIF3CL, EIF3D, EIF3E, EIF3G, EIF3J, EIF4A3, EIF4EBP1, EIF4G2, EIF4H, EIF5, EIF5A, EIF5B, ELAC2, ELAVL1, ELOA, ELOF1, EMD, EML4, EMSY, ENO1, ENSA, EPB41L2, EPC2, ERCC3, ERF, ESF1, ESRRA, ETFA, ETFB, EXOC1, EXOSC10, EYA3, FABP5, FAIM, FAM126A, FAM133B, FAM50A, FAM76B, FANCI, FBXO45, FEN1, FER, FH, FHL1, FIP1L1, FKBP3, FKBP4, FLYWCH2, FMC1, FNBP4, FOXK2, FRG1, G3BP1, GABPA, GATAD2A, GATB, GFM2, GGCX, GIGYF2, GINS3, GIPC1, GLRA1, GLS, GMNN, GMPR2, GNL3, GNL3L, GOT2, GPALPP1, GPATCH1, GPATCH11, GPI, GPKOW, GRPEL1, GSE1, GTF2E2, GTF2F1, GTF2F2, GTF2H1, GTF2I, GTF3C2, GTF3C4, GTF3C5, GTPBP1, GTSE1, H2BC18, H3C1, H4C1, HADHA, HADHB, HAT1, HDAC2, HDGFL2, HDLBP, HEATR3, HELLS, HEXIM1, HIBCH, HIC2, HINT1, HIRIP3, HLTF, HMBS, HMG20A, HMGA2, HMGN1, HMOX2, HNRNPA1, HNRNPC, HNRNPDL, HNRNPH1, HNRNPK, HNRNPL, HNRNPM, HNRNPR, HNRNPU, HSP90AA1, HSP90AB2P, HSPA4, HSPA9, HSPD1, HSPE1, IARS2, ICE2, IDH2, IGHMBP2, IK, ILF3, ILKAP, INCENP, INIP, INO80B, INTS10, INTS12, INTS4, IRF2, IRF2BP1, IRF2BP2, IWS1, JADE3, JPH2, JPT1, JPT2, KARS1, KAT7, KCTD16, KDM2B, KDM4A, KHDC4, KHDRBS1, KHSRP, KIAA1143, KIF22, KIF23, KIF2A, KIF4A, KIF5B, KIFC1, KIN, KPNA1, KRI1, KRR1, LARP1, LARP7, LASP1, LCORL, LDHA, LEMD3, LIG1, LIMA1, LMNA, LPP, LRPPRC, LRRC40, LRRC41, LRRC59, LSM14A, LUZP1, LYAR, LYSMD3, LZTS2, MACROD1, MACROH2A1, MAGED1, MAGED2, MAGOHB, MAP2K7, MAP4, MAPK13, MAPRE3, MASTL, MATR3, MB21D2, MBD1, MBD2, MCEE, MCM3, MCRS1, MCU, MDH2, ME2, MEAF6, MECP2, MED27, MED4, MED6, MEN1, MEPCE, METTL1, METTL16, MFAP1, MIDEAS, MKRN2, MLH1, MMAB, MMTAG2, MNAT1, MOB3A, MORF4L1, MPHOSPH6, MPHOSPH8, MRE11, MRPL12, MRPL44, MRPL47, MRPS28, MRTO4, MSH2, MSH6, MSL1, MSL3P1, MTA1, MTHFD1L, MTHFD2, MTREX, MVD, MYBBP1A, MYBL2, MYL6B, MYO6, N4BP1, NAB2, NACC1, NAMPT, NASP, NAT10, NBN, NCAPG, NCAPH, NCAPH2, NCBP1, NCBP3, NCK2, NCKAP1, NCL, NDUFAF4, NDUFAF7, NDUFV3, NEBL, NECAP1, NEFL, NELFA, NELFE, NEXN, NFIA, NFX1, NFYA, NHLRC2, NIFK, NIPSNAP3A, NKAP, NKIRAS2, NKRF, NNT, NOC3L, NOL11, NOL6, NOL7, NOL8, NOP14, NOP2, NOP56, NOP58, NOP9, NOSIP, NPM1, NSD2, NSFL1C, NSMCE4A, NSRP1, NUCKS1, NUDC, NUDT21, NUFIP2, NUP50, NUSAP1, NVL, OAT, OBI1, OCIAD1, OCLN, OGFR, OGT, OR4Q3, ORC2, ORC3, ORC4, OSBPL8, OTUD3, OTUD5, OTUD7B, OXCT1, PA2G4, PACS1, PAICS, PAK1IP1, PAPSS1, PARD3, PARN, PARP1, PARVB, PATZ1, PAWR, PAXIP1, PAXX, PBK, PCBP2, PCGF1, PCLAF, PCNA, PCNP, PDAP1, PDCD4, PDCD5, PDCL3, PDHA1, PDLIM1, PDLIM3, PDLIM5, PELP1, PES1, PFDN2, PFKP, PGAM1, PHAX, PHB2, PHC1, PHC2, PHC3, PHF10, PHF2, PHF20L1, PHF21A, PHF23, PHF5A, PHF6, PHLDB2, PIN4, PKN2, PLK1, PLS3, PML, PMPCB, PMS2, PNKP, PNN, PNPT1, POC5, POLA2, POLD1, POLD2, POLD3, POLD4, POLE4, POLR1G, POM121, PPA2, PPAN, PPFIA1, PPIL2, PPIL4, PPM1G, PPME1, PPP1CA, PPP1R11, PPP1R14C, PPP1R2, PPP2R5D, PPP4R3A, PPWD1, PQBP1, PRCC, PRDX3, PRKRIP1, PRMT5, PRORP, PRPF3, PRPF31, PRPF38B, PRPF4, PRPF6, PRR15, PRR3, PSIP1, PSMA8, PSMD3, PSMD4, PSMD9, PSME3IP1, PTBP1, PTCD3, PTMS, PTPN11, PTPN2, PTRHD1, PUF60, PUM3, PWP2, PWWP2A, PYROXD1, QRICH1, RACGAP1, RAD17, RAD21, RAD51AP1, RAN, RANBP3, RB1, RBBP4, RBBP5, RBM10, RBM14, RBM15, RBM17, RBM20, RBM22, RBM25, RBM26, RBM27, RBM28, RBM33, RBM39, RBM6, RBMX, RCC1, RCC2, RDX, RECQL, RECQL5, REXO1, REXO2, RFC1, RFX5, RIOX2, RNASEH2B, RNF113A, RNF114, RNF169, RNF40, RNGTT, RNMT, RPA1, RPAP2, RPL10, RPL10A, RPL11, RPL13, RPL14, RPL17, RPL18A, RPL19, RPL21, RPL22, RPL23A, RPL24, RPL27, RPL27A, RPL28, RPL29, RPL3, RPL30, RPL31, RPL34, RPL36, RPL4, RPL5, RPL7A, RPL7L1, RPL9, RPP30, RPP38, RPS10, RPS11, RPS14, RPS19, RPS20, RPS23, RPS25, RPS27A, RPS3, RPS3A, RPS4X, RPS6, RPS6KA4, RPS6KB1, RPS7, RPS8, RPS9, RPSA, RRN3, RRP12, RRP1B, RRP8, RRS1, RSBN1L, RSL1D1, RSRC2, RTEL1, RTF1, RTF2, RTKN, RYBP, S100A10, S100A11, SAE1, SAFB2, SAMHD1, SAP30, SAP30BP, SARNP, SARS2, SART1, SART3, SATB2, SCML2, SCNM1, SDAD1, SDHA, SEC61B, SEC63, SELENOH, SENP3, SENP6, SEPTIN2, SEPTIN9, SERF2, SET, SETD3, SETDB1, SF1, SF3A1, SF3A2, SF3A3, SF3B1, SF3B2, SFMBT1, SFPQ, SH3GL1, SH3GLB1, SHMT2, SIN3A, SIN3B, SINHCAF, SIRPA, SLBP, SLC25A3, SLC25A5, SLC27A4, SLC4A1AP, SLC6A7, SLTM, SLU7, SMAP, SMARCA1, SMARCAD1, SMARCAL1, SMARCC2, SMC3, SMC4, SMC5, SMN1, SMNDC1, SNCA, SNF8, SNRNP27, SNRNP40, SNRPA, SNRPA1, SNRPE, SNW1, SNX6, SNX9, SOD2, SPAG7, SPART, SPECC1L, SRBD1, SREK1, SRP14, SRRM1, SRSF10, SRSF3, SRSF4, SS18, SSB, SSRP1, STAG1, STARD13, STAT6, STIM1, STIP1, STK38L, STMN2, STOML2, STRN3, STT3B, SUB1, SUCLA2, SUDS3, SUGP1, SUGP2, SUMO2, SUPT16H, SUPT5H, SURF6, SUZ12, SYMPK, TAF3, TAF6L, TAGLN2, TASP1, TBC1D13, TBC1D24, TBCB, TBL3, TCF19, TCF25, TCF3, TDP1, TERF2, TERF2IP, TES, TESK2, TEX10, TFIP11, THAP12, THAP4, THOC5, THRAP3, THUMPD1, THUMPD2, THYN1, TIMELESS, TIMM44, TK1, TLE3, TLK2, TMA16, TMLHE, TMPO, TOM1L1, TOP1, TOX4, TP53I11, TP73, TPX2, TRA2B, TRIM28, TRIM33, TRIR, TRMT1, TRMT10A, TRMT6, TRPS1, TSNAX, TSR1, TTC12, TTC33, TTLL12, TUFM, TUT1, TXNDC9, U2SURP, UBA1, UBE2E3, UBE2K, UBE2M, UBE2S, UBE2V2, UBN1, UBXN1, UBXN7, UHRF1, UIMC1, UNC119B, UNC45A, UPF1, UQCRC2, USP10, USP13, USP22, USP48, UTP11, UTP14A, UTP18, UTP3, VCPIP1, VPS33B, VPS72, VRK1, WAC, WAPL, WBP11, WBP4, WDHD1, WDR12, WDR33, WDR4, WDR43, WDR45B, WDR46, WDR70, WIZ, XPC, XPO5, XRCC4, XRCC5, XRCC6, YAP1, YARS1, YTHDC1, YWHAH, YY1, ZBTB34, ZBTB4, ZBTB7A, ZBTB7B, ZC3H11A, ZC3H14, ZC3H15, ZC3H4, ZC3H8, ZC3HC1, ZCCHC8, ZFAND6, ZFP91, ZFR, ZHX3, ZMAT2, ZMYM3, ZMYND8, ZNF148, ZNF174, ZNF207, ZNF217, ZNF280C, ZNF326, ZNF384, ZNF512, ZNF512B, ZNF516, ZNF592, ZNF618, ZNF639, ZNF644, ZNF687, ZNF706, ZNF787, ZNF800, ZNF804B, ZNF830, ZRANB1, ZRANB2, ZYX, ZZZ3
2026-06-02 15:11:20,412 - ===== Fold 1/5 (train proteins: 809, val proteins: 203) =====
2026-06-02 15:11:22,186 - Epoch 1/200 - LR: 0.0001 - Train Loss: 0.6946 - Val Loss: 0.6884
2026-06-02 15:11:23,027 - Epoch 2/200 - LR: 0.0001 - Train Loss: 0.6912 - Val Loss: 0.6853
2026-06-02 15:11:23,881 - Epoch 3/200 - LR: 0.0001 - Train Loss: 0.6876 - Val Loss: 0.6669
2026-06-02 15:11:24,711 - Epoch 4/200 - LR: 0.0001 - Train Loss: 0.6695 - Val Loss: 0.6198
2026-06-02 15:11:25,524 - Epoch 5/200 - LR: 0.0001 - Train Loss: 0.6253 - Val Loss: 0.6236
2026-06-02 15:11:26,435 - Epoch 6/200 - LR: 0.0001 - Train Loss: 0.5809 - Val Loss: 0.6089
2026-06-02 15:11:27,382 - Epoch 7/200 - LR: 0.0001 - Train Loss: 0.5650 - Val Loss: 0.5995
2026-06-02 15:11:28,269 - Epoch 8/200 - LR: 0.0001 - Train Loss: 0.5452 - Val Loss: 0.5980
2026-06-02 15:11:29,077 - Epoch 9/200 - LR: 0.0001 - Train Loss: 0.5206 - Val Loss: 0.5900
2026-06-02 15:11:29,868 - Epoch 10/200 - LR: 0.0001 - Train Loss: 0.4960 - Val Loss: 0.5953
2026-06-02 15:11:30,680 - Epoch 11/200 - LR: 0.0001 - Train Loss: 0.4986 - Val Loss: 0.6262
2026-06-02 15:11:31,597 - Epoch 12/200 - LR: 0.0001 - Train Loss: 0.4838 - Val Loss: 0.6211
2026-06-02 15:11:32,439 - Epoch 13/200 - LR: 0.0001 - Train Loss: 0.4739 - Val Loss: 0.5778
2026-06-02 15:11:33,268 - Epoch 14/200 - LR: 0.0001 - Train Loss: 0.4519 - Val Loss: 0.6027
2026-06-02 15:11:34,148 - Epoch 15/200 - LR: 0.0001 - Train Loss: 0.4570 - Val Loss: 0.5851
2026-06-02 15:11:34,992 - Epoch 16/200 - LR: 0.0001 - Train Loss: 0.4374 - Val Loss: 0.5958
2026-06-02 15:11:35,936 - Epoch 17/200 - LR: 0.0001 - Train Loss: 0.4274 - Val Loss: 0.5857
2026-06-02 15:11:36,841 - Epoch 18/200 - LR: 0.0001 - Train Loss: 0.4254 - Val Loss: 0.6048
2026-06-02 15:11:37,676 - Epoch 19/200 - LR: 0.0001 - Train Loss: 0.4123 - Val Loss: 0.5969
2026-06-02 15:11:38,512 - Epoch 20/200 - LR: 0.0001 - Train Loss: 0.3970 - Val Loss: 0.6057
2026-06-02 15:11:39,356 - Epoch 21/200 - LR: 5e-05 - Train Loss: 0.3805 - Val Loss: 0.6266
2026-06-02 15:11:40,166 - Epoch 22/200 - LR: 5e-05 - Train Loss: 0.3773 - Val Loss: 0.6097
2026-06-02 15:11:41,080 - Epoch 23/200 - LR: 5e-05 - Train Loss: 0.3512 - Val Loss: 0.6474
2026-06-02 15:11:42,163 - Epoch 24/200 - LR: 5e-05 - Train Loss: 0.3574 - Val Loss: 0.6399
2026-06-02 15:11:43,183 - Epoch 25/200 - LR: 5e-05 - Train Loss: 0.3561 - Val Loss: 0.6396
2026-06-02 15:11:44,104 - Epoch 26/200 - LR: 5e-05 - Train Loss: 0.3368 - Val Loss: 0.6511
2026-06-02 15:11:45,040 - Epoch 27/200 - LR: 5e-05 - Train Loss: 0.3322 - Val Loss: 0.6684
2026-06-02 15:11:46,001 - Epoch 28/200 - LR: 5e-05 - Train Loss: 0.3378 - Val Loss: 0.6804
2026-06-02 15:11:47,011 - Epoch 29/200 - LR: 2.5e-05 - Train Loss: 0.3118 - Val Loss: 0.6930
2026-06-02 15:11:47,011 - Early stopping at epoch 29 (best MCC=0.5091)
2026-06-02 15:11:47,011 - Fold 1 Best Metrics:
2026-06-02 15:11:47,011 -   MCC       : 0.5091
2026-06-02 15:11:47,011 -   SN        : 0.8092
2026-06-02 15:11:47,011 -   SP        : 0.6957
2026-06-02 15:11:47,011 -   ACC       : 0.7552
2026-06-02 15:11:47,011 -   BACC      : 0.7524
2026-06-02 15:11:47,011 -   PRECISION : 0.7455
2026-06-02 15:11:47,012 -   F1        : 0.7760
2026-06-02 15:11:47,012 -   AUC       : 0.8205
2026-06-02 15:11:47,012 -   AUCPR     : 0.8265
2026-06-02 15:11:47,013 - ===== Fold 2/5 (train proteins: 810, val proteins: 202) =====
2026-06-02 15:11:48,000 - Epoch 1/200 - LR: 0.0001 - Train Loss: 0.7000 - Val Loss: 0.6902
2026-06-02 15:11:48,960 - Epoch 2/200 - LR: 0.0001 - Train Loss: 0.6917 - Val Loss: 0.6870
2026-06-02 15:11:49,868 - Epoch 3/200 - LR: 0.0001 - Train Loss: 0.6877 - Val Loss: 0.6647
2026-06-02 15:11:50,838 - Epoch 4/200 - LR: 0.0001 - Train Loss: 0.6695 - Val Loss: 0.6262
2026-06-02 15:11:51,888 - Epoch 5/200 - LR: 0.0001 - Train Loss: 0.6312 - Val Loss: 0.5921
2026-06-02 15:11:52,947 - Epoch 6/200 - LR: 0.0001 - Train Loss: 0.6020 - Val Loss: 0.5813
2026-06-02 15:11:53,959 - Epoch 7/200 - LR: 0.0001 - Train Loss: 0.5782 - Val Loss: 0.5646
2026-06-02 15:11:54,966 - Epoch 8/200 - LR: 0.0001 - Train Loss: 0.5564 - Val Loss: 0.5595
2026-06-02 15:11:55,952 - Epoch 9/200 - LR: 0.0001 - Train Loss: 0.5488 - Val Loss: 0.5634
2026-06-02 15:11:56,967 - Epoch 10/200 - LR: 0.0001 - Train Loss: 0.5262 - Val Loss: 0.5403
2026-06-02 15:11:57,987 - Epoch 11/200 - LR: 0.0001 - Train Loss: 0.5089 - Val Loss: 0.5398
2026-06-02 15:11:59,052 - Epoch 12/200 - LR: 0.0001 - Train Loss: 0.5029 - Val Loss: 0.5438
2026-06-02 15:12:00,093 - Epoch 13/200 - LR: 0.0001 - Train Loss: 0.5078 - Val Loss: 0.5402
2026-06-02 15:12:01,084 - Epoch 14/200 - LR: 0.0001 - Train Loss: 0.4786 - Val Loss: 0.5491
2026-06-02 15:12:02,154 - Epoch 15/200 - LR: 0.0001 - Train Loss: 0.4780 - Val Loss: 0.5469
2026-06-02 15:12:03,186 - Epoch 16/200 - LR: 5e-05 - Train Loss: 0.4491 - Val Loss: 0.5450
2026-06-02 15:12:04,203 - Epoch 17/200 - LR: 5e-05 - Train Loss: 0.4380 - Val Loss: 0.5525
2026-06-02 15:12:05,204 - Epoch 18/200 - LR: 5e-05 - Train Loss: 0.4384 - Val Loss: 0.5563
2026-06-02 15:12:06,187 - Epoch 19/200 - LR: 5e-05 - Train Loss: 0.4303 - Val Loss: 0.5546
2026-06-02 15:12:07,297 - Epoch 20/200 - LR: 5e-05 - Train Loss: 0.4213 - Val Loss: 0.5674
2026-06-02 15:12:08,328 - Epoch 21/200 - LR: 2.5e-05 - Train Loss: 0.4084 - Val Loss: 0.5653
2026-06-02 15:12:08,328 - Early stopping at epoch 21 (best MCC=0.5309)
2026-06-02 15:12:08,328 - Fold 2 Best Metrics:
2026-06-02 15:12:08,328 -   MCC       : 0.5309
2026-06-02 15:12:08,328 -   SN        : 0.8322
2026-06-02 15:12:08,328 -   SP        : 0.6935
2026-06-02 15:12:08,328 -   ACC       : 0.7629
2026-06-02 15:12:08,328 -   BACC      : 0.7629
2026-06-02 15:12:08,328 -   PRECISION : 0.7313
2026-06-02 15:12:08,328 -   F1        : 0.7785
2026-06-02 15:12:08,328 -   AUC       : 0.8306
2026-06-02 15:12:08,328 -   AUCPR     : 0.8109
2026-06-02 15:12:08,331 - ===== Fold 3/5 (train proteins: 810, val proteins: 202) =====
2026-06-02 15:12:09,430 - Epoch 1/200 - LR: 0.0001 - Train Loss: 0.7001 - Val Loss: 0.6942
2026-06-02 15:12:10,457 - Epoch 2/200 - LR: 0.0001 - Train Loss: 0.6930 - Val Loss: 0.6887
2026-06-02 15:12:11,503 - Epoch 3/200 - LR: 0.0001 - Train Loss: 0.6881 - Val Loss: 0.6579
2026-06-02 15:12:12,564 - Epoch 4/200 - LR: 0.0001 - Train Loss: 0.6702 - Val Loss: 0.5999
2026-06-02 15:12:13,691 - Epoch 5/200 - LR: 0.0001 - Train Loss: 0.6320 - Val Loss: 0.5733
2026-06-02 15:12:14,695 - Epoch 6/200 - LR: 0.0001 - Train Loss: 0.6015 - Val Loss: 0.5533
2026-06-02 15:12:15,796 - Epoch 7/200 - LR: 0.0001 - Train Loss: 0.5607 - Val Loss: 0.5473
2026-06-02 15:12:16,999 - Epoch 8/200 - LR: 0.0001 - Train Loss: 0.5557 - Val Loss: 0.5499
2026-06-02 15:12:17,954 - Epoch 9/200 - LR: 0.0001 - Train Loss: 0.5434 - Val Loss: 0.5555
2026-06-02 15:12:18,851 - Epoch 10/200 - LR: 0.0001 - Train Loss: 0.5213 - Val Loss: 0.5366
2026-06-02 15:12:19,824 - Epoch 11/200 - LR: 0.0001 - Train Loss: 0.5064 - Val Loss: 0.5450
2026-06-02 15:12:20,771 - Epoch 12/200 - LR: 0.0001 - Train Loss: 0.4946 - Val Loss: 0.5629
2026-06-02 15:12:21,778 - Epoch 13/200 - LR: 0.0001 - Train Loss: 0.4746 - Val Loss: 0.5727
2026-06-02 15:12:22,787 - Epoch 14/200 - LR: 0.0001 - Train Loss: 0.4620 - Val Loss: 0.5665
2026-06-02 15:12:23,888 - Epoch 15/200 - LR: 0.0001 - Train Loss: 0.4554 - Val Loss: 0.5540
2026-06-02 15:12:24,952 - Epoch 16/200 - LR: 0.0001 - Train Loss: 0.4526 - Val Loss: 0.5846
2026-06-02 15:12:25,945 - Epoch 17/200 - LR: 0.0001 - Train Loss: 0.4392 - Val Loss: 0.5797
2026-06-02 15:12:26,949 - Epoch 18/200 - LR: 0.0001 - Train Loss: 0.4324 - Val Loss: 0.5743
2026-06-02 15:12:27,995 - Epoch 19/200 - LR: 0.0001 - Train Loss: 0.4087 - Val Loss: 0.5883
2026-06-02 15:12:29,121 - Epoch 20/200 - LR: 0.0001 - Train Loss: 0.3931 - Val Loss: 0.6275
2026-06-02 15:12:30,129 - Epoch 21/200 - LR: 0.0001 - Train Loss: 0.3773 - Val Loss: 0.6095
2026-06-02 15:12:31,080 - Epoch 22/200 - LR: 5e-05 - Train Loss: 0.3800 - Val Loss: 0.6228
2026-06-02 15:12:31,080 - Early stopping at epoch 22 (best MCC=0.5039)
2026-06-02 15:12:31,080 - Fold 3 Best Metrics:
2026-06-02 15:12:31,080 -   MCC       : 0.5039
2026-06-02 15:12:31,080 -   SN        : 0.8213
2026-06-02 15:12:31,080 -   SP        : 0.6768
2026-06-02 15:12:31,080 -   ACC       : 0.7503
2026-06-02 15:12:31,080 -   BACC      : 0.7490
2026-06-02 15:12:31,080 -   PRECISION : 0.7246
2026-06-02 15:12:31,080 -   F1        : 0.7699
2026-06-02 15:12:31,080 -   AUC       : 0.8299
2026-06-02 15:12:31,080 -   AUCPR     : 0.8351
2026-06-02 15:12:31,082 - ===== Fold 4/5 (train proteins: 810, val proteins: 202) =====
2026-06-02 15:12:32,091 - Epoch 1/200 - LR: 0.0001 - Train Loss: 0.6949 - Val Loss: 0.6913
2026-06-02 15:12:33,059 - Epoch 2/200 - LR: 0.0001 - Train Loss: 0.6935 - Val Loss: 0.6876
2026-06-02 15:12:34,040 - Epoch 3/200 - LR: 0.0001 - Train Loss: 0.6885 - Val Loss: 0.6736
2026-06-02 15:12:35,046 - Epoch 4/200 - LR: 0.0001 - Train Loss: 0.6759 - Val Loss: 0.6359
2026-06-02 15:12:36,061 - Epoch 5/200 - LR: 0.0001 - Train Loss: 0.6345 - Val Loss: 0.6298
2026-06-02 15:12:37,072 - Epoch 6/200 - LR: 0.0001 - Train Loss: 0.5952 - Val Loss: 0.6143
2026-06-02 15:12:38,109 - Epoch 7/200 - LR: 0.0001 - Train Loss: 0.5689 - Val Loss: 0.6344
2026-06-02 15:12:39,130 - Epoch 8/200 - LR: 0.0001 - Train Loss: 0.5595 - Val Loss: 0.5836
2026-06-02 15:12:40,195 - Epoch 9/200 - LR: 0.0001 - Train Loss: 0.5387 - Val Loss: 0.5899
2026-06-02 15:12:41,228 - Epoch 10/200 - LR: 0.0001 - Train Loss: 0.5280 - Val Loss: 0.6166
2026-06-02 15:12:42,190 - Epoch 11/200 - LR: 0.0001 - Train Loss: 0.5200 - Val Loss: 0.5595
2026-06-02 15:12:43,162 - Epoch 12/200 - LR: 0.0001 - Train Loss: 0.5118 - Val Loss: 0.5531
2026-06-02 15:12:44,154 - Epoch 13/200 - LR: 0.0001 - Train Loss: 0.5019 - Val Loss: 0.5460
2026-06-02 15:12:45,131 - Epoch 14/200 - LR: 0.0001 - Train Loss: 0.4856 - Val Loss: 0.5543
2026-06-02 15:12:46,090 - Epoch 15/200 - LR: 0.0001 - Train Loss: 0.4718 - Val Loss: 0.6099
2026-06-02 15:12:47,083 - Epoch 16/200 - LR: 0.0001 - Train Loss: 0.4781 - Val Loss: 0.5591
2026-06-02 15:12:48,049 - Epoch 17/200 - LR: 0.0001 - Train Loss: 0.4464 - Val Loss: 0.5496
2026-06-02 15:12:49,029 - Epoch 18/200 - LR: 0.0001 - Train Loss: 0.4325 - Val Loss: 0.5613
2026-06-02 15:12:50,022 - Epoch 19/200 - LR: 0.0001 - Train Loss: 0.4249 - Val Loss: 0.5625
2026-06-02 15:12:50,993 - Epoch 20/200 - LR: 0.0001 - Train Loss: 0.4063 - Val Loss: 0.6006
2026-06-02 15:12:51,973 - Epoch 21/200 - LR: 0.0001 - Train Loss: 0.3931 - Val Loss: 0.5856
2026-06-02 15:12:52,896 - Epoch 22/200 - LR: 0.0001 - Train Loss: 0.3668 - Val Loss: 0.6383
2026-06-02 15:12:53,841 - Epoch 23/200 - LR: 0.0001 - Train Loss: 0.3698 - Val Loss: 0.5913
2026-06-02 15:12:54,784 - Epoch 24/200 - LR: 5e-05 - Train Loss: 0.3424 - Val Loss: 0.6028
2026-06-02 15:12:54,784 - Early stopping at epoch 24 (best MCC=0.5315)
2026-06-02 15:12:54,784 - Fold 4 Best Metrics:
2026-06-02 15:12:54,784 -   MCC       : 0.5315
2026-06-02 15:12:54,784 -   SN        : 0.8099
2026-06-02 15:12:54,784 -   SP        : 0.7201
2026-06-02 15:12:54,784 -   ACC       : 0.7641
2026-06-02 15:12:54,784 -   BACC      : 0.7650
2026-06-02 15:12:54,785 -   PRECISION : 0.7356
2026-06-02 15:12:54,785 -   F1        : 0.7709
2026-06-02 15:12:54,785 -   AUC       : 0.8251
2026-06-02 15:12:54,785 -   AUCPR     : 0.8052
2026-06-02 15:12:54,786 - ===== Fold 5/5 (train proteins: 809, val proteins: 203) =====
2026-06-02 15:12:55,752 - Epoch 1/200 - LR: 0.0001 - Train Loss: 0.6961 - Val Loss: 0.6900
2026-06-02 15:12:56,724 - Epoch 2/200 - LR: 0.0001 - Train Loss: 0.6933 - Val Loss: 0.6909
2026-06-02 15:12:57,688 - Epoch 3/200 - LR: 0.0001 - Train Loss: 0.6921 - Val Loss: 0.6891
2026-06-02 15:12:58,644 - Epoch 4/200 - LR: 0.0001 - Train Loss: 0.6894 - Val Loss: 0.6758
2026-06-02 15:12:59,580 - Epoch 5/200 - LR: 0.0001 - Train Loss: 0.6825 - Val Loss: 0.6399
2026-06-02 15:13:00,525 - Epoch 6/200 - LR: 0.0001 - Train Loss: 0.6497 - Val Loss: 0.5918
2026-06-02 15:13:01,444 - Epoch 7/200 - LR: 0.0001 - Train Loss: 0.6155 - Val Loss: 0.5818
2026-06-02 15:13:02,353 - Epoch 8/200 - LR: 0.0001 - Train Loss: 0.5912 - Val Loss: 0.5473
2026-06-02 15:13:03,413 - Epoch 9/200 - LR: 0.0001 - Train Loss: 0.5663 - Val Loss: 0.5349
2026-06-02 15:13:04,446 - Epoch 10/200 - LR: 0.0001 - Train Loss: 0.5533 - Val Loss: 0.5855
2026-06-02 15:13:05,395 - Epoch 11/200 - LR: 0.0001 - Train Loss: 0.5353 - Val Loss: 0.5066
2026-06-02 15:13:06,324 - Epoch 12/200 - LR: 0.0001 - Train Loss: 0.5044 - Val Loss: 0.5051
2026-06-02 15:13:07,242 - Epoch 13/200 - LR: 0.0001 - Train Loss: 0.5054 - Val Loss: 0.5403
2026-06-02 15:13:08,188 - Epoch 14/200 - LR: 0.0001 - Train Loss: 0.4882 - Val Loss: 0.5213
2026-06-02 15:13:09,125 - Epoch 15/200 - LR: 0.0001 - Train Loss: 0.4693 - Val Loss: 0.5061
2026-06-02 15:13:10,078 - Epoch 16/200 - LR: 5e-05 - Train Loss: 0.4702 - Val Loss: 0.5051
2026-06-02 15:13:10,078 - Early stopping at epoch 16 (best MCC=0.5471)
2026-06-02 15:13:10,078 - Fold 5 Best Metrics:
2026-06-02 15:13:10,078 -   MCC       : 0.5471
2026-06-02 15:13:10,078 -   SN        : 0.8599
2026-06-02 15:13:10,078 -   SP        : 0.6813
2026-06-02 15:13:10,078 -   ACC       : 0.7664
2026-06-02 15:13:10,078 -   BACC      : 0.7706
2026-06-02 15:13:10,078 -   PRECISION : 0.7106
2026-06-02 15:13:10,078 -   F1        : 0.7781
2026-06-02 15:13:10,078 -   AUC       : 0.8404
2026-06-02 15:13:10,078 -   AUCPR     : 0.8096
2026-06-02 15:13:10,079 - ==============================
2026-06-02 15:13:10,079 - Cross-Validation Results:
2026-06-02 15:13:10,079 -   MCC       : 0.5245 ± 0.0159
2026-06-02 15:13:10,079 -   SN        : 0.8265 ± 0.0187
2026-06-02 15:13:10,079 -   SP        : 0.6935 ± 0.0151
2026-06-02 15:13:10,079 -   ACC       : 0.7598 ± 0.0061
2026-06-02 15:13:10,079 -   BACC      : 0.7600 ± 0.0080
2026-06-02 15:13:10,079 -   PRECISION : 0.7295 ± 0.0116
2026-06-02 15:13:10,079 -   F1        : 0.7747 ± 0.0036
2026-06-02 15:13:10,079 -   AUC       : 0.8293 ± 0.0066
2026-06-02 15:13:10,080 -   AUCPR     : 0.8174 ± 0.0114
2026-06-02 15:13:10,080 - ==============================
2026-06-02 15:13:10,080 - Evaluating ensemble on test set...
2026-06-02 15:13:10,667 - Final Test Metrics (Ensemble):
2026-06-02 15:13:10,667 -   MCC       : 0.5615
2026-06-02 15:13:10,668 -   SN        : 0.8245
2026-06-02 15:13:10,668 -   SP        : 0.7347
2026-06-02 15:13:10,668 -   ACC       : 0.7796
2026-06-02 15:13:10,668 -   BACC      : 0.7796
2026-06-02 15:13:10,668 -   PRECISION : 0.7566
2026-06-02 15:13:10,668 -   F1        : 0.7891
2026-06-02 15:13:10,668 -   AUC       : 0.8662
2026-06-02 15:13:10,668 -   AUCPR     : 0.8765
