2026-06-02 15:15:00,505 - ============================================================
2026-06-02 15:15:00,505 - WINDOW SIZE: 41
2026-06-02 15:15:00,505 - ============================================================
2026-06-02 15:15:00,505 - Hyperparameters:
2026-06-02 15:15:00,505 -   Batch Size: 128
2026-06-02 15:15:00,505 -   Learning Rate: 0.0001
2026-06-02 15:15:00,505 -   Weight Decay: 0.001
2026-06-02 15:15:00,505 -   Epochs: 200
2026-06-02 15:15:00,505 -   K-Folds: 5
2026-06-02 15:15:00,505 -   Patience: 5
2026-06-02 15:15:00,505 -   Early Stop Metric: MCC
2026-06-02 15:15:00,505 -   Node Feature Dimension: 1280
2026-06-02 15:15:00,505 -   Sequence Window Size: 41
2026-06-02 15:15:00,505 -   Sequence Center Index: 20
2026-06-02 15:15:00,505 -   Hidden Dimension: 128
2026-06-02 15:15:00,505 -   LR Scheduler: ReduceLROnPlateau(factor=0.5, patience=3, min_lr=1e-06)
2026-06-02 15:15:00,505 -   Cross-Validation: GroupKFold (group = protein name)
2026-06-02 15:15:00,505 - ============================================================
2026-06-02 15:15:00,505 - Loading training data from data/train_41aa_embedding_graph.pt...
2026-06-02 15:15:03,003 - Number of unique proteins (groups): 1012
2026-06-02 15:15:03,004 - Proteins: AASDH, AATF, ABCF1, ABCF2, ABCF3, ABITRAM, ABRAXAS1, ACADVL, ACAT1, ACIN1, ACLY, ACO2, ACOT13, ACOT9, ACSF2, ADAR, ADNP, AFF4, AGFG2, AGGF1, AHCYL2, AHSA1, AIF1L, AKAP8L, ALDH18A1, ALDH9A1, ALDOA, ALG9, ALKBH3, ALKBH5, ALYREF, ANLN, ANXA2, APBB1, APEX1, APIP, ARFGAP1, ARFGAP2, ARFIP1, ARID3A, ARID4B, ARL3, ARL6IP4, ARMC1, ARPC2, ARPC5, ARPIN, ASPSCR1, ATF7IP, ATG12, ATP5F1A, ATP5F1B, ATP5IF1, ATP5PD, ATP5PO, ATP6V1E1, ATP6V1G1, ATPAF1, ATXN2L, ATXN3, AUH, AURKA, BAG2, BBS9, BBX, BCLAF1, BLNK, BMS1, BRD2, BRD4, BRIX1, BRPF1, BTF3, BUB1B, BUD23, BUD31, C12orf45, C16orf87, C19orf47, C19orf53, C1orf131, C1orf174, C1orf198, C1orf52, C7orf50, C9orf78, CACYBP, CALD1, CALU, CANX, CAPZA1, CAPZB, CAST, CAVIN1, CBFB, CBX5, CC2D1A, CCDC117, CCDC124, CCDC137, CCDC59, CCDC71, CCDC82, CCDC86, CCNH, CCNK, CCNT1, CCT2, CCT3, CCT5, CCT8, CD2BP2, CDC37, CDC40, CDC5L, CDC73, CDCA2, CDK7, CDK9, CDKN2AIP, CDV3, CDYL, CENPV, CEP131, CFL1, CHAF1A, CHAF1B, CHAMP1, CHERP, CHMP1B, CHMP2A, CHMP2B, CHMP4B, CHMP5, CHRAC1, CHTOP, CIAPIN1, CKAP2L, CKS2, CLASRP, CLINT1, CMAS, CMTR1, CNN3, CNP, COIL, COPS7A, CORO1B, CPNE1, CPSF3, CREB1, CRIPT, CRNKL1, CRTC3, CS, CSNK2B, CSRP1, CTCF, CTDP1, CTTN, CUEDC2, CUL1, CUL3, CWC15, CWC22, CWC27, CXorf56, CYCS, CZIB, DAXX, DBNL, DBR1, DBT, DCPS, DCUN1D5, DDA1, DDB1, DDB2, DDHD1, DDX10, DDX17, DDX18, DDX21, DDX23, DDX24, DDX27, DDX31, DDX39B, DDX41, DDX42, DDX46, DDX47, DDX52, DEK, DFFA, DGCR8, DHX16, DHX36, DHX37, DHX38, DHX9, DIEXF, DIMT1, DIS3, DKC1, DLAT, DLG3, DLGAP4, DNAJA3, DNAJB1, DNAJC17, DNAJC8, DNTTIP2, DPF2, DR1, DRAP1, DTD1, DUS1L, DUS3L, DUT, EAF1, EBAG9, EBNA1BP2, ECHDC1, ECI1, ECI2, ECT2, EDC3, EDF1, EED, EEF1G, EHMT1, EIF1AD, EIF1AX, EIF2B3, EIF2S2, EIF3A, EIF3CL, EIF3D, EIF3E, EIF3G, EIF3J, EIF4A3, EIF4EBP1, EIF4G2, EIF4H, EIF5, EIF5A, EIF5B, ELAC2, ELAVL1, ELOA, ELOF1, EMD, EML4, EMSY, ENO1, ENSA, EPB41L2, EPC2, ERCC3, ERF, ESF1, ESRRA, ETFA, ETFB, EXOC1, EXOSC10, EYA3, FABP5, FAIM, FAM126A, FAM133B, FAM50A, FAM76B, FANCI, FBXO45, FEN1, FER, FH, FHL1, FIP1L1, FKBP3, FKBP4, FLYWCH2, FMC1, FNBP4, FOXK2, FRG1, G3BP1, GABPA, GATAD2A, GATB, GFM2, GGCX, GIGYF2, GINS3, GIPC1, GLRA1, GLS, GMNN, GMPR2, GNL3, GNL3L, GOT2, GPALPP1, GPATCH1, GPATCH11, GPI, GPKOW, GRPEL1, GSE1, GTF2E2, GTF2F1, GTF2F2, GTF2H1, GTF2I, GTF3C2, GTF3C4, GTF3C5, GTPBP1, GTSE1, H2BC18, H3C1, H4C1, HADHA, HADHB, HAT1, HDAC2, HDGFL2, HDLBP, HEATR3, HELLS, HEXIM1, HIBCH, HIC2, HINT1, HIRIP3, HLTF, HMBS, HMG20A, HMGA2, HMGN1, HMOX2, HNRNPA1, HNRNPC, HNRNPDL, HNRNPH1, HNRNPK, HNRNPL, HNRNPM, HNRNPR, HNRNPU, HSP90AA1, HSP90AB2P, HSPA4, HSPA9, HSPD1, HSPE1, IARS2, ICE2, IDH2, IGHMBP2, IK, ILF3, ILKAP, INCENP, INIP, INO80B, INTS10, INTS12, INTS4, IRF2, IRF2BP1, IRF2BP2, IWS1, JADE3, JPH2, JPT1, JPT2, KARS1, KAT7, KCTD16, KDM2B, KDM4A, KHDC4, KHDRBS1, KHSRP, KIAA1143, KIF22, KIF23, KIF2A, KIF4A, KIF5B, KIFC1, KIN, KPNA1, KRI1, KRR1, LARP1, LARP7, LASP1, LCORL, LDHA, LEMD3, LIG1, LIMA1, LMNA, LPP, LRPPRC, LRRC40, LRRC41, LRRC59, LSM14A, LUZP1, LYAR, LYSMD3, LZTS2, MACROD1, MACROH2A1, MAGED1, MAGED2, MAGOHB, MAP2K7, MAP4, MAPK13, MAPRE3, MASTL, MATR3, MB21D2, MBD1, MBD2, MCEE, MCM3, MCRS1, MCU, MDH2, ME2, MEAF6, MECP2, MED27, MED4, MED6, MEN1, MEPCE, METTL1, METTL16, MFAP1, MIDEAS, MKRN2, MLH1, MMAB, MMTAG2, MNAT1, MOB3A, MORF4L1, MPHOSPH6, MPHOSPH8, MRE11, MRPL12, MRPL44, MRPL47, MRPS28, MRTO4, MSH2, MSH6, MSL1, MSL3P1, MTA1, MTHFD1L, MTHFD2, MTREX, MVD, MYBBP1A, MYBL2, MYL6B, MYO6, N4BP1, NAB2, NACC1, NAMPT, NASP, NAT10, NBN, NCAPG, NCAPH, NCAPH2, NCBP1, NCBP3, NCK2, NCKAP1, NCL, NDUFAF4, NDUFAF7, NDUFV3, NEBL, NECAP1, NEFL, NELFA, NELFE, NEXN, NFIA, NFX1, NFYA, NHLRC2, NIFK, NIPSNAP3A, NKAP, NKIRAS2, NKRF, NNT, NOC3L, NOL11, NOL6, NOL7, NOL8, NOP14, NOP2, NOP56, NOP58, NOP9, NOSIP, NPM1, NSD2, NSFL1C, NSMCE4A, NSRP1, NUCKS1, NUDC, NUDT21, NUFIP2, NUP50, NUSAP1, NVL, OAT, OBI1, OCIAD1, OCLN, OGFR, OGT, OR4Q3, ORC2, ORC3, ORC4, OSBPL8, OTUD3, OTUD5, OTUD7B, OXCT1, PA2G4, PACS1, PAICS, PAK1IP1, PAPSS1, PARD3, PARN, PARP1, PARVB, PATZ1, PAWR, PAXIP1, PAXX, PBK, PCBP2, PCGF1, PCLAF, PCNA, PCNP, PDAP1, PDCD4, PDCD5, PDCL3, PDHA1, PDLIM1, PDLIM3, PDLIM5, PELP1, PES1, PFDN2, PFKP, PGAM1, PHAX, PHB2, PHC1, PHC2, PHC3, PHF10, PHF2, PHF20L1, PHF21A, PHF23, PHF5A, PHF6, PHLDB2, PIN4, PKN2, PLK1, PLS3, PML, PMPCB, PMS2, PNKP, PNN, PNPT1, POC5, POLA2, POLD1, POLD2, POLD3, POLD4, POLE4, POLR1G, POM121, PPA2, PPAN, PPFIA1, PPIL2, PPIL4, PPM1G, PPME1, PPP1CA, PPP1R11, PPP1R14C, PPP1R2, PPP2R5D, PPP4R3A, PPWD1, PQBP1, PRCC, PRDX3, PRKRIP1, PRMT5, PRORP, PRPF3, PRPF31, PRPF38B, PRPF4, PRPF6, PRR15, PRR3, PSIP1, PSMA8, PSMD3, PSMD4, PSMD9, PSME3IP1, PTBP1, PTCD3, PTMS, PTPN11, PTPN2, PTRHD1, PUF60, PUM3, PWP2, PWWP2A, PYROXD1, QRICH1, RACGAP1, RAD17, RAD21, RAD51AP1, RAN, RANBP3, RB1, RBBP4, RBBP5, RBM10, RBM14, RBM15, RBM17, RBM20, RBM22, RBM25, RBM26, RBM27, RBM28, RBM33, RBM39, RBM6, RBMX, RCC1, RCC2, RDX, RECQL, RECQL5, REXO1, REXO2, RFC1, RFX5, RIOX2, RNASEH2B, RNF113A, RNF114, RNF169, RNF40, RNGTT, RNMT, RPA1, RPAP2, RPL10, RPL10A, RPL11, RPL13, RPL14, RPL17, RPL18A, RPL19, RPL21, RPL22, RPL23A, RPL24, RPL27, RPL27A, RPL28, RPL29, RPL3, RPL30, RPL31, RPL34, RPL36, RPL4, RPL5, RPL7A, RPL7L1, RPL9, RPP30, RPP38, RPS10, RPS11, RPS14, RPS19, RPS20, RPS23, RPS25, RPS27A, RPS3, RPS3A, RPS4X, RPS6, RPS6KA4, RPS6KB1, RPS7, RPS8, RPS9, RPSA, RRN3, RRP12, RRP1B, RRP8, RRS1, RSBN1L, RSL1D1, RSRC2, RTEL1, RTF1, RTF2, RTKN, RYBP, S100A10, S100A11, SAE1, SAFB2, SAMHD1, SAP30, SAP30BP, SARNP, SARS2, SART1, SART3, SATB2, SCML2, SCNM1, SDAD1, SDHA, SEC61B, SEC63, SELENOH, SENP3, SENP6, SEPTIN2, SEPTIN9, SERF2, SET, SETD3, SETDB1, SF1, SF3A1, SF3A2, SF3A3, SF3B1, SF3B2, SFMBT1, SFPQ, SH3GL1, SH3GLB1, SHMT2, SIN3A, SIN3B, SINHCAF, SIRPA, SLBP, SLC25A3, SLC25A5, SLC27A4, SLC4A1AP, SLC6A7, SLTM, SLU7, SMAP, SMARCA1, SMARCAD1, SMARCAL1, SMARCC2, SMC3, SMC4, SMC5, SMN1, SMNDC1, SNCA, SNF8, SNRNP27, SNRNP40, SNRPA, SNRPA1, SNRPE, SNW1, SNX6, SNX9, SOD2, SPAG7, SPART, SPECC1L, SRBD1, SREK1, SRP14, SRRM1, SRSF10, SRSF3, SRSF4, SS18, SSB, SSRP1, STAG1, STARD13, STAT6, STIM1, STIP1, STK38L, STMN2, STOML2, STRN3, STT3B, SUB1, SUCLA2, SUDS3, SUGP1, SUGP2, SUMO2, SUPT16H, SUPT5H, SURF6, SUZ12, SYMPK, TAF3, TAF6L, TAGLN2, TASP1, TBC1D13, TBC1D24, TBCB, TBL3, TCF19, TCF25, TCF3, TDP1, TERF2, TERF2IP, TES, TESK2, TEX10, TFIP11, THAP12, THAP4, THOC5, THRAP3, THUMPD1, THUMPD2, THYN1, TIMELESS, TIMM44, TK1, TLE3, TLK2, TMA16, TMLHE, TMPO, TOM1L1, TOP1, TOX4, TP53I11, TP73, TPX2, TRA2B, TRIM28, TRIM33, TRIR, TRMT1, TRMT10A, TRMT6, TRPS1, TSNAX, TSR1, TTC12, TTC33, TTLL12, TUFM, TUT1, TXNDC9, U2SURP, UBA1, UBE2E3, UBE2K, UBE2M, UBE2S, UBE2V2, UBN1, UBXN1, UBXN7, UHRF1, UIMC1, UNC119B, UNC45A, UPF1, UQCRC2, USP10, USP13, USP22, USP48, UTP11, UTP14A, UTP18, UTP3, VCPIP1, VPS33B, VPS72, VRK1, WAC, WAPL, WBP11, WBP4, WDHD1, WDR12, WDR33, WDR4, WDR43, WDR45B, WDR46, WDR70, WIZ, XPC, XPO5, XRCC4, XRCC5, XRCC6, YAP1, YARS1, YTHDC1, YWHAH, YY1, ZBTB34, ZBTB4, ZBTB7A, ZBTB7B, ZC3H11A, ZC3H14, ZC3H15, ZC3H4, ZC3H8, ZC3HC1, ZCCHC8, ZFAND6, ZFP91, ZFR, ZHX3, ZMAT2, ZMYM3, ZMYND8, ZNF148, ZNF174, ZNF207, ZNF217, ZNF280C, ZNF326, ZNF384, ZNF512, ZNF512B, ZNF516, ZNF592, ZNF618, ZNF639, ZNF644, ZNF687, ZNF706, ZNF787, ZNF800, ZNF804B, ZNF830, ZRANB1, ZRANB2, ZYX, ZZZ3
2026-06-02 15:15:03,021 - ===== Fold 1/5 (train proteins: 809, val proteins: 203) =====
2026-06-02 15:15:04,388 - Epoch 1/200 - LR: 0.0001 - Train Loss: 0.6943 - Val Loss: 0.6860
2026-06-02 15:15:05,624 - Epoch 2/200 - LR: 0.0001 - Train Loss: 0.6882 - Val Loss: 0.6684
2026-06-02 15:15:06,871 - Epoch 3/200 - LR: 0.0001 - Train Loss: 0.6723 - Val Loss: 0.6123
2026-06-02 15:15:08,052 - Epoch 4/200 - LR: 0.0001 - Train Loss: 0.6188 - Val Loss: 0.5775
2026-06-02 15:15:09,214 - Epoch 5/200 - LR: 0.0001 - Train Loss: 0.5760 - Val Loss: 0.5913
2026-06-02 15:15:10,472 - Epoch 6/200 - LR: 0.0001 - Train Loss: 0.5366 - Val Loss: 0.5623
2026-06-02 15:15:11,624 - Epoch 7/200 - LR: 0.0001 - Train Loss: 0.5201 - Val Loss: 0.5590
2026-06-02 15:15:12,760 - Epoch 8/200 - LR: 0.0001 - Train Loss: 0.4959 - Val Loss: 0.5590
2026-06-02 15:15:13,956 - Epoch 9/200 - LR: 0.0001 - Train Loss: 0.4909 - Val Loss: 0.5533
2026-06-02 15:15:15,181 - Epoch 10/200 - LR: 0.0001 - Train Loss: 0.4582 - Val Loss: 0.5473
2026-06-02 15:15:16,521 - Epoch 11/200 - LR: 0.0001 - Train Loss: 0.4494 - Val Loss: 0.5569
2026-06-02 15:15:17,762 - Epoch 12/200 - LR: 0.0001 - Train Loss: 0.4292 - Val Loss: 0.5618
2026-06-02 15:15:19,027 - Epoch 13/200 - LR: 0.0001 - Train Loss: 0.4054 - Val Loss: 0.5741
2026-06-02 15:15:20,126 - Epoch 14/200 - LR: 0.0001 - Train Loss: 0.3919 - Val Loss: 0.5809
2026-06-02 15:15:21,342 - Epoch 15/200 - LR: 5e-05 - Train Loss: 0.3845 - Val Loss: 0.5676
2026-06-02 15:15:21,342 - Early stopping at epoch 15 (best MCC=0.5419)
2026-06-02 15:15:21,342 - Fold 1 Best Metrics:
2026-06-02 15:15:21,342 -   MCC       : 0.5419
2026-06-02 15:15:21,342 -   SN        : 0.8289
2026-06-02 15:15:21,342 -   SP        : 0.7077
2026-06-02 15:15:21,342 -   ACC       : 0.7713
2026-06-02 15:15:21,342 -   BACC      : 0.7683
2026-06-02 15:15:21,342 -   PRECISION : 0.7575
2026-06-02 15:15:21,342 -   F1        : 0.7916
2026-06-02 15:15:21,342 -   AUC       : 0.8287
2026-06-02 15:15:21,342 -   AUCPR     : 0.8219
2026-06-02 15:15:21,344 - ===== Fold 2/5 (train proteins: 810, val proteins: 202) =====
2026-06-02 15:15:22,672 - Epoch 1/200 - LR: 0.0001 - Train Loss: 0.6969 - Val Loss: 0.6907
2026-06-02 15:15:23,827 - Epoch 2/200 - LR: 0.0001 - Train Loss: 0.6931 - Val Loss: 0.6834
2026-06-02 15:15:24,968 - Epoch 3/200 - LR: 0.0001 - Train Loss: 0.6800 - Val Loss: 0.6308
2026-06-02 15:15:26,123 - Epoch 4/200 - LR: 0.0001 - Train Loss: 0.6372 - Val Loss: 0.5879
2026-06-02 15:15:27,370 - Epoch 5/200 - LR: 0.0001 - Train Loss: 0.5880 - Val Loss: 0.5780
2026-06-02 15:15:28,779 - Epoch 6/200 - LR: 0.0001 - Train Loss: 0.5608 - Val Loss: 0.5463
2026-06-02 15:15:29,981 - Epoch 7/200 - LR: 0.0001 - Train Loss: 0.5336 - Val Loss: 0.5444
2026-06-02 15:15:31,136 - Epoch 8/200 - LR: 0.0001 - Train Loss: 0.5158 - Val Loss: 0.5517
2026-06-02 15:15:32,276 - Epoch 9/200 - LR: 0.0001 - Train Loss: 0.5009 - Val Loss: 0.5243
2026-06-02 15:15:33,556 - Epoch 10/200 - LR: 0.0001 - Train Loss: 0.4787 - Val Loss: 0.5246
2026-06-02 15:15:34,779 - Epoch 11/200 - LR: 0.0001 - Train Loss: 0.4707 - Val Loss: 0.5493
2026-06-02 15:15:35,905 - Epoch 12/200 - LR: 0.0001 - Train Loss: 0.4499 - Val Loss: 0.5284
2026-06-02 15:15:37,061 - Epoch 13/200 - LR: 0.0001 - Train Loss: 0.4282 - Val Loss: 0.5312
2026-06-02 15:15:38,249 - Epoch 14/200 - LR: 0.0001 - Train Loss: 0.4206 - Val Loss: 0.5136
2026-06-02 15:15:39,462 - Epoch 15/200 - LR: 0.0001 - Train Loss: 0.4000 - Val Loss: 0.5400
2026-06-02 15:15:40,683 - Epoch 16/200 - LR: 0.0001 - Train Loss: 0.3702 - Val Loss: 0.5419
2026-06-02 15:15:41,930 - Epoch 17/200 - LR: 0.0001 - Train Loss: 0.3728 - Val Loss: 0.5388
2026-06-02 15:15:43,044 - Epoch 18/200 - LR: 5e-05 - Train Loss: 0.3519 - Val Loss: 0.5546
2026-06-02 15:15:44,160 - Epoch 19/200 - LR: 5e-05 - Train Loss: 0.3442 - Val Loss: 0.5639
2026-06-02 15:15:45,216 - Epoch 20/200 - LR: 5e-05 - Train Loss: 0.3235 - Val Loss: 0.5697
2026-06-02 15:15:46,272 - Epoch 21/200 - LR: 5e-05 - Train Loss: 0.3178 - Val Loss: 0.5872
2026-06-02 15:15:47,360 - Epoch 22/200 - LR: 5e-05 - Train Loss: 0.3087 - Val Loss: 0.5913
2026-06-02 15:15:48,461 - Epoch 23/200 - LR: 2.5e-05 - Train Loss: 0.2970 - Val Loss: 0.6027
2026-06-02 15:15:48,461 - Early stopping at epoch 23 (best MCC=0.5779)
2026-06-02 15:15:48,461 - Fold 2 Best Metrics:
2026-06-02 15:15:48,461 -   MCC       : 0.5779
2026-06-02 15:15:48,461 -   SN        : 0.8230
2026-06-02 15:15:48,461 -   SP        : 0.7535
2026-06-02 15:15:48,461 -   ACC       : 0.7883
2026-06-02 15:15:48,462 -   BACC      : 0.7882
2026-06-02 15:15:48,462 -   PRECISION : 0.7699
2026-06-02 15:15:48,462 -   F1        : 0.7956
2026-06-02 15:15:48,462 -   AUC       : 0.8571
2026-06-02 15:15:48,462 -   AUCPR     : 0.8502
2026-06-02 15:15:48,463 - ===== Fold 3/5 (train proteins: 810, val proteins: 202) =====
2026-06-02 15:15:49,666 - Epoch 1/200 - LR: 0.0001 - Train Loss: 0.6940 - Val Loss: 0.6887
2026-06-02 15:15:50,771 - Epoch 2/200 - LR: 0.0001 - Train Loss: 0.6902 - Val Loss: 0.6698
2026-06-02 15:15:51,943 - Epoch 3/200 - LR: 0.0001 - Train Loss: 0.6679 - Val Loss: 0.6097
2026-06-02 15:15:53,155 - Epoch 4/200 - LR: 0.0001 - Train Loss: 0.6193 - Val Loss: 0.5582
2026-06-02 15:15:54,265 - Epoch 5/200 - LR: 0.0001 - Train Loss: 0.5842 - Val Loss: 0.5257
2026-06-02 15:15:55,379 - Epoch 6/200 - LR: 0.0001 - Train Loss: 0.5517 - Val Loss: 0.5084
2026-06-02 15:15:56,518 - Epoch 7/200 - LR: 0.0001 - Train Loss: 0.5372 - Val Loss: 0.4963
2026-06-02 15:15:57,576 - Epoch 8/200 - LR: 0.0001 - Train Loss: 0.5079 - Val Loss: 0.4898
2026-06-02 15:15:58,570 - Epoch 9/200 - LR: 0.0001 - Train Loss: 0.4970 - Val Loss: 0.4805
2026-06-02 15:15:59,529 - Epoch 10/200 - LR: 0.0001 - Train Loss: 0.4783 - Val Loss: 0.4693
2026-06-02 15:16:00,672 - Epoch 11/200 - LR: 0.0001 - Train Loss: 0.4625 - Val Loss: 0.4743
2026-06-02 15:16:01,729 - Epoch 12/200 - LR: 0.0001 - Train Loss: 0.4327 - Val Loss: 0.4841
2026-06-02 15:16:02,733 - Epoch 13/200 - LR: 0.0001 - Train Loss: 0.4380 - Val Loss: 0.4665
2026-06-02 15:16:03,752 - Epoch 14/200 - LR: 0.0001 - Train Loss: 0.4038 - Val Loss: 0.5024
2026-06-02 15:16:04,773 - Epoch 15/200 - LR: 0.0001 - Train Loss: 0.4092 - Val Loss: 0.4952
2026-06-02 15:16:05,995 - Epoch 16/200 - LR: 0.0001 - Train Loss: 0.3938 - Val Loss: 0.4969
2026-06-02 15:16:07,045 - Epoch 17/200 - LR: 0.0001 - Train Loss: 0.3533 - Val Loss: 0.5229
2026-06-02 15:16:08,056 - Epoch 18/200 - LR: 5e-05 - Train Loss: 0.3394 - Val Loss: 0.5180
2026-06-02 15:16:08,056 - Early stopping at epoch 18 (best MCC=0.6063)
2026-06-02 15:16:08,056 - Fold 3 Best Metrics:
2026-06-02 15:16:08,056 -   MCC       : 0.6063
2026-06-02 15:16:08,057 -   SN        : 0.8054
2026-06-02 15:16:08,057 -   SP        : 0.8009
2026-06-02 15:16:08,057 -   ACC       : 0.8032
2026-06-02 15:16:08,057 -   BACC      : 0.8032
2026-06-02 15:16:08,057 -   PRECISION : 0.8073
2026-06-02 15:16:08,057 -   F1        : 0.8063
2026-06-02 15:16:08,057 -   AUC       : 0.8675
2026-06-02 15:16:08,057 -   AUCPR     : 0.8715
2026-06-02 15:16:08,063 - ===== Fold 4/5 (train proteins: 810, val proteins: 202) =====
2026-06-02 15:16:09,128 - Epoch 1/200 - LR: 0.0001 - Train Loss: 0.6967 - Val Loss: 0.6889
2026-06-02 15:16:10,200 - Epoch 2/200 - LR: 0.0001 - Train Loss: 0.6897 - Val Loss: 0.6766
2026-06-02 15:16:11,233 - Epoch 3/200 - LR: 0.0001 - Train Loss: 0.6760 - Val Loss: 0.6333
2026-06-02 15:16:12,228 - Epoch 4/200 - LR: 0.0001 - Train Loss: 0.6209 - Val Loss: 0.6173
2026-06-02 15:16:13,228 - Epoch 5/200 - LR: 0.0001 - Train Loss: 0.5871 - Val Loss: 0.5856
2026-06-02 15:16:14,276 - Epoch 6/200 - LR: 0.0001 - Train Loss: 0.5602 - Val Loss: 0.5821
2026-06-02 15:16:15,457 - Epoch 7/200 - LR: 0.0001 - Train Loss: 0.5276 - Val Loss: 0.5781
2026-06-02 15:16:16,488 - Epoch 8/200 - LR: 0.0001 - Train Loss: 0.5143 - Val Loss: 0.5561
2026-06-02 15:16:17,522 - Epoch 9/200 - LR: 0.0001 - Train Loss: 0.5030 - Val Loss: 0.5405
2026-06-02 15:16:18,537 - Epoch 10/200 - LR: 0.0001 - Train Loss: 0.4759 - Val Loss: 0.5648
2026-06-02 15:16:19,538 - Epoch 11/200 - LR: 0.0001 - Train Loss: 0.4488 - Val Loss: 0.5337
2026-06-02 15:16:20,502 - Epoch 12/200 - LR: 0.0001 - Train Loss: 0.4451 - Val Loss: 0.5821
2026-06-02 15:16:21,475 - Epoch 13/200 - LR: 0.0001 - Train Loss: 0.4351 - Val Loss: 0.5611
2026-06-02 15:16:22,424 - Epoch 14/200 - LR: 0.0001 - Train Loss: 0.4138 - Val Loss: 0.5390
2026-06-02 15:16:23,410 - Epoch 15/200 - LR: 0.0001 - Train Loss: 0.4035 - Val Loss: 0.5253
2026-06-02 15:16:24,403 - Epoch 16/200 - LR: 0.0001 - Train Loss: 0.3833 - Val Loss: 0.5814
2026-06-02 15:16:25,476 - Epoch 17/200 - LR: 0.0001 - Train Loss: 0.3677 - Val Loss: 0.5627
2026-06-02 15:16:26,576 - Epoch 18/200 - LR: 0.0001 - Train Loss: 0.3599 - Val Loss: 0.5647
2026-06-02 15:16:27,617 - Epoch 19/200 - LR: 0.0001 - Train Loss: 0.3394 - Val Loss: 0.5537
2026-06-02 15:16:28,692 - Epoch 20/200 - LR: 0.0001 - Train Loss: 0.3392 - Val Loss: 0.5644
2026-06-02 15:16:29,739 - Epoch 21/200 - LR: 0.0001 - Train Loss: 0.3285 - Val Loss: 0.5461
2026-06-02 15:16:30,827 - Epoch 22/200 - LR: 0.0001 - Train Loss: 0.2986 - Val Loss: 0.6017
2026-06-02 15:16:31,822 - Epoch 23/200 - LR: 0.0001 - Train Loss: 0.2852 - Val Loss: 0.5516
2026-06-02 15:16:32,856 - Epoch 24/200 - LR: 0.0001 - Train Loss: 0.2825 - Val Loss: 0.6113
2026-06-02 15:16:33,876 - Epoch 25/200 - LR: 0.0001 - Train Loss: 0.2635 - Val Loss: 0.5738
2026-06-02 15:16:34,922 - Epoch 26/200 - LR: 5e-05 - Train Loss: 0.2481 - Val Loss: 0.6419
2026-06-02 15:16:34,922 - Early stopping at epoch 26 (best MCC=0.5802)
2026-06-02 15:16:34,922 - Fold 4 Best Metrics:
2026-06-02 15:16:34,922 -   MCC       : 0.5802
2026-06-02 15:16:34,923 -   SN        : 0.8357
2026-06-02 15:16:34,923 -   SP        : 0.7427
2026-06-02 15:16:34,923 -   ACC       : 0.7883
2026-06-02 15:16:34,923 -   BACC      : 0.7892
2026-06-02 15:16:34,923 -   PRECISION : 0.7574
2026-06-02 15:16:34,923 -   F1        : 0.7946
2026-06-02 15:16:34,923 -   AUC       : 0.8551
2026-06-02 15:16:34,923 -   AUCPR     : 0.8328
2026-06-02 15:16:34,924 - ===== Fold 5/5 (train proteins: 809, val proteins: 203) =====
2026-06-02 15:16:35,968 - Epoch 1/200 - LR: 0.0001 - Train Loss: 0.6960 - Val Loss: 0.6977
2026-06-02 15:16:37,096 - Epoch 2/200 - LR: 0.0001 - Train Loss: 0.6883 - Val Loss: 0.6740
2026-06-02 15:16:38,127 - Epoch 3/200 - LR: 0.0001 - Train Loss: 0.6699 - Val Loss: 0.6083
2026-06-02 15:16:39,173 - Epoch 4/200 - LR: 0.0001 - Train Loss: 0.6145 - Val Loss: 0.5663
2026-06-02 15:16:40,198 - Epoch 5/200 - LR: 0.0001 - Train Loss: 0.5697 - Val Loss: 0.5288
2026-06-02 15:16:41,220 - Epoch 6/200 - LR: 0.0001 - Train Loss: 0.5577 - Val Loss: 0.5048
2026-06-02 15:16:42,209 - Epoch 7/200 - LR: 0.0001 - Train Loss: 0.5240 - Val Loss: 0.4941
2026-06-02 15:16:43,353 - Epoch 8/200 - LR: 0.0001 - Train Loss: 0.4997 - Val Loss: 0.4940
2026-06-02 15:16:44,356 - Epoch 9/200 - LR: 0.0001 - Train Loss: 0.4942 - Val Loss: 0.4941
2026-06-02 15:16:45,325 - Epoch 10/200 - LR: 0.0001 - Train Loss: 0.4782 - Val Loss: 0.4667
2026-06-02 15:16:46,327 - Epoch 11/200 - LR: 0.0001 - Train Loss: 0.4617 - Val Loss: 0.4838
2026-06-02 15:16:47,306 - Epoch 12/200 - LR: 0.0001 - Train Loss: 0.4438 - Val Loss: 0.4938
2026-06-02 15:16:48,291 - Epoch 13/200 - LR: 0.0001 - Train Loss: 0.4191 - Val Loss: 0.5041
2026-06-02 15:16:49,248 - Epoch 14/200 - LR: 0.0001 - Train Loss: 0.4252 - Val Loss: 0.4758
2026-06-02 15:16:50,377 - Epoch 15/200 - LR: 5e-05 - Train Loss: 0.3939 - Val Loss: 0.4848
2026-06-02 15:16:51,512 - Epoch 16/200 - LR: 5e-05 - Train Loss: 0.3864 - Val Loss: 0.4969
2026-06-02 15:16:52,700 - Epoch 17/200 - LR: 5e-05 - Train Loss: 0.3759 - Val Loss: 0.4784
2026-06-02 15:16:53,717 - Epoch 18/200 - LR: 5e-05 - Train Loss: 0.3692 - Val Loss: 0.4950
2026-06-02 15:16:54,844 - Epoch 19/200 - LR: 5e-05 - Train Loss: 0.3625 - Val Loss: 0.4825
2026-06-02 15:16:56,023 - Epoch 20/200 - LR: 5e-05 - Train Loss: 0.3604 - Val Loss: 0.4962
2026-06-02 15:16:57,308 - Epoch 21/200 - LR: 5e-05 - Train Loss: 0.3483 - Val Loss: 0.5093
2026-06-02 15:16:58,511 - Epoch 22/200 - LR: 5e-05 - Train Loss: 0.3437 - Val Loss: 0.5040
2026-06-02 15:16:59,604 - Epoch 23/200 - LR: 5e-05 - Train Loss: 0.3382 - Val Loss: 0.5007
2026-06-02 15:17:00,827 - Epoch 24/200 - LR: 2.5e-05 - Train Loss: 0.3188 - Val Loss: 0.5067
2026-06-02 15:17:00,827 - Early stopping at epoch 24 (best MCC=0.6024)
2026-06-02 15:17:00,827 - Fold 5 Best Metrics:
2026-06-02 15:17:00,827 -   MCC       : 0.6024
2026-06-02 15:17:00,827 -   SN        : 0.8140
2026-06-02 15:17:00,827 -   SP        : 0.7890
2026-06-02 15:17:00,827 -   ACC       : 0.8009
2026-06-02 15:17:00,827 -   BACC      : 0.8015
2026-06-02 15:17:00,827 -   PRECISION : 0.7783
2026-06-02 15:17:00,827 -   F1        : 0.7957
2026-06-02 15:17:00,827 -   AUC       : 0.8731
2026-06-02 15:17:00,827 -   AUCPR     : 0.8605
2026-06-02 15:17:00,827 - ==============================
2026-06-02 15:17:00,827 - Cross-Validation Results:
2026-06-02 15:17:00,828 -   MCC       : 0.5817 ± 0.0229
2026-06-02 15:17:00,828 -   SN        : 0.8214 ± 0.0107
2026-06-02 15:17:00,828 -   SP        : 0.7588 ± 0.0334
2026-06-02 15:17:00,828 -   ACC       : 0.7904 ± 0.0114
2026-06-02 15:17:00,828 -   BACC      : 0.7901 ± 0.0125
2026-06-02 15:17:00,828 -   PRECISION : 0.7741 ± 0.0184
2026-06-02 15:17:00,828 -   F1        : 0.7968 ± 0.0050
2026-06-02 15:17:00,828 -   AUC       : 0.8563 ± 0.0153
2026-06-02 15:17:00,828 -   AUCPR     : 0.8474 ± 0.0180
2026-06-02 15:17:00,828 - ==============================
2026-06-02 15:17:00,828 - Evaluating ensemble on test set...
2026-06-02 15:17:01,498 - Final Test Metrics (Ensemble):
2026-06-02 15:17:01,498 -   MCC       : 0.6408
2026-06-02 15:17:01,498 -   SN        : 0.8204
2026-06-02 15:17:01,498 -   SP        : 0.8204
2026-06-02 15:17:01,498 -   ACC       : 0.8204
2026-06-02 15:17:01,498 -   BACC      : 0.8204
2026-06-02 15:17:01,498 -   PRECISION : 0.8204
2026-06-02 15:17:01,498 -   F1        : 0.8204
2026-06-02 15:17:01,498 -   AUC       : 0.8855
2026-06-02 15:17:01,498 -   AUCPR     : 0.8901
