2026-06-02 15:17:01,534 - ============================================================
2026-06-02 15:17:01,534 - WINDOW SIZE: 51
2026-06-02 15:17:01,534 - ============================================================
2026-06-02 15:17:01,534 - Hyperparameters:
2026-06-02 15:17:01,534 -   Batch Size: 128
2026-06-02 15:17:01,534 -   Learning Rate: 0.0001
2026-06-02 15:17:01,534 -   Weight Decay: 0.001
2026-06-02 15:17:01,534 -   Epochs: 200
2026-06-02 15:17:01,534 -   K-Folds: 5
2026-06-02 15:17:01,534 -   Patience: 5
2026-06-02 15:17:01,534 -   Early Stop Metric: MCC
2026-06-02 15:17:01,534 -   Node Feature Dimension: 1280
2026-06-02 15:17:01,534 -   Sequence Window Size: 51
2026-06-02 15:17:01,534 -   Sequence Center Index: 25
2026-06-02 15:17:01,534 -   Hidden Dimension: 128
2026-06-02 15:17:01,534 -   LR Scheduler: ReduceLROnPlateau(factor=0.5, patience=3, min_lr=1e-06)
2026-06-02 15:17:01,534 -   Cross-Validation: GroupKFold (group = protein name)
2026-06-02 15:17:01,534 - ============================================================
2026-06-02 15:17:01,534 - Loading training data from data/train_51aa_embedding_graph.pt...
2026-06-02 15:17:04,111 - Number of unique proteins (groups): 1012
2026-06-02 15:17:04,111 - Proteins: AASDH, AATF, ABCF1, ABCF2, ABCF3, ABITRAM, ABRAXAS1, ACADVL, ACAT1, ACIN1, ACLY, ACO2, ACOT13, ACOT9, ACSF2, ADAR, ADNP, AFF4, AGFG2, AGGF1, AHCYL2, AHSA1, AIF1L, AKAP8L, ALDH18A1, ALDH9A1, ALDOA, ALG9, ALKBH3, ALKBH5, ALYREF, ANLN, ANXA2, APBB1, APEX1, APIP, ARFGAP1, ARFGAP2, ARFIP1, ARID3A, ARID4B, ARL3, ARL6IP4, ARMC1, ARPC2, ARPC5, ARPIN, ASPSCR1, ATF7IP, ATG12, ATP5F1A, ATP5F1B, ATP5IF1, ATP5PD, ATP5PO, ATP6V1E1, ATP6V1G1, ATPAF1, ATXN2L, ATXN3, AUH, AURKA, BAG2, BBS9, BBX, BCLAF1, BLNK, BMS1, BRD2, BRD4, BRIX1, BRPF1, BTF3, BUB1B, BUD23, BUD31, C12orf45, C16orf87, C19orf47, C19orf53, C1orf131, C1orf174, C1orf198, C1orf52, C7orf50, C9orf78, CACYBP, CALD1, CALU, CANX, CAPZA1, CAPZB, CAST, CAVIN1, CBFB, CBX5, CC2D1A, CCDC117, CCDC124, CCDC137, CCDC59, CCDC71, CCDC82, CCDC86, CCNH, CCNK, CCNT1, CCT2, CCT3, CCT5, CCT8, CD2BP2, CDC37, CDC40, CDC5L, CDC73, CDCA2, CDK7, CDK9, CDKN2AIP, CDV3, CDYL, CENPV, CEP131, CFL1, CHAF1A, CHAF1B, CHAMP1, CHERP, CHMP1B, CHMP2A, CHMP2B, CHMP4B, CHMP5, CHRAC1, CHTOP, CIAPIN1, CKAP2L, CKS2, CLASRP, CLINT1, CMAS, CMTR1, CNN3, CNP, COIL, COPS7A, CORO1B, CPNE1, CPSF3, CREB1, CRIPT, CRNKL1, CRTC3, CS, CSNK2B, CSRP1, CTCF, CTDP1, CTTN, CUEDC2, CUL1, CUL3, CWC15, CWC22, CWC27, CXorf56, CYCS, CZIB, DAXX, DBNL, DBR1, DBT, DCPS, DCUN1D5, DDA1, DDB1, DDB2, DDHD1, DDX10, DDX17, DDX18, DDX21, DDX23, DDX24, DDX27, DDX31, DDX39B, DDX41, DDX42, DDX46, DDX47, DDX52, DEK, DFFA, DGCR8, DHX16, DHX36, DHX37, DHX38, DHX9, DIEXF, DIMT1, DIS3, DKC1, DLAT, DLG3, DLGAP4, DNAJA3, DNAJB1, DNAJC17, DNAJC8, DNTTIP2, DPF2, DR1, DRAP1, DTD1, DUS1L, DUS3L, DUT, EAF1, EBAG9, EBNA1BP2, ECHDC1, ECI1, ECI2, ECT2, EDC3, EDF1, EED, EEF1G, EHMT1, EIF1AD, EIF1AX, EIF2B3, EIF2S2, EIF3A, EIF3CL, EIF3D, EIF3E, EIF3G, EIF3J, EIF4A3, EIF4EBP1, EIF4G2, EIF4H, EIF5, EIF5A, EIF5B, ELAC2, ELAVL1, ELOA, ELOF1, EMD, EML4, EMSY, ENO1, ENSA, EPB41L2, EPC2, ERCC3, ERF, ESF1, ESRRA, ETFA, ETFB, EXOC1, EXOSC10, EYA3, FABP5, FAIM, FAM126A, FAM133B, FAM50A, FAM76B, FANCI, FBXO45, FEN1, FER, FH, FHL1, FIP1L1, FKBP3, FKBP4, FLYWCH2, FMC1, FNBP4, FOXK2, FRG1, G3BP1, GABPA, GATAD2A, GATB, GFM2, GGCX, GIGYF2, GINS3, GIPC1, GLRA1, GLS, GMNN, GMPR2, GNL3, GNL3L, GOT2, GPALPP1, GPATCH1, GPATCH11, GPI, GPKOW, GRPEL1, GSE1, GTF2E2, GTF2F1, GTF2F2, GTF2H1, GTF2I, GTF3C2, GTF3C4, GTF3C5, GTPBP1, GTSE1, H2BC18, H3C1, H4C1, HADHA, HADHB, HAT1, HDAC2, HDGFL2, HDLBP, HEATR3, HELLS, HEXIM1, HIBCH, HIC2, HINT1, HIRIP3, HLTF, HMBS, HMG20A, HMGA2, HMGN1, HMOX2, HNRNPA1, HNRNPC, HNRNPDL, HNRNPH1, HNRNPK, HNRNPL, HNRNPM, HNRNPR, HNRNPU, HSP90AA1, HSP90AB2P, HSPA4, HSPA9, HSPD1, HSPE1, IARS2, ICE2, IDH2, IGHMBP2, IK, ILF3, ILKAP, INCENP, INIP, INO80B, INTS10, INTS12, INTS4, IRF2, IRF2BP1, IRF2BP2, IWS1, JADE3, JPH2, JPT1, JPT2, KARS1, KAT7, KCTD16, KDM2B, KDM4A, KHDC4, KHDRBS1, KHSRP, KIAA1143, KIF22, KIF23, KIF2A, KIF4A, KIF5B, KIFC1, KIN, KPNA1, KRI1, KRR1, LARP1, LARP7, LASP1, LCORL, LDHA, LEMD3, LIG1, LIMA1, LMNA, LPP, LRPPRC, LRRC40, LRRC41, LRRC59, LSM14A, LUZP1, LYAR, LYSMD3, LZTS2, MACROD1, MACROH2A1, MAGED1, MAGED2, MAGOHB, MAP2K7, MAP4, MAPK13, MAPRE3, MASTL, MATR3, MB21D2, MBD1, MBD2, MCEE, MCM3, MCRS1, MCU, MDH2, ME2, MEAF6, MECP2, MED27, MED4, MED6, MEN1, MEPCE, METTL1, METTL16, MFAP1, MIDEAS, MKRN2, MLH1, MMAB, MMTAG2, MNAT1, MOB3A, MORF4L1, MPHOSPH6, MPHOSPH8, MRE11, MRPL12, MRPL44, MRPL47, MRPS28, MRTO4, MSH2, MSH6, MSL1, MSL3P1, MTA1, MTHFD1L, MTHFD2, MTREX, MVD, MYBBP1A, MYBL2, MYL6B, MYO6, N4BP1, NAB2, NACC1, NAMPT, NASP, NAT10, NBN, NCAPG, NCAPH, NCAPH2, NCBP1, NCBP3, NCK2, NCKAP1, NCL, NDUFAF4, NDUFAF7, NDUFV3, NEBL, NECAP1, NEFL, NELFA, NELFE, NEXN, NFIA, NFX1, NFYA, NHLRC2, NIFK, NIPSNAP3A, NKAP, NKIRAS2, NKRF, NNT, NOC3L, NOL11, NOL6, NOL7, NOL8, NOP14, NOP2, NOP56, NOP58, NOP9, NOSIP, NPM1, NSD2, NSFL1C, NSMCE4A, NSRP1, NUCKS1, NUDC, NUDT21, NUFIP2, NUP50, NUSAP1, NVL, OAT, OBI1, OCIAD1, OCLN, OGFR, OGT, OR4Q3, ORC2, ORC3, ORC4, OSBPL8, OTUD3, OTUD5, OTUD7B, OXCT1, PA2G4, PACS1, PAICS, PAK1IP1, PAPSS1, PARD3, PARN, PARP1, PARVB, PATZ1, PAWR, PAXIP1, PAXX, PBK, PCBP2, PCGF1, PCLAF, PCNA, PCNP, PDAP1, PDCD4, PDCD5, PDCL3, PDHA1, PDLIM1, PDLIM3, PDLIM5, PELP1, PES1, PFDN2, PFKP, PGAM1, PHAX, PHB2, PHC1, PHC2, PHC3, PHF10, PHF2, PHF20L1, PHF21A, PHF23, PHF5A, PHF6, PHLDB2, PIN4, PKN2, PLK1, PLS3, PML, PMPCB, PMS2, PNKP, PNN, PNPT1, POC5, POLA2, POLD1, POLD2, POLD3, POLD4, POLE4, POLR1G, POM121, PPA2, PPAN, PPFIA1, PPIL2, PPIL4, PPM1G, PPME1, PPP1CA, PPP1R11, PPP1R14C, PPP1R2, PPP2R5D, PPP4R3A, PPWD1, PQBP1, PRCC, PRDX3, PRKRIP1, PRMT5, PRORP, PRPF3, PRPF31, PRPF38B, PRPF4, PRPF6, PRR15, PRR3, PSIP1, PSMA8, PSMD3, PSMD4, PSMD9, PSME3IP1, PTBP1, PTCD3, PTMS, PTPN11, PTPN2, PTRHD1, PUF60, PUM3, PWP2, PWWP2A, PYROXD1, QRICH1, RACGAP1, RAD17, RAD21, RAD51AP1, RAN, RANBP3, RB1, RBBP4, RBBP5, RBM10, RBM14, RBM15, RBM17, RBM20, RBM22, RBM25, RBM26, RBM27, RBM28, RBM33, RBM39, RBM6, RBMX, RCC1, RCC2, RDX, RECQL, RECQL5, REXO1, REXO2, RFC1, RFX5, RIOX2, RNASEH2B, RNF113A, RNF114, RNF169, RNF40, RNGTT, RNMT, RPA1, RPAP2, RPL10, RPL10A, RPL11, RPL13, RPL14, RPL17, RPL18A, RPL19, RPL21, RPL22, RPL23A, RPL24, RPL27, RPL27A, RPL28, RPL29, RPL3, RPL30, RPL31, RPL34, RPL36, RPL4, RPL5, RPL7A, RPL7L1, RPL9, RPP30, RPP38, RPS10, RPS11, RPS14, RPS19, RPS20, RPS23, RPS25, RPS27A, RPS3, RPS3A, RPS4X, RPS6, RPS6KA4, RPS6KB1, RPS7, RPS8, RPS9, RPSA, RRN3, RRP12, RRP1B, RRP8, RRS1, RSBN1L, RSL1D1, RSRC2, RTEL1, RTF1, RTF2, RTKN, RYBP, S100A10, S100A11, SAE1, SAFB2, SAMHD1, SAP30, SAP30BP, SARNP, SARS2, SART1, SART3, SATB2, SCML2, SCNM1, SDAD1, SDHA, SEC61B, SEC63, SELENOH, SENP3, SENP6, SEPTIN2, SEPTIN9, SERF2, SET, SETD3, SETDB1, SF1, SF3A1, SF3A2, SF3A3, SF3B1, SF3B2, SFMBT1, SFPQ, SH3GL1, SH3GLB1, SHMT2, SIN3A, SIN3B, SINHCAF, SIRPA, SLBP, SLC25A3, SLC25A5, SLC27A4, SLC4A1AP, SLC6A7, SLTM, SLU7, SMAP, SMARCA1, SMARCAD1, SMARCAL1, SMARCC2, SMC3, SMC4, SMC5, SMN1, SMNDC1, SNCA, SNF8, SNRNP27, SNRNP40, SNRPA, SNRPA1, SNRPE, SNW1, SNX6, SNX9, SOD2, SPAG7, SPART, SPECC1L, SRBD1, SREK1, SRP14, SRRM1, SRSF10, SRSF3, SRSF4, SS18, SSB, SSRP1, STAG1, STARD13, STAT6, STIM1, STIP1, STK38L, STMN2, STOML2, STRN3, STT3B, SUB1, SUCLA2, SUDS3, SUGP1, SUGP2, SUMO2, SUPT16H, SUPT5H, SURF6, SUZ12, SYMPK, TAF3, TAF6L, TAGLN2, TASP1, TBC1D13, TBC1D24, TBCB, TBL3, TCF19, TCF25, TCF3, TDP1, TERF2, TERF2IP, TES, TESK2, TEX10, TFIP11, THAP12, THAP4, THOC5, THRAP3, THUMPD1, THUMPD2, THYN1, TIMELESS, TIMM44, TK1, TLE3, TLK2, TMA16, TMLHE, TMPO, TOM1L1, TOP1, TOX4, TP53I11, TP73, TPX2, TRA2B, TRIM28, TRIM33, TRIR, TRMT1, TRMT10A, TRMT6, TRPS1, TSNAX, TSR1, TTC12, TTC33, TTLL12, TUFM, TUT1, TXNDC9, U2SURP, UBA1, UBE2E3, UBE2K, UBE2M, UBE2S, UBE2V2, UBN1, UBXN1, UBXN7, UHRF1, UIMC1, UNC119B, UNC45A, UPF1, UQCRC2, USP10, USP13, USP22, USP48, UTP11, UTP14A, UTP18, UTP3, VCPIP1, VPS33B, VPS72, VRK1, WAC, WAPL, WBP11, WBP4, WDHD1, WDR12, WDR33, WDR4, WDR43, WDR45B, WDR46, WDR70, WIZ, XPC, XPO5, XRCC4, XRCC5, XRCC6, YAP1, YARS1, YTHDC1, YWHAH, YY1, ZBTB34, ZBTB4, ZBTB7A, ZBTB7B, ZC3H11A, ZC3H14, ZC3H15, ZC3H4, ZC3H8, ZC3HC1, ZCCHC8, ZFAND6, ZFP91, ZFR, ZHX3, ZMAT2, ZMYM3, ZMYND8, ZNF148, ZNF174, ZNF207, ZNF217, ZNF280C, ZNF326, ZNF384, ZNF512, ZNF512B, ZNF516, ZNF592, ZNF618, ZNF639, ZNF644, ZNF687, ZNF706, ZNF787, ZNF800, ZNF804B, ZNF830, ZRANB1, ZRANB2, ZYX, ZZZ3
2026-06-02 15:17:04,129 - ===== Fold 1/5 (train proteins: 809, val proteins: 203) =====
2026-06-02 15:17:05,601 - Epoch 1/200 - LR: 0.0001 - Train Loss: 0.6976 - Val Loss: 0.6849
2026-06-02 15:17:07,095 - Epoch 2/200 - LR: 0.0001 - Train Loss: 0.6912 - Val Loss: 0.6699
2026-06-02 15:17:08,454 - Epoch 3/200 - LR: 0.0001 - Train Loss: 0.6742 - Val Loss: 0.6256
2026-06-02 15:17:09,829 - Epoch 4/200 - LR: 0.0001 - Train Loss: 0.6302 - Val Loss: 0.6084
2026-06-02 15:17:11,233 - Epoch 5/200 - LR: 0.0001 - Train Loss: 0.5666 - Val Loss: 0.5888
2026-06-02 15:17:12,618 - Epoch 6/200 - LR: 0.0001 - Train Loss: 0.5355 - Val Loss: 0.5875
2026-06-02 15:17:13,909 - Epoch 7/200 - LR: 0.0001 - Train Loss: 0.5255 - Val Loss: 0.5586
2026-06-02 15:17:15,258 - Epoch 8/200 - LR: 0.0001 - Train Loss: 0.4872 - Val Loss: 0.5689
2026-06-02 15:17:16,811 - Epoch 9/200 - LR: 0.0001 - Train Loss: 0.4685 - Val Loss: 0.5624
2026-06-02 15:17:18,290 - Epoch 10/200 - LR: 0.0001 - Train Loss: 0.4415 - Val Loss: 0.5850
2026-06-02 15:17:19,460 - Epoch 11/200 - LR: 0.0001 - Train Loss: 0.4321 - Val Loss: 0.5782
2026-06-02 15:17:20,690 - Epoch 12/200 - LR: 0.0001 - Train Loss: 0.4171 - Val Loss: 0.5860
2026-06-02 15:17:21,925 - Epoch 13/200 - LR: 0.0001 - Train Loss: 0.4000 - Val Loss: 0.5821
2026-06-02 15:17:23,165 - Epoch 14/200 - LR: 0.0001 - Train Loss: 0.3904 - Val Loss: 0.5957
2026-06-02 15:17:24,715 - Epoch 15/200 - LR: 0.0001 - Train Loss: 0.3745 - Val Loss: 0.5911
2026-06-02 15:17:26,177 - Epoch 16/200 - LR: 0.0001 - Train Loss: 0.3584 - Val Loss: 0.6223
2026-06-02 15:17:27,565 - Epoch 17/200 - LR: 0.0001 - Train Loss: 0.3379 - Val Loss: 0.6343
2026-06-02 15:17:28,772 - Epoch 18/200 - LR: 0.0001 - Train Loss: 0.3285 - Val Loss: 0.6426
2026-06-02 15:17:30,024 - Epoch 19/200 - LR: 0.0001 - Train Loss: 0.3198 - Val Loss: 0.6311
2026-06-02 15:17:31,383 - Epoch 20/200 - LR: 0.0001 - Train Loss: 0.3147 - Val Loss: 0.6338
2026-06-02 15:17:32,592 - Epoch 21/200 - LR: 0.0001 - Train Loss: 0.3018 - Val Loss: 0.6594
2026-06-02 15:17:33,955 - Epoch 22/200 - LR: 0.0001 - Train Loss: 0.2834 - Val Loss: 0.6788
2026-06-02 15:17:35,491 - Epoch 23/200 - LR: 5e-05 - Train Loss: 0.2678 - Val Loss: 0.6979
2026-06-02 15:17:35,491 - Early stopping at epoch 23 (best MCC=0.5485)
2026-06-02 15:17:35,491 - Fold 1 Best Metrics:
2026-06-02 15:17:35,491 -   MCC       : 0.5485
2026-06-02 15:17:35,491 -   SN        : 0.7829
2026-06-02 15:17:35,491 -   SP        : 0.7657
2026-06-02 15:17:35,491 -   ACC       : 0.7747
2026-06-02 15:17:35,491 -   BACC      : 0.7743
2026-06-02 15:17:35,491 -   PRECISION : 0.7863
2026-06-02 15:17:35,491 -   F1        : 0.7846
2026-06-02 15:17:35,491 -   AUC       : 0.8297
2026-06-02 15:17:35,491 -   AUCPR     : 0.8252
2026-06-02 15:17:35,500 - ===== Fold 2/5 (train proteins: 810, val proteins: 202) =====
2026-06-02 15:17:36,889 - Epoch 1/200 - LR: 0.0001 - Train Loss: 0.6955 - Val Loss: 0.6907
2026-06-02 15:17:38,024 - Epoch 2/200 - LR: 0.0001 - Train Loss: 0.6935 - Val Loss: 0.6825
2026-06-02 15:17:39,197 - Epoch 3/200 - LR: 0.0001 - Train Loss: 0.6866 - Val Loss: 0.6554
2026-06-02 15:17:40,342 - Epoch 4/200 - LR: 0.0001 - Train Loss: 0.6480 - Val Loss: 0.5886
2026-06-02 15:17:41,501 - Epoch 5/200 - LR: 0.0001 - Train Loss: 0.5854 - Val Loss: 0.5571
2026-06-02 15:17:42,921 - Epoch 6/200 - LR: 0.0001 - Train Loss: 0.5537 - Val Loss: 0.5300
2026-06-02 15:17:44,200 - Epoch 7/200 - LR: 0.0001 - Train Loss: 0.5179 - Val Loss: 0.5164
2026-06-02 15:17:45,391 - Epoch 8/200 - LR: 0.0001 - Train Loss: 0.5088 - Val Loss: 0.5096
2026-06-02 15:17:46,592 - Epoch 9/200 - LR: 0.0001 - Train Loss: 0.4783 - Val Loss: 0.5223
2026-06-02 15:17:47,842 - Epoch 10/200 - LR: 0.0001 - Train Loss: 0.4401 - Val Loss: 0.5451
2026-06-02 15:17:49,103 - Epoch 11/200 - LR: 0.0001 - Train Loss: 0.4281 - Val Loss: 0.5024
2026-06-02 15:17:50,456 - Epoch 12/200 - LR: 0.0001 - Train Loss: 0.4136 - Val Loss: 0.5224
2026-06-02 15:17:51,739 - Epoch 13/200 - LR: 0.0001 - Train Loss: 0.4053 - Val Loss: 0.5089
2026-06-02 15:17:53,153 - Epoch 14/200 - LR: 0.0001 - Train Loss: 0.3853 - Val Loss: 0.5235
2026-06-02 15:17:54,638 - Epoch 15/200 - LR: 0.0001 - Train Loss: 0.3648 - Val Loss: 0.5411
2026-06-02 15:17:55,929 - Epoch 16/200 - LR: 0.0001 - Train Loss: 0.3629 - Val Loss: 0.5349
2026-06-02 15:17:57,147 - Epoch 17/200 - LR: 0.0001 - Train Loss: 0.3509 - Val Loss: 0.5649
2026-06-02 15:17:58,365 - Epoch 18/200 - LR: 0.0001 - Train Loss: 0.3226 - Val Loss: 0.5366
2026-06-02 15:17:59,554 - Epoch 19/200 - LR: 5e-05 - Train Loss: 0.3179 - Val Loss: 0.5774
2026-06-02 15:17:59,554 - Early stopping at epoch 19 (best MCC=0.5991)
2026-06-02 15:17:59,554 - Fold 2 Best Metrics:
2026-06-02 15:17:59,554 -   MCC       : 0.5991
2026-06-02 15:17:59,554 -   SN        : 0.8391
2026-06-02 15:17:59,554 -   SP        : 0.7581
2026-06-02 15:17:59,554 -   ACC       : 0.7986
2026-06-02 15:17:59,554 -   BACC      : 0.7986
2026-06-02 15:17:59,554 -   PRECISION : 0.7766
2026-06-02 15:17:59,554 -   F1        : 0.8066
2026-06-02 15:17:59,554 -   AUC       : 0.8605
2026-06-02 15:17:59,554 -   AUCPR     : 0.8458
2026-06-02 15:17:59,564 - ===== Fold 3/5 (train proteins: 810, val proteins: 202) =====
2026-06-02 15:18:00,852 - Epoch 1/200 - LR: 0.0001 - Train Loss: 0.6968 - Val Loss: 0.6865
2026-06-02 15:18:02,054 - Epoch 2/200 - LR: 0.0001 - Train Loss: 0.6918 - Val Loss: 0.6713
2026-06-02 15:18:03,419 - Epoch 3/200 - LR: 0.0001 - Train Loss: 0.6758 - Val Loss: 0.6320
2026-06-02 15:18:04,612 - Epoch 4/200 - LR: 0.0001 - Train Loss: 0.6326 - Val Loss: 0.5672
2026-06-02 15:18:05,863 - Epoch 5/200 - LR: 0.0001 - Train Loss: 0.5905 - Val Loss: 0.5449
2026-06-02 15:18:07,252 - Epoch 6/200 - LR: 0.0001 - Train Loss: 0.5494 - Val Loss: 0.5581
2026-06-02 15:18:08,465 - Epoch 7/200 - LR: 0.0001 - Train Loss: 0.5417 - Val Loss: 0.5301
2026-06-02 15:18:09,743 - Epoch 8/200 - LR: 0.0001 - Train Loss: 0.4980 - Val Loss: 0.5180
2026-06-02 15:18:11,208 - Epoch 9/200 - LR: 0.0001 - Train Loss: 0.4860 - Val Loss: 0.5173
2026-06-02 15:18:12,541 - Epoch 10/200 - LR: 0.0001 - Train Loss: 0.4777 - Val Loss: 0.5282
2026-06-02 15:18:13,886 - Epoch 11/200 - LR: 0.0001 - Train Loss: 0.4427 - Val Loss: 0.5166
2026-06-02 15:18:15,316 - Epoch 12/200 - LR: 0.0001 - Train Loss: 0.4437 - Val Loss: 0.5038
2026-06-02 15:18:16,745 - Epoch 13/200 - LR: 0.0001 - Train Loss: 0.4291 - Val Loss: 0.5350
2026-06-02 15:18:17,934 - Epoch 14/200 - LR: 0.0001 - Train Loss: 0.4225 - Val Loss: 0.4992
2026-06-02 15:18:19,181 - Epoch 15/200 - LR: 0.0001 - Train Loss: 0.4161 - Val Loss: 0.4969
2026-06-02 15:18:20,458 - Epoch 16/200 - LR: 0.0001 - Train Loss: 0.3737 - Val Loss: 0.5270
2026-06-02 15:18:21,633 - Epoch 17/200 - LR: 0.0001 - Train Loss: 0.3590 - Val Loss: 0.5348
2026-06-02 15:18:22,867 - Epoch 18/200 - LR: 0.0001 - Train Loss: 0.3377 - Val Loss: 0.5336
2026-06-02 15:18:24,083 - Epoch 19/200 - LR: 0.0001 - Train Loss: 0.3328 - Val Loss: 0.5642
2026-06-02 15:18:25,257 - Epoch 20/200 - LR: 0.0001 - Train Loss: 0.3090 - Val Loss: 0.5687
2026-06-02 15:18:26,485 - Epoch 21/200 - LR: 0.0001 - Train Loss: 0.2924 - Val Loss: 0.5984
2026-06-02 15:18:27,763 - Epoch 22/200 - LR: 0.0001 - Train Loss: 0.2866 - Val Loss: 0.5927
2026-06-02 15:18:28,973 - Epoch 23/200 - LR: 5e-05 - Train Loss: 0.2727 - Val Loss: 0.6116
2026-06-02 15:18:28,973 - Early stopping at epoch 23 (best MCC=0.6089)
2026-06-02 15:18:28,973 - Fold 3 Best Metrics:
2026-06-02 15:18:28,973 -   MCC       : 0.6089
2026-06-02 15:18:28,973 -   SN        : 0.8575
2026-06-02 15:18:28,973 -   SP        : 0.7471
2026-06-02 15:18:28,973 -   ACC       : 0.8032
2026-06-02 15:18:28,973 -   BACC      : 0.8023
2026-06-02 15:18:28,973 -   PRECISION : 0.7782
2026-06-02 15:18:28,973 -   F1        : 0.8159
2026-06-02 15:18:28,973 -   AUC       : 0.8606
2026-06-02 15:18:28,973 -   AUCPR     : 0.8484
2026-06-02 15:18:28,975 - ===== Fold 4/5 (train proteins: 810, val proteins: 202) =====
2026-06-02 15:18:30,260 - Epoch 1/200 - LR: 0.0001 - Train Loss: 0.6983 - Val Loss: 0.6951
2026-06-02 15:18:31,441 - Epoch 2/200 - LR: 0.0001 - Train Loss: 0.6935 - Val Loss: 0.6864
2026-06-02 15:18:32,665 - Epoch 3/200 - LR: 0.0001 - Train Loss: 0.6886 - Val Loss: 0.6615
2026-06-02 15:18:33,872 - Epoch 4/200 - LR: 0.0001 - Train Loss: 0.6618 - Val Loss: 0.6233
2026-06-02 15:18:35,041 - Epoch 5/200 - LR: 0.0001 - Train Loss: 0.5984 - Val Loss: 0.5913
2026-06-02 15:18:36,275 - Epoch 6/200 - LR: 0.0001 - Train Loss: 0.5608 - Val Loss: 0.5896
2026-06-02 15:18:37,521 - Epoch 7/200 - LR: 0.0001 - Train Loss: 0.5373 - Val Loss: 0.5668
2026-06-02 15:18:38,917 - Epoch 8/200 - LR: 0.0001 - Train Loss: 0.5265 - Val Loss: 0.5565
2026-06-02 15:18:40,214 - Epoch 9/200 - LR: 0.0001 - Train Loss: 0.4953 - Val Loss: 0.5368
2026-06-02 15:18:41,551 - Epoch 10/200 - LR: 0.0001 - Train Loss: 0.4835 - Val Loss: 0.5764
2026-06-02 15:18:42,947 - Epoch 11/200 - LR: 0.0001 - Train Loss: 0.4607 - Val Loss: 0.5646
2026-06-02 15:18:44,346 - Epoch 12/200 - LR: 0.0001 - Train Loss: 0.4265 - Val Loss: 0.5311
2026-06-02 15:18:45,606 - Epoch 13/200 - LR: 0.0001 - Train Loss: 0.4221 - Val Loss: 0.5934
2026-06-02 15:18:47,012 - Epoch 14/200 - LR: 0.0001 - Train Loss: 0.4151 - Val Loss: 0.5910
2026-06-02 15:18:48,474 - Epoch 15/200 - LR: 0.0001 - Train Loss: 0.4123 - Val Loss: 0.5236
2026-06-02 15:18:49,847 - Epoch 16/200 - LR: 0.0001 - Train Loss: 0.3763 - Val Loss: 0.5596
2026-06-02 15:18:51,012 - Epoch 17/200 - LR: 0.0001 - Train Loss: 0.3649 - Val Loss: 0.5300
2026-06-02 15:18:52,197 - Epoch 18/200 - LR: 0.0001 - Train Loss: 0.3536 - Val Loss: 0.5774
2026-06-02 15:18:53,338 - Epoch 19/200 - LR: 0.0001 - Train Loss: 0.3424 - Val Loss: 0.5464
2026-06-02 15:18:54,495 - Epoch 20/200 - LR: 5e-05 - Train Loss: 0.3259 - Val Loss: 0.5562
2026-06-02 15:18:54,496 - Early stopping at epoch 20 (best MCC=0.5535)
2026-06-02 15:18:54,496 - Fold 4 Best Metrics:
2026-06-02 15:18:54,496 -   MCC       : 0.5535
2026-06-02 15:18:54,496 -   SN        : 0.7793
2026-06-02 15:18:54,496 -   SP        : 0.7743
2026-06-02 15:18:54,496 -   ACC       : 0.7768
2026-06-02 15:18:54,496 -   BACC      : 0.7768
2026-06-02 15:18:54,496 -   PRECISION : 0.7685
2026-06-02 15:18:54,496 -   F1        : 0.7739
2026-06-02 15:18:54,496 -   AUC       : 0.8477
2026-06-02 15:18:54,496 -   AUCPR     : 0.8308
2026-06-02 15:18:54,503 - ===== Fold 5/5 (train proteins: 809, val proteins: 203) =====
2026-06-02 15:18:55,771 - Epoch 1/200 - LR: 0.0001 - Train Loss: 0.6936 - Val Loss: 0.6873
2026-06-02 15:18:56,943 - Epoch 2/200 - LR: 0.0001 - Train Loss: 0.6893 - Val Loss: 0.6658
2026-06-02 15:18:58,191 - Epoch 3/200 - LR: 0.0001 - Train Loss: 0.6730 - Val Loss: 0.6298
2026-06-02 15:18:59,350 - Epoch 4/200 - LR: 0.0001 - Train Loss: 0.6321 - Val Loss: 0.5623
2026-06-02 15:19:00,514 - Epoch 5/200 - LR: 0.0001 - Train Loss: 0.5755 - Val Loss: 0.5316
2026-06-02 15:19:01,634 - Epoch 6/200 - LR: 0.0001 - Train Loss: 0.5554 - Val Loss: 0.5140
2026-06-02 15:19:02,824 - Epoch 7/200 - LR: 0.0001 - Train Loss: 0.5289 - Val Loss: 0.5105
2026-06-02 15:19:04,037 - Epoch 8/200 - LR: 0.0001 - Train Loss: 0.5019 - Val Loss: 0.4968
2026-06-02 15:19:05,193 - Epoch 9/200 - LR: 0.0001 - Train Loss: 0.4936 - Val Loss: 0.4984
2026-06-02 15:19:06,319 - Epoch 10/200 - LR: 0.0001 - Train Loss: 0.4689 - Val Loss: 0.5032
2026-06-02 15:19:07,510 - Epoch 11/200 - LR: 0.0001 - Train Loss: 0.4373 - Val Loss: 0.5121
2026-06-02 15:19:08,803 - Epoch 12/200 - LR: 0.0001 - Train Loss: 0.4315 - Val Loss: 0.5091
2026-06-02 15:19:10,213 - Epoch 13/200 - LR: 0.0001 - Train Loss: 0.4273 - Val Loss: 0.5016
2026-06-02 15:19:11,483 - Epoch 14/200 - LR: 0.0001 - Train Loss: 0.4014 - Val Loss: 0.5191
2026-06-02 15:19:12,705 - Epoch 15/200 - LR: 5e-05 - Train Loss: 0.3731 - Val Loss: 0.5023
2026-06-02 15:19:12,705 - Early stopping at epoch 15 (best MCC=0.5706)
2026-06-02 15:19:12,705 - Fold 5 Best Metrics:
2026-06-02 15:19:12,705 -   MCC       : 0.5706
2026-06-02 15:19:12,705 -   SN        : 0.7512
2026-06-02 15:19:12,705 -   SP        : 0.8176
2026-06-02 15:19:12,705 -   ACC       : 0.7860
2026-06-02 15:19:12,705 -   BACC      : 0.7844
2026-06-02 15:19:12,705 -   PRECISION : 0.7893
2026-06-02 15:19:12,705 -   F1        : 0.7698
2026-06-02 15:19:12,705 -   AUC       : 0.8574
2026-06-02 15:19:12,705 -   AUCPR     : 0.8430
2026-06-02 15:19:12,705 - ==============================
2026-06-02 15:19:12,705 - Cross-Validation Results:
2026-06-02 15:19:12,705 -   MCC       : 0.5761 ± 0.0241
2026-06-02 15:19:12,705 -   SN        : 0.8020 ± 0.0398
2026-06-02 15:19:12,706 -   SP        : 0.7725 ± 0.0242
2026-06-02 15:19:12,706 -   ACC       : 0.7879 ± 0.0114
2026-06-02 15:19:12,706 -   BACC      : 0.7873 ± 0.0113
2026-06-02 15:19:12,706 -   PRECISION : 0.7798 ± 0.0074
2026-06-02 15:19:12,706 -   F1        : 0.7902 ± 0.0181
2026-06-02 15:19:12,706 -   AUC       : 0.8512 ± 0.0117
2026-06-02 15:19:12,706 -   AUCPR     : 0.8387 ± 0.0090
2026-06-02 15:19:12,706 - ==============================
2026-06-02 15:19:12,706 - Evaluating ensemble on test set...
2026-06-02 15:19:13,553 - Final Test Metrics (Ensemble):
2026-06-02 15:19:13,553 -   MCC       : 0.6372
2026-06-02 15:19:13,553 -   SN        : 0.8000
2026-06-02 15:19:13,553 -   SP        : 0.8367
2026-06-02 15:19:13,553 -   ACC       : 0.8184
2026-06-02 15:19:13,553 -   BACC      : 0.8184
2026-06-02 15:19:13,553 -   PRECISION : 0.8305
2026-06-02 15:19:13,553 -   F1        : 0.8150
2026-06-02 15:19:13,553 -   AUC       : 0.8819
2026-06-02 15:19:13,553 -   AUCPR     : 0.8908
