2026-06-02 15:23:01,559 - ============================================================
2026-06-02 15:23:01,559 - WINDOW SIZE: 61
2026-06-02 15:23:01,559 - ============================================================
2026-06-02 15:23:01,559 - Hyperparameters:
2026-06-02 15:23:01,559 -   Batch Size: 128
2026-06-02 15:23:01,559 -   Learning Rate: 0.0001
2026-06-02 15:23:01,559 -   Weight Decay: 0.001
2026-06-02 15:23:01,559 -   Epochs: 200
2026-06-02 15:23:01,559 -   K-Folds: 5
2026-06-02 15:23:01,559 -   Patience: 5
2026-06-02 15:23:01,559 -   Early Stop Metric: MCC
2026-06-02 15:23:01,559 -   Node Feature Dimension: 1280
2026-06-02 15:23:01,560 -   Sequence Window Size: 61
2026-06-02 15:23:01,560 -   Sequence Center Index: 30
2026-06-02 15:23:01,560 -   Hidden Dimension: 128
2026-06-02 15:23:01,560 -   LR Scheduler: ReduceLROnPlateau(factor=0.5, patience=3, min_lr=1e-06)
2026-06-02 15:23:01,560 -   Cross-Validation: GroupKFold (group = protein name)
2026-06-02 15:23:01,560 - ============================================================
2026-06-02 15:23:01,560 - Loading training data from data/train_61aa_embedding_graph.pt...
2026-06-02 15:23:04,727 - Number of unique proteins (groups): 1012
2026-06-02 15:23:04,727 - Proteins: AASDH, AATF, ABCF1, ABCF2, ABCF3, ABITRAM, ABRAXAS1, ACADVL, ACAT1, ACIN1, ACLY, ACO2, ACOT13, ACOT9, ACSF2, ADAR, ADNP, AFF4, AGFG2, AGGF1, AHCYL2, AHSA1, AIF1L, AKAP8L, ALDH18A1, ALDH9A1, ALDOA, ALG9, ALKBH3, ALKBH5, ALYREF, ANLN, ANXA2, APBB1, APEX1, APIP, ARFGAP1, ARFGAP2, ARFIP1, ARID3A, ARID4B, ARL3, ARL6IP4, ARMC1, ARPC2, ARPC5, ARPIN, ASPSCR1, ATF7IP, ATG12, ATP5F1A, ATP5F1B, ATP5IF1, ATP5PD, ATP5PO, ATP6V1E1, ATP6V1G1, ATPAF1, ATXN2L, ATXN3, AUH, AURKA, BAG2, BBS9, BBX, BCLAF1, BLNK, BMS1, BRD2, BRD4, BRIX1, BRPF1, BTF3, BUB1B, BUD23, BUD31, C12orf45, C16orf87, C19orf47, C19orf53, C1orf131, C1orf174, C1orf198, C1orf52, C7orf50, C9orf78, CACYBP, CALD1, CALU, CANX, CAPZA1, CAPZB, CAST, CAVIN1, CBFB, CBX5, CC2D1A, CCDC117, CCDC124, CCDC137, CCDC59, CCDC71, CCDC82, CCDC86, CCNH, CCNK, CCNT1, CCT2, CCT3, CCT5, CCT8, CD2BP2, CDC37, CDC40, CDC5L, CDC73, CDCA2, CDK7, CDK9, CDKN2AIP, CDV3, CDYL, CENPV, CEP131, CFL1, CHAF1A, CHAF1B, CHAMP1, CHERP, CHMP1B, CHMP2A, CHMP2B, CHMP4B, CHMP5, CHRAC1, CHTOP, CIAPIN1, CKAP2L, CKS2, CLASRP, CLINT1, CMAS, CMTR1, CNN3, CNP, COIL, COPS7A, CORO1B, CPNE1, CPSF3, CREB1, CRIPT, CRNKL1, CRTC3, CS, CSNK2B, CSRP1, CTCF, CTDP1, CTTN, CUEDC2, CUL1, CUL3, CWC15, CWC22, CWC27, CXorf56, CYCS, CZIB, DAXX, DBNL, DBR1, DBT, DCPS, DCUN1D5, DDA1, DDB1, DDB2, DDHD1, DDX10, DDX17, DDX18, DDX21, DDX23, DDX24, DDX27, DDX31, DDX39B, DDX41, DDX42, DDX46, DDX47, DDX52, DEK, DFFA, DGCR8, DHX16, DHX36, DHX37, DHX38, DHX9, DIEXF, DIMT1, DIS3, DKC1, DLAT, DLG3, DLGAP4, DNAJA3, DNAJB1, DNAJC17, DNAJC8, DNTTIP2, DPF2, DR1, DRAP1, DTD1, DUS1L, DUS3L, DUT, EAF1, EBAG9, EBNA1BP2, ECHDC1, ECI1, ECI2, ECT2, EDC3, EDF1, EED, EEF1G, EHMT1, EIF1AD, EIF1AX, EIF2B3, EIF2S2, EIF3A, EIF3CL, EIF3D, EIF3E, EIF3G, EIF3J, EIF4A3, EIF4EBP1, EIF4G2, EIF4H, EIF5, EIF5A, EIF5B, ELAC2, ELAVL1, ELOA, ELOF1, EMD, EML4, EMSY, ENO1, ENSA, EPB41L2, EPC2, ERCC3, ERF, ESF1, ESRRA, ETFA, ETFB, EXOC1, EXOSC10, EYA3, FABP5, FAIM, FAM126A, FAM133B, FAM50A, FAM76B, FANCI, FBXO45, FEN1, FER, FH, FHL1, FIP1L1, FKBP3, FKBP4, FLYWCH2, FMC1, FNBP4, FOXK2, FRG1, G3BP1, GABPA, GATAD2A, GATB, GFM2, GGCX, GIGYF2, GINS3, GIPC1, GLRA1, GLS, GMNN, GMPR2, GNL3, GNL3L, GOT2, GPALPP1, GPATCH1, GPATCH11, GPI, GPKOW, GRPEL1, GSE1, GTF2E2, GTF2F1, GTF2F2, GTF2H1, GTF2I, GTF3C2, GTF3C4, GTF3C5, GTPBP1, GTSE1, H2BC18, H3C1, H4C1, HADHA, HADHB, HAT1, HDAC2, HDGFL2, HDLBP, HEATR3, HELLS, HEXIM1, HIBCH, HIC2, HINT1, HIRIP3, HLTF, HMBS, HMG20A, HMGA2, HMGN1, HMOX2, HNRNPA1, HNRNPC, HNRNPDL, HNRNPH1, HNRNPK, HNRNPL, HNRNPM, HNRNPR, HNRNPU, HSP90AA1, HSP90AB2P, HSPA4, HSPA9, HSPD1, HSPE1, IARS2, ICE2, IDH2, IGHMBP2, IK, ILF3, ILKAP, INCENP, INIP, INO80B, INTS10, INTS12, INTS4, IRF2, IRF2BP1, IRF2BP2, IWS1, JADE3, JPH2, JPT1, JPT2, KARS1, KAT7, KCTD16, KDM2B, KDM4A, KHDC4, KHDRBS1, KHSRP, KIAA1143, KIF22, KIF23, KIF2A, KIF4A, KIF5B, KIFC1, KIN, KPNA1, KRI1, KRR1, LARP1, LARP7, LASP1, LCORL, LDHA, LEMD3, LIG1, LIMA1, LMNA, LPP, LRPPRC, LRRC40, LRRC41, LRRC59, LSM14A, LUZP1, LYAR, LYSMD3, LZTS2, MACROD1, MACROH2A1, MAGED1, MAGED2, MAGOHB, MAP2K7, MAP4, MAPK13, MAPRE3, MASTL, MATR3, MB21D2, MBD1, MBD2, MCEE, MCM3, MCRS1, MCU, MDH2, ME2, MEAF6, MECP2, MED27, MED4, MED6, MEN1, MEPCE, METTL1, METTL16, MFAP1, MIDEAS, MKRN2, MLH1, MMAB, MMTAG2, MNAT1, MOB3A, MORF4L1, MPHOSPH6, MPHOSPH8, MRE11, MRPL12, MRPL44, MRPL47, MRPS28, MRTO4, MSH2, MSH6, MSL1, MSL3P1, MTA1, MTHFD1L, MTHFD2, MTREX, MVD, MYBBP1A, MYBL2, MYL6B, MYO6, N4BP1, NAB2, NACC1, NAMPT, NASP, NAT10, NBN, NCAPG, NCAPH, NCAPH2, NCBP1, NCBP3, NCK2, NCKAP1, NCL, NDUFAF4, NDUFAF7, NDUFV3, NEBL, NECAP1, NEFL, NELFA, NELFE, NEXN, NFIA, NFX1, NFYA, NHLRC2, NIFK, NIPSNAP3A, NKAP, NKIRAS2, NKRF, NNT, NOC3L, NOL11, NOL6, NOL7, NOL8, NOP14, NOP2, NOP56, NOP58, NOP9, NOSIP, NPM1, NSD2, NSFL1C, NSMCE4A, NSRP1, NUCKS1, NUDC, NUDT21, NUFIP2, NUP50, NUSAP1, NVL, OAT, OBI1, OCIAD1, OCLN, OGFR, OGT, OR4Q3, ORC2, ORC3, ORC4, OSBPL8, OTUD3, OTUD5, OTUD7B, OXCT1, PA2G4, PACS1, PAICS, PAK1IP1, PAPSS1, PARD3, PARN, PARP1, PARVB, PATZ1, PAWR, PAXIP1, PAXX, PBK, PCBP2, PCGF1, PCLAF, PCNA, PCNP, PDAP1, PDCD4, PDCD5, PDCL3, PDHA1, PDLIM1, PDLIM3, PDLIM5, PELP1, PES1, PFDN2, PFKP, PGAM1, PHAX, PHB2, PHC1, PHC2, PHC3, PHF10, PHF2, PHF20L1, PHF21A, PHF23, PHF5A, PHF6, PHLDB2, PIN4, PKN2, PLK1, PLS3, PML, PMPCB, PMS2, PNKP, PNN, PNPT1, POC5, POLA2, POLD1, POLD2, POLD3, POLD4, POLE4, POLR1G, POM121, PPA2, PPAN, PPFIA1, PPIL2, PPIL4, PPM1G, PPME1, PPP1CA, PPP1R11, PPP1R14C, PPP1R2, PPP2R5D, PPP4R3A, PPWD1, PQBP1, PRCC, PRDX3, PRKRIP1, PRMT5, PRORP, PRPF3, PRPF31, PRPF38B, PRPF4, PRPF6, PRR15, PRR3, PSIP1, PSMA8, PSMD3, PSMD4, PSMD9, PSME3IP1, PTBP1, PTCD3, PTMS, PTPN11, PTPN2, PTRHD1, PUF60, PUM3, PWP2, PWWP2A, PYROXD1, QRICH1, RACGAP1, RAD17, RAD21, RAD51AP1, RAN, RANBP3, RB1, RBBP4, RBBP5, RBM10, RBM14, RBM15, RBM17, RBM20, RBM22, RBM25, RBM26, RBM27, RBM28, RBM33, RBM39, RBM6, RBMX, RCC1, RCC2, RDX, RECQL, RECQL5, REXO1, REXO2, RFC1, RFX5, RIOX2, RNASEH2B, RNF113A, RNF114, RNF169, RNF40, RNGTT, RNMT, RPA1, RPAP2, RPL10, RPL10A, RPL11, RPL13, RPL14, RPL17, RPL18A, RPL19, RPL21, RPL22, RPL23A, RPL24, RPL27, RPL27A, RPL28, RPL29, RPL3, RPL30, RPL31, RPL34, RPL36, RPL4, RPL5, RPL7A, RPL7L1, RPL9, RPP30, RPP38, RPS10, RPS11, RPS14, RPS19, RPS20, RPS23, RPS25, RPS27A, RPS3, RPS3A, RPS4X, RPS6, RPS6KA4, RPS6KB1, RPS7, RPS8, RPS9, RPSA, RRN3, RRP12, RRP1B, RRP8, RRS1, RSBN1L, RSL1D1, RSRC2, RTEL1, RTF1, RTF2, RTKN, RYBP, S100A10, S100A11, SAE1, SAFB2, SAMHD1, SAP30, SAP30BP, SARNP, SARS2, SART1, SART3, SATB2, SCML2, SCNM1, SDAD1, SDHA, SEC61B, SEC63, SELENOH, SENP3, SENP6, SEPTIN2, SEPTIN9, SERF2, SET, SETD3, SETDB1, SF1, SF3A1, SF3A2, SF3A3, SF3B1, SF3B2, SFMBT1, SFPQ, SH3GL1, SH3GLB1, SHMT2, SIN3A, SIN3B, SINHCAF, SIRPA, SLBP, SLC25A3, SLC25A5, SLC27A4, SLC4A1AP, SLC6A7, SLTM, SLU7, SMAP, SMARCA1, SMARCAD1, SMARCAL1, SMARCC2, SMC3, SMC4, SMC5, SMN1, SMNDC1, SNCA, SNF8, SNRNP27, SNRNP40, SNRPA, SNRPA1, SNRPE, SNW1, SNX6, SNX9, SOD2, SPAG7, SPART, SPECC1L, SRBD1, SREK1, SRP14, SRRM1, SRSF10, SRSF3, SRSF4, SS18, SSB, SSRP1, STAG1, STARD13, STAT6, STIM1, STIP1, STK38L, STMN2, STOML2, STRN3, STT3B, SUB1, SUCLA2, SUDS3, SUGP1, SUGP2, SUMO2, SUPT16H, SUPT5H, SURF6, SUZ12, SYMPK, TAF3, TAF6L, TAGLN2, TASP1, TBC1D13, TBC1D24, TBCB, TBL3, TCF19, TCF25, TCF3, TDP1, TERF2, TERF2IP, TES, TESK2, TEX10, TFIP11, THAP12, THAP4, THOC5, THRAP3, THUMPD1, THUMPD2, THYN1, TIMELESS, TIMM44, TK1, TLE3, TLK2, TMA16, TMLHE, TMPO, TOM1L1, TOP1, TOX4, TP53I11, TP73, TPX2, TRA2B, TRIM28, TRIM33, TRIR, TRMT1, TRMT10A, TRMT6, TRPS1, TSNAX, TSR1, TTC12, TTC33, TTLL12, TUFM, TUT1, TXNDC9, U2SURP, UBA1, UBE2E3, UBE2K, UBE2M, UBE2S, UBE2V2, UBN1, UBXN1, UBXN7, UHRF1, UIMC1, UNC119B, UNC45A, UPF1, UQCRC2, USP10, USP13, USP22, USP48, UTP11, UTP14A, UTP18, UTP3, VCPIP1, VPS33B, VPS72, VRK1, WAC, WAPL, WBP11, WBP4, WDHD1, WDR12, WDR33, WDR4, WDR43, WDR45B, WDR46, WDR70, WIZ, XPC, XPO5, XRCC4, XRCC5, XRCC6, YAP1, YARS1, YTHDC1, YWHAH, YY1, ZBTB34, ZBTB4, ZBTB7A, ZBTB7B, ZC3H11A, ZC3H14, ZC3H15, ZC3H4, ZC3H8, ZC3HC1, ZCCHC8, ZFAND6, ZFP91, ZFR, ZHX3, ZMAT2, ZMYM3, ZMYND8, ZNF148, ZNF174, ZNF207, ZNF217, ZNF280C, ZNF326, ZNF384, ZNF512, ZNF512B, ZNF516, ZNF592, ZNF618, ZNF639, ZNF644, ZNF687, ZNF706, ZNF787, ZNF800, ZNF804B, ZNF830, ZRANB1, ZRANB2, ZYX, ZZZ3
2026-06-02 15:23:04,743 - ===== Fold 1/5 (train proteins: 809, val proteins: 203) =====
2026-06-02 15:23:07,304 - Epoch 1/200 - LR: 0.0001 - Train Loss: 0.6928 - Val Loss: 0.6873
2026-06-02 15:23:08,844 - Epoch 2/200 - LR: 0.0001 - Train Loss: 0.6871 - Val Loss: 0.6622
2026-06-02 15:23:10,103 - Epoch 3/200 - LR: 0.0001 - Train Loss: 0.6697 - Val Loss: 0.6074
2026-06-02 15:23:11,437 - Epoch 4/200 - LR: 0.0001 - Train Loss: 0.6020 - Val Loss: 0.5864
2026-06-02 15:23:12,938 - Epoch 5/200 - LR: 0.0001 - Train Loss: 0.5545 - Val Loss: 0.5824
2026-06-02 15:23:14,556 - Epoch 6/200 - LR: 0.0001 - Train Loss: 0.5236 - Val Loss: 0.5705
2026-06-02 15:23:15,981 - Epoch 7/200 - LR: 0.0001 - Train Loss: 0.4979 - Val Loss: 0.5690
2026-06-02 15:23:17,417 - Epoch 8/200 - LR: 0.0001 - Train Loss: 0.4741 - Val Loss: 0.5772
2026-06-02 15:23:18,944 - Epoch 9/200 - LR: 0.0001 - Train Loss: 0.4571 - Val Loss: 0.5650
2026-06-02 15:23:20,445 - Epoch 10/200 - LR: 0.0001 - Train Loss: 0.4372 - Val Loss: 0.5531
2026-06-02 15:23:21,988 - Epoch 11/200 - LR: 0.0001 - Train Loss: 0.4173 - Val Loss: 0.5813
2026-06-02 15:23:23,532 - Epoch 12/200 - LR: 0.0001 - Train Loss: 0.4035 - Val Loss: 0.5828
2026-06-02 15:23:25,150 - Epoch 13/200 - LR: 0.0001 - Train Loss: 0.3916 - Val Loss: 0.5728
2026-06-02 15:23:26,846 - Epoch 14/200 - LR: 0.0001 - Train Loss: 0.3740 - Val Loss: 0.6044
2026-06-02 15:23:28,287 - Epoch 15/200 - LR: 5e-05 - Train Loss: 0.3660 - Val Loss: 0.5956
2026-06-02 15:23:28,287 - Early stopping at epoch 15 (best MCC=0.5205)
2026-06-02 15:23:28,287 - Fold 1 Best Metrics:
2026-06-02 15:23:28,287 -   MCC       : 0.5205
2026-06-02 15:23:28,287 -   SN        : 0.7763
2026-06-02 15:23:28,287 -   SP        : 0.7440
2026-06-02 15:23:28,287 -   ACC       : 0.7609
2026-06-02 15:23:28,287 -   BACC      : 0.7601
2026-06-02 15:23:28,287 -   PRECISION : 0.7696
2026-06-02 15:23:28,287 -   F1        : 0.7729
2026-06-02 15:23:28,287 -   AUC       : 0.8267
2026-06-02 15:23:28,287 -   AUCPR     : 0.8304
2026-06-02 15:23:28,289 - ===== Fold 2/5 (train proteins: 810, val proteins: 202) =====
2026-06-02 15:23:29,891 - Epoch 1/200 - LR: 0.0001 - Train Loss: 0.6991 - Val Loss: 0.6890
2026-06-02 15:23:31,351 - Epoch 2/200 - LR: 0.0001 - Train Loss: 0.6936 - Val Loss: 0.6815
2026-06-02 15:23:32,852 - Epoch 3/200 - LR: 0.0001 - Train Loss: 0.6877 - Val Loss: 0.6629
2026-06-02 15:23:34,532 - Epoch 4/200 - LR: 0.0001 - Train Loss: 0.6637 - Val Loss: 0.6028
2026-06-02 15:23:36,114 - Epoch 5/200 - LR: 0.0001 - Train Loss: 0.6147 - Val Loss: 0.5752
2026-06-02 15:23:37,607 - Epoch 6/200 - LR: 0.0001 - Train Loss: 0.5710 - Val Loss: 0.5432
2026-06-02 15:23:39,268 - Epoch 7/200 - LR: 0.0001 - Train Loss: 0.5509 - Val Loss: 0.5432
2026-06-02 15:23:41,061 - Epoch 8/200 - LR: 0.0001 - Train Loss: 0.5303 - Val Loss: 0.5338
2026-06-02 15:23:42,780 - Epoch 9/200 - LR: 0.0001 - Train Loss: 0.4971 - Val Loss: 0.5249
2026-06-02 15:23:44,450 - Epoch 10/200 - LR: 0.0001 - Train Loss: 0.4794 - Val Loss: 0.5091
2026-06-02 15:23:46,210 - Epoch 11/200 - LR: 0.0001 - Train Loss: 0.4623 - Val Loss: 0.5303
2026-06-02 15:23:47,809 - Epoch 12/200 - LR: 0.0001 - Train Loss: 0.4447 - Val Loss: 0.5231
2026-06-02 15:23:49,308 - Epoch 13/200 - LR: 0.0001 - Train Loss: 0.4371 - Val Loss: 0.5210
2026-06-02 15:23:50,772 - Epoch 14/200 - LR: 0.0001 - Train Loss: 0.4030 - Val Loss: 0.5385
2026-06-02 15:23:52,293 - Epoch 15/200 - LR: 0.0001 - Train Loss: 0.3874 - Val Loss: 0.5331
2026-06-02 15:23:53,899 - Epoch 16/200 - LR: 0.0001 - Train Loss: 0.3723 - Val Loss: 0.5349
2026-06-02 15:23:55,685 - Epoch 17/200 - LR: 0.0001 - Train Loss: 0.3487 - Val Loss: 0.5838
2026-06-02 15:23:57,421 - Epoch 18/200 - LR: 0.0001 - Train Loss: 0.3436 - Val Loss: 0.5730
2026-06-02 15:23:59,135 - Epoch 19/200 - LR: 0.0001 - Train Loss: 0.3275 - Val Loss: 0.5780
2026-06-02 15:24:00,785 - Epoch 20/200 - LR: 0.0001 - Train Loss: 0.3143 - Val Loss: 0.5851
2026-06-02 15:24:02,446 - Epoch 21/200 - LR: 0.0001 - Train Loss: 0.2948 - Val Loss: 0.6085
2026-06-02 15:24:03,954 - Epoch 22/200 - LR: 0.0001 - Train Loss: 0.2935 - Val Loss: 0.5953
2026-06-02 15:24:05,670 - Epoch 23/200 - LR: 0.0001 - Train Loss: 0.2556 - Val Loss: 0.6729
2026-06-02 15:24:07,357 - Epoch 24/200 - LR: 0.0001 - Train Loss: 0.2377 - Val Loss: 0.7346
2026-06-02 15:24:08,990 - Epoch 25/200 - LR: 0.0001 - Train Loss: 0.2403 - Val Loss: 0.7069
2026-06-02 15:24:10,703 - Epoch 26/200 - LR: 5e-05 - Train Loss: 0.2104 - Val Loss: 0.7231
2026-06-02 15:24:10,703 - Early stopping at epoch 26 (best MCC=0.5788)
2026-06-02 15:24:10,703 - Fold 2 Best Metrics:
2026-06-02 15:24:10,703 -   MCC       : 0.5788
2026-06-02 15:24:10,703 -   SN        : 0.7931
2026-06-02 15:24:10,703 -   SP        : 0.7857
2026-06-02 15:24:10,703 -   ACC       : 0.7894
2026-06-02 15:24:10,703 -   BACC      : 0.7894
2026-06-02 15:24:10,703 -   PRECISION : 0.7877
2026-06-02 15:24:10,703 -   F1        : 0.7904
2026-06-02 15:24:10,703 -   AUC       : 0.8515
2026-06-02 15:24:10,703 -   AUCPR     : 0.8414
2026-06-02 15:24:10,705 - ===== Fold 3/5 (train proteins: 810, val proteins: 202) =====
2026-06-02 15:24:12,455 - Epoch 1/200 - LR: 0.0001 - Train Loss: 0.6952 - Val Loss: 0.6847
2026-06-02 15:24:13,970 - Epoch 2/200 - LR: 0.0001 - Train Loss: 0.6843 - Val Loss: 0.6411
2026-06-02 15:24:15,491 - Epoch 3/200 - LR: 0.0001 - Train Loss: 0.6527 - Val Loss: 0.5729
2026-06-02 15:24:17,326 - Epoch 4/200 - LR: 0.0001 - Train Loss: 0.5992 - Val Loss: 0.5618
2026-06-02 15:24:18,894 - Epoch 5/200 - LR: 0.0001 - Train Loss: 0.5564 - Val Loss: 0.5363
2026-06-02 15:24:20,539 - Epoch 6/200 - LR: 0.0001 - Train Loss: 0.5322 - Val Loss: 0.5075
2026-06-02 15:24:22,173 - Epoch 7/200 - LR: 0.0001 - Train Loss: 0.5139 - Val Loss: 0.4864
2026-06-02 15:24:23,781 - Epoch 8/200 - LR: 0.0001 - Train Loss: 0.4986 - Val Loss: 0.4684
2026-06-02 15:24:25,410 - Epoch 9/200 - LR: 0.0001 - Train Loss: 0.4843 - Val Loss: 0.4767
2026-06-02 15:24:27,061 - Epoch 10/200 - LR: 0.0001 - Train Loss: 0.4674 - Val Loss: 0.5025
2026-06-02 15:24:28,745 - Epoch 11/200 - LR: 0.0001 - Train Loss: 0.4385 - Val Loss: 0.4803
2026-06-02 15:24:30,482 - Epoch 12/200 - LR: 0.0001 - Train Loss: 0.4265 - Val Loss: 0.4766
2026-06-02 15:24:32,142 - Epoch 13/200 - LR: 0.0001 - Train Loss: 0.4125 - Val Loss: 0.4557
2026-06-02 15:24:33,956 - Epoch 14/200 - LR: 0.0001 - Train Loss: 0.4154 - Val Loss: 0.4808
2026-06-02 15:24:35,743 - Epoch 15/200 - LR: 0.0001 - Train Loss: 0.3812 - Val Loss: 0.4754
2026-06-02 15:24:37,421 - Epoch 16/200 - LR: 0.0001 - Train Loss: 0.3716 - Val Loss: 0.4883
2026-06-02 15:24:39,108 - Epoch 17/200 - LR: 0.0001 - Train Loss: 0.3587 - Val Loss: 0.4905
2026-06-02 15:24:40,784 - Epoch 18/200 - LR: 0.0001 - Train Loss: 0.3254 - Val Loss: 0.5201
2026-06-02 15:24:42,554 - Epoch 19/200 - LR: 0.0001 - Train Loss: 0.3279 - Val Loss: 0.5230
2026-06-02 15:24:44,139 - Epoch 20/200 - LR: 0.0001 - Train Loss: 0.3037 - Val Loss: 0.5745
2026-06-02 15:24:45,600 - Epoch 21/200 - LR: 5e-05 - Train Loss: 0.2959 - Val Loss: 0.5400
2026-06-02 15:24:47,073 - Epoch 22/200 - LR: 5e-05 - Train Loss: 0.2773 - Val Loss: 0.5459
2026-06-02 15:24:48,656 - Epoch 23/200 - LR: 5e-05 - Train Loss: 0.2636 - Val Loss: 0.5637
2026-06-02 15:24:50,269 - Epoch 24/200 - LR: 5e-05 - Train Loss: 0.2492 - Val Loss: 0.5828
2026-06-02 15:24:51,877 - Epoch 25/200 - LR: 5e-05 - Train Loss: 0.2320 - Val Loss: 0.6015
2026-06-02 15:24:53,499 - Epoch 26/200 - LR: 2.5e-05 - Train Loss: 0.2218 - Val Loss: 0.6049
2026-06-02 15:24:53,499 - Early stopping at epoch 26 (best MCC=0.6171)
2026-06-02 15:24:53,499 - Fold 3 Best Metrics:
2026-06-02 15:24:53,500 -   MCC       : 0.6171
2026-06-02 15:24:53,500 -   SN        : 0.7805
2026-06-02 15:24:53,500 -   SP        : 0.8361
2026-06-02 15:24:53,500 -   ACC       : 0.8078
2026-06-02 15:24:53,500 -   BACC      : 0.8083
2026-06-02 15:24:53,500 -   PRECISION : 0.8313
2026-06-02 15:24:53,500 -   F1        : 0.8051
2026-06-02 15:24:53,500 -   AUC       : 0.8713
2026-06-02 15:24:53,500 -   AUCPR     : 0.8673
2026-06-02 15:24:53,502 - ===== Fold 4/5 (train proteins: 810, val proteins: 202) =====
2026-06-02 15:24:55,154 - Epoch 1/200 - LR: 0.0001 - Train Loss: 0.6943 - Val Loss: 0.6936
2026-06-02 15:24:56,813 - Epoch 2/200 - LR: 0.0001 - Train Loss: 0.6926 - Val Loss: 0.6796
2026-06-02 15:24:58,495 - Epoch 3/200 - LR: 0.0001 - Train Loss: 0.6765 - Val Loss: 0.6354
2026-06-02 15:25:00,327 - Epoch 4/200 - LR: 0.0001 - Train Loss: 0.6257 - Val Loss: 0.6087
2026-06-02 15:25:02,015 - Epoch 5/200 - LR: 0.0001 - Train Loss: 0.5812 - Val Loss: 0.5801
2026-06-02 15:25:03,679 - Epoch 6/200 - LR: 0.0001 - Train Loss: 0.5393 - Val Loss: 0.5949
2026-06-02 15:25:05,185 - Epoch 7/200 - LR: 0.0001 - Train Loss: 0.5217 - Val Loss: 0.5582
2026-06-02 15:25:06,706 - Epoch 8/200 - LR: 0.0001 - Train Loss: 0.5002 - Val Loss: 0.5507
2026-06-02 15:25:08,257 - Epoch 9/200 - LR: 0.0001 - Train Loss: 0.4582 - Val Loss: 0.5625
2026-06-02 15:25:09,768 - Epoch 10/200 - LR: 0.0001 - Train Loss: 0.4648 - Val Loss: 0.5422
2026-06-02 15:25:11,297 - Epoch 11/200 - LR: 0.0001 - Train Loss: 0.4312 - Val Loss: 0.5396
2026-06-02 15:25:12,835 - Epoch 12/200 - LR: 0.0001 - Train Loss: 0.4190 - Val Loss: 0.5578
2026-06-02 15:25:14,353 - Epoch 13/200 - LR: 0.0001 - Train Loss: 0.4115 - Val Loss: 0.5183
2026-06-02 15:25:15,859 - Epoch 14/200 - LR: 0.0001 - Train Loss: 0.3806 - Val Loss: 0.5527
2026-06-02 15:25:17,544 - Epoch 15/200 - LR: 0.0001 - Train Loss: 0.3833 - Val Loss: 0.5312
2026-06-02 15:25:19,208 - Epoch 16/200 - LR: 0.0001 - Train Loss: 0.3611 - Val Loss: 0.6241
2026-06-02 15:25:20,897 - Epoch 17/200 - LR: 0.0001 - Train Loss: 0.3424 - Val Loss: 0.5716
2026-06-02 15:25:22,641 - Epoch 18/200 - LR: 5e-05 - Train Loss: 0.3212 - Val Loss: 0.5885
2026-06-02 15:25:22,641 - Early stopping at epoch 18 (best MCC=0.5633)
2026-06-02 15:25:22,641 - Fold 4 Best Metrics:
2026-06-02 15:25:22,641 -   MCC       : 0.5633
2026-06-02 15:25:22,642 -   SN        : 0.8216
2026-06-02 15:25:22,642 -   SP        : 0.7404
2026-06-02 15:25:22,642 -   ACC       : 0.7802
2026-06-02 15:25:22,642 -   BACC      : 0.7810
2026-06-02 15:25:22,642 -   PRECISION : 0.7527
2026-06-02 15:25:22,642 -   F1        : 0.7856
2026-06-02 15:25:22,642 -   AUC       : 0.8509
2026-06-02 15:25:22,642 -   AUCPR     : 0.8387
2026-06-02 15:25:22,644 - ===== Fold 5/5 (train proteins: 809, val proteins: 203) =====
2026-06-02 15:25:24,387 - Epoch 1/200 - LR: 0.0001 - Train Loss: 0.6967 - Val Loss: 0.6891
2026-06-02 15:25:26,041 - Epoch 2/200 - LR: 0.0001 - Train Loss: 0.6898 - Val Loss: 0.6687
2026-06-02 15:25:27,687 - Epoch 3/200 - LR: 0.0001 - Train Loss: 0.6710 - Val Loss: 0.6103
2026-06-02 15:25:29,407 - Epoch 4/200 - LR: 0.0001 - Train Loss: 0.6306 - Val Loss: 0.5697
2026-06-02 15:25:31,205 - Epoch 5/200 - LR: 0.0001 - Train Loss: 0.5760 - Val Loss: 0.5350
2026-06-02 15:25:32,956 - Epoch 6/200 - LR: 0.0001 - Train Loss: 0.5462 - Val Loss: 0.5166
2026-06-02 15:25:34,611 - Epoch 7/200 - LR: 0.0001 - Train Loss: 0.5099 - Val Loss: 0.5279
2026-06-02 15:25:36,259 - Epoch 8/200 - LR: 0.0001 - Train Loss: 0.5078 - Val Loss: 0.5235
2026-06-02 15:25:37,995 - Epoch 9/200 - LR: 0.0001 - Train Loss: 0.4795 - Val Loss: 0.4835
2026-06-02 15:25:39,683 - Epoch 10/200 - LR: 0.0001 - Train Loss: 0.4582 - Val Loss: 0.5249
2026-06-02 15:25:41,259 - Epoch 11/200 - LR: 0.0001 - Train Loss: 0.4497 - Val Loss: 0.5059
2026-06-02 15:25:42,863 - Epoch 12/200 - LR: 0.0001 - Train Loss: 0.4205 - Val Loss: 0.5385
2026-06-02 15:25:44,601 - Epoch 13/200 - LR: 0.0001 - Train Loss: 0.4022 - Val Loss: 0.5068
2026-06-02 15:25:46,411 - Epoch 14/200 - LR: 0.0001 - Train Loss: 0.3869 - Val Loss: 0.5749
2026-06-02 15:25:48,070 - Epoch 15/200 - LR: 0.0001 - Train Loss: 0.3795 - Val Loss: 0.5358
2026-06-02 15:25:49,736 - Epoch 16/200 - LR: 0.0001 - Train Loss: 0.3542 - Val Loss: 0.5333
2026-06-02 15:25:51,393 - Epoch 17/200 - LR: 0.0001 - Train Loss: 0.3374 - Val Loss: 0.5264
2026-06-02 15:25:53,040 - Epoch 18/200 - LR: 0.0001 - Train Loss: 0.3190 - Val Loss: 0.5545
2026-06-02 15:25:54,532 - Epoch 19/200 - LR: 5e-05 - Train Loss: 0.3026 - Val Loss: 0.5771
2026-06-02 15:25:54,533 - Early stopping at epoch 19 (best MCC=0.5792)
2026-06-02 15:25:54,533 - Fold 5 Best Metrics:
2026-06-02 15:25:54,533 -   MCC       : 0.5792
2026-06-02 15:25:54,533 -   SN        : 0.9179
2026-06-02 15:25:54,533 -   SP        : 0.6440
2026-06-02 15:25:54,533 -   ACC       : 0.7745
2026-06-02 15:25:54,533 -   BACC      : 0.7809
2026-06-02 15:25:54,533 -   PRECISION : 0.7011
2026-06-02 15:25:54,533 -   F1        : 0.7950
2026-06-02 15:25:54,533 -   AUC       : 0.8616
2026-06-02 15:25:54,533 -   AUCPR     : 0.8488
2026-06-02 15:25:54,533 - ==============================
2026-06-02 15:25:54,533 - Cross-Validation Results:
2026-06-02 15:25:54,533 -   MCC       : 0.5718 ± 0.0312
2026-06-02 15:25:54,533 -   SN        : 0.8179 ± 0.0524
2026-06-02 15:25:54,533 -   SP        : 0.7500 ± 0.0633
2026-06-02 15:25:54,533 -   ACC       : 0.7826 ± 0.0157
2026-06-02 15:25:54,534 -   BACC      : 0.7840 ± 0.0155
2026-06-02 15:25:54,534 -   PRECISION : 0.7685 ± 0.0427
2026-06-02 15:25:54,534 -   F1        : 0.7898 ± 0.0106
2026-06-02 15:25:54,534 -   AUC       : 0.8524 ± 0.0149
2026-06-02 15:25:54,534 -   AUCPR     : 0.8453 ± 0.0125
2026-06-02 15:25:54,534 - ==============================
2026-06-02 15:25:54,534 - Evaluating ensemble on test set...
2026-06-02 15:25:55,424 - Final Test Metrics (Ensemble):
2026-06-02 15:25:55,424 -   MCC       : 0.5959
2026-06-02 15:25:55,424 -   SN        : 0.7959
2026-06-02 15:25:55,424 -   SP        : 0.8000
2026-06-02 15:25:55,424 -   ACC       : 0.7980
2026-06-02 15:25:55,424 -   BACC      : 0.7980
2026-06-02 15:25:55,424 -   PRECISION : 0.7992
2026-06-02 15:25:55,424 -   F1        : 0.7975
2026-06-02 15:25:55,424 -   AUC       : 0.8814
2026-06-02 15:25:55,424 -   AUCPR     : 0.8942
