2026-06-02 15:13:10,704 - ============================================================
2026-06-02 15:13:10,704 - WINDOW SIZE: 31
2026-06-02 15:13:10,704 - ============================================================
2026-06-02 15:13:10,704 - Hyperparameters:
2026-06-02 15:13:10,704 -   Batch Size: 128
2026-06-02 15:13:10,704 -   Learning Rate: 0.0001
2026-06-02 15:13:10,704 -   Weight Decay: 0.001
2026-06-02 15:13:10,704 -   Epochs: 200
2026-06-02 15:13:10,704 -   K-Folds: 5
2026-06-02 15:13:10,704 -   Patience: 5
2026-06-02 15:13:10,704 -   Early Stop Metric: MCC
2026-06-02 15:13:10,704 -   Node Feature Dimension: 1280
2026-06-02 15:13:10,704 -   Sequence Window Size: 31
2026-06-02 15:13:10,704 -   Sequence Center Index: 15
2026-06-02 15:13:10,704 -   Hidden Dimension: 128
2026-06-02 15:13:10,704 -   LR Scheduler: ReduceLROnPlateau(factor=0.5, patience=3, min_lr=1e-06)
2026-06-02 15:13:10,704 -   Cross-Validation: GroupKFold (group = protein name)
2026-06-02 15:13:10,704 - ============================================================
2026-06-02 15:13:10,705 - Loading training data from data/train_31aa_embedding_graph.pt...
2026-06-02 15:13:12,797 - Number of unique proteins (groups): 1012
2026-06-02 15:13:12,797 - Proteins: AASDH, AATF, ABCF1, ABCF2, ABCF3, ABITRAM, ABRAXAS1, ACADVL, ACAT1, ACIN1, ACLY, ACO2, ACOT13, ACOT9, ACSF2, ADAR, ADNP, AFF4, AGFG2, AGGF1, AHCYL2, AHSA1, AIF1L, AKAP8L, ALDH18A1, ALDH9A1, ALDOA, ALG9, ALKBH3, ALKBH5, ALYREF, ANLN, ANXA2, APBB1, APEX1, APIP, ARFGAP1, ARFGAP2, ARFIP1, ARID3A, ARID4B, ARL3, ARL6IP4, ARMC1, ARPC2, ARPC5, ARPIN, ASPSCR1, ATF7IP, ATG12, ATP5F1A, ATP5F1B, ATP5IF1, ATP5PD, ATP5PO, ATP6V1E1, ATP6V1G1, ATPAF1, ATXN2L, ATXN3, AUH, AURKA, BAG2, BBS9, BBX, BCLAF1, BLNK, BMS1, BRD2, BRD4, BRIX1, BRPF1, BTF3, BUB1B, BUD23, BUD31, C12orf45, C16orf87, C19orf47, C19orf53, C1orf131, C1orf174, C1orf198, C1orf52, C7orf50, C9orf78, CACYBP, CALD1, CALU, CANX, CAPZA1, CAPZB, CAST, CAVIN1, CBFB, CBX5, CC2D1A, CCDC117, CCDC124, CCDC137, CCDC59, CCDC71, CCDC82, CCDC86, CCNH, CCNK, CCNT1, CCT2, CCT3, CCT5, CCT8, CD2BP2, CDC37, CDC40, CDC5L, CDC73, CDCA2, CDK7, CDK9, CDKN2AIP, CDV3, CDYL, CENPV, CEP131, CFL1, CHAF1A, CHAF1B, CHAMP1, CHERP, CHMP1B, CHMP2A, CHMP2B, CHMP4B, CHMP5, CHRAC1, CHTOP, CIAPIN1, CKAP2L, CKS2, CLASRP, CLINT1, CMAS, CMTR1, CNN3, CNP, COIL, COPS7A, CORO1B, CPNE1, CPSF3, CREB1, CRIPT, CRNKL1, CRTC3, CS, CSNK2B, CSRP1, CTCF, CTDP1, CTTN, CUEDC2, CUL1, CUL3, CWC15, CWC22, CWC27, CXorf56, CYCS, CZIB, DAXX, DBNL, DBR1, DBT, DCPS, DCUN1D5, DDA1, DDB1, DDB2, DDHD1, DDX10, DDX17, DDX18, DDX21, DDX23, DDX24, DDX27, DDX31, DDX39B, DDX41, DDX42, DDX46, DDX47, DDX52, DEK, DFFA, DGCR8, DHX16, DHX36, DHX37, DHX38, DHX9, DIEXF, DIMT1, DIS3, DKC1, DLAT, DLG3, DLGAP4, DNAJA3, DNAJB1, DNAJC17, DNAJC8, DNTTIP2, DPF2, DR1, DRAP1, DTD1, DUS1L, DUS3L, DUT, EAF1, EBAG9, EBNA1BP2, ECHDC1, ECI1, ECI2, ECT2, EDC3, EDF1, EED, EEF1G, EHMT1, EIF1AD, EIF1AX, EIF2B3, EIF2S2, EIF3A, EIF3CL, EIF3D, EIF3E, EIF3G, EIF3J, EIF4A3, EIF4EBP1, EIF4G2, EIF4H, EIF5, EIF5A, EIF5B, ELAC2, ELAVL1, ELOA, ELOF1, EMD, EML4, EMSY, ENO1, ENSA, EPB41L2, EPC2, ERCC3, ERF, ESF1, ESRRA, ETFA, ETFB, EXOC1, EXOSC10, EYA3, FABP5, FAIM, FAM126A, FAM133B, FAM50A, FAM76B, FANCI, FBXO45, FEN1, FER, FH, FHL1, FIP1L1, FKBP3, FKBP4, FLYWCH2, FMC1, FNBP4, FOXK2, FRG1, G3BP1, GABPA, GATAD2A, GATB, GFM2, GGCX, GIGYF2, GINS3, GIPC1, GLRA1, GLS, GMNN, GMPR2, GNL3, GNL3L, GOT2, GPALPP1, GPATCH1, GPATCH11, GPI, GPKOW, GRPEL1, GSE1, GTF2E2, GTF2F1, GTF2F2, GTF2H1, GTF2I, GTF3C2, GTF3C4, GTF3C5, GTPBP1, GTSE1, H2BC18, H3C1, H4C1, HADHA, HADHB, HAT1, HDAC2, HDGFL2, HDLBP, HEATR3, HELLS, HEXIM1, HIBCH, HIC2, HINT1, HIRIP3, HLTF, HMBS, HMG20A, HMGA2, HMGN1, HMOX2, HNRNPA1, HNRNPC, HNRNPDL, HNRNPH1, HNRNPK, HNRNPL, HNRNPM, HNRNPR, HNRNPU, HSP90AA1, HSP90AB2P, HSPA4, HSPA9, HSPD1, HSPE1, IARS2, ICE2, IDH2, IGHMBP2, IK, ILF3, ILKAP, INCENP, INIP, INO80B, INTS10, INTS12, INTS4, IRF2, IRF2BP1, IRF2BP2, IWS1, JADE3, JPH2, JPT1, JPT2, KARS1, KAT7, KCTD16, KDM2B, KDM4A, KHDC4, KHDRBS1, KHSRP, KIAA1143, KIF22, KIF23, KIF2A, KIF4A, KIF5B, KIFC1, KIN, KPNA1, KRI1, KRR1, LARP1, LARP7, LASP1, LCORL, LDHA, LEMD3, LIG1, LIMA1, LMNA, LPP, LRPPRC, LRRC40, LRRC41, LRRC59, LSM14A, LUZP1, LYAR, LYSMD3, LZTS2, MACROD1, MACROH2A1, MAGED1, MAGED2, MAGOHB, MAP2K7, MAP4, MAPK13, MAPRE3, MASTL, MATR3, MB21D2, MBD1, MBD2, MCEE, MCM3, MCRS1, MCU, MDH2, ME2, MEAF6, MECP2, MED27, MED4, MED6, MEN1, MEPCE, METTL1, METTL16, MFAP1, MIDEAS, MKRN2, MLH1, MMAB, MMTAG2, MNAT1, MOB3A, MORF4L1, MPHOSPH6, MPHOSPH8, MRE11, MRPL12, MRPL44, MRPL47, MRPS28, MRTO4, MSH2, MSH6, MSL1, MSL3P1, MTA1, MTHFD1L, MTHFD2, MTREX, MVD, MYBBP1A, MYBL2, MYL6B, MYO6, N4BP1, NAB2, NACC1, NAMPT, NASP, NAT10, NBN, NCAPG, NCAPH, NCAPH2, NCBP1, NCBP3, NCK2, NCKAP1, NCL, NDUFAF4, NDUFAF7, NDUFV3, NEBL, NECAP1, NEFL, NELFA, NELFE, NEXN, NFIA, NFX1, NFYA, NHLRC2, NIFK, NIPSNAP3A, NKAP, NKIRAS2, NKRF, NNT, NOC3L, NOL11, NOL6, NOL7, NOL8, NOP14, NOP2, NOP56, NOP58, NOP9, NOSIP, NPM1, NSD2, NSFL1C, NSMCE4A, NSRP1, NUCKS1, NUDC, NUDT21, NUFIP2, NUP50, NUSAP1, NVL, OAT, OBI1, OCIAD1, OCLN, OGFR, OGT, OR4Q3, ORC2, ORC3, ORC4, OSBPL8, OTUD3, OTUD5, OTUD7B, OXCT1, PA2G4, PACS1, PAICS, PAK1IP1, PAPSS1, PARD3, PARN, PARP1, PARVB, PATZ1, PAWR, PAXIP1, PAXX, PBK, PCBP2, PCGF1, PCLAF, PCNA, PCNP, PDAP1, PDCD4, PDCD5, PDCL3, PDHA1, PDLIM1, PDLIM3, PDLIM5, PELP1, PES1, PFDN2, PFKP, PGAM1, PHAX, PHB2, PHC1, PHC2, PHC3, PHF10, PHF2, PHF20L1, PHF21A, PHF23, PHF5A, PHF6, PHLDB2, PIN4, PKN2, PLK1, PLS3, PML, PMPCB, PMS2, PNKP, PNN, PNPT1, POC5, POLA2, POLD1, POLD2, POLD3, POLD4, POLE4, POLR1G, POM121, PPA2, PPAN, PPFIA1, PPIL2, PPIL4, PPM1G, PPME1, PPP1CA, PPP1R11, PPP1R14C, PPP1R2, PPP2R5D, PPP4R3A, PPWD1, PQBP1, PRCC, PRDX3, PRKRIP1, PRMT5, PRORP, PRPF3, PRPF31, PRPF38B, PRPF4, PRPF6, PRR15, PRR3, PSIP1, PSMA8, PSMD3, PSMD4, PSMD9, PSME3IP1, PTBP1, PTCD3, PTMS, PTPN11, PTPN2, PTRHD1, PUF60, PUM3, PWP2, PWWP2A, PYROXD1, QRICH1, RACGAP1, RAD17, RAD21, RAD51AP1, RAN, RANBP3, RB1, RBBP4, RBBP5, RBM10, RBM14, RBM15, RBM17, RBM20, RBM22, RBM25, RBM26, RBM27, RBM28, RBM33, RBM39, RBM6, RBMX, RCC1, RCC2, RDX, RECQL, RECQL5, REXO1, REXO2, RFC1, RFX5, RIOX2, RNASEH2B, RNF113A, RNF114, RNF169, RNF40, RNGTT, RNMT, RPA1, RPAP2, RPL10, RPL10A, RPL11, RPL13, RPL14, RPL17, RPL18A, RPL19, RPL21, RPL22, RPL23A, RPL24, RPL27, RPL27A, RPL28, RPL29, RPL3, RPL30, RPL31, RPL34, RPL36, RPL4, RPL5, RPL7A, RPL7L1, RPL9, RPP30, RPP38, RPS10, RPS11, RPS14, RPS19, RPS20, RPS23, RPS25, RPS27A, RPS3, RPS3A, RPS4X, RPS6, RPS6KA4, RPS6KB1, RPS7, RPS8, RPS9, RPSA, RRN3, RRP12, RRP1B, RRP8, RRS1, RSBN1L, RSL1D1, RSRC2, RTEL1, RTF1, RTF2, RTKN, RYBP, S100A10, S100A11, SAE1, SAFB2, SAMHD1, SAP30, SAP30BP, SARNP, SARS2, SART1, SART3, SATB2, SCML2, SCNM1, SDAD1, SDHA, SEC61B, SEC63, SELENOH, SENP3, SENP6, SEPTIN2, SEPTIN9, SERF2, SET, SETD3, SETDB1, SF1, SF3A1, SF3A2, SF3A3, SF3B1, SF3B2, SFMBT1, SFPQ, SH3GL1, SH3GLB1, SHMT2, SIN3A, SIN3B, SINHCAF, SIRPA, SLBP, SLC25A3, SLC25A5, SLC27A4, SLC4A1AP, SLC6A7, SLTM, SLU7, SMAP, SMARCA1, SMARCAD1, SMARCAL1, SMARCC2, SMC3, SMC4, SMC5, SMN1, SMNDC1, SNCA, SNF8, SNRNP27, SNRNP40, SNRPA, SNRPA1, SNRPE, SNW1, SNX6, SNX9, SOD2, SPAG7, SPART, SPECC1L, SRBD1, SREK1, SRP14, SRRM1, SRSF10, SRSF3, SRSF4, SS18, SSB, SSRP1, STAG1, STARD13, STAT6, STIM1, STIP1, STK38L, STMN2, STOML2, STRN3, STT3B, SUB1, SUCLA2, SUDS3, SUGP1, SUGP2, SUMO2, SUPT16H, SUPT5H, SURF6, SUZ12, SYMPK, TAF3, TAF6L, TAGLN2, TASP1, TBC1D13, TBC1D24, TBCB, TBL3, TCF19, TCF25, TCF3, TDP1, TERF2, TERF2IP, TES, TESK2, TEX10, TFIP11, THAP12, THAP4, THOC5, THRAP3, THUMPD1, THUMPD2, THYN1, TIMELESS, TIMM44, TK1, TLE3, TLK2, TMA16, TMLHE, TMPO, TOM1L1, TOP1, TOX4, TP53I11, TP73, TPX2, TRA2B, TRIM28, TRIM33, TRIR, TRMT1, TRMT10A, TRMT6, TRPS1, TSNAX, TSR1, TTC12, TTC33, TTLL12, TUFM, TUT1, TXNDC9, U2SURP, UBA1, UBE2E3, UBE2K, UBE2M, UBE2S, UBE2V2, UBN1, UBXN1, UBXN7, UHRF1, UIMC1, UNC119B, UNC45A, UPF1, UQCRC2, USP10, USP13, USP22, USP48, UTP11, UTP14A, UTP18, UTP3, VCPIP1, VPS33B, VPS72, VRK1, WAC, WAPL, WBP11, WBP4, WDHD1, WDR12, WDR33, WDR4, WDR43, WDR45B, WDR46, WDR70, WIZ, XPC, XPO5, XRCC4, XRCC5, XRCC6, YAP1, YARS1, YTHDC1, YWHAH, YY1, ZBTB34, ZBTB4, ZBTB7A, ZBTB7B, ZC3H11A, ZC3H14, ZC3H15, ZC3H4, ZC3H8, ZC3HC1, ZCCHC8, ZFAND6, ZFP91, ZFR, ZHX3, ZMAT2, ZMYM3, ZMYND8, ZNF148, ZNF174, ZNF207, ZNF217, ZNF280C, ZNF326, ZNF384, ZNF512, ZNF512B, ZNF516, ZNF592, ZNF618, ZNF639, ZNF644, ZNF687, ZNF706, ZNF787, ZNF800, ZNF804B, ZNF830, ZRANB1, ZRANB2, ZYX, ZZZ3
2026-06-02 15:13:12,810 - ===== Fold 1/5 (train proteins: 809, val proteins: 203) =====
2026-06-02 15:13:13,843 - Epoch 1/200 - LR: 0.0001 - Train Loss: 0.6945 - Val Loss: 0.6868
2026-06-02 15:13:14,812 - Epoch 2/200 - LR: 0.0001 - Train Loss: 0.6903 - Val Loss: 0.6681
2026-06-02 15:13:15,827 - Epoch 3/200 - LR: 0.0001 - Train Loss: 0.6728 - Val Loss: 0.6206
2026-06-02 15:13:16,940 - Epoch 4/200 - LR: 0.0001 - Train Loss: 0.6285 - Val Loss: 0.6177
2026-06-02 15:13:17,989 - Epoch 5/200 - LR: 0.0001 - Train Loss: 0.5927 - Val Loss: 0.5681
2026-06-02 15:13:18,993 - Epoch 6/200 - LR: 0.0001 - Train Loss: 0.5664 - Val Loss: 0.5631
2026-06-02 15:13:20,046 - Epoch 7/200 - LR: 0.0001 - Train Loss: 0.5326 - Val Loss: 0.5527
2026-06-02 15:13:21,084 - Epoch 8/200 - LR: 0.0001 - Train Loss: 0.5217 - Val Loss: 0.5516
2026-06-02 15:13:22,135 - Epoch 9/200 - LR: 0.0001 - Train Loss: 0.5071 - Val Loss: 0.5610
2026-06-02 15:13:23,138 - Epoch 10/200 - LR: 0.0001 - Train Loss: 0.4852 - Val Loss: 0.5858
2026-06-02 15:13:24,157 - Epoch 11/200 - LR: 0.0001 - Train Loss: 0.4701 - Val Loss: 0.5538
2026-06-02 15:13:25,172 - Epoch 12/200 - LR: 0.0001 - Train Loss: 0.4533 - Val Loss: 0.5627
2026-06-02 15:13:26,228 - Epoch 13/200 - LR: 0.0001 - Train Loss: 0.4377 - Val Loss: 0.5594
2026-06-02 15:13:27,237 - Epoch 14/200 - LR: 0.0001 - Train Loss: 0.4212 - Val Loss: 0.5527
2026-06-02 15:13:28,279 - Epoch 15/200 - LR: 0.0001 - Train Loss: 0.4121 - Val Loss: 0.5675
2026-06-02 15:13:29,394 - Epoch 16/200 - LR: 0.0001 - Train Loss: 0.3874 - Val Loss: 0.5900
2026-06-02 15:13:30,461 - Epoch 17/200 - LR: 0.0001 - Train Loss: 0.3874 - Val Loss: 0.5745
2026-06-02 15:13:31,538 - Epoch 18/200 - LR: 0.0001 - Train Loss: 0.3729 - Val Loss: 0.5935
2026-06-02 15:13:32,568 - Epoch 19/200 - LR: 0.0001 - Train Loss: 0.3533 - Val Loss: 0.6341
2026-06-02 15:13:33,531 - Epoch 20/200 - LR: 5e-05 - Train Loss: 0.3401 - Val Loss: 0.6092
2026-06-02 15:13:33,531 - Early stopping at epoch 20 (best MCC=0.5540)
2026-06-02 15:13:33,531 - Fold 1 Best Metrics:
2026-06-02 15:13:33,531 -   MCC       : 0.5540
2026-06-02 15:13:33,531 -   SN        : 0.7719
2026-06-02 15:13:33,531 -   SP        : 0.7826
2026-06-02 15:13:33,531 -   ACC       : 0.7770
2026-06-02 15:13:33,531 -   BACC      : 0.7773
2026-06-02 15:13:33,531 -   PRECISION : 0.7964
2026-06-02 15:13:33,531 -   F1        : 0.7840
2026-06-02 15:13:33,531 -   AUC       : 0.8306
2026-06-02 15:13:33,531 -   AUCPR     : 0.8347
2026-06-02 15:13:33,533 - ===== Fold 2/5 (train proteins: 810, val proteins: 202) =====
2026-06-02 15:13:34,711 - Epoch 1/200 - LR: 0.0001 - Train Loss: 0.6932 - Val Loss: 0.6917
2026-06-02 15:13:35,872 - Epoch 2/200 - LR: 0.0001 - Train Loss: 0.6870 - Val Loss: 0.6522
2026-06-02 15:13:36,987 - Epoch 3/200 - LR: 0.0001 - Train Loss: 0.6661 - Val Loss: 0.6087
2026-06-02 15:13:38,105 - Epoch 4/200 - LR: 0.0001 - Train Loss: 0.6223 - Val Loss: 0.5855
2026-06-02 15:13:39,190 - Epoch 5/200 - LR: 0.0001 - Train Loss: 0.5822 - Val Loss: 0.5693
2026-06-02 15:13:40,310 - Epoch 6/200 - LR: 0.0001 - Train Loss: 0.5797 - Val Loss: 0.5528
2026-06-02 15:13:41,367 - Epoch 7/200 - LR: 0.0001 - Train Loss: 0.5278 - Val Loss: 0.5577
2026-06-02 15:13:42,383 - Epoch 8/200 - LR: 0.0001 - Train Loss: 0.5045 - Val Loss: 0.5790
2026-06-02 15:13:43,350 - Epoch 9/200 - LR: 0.0001 - Train Loss: 0.4888 - Val Loss: 0.5363
2026-06-02 15:13:44,370 - Epoch 10/200 - LR: 0.0001 - Train Loss: 0.4863 - Val Loss: 0.5542
2026-06-02 15:13:45,481 - Epoch 11/200 - LR: 0.0001 - Train Loss: 0.4790 - Val Loss: 0.5690
2026-06-02 15:13:46,476 - Epoch 12/200 - LR: 0.0001 - Train Loss: 0.4591 - Val Loss: 0.5593
2026-06-02 15:13:47,451 - Epoch 13/200 - LR: 0.0001 - Train Loss: 0.4525 - Val Loss: 0.5331
2026-06-02 15:13:48,559 - Epoch 14/200 - LR: 0.0001 - Train Loss: 0.4293 - Val Loss: 0.5519
2026-06-02 15:13:49,669 - Epoch 15/200 - LR: 0.0001 - Train Loss: 0.4167 - Val Loss: 0.5676
2026-06-02 15:13:50,802 - Epoch 16/200 - LR: 0.0001 - Train Loss: 0.4122 - Val Loss: 0.5544
2026-06-02 15:13:51,921 - Epoch 17/200 - LR: 0.0001 - Train Loss: 0.4055 - Val Loss: 0.5651
2026-06-02 15:13:53,084 - Epoch 18/200 - LR: 5e-05 - Train Loss: 0.3853 - Val Loss: 0.5814
2026-06-02 15:13:53,084 - Early stopping at epoch 18 (best MCC=0.5603)
2026-06-02 15:13:53,084 - Fold 2 Best Metrics:
2026-06-02 15:13:53,084 -   MCC       : 0.5603
2026-06-02 15:13:53,084 -   SN        : 0.7356
2026-06-02 15:13:53,084 -   SP        : 0.8226
2026-06-02 15:13:53,084 -   ACC       : 0.7791
2026-06-02 15:13:53,084 -   BACC      : 0.7791
2026-06-02 15:13:53,084 -   PRECISION : 0.8060
2026-06-02 15:13:53,084 -   F1        : 0.7692
2026-06-02 15:13:53,084 -   AUC       : 0.8439
2026-06-02 15:13:53,084 -   AUCPR     : 0.8324
2026-06-02 15:13:53,086 - ===== Fold 3/5 (train proteins: 810, val proteins: 202) =====
2026-06-02 15:13:54,141 - Epoch 1/200 - LR: 0.0001 - Train Loss: 0.6974 - Val Loss: 0.6915
2026-06-02 15:13:55,167 - Epoch 2/200 - LR: 0.0001 - Train Loss: 0.6922 - Val Loss: 0.6819
2026-06-02 15:13:56,184 - Epoch 3/200 - LR: 0.0001 - Train Loss: 0.6849 - Val Loss: 0.6583
2026-06-02 15:13:57,254 - Epoch 4/200 - LR: 0.0001 - Train Loss: 0.6635 - Val Loss: 0.5963
2026-06-02 15:13:58,205 - Epoch 5/200 - LR: 0.0001 - Train Loss: 0.6171 - Val Loss: 0.5542
2026-06-02 15:13:59,140 - Epoch 6/200 - LR: 0.0001 - Train Loss: 0.5801 - Val Loss: 0.5712
2026-06-02 15:14:00,060 - Epoch 7/200 - LR: 0.0001 - Train Loss: 0.5683 - Val Loss: 0.5243
2026-06-02 15:14:00,988 - Epoch 8/200 - LR: 0.0001 - Train Loss: 0.5392 - Val Loss: 0.5140
2026-06-02 15:14:01,939 - Epoch 9/200 - LR: 0.0001 - Train Loss: 0.5212 - Val Loss: 0.5305
2026-06-02 15:14:02,844 - Epoch 10/200 - LR: 0.0001 - Train Loss: 0.4931 - Val Loss: 0.5151
2026-06-02 15:14:03,685 - Epoch 11/200 - LR: 0.0001 - Train Loss: 0.4853 - Val Loss: 0.5065
2026-06-02 15:14:04,556 - Epoch 12/200 - LR: 0.0001 - Train Loss: 0.4582 - Val Loss: 0.5108
2026-06-02 15:14:05,598 - Epoch 13/200 - LR: 0.0001 - Train Loss: 0.4671 - Val Loss: 0.4914
2026-06-02 15:14:06,695 - Epoch 14/200 - LR: 0.0001 - Train Loss: 0.4487 - Val Loss: 0.5025
2026-06-02 15:14:07,747 - Epoch 15/200 - LR: 0.0001 - Train Loss: 0.4272 - Val Loss: 0.5159
2026-06-02 15:14:08,864 - Epoch 16/200 - LR: 0.0001 - Train Loss: 0.4086 - Val Loss: 0.5346
2026-06-02 15:14:09,956 - Epoch 17/200 - LR: 0.0001 - Train Loss: 0.3986 - Val Loss: 0.5363
2026-06-02 15:14:10,998 - Epoch 18/200 - LR: 0.0001 - Train Loss: 0.3875 - Val Loss: 0.5388
2026-06-02 15:14:12,002 - Epoch 19/200 - LR: 0.0001 - Train Loss: 0.3736 - Val Loss: 0.5493
2026-06-02 15:14:12,994 - Epoch 20/200 - LR: 5e-05 - Train Loss: 0.3558 - Val Loss: 0.5487
2026-06-02 15:14:12,994 - Early stopping at epoch 20 (best MCC=0.5562)
2026-06-02 15:14:12,994 - Fold 3 Best Metrics:
2026-06-02 15:14:12,994 -   MCC       : 0.5562
2026-06-02 15:14:12,994 -   SN        : 0.7376
2026-06-02 15:14:12,994 -   SP        : 0.8173
2026-06-02 15:14:12,994 -   ACC       : 0.7768
2026-06-02 15:14:12,994 -   BACC      : 0.7774
2026-06-02 15:14:12,994 -   PRECISION : 0.8069
2026-06-02 15:14:12,994 -   F1        : 0.7707
2026-06-02 15:14:12,994 -   AUC       : 0.8593
2026-06-02 15:14:12,994 -   AUCPR     : 0.8595
2026-06-02 15:14:12,996 - ===== Fold 4/5 (train proteins: 810, val proteins: 202) =====
2026-06-02 15:14:13,952 - Epoch 1/200 - LR: 0.0001 - Train Loss: 0.6963 - Val Loss: 0.6930
2026-06-02 15:14:15,034 - Epoch 2/200 - LR: 0.0001 - Train Loss: 0.6938 - Val Loss: 0.6885
2026-06-02 15:14:16,051 - Epoch 3/200 - LR: 0.0001 - Train Loss: 0.6882 - Val Loss: 0.6645
2026-06-02 15:14:17,058 - Epoch 4/200 - LR: 0.0001 - Train Loss: 0.6582 - Val Loss: 0.6170
2026-06-02 15:14:18,230 - Epoch 5/200 - LR: 0.0001 - Train Loss: 0.5951 - Val Loss: 0.5942
2026-06-02 15:14:19,359 - Epoch 6/200 - LR: 0.0001 - Train Loss: 0.5720 - Val Loss: 0.6191
2026-06-02 15:14:20,388 - Epoch 7/200 - LR: 0.0001 - Train Loss: 0.5525 - Val Loss: 0.5791
2026-06-02 15:14:21,429 - Epoch 8/200 - LR: 0.0001 - Train Loss: 0.5458 - Val Loss: 0.5955
2026-06-02 15:14:22,449 - Epoch 9/200 - LR: 0.0001 - Train Loss: 0.5155 - Val Loss: 0.5596
2026-06-02 15:14:23,517 - Epoch 10/200 - LR: 0.0001 - Train Loss: 0.5054 - Val Loss: 0.5689
2026-06-02 15:14:24,522 - Epoch 11/200 - LR: 0.0001 - Train Loss: 0.4862 - Val Loss: 0.5659
2026-06-02 15:14:25,594 - Epoch 12/200 - LR: 0.0001 - Train Loss: 0.4681 - Val Loss: 0.5254
2026-06-02 15:14:26,637 - Epoch 13/200 - LR: 0.0001 - Train Loss: 0.4517 - Val Loss: 0.5415
2026-06-02 15:14:27,754 - Epoch 14/200 - LR: 0.0001 - Train Loss: 0.4305 - Val Loss: 0.5406
2026-06-02 15:14:28,808 - Epoch 15/200 - LR: 0.0001 - Train Loss: 0.4158 - Val Loss: 0.5371
2026-06-02 15:14:29,905 - Epoch 16/200 - LR: 0.0001 - Train Loss: 0.4097 - Val Loss: 0.5321
2026-06-02 15:14:31,009 - Epoch 17/200 - LR: 0.0001 - Train Loss: 0.4057 - Val Loss: 0.5386
2026-06-02 15:14:32,120 - Epoch 18/200 - LR: 0.0001 - Train Loss: 0.3808 - Val Loss: 0.5293
2026-06-02 15:14:33,239 - Epoch 19/200 - LR: 0.0001 - Train Loss: 0.3705 - Val Loss: 0.5327
2026-06-02 15:14:34,301 - Epoch 20/200 - LR: 0.0001 - Train Loss: 0.3562 - Val Loss: 0.5297
2026-06-02 15:14:35,336 - Epoch 21/200 - LR: 0.0001 - Train Loss: 0.3363 - Val Loss: 0.5510
2026-06-02 15:14:36,422 - Epoch 22/200 - LR: 0.0001 - Train Loss: 0.3219 - Val Loss: 0.5473
2026-06-02 15:14:37,547 - Epoch 23/200 - LR: 0.0001 - Train Loss: 0.3024 - Val Loss: 0.6363
2026-06-02 15:14:38,573 - Epoch 24/200 - LR: 5e-05 - Train Loss: 0.2968 - Val Loss: 0.5864
2026-06-02 15:14:38,573 - Early stopping at epoch 24 (best MCC=0.5903)
2026-06-02 15:14:38,573 - Fold 4 Best Metrics:
2026-06-02 15:14:38,573 -   MCC       : 0.5903
2026-06-02 15:14:38,573 -   SN        : 0.7981
2026-06-02 15:14:38,573 -   SP        : 0.7923
2026-06-02 15:14:38,573 -   ACC       : 0.7952
2026-06-02 15:14:38,573 -   BACC      : 0.7952
2026-06-02 15:14:38,573 -   PRECISION : 0.7870
2026-06-02 15:14:38,573 -   F1        : 0.7925
2026-06-02 15:14:38,573 -   AUC       : 0.8553
2026-06-02 15:14:38,573 -   AUCPR     : 0.8400
2026-06-02 15:14:38,578 - ===== Fold 5/5 (train proteins: 809, val proteins: 203) =====
2026-06-02 15:14:39,580 - Epoch 1/200 - LR: 0.0001 - Train Loss: 0.6931 - Val Loss: 0.6954
2026-06-02 15:14:40,564 - Epoch 2/200 - LR: 0.0001 - Train Loss: 0.6931 - Val Loss: 0.6871
2026-06-02 15:14:41,707 - Epoch 3/200 - LR: 0.0001 - Train Loss: 0.6885 - Val Loss: 0.6656
2026-06-02 15:14:42,850 - Epoch 4/200 - LR: 0.0001 - Train Loss: 0.6692 - Val Loss: 0.6063
2026-06-02 15:14:44,028 - Epoch 5/200 - LR: 0.0001 - Train Loss: 0.6148 - Val Loss: 0.5565
2026-06-02 15:14:45,142 - Epoch 6/200 - LR: 0.0001 - Train Loss: 0.5669 - Val Loss: 0.5237
2026-06-02 15:14:46,155 - Epoch 7/200 - LR: 0.0001 - Train Loss: 0.5404 - Val Loss: 0.5548
2026-06-02 15:14:47,203 - Epoch 8/200 - LR: 0.0001 - Train Loss: 0.5143 - Val Loss: 0.5943
2026-06-02 15:14:48,401 - Epoch 9/200 - LR: 0.0001 - Train Loss: 0.5061 - Val Loss: 0.5154
2026-06-02 15:14:49,670 - Epoch 10/200 - LR: 0.0001 - Train Loss: 0.4867 - Val Loss: 0.4937
2026-06-02 15:14:50,665 - Epoch 11/200 - LR: 0.0001 - Train Loss: 0.4724 - Val Loss: 0.5394
2026-06-02 15:14:51,704 - Epoch 12/200 - LR: 0.0001 - Train Loss: 0.4617 - Val Loss: 0.4915
2026-06-02 15:14:53,051 - Epoch 13/200 - LR: 0.0001 - Train Loss: 0.4587 - Val Loss: 0.4988
2026-06-02 15:14:54,286 - Epoch 14/200 - LR: 0.0001 - Train Loss: 0.4308 - Val Loss: 0.5119
2026-06-02 15:14:55,459 - Epoch 15/200 - LR: 0.0001 - Train Loss: 0.4165 - Val Loss: 0.4855
2026-06-02 15:14:56,597 - Epoch 16/200 - LR: 0.0001 - Train Loss: 0.3944 - Val Loss: 0.5357
2026-06-02 15:14:57,688 - Epoch 17/200 - LR: 0.0001 - Train Loss: 0.3834 - Val Loss: 0.5259
2026-06-02 15:14:58,805 - Epoch 18/200 - LR: 0.0001 - Train Loss: 0.3733 - Val Loss: 0.5272
2026-06-02 15:14:59,829 - Epoch 19/200 - LR: 5e-05 - Train Loss: 0.3616 - Val Loss: 0.5165
2026-06-02 15:14:59,830 - Early stopping at epoch 19 (best MCC=0.5659)
2026-06-02 15:14:59,830 - Fold 5 Best Metrics:
2026-06-02 15:14:59,830 -   MCC       : 0.5659
2026-06-02 15:14:59,830 -   SN        : 0.7995
2026-06-02 15:14:59,830 -   SP        : 0.7670
2026-06-02 15:14:59,830 -   ACC       : 0.7825
2026-06-02 15:14:59,830 -   BACC      : 0.7833
2026-06-02 15:14:59,830 -   PRECISION : 0.7574
2026-06-02 15:14:59,830 -   F1        : 0.7779
2026-06-02 15:14:59,830 -   AUC       : 0.8627
2026-06-02 15:14:59,830 -   AUCPR     : 0.8524
2026-06-02 15:14:59,834 - ==============================
2026-06-02 15:14:59,834 - Cross-Validation Results:
2026-06-02 15:14:59,834 -   MCC       : 0.5653 ± 0.0131
2026-06-02 15:14:59,834 -   SN        : 0.7686 ± 0.0279
2026-06-02 15:14:59,834 -   SP        : 0.7964 ± 0.0209
2026-06-02 15:14:59,834 -   ACC       : 0.7821 ± 0.0069
2026-06-02 15:14:59,834 -   BACC      : 0.7825 ± 0.0067
2026-06-02 15:14:59,835 -   PRECISION : 0.7908 ± 0.0182
2026-06-02 15:14:59,835 -   F1        : 0.7789 ± 0.0086
2026-06-02 15:14:59,835 -   AUC       : 0.8504 ± 0.0117
2026-06-02 15:14:59,835 -   AUCPR     : 0.8438 ± 0.0105
2026-06-02 15:14:59,835 - ==============================
2026-06-02 15:14:59,835 - Evaluating ensemble on test set...
2026-06-02 15:15:00,470 - Final Test Metrics (Ensemble):
2026-06-02 15:15:00,470 -   MCC       : 0.6232
2026-06-02 15:15:00,470 -   SN        : 0.7633
2026-06-02 15:15:00,470 -   SP        : 0.8571
2026-06-02 15:15:00,470 -   ACC       : 0.8102
2026-06-02 15:15:00,470 -   BACC      : 0.8102
2026-06-02 15:15:00,470 -   PRECISION : 0.8423
2026-06-02 15:15:00,470 -   F1        : 0.8009
2026-06-02 15:15:00,470 -   AUC       : 0.8830
2026-06-02 15:15:00,470 -   AUCPR     : 0.8943
