2026-06-03 14:59:59,083 - ======================================================================
2026-06-03 14:59:59,083 - Bayesian Optimization for PLMGraphModel Hyperparameters
2026-06-03 14:59:59,083 - ======================================================================
2026-06-03 14:59:59,083 - Window Size: 41
2026-06-03 14:59:59,083 - K-Folds: 5
2026-06-03 14:59:59,083 - Early Stop Patience: 5
2026-06-03 14:59:59,083 - Early Stop Metric: MCC
2026-06-03 14:59:59,083 - Number of Trials: 20
2026-06-03 14:59:59,083 - Seed: 0
2026-06-03 14:59:59,083 - ======================================================================
2026-06-03 14:59:59,084 - Device: cuda
2026-06-03 14:59:59,084 - Loading training data from data/mouse_train_embedding_graph.pt...
2026-06-03 15:00:00,430 - Dataset loaded: 2250 samples
2026-06-03 15:00:00,431 - Number of unique proteins (groups): 2041
2026-06-03 15:00:00,434 - 
Starting Bayesian Optimization...
2026-06-03 15:00:00,437 - 
============================================================
2026-06-03 15:00:00,437 - Trial 1
2026-06-03 15:00:00,437 - ============================================================
2026-06-03 15:00:00,437 - Hyperparameters:
2026-06-03 15:00:00,437 -   learning_rate: 1.567668e-04
2026-06-03 15:00:00,437 -   weight_decay: 7.257006e-04
2026-06-03 15:00:00,437 -   batch_size: 256
2026-06-03 15:00:00,437 -   epochs: 200
2026-06-03 15:01:18,377 - Cross-Validation Results:
2026-06-03 15:01:18,377 -   Mean MCC: 0.3863 ± 0.0494
2026-06-03 15:01:18,377 -   Fold MCCs: ['0.4574', '0.3186', '0.4084', '0.3440', '0.4031']
2026-06-03 15:01:18,377 -   Fold Best Epochs: [19, 23, 28, 13, 19]
2026-06-03 15:01:18,377 -   Recommended Final Epochs (median): 19
2026-06-03 15:01:18,380 - 
============================================================
2026-06-03 15:01:18,380 - Trial 2
2026-06-03 15:01:18,380 - ============================================================
2026-06-03 15:01:18,380 - Hyperparameters:
2026-06-03 15:01:18,380 -   learning_rate: 3.690558e-03
2026-06-03 15:01:18,380 -   weight_decay: 7.155682e-03
2026-06-03 15:01:18,381 -   batch_size: 512
2026-06-03 15:01:18,381 -   epochs: 200
2026-06-03 15:01:41,895 - Cross-Validation Results:
2026-06-03 15:01:41,895 -   Mean MCC: 0.0507 ± 0.1013
2026-06-03 15:01:41,896 -   Fold MCCs: ['0.0000', '0.2533', '0.0000', '0.0000', '0.0000']
2026-06-03 15:01:41,896 -   Fold Best Epochs: [1, 12, 1, 1, 1]
2026-06-03 15:01:41,896 -   Recommended Final Epochs (median): 1
2026-06-03 15:01:41,897 - 
============================================================
2026-06-03 15:01:41,897 - Trial 3
2026-06-03 15:01:41,897 - ============================================================
2026-06-03 15:01:41,897 - Hyperparameters:
2026-06-03 15:01:41,897 -   learning_rate: 1.923731e-06
2026-06-03 15:01:41,897 -   weight_decay: 2.231091e-06
2026-06-03 15:01:41,897 -   batch_size: 512
2026-06-03 15:01:41,897 -   epochs: 200
2026-06-03 15:02:03,739 - Cross-Validation Results:
2026-06-03 15:02:03,739 -   Mean MCC: -0.0093 ± 0.0578
2026-06-03 15:02:03,739 -   Fold MCCs: ['-0.0634', '0.0000', '-0.0719', '0.0000', '0.0891']
2026-06-03 15:02:03,739 -   Fold Best Epochs: [3, 1, 6, 1, 1]
2026-06-03 15:02:03,739 -   Recommended Final Epochs (median): 1
2026-06-03 15:02:03,741 - 
============================================================
2026-06-03 15:02:03,741 - Trial 4
2026-06-03 15:02:03,741 - ============================================================
2026-06-03 15:02:03,741 - Hyperparameters:
2026-06-03 15:02:03,741 -   learning_rate: 1.572658e-03
2026-06-03 15:02:03,741 -   weight_decay: 7.013220e-05
2026-06-03 15:02:03,741 -   batch_size: 512
2026-06-03 15:02:03,741 -   epochs: 200
2026-06-03 15:02:52,664 - Cross-Validation Results:
2026-06-03 15:02:52,664 -   Mean MCC: 0.4007 ± 0.0452
2026-06-03 15:02:52,664 -   Fold MCCs: ['0.4346', '0.3131', '0.4130', '0.4068', '0.4358']
2026-06-03 15:02:52,664 -   Fold Best Epochs: [13, 14, 12, 15, 8]
2026-06-03 15:02:52,664 -   Recommended Final Epochs (median): 13
2026-06-03 15:02:52,665 - 
============================================================
2026-06-03 15:02:52,666 - Trial 5
2026-06-03 15:02:52,666 - ============================================================
2026-06-03 15:02:52,666 - Hyperparameters:
2026-06-03 15:02:52,666 -   learning_rate: 1.222907e-04
2026-06-03 15:02:52,666 -   weight_decay: 4.556672e-05
2026-06-03 15:02:52,666 -   batch_size: 64
2026-06-03 15:02:52,666 -   epochs: 200
2026-06-03 15:04:06,243 - Cross-Validation Results:
2026-06-03 15:04:06,243 -   Mean MCC: 0.4285 ± 0.0237
2026-06-03 15:04:06,243 -   Fold MCCs: ['0.4282', '0.3869', '0.4328', '0.4341', '0.4606']
2026-06-03 15:04:06,243 -   Fold Best Epochs: [12, 14, 14, 15, 9]
2026-06-03 15:04:06,243 -   Recommended Final Epochs (median): 14
2026-06-03 15:04:06,246 - 
============================================================
2026-06-03 15:04:06,246 - Trial 6
2026-06-03 15:04:06,246 - ============================================================
2026-06-03 15:04:06,246 - Hyperparameters:
2026-06-03 15:04:06,246 -   learning_rate: 2.954895e-04
2026-06-03 15:04:06,246 -   weight_decay: 2.807908e-04
2026-06-03 15:04:06,246 -   batch_size: 64
2026-06-03 15:04:06,246 -   epochs: 200
2026-06-03 15:05:10,078 - Cross-Validation Results:
2026-06-03 15:05:10,079 -   Mean MCC: 0.4198 ± 0.0235
2026-06-03 15:05:10,079 -   Fold MCCs: ['0.4226', '0.3769', '0.4174', '0.4421', '0.4402']
2026-06-03 15:05:10,079 -   Fold Best Epochs: [10, 9, 7, 11, 14]
2026-06-03 15:05:10,079 -   Recommended Final Epochs (median): 10
2026-06-03 15:05:10,081 - 
============================================================
2026-06-03 15:05:10,081 - Trial 7
2026-06-03 15:05:10,081 - ============================================================
2026-06-03 15:05:10,081 - Hyperparameters:
2026-06-03 15:05:10,081 -   learning_rate: 6.173405e-04
2026-06-03 15:05:10,081 -   weight_decay: 1.741413e-06
2026-06-03 15:05:10,081 -   batch_size: 64
2026-06-03 15:05:10,082 -   epochs: 200
2026-06-03 15:06:17,475 - Cross-Validation Results:
2026-06-03 15:06:17,476 -   Mean MCC: 0.4150 ± 0.0398
2026-06-03 15:06:17,476 -   Fold MCCs: ['0.3863', '0.3987', '0.3708', '0.4386', '0.4807']
2026-06-03 15:06:17,476 -   Fold Best Epochs: [7, 14, 8, 7, 22]
2026-06-03 15:06:17,476 -   Recommended Final Epochs (median): 8
2026-06-03 15:06:17,478 - 
============================================================
2026-06-03 15:06:17,478 - Trial 8
2026-06-03 15:06:17,478 - ============================================================
2026-06-03 15:06:17,478 - Hyperparameters:
2026-06-03 15:06:17,478 -   learning_rate: 2.849988e-05
2026-06-03 15:06:17,478 -   weight_decay: 1.908917e-04
2026-06-03 15:06:17,478 -   batch_size: 64
2026-06-03 15:06:17,478 -   epochs: 200
2026-06-03 15:08:26,814 - Cross-Validation Results:
2026-06-03 15:08:26,815 -   Mean MCC: 0.3568 ± 0.1826
2026-06-03 15:08:26,815 -   Fold MCCs: ['0.5161', '0.4245', '0.4037', '0.4403', '-0.0004']
2026-06-03 15:08:26,815 -   Fold Best Epochs: [47, 23, 26, 34, 2]
2026-06-03 15:08:26,815 -   Recommended Final Epochs (median): 26
2026-06-03 15:08:26,817 - 
============================================================
2026-06-03 15:08:26,817 - Trial 9
2026-06-03 15:08:26,817 - ============================================================
2026-06-03 15:08:26,818 - Hyperparameters:
2026-06-03 15:08:26,818 -   learning_rate: 4.096692e-04
2026-06-03 15:08:26,818 -   weight_decay: 1.030781e-05
2026-06-03 15:08:26,818 -   batch_size: 512
2026-06-03 15:08:26,818 -   epochs: 200
2026-06-03 15:09:36,577 - Cross-Validation Results:
2026-06-03 15:09:36,577 -   Mean MCC: 0.4050 ± 0.0189
2026-06-03 15:09:36,577 -   Fold MCCs: ['0.4162', '0.3727', '0.4046', '0.4021', '0.4296']
2026-06-03 15:09:36,577 -   Fold Best Epochs: [19, 16, 27, 25, 10]
2026-06-03 15:09:36,577 -   Recommended Final Epochs (median): 19
2026-06-03 15:09:36,579 - 
============================================================
2026-06-03 15:09:36,579 - Trial 10
2026-06-03 15:09:36,579 - ============================================================
2026-06-03 15:09:36,579 - Hyperparameters:
2026-06-03 15:09:36,579 -   learning_rate: 3.570523e-06
2026-06-03 15:09:36,579 -   weight_decay: 6.114056e-06
2026-06-03 15:09:36,580 -   batch_size: 256
2026-06-03 15:09:36,580 -   epochs: 200
2026-06-03 15:10:12,990 - Cross-Validation Results:
2026-06-03 15:10:12,990 -   Mean MCC: 0.0019 ± 0.0346
2026-06-03 15:10:12,990 -   Fold MCCs: ['0.0000', '0.0000', '-0.0498', '0.0000', '0.0593']
2026-06-03 15:10:12,990 -   Fold Best Epochs: [1, 1, 1, 1, 29]
2026-06-03 15:10:12,991 -   Recommended Final Epochs (median): 1
2026-06-03 15:10:12,997 - 
============================================================
2026-06-03 15:10:12,997 - Trial 11
2026-06-03 15:10:12,997 - ============================================================
2026-06-03 15:10:12,997 - Hyperparameters:
2026-06-03 15:10:12,997 -   learning_rate: 3.464332e-05
2026-06-03 15:10:12,997 -   weight_decay: 7.384686e-03
2026-06-03 15:10:12,997 -   batch_size: 128
2026-06-03 15:10:12,997 -   epochs: 200
2026-06-03 15:11:14,418 - Cross-Validation Results:
2026-06-03 15:11:14,418 -   Mean MCC: 0.2436 ± 0.1367
2026-06-03 15:11:14,419 -   Fold MCCs: ['0.2498', '0.2922', '0.4202', '-0.0008', '0.2567']
2026-06-03 15:11:14,419 -   Fold Best Epochs: [16, 16, 43, 1, 13]
2026-06-03 15:11:14,419 -   Recommended Final Epochs (median): 16
2026-06-03 15:11:14,424 - 
============================================================
2026-06-03 15:11:14,424 - Trial 12
2026-06-03 15:11:14,424 - ============================================================
2026-06-03 15:11:14,424 - Hyperparameters:
2026-06-03 15:11:14,424 -   learning_rate: 6.751235e-05
2026-06-03 15:11:14,424 -   weight_decay: 4.248885e-05
2026-06-03 15:11:14,424 -   batch_size: 32
2026-06-03 15:11:14,424 -   epochs: 200
2026-06-03 15:13:28,797 - Cross-Validation Results:
2026-06-03 15:13:28,798 -   Mean MCC: 0.4286 ± 0.0389
2026-06-03 15:13:28,798 -   Fold MCCs: ['0.4495', '0.4265', '0.3555', '0.4682', '0.4432']
2026-06-03 15:13:28,798 -   Fold Best Epochs: [15, 17, 15, 16, 13]
2026-06-03 15:13:28,798 -   Recommended Final Epochs (median): 15
2026-06-03 15:13:28,804 - 
============================================================
2026-06-03 15:13:28,804 - Trial 13
2026-06-03 15:13:28,804 - ============================================================
2026-06-03 15:13:28,804 - Hyperparameters:
2026-06-03 15:13:28,804 -   learning_rate: 4.950200e-05
2026-06-03 15:13:28,804 -   weight_decay: 2.937555e-05
2026-06-03 15:13:28,804 -   batch_size: 32
2026-06-03 15:13:28,805 -   epochs: 200
2026-06-03 15:16:10,882 - Cross-Validation Results:
2026-06-03 15:16:10,883 -   Mean MCC: 0.4458 ± 0.0271
2026-06-03 15:16:10,883 -   Fold MCCs: ['0.4626', '0.3935', '0.4476', '0.4567', '0.4687']
2026-06-03 15:16:10,883 -   Fold Best Epochs: [15, 22, 27, 20, 16]
2026-06-03 15:16:10,883 -   Recommended Final Epochs (median): 20
2026-06-03 15:16:10,889 - 
============================================================
2026-06-03 15:16:10,889 - Trial 14
2026-06-03 15:16:10,889 - ============================================================
2026-06-03 15:16:10,889 - Hyperparameters:
2026-06-03 15:16:10,889 -   learning_rate: 1.503038e-05
2026-06-03 15:16:10,889 -   weight_decay: 1.919740e-05
2026-06-03 15:16:10,889 -   batch_size: 32
2026-06-03 15:16:10,890 -   epochs: 200
2026-06-03 15:19:34,313 - Cross-Validation Results:
2026-06-03 15:19:34,314 -   Mean MCC: 0.3270 ± 0.1296
2026-06-03 15:19:34,314 -   Fold MCCs: ['0.4584', '0.3510', '0.3822', '0.0786', '0.3647']
2026-06-03 15:19:34,314 -   Fold Best Epochs: [58, 24, 22, 6, 29]
2026-06-03 15:19:34,314 -   Recommended Final Epochs (median): 24
2026-06-03 15:19:34,320 - 
============================================================
2026-06-03 15:19:34,320 - Trial 15
2026-06-03 15:19:34,320 - ============================================================
2026-06-03 15:19:34,321 - Hyperparameters:
2026-06-03 15:19:34,321 -   learning_rate: 9.708728e-06
2026-06-03 15:19:34,321 -   weight_decay: 4.266730e-05
2026-06-03 15:19:34,321 -   batch_size: 32
2026-06-03 15:19:34,321 -   epochs: 200
2026-06-03 15:22:22,994 - Cross-Validation Results:
2026-06-03 15:22:22,994 -   Mean MCC: 0.2324 ± 0.1353
2026-06-03 15:22:22,994 -   Fold MCCs: ['0.3900', '0.3378', '0.0000', '0.2409', '0.1933']
2026-06-03 15:22:22,994 -   Fold Best Epochs: [34, 39, 3, 16, 13]
2026-06-03 15:22:22,995 -   Recommended Final Epochs (median): 16
2026-06-03 15:22:22,999 - 
============================================================
2026-06-03 15:22:22,999 - Trial 16
2026-06-03 15:22:22,999 - ============================================================
2026-06-03 15:22:22,999 - Hyperparameters:
2026-06-03 15:22:23,000 -   learning_rate: 6.125480e-05
2026-06-03 15:22:23,000 -   weight_decay: 1.224150e-03
2026-06-03 15:22:23,000 -   batch_size: 32
2026-06-03 15:22:23,000 -   epochs: 200
2026-06-03 15:24:43,216 - Cross-Validation Results:
2026-06-03 15:24:43,216 -   Mean MCC: 0.4274 ± 0.0293
2026-06-03 15:24:43,216 -   Fold MCCs: ['0.4221', '0.3921', '0.4233', '0.4180', '0.4815']
2026-06-03 15:24:43,217 -   Fold Best Epochs: [21, 14, 12, 20, 17]
2026-06-03 15:24:43,217 -   Recommended Final Epochs (median): 17
2026-06-03 15:24:43,222 - 
============================================================
2026-06-03 15:24:43,222 - Trial 17
2026-06-03 15:24:43,222 - ============================================================
2026-06-03 15:24:43,222 - Hyperparameters:
2026-06-03 15:24:43,222 -   learning_rate: 5.947218e-06
2026-06-03 15:24:43,222 -   weight_decay: 1.319985e-04
2026-06-03 15:24:43,222 -   batch_size: 32
2026-06-03 15:24:43,222 -   epochs: 200
2026-06-03 15:26:04,668 - Cross-Validation Results:
2026-06-03 15:26:04,668 -   Mean MCC: 0.0397 ± 0.0427
2026-06-03 15:26:04,669 -   Fold MCCs: ['0.0859', '-0.0119', '-0.0121', '0.0659', '0.0705']
2026-06-03 15:26:04,669 -   Fold Best Epochs: [8, 3, 1, 18, 9]
2026-06-03 15:26:04,669 -   Recommended Final Epochs (median): 8
2026-06-03 15:26:04,675 - 
============================================================
2026-06-03 15:26:04,675 - Trial 18
2026-06-03 15:26:04,675 - ============================================================
2026-06-03 15:26:04,675 - Hyperparameters:
2026-06-03 15:26:04,675 -   learning_rate: 8.039945e-05
2026-06-03 15:26:04,675 -   weight_decay: 1.540561e-05
2026-06-03 15:26:04,675 -   batch_size: 32
2026-06-03 15:26:04,675 -   epochs: 200
2026-06-03 15:28:14,094 - Cross-Validation Results:
2026-06-03 15:28:14,095 -   Mean MCC: 0.4527 ± 0.0288
2026-06-03 15:28:14,095 -   Fold MCCs: ['0.4520', '0.4508', '0.4319', '0.4229', '0.5059']
2026-06-03 15:28:14,095 -   Fold Best Epochs: [16, 20, 11, 11, 16]
2026-06-03 15:28:14,095 -   Recommended Final Epochs (median): 16
2026-06-03 15:28:14,101 - 
============================================================
2026-06-03 15:28:14,101 - Trial 19
2026-06-03 15:28:14,102 - ============================================================
2026-06-03 15:28:14,102 - Hyperparameters:
2026-06-03 15:28:14,102 -   learning_rate: 1.214045e-06
2026-06-03 15:28:14,102 -   weight_decay: 5.253765e-06
2026-06-03 15:28:14,102 -   batch_size: 128
2026-06-03 15:28:14,102 -   epochs: 200
2026-06-03 15:28:47,920 - Cross-Validation Results:
2026-06-03 15:28:47,922 -   Mean MCC: 0.0285 ± 0.0435
2026-06-03 15:28:47,922 -   Fold MCCs: ['0.0369', '0.1000', '0.0247', '0.0164', '-0.0355']
2026-06-03 15:28:47,922 -   Fold Best Epochs: [11, 6, 5, 5, 4]
2026-06-03 15:28:47,922 -   Recommended Final Epochs (median): 5
2026-06-03 15:28:47,927 - 
============================================================
2026-06-03 15:28:47,927 - Trial 20
2026-06-03 15:28:47,927 - ============================================================
2026-06-03 15:28:47,927 - Hyperparameters:
2026-06-03 15:28:47,928 -   learning_rate: 8.394256e-03
2026-06-03 15:28:47,928 -   weight_decay: 1.991195e-05
2026-06-03 15:28:47,928 -   batch_size: 32
2026-06-03 15:28:47,928 -   epochs: 200
2026-06-03 15:29:31,332 - Cross-Validation Results:
2026-06-03 15:29:31,332 -   Mean MCC: 0.0000 ± 0.0000
2026-06-03 15:29:31,332 -   Fold MCCs: ['0.0000', '0.0000', '0.0000', '0.0000', '0.0000']
2026-06-03 15:29:31,332 -   Fold Best Epochs: [1, 1, 1, 1, 1]
2026-06-03 15:29:31,332 -   Recommended Final Epochs (median): 1
2026-06-03 15:29:31,334 - 
======================================================================
2026-06-03 15:29:31,334 - OPTIMIZATION COMPLETED
2026-06-03 15:29:31,334 - ======================================================================
2026-06-03 15:29:31,336 - 
Number of finished trials: 20
2026-06-03 15:29:31,337 - Best trial: 18
2026-06-03 15:29:31,337 - Best MCC: 0.4527
2026-06-03 15:29:31,337 - 
Best hyperparameters:
2026-06-03 15:29:31,337 -   learning_rate: 8.039945e-05
2026-06-03 15:29:31,337 -   weight_decay: 1.540561e-05
2026-06-03 15:29:31,337 -   batch_size: 32
2026-06-03 15:29:31,337 - 
Recommended epochs for final training:
2026-06-03 15:29:31,338 -   Median of best epochs across folds: 16
2026-06-03 15:29:31,338 -   Best epochs per fold: [16, 20, 11, 11, 16]
2026-06-03 15:29:31,340 - 
Results saved to: bayesian_optimization/best_params_20260603_145959.json
2026-06-03 15:29:31,343 - All trials saved to: bayesian_optimization/all_trials_20260603_145959.json
2026-06-03 15:29:31,672 - 
Parameter Importance:
2026-06-03 15:29:31,672 -   learning_rate: 0.8026
2026-06-03 15:29:31,672 -   weight_decay: 0.1348
2026-06-03 15:29:31,672 -   batch_size: 0.0626
2026-06-03 15:29:31,694 - 
======================================================================
2026-06-03 15:29:31,694 - To use the best hyperparameters for final training:
2026-06-03 15:29:31,694 - ======================================================================
2026-06-03 15:29:31,695 -   batch_size = 32
2026-06-03 15:29:31,695 -   lr = 8.039945e-05
2026-06-03 15:29:31,695 -   weight_decay = 1.540561e-05
2026-06-03 15:29:31,695 -   epochs = 16  (median of best epochs across CV folds)
