2026-06-09 16:08:09,296 - ======================================================================
2026-06-09 16:08:09,296 - Bayesian Optimization for PLMGraphModel Hyperparameters
2026-06-09 16:08:09,296 - ======================================================================
2026-06-09 16:08:09,296 - Window Size: 41
2026-06-09 16:08:09,296 - K-Folds: 5
2026-06-09 16:08:09,296 - Early Stop Patience: 5
2026-06-09 16:08:09,297 - Early Stop Metric: MCC
2026-06-09 16:08:09,297 - Number of Trials: 20
2026-06-09 16:08:09,297 - Seed: 0
2026-06-09 16:08:09,297 - ======================================================================
2026-06-09 16:08:09,298 - Device: cuda
2026-06-09 16:08:09,298 - Loading training data from data/mouse_train_embedding_graph_12.pt...
2026-06-09 16:08:10,893 - Dataset loaded: 2250 samples
2026-06-09 16:08:10,894 - Number of unique proteins (groups): 2041
2026-06-09 16:08:10,897 - 
Starting Bayesian Optimization...
2026-06-09 16:08:10,900 - 
============================================================
2026-06-09 16:08:10,900 - Trial 1
2026-06-09 16:08:10,900 - ============================================================
2026-06-09 16:08:10,900 - Hyperparameters:
2026-06-09 16:08:10,900 -   learning_rate: 1.567668e-04
2026-06-09 16:08:10,900 -   weight_decay: 7.257006e-04
2026-06-09 16:08:10,900 -   batch_size: 256
2026-06-09 16:08:10,900 -   epochs: 200
2026-06-09 16:16:32,829 - Cross-Validation Results:
2026-06-09 16:16:32,830 -   Mean MCC: 0.4091 ± 0.0165
2026-06-09 16:16:32,830 -   Fold MCCs: ['0.3821', '0.4185', '0.4250', '0.3978', '0.4223']
2026-06-09 16:16:32,830 -   Fold Best Epochs: [16, 21, 28, 16, 31]
2026-06-09 16:16:32,830 -   Recommended Final Epochs (median): 21
2026-06-09 16:16:32,832 - 
============================================================
2026-06-09 16:16:32,832 - Trial 2
2026-06-09 16:16:32,832 - ============================================================
2026-06-09 16:16:32,832 - Hyperparameters:
2026-06-09 16:16:32,832 -   learning_rate: 3.690558e-03
2026-06-09 16:16:32,832 -   weight_decay: 7.155682e-03
2026-06-09 16:16:32,832 -   batch_size: 512
2026-06-09 16:16:32,832 -   epochs: 200
2026-06-09 16:18:01,075 - Cross-Validation Results:
2026-06-09 16:18:01,076 -   Mean MCC: -0.0024 ± 0.0048
2026-06-09 16:18:01,076 -   Fold MCCs: ['0.0000', '-0.0121', '0.0000', '0.0000', '0.0000']
2026-06-09 16:18:01,076 -   Fold Best Epochs: [1, 1, 1, 1, 1]
2026-06-09 16:18:01,076 -   Recommended Final Epochs (median): 1
2026-06-09 16:18:01,078 - 
============================================================
2026-06-09 16:18:01,078 - Trial 3
2026-06-09 16:18:01,078 - ============================================================
2026-06-09 16:18:01,078 - Hyperparameters:
2026-06-09 16:18:01,078 -   learning_rate: 1.923731e-06
2026-06-09 16:18:01,078 -   weight_decay: 2.231091e-06
2026-06-09 16:18:01,078 -   batch_size: 512
2026-06-09 16:18:01,078 -   epochs: 200
2026-06-09 16:19:49,226 - Cross-Validation Results:
2026-06-09 16:19:49,227 -   Mean MCC: 0.0062 ± 0.0177
2026-06-09 16:19:49,227 -   Fold MCCs: ['0.0000', '-0.0099', '0.0407', '0.0000', '0.0000']
2026-06-09 16:19:49,227 -   Fold Best Epochs: [1, 6, 1, 1, 1]
2026-06-09 16:19:49,227 -   Recommended Final Epochs (median): 1
2026-06-09 16:19:49,229 - 
============================================================
2026-06-09 16:19:49,229 - Trial 4
2026-06-09 16:19:49,229 - ============================================================
2026-06-09 16:19:49,229 - Hyperparameters:
2026-06-09 16:19:49,229 -   learning_rate: 1.572658e-03
2026-06-09 16:19:49,229 -   weight_decay: 7.013220e-05
2026-06-09 16:19:49,229 -   batch_size: 512
2026-06-09 16:19:49,229 -   epochs: 200
2026-06-09 16:24:10,631 - Cross-Validation Results:
2026-06-09 16:24:10,632 -   Mean MCC: 0.4035 ± 0.0293
2026-06-09 16:24:10,632 -   Fold MCCs: ['0.4114', '0.4137', '0.3481', '0.4088', '0.4355']
2026-06-09 16:24:10,632 -   Fold Best Epochs: [10, 14, 11, 13, 10]
2026-06-09 16:24:10,632 -   Recommended Final Epochs (median): 11
2026-06-09 16:24:10,634 - 
============================================================
2026-06-09 16:24:10,634 - Trial 5
2026-06-09 16:24:10,634 - ============================================================
2026-06-09 16:24:10,634 - Hyperparameters:
2026-06-09 16:24:10,634 -   learning_rate: 1.222907e-04
2026-06-09 16:24:10,634 -   weight_decay: 4.556672e-05
2026-06-09 16:24:10,634 -   batch_size: 64
2026-06-09 16:24:10,634 -   epochs: 200
2026-06-09 16:31:12,627 - Cross-Validation Results:
2026-06-09 16:31:12,627 -   Mean MCC: 0.4170 ± 0.0237
2026-06-09 16:31:12,627 -   Fold MCCs: ['0.4036', '0.3780', '0.4377', '0.4236', '0.4422']
2026-06-09 16:31:12,627 -   Fold Best Epochs: [8, 13, 12, 13, 8]
2026-06-09 16:31:12,627 -   Recommended Final Epochs (median): 12
2026-06-09 16:31:12,689 - 
============================================================
2026-06-09 16:31:12,689 - Trial 6
2026-06-09 16:31:12,689 - ============================================================
2026-06-09 16:31:12,689 - Hyperparameters:
2026-06-09 16:31:12,689 -   learning_rate: 2.954895e-04
2026-06-09 16:31:12,689 -   weight_decay: 2.807908e-04
2026-06-09 16:31:12,690 -   batch_size: 64
2026-06-09 16:31:12,690 -   epochs: 200
2026-06-09 16:38:37,320 - Cross-Validation Results:
2026-06-09 16:38:37,321 -   Mean MCC: 0.4138 ± 0.0117
2026-06-09 16:38:37,321 -   Fold MCCs: ['0.4300', '0.4047', '0.4068', '0.4015', '0.4259']
2026-06-09 16:38:37,321 -   Fold Best Epochs: [12, 13, 6, 19, 8]
2026-06-09 16:38:37,321 -   Recommended Final Epochs (median): 12
2026-06-09 16:38:37,324 - 
============================================================
2026-06-09 16:38:37,324 - Trial 7
2026-06-09 16:38:37,324 - ============================================================
2026-06-09 16:38:37,324 - Hyperparameters:
2026-06-09 16:38:37,324 -   learning_rate: 6.173405e-04
2026-06-09 16:38:37,324 -   weight_decay: 1.741413e-06
2026-06-09 16:38:37,324 -   batch_size: 64
2026-06-09 16:38:37,324 -   epochs: 200
2026-06-09 16:45:24,126 - Cross-Validation Results:
2026-06-09 16:45:24,127 -   Mean MCC: 0.3968 ± 0.0349
2026-06-09 16:45:24,127 -   Fold MCCs: ['0.4109', '0.4106', '0.3919', '0.4374', '0.3334']
2026-06-09 16:45:24,127 -   Fold Best Epochs: [6, 12, 7, 15, 11]
2026-06-09 16:45:24,127 -   Recommended Final Epochs (median): 11
2026-06-09 16:45:24,129 - 
============================================================
2026-06-09 16:45:24,129 - Trial 8
2026-06-09 16:45:24,129 - ============================================================
2026-06-09 16:45:24,129 - Hyperparameters:
2026-06-09 16:45:24,129 -   learning_rate: 2.849988e-05
2026-06-09 16:45:24,129 -   weight_decay: 1.908917e-04
2026-06-09 16:45:24,129 -   batch_size: 64
2026-06-09 16:45:24,129 -   epochs: 200
2026-06-09 16:58:14,410 - Cross-Validation Results:
2026-06-09 16:58:14,410 -   Mean MCC: 0.3514 ± 0.1164
2026-06-09 16:58:14,411 -   Fold MCCs: ['0.4408', '0.3671', '0.4203', '0.1236', '0.4051']
2026-06-09 16:58:14,411 -   Fold Best Epochs: [33, 28, 32, 3, 28]
2026-06-09 16:58:14,411 -   Recommended Final Epochs (median): 28
2026-06-09 16:58:14,415 - 
============================================================
2026-06-09 16:58:14,415 - Trial 9
2026-06-09 16:58:14,415 - ============================================================
2026-06-09 16:58:14,415 - Hyperparameters:
2026-06-09 16:58:14,416 -   learning_rate: 4.096692e-04
2026-06-09 16:58:14,416 -   weight_decay: 1.030781e-05
2026-06-09 16:58:14,416 -   batch_size: 512
2026-06-09 16:58:14,416 -   epochs: 200
2026-06-09 17:03:46,460 - Cross-Validation Results:
2026-06-09 17:03:46,460 -   Mean MCC: 0.4350 ± 0.0171
2026-06-09 17:03:46,460 -   Fold MCCs: ['0.4627', '0.4139', '0.4306', '0.4445', '0.4234']
2026-06-09 17:03:46,460 -   Fold Best Epochs: [23, 13, 15, 24, 12]
2026-06-09 17:03:46,460 -   Recommended Final Epochs (median): 15
2026-06-09 17:03:46,462 - 
============================================================
2026-06-09 17:03:46,462 - Trial 10
2026-06-09 17:03:46,462 - ============================================================
2026-06-09 17:03:46,462 - Hyperparameters:
2026-06-09 17:03:46,462 -   learning_rate: 3.570523e-06
2026-06-09 17:03:46,462 -   weight_decay: 6.114056e-06
2026-06-09 17:03:46,463 -   batch_size: 256
2026-06-09 17:03:46,463 -   epochs: 200
2026-06-09 17:07:36,235 - Cross-Validation Results:
2026-06-09 17:07:36,235 -   Mean MCC: 0.0138 ± 0.0498
2026-06-09 17:07:36,235 -   Fold MCCs: ['-0.0030', '-0.0641', '0.0699', '0.0000', '0.0660']
2026-06-09 17:07:36,236 -   Fold Best Epochs: [1, 2, 19, 1, 16]
2026-06-09 17:07:36,236 -   Recommended Final Epochs (median): 2
2026-06-09 17:07:36,240 - 
============================================================
2026-06-09 17:07:36,240 - Trial 11
2026-06-09 17:07:36,240 - ============================================================
2026-06-09 17:07:36,240 - Hyperparameters:
2026-06-09 17:07:36,241 -   learning_rate: 1.824504e-05
2026-06-09 17:07:36,241 -   weight_decay: 7.361360e-03
2026-06-09 17:07:36,241 -   batch_size: 128
2026-06-09 17:07:36,241 -   epochs: 200
2026-06-09 17:12:44,917 - Cross-Validation Results:
2026-06-09 17:12:44,918 -   Mean MCC: 0.1332 ± 0.1008
2026-06-09 17:12:44,918 -   Fold MCCs: ['0.2037', '0.2960', '0.0321', '0.0809', '0.0533']
2026-06-09 17:12:44,918 -   Fold Best Epochs: [13, 41, 3, 6, 2]
2026-06-09 17:12:44,918 -   Recommended Final Epochs (median): 6
2026-06-09 17:12:44,924 - 
============================================================
2026-06-09 17:12:44,924 - Trial 12
2026-06-09 17:12:44,924 - ============================================================
2026-06-09 17:12:44,924 - Hyperparameters:
2026-06-09 17:12:44,924 -   learning_rate: 6.751235e-05
2026-06-09 17:12:44,924 -   weight_decay: 1.876238e-05
2026-06-09 17:12:44,924 -   batch_size: 32
2026-06-09 17:12:44,924 -   epochs: 200
2026-06-09 17:22:32,621 - Cross-Validation Results:
2026-06-09 17:22:32,621 -   Mean MCC: 0.4186 ± 0.0313
2026-06-09 17:22:32,621 -   Fold MCCs: ['0.4708', '0.3784', '0.4009', '0.4106', '0.4325']
2026-06-09 17:22:32,621 -   Fold Best Epochs: [10, 12, 16, 15, 12]
2026-06-09 17:22:32,621 -   Recommended Final Epochs (median): 12
2026-06-09 17:22:32,628 - 
============================================================
2026-06-09 17:22:32,628 - Trial 13
2026-06-09 17:22:32,628 - ============================================================
2026-06-09 17:22:32,628 - Hyperparameters:
2026-06-09 17:22:32,628 -   learning_rate: 4.546991e-05
2026-06-09 17:22:32,629 -   weight_decay: 1.315199e-05
2026-06-09 17:22:32,629 -   batch_size: 32
2026-06-09 17:22:32,629 -   epochs: 200
2026-06-09 17:32:56,215 - Cross-Validation Results:
2026-06-09 17:32:56,215 -   Mean MCC: 0.3995 ± 0.0399
2026-06-09 17:32:56,215 -   Fold MCCs: ['0.4136', '0.3436', '0.4270', '0.3634', '0.4501']
2026-06-09 17:32:56,215 -   Fold Best Epochs: [15, 10, 12, 21, 13]
2026-06-09 17:32:56,215 -   Recommended Final Epochs (median): 13
2026-06-09 17:32:56,224 - 
============================================================
2026-06-09 17:32:56,224 - Trial 14
2026-06-09 17:32:56,224 - ============================================================
2026-06-09 17:32:56,224 - Hyperparameters:
2026-06-09 17:32:56,224 -   learning_rate: 9.455334e-03
2026-06-09 17:32:56,224 -   weight_decay: 1.288158e-05
2026-06-09 17:32:56,224 -   batch_size: 32
2026-06-09 17:32:56,224 -   epochs: 200
2026-06-09 17:36:14,990 - Cross-Validation Results:
2026-06-09 17:36:14,991 -   Mean MCC: 0.0000 ± 0.0000
2026-06-09 17:36:14,992 -   Fold MCCs: ['0.0000', '0.0000', '0.0000', '0.0000', '0.0000']
2026-06-09 17:36:14,992 -   Fold Best Epochs: [1, 1, 1, 1, 1]
2026-06-09 17:36:14,992 -   Recommended Final Epochs (median): 1
2026-06-09 17:36:15,006 - 
============================================================
2026-06-09 17:36:15,007 - Trial 15
2026-06-09 17:36:15,007 - ============================================================
2026-06-09 17:36:15,007 - Hyperparameters:
2026-06-09 17:36:15,007 -   learning_rate: 5.760359e-04
2026-06-09 17:36:15,007 -   weight_decay: 3.322739e-05
2026-06-09 17:36:15,007 -   batch_size: 32
2026-06-09 17:36:15,007 -   epochs: 200
2026-06-09 17:43:02,508 - Cross-Validation Results:
2026-06-09 17:43:02,509 -   Mean MCC: 0.4107 ± 0.0277
2026-06-09 17:43:02,509 -   Fold MCCs: ['0.4136', '0.4011', '0.3639', '0.4299', '0.4450']
2026-06-09 17:43:02,509 -   Fold Best Epochs: [6, 12, 4, 8, 7]
2026-06-09 17:43:02,509 -   Recommended Final Epochs (median): 7
2026-06-09 17:43:02,519 - 
============================================================
2026-06-09 17:43:02,519 - Trial 16
2026-06-09 17:43:02,519 - ============================================================
2026-06-09 17:43:02,519 - Hyperparameters:
2026-06-09 17:43:02,519 -   learning_rate: 7.986989e-05
2026-06-09 17:43:02,519 -   weight_decay: 4.506388e-06
2026-06-09 17:43:02,519 -   batch_size: 128
2026-06-09 17:43:02,520 -   epochs: 200
2026-06-09 17:52:21,715 - Cross-Validation Results:
2026-06-09 17:52:21,717 -   Mean MCC: 0.4174 ± 0.0262
2026-06-09 17:52:21,718 -   Fold MCCs: ['0.4486', '0.3780', '0.4431', '0.4020', '0.4154']
2026-06-09 17:52:21,718 -   Fold Best Epochs: [26, 14, 23, 33, 22]
2026-06-09 17:52:21,718 -   Recommended Final Epochs (median): 23
2026-06-09 17:52:21,727 - 
============================================================
2026-06-09 17:52:21,727 - Trial 17
2026-06-09 17:52:21,727 - ============================================================
2026-06-09 17:52:21,727 - Hyperparameters:
2026-06-09 17:52:21,727 -   learning_rate: 7.544015e-06
2026-06-09 17:52:21,727 -   weight_decay: 1.660541e-05
2026-06-09 17:52:21,727 -   batch_size: 512
2026-06-09 17:52:21,727 -   epochs: 200
2026-06-09 17:54:27,163 - Cross-Validation Results:
2026-06-09 17:54:27,163 -   Mean MCC: -0.0570 ± 0.0536
2026-06-09 17:54:27,164 -   Fold MCCs: ['-0.0802', '-0.1022', '-0.0774', '0.0484', '-0.0734']
2026-06-09 17:54:27,164 -   Fold Best Epochs: [2, 1, 4, 8, 2]
2026-06-09 17:54:27,164 -   Recommended Final Epochs (median): 2
2026-06-09 17:54:27,168 - 
============================================================
2026-06-09 17:54:27,169 - Trial 18
2026-06-09 17:54:27,169 - ============================================================
2026-06-09 17:54:27,169 - Hyperparameters:
2026-06-09 17:54:27,169 -   learning_rate: 7.597932e-04
2026-06-09 17:54:27,169 -   weight_decay: 1.144204e-06
2026-06-09 17:54:27,169 -   batch_size: 32
2026-06-09 17:54:27,169 -   epochs: 200
2026-06-09 18:01:41,127 - Cross-Validation Results:
2026-06-09 18:01:41,128 -   Mean MCC: 0.4002 ± 0.0340
2026-06-09 18:01:41,128 -   Fold MCCs: ['0.4302', '0.3600', '0.4165', '0.3584', '0.4357']
2026-06-09 18:01:41,128 -   Fold Best Epochs: [9, 7, 8, 14, 3]
2026-06-09 18:01:41,128 -   Recommended Final Epochs (median): 8
2026-06-09 18:01:41,202 - 
============================================================
2026-06-09 18:01:41,202 - Trial 19
2026-06-09 18:01:41,202 - ============================================================
2026-06-09 18:01:41,202 - Hyperparameters:
2026-06-09 18:01:41,202 -   learning_rate: 1.363213e-05
2026-06-09 18:01:41,202 -   weight_decay: 1.549250e-03
2026-06-09 18:01:41,203 -   batch_size: 512
2026-06-09 18:01:41,203 -   epochs: 200
2026-06-09 18:05:53,828 - Cross-Validation Results:
2026-06-09 18:05:53,828 -   Mean MCC: 0.0691 ± 0.1302
2026-06-09 18:05:53,828 -   Fold MCCs: ['0.2441', '-0.0522', '-0.0545', '0.2084', '-0.0004']
2026-06-09 18:05:53,828 -   Fold Best Epochs: [11, 1, 5, 38, 10]
2026-06-09 18:05:53,828 -   Recommended Final Epochs (median): 10
2026-06-09 18:05:53,833 - 
============================================================
2026-06-09 18:05:53,833 - Trial 20
2026-06-09 18:05:53,833 - ============================================================
2026-06-09 18:05:53,833 - Hyperparameters:
2026-06-09 18:05:53,833 -   learning_rate: 1.830604e-03
2026-06-09 18:05:53,833 -   weight_decay: 1.153209e-04
2026-06-09 18:05:53,833 -   batch_size: 32
2026-06-09 18:05:53,833 -   epochs: 200
2026-06-09 18:13:54,819 - Cross-Validation Results:
2026-06-09 18:13:54,820 -   Mean MCC: 0.2292 ± 0.1958
2026-06-09 18:13:54,820 -   Fold MCCs: ['0.4223', '0.2779', '0.4458', '0.0000', '0.0000']
2026-06-09 18:13:54,820 -   Fold Best Epochs: [18, 10, 20, 1, 1]
2026-06-09 18:13:54,820 -   Recommended Final Epochs (median): 10
2026-06-09 18:13:54,823 - 
======================================================================
2026-06-09 18:13:54,823 - OPTIMIZATION COMPLETED
2026-06-09 18:13:54,823 - ======================================================================
2026-06-09 18:13:54,826 - 
Number of finished trials: 20
2026-06-09 18:13:54,826 - Best trial: 9
2026-06-09 18:13:54,826 - Best MCC: 0.4350
2026-06-09 18:13:54,826 - 
Best hyperparameters:
2026-06-09 18:13:54,826 -   learning_rate: 4.096692e-04
2026-06-09 18:13:54,826 -   weight_decay: 1.030781e-05
2026-06-09 18:13:54,826 -   batch_size: 512
2026-06-09 18:13:54,827 - 
Recommended epochs for final training:
2026-06-09 18:13:54,827 -   Median of best epochs across folds: 15
2026-06-09 18:13:54,827 -   Best epochs per fold: [23, 13, 15, 24, 12]
2026-06-09 18:13:54,829 - 
Results saved to: bayesian_optimization/best_params_20260609_160809.json
2026-06-09 18:13:54,832 - All trials saved to: bayesian_optimization/all_trials_20260609_160809.json
2026-06-09 18:13:55,077 - 
Parameter Importance:
2026-06-09 18:13:55,077 -   learning_rate: 0.8064
2026-06-09 18:13:55,077 -   weight_decay: 0.1297
2026-06-09 18:13:55,077 -   batch_size: 0.0639
2026-06-09 18:13:55,102 - 
======================================================================
2026-06-09 18:13:55,102 - To use the best hyperparameters for final training:
2026-06-09 18:13:55,102 - ======================================================================
2026-06-09 18:13:55,102 -   batch_size = 512
2026-06-09 18:13:55,102 -   lr = 4.096692e-04
2026-06-09 18:13:55,102 -   weight_decay = 1.030781e-05
2026-06-09 18:13:55,102 -   epochs = 15  (median of best epochs across CV folds)
