2026-06-03 15:38:24,106 - ==============================
2026-06-03 15:38:24,106 - PLM Graph Model Training
2026-06-03 15:38:24,106 - ==============================
2026-06-03 15:38:24,107 - Hyperparameters:
2026-06-03 15:38:24,107 - Batch Size: 32
2026-06-03 15:38:24,107 - Learning Rate: 8.039945e-05
2026-06-03 15:38:24,107 - Weight Decay: 1.540561e-05
2026-06-03 15:38:24,107 - Epochs: 16
2026-06-03 15:38:24,107 - Node Feature Dimension: 1280
2026-06-03 15:38:24,107 - Sequence Feature Dimension: 21 (20 AA + 1 X)
2026-06-03 15:38:24,107 - Hidden Dimension: 128
2026-06-03 15:38:24,107 - ==============================
2026-06-03 15:38:24,107 - Loading training data from data/mouse_train_embedding_graph.pt...
2026-06-03 15:38:28,017 - Epoch 1/16 - LR: 8.03995e-05 - Train Loss: 0.697
2026-06-03 15:38:29,666 - Epoch 2/16 - LR: 8.03995e-05 - Train Loss: 0.697
2026-06-03 15:38:31,418 - Epoch 3/16 - LR: 8.03995e-05 - Train Loss: 0.691
2026-06-03 15:38:33,250 - Epoch 4/16 - LR: 8.03995e-05 - Train Loss: 0.673
2026-06-03 15:38:35,030 - Epoch 5/16 - LR: 8.03995e-05 - Train Loss: 0.634
2026-06-03 15:38:36,771 - Epoch 6/16 - LR: 8.03995e-05 - Train Loss: 0.597
2026-06-03 15:38:38,431 - Epoch 7/16 - LR: 8.03995e-05 - Train Loss: 0.580
2026-06-03 15:38:40,281 - Epoch 8/16 - LR: 8.03995e-05 - Train Loss: 0.538
2026-06-03 15:38:42,117 - Epoch 9/16 - LR: 8.03995e-05 - Train Loss: 0.503
2026-06-03 15:38:44,000 - Epoch 10/16 - LR: 8.03995e-05 - Train Loss: 0.480
2026-06-03 15:38:45,714 - Epoch 11/16 - LR: 8.03995e-05 - Train Loss: 0.471
2026-06-03 15:38:47,527 - Epoch 12/16 - LR: 8.03995e-05 - Train Loss: 0.444
2026-06-03 15:38:49,392 - Epoch 13/16 - LR: 8.03995e-05 - Train Loss: 0.423
2026-06-03 15:38:51,056 - Epoch 14/16 - LR: 8.03995e-05 - Train Loss: 0.373
2026-06-03 15:38:52,786 - Epoch 15/16 - LR: 8.03995e-05 - Train Loss: 0.371
2026-06-03 15:38:54,683 - Epoch 16/16 - LR: 8.03995e-05 - Train Loss: 0.333
2026-06-03 15:38:54,703 - Model saved to ./models_mouse/final_model.pth
2026-06-03 15:38:55,026 - Saved loss curve: ./models_mouse/training_loss.png
2026-06-03 15:38:55,026 - ==============================
2026-06-03 15:38:55,026 - Evaluating on test set...
2026-06-03 15:38:55,193 - Test Metrics:
2026-06-03 15:38:55,193 - MCC       : 0.554
2026-06-03 15:38:55,193 - SN        : 0.824
2026-06-03 15:38:55,193 - SP        : 0.728
2026-06-03 15:38:55,193 - ACC       : 0.776
2026-06-03 15:38:55,193 - BACC      : 0.776
2026-06-03 15:38:55,193 - PRECISION : 0.752
2026-06-03 15:38:55,193 - F1        : 0.786
2026-06-03 15:38:55,193 - AUC       : 0.842
2026-06-03 15:38:55,193 - AUCPR     : 0.838
