2026-06-09 22:27:21,612 - ==============================
2026-06-09 22:27:21,612 - PLM Graph Model Training
2026-06-09 22:27:21,612 - ==============================
2026-06-09 22:27:21,612 - Hyperparameters:
2026-06-09 22:27:21,612 - Batch Size: 512
2026-06-09 22:27:21,612 - Learning Rate: 0.0004096692
2026-06-09 22:27:21,612 - Weight Decay: 1.030781e-05
2026-06-09 22:27:21,612 - Epochs: 15
2026-06-09 22:27:21,612 - Node Feature Dimension: 1280
2026-06-09 22:27:21,612 - Sequence Feature Dimension: 21 (20 AA + 1 X)
2026-06-09 22:27:21,612 - Hidden Dimension: 128
2026-06-09 22:27:21,612 - ==============================
2026-06-09 22:27:21,612 - Loading training data from data/mouse_train_embedding_graph_12.pt...
2026-06-09 22:27:24,970 - Epoch 1/15 - LR: 0.000409669 - Train Loss: 0.693
2026-06-09 22:27:25,592 - Epoch 2/15 - LR: 0.000409669 - Train Loss: 0.691
2026-06-09 22:27:26,220 - Epoch 3/15 - LR: 0.000409669 - Train Loss: 0.692
2026-06-09 22:27:26,817 - Epoch 4/15 - LR: 0.000409669 - Train Loss: 0.681
2026-06-09 22:27:27,412 - Epoch 5/15 - LR: 0.000409669 - Train Loss: 0.662
2026-06-09 22:27:28,055 - Epoch 6/15 - LR: 0.000409669 - Train Loss: 0.620
2026-06-09 22:27:28,735 - Epoch 7/15 - LR: 0.000409669 - Train Loss: 0.603
2026-06-09 22:27:29,400 - Epoch 8/15 - LR: 0.000409669 - Train Loss: 0.559
2026-06-09 22:27:30,013 - Epoch 9/15 - LR: 0.000409669 - Train Loss: 0.535
2026-06-09 22:27:30,619 - Epoch 10/15 - LR: 0.000409669 - Train Loss: 0.479
2026-06-09 22:27:31,203 - Epoch 11/15 - LR: 0.000409669 - Train Loss: 0.455
2026-06-09 22:27:31,780 - Epoch 12/15 - LR: 0.000409669 - Train Loss: 0.418
2026-06-09 22:27:32,377 - Epoch 13/15 - LR: 0.000409669 - Train Loss: 0.405
2026-06-09 22:27:32,961 - Epoch 14/15 - LR: 0.000409669 - Train Loss: 0.349
2026-06-09 22:27:33,546 - Epoch 15/15 - LR: 0.000409669 - Train Loss: 0.317
2026-06-09 22:27:33,563 - Model saved to ./models_mouse/final_model.pth
2026-06-09 22:27:33,782 - Saved loss curve: ./models_mouse/training_loss.png
2026-06-09 22:27:33,782 - ==============================
2026-06-09 22:27:33,782 - Evaluating on test set...
2026-06-09 22:27:33,885 - Test Metrics:
2026-06-09 22:27:33,885 - MCC       : 0.566
2026-06-09 22:27:33,885 - SN        : 0.794
2026-06-09 22:27:33,885 - SP        : 0.772
2026-06-09 22:27:33,885 - ACC       : 0.783
2026-06-09 22:27:33,885 - BACC      : 0.783
2026-06-09 22:27:33,885 - PRECISION : 0.777
2026-06-09 22:27:33,886 - F1        : 0.785
2026-06-09 22:27:33,886 - AUC       : 0.833
2026-06-09 22:27:33,886 - AUCPR     : 0.819
