2026-04-17 01:29:20,578 - ==============================
2026-04-17 01:29:20,578 - XGB BLOSUM62 Training
2026-04-17 01:29:20,578 - ==============================
2026-04-17 01:29:20,578 - Log file: log/training_20260417_012920_xgb.log
2026-04-17 01:29:20,578 - Train samples (balanced): 4346
2026-04-17 01:29:20,578 - Independent test samples: 490
2026-04-17 01:29:20,579 - ********** Fold 1 **********
2026-04-17 01:29:35,120 - Fold metrics: mcc=0.4535 sn=0.7011 sp=0.7517 acc=0.7264 bacc=0.7264 precision=0.7385 f1=0.7193 auc=0.8055 aucpr=0.8037
2026-04-17 01:29:35,120 - ********** Fold 2 **********
2026-04-17 01:29:49,207 - Fold metrics: mcc=0.4891 sn=0.7494 sp=0.7396 acc=0.7445 bacc=0.7445 precision=0.7426 f1=0.7460 auc=0.8118 aucpr=0.8132
2026-04-17 01:29:49,207 - ********** Fold 3 **********
2026-04-17 01:30:03,568 - Fold metrics: mcc=0.4914 sn=0.7379 sp=0.7535 acc=0.7457 bacc=0.7457 precision=0.7500 f1=0.7439 auc=0.8199 aucpr=0.8181
2026-04-17 01:30:03,569 - ********** Fold 4 **********
2026-04-17 01:30:17,960 - Fold metrics: mcc=0.4950 sn=0.6843 sp=0.8069 acc=0.7457 bacc=0.7456 precision=0.7795 f1=0.7288 auc=0.8220 aucpr=0.8281
2026-04-17 01:30:17,960 - ********** Fold 5 **********
2026-04-17 01:30:32,746 - Fold metrics: mcc=0.4825 sn=0.7581 sp=0.7241 acc=0.7411 bacc=0.7411 precision=0.7327 f1=0.7452 auc=0.8173 aucpr=0.8123
2026-04-17 01:30:32,747 - 
2026-04-17 01:30:32,747 - CV metrics (mean +/- std):
2026-04-17 01:30:32,747 - mcc=0.4823+/-0.0150 sn=0.7262+/-0.0285 
                          sp=0.7552+/-0.0279 acc=0.7407+/-0.0073 
                          bacc=0.7407+/-0.0073 precision=0.7487+/-0.0164 
                          f1=0.7367+/-0.0107 auc=0.8153+/-0.0060 
                          aucpr=0.8151+/-0.0080
2026-04-17 01:30:49,855 - 
2026-04-17 01:30:49,855 - Independent test metrics:
2026-04-17 01:30:49,856 - mcc=0.5274 sn=0.7347 sp=0.7918 
                        acc=0.7633 bacc=0.7633 precision=0.7792 
                        f1=0.7563 auc=0.8376 aucpr=0.8563
2026-04-17 01:30:49,856 - XGB运行时间: 89.28秒
