2026-04-15 01:22:28,746 - ==============================
2026-04-15 01:22:28,746 - PLM Graph Model Training
2026-04-15 01:22:28,746 - ==============================
2026-04-15 01:22:28,746 - Hyperparameters:
2026-04-15 01:22:28,746 - Batch Size: 128
2026-04-15 01:22:28,746 - Learning Rate: 5e-05
2026-04-15 01:22:28,746 - Weight Decay: 0.01
2026-04-15 01:22:28,746 - Epochs: 200
2026-04-15 01:22:28,746 - K-Folds: 5
2026-04-15 01:22:28,746 - Patience: 5
2026-04-15 01:22:28,746 - Early Stop Metric: MCC
2026-04-15 01:22:28,747 - Node Feature Dimension: 1280
2026-04-15 01:22:28,747 - Sequence Feature Dimension: 21 (20 AA + 1 X)
2026-04-15 01:22:28,747 - Hidden Dimension: 128
2026-04-15 01:22:28,747 - LR Scheduler: ReduceLROnPlateau(factor=0.5, patience=3, min_lr=1e-06)
2026-04-15 01:22:28,747 - ==============================
2026-04-15 01:22:28,747 - Loading training data from data/train_embedding_graph.pt...
2026-04-15 01:22:31,631 - ===== Fold 1/5 =====
2026-04-15 01:22:34,103 - Epoch 1/200 - LR: 5e-05 - Train Loss: 0.6951 - Val Loss: 0.6901
2026-04-15 01:22:35,661 - Epoch 2/200 - LR: 5e-05 - Train Loss: 0.6944 - Val Loss: 0.6835
2026-04-15 01:22:37,183 - Epoch 3/200 - LR: 5e-05 - Train Loss: 0.6918 - Val Loss: 0.6754
2026-04-15 01:22:38,411 - Epoch 4/200 - LR: 5e-05 - Train Loss: 0.6882 - Val Loss: 0.6567
2026-04-15 01:22:39,541 - Epoch 5/200 - LR: 5e-05 - Train Loss: 0.6765 - Val Loss: 0.6318
2026-04-15 01:22:41,092 - Epoch 6/200 - LR: 5e-05 - Train Loss: 0.6529 - Val Loss: 0.5792
2026-04-15 01:22:42,281 - Epoch 7/200 - LR: 5e-05 - Train Loss: 0.6160 - Val Loss: 0.5567
2026-04-15 01:22:43,939 - Epoch 8/200 - LR: 5e-05 - Train Loss: 0.5920 - Val Loss: 0.5498
2026-04-15 01:22:45,491 - Epoch 9/200 - LR: 5e-05 - Train Loss: 0.5672 - Val Loss: 0.5234
2026-04-15 01:22:47,047 - Epoch 10/200 - LR: 5e-05 - Train Loss: 0.5353 - Val Loss: 0.5222
2026-04-15 01:22:48,648 - Epoch 11/200 - LR: 5e-05 - Train Loss: 0.5382 - Val Loss: 0.5322
2026-04-15 01:22:50,316 - Epoch 12/200 - LR: 5e-05 - Train Loss: 0.5226 - Val Loss: 0.5093
2026-04-15 01:22:51,695 - Epoch 13/200 - LR: 5e-05 - Train Loss: 0.5051 - Val Loss: 0.5184
2026-04-15 01:22:53,117 - Epoch 14/200 - LR: 5e-05 - Train Loss: 0.4899 - Val Loss: 0.5035
2026-04-15 01:22:54,231 - Epoch 15/200 - LR: 5e-05 - Train Loss: 0.4780 - Val Loss: 0.5093
2026-04-15 01:22:55,784 - Epoch 16/200 - LR: 5e-05 - Train Loss: 0.4743 - Val Loss: 0.5137
2026-04-15 01:22:57,214 - Epoch 17/200 - LR: 5e-05 - Train Loss: 0.4596 - Val Loss: 0.5088
2026-04-15 01:22:58,857 - Epoch 18/200 - LR: 5e-05 - Train Loss: 0.4548 - Val Loss: 0.5077
2026-04-15 01:23:00,243 - Epoch 19/200 - LR: 5e-05 - Train Loss: 0.4476 - Val Loss: 0.5026
2026-04-15 01:23:01,479 - Epoch 20/200 - LR: 5e-05 - Train Loss: 0.4225 - Val Loss: 0.5261
2026-04-15 01:23:02,474 - Epoch 21/200 - LR: 5e-05 - Train Loss: 0.4205 - Val Loss: 0.5227
2026-04-15 01:23:03,585 - Epoch 22/200 - LR: 5e-05 - Train Loss: 0.4114 - Val Loss: 0.5183
2026-04-15 01:23:04,718 - Epoch 23/200 - LR: 5e-05 - Train Loss: 0.4159 - Val Loss: 0.5141
2026-04-15 01:23:05,682 - Epoch 24/200 - LR: 2.5e-05 - Train Loss: 0.4071 - Val Loss: 0.5034
2026-04-15 01:23:05,682 - Early stopping at epoch 24 (best MCC=0.5864)
2026-04-15 01:23:05,892 - Saved loss curve: ./models/fold_1_gru.png
2026-04-15 01:23:05,892 - Fold 1 Best Metrics:
2026-04-15 01:23:05,892 - MCC       : 0.5864
2026-04-15 01:23:05,892 - SN        : 0.8069
2026-04-15 01:23:05,892 - SP        : 0.7793
2026-04-15 01:23:05,893 - ACC       : 0.7931
2026-04-15 01:23:05,893 - BACC      : 0.7931
2026-04-15 01:23:05,893 - PRECISION : 0.7852
2026-04-15 01:23:05,893 - F1        : 0.7959
2026-04-15 01:23:05,893 - AUC       : 0.8664
2026-04-15 01:23:05,893 - AUCPR     : 0.8525
2026-04-15 01:23:05,893 - ===== Fold 2/5 =====
2026-04-15 01:23:06,933 - Epoch 1/200 - LR: 5e-05 - Train Loss: 0.6944 - Val Loss: 0.6911
2026-04-15 01:23:07,968 - Epoch 2/200 - LR: 5e-05 - Train Loss: 0.6915 - Val Loss: 0.6852
2026-04-15 01:23:09,013 - Epoch 3/200 - LR: 5e-05 - Train Loss: 0.6914 - Val Loss: 0.6757
2026-04-15 01:23:10,287 - Epoch 4/200 - LR: 5e-05 - Train Loss: 0.6862 - Val Loss: 0.6614
2026-04-15 01:23:11,516 - Epoch 5/200 - LR: 5e-05 - Train Loss: 0.6773 - Val Loss: 0.6298
2026-04-15 01:23:12,517 - Epoch 6/200 - LR: 5e-05 - Train Loss: 0.6527 - Val Loss: 0.5933
2026-04-15 01:23:13,508 - Epoch 7/200 - LR: 5e-05 - Train Loss: 0.6171 - Val Loss: 0.5620
2026-04-15 01:23:14,590 - Epoch 8/200 - LR: 5e-05 - Train Loss: 0.5804 - Val Loss: 0.5390
2026-04-15 01:23:15,843 - Epoch 9/200 - LR: 5e-05 - Train Loss: 0.5536 - Val Loss: 0.5573
2026-04-15 01:23:17,131 - Epoch 10/200 - LR: 5e-05 - Train Loss: 0.5450 - Val Loss: 0.5243
2026-04-15 01:23:18,102 - Epoch 11/200 - LR: 5e-05 - Train Loss: 0.5408 - Val Loss: 0.5120
2026-04-15 01:23:19,084 - Epoch 12/200 - LR: 5e-05 - Train Loss: 0.5150 - Val Loss: 0.5175
2026-04-15 01:23:20,051 - Epoch 13/200 - LR: 5e-05 - Train Loss: 0.5104 - Val Loss: 0.5123
2026-04-15 01:23:21,136 - Epoch 14/200 - LR: 5e-05 - Train Loss: 0.5109 - Val Loss: 0.5021
2026-04-15 01:23:22,113 - Epoch 15/200 - LR: 5e-05 - Train Loss: 0.5026 - Val Loss: 0.5122
2026-04-15 01:23:23,263 - Epoch 16/200 - LR: 5e-05 - Train Loss: 0.4893 - Val Loss: 0.4952
2026-04-15 01:23:24,665 - Epoch 17/200 - LR: 5e-05 - Train Loss: 0.4696 - Val Loss: 0.4977
2026-04-15 01:23:26,140 - Epoch 18/200 - LR: 2.5e-05 - Train Loss: 0.4670 - Val Loss: 0.5042
2026-04-15 01:23:27,756 - Epoch 19/200 - LR: 2.5e-05 - Train Loss: 0.4603 - Val Loss: 0.5101
2026-04-15 01:23:28,949 - Epoch 20/200 - LR: 2.5e-05 - Train Loss: 0.4564 - Val Loss: 0.4962
2026-04-15 01:23:30,344 - Epoch 21/200 - LR: 2.5e-05 - Train Loss: 0.4547 - Val Loss: 0.4995
2026-04-15 01:23:31,823 - Epoch 22/200 - LR: 2.5e-05 - Train Loss: 0.4398 - Val Loss: 0.4963
2026-04-15 01:23:33,344 - Epoch 23/200 - LR: 2.5e-05 - Train Loss: 0.4420 - Val Loss: 0.5043
2026-04-15 01:23:34,790 - Epoch 24/200 - LR: 2.5e-05 - Train Loss: 0.4295 - Val Loss: 0.5011
2026-04-15 01:23:36,154 - Epoch 25/200 - LR: 1.25e-05 - Train Loss: 0.4352 - Val Loss: 0.5041
2026-04-15 01:23:36,154 - Early stopping at epoch 25 (best MCC=0.5697)
2026-04-15 01:23:36,354 - Saved loss curve: ./models/fold_2_gru.png
2026-04-15 01:23:36,355 - Fold 2 Best Metrics:
2026-04-15 01:23:36,355 - MCC       : 0.5697
2026-04-15 01:23:36,355 - SN        : 0.7908
2026-04-15 01:23:36,355 - SP        : 0.7788
2026-04-15 01:23:36,355 - ACC       : 0.7848
2026-04-15 01:23:36,355 - BACC      : 0.7848
2026-04-15 01:23:36,355 - PRECISION : 0.7818
2026-04-15 01:23:36,355 - F1        : 0.7863
2026-04-15 01:23:36,355 - AUC       : 0.8629
2026-04-15 01:23:36,355 - AUCPR     : 0.8614
2026-04-15 01:23:36,355 - ===== Fold 3/5 =====
2026-04-15 01:23:37,535 - Epoch 1/200 - LR: 5e-05 - Train Loss: 0.6948 - Val Loss: 0.6921
2026-04-15 01:23:38,668 - Epoch 2/200 - LR: 5e-05 - Train Loss: 0.6934 - Val Loss: 0.6863
2026-04-15 01:23:39,923 - Epoch 3/200 - LR: 5e-05 - Train Loss: 0.6909 - Val Loss: 0.6767
2026-04-15 01:23:41,403 - Epoch 4/200 - LR: 5e-05 - Train Loss: 0.6863 - Val Loss: 0.6566
2026-04-15 01:23:42,876 - Epoch 5/200 - LR: 5e-05 - Train Loss: 0.6738 - Val Loss: 0.6303
2026-04-15 01:23:44,311 - Epoch 6/200 - LR: 5e-05 - Train Loss: 0.6496 - Val Loss: 0.5953
2026-04-15 01:23:45,414 - Epoch 7/200 - LR: 5e-05 - Train Loss: 0.6169 - Val Loss: 0.5739
2026-04-15 01:23:46,373 - Epoch 8/200 - LR: 5e-05 - Train Loss: 0.5880 - Val Loss: 0.5609
2026-04-15 01:23:47,336 - Epoch 9/200 - LR: 5e-05 - Train Loss: 0.5642 - Val Loss: 0.5453
2026-04-15 01:23:48,339 - Epoch 10/200 - LR: 5e-05 - Train Loss: 0.5390 - Val Loss: 0.5409
2026-04-15 01:23:49,355 - Epoch 11/200 - LR: 5e-05 - Train Loss: 0.5234 - Val Loss: 0.5265
2026-04-15 01:23:50,458 - Epoch 12/200 - LR: 5e-05 - Train Loss: 0.5157 - Val Loss: 0.5366
2026-04-15 01:23:51,452 - Epoch 13/200 - LR: 5e-05 - Train Loss: 0.4971 - Val Loss: 0.5338
2026-04-15 01:23:52,457 - Epoch 14/200 - LR: 5e-05 - Train Loss: 0.4846 - Val Loss: 0.5413
2026-04-15 01:23:53,389 - Epoch 15/200 - LR: 5e-05 - Train Loss: 0.4801 - Val Loss: 0.5484
2026-04-15 01:23:54,462 - Epoch 16/200 - LR: 2.5e-05 - Train Loss: 0.4620 - Val Loss: 0.5451
2026-04-15 01:23:54,462 - Early stopping at epoch 16 (best MCC=0.5530)
2026-04-15 01:23:54,692 - Saved loss curve: ./models/fold_3_gru.png
2026-04-15 01:23:54,692 - Fold 3 Best Metrics:
2026-04-15 01:23:54,693 - MCC       : 0.5530
2026-04-15 01:23:54,693 - SN        : 0.8161
2026-04-15 01:23:54,693 - SP        : 0.7350
2026-04-15 01:23:54,693 - ACC       : 0.7756
2026-04-15 01:23:54,693 - BACC      : 0.7756
2026-04-15 01:23:54,693 - PRECISION : 0.7553
2026-04-15 01:23:54,693 - F1        : 0.7845
2026-04-15 01:23:54,693 - AUC       : 0.8264
2026-04-15 01:23:54,693 - AUCPR     : 0.7879
2026-04-15 01:23:54,693 - ===== Fold 4/5 =====
2026-04-15 01:23:55,955 - Epoch 1/200 - LR: 5e-05 - Train Loss: 0.6954 - Val Loss: 0.6931
2026-04-15 01:23:57,319 - Epoch 2/200 - LR: 5e-05 - Train Loss: 0.6948 - Val Loss: 0.6910
2026-04-15 01:23:58,628 - Epoch 3/200 - LR: 5e-05 - Train Loss: 0.6924 - Val Loss: 0.6876
2026-04-15 01:23:59,706 - Epoch 4/200 - LR: 5e-05 - Train Loss: 0.6904 - Val Loss: 0.6801
2026-04-15 01:24:00,789 - Epoch 5/200 - LR: 5e-05 - Train Loss: 0.6883 - Val Loss: 0.6620
2026-04-15 01:24:01,763 - Epoch 6/200 - LR: 5e-05 - Train Loss: 0.6772 - Val Loss: 0.6320
2026-04-15 01:24:02,780 - Epoch 7/200 - LR: 5e-05 - Train Loss: 0.6555 - Val Loss: 0.5962
2026-04-15 01:24:03,846 - Epoch 8/200 - LR: 5e-05 - Train Loss: 0.6204 - Val Loss: 0.5765
2026-04-15 01:24:04,864 - Epoch 9/200 - LR: 5e-05 - Train Loss: 0.5820 - Val Loss: 0.5614
2026-04-15 01:24:05,867 - Epoch 10/200 - LR: 5e-05 - Train Loss: 0.5498 - Val Loss: 0.5627
2026-04-15 01:24:06,849 - Epoch 11/200 - LR: 5e-05 - Train Loss: 0.5359 - Val Loss: 0.5510
2026-04-15 01:24:07,864 - Epoch 12/200 - LR: 5e-05 - Train Loss: 0.5205 - Val Loss: 0.5450
2026-04-15 01:24:08,956 - Epoch 13/200 - LR: 5e-05 - Train Loss: 0.5160 - Val Loss: 0.5576
2026-04-15 01:24:10,350 - Epoch 14/200 - LR: 5e-05 - Train Loss: 0.5002 - Val Loss: 0.5253
2026-04-15 01:24:11,994 - Epoch 15/200 - LR: 5e-05 - Train Loss: 0.4783 - Val Loss: 0.5349
2026-04-15 01:24:13,335 - Epoch 16/200 - LR: 5e-05 - Train Loss: 0.4810 - Val Loss: 0.5492
2026-04-15 01:24:14,354 - Epoch 17/200 - LR: 5e-05 - Train Loss: 0.4722 - Val Loss: 0.5348
2026-04-15 01:24:15,339 - Epoch 18/200 - LR: 5e-05 - Train Loss: 0.4462 - Val Loss: 0.5436
2026-04-15 01:24:16,450 - Epoch 19/200 - LR: 5e-05 - Train Loss: 0.4489 - Val Loss: 0.5422
2026-04-15 01:24:17,573 - Epoch 20/200 - LR: 5e-05 - Train Loss: 0.4300 - Val Loss: 0.5679
2026-04-15 01:24:18,780 - Epoch 21/200 - LR: 5e-05 - Train Loss: 0.4242 - Val Loss: 0.5643
2026-04-15 01:24:19,867 - Epoch 22/200 - LR: 5e-05 - Train Loss: 0.4160 - Val Loss: 0.5482
2026-04-15 01:24:21,066 - Epoch 23/200 - LR: 5e-05 - Train Loss: 0.4095 - Val Loss: 0.5488
2026-04-15 01:24:22,296 - Epoch 24/200 - LR: 2.5e-05 - Train Loss: 0.3924 - Val Loss: 0.5625
2026-04-15 01:24:22,296 - Early stopping at epoch 24 (best MCC=0.5542)
2026-04-15 01:24:22,494 - Saved loss curve: ./models/fold_4_gru.png
2026-04-15 01:24:22,494 - Fold 4 Best Metrics:
2026-04-15 01:24:22,494 - MCC       : 0.5542
2026-04-15 01:24:22,494 - SN        : 0.8272
2026-04-15 01:24:22,494 - SP        : 0.7241
2026-04-15 01:24:22,495 - ACC       : 0.7756
2026-04-15 01:24:22,495 - BACC      : 0.7757
2026-04-15 01:24:22,495 - PRECISION : 0.7495
2026-04-15 01:24:22,495 - F1        : 0.7864
2026-04-15 01:24:22,495 - AUC       : 0.8504
2026-04-15 01:24:22,495 - AUCPR     : 0.8443
2026-04-15 01:24:22,495 - ===== Fold 5/5 =====
2026-04-15 01:24:23,672 - Epoch 1/200 - LR: 5e-05 - Train Loss: 0.6960 - Val Loss: 0.6913
2026-04-15 01:24:24,843 - Epoch 2/200 - LR: 5e-05 - Train Loss: 0.6927 - Val Loss: 0.6902
2026-04-15 01:24:25,920 - Epoch 3/200 - LR: 5e-05 - Train Loss: 0.6916 - Val Loss: 0.6864
2026-04-15 01:24:27,120 - Epoch 4/200 - LR: 5e-05 - Train Loss: 0.6880 - Val Loss: 0.6744
2026-04-15 01:24:28,318 - Epoch 5/200 - LR: 5e-05 - Train Loss: 0.6766 - Val Loss: 0.6537
2026-04-15 01:24:29,452 - Epoch 6/200 - LR: 5e-05 - Train Loss: 0.6485 - Val Loss: 0.6290
2026-04-15 01:24:30,551 - Epoch 7/200 - LR: 5e-05 - Train Loss: 0.6058 - Val Loss: 0.6287
2026-04-15 01:24:31,800 - Epoch 8/200 - LR: 5e-05 - Train Loss: 0.5852 - Val Loss: 0.6247
2026-04-15 01:24:33,240 - Epoch 9/200 - LR: 5e-05 - Train Loss: 0.5551 - Val Loss: 0.6218
2026-04-15 01:24:34,685 - Epoch 10/200 - LR: 5e-05 - Train Loss: 0.5346 - Val Loss: 0.6245
2026-04-15 01:24:36,026 - Epoch 11/200 - LR: 5e-05 - Train Loss: 0.5139 - Val Loss: 0.6292
2026-04-15 01:24:37,154 - Epoch 12/200 - LR: 5e-05 - Train Loss: 0.5103 - Val Loss: 0.6248
2026-04-15 01:24:38,391 - Epoch 13/200 - LR: 5e-05 - Train Loss: 0.5048 - Val Loss: 0.6158
2026-04-15 01:24:39,561 - Epoch 14/200 - LR: 5e-05 - Train Loss: 0.4917 - Val Loss: 0.6179
2026-04-15 01:24:40,874 - Epoch 15/200 - LR: 5e-05 - Train Loss: 0.4722 - Val Loss: 0.6236
2026-04-15 01:24:42,262 - Epoch 16/200 - LR: 5e-05 - Train Loss: 0.4729 - Val Loss: 0.6347
2026-04-15 01:24:43,529 - Epoch 17/200 - LR: 5e-05 - Train Loss: 0.4538 - Val Loss: 0.6106
2026-04-15 01:24:44,807 - Epoch 18/200 - LR: 5e-05 - Train Loss: 0.4543 - Val Loss: 0.6088
2026-04-15 01:24:46,137 - Epoch 19/200 - LR: 5e-05 - Train Loss: 0.4457 - Val Loss: 0.6003
2026-04-15 01:24:47,465 - Epoch 20/200 - LR: 5e-05 - Train Loss: 0.4363 - Val Loss: 0.5964
2026-04-15 01:24:48,799 - Epoch 21/200 - LR: 5e-05 - Train Loss: 0.4199 - Val Loss: 0.5922
2026-04-15 01:24:49,897 - Epoch 22/200 - LR: 5e-05 - Train Loss: 0.4208 - Val Loss: 0.6090
2026-04-15 01:24:51,142 - Epoch 23/200 - LR: 5e-05 - Train Loss: 0.4061 - Val Loss: 0.6084
2026-04-15 01:24:52,271 - Epoch 24/200 - LR: 5e-05 - Train Loss: 0.3987 - Val Loss: 0.5992
2026-04-15 01:24:53,650 - Epoch 25/200 - LR: 5e-05 - Train Loss: 0.3886 - Val Loss: 0.5947
2026-04-15 01:24:54,750 - Epoch 26/200 - LR: 5e-05 - Train Loss: 0.3782 - Val Loss: 0.6112
2026-04-15 01:24:55,746 - Epoch 27/200 - LR: 5e-05 - Train Loss: 0.3772 - Val Loss: 0.6062
2026-04-15 01:24:56,682 - Epoch 28/200 - LR: 5e-05 - Train Loss: 0.3616 - Val Loss: 0.5991
2026-04-15 01:24:57,648 - Epoch 29/200 - LR: 5e-05 - Train Loss: 0.3477 - Val Loss: 0.6104
2026-04-15 01:24:58,798 - Epoch 30/200 - LR: 5e-05 - Train Loss: 0.3432 - Val Loss: 0.6270
2026-04-15 01:24:59,925 - Epoch 31/200 - LR: 5e-05 - Train Loss: 0.3280 - Val Loss: 0.6386
2026-04-15 01:25:01,128 - Epoch 32/200 - LR: 5e-05 - Train Loss: 0.3320 - Val Loss: 0.6397
2026-04-15 01:25:02,298 - Epoch 33/200 - LR: 5e-05 - Train Loss: 0.3312 - Val Loss: 0.6453
2026-04-15 01:25:03,431 - Epoch 34/200 - LR: 5e-05 - Train Loss: 0.3206 - Val Loss: 0.6330
2026-04-15 01:25:04,780 - Epoch 35/200 - LR: 5e-05 - Train Loss: 0.3041 - Val Loss: 0.6515
2026-04-15 01:25:06,123 - Epoch 36/200 - LR: 2.5e-05 - Train Loss: 0.3062 - Val Loss: 0.6448
2026-04-15 01:25:07,221 - Epoch 37/200 - LR: 2.5e-05 - Train Loss: 0.2807 - Val Loss: 0.6706
2026-04-15 01:25:08,238 - Epoch 38/200 - LR: 2.5e-05 - Train Loss: 0.2874 - Val Loss: 0.6685
2026-04-15 01:25:09,291 - Epoch 39/200 - LR: 2.5e-05 - Train Loss: 0.2715 - Val Loss: 0.6821
2026-04-15 01:25:10,313 - Epoch 40/200 - LR: 2.5e-05 - Train Loss: 0.2784 - Val Loss: 0.6624
2026-04-15 01:25:11,351 - Epoch 41/200 - LR: 2.5e-05 - Train Loss: 0.2678 - Val Loss: 0.6777
2026-04-15 01:25:12,326 - Epoch 42/200 - LR: 2.5e-05 - Train Loss: 0.2677 - Val Loss: 0.6794
2026-04-15 01:25:13,444 - Epoch 43/200 - LR: 2.5e-05 - Train Loss: 0.2597 - Val Loss: 0.6960
2026-04-15 01:25:14,481 - Epoch 44/200 - LR: 2.5e-05 - Train Loss: 0.2520 - Val Loss: 0.7190
2026-04-15 01:25:15,433 - Epoch 45/200 - LR: 2.5e-05 - Train Loss: 0.2473 - Val Loss: 0.7117
2026-04-15 01:25:16,745 - Epoch 46/200 - LR: 2.5e-05 - Train Loss: 0.2479 - Val Loss: 0.7003
2026-04-15 01:25:17,706 - Epoch 47/200 - LR: 2.5e-05 - Train Loss: 0.2419 - Val Loss: 0.7081
2026-04-15 01:25:18,660 - Epoch 48/200 - LR: 2.5e-05 - Train Loss: 0.2498 - Val Loss: 0.7133
2026-04-15 01:25:19,605 - Epoch 49/200 - LR: 2.5e-05 - Train Loss: 0.2416 - Val Loss: 0.7159
2026-04-15 01:25:20,629 - Epoch 50/200 - LR: 2.5e-05 - Train Loss: 0.2346 - Val Loss: 0.7191
2026-04-15 01:25:21,734 - Epoch 51/200 - LR: 1.25e-05 - Train Loss: 0.2208 - Val Loss: 0.7198
2026-04-15 01:25:21,734 - Early stopping at epoch 51 (best MCC=0.5581)
2026-04-15 01:25:21,933 - Saved loss curve: ./models/fold_5_gru.png
2026-04-15 01:25:21,933 - Fold 5 Best Metrics:
2026-04-15 01:25:21,933 - MCC       : 0.5581
2026-04-15 01:25:21,933 - SN        : 0.7834
2026-04-15 01:25:21,933 - SP        : 0.7747
2026-04-15 01:25:21,933 - ACC       : 0.7791
2026-04-15 01:25:21,933 - BACC      : 0.7791
2026-04-15 01:25:21,933 - PRECISION : 0.7763
2026-04-15 01:25:21,933 - F1        : 0.7798
2026-04-15 01:25:21,933 - AUC       : 0.8376
2026-04-15 01:25:21,933 - AUCPR     : 0.8243
2026-04-15 01:25:21,934 - ==============================
2026-04-15 01:25:21,934 - Cross-Validation Results:
2026-04-15 01:25:21,934 - MCC       : 0.5643 ± 0.0125
2026-04-15 01:25:21,934 - SN        : 0.8049 ± 0.0160
2026-04-15 01:25:21,934 - SP        : 0.7584 ± 0.0238
2026-04-15 01:25:21,934 - ACC       : 0.7816 ± 0.0066
2026-04-15 01:25:21,934 - BACC      : 0.7816 ± 0.0066
2026-04-15 01:25:21,934 - PRECISION : 0.7696 ± 0.0145
2026-04-15 01:25:21,934 - F1        : 0.7866 ± 0.0052
2026-04-15 01:25:21,934 - AUC       : 0.8487 ± 0.0151
2026-04-15 01:25:21,934 - AUCPR     : 0.8341 ± 0.0262
2026-04-15 01:25:21,934 - ==============================
2026-04-15 01:25:21,934 - Evaluating ensemble on test set...
2026-04-15 01:25:22,499 - Final Test Metrics (Ensemble):
2026-04-15 01:25:22,499 - MCC       : 0.6654
2026-04-15 01:25:22,499 - SN        : 0.8245
2026-04-15 01:25:22,499 - SP        : 0.8408
2026-04-15 01:25:22,499 - ACC       : 0.8327
2026-04-15 01:25:22,499 - BACC      : 0.8327
2026-04-15 01:25:22,500 - PRECISION : 0.8382
2026-04-15 01:25:22,500 - F1        : 0.8313
2026-04-15 01:25:22,500 - AUC       : 0.8891
2026-04-15 01:25:22,500 - AUCPR     : 0.8976
