2026-04-17 01:25:34,963 - ==============================
2026-04-17 01:25:34,963 - DeepKbhb PepNet Training
2026-04-17 01:25:34,963 - ==============================
2026-04-17 01:25:34,963 - Log file: log/training_20260417_012533_deepkbhb.log
2026-04-17 01:25:34,963 - Device: cuda
2026-04-17 01:25:34,963 - Train samples: 4346
2026-04-17 01:25:34,963 - Test samples: 490
2026-04-17 01:25:34,963 - Batch size: 128
2026-04-17 01:25:34,963 - Epochs: 30
2026-04-17 01:25:34,963 - CV folds: 5
2026-04-17 01:25:34,966 - 
2026-04-17 01:25:34,966 - ========== Fold 1/5 ==========
2026-04-17 01:25:37,517 - Fold 1 | Epoch 01/30 | Train Loss: 0.7493 | Val Loss: 0.6854 | Val Acc: 0.5701
2026-04-17 01:25:38,216 - Fold 1 | Epoch 02/30 | Train Loss: 0.6661 | Val Loss: 0.6597 | Val Acc: 0.6471
2026-04-17 01:25:39,181 - Fold 1 | Epoch 03/30 | Train Loss: 0.6156 | Val Loss: 0.6119 | Val Acc: 0.7034
2026-04-17 01:25:40,178 - Fold 1 | Epoch 04/30 | Train Loss: 0.5893 | Val Loss: 0.5581 | Val Acc: 0.7322
2026-04-17 01:25:41,133 - Fold 1 | Epoch 05/30 | Train Loss: 0.5446 | Val Loss: 0.5539 | Val Acc: 0.7471
2026-04-17 01:25:41,986 - Fold 1 | Epoch 06/30 | Train Loss: 0.5177 | Val Loss: 0.5395 | Val Acc: 0.7586
2026-04-17 01:25:42,946 - Fold 1 | Epoch 07/30 | Train Loss: 0.4781 | Val Loss: 0.5526 | Val Acc: 0.7517
2026-04-17 01:25:43,878 - Fold 1 | Epoch 08/30 | Train Loss: 0.4501 | Val Loss: 0.5381 | Val Acc: 0.7414
2026-04-17 01:25:44,892 - Fold 1 | Epoch 09/30 | Train Loss: 0.4242 | Val Loss: 0.5519 | Val Acc: 0.7391
2026-04-17 01:25:45,863 - Fold 1 | Epoch 10/30 | Train Loss: 0.4021 | Val Loss: 0.5614 | Val Acc: 0.7437
2026-04-17 01:25:46,849 - Fold 1 | Epoch 11/30 | Train Loss: 0.3633 | Val Loss: 0.5928 | Val Acc: 0.7494
2026-04-17 01:25:47,731 - Fold 1 | Epoch 12/30 | Train Loss: 0.3377 | Val Loss: 0.5749 | Val Acc: 0.7230
2026-04-17 01:25:48,630 - Fold 1 | Epoch 13/30 | Train Loss: 0.3030 | Val Loss: 0.6028 | Val Acc: 0.7333
2026-04-17 01:25:49,609 - Fold 1 | Epoch 14/30 | Train Loss: 0.2565 | Val Loss: 0.6358 | Val Acc: 0.7322
2026-04-17 01:25:50,535 - Fold 1 | Epoch 15/30 | Train Loss: 0.2336 | Val Loss: 0.6757 | Val Acc: 0.7276
2026-04-17 01:25:51,470 - Fold 1 | Epoch 16/30 | Train Loss: 0.2284 | Val Loss: 0.7128 | Val Acc: 0.7207
2026-04-17 01:25:52,405 - Fold 1 | Epoch 17/30 | Train Loss: 0.1956 | Val Loss: 0.6754 | Val Acc: 0.7034
2026-04-17 01:25:53,326 - Fold 1 | Epoch 18/30 | Train Loss: 0.1676 | Val Loss: 0.7283 | Val Acc: 0.7276
2026-04-17 01:25:54,292 - Fold 1 | Epoch 19/30 | Train Loss: 0.1426 | Val Loss: 0.7247 | Val Acc: 0.7149
2026-04-17 01:25:55,256 - Fold 1 | Epoch 20/30 | Train Loss: 0.1192 | Val Loss: 0.7781 | Val Acc: 0.7253
2026-04-17 01:25:56,181 - Fold 1 | Epoch 21/30 | Train Loss: 0.1026 | Val Loss: 0.7931 | Val Acc: 0.7287
2026-04-17 01:25:57,082 - Fold 1 | Epoch 22/30 | Train Loss: 0.0892 | Val Loss: 0.8090 | Val Acc: 0.7253
2026-04-17 01:25:58,025 - Fold 1 | Epoch 23/30 | Train Loss: 0.0817 | Val Loss: 0.8033 | Val Acc: 0.7241
2026-04-17 01:25:58,986 - Fold 1 | Epoch 24/30 | Train Loss: 0.0794 | Val Loss: 0.8591 | Val Acc: 0.7276
2026-04-17 01:25:59,780 - Fold 1 | Epoch 25/30 | Train Loss: 0.0742 | Val Loss: 0.8547 | Val Acc: 0.7264
2026-04-17 01:26:00,625 - Fold 1 | Epoch 26/30 | Train Loss: 0.0696 | Val Loss: 0.8649 | Val Acc: 0.7241
2026-04-17 01:26:01,487 - Fold 1 | Epoch 27/30 | Train Loss: 0.0710 | Val Loss: 0.8565 | Val Acc: 0.7161
2026-04-17 01:26:02,225 - Fold 1 | Epoch 28/30 | Train Loss: 0.0550 | Val Loss: 0.8764 | Val Acc: 0.7333
2026-04-17 01:26:03,128 - Fold 1 | Epoch 29/30 | Train Loss: 0.0490 | Val Loss: 0.8726 | Val Acc: 0.7092
2026-04-17 01:26:04,086 - Fold 1 | Epoch 30/30 | Train Loss: 0.0389 | Val Loss: 0.9030 | Val Acc: 0.7264
2026-04-17 01:26:04,181 - Fold 1 best val loss: 0.5381, saved to: model/fold_1.pth
2026-04-17 01:26:04,181 - Fold 1 metrics: MCC=0.4833 SN=0.7655 SP=0.7172 ACC=0.7414 BACC=0.7414 PRECISION=0.7303 F1=0.7475 AUC=0.8168 AUCPR=0.8202
2026-04-17 01:26:04,181 - 
2026-04-17 01:26:04,181 - ========== Fold 2/5 ==========
2026-04-17 01:26:05,338 - Fold 2 | Epoch 01/30 | Train Loss: 0.7572 | Val Loss: 0.6475 | Val Acc: 0.6306
2026-04-17 01:26:06,380 - Fold 2 | Epoch 02/30 | Train Loss: 0.7002 | Val Loss: 0.5967 | Val Acc: 0.6778
2026-04-17 01:26:07,377 - Fold 2 | Epoch 03/30 | Train Loss: 0.6490 | Val Loss: 0.5761 | Val Acc: 0.7054
2026-04-17 01:26:08,215 - Fold 2 | Epoch 04/30 | Train Loss: 0.6009 | Val Loss: 0.5444 | Val Acc: 0.7227
2026-04-17 01:26:08,992 - Fold 2 | Epoch 05/30 | Train Loss: 0.5716 | Val Loss: 0.5322 | Val Acc: 0.7411
2026-04-17 01:26:09,806 - Fold 2 | Epoch 06/30 | Train Loss: 0.5391 | Val Loss: 0.5215 | Val Acc: 0.7468
2026-04-17 01:26:10,462 - Fold 2 | Epoch 07/30 | Train Loss: 0.5154 | Val Loss: 0.5179 | Val Acc: 0.7491
2026-04-17 01:26:11,218 - Fold 2 | Epoch 08/30 | Train Loss: 0.4978 | Val Loss: 0.5123 | Val Acc: 0.7537
2026-04-17 01:26:12,061 - Fold 2 | Epoch 09/30 | Train Loss: 0.4643 | Val Loss: 0.5080 | Val Acc: 0.7606
2026-04-17 01:26:12,891 - Fold 2 | Epoch 10/30 | Train Loss: 0.4517 | Val Loss: 0.5220 | Val Acc: 0.7526
2026-04-17 01:26:13,789 - Fold 2 | Epoch 11/30 | Train Loss: 0.4314 | Val Loss: 0.5239 | Val Acc: 0.7583
2026-04-17 01:26:14,707 - Fold 2 | Epoch 12/30 | Train Loss: 0.4030 | Val Loss: 0.5308 | Val Acc: 0.7710
2026-04-17 01:26:15,612 - Fold 2 | Epoch 13/30 | Train Loss: 0.3732 | Val Loss: 0.5345 | Val Acc: 0.7549
2026-04-17 01:26:15,958 - Fold 2 | Epoch 14/30 | Train Loss: 0.3568 | Val Loss: 0.5353 | Val Acc: 0.7572
2026-04-17 01:26:16,294 - Fold 2 | Epoch 15/30 | Train Loss: 0.3297 | Val Loss: 0.5466 | Val Acc: 0.7549
2026-04-17 01:26:16,682 - Fold 2 | Epoch 16/30 | Train Loss: 0.3169 | Val Loss: 0.5573 | Val Acc: 0.7434
2026-04-17 01:26:17,618 - Fold 2 | Epoch 17/30 | Train Loss: 0.3033 | Val Loss: 0.5694 | Val Acc: 0.7365
2026-04-17 01:26:18,546 - Fold 2 | Epoch 18/30 | Train Loss: 0.2755 | Val Loss: 0.5811 | Val Acc: 0.7503
2026-04-17 01:26:19,482 - Fold 2 | Epoch 19/30 | Train Loss: 0.2394 | Val Loss: 0.6096 | Val Acc: 0.7468
2026-04-17 01:26:20,410 - Fold 2 | Epoch 20/30 | Train Loss: 0.2244 | Val Loss: 0.6152 | Val Acc: 0.7537
2026-04-17 01:26:20,746 - Fold 2 | Epoch 21/30 | Train Loss: 0.2091 | Val Loss: 0.6263 | Val Acc: 0.7445
2026-04-17 01:26:21,089 - Fold 2 | Epoch 22/30 | Train Loss: 0.1730 | Val Loss: 0.6290 | Val Acc: 0.7480
2026-04-17 01:26:22,048 - Fold 2 | Epoch 23/30 | Train Loss: 0.1670 | Val Loss: 0.6471 | Val Acc: 0.7480
2026-04-17 01:26:22,982 - Fold 2 | Epoch 24/30 | Train Loss: 0.1563 | Val Loss: 0.6445 | Val Acc: 0.7307
2026-04-17 01:26:23,974 - Fold 2 | Epoch 25/30 | Train Loss: 0.1285 | Val Loss: 0.6644 | Val Acc: 0.7457
2026-04-17 01:26:24,917 - Fold 2 | Epoch 26/30 | Train Loss: 0.1108 | Val Loss: 0.6779 | Val Acc: 0.7468
2026-04-17 01:26:25,846 - Fold 2 | Epoch 27/30 | Train Loss: 0.0984 | Val Loss: 0.7036 | Val Acc: 0.7560
2026-04-17 01:26:26,652 - Fold 2 | Epoch 28/30 | Train Loss: 0.0943 | Val Loss: 0.7108 | Val Acc: 0.7330
2026-04-17 01:26:27,575 - Fold 2 | Epoch 29/30 | Train Loss: 0.0813 | Val Loss: 0.7049 | Val Acc: 0.7468
2026-04-17 01:26:28,488 - Fold 2 | Epoch 30/30 | Train Loss: 0.0780 | Val Loss: 0.7305 | Val Acc: 0.7572
2026-04-17 01:26:28,581 - Fold 2 best val loss: 0.5080, saved to: model/fold_2.pth
2026-04-17 01:26:28,581 - Fold 2 metrics: MCC=0.5213 SN=0.7609 SP=0.7604 ACC=0.7606 BACC=0.7606 PRECISION=0.7609 F1=0.7609 AUC=0.8319 AUCPR=0.8328
2026-04-17 01:26:28,581 - 
2026-04-17 01:26:28,581 - ========== Fold 3/5 ==========
2026-04-17 01:26:29,028 - Fold 3 | Epoch 01/30 | Train Loss: 0.7193 | Val Loss: 0.6522 | Val Acc: 0.6398
2026-04-17 01:26:29,412 - Fold 3 | Epoch 02/30 | Train Loss: 0.6639 | Val Loss: 0.6020 | Val Acc: 0.6985
2026-04-17 01:26:30,375 - Fold 3 | Epoch 03/30 | Train Loss: 0.6075 | Val Loss: 0.5824 | Val Acc: 0.6951
2026-04-17 01:26:31,380 - Fold 3 | Epoch 04/30 | Train Loss: 0.5537 | Val Loss: 0.5787 | Val Acc: 0.7089
2026-04-17 01:26:32,382 - Fold 3 | Epoch 05/30 | Train Loss: 0.5289 | Val Loss: 0.5757 | Val Acc: 0.7227
2026-04-17 01:26:33,379 - Fold 3 | Epoch 06/30 | Train Loss: 0.5125 | Val Loss: 0.5675 | Val Acc: 0.7181
2026-04-17 01:26:34,398 - Fold 3 | Epoch 07/30 | Train Loss: 0.4742 | Val Loss: 0.5600 | Val Acc: 0.7135
2026-04-17 01:26:35,349 - Fold 3 | Epoch 08/30 | Train Loss: 0.4468 | Val Loss: 0.5657 | Val Acc: 0.7192
2026-04-17 01:26:36,254 - Fold 3 | Epoch 09/30 | Train Loss: 0.4299 | Val Loss: 0.5689 | Val Acc: 0.7123
2026-04-17 01:26:37,184 - Fold 3 | Epoch 10/30 | Train Loss: 0.4016 | Val Loss: 0.5701 | Val Acc: 0.7169
2026-04-17 01:26:38,151 - Fold 3 | Epoch 11/30 | Train Loss: 0.3761 | Val Loss: 0.5792 | Val Acc: 0.7296
2026-04-17 01:26:39,085 - Fold 3 | Epoch 12/30 | Train Loss: 0.3593 | Val Loss: 0.5938 | Val Acc: 0.7238
2026-04-17 01:26:40,022 - Fold 3 | Epoch 13/30 | Train Loss: 0.3259 | Val Loss: 0.5951 | Val Acc: 0.7135
2026-04-17 01:26:40,952 - Fold 3 | Epoch 14/30 | Train Loss: 0.3139 | Val Loss: 0.6203 | Val Acc: 0.7181
2026-04-17 01:26:41,866 - Fold 3 | Epoch 15/30 | Train Loss: 0.2791 | Val Loss: 0.6009 | Val Acc: 0.7215
2026-04-17 01:26:42,830 - Fold 3 | Epoch 16/30 | Train Loss: 0.2785 | Val Loss: 0.6137 | Val Acc: 0.7353
2026-04-17 01:26:43,728 - Fold 3 | Epoch 17/30 | Train Loss: 0.2635 | Val Loss: 0.6300 | Val Acc: 0.7284
2026-04-17 01:26:44,624 - Fold 3 | Epoch 18/30 | Train Loss: 0.2291 | Val Loss: 0.6436 | Val Acc: 0.7284
2026-04-17 01:26:45,556 - Fold 3 | Epoch 19/30 | Train Loss: 0.2000 | Val Loss: 0.6738 | Val Acc: 0.7319
2026-04-17 01:26:46,476 - Fold 3 | Epoch 20/30 | Train Loss: 0.1818 | Val Loss: 0.6993 | Val Acc: 0.7250
2026-04-17 01:26:47,373 - Fold 3 | Epoch 21/30 | Train Loss: 0.1680 | Val Loss: 0.6780 | Val Acc: 0.7284
2026-04-17 01:26:48,314 - Fold 3 | Epoch 22/30 | Train Loss: 0.1509 | Val Loss: 0.7894 | Val Acc: 0.7158
2026-04-17 01:26:49,274 - Fold 3 | Epoch 23/30 | Train Loss: 0.1467 | Val Loss: 0.7548 | Val Acc: 0.7135
2026-04-17 01:26:50,173 - Fold 3 | Epoch 24/30 | Train Loss: 0.1202 | Val Loss: 0.7457 | Val Acc: 0.7261
2026-04-17 01:26:51,101 - Fold 3 | Epoch 25/30 | Train Loss: 0.0979 | Val Loss: 0.7605 | Val Acc: 0.7227
2026-04-17 01:26:52,027 - Fold 3 | Epoch 26/30 | Train Loss: 0.0840 | Val Loss: 0.7987 | Val Acc: 0.7284
2026-04-17 01:26:52,947 - Fold 3 | Epoch 27/30 | Train Loss: 0.0762 | Val Loss: 0.8233 | Val Acc: 0.7089
2026-04-17 01:26:53,864 - Fold 3 | Epoch 28/30 | Train Loss: 0.0710 | Val Loss: 0.8318 | Val Acc: 0.7146
2026-04-17 01:26:54,810 - Fold 3 | Epoch 29/30 | Train Loss: 0.0650 | Val Loss: 0.8267 | Val Acc: 0.7135
2026-04-17 01:26:55,761 - Fold 3 | Epoch 30/30 | Train Loss: 0.0607 | Val Loss: 0.8514 | Val Acc: 0.7112
2026-04-17 01:26:55,856 - Fold 3 best val loss: 0.5600, saved to: model/fold_3.pth
2026-04-17 01:26:55,856 - Fold 3 metrics: MCC=0.4271 SN=0.7011 SP=0.7258 ACC=0.7135 BACC=0.7135 PRECISION=0.7193 F1=0.7101 AUC=0.7951 AUCPR=0.8031
2026-04-17 01:26:55,856 - 
2026-04-17 01:26:55,856 - ========== Fold 4/5 ==========
2026-04-17 01:26:56,846 - Fold 4 | Epoch 01/30 | Train Loss: 0.7050 | Val Loss: 0.6076 | Val Acc: 0.6755
2026-04-17 01:26:57,836 - Fold 4 | Epoch 02/30 | Train Loss: 0.6395 | Val Loss: 0.5765 | Val Acc: 0.6928
2026-04-17 01:26:58,784 - Fold 4 | Epoch 03/30 | Train Loss: 0.5945 | Val Loss: 0.5560 | Val Acc: 0.7181
2026-04-17 01:26:59,726 - Fold 4 | Epoch 04/30 | Train Loss: 0.5538 | Val Loss: 0.5454 | Val Acc: 0.7284
2026-04-17 01:27:00,649 - Fold 4 | Epoch 05/30 | Train Loss: 0.5372 | Val Loss: 0.5287 | Val Acc: 0.7365
2026-04-17 01:27:01,591 - Fold 4 | Epoch 06/30 | Train Loss: 0.5050 | Val Loss: 0.5256 | Val Acc: 0.7514
2026-04-17 01:27:02,184 - Fold 4 | Epoch 07/30 | Train Loss: 0.4888 | Val Loss: 0.5352 | Val Acc: 0.7422
2026-04-17 01:27:03,121 - Fold 4 | Epoch 08/30 | Train Loss: 0.4577 | Val Loss: 0.5399 | Val Acc: 0.7399
2026-04-17 01:27:04,054 - Fold 4 | Epoch 09/30 | Train Loss: 0.4379 | Val Loss: 0.5398 | Val Acc: 0.7365
2026-04-17 01:27:05,023 - Fold 4 | Epoch 10/30 | Train Loss: 0.4176 | Val Loss: 0.5455 | Val Acc: 0.7491
2026-04-17 01:27:05,698 - Fold 4 | Epoch 11/30 | Train Loss: 0.4010 | Val Loss: 0.5549 | Val Acc: 0.7411
2026-04-17 01:27:06,315 - Fold 4 | Epoch 12/30 | Train Loss: 0.3709 | Val Loss: 0.5553 | Val Acc: 0.7365
2026-04-17 01:27:07,210 - Fold 4 | Epoch 13/30 | Train Loss: 0.3563 | Val Loss: 0.5539 | Val Acc: 0.7503
2026-04-17 01:27:08,170 - Fold 4 | Epoch 14/30 | Train Loss: 0.3304 | Val Loss: 0.5575 | Val Acc: 0.7468
2026-04-17 01:27:08,951 - Fold 4 | Epoch 15/30 | Train Loss: 0.3103 | Val Loss: 0.5787 | Val Acc: 0.7330
2026-04-17 01:27:09,580 - Fold 4 | Epoch 16/30 | Train Loss: 0.2855 | Val Loss: 0.5810 | Val Acc: 0.7503
2026-04-17 01:27:10,354 - Fold 4 | Epoch 17/30 | Train Loss: 0.2657 | Val Loss: 0.5935 | Val Acc: 0.7468
2026-04-17 01:27:11,308 - Fold 4 | Epoch 18/30 | Train Loss: 0.2492 | Val Loss: 0.6117 | Val Acc: 0.7411
2026-04-17 01:27:12,177 - Fold 4 | Epoch 19/30 | Train Loss: 0.2234 | Val Loss: 0.6054 | Val Acc: 0.7365
2026-04-17 01:27:12,784 - Fold 4 | Epoch 20/30 | Train Loss: 0.2048 | Val Loss: 0.6472 | Val Acc: 0.7365
2026-04-17 01:27:13,614 - Fold 4 | Epoch 21/30 | Train Loss: 0.1816 | Val Loss: 0.6763 | Val Acc: 0.7330
2026-04-17 01:27:14,333 - Fold 4 | Epoch 22/30 | Train Loss: 0.1687 | Val Loss: 0.6858 | Val Acc: 0.7388
2026-04-17 01:27:15,051 - Fold 4 | Epoch 23/30 | Train Loss: 0.1478 | Val Loss: 0.6585 | Val Acc: 0.7376
2026-04-17 01:27:15,754 - Fold 4 | Epoch 24/30 | Train Loss: 0.1279 | Val Loss: 0.6860 | Val Acc: 0.7238
2026-04-17 01:27:16,462 - Fold 4 | Epoch 25/30 | Train Loss: 0.1248 | Val Loss: 0.6923 | Val Acc: 0.7181
2026-04-17 01:27:17,199 - Fold 4 | Epoch 26/30 | Train Loss: 0.1053 | Val Loss: 0.7600 | Val Acc: 0.7273
2026-04-17 01:27:18,150 - Fold 4 | Epoch 27/30 | Train Loss: 0.0808 | Val Loss: 0.7589 | Val Acc: 0.7353
2026-04-17 01:27:19,074 - Fold 4 | Epoch 28/30 | Train Loss: 0.0825 | Val Loss: 0.7462 | Val Acc: 0.7399
2026-04-17 01:27:19,992 - Fold 4 | Epoch 29/30 | Train Loss: 0.0740 | Val Loss: 0.7386 | Val Acc: 0.7411
2026-04-17 01:27:20,942 - Fold 4 | Epoch 30/30 | Train Loss: 0.0646 | Val Loss: 0.7651 | Val Acc: 0.7445
2026-04-17 01:27:21,033 - Fold 4 best val loss: 0.5256, saved to: model/fold_4.pth
2026-04-17 01:27:21,033 - Fold 4 metrics: MCC=0.5033 SN=0.7304 SP=0.7724 ACC=0.7514 BACC=0.7514 PRECISION=0.7620 F1=0.7459 AUC=0.8167 AUCPR=0.8143
2026-04-17 01:27:21,033 - 
2026-04-17 01:27:21,033 - ========== Fold 5/5 ==========
2026-04-17 01:27:22,040 - Fold 5 | Epoch 01/30 | Train Loss: 0.7179 | Val Loss: 0.6431 | Val Acc: 0.6398
2026-04-17 01:27:23,060 - Fold 5 | Epoch 02/30 | Train Loss: 0.6294 | Val Loss: 0.6518 | Val Acc: 0.6536
2026-04-17 01:27:24,006 - Fold 5 | Epoch 03/30 | Train Loss: 0.5759 | Val Loss: 0.6037 | Val Acc: 0.6928
2026-04-17 01:27:24,971 - Fold 5 | Epoch 04/30 | Train Loss: 0.5412 | Val Loss: 0.6126 | Val Acc: 0.6893
2026-04-17 01:27:25,888 - Fold 5 | Epoch 05/30 | Train Loss: 0.5012 | Val Loss: 0.6273 | Val Acc: 0.6928
2026-04-17 01:27:26,791 - Fold 5 | Epoch 06/30 | Train Loss: 0.4752 | Val Loss: 0.6066 | Val Acc: 0.6928
2026-04-17 01:27:27,739 - Fold 5 | Epoch 07/30 | Train Loss: 0.4549 | Val Loss: 0.6144 | Val Acc: 0.6985
2026-04-17 01:27:28,535 - Fold 5 | Epoch 08/30 | Train Loss: 0.4308 | Val Loss: 0.6131 | Val Acc: 0.7077
2026-04-17 01:27:29,448 - Fold 5 | Epoch 09/30 | Train Loss: 0.4050 | Val Loss: 0.5847 | Val Acc: 0.7238
2026-04-17 01:27:30,403 - Fold 5 | Epoch 10/30 | Train Loss: 0.3721 | Val Loss: 0.6452 | Val Acc: 0.6939
2026-04-17 01:27:31,375 - Fold 5 | Epoch 11/30 | Train Loss: 0.3359 | Val Loss: 0.6095 | Val Acc: 0.7227
2026-04-17 01:27:32,341 - Fold 5 | Epoch 12/30 | Train Loss: 0.3006 | Val Loss: 0.6243 | Val Acc: 0.7100
2026-04-17 01:27:33,276 - Fold 5 | Epoch 13/30 | Train Loss: 0.2661 | Val Loss: 0.7243 | Val Acc: 0.7261
2026-04-17 01:27:34,201 - Fold 5 | Epoch 14/30 | Train Loss: 0.2515 | Val Loss: 0.6783 | Val Acc: 0.7158
2026-04-17 01:27:35,159 - Fold 5 | Epoch 15/30 | Train Loss: 0.2123 | Val Loss: 0.6863 | Val Acc: 0.7123
2026-04-17 01:27:36,077 - Fold 5 | Epoch 16/30 | Train Loss: 0.1877 | Val Loss: 0.7912 | Val Acc: 0.7031
2026-04-17 01:27:36,995 - Fold 5 | Epoch 17/30 | Train Loss: 0.1706 | Val Loss: 0.7659 | Val Acc: 0.7066
2026-04-17 01:27:37,903 - Fold 5 | Epoch 18/30 | Train Loss: 0.1303 | Val Loss: 0.7788 | Val Acc: 0.7135
2026-04-17 01:27:38,832 - Fold 5 | Epoch 19/30 | Train Loss: 0.1179 | Val Loss: 0.8244 | Val Acc: 0.7066
2026-04-17 01:27:39,738 - Fold 5 | Epoch 20/30 | Train Loss: 0.0995 | Val Loss: 0.8436 | Val Acc: 0.7112
2026-04-17 01:27:40,634 - Fold 5 | Epoch 21/30 | Train Loss: 0.0884 | Val Loss: 0.8627 | Val Acc: 0.7066
2026-04-17 01:27:41,561 - Fold 5 | Epoch 22/30 | Train Loss: 0.0795 | Val Loss: 0.8941 | Val Acc: 0.7054
2026-04-17 01:27:42,477 - Fold 5 | Epoch 23/30 | Train Loss: 0.0678 | Val Loss: 0.9137 | Val Acc: 0.7100
2026-04-17 01:27:43,378 - Fold 5 | Epoch 24/30 | Train Loss: 0.0640 | Val Loss: 0.9356 | Val Acc: 0.7146
2026-04-17 01:27:44,293 - Fold 5 | Epoch 25/30 | Train Loss: 0.0618 | Val Loss: 0.9567 | Val Acc: 0.7020
2026-04-17 01:27:45,169 - Fold 5 | Epoch 26/30 | Train Loss: 0.0587 | Val Loss: 0.9280 | Val Acc: 0.7123
2026-04-17 01:27:45,960 - Fold 5 | Epoch 27/30 | Train Loss: 0.0506 | Val Loss: 0.9980 | Val Acc: 0.6962
2026-04-17 01:27:46,907 - Fold 5 | Epoch 28/30 | Train Loss: 0.0434 | Val Loss: 0.9800 | Val Acc: 0.7008
2026-04-17 01:27:47,837 - Fold 5 | Epoch 29/30 | Train Loss: 0.0468 | Val Loss: 1.0282 | Val Acc: 0.7123
2026-04-17 01:27:48,758 - Fold 5 | Epoch 30/30 | Train Loss: 0.0548 | Val Loss: 1.0190 | Val Acc: 0.6928
2026-04-17 01:27:48,856 - Fold 5 best val loss: 0.5847, saved to: model/fold_5.pth
2026-04-17 01:27:48,856 - Fold 5 metrics: MCC=0.4480 SN=0.7028 SP=0.7448 ACC=0.7238 BACC=0.7238 PRECISION=0.7332 F1=0.7176 AUC=0.7975 AUCPR=0.7900
2026-04-17 01:27:48,856 - 
2026-04-17 01:27:48,856 - Cross-Validation Metrics (mean +/- std):
2026-04-17 01:27:48,856 - MCC=0.4766+/-0.0347 SN=0.7322+/-0.0275 SP=0.7441+/-0.0206 ACC=0.7381+/-0.0174 BACC=0.7381+/-0.0174 PRECISION=0.7411+/-0.0172 F1=0.7364+/-0.0193 AUC=0.8116+/-0.0137 AUCPR=0.8121+/-0.0146
2026-04-17 01:27:49,239 - 
2026-04-17 01:27:49,239 - ========== Ensemble Test Results ==========
2026-04-17 01:27:49,239 - Accuracy: 0.7735
2026-04-17 01:27:49,239 - Loss: 0.4879
2026-04-17 01:27:49,239 - Detailed Metrics: MCC=0.5480 SN=0.7429 SP=0.8041 ACC=0.7735 
                        BACC=0.7735 PRECISION=0.7913 F1=0.7663 AUC=0.8437 AUCPR=0.8540
