2026-06-04 19:34:57,627 - ============================================================
2026-06-04 19:34:57,627 - ABLATION EXPERIMENTS
2026-06-04 19:34:57,627 - ============================================================
2026-06-04 19:34:57,627 - Hyperparameters:
2026-06-04 19:34:57,627 -   Batch Size: 32
2026-06-04 19:34:57,627 -   Learning Rate: 3.500309e-05
2026-06-04 19:34:57,627 -   Weight Decay: 0.002603109
2026-06-04 19:34:57,627 -   Epochs: 18
2026-06-04 19:34:57,627 -   Seed: 0
2026-06-04 19:34:57,627 - ============================================================
2026-06-04 19:34:57,627 - Loading training data from data/train_embedding_graph.pt...
2026-06-04 19:35:00,727 - 
============================================================
2026-06-04 19:35:00,727 - Training: GraphOnly
2026-06-04 19:35:00,727 - ============================================================
2026-06-04 19:35:04,615 - Epoch 1/18 - Train Loss: 0.6782
2026-06-04 19:35:07,634 - Epoch 2/18 - Train Loss: 0.5829
2026-06-04 19:35:10,105 - Epoch 3/18 - Train Loss: 0.5306
2026-06-04 19:35:13,098 - Epoch 4/18 - Train Loss: 0.5086
2026-06-04 19:35:16,133 - Epoch 5/18 - Train Loss: 0.4861
2026-06-04 19:35:19,012 - Epoch 6/18 - Train Loss: 0.4655
2026-06-04 19:35:21,866 - Epoch 7/18 - Train Loss: 0.4400
2026-06-04 19:35:25,019 - Epoch 8/18 - Train Loss: 0.4263
2026-06-04 19:35:27,686 - Epoch 9/18 - Train Loss: 0.4137
2026-06-04 19:35:31,065 - Epoch 10/18 - Train Loss: 0.3951
2026-06-04 19:35:34,278 - Epoch 11/18 - Train Loss: 0.3831
2026-06-04 19:35:37,825 - Epoch 12/18 - Train Loss: 0.3691
2026-06-04 19:35:41,041 - Epoch 13/18 - Train Loss: 0.3640
2026-06-04 19:35:43,978 - Epoch 14/18 - Train Loss: 0.3452
2026-06-04 19:35:46,824 - Epoch 15/18 - Train Loss: 0.3321
2026-06-04 19:35:50,130 - Epoch 16/18 - Train Loss: 0.3284
2026-06-04 19:35:52,941 - Epoch 17/18 - Train Loss: 0.3217
2026-06-04 19:35:55,994 - Epoch 18/18 - Train Loss: 0.3017
2026-06-04 19:35:56,202 - 
GraphOnly Test Metrics:
2026-06-04 19:35:56,202 -   MCC       : 0.555
2026-06-04 19:35:56,202 -   SN        : 0.796
2026-06-04 19:35:56,202 -   SP        : 0.759
2026-06-04 19:35:56,202 -   ACC       : 0.778
2026-06-04 19:35:56,202 -   BACC      : 0.778
2026-06-04 19:35:56,202 -   PRECISION : 0.768
2026-06-04 19:35:56,202 -   F1        : 0.782
2026-06-04 19:35:56,202 -   AUC       : 0.846
2026-06-04 19:35:56,202 -   AUCPR     : 0.837
2026-06-04 19:35:56,203 - 
============================================================
2026-06-04 19:35:56,203 - Training: SeqOnly
2026-06-04 19:35:56,203 - ============================================================
2026-06-04 19:35:58,932 - Epoch 1/18 - Train Loss: 0.6913
2026-06-04 19:36:01,059 - Epoch 2/18 - Train Loss: 0.6283
2026-06-04 19:36:03,132 - Epoch 3/18 - Train Loss: 0.5473
2026-06-04 19:36:05,672 - Epoch 4/18 - Train Loss: 0.5066
2026-06-04 19:36:08,009 - Epoch 5/18 - Train Loss: 0.4801
2026-06-04 19:36:10,527 - Epoch 6/18 - Train Loss: 0.4549
2026-06-04 19:36:12,596 - Epoch 7/18 - Train Loss: 0.4281
2026-06-04 19:36:14,673 - Epoch 8/18 - Train Loss: 0.4018
2026-06-04 19:36:16,706 - Epoch 9/18 - Train Loss: 0.3662
2026-06-04 19:36:18,624 - Epoch 10/18 - Train Loss: 0.3330
2026-06-04 19:36:21,056 - Epoch 11/18 - Train Loss: 0.3014
2026-06-04 19:36:23,526 - Epoch 12/18 - Train Loss: 0.2669
2026-06-04 19:36:25,771 - Epoch 13/18 - Train Loss: 0.2299
2026-06-04 19:36:28,080 - Epoch 14/18 - Train Loss: 0.1897
2026-06-04 19:36:30,309 - Epoch 15/18 - Train Loss: 0.1667
2026-06-04 19:36:32,265 - Epoch 16/18 - Train Loss: 0.1509
2026-06-04 19:36:34,450 - Epoch 17/18 - Train Loss: 0.1232
2026-06-04 19:36:36,191 - Epoch 18/18 - Train Loss: 0.1144
2026-06-04 19:36:36,344 - 
SeqOnly Test Metrics:
2026-06-04 19:36:36,344 -   MCC       : 0.492
2026-06-04 19:36:36,344 -   SN        : 0.665
2026-06-04 19:36:36,344 -   SP        : 0.820
2026-06-04 19:36:36,344 -   ACC       : 0.743
2026-06-04 19:36:36,344 -   BACC      : 0.743
2026-06-04 19:36:36,344 -   PRECISION : 0.787
2026-06-04 19:36:36,344 -   F1        : 0.721
2026-06-04 19:36:36,344 -   AUC       : 0.820
2026-06-04 19:36:36,344 -   AUCPR     : 0.824
2026-06-04 19:36:36,344 - 
============================================================
2026-06-04 19:36:36,345 - ABLATION STUDY RESULTS SUMMARY
2026-06-04 19:36:36,345 - ============================================================
2026-06-04 19:36:36,345 - Model                      MCC        SN        SP       ACC      BACC PRECISION        F1       AUC     AUCPR
2026-06-04 19:36:36,345 - --------------------------------------------------------------------------------------------------------------
2026-06-04 19:36:36,345 - GraphOnly                0.555     0.796     0.759     0.778     0.778     0.768     0.782     0.846     0.837
2026-06-04 19:36:36,345 - SeqOnly                  0.492     0.665     0.820     0.743     0.743     0.787     0.721     0.820     0.824
2026-06-04 19:36:36,345 - 
============================================================
2026-06-04 19:36:36,345 - Results saved to: ablation_results/ablation_results.csv
