2026-04-27 00:13:47,681 - ==============================
2026-04-27 00:13:47,681 - KbhbXG Training
2026-04-27 00:13:47,681 - ==============================
2026-04-27 00:13:47,681 - Log file: log/training_20260427_001347_rice.log
2026-04-27 00:13:47,681 - Train samples (balanced): 1622
2026-04-27 00:13:47,681 - Independent test samples: 178
2026-04-27 00:13:47,682 - ********** Fold 1 **********
2026-04-27 00:14:00,240 - Fold metrics: mcc=0.6224 sn=0.8642 sp=0.7546 acc=0.8092 bacc=0.8094 precision=0.7778 f1=0.8187 auc=0.8748 aucpr=0.8575
2026-04-27 00:14:00,240 - ********** Fold 2 **********
2026-04-27 00:14:12,481 - Fold metrics: mcc=0.6495 sn=0.8405 sp=0.8086 acc=0.8246 bacc=0.8246 precision=0.8155 f1=0.8278 auc=0.9162 aucpr=0.9053
2026-04-27 00:14:12,481 - ********** Fold 3 **********
2026-04-27 00:14:24,699 - Fold metrics: mcc=0.6671 sn=0.8519 sp=0.8148 acc=0.8333 bacc=0.8333 precision=0.8214 f1=0.8364 auc=0.9119 aucpr=0.9008
2026-04-27 00:14:24,699 - ********** Fold 4 **********
2026-04-27 00:14:37,016 - Fold metrics: mcc=0.5741 sn=0.7901 sp=0.7840 acc=0.7870 bacc=0.7870 precision=0.7853 f1=0.7877 auc=0.8807 aucpr=0.8620
2026-04-27 00:14:37,016 - ********** Fold 5 **********
2026-04-27 00:14:49,703 - Fold metrics: mcc=0.6220 sn=0.8704 sp=0.7469 acc=0.8086 bacc=0.8086 precision=0.7747 f1=0.8198 auc=0.8957 aucpr=0.8757
2026-04-27 00:14:49,704 - 
2026-04-27 00:14:49,704 - CV metrics (mean +/- std):
2026-04-27 00:14:49,704 - mcc=0.6270+/-0.0315 sn=0.8434+/-0.0286 sp=0.7818+/-0.0275 acc=0.8126+/-0.0158 bacc=0.8126+/-0.0158 precision=0.7949+/-0.0196 f1=0.8181+/-0.0165 auc=0.8959+/-0.0164 aucpr=0.8803+/-0.0196
2026-04-27 00:15:03,503 - 
2026-04-27 00:15:03,503 - Independent test metrics:
2026-04-27 00:15:03,503 - mcc=0.6752 sn=0.8090 sp=0.8652 acc=0.8371 bacc=0.8371 precision=0.8571 f1=0.8324 auc=0.9297 aucpr=0.9255
2026-04-27 00:15:03,503 - Running time: 75.82s
