2026-06-03 23:16:49,667 - Log file: result/SLAM_rice/training_20260603_231649_SLAM_rice.log
2026-06-03 23:16:49,667 - Namespace(project_name='SLAM_rice', train='../../data/rice_train.fasta', test='../../data/rice_test.fasta', model='Models', result='result', PLM='../port_bert/', pdb_dir='/root/autodl-tmp/rice_pdb', epoch=200, learning_rate=0.0001, batch=256, cpu=4, gpu=0, emd_dim=32, hidden_dim=64, out_dim=32, gnn_layers=5, nneighbor=64, atom_type='CA', dropout=0.5, encoder='cnn,lstm,fea,gnn,plm', seed=0)
2026-06-03 23:16:49,668 - Random seed initialization: 0!
2026-06-03 23:16:56,258 - Train samples: 1622 | Test samples: 178
2026-06-03 23:17:57,234 - Model Trainable Parameter: 0.5575361251831055Mb
2026-06-03 23:18:01,628 - Epoch 1 | 4.3930s | Train | Loss: 0.612390
2026-06-03 23:18:05,523 - Epoch 2 | 3.8933s | Train | Loss: 0.609804
2026-06-03 23:18:09,294 - Epoch 3 | 3.7711s | Train | Loss: 0.608191
2026-06-03 23:18:13,179 - Epoch 4 | 3.8849s | Train | Loss: 0.609002
2026-06-03 23:18:16,871 - Epoch 5 | 3.6907s | Train | Loss: 0.605970
2026-06-03 23:18:20,828 - Epoch 6 | 3.9571s | Train | Loss: 0.608445
2026-06-03 23:18:25,869 - Epoch 7 | 5.0398s | Train | Loss: 0.607891
2026-06-03 23:18:29,601 - Epoch 8 | 3.7319s | Train | Loss: 0.605996
2026-06-03 23:18:34,494 - Epoch 9 | 4.8922s | Train | Loss: 0.606762
2026-06-03 23:18:38,837 - Epoch 10 | 4.3423s | Train | Loss: 0.607805
2026-06-03 23:18:43,698 - Epoch 11 | 4.8598s | Train | Loss: 0.607416
2026-06-03 23:18:48,198 - Epoch 12 | 4.4997s | Train | Loss: 0.607746
2026-06-03 23:18:52,453 - Epoch 13 | 4.2539s | Train | Loss: 0.606006
2026-06-03 23:18:56,424 - Epoch 14 | 3.9708s | Train | Loss: 0.607720
2026-06-03 23:19:00,261 - Epoch 15 | 3.8364s | Train | Loss: 0.605975
2026-06-03 23:19:04,231 - Epoch 16 | 3.9687s | Train | Loss: 0.606693
2026-06-03 23:19:08,205 - Epoch 17 | 3.9740s | Train | Loss: 0.607108
2026-06-03 23:19:12,063 - Epoch 18 | 3.8579s | Train | Loss: 0.608926
2026-06-03 23:19:15,926 - Epoch 19 | 3.8621s | Train | Loss: 0.605327
2026-06-03 23:19:19,767 - Epoch 20 | 3.8405s | Train | Loss: 0.608324
2026-06-03 23:19:23,946 - Epoch 21 | 4.1789s | Train | Loss: 0.607431
2026-06-03 23:19:27,888 - Epoch 22 | 3.9410s | Train | Loss: 0.607517
2026-06-03 23:19:31,787 - Epoch 23 | 3.8986s | Train | Loss: 0.607186
2026-06-03 23:19:35,389 - Epoch 24 | 3.6020s | Train | Loss: 0.605386
2026-06-03 23:19:39,044 - Epoch 25 | 3.6543s | Train | Loss: 0.605223
2026-06-03 23:19:42,958 - Epoch 26 | 3.9143s | Train | Loss: 0.603899
2026-06-03 23:19:46,661 - Epoch 27 | 3.7026s | Train | Loss: 0.605926
2026-06-03 23:19:50,371 - Epoch 28 | 3.7092s | Train | Loss: 0.605591
2026-06-03 23:19:54,349 - Epoch 29 | 3.9776s | Train | Loss: 0.602860
2026-06-03 23:19:58,288 - Epoch 30 | 3.9386s | Train | Loss: 0.605689
2026-06-03 23:20:02,405 - Epoch 31 | 4.1159s | Train | Loss: 0.607446
2026-06-03 23:20:06,364 - Epoch 32 | 3.9591s | Train | Loss: 0.603524
2026-06-03 23:20:10,366 - Epoch 33 | 4.0012s | Train | Loss: 0.604319
2026-06-03 23:20:14,359 - Epoch 34 | 3.9922s | Train | Loss: 0.603167
2026-06-03 23:20:18,144 - Epoch 35 | 3.7851s | Train | Loss: 0.605961
2026-06-03 23:20:22,117 - Epoch 36 | 3.9717s | Train | Loss: 0.603725
2026-06-03 23:20:25,908 - Epoch 37 | 3.7904s | Train | Loss: 0.601943
2026-06-03 23:20:29,838 - Epoch 38 | 3.9296s | Train | Loss: 0.602536
2026-06-03 23:20:33,603 - Epoch 39 | 3.7652s | Train | Loss: 0.602257
2026-06-03 23:20:37,563 - Epoch 40 | 3.9594s | Train | Loss: 0.603168
2026-06-03 23:20:41,556 - Epoch 41 | 3.9925s | Train | Loss: 0.600994
2026-06-03 23:20:45,579 - Epoch 42 | 4.0231s | Train | Loss: 0.596981
2026-06-03 23:20:49,606 - Epoch 43 | 4.0267s | Train | Loss: 0.603017
2026-06-03 23:20:53,319 - Epoch 44 | 3.7114s | Train | Loss: 0.599750
2026-06-03 23:20:57,024 - Epoch 45 | 3.7046s | Train | Loss: 0.593458
2026-06-03 23:21:00,973 - Epoch 46 | 3.9490s | Train | Loss: 0.599617
2026-06-03 23:21:04,975 - Epoch 47 | 4.0006s | Train | Loss: 0.595243
2026-06-03 23:21:08,894 - Epoch 48 | 3.9186s | Train | Loss: 0.592028
2026-06-03 23:21:12,795 - Epoch 49 | 3.9012s | Train | Loss: 0.594160
2026-06-03 23:21:16,835 - Epoch 50 | 4.0391s | Train | Loss: 0.588550
2026-06-03 23:21:20,745 - Epoch 51 | 3.9098s | Train | Loss: 0.591780
2026-06-03 23:21:24,550 - Epoch 52 | 3.8044s | Train | Loss: 0.582938
2026-06-03 23:21:28,649 - Epoch 53 | 4.0979s | Train | Loss: 0.583143
2026-06-03 23:21:32,270 - Epoch 54 | 3.6207s | Train | Loss: 0.581833
2026-06-03 23:21:36,204 - Epoch 55 | 3.9334s | Train | Loss: 0.575214
2026-06-03 23:21:40,164 - Epoch 56 | 3.9601s | Train | Loss: 0.577399
2026-06-03 23:21:44,073 - Epoch 57 | 3.9076s | Train | Loss: 0.568600
2026-06-03 23:21:47,971 - Epoch 58 | 3.8985s | Train | Loss: 0.571215
2026-06-03 23:21:51,927 - Epoch 59 | 3.9555s | Train | Loss: 0.576600
2026-06-03 23:21:55,688 - Epoch 60 | 3.7600s | Train | Loss: 0.571351
2026-06-03 23:21:59,464 - Epoch 61 | 3.7759s | Train | Loss: 0.561546
2026-06-03 23:22:03,435 - Epoch 62 | 3.9708s | Train | Loss: 0.558428
2026-06-03 23:22:07,408 - Epoch 63 | 3.9723s | Train | Loss: 0.551487
2026-06-03 23:22:11,233 - Epoch 64 | 3.8247s | Train | Loss: 0.555674
2026-06-03 23:22:14,929 - Epoch 65 | 3.6955s | Train | Loss: 0.542286
2026-06-03 23:22:18,833 - Epoch 66 | 3.9029s | Train | Loss: 0.543095
2026-06-03 23:22:22,739 - Epoch 67 | 3.9056s | Train | Loss: 0.533556
2026-06-03 23:22:27,041 - Epoch 68 | 4.3012s | Train | Loss: 0.537224
2026-06-03 23:22:31,283 - Epoch 69 | 4.2416s | Train | Loss: 0.518948
2026-06-03 23:22:35,460 - Epoch 70 | 4.1765s | Train | Loss: 0.514321
2026-06-03 23:22:39,374 - Epoch 71 | 3.9132s | Train | Loss: 0.511609
2026-06-03 23:22:43,302 - Epoch 72 | 3.9274s | Train | Loss: 0.510820
2026-06-03 23:22:47,297 - Epoch 73 | 3.9940s | Train | Loss: 0.503855
2026-06-03 23:22:51,222 - Epoch 74 | 3.9252s | Train | Loss: 0.495922
2026-06-03 23:22:55,050 - Epoch 75 | 3.8271s | Train | Loss: 0.490050
2026-06-03 23:22:58,677 - Epoch 76 | 3.6262s | Train | Loss: 0.494002
2026-06-03 23:23:02,480 - Epoch 77 | 3.8022s | Train | Loss: 0.498659
2026-06-03 23:23:06,537 - Epoch 78 | 4.0563s | Train | Loss: 0.486175
2026-06-03 23:23:10,322 - Epoch 79 | 3.7849s | Train | Loss: 0.486846
2026-06-03 23:23:14,245 - Epoch 80 | 3.9223s | Train | Loss: 0.463394
2026-06-03 23:23:18,185 - Epoch 81 | 3.9387s | Train | Loss: 0.457095
2026-06-03 23:23:22,165 - Epoch 82 | 3.9799s | Train | Loss: 0.459616
2026-06-03 23:23:26,350 - Epoch 83 | 4.1837s | Train | Loss: 0.458072
2026-06-03 23:23:30,180 - Epoch 84 | 3.8305s | Train | Loss: 0.445722
2026-06-03 23:23:34,035 - Epoch 85 | 3.8537s | Train | Loss: 0.453611
2026-06-03 23:23:38,123 - Epoch 86 | 4.0883s | Train | Loss: 0.457712
2026-06-03 23:23:42,030 - Epoch 87 | 3.9063s | Train | Loss: 0.436560
2026-06-03 23:23:46,070 - Epoch 88 | 4.0396s | Train | Loss: 0.442860
2026-06-03 23:23:50,127 - Epoch 89 | 4.0560s | Train | Loss: 0.451406
2026-06-03 23:23:53,966 - Epoch 90 | 3.8386s | Train | Loss: 0.451912
2026-06-03 23:23:57,788 - Epoch 91 | 3.8210s | Train | Loss: 0.429497
2026-06-03 23:24:01,828 - Epoch 92 | 4.0396s | Train | Loss: 0.422269
2026-06-03 23:24:05,710 - Epoch 93 | 3.8819s | Train | Loss: 0.433269
2026-06-03 23:24:09,529 - Epoch 94 | 3.8185s | Train | Loss: 0.428430
2026-06-03 23:24:13,190 - Epoch 95 | 3.6602s | Train | Loss: 0.413082
2026-06-03 23:24:17,040 - Epoch 96 | 3.8499s | Train | Loss: 0.411491
2026-06-03 23:24:20,704 - Epoch 97 | 3.6628s | Train | Loss: 0.406389
2026-06-03 23:24:24,749 - Epoch 98 | 4.0454s | Train | Loss: 0.416615
2026-06-03 23:24:28,754 - Epoch 99 | 4.0040s | Train | Loss: 0.420374
2026-06-03 23:24:32,917 - Epoch 100 | 4.1626s | Train | Loss: 0.422164
2026-06-03 23:24:36,914 - Epoch 101 | 3.9968s | Train | Loss: 0.397785
2026-06-03 23:24:40,877 - Epoch 102 | 3.9629s | Train | Loss: 0.393723
2026-06-03 23:24:44,480 - Epoch 103 | 3.6026s | Train | Loss: 0.409413
2026-06-03 23:24:48,084 - Epoch 104 | 3.6034s | Train | Loss: 0.406520
2026-06-03 23:24:51,942 - Epoch 105 | 3.8571s | Train | Loss: 0.397577
2026-06-03 23:24:55,627 - Epoch 106 | 3.6851s | Train | Loss: 0.399902
2026-06-03 23:24:59,442 - Epoch 107 | 3.8141s | Train | Loss: 0.389278
2026-06-03 23:25:03,374 - Epoch 108 | 3.9317s | Train | Loss: 0.379547
2026-06-03 23:25:07,301 - Epoch 109 | 3.9270s | Train | Loss: 0.405328
2026-06-03 23:25:11,458 - Epoch 110 | 4.1564s | Train | Loss: 0.389756
2026-06-03 23:25:15,760 - Epoch 111 | 4.3009s | Train | Loss: 0.381921
2026-06-03 23:25:19,711 - Epoch 112 | 3.9512s | Train | Loss: 0.380544
2026-06-03 23:25:23,591 - Epoch 113 | 3.8793s | Train | Loss: 0.397822
2026-06-03 23:25:27,224 - Epoch 114 | 3.6321s | Train | Loss: 0.382670
2026-06-03 23:25:31,203 - Epoch 115 | 3.9788s | Train | Loss: 0.377579
2026-06-03 23:25:34,915 - Epoch 116 | 3.7115s | Train | Loss: 0.389152
2026-06-03 23:25:38,717 - Epoch 117 | 3.8016s | Train | Loss: 0.378151
2026-06-03 23:25:42,808 - Epoch 118 | 4.0901s | Train | Loss: 0.363327
2026-06-03 23:25:46,850 - Epoch 119 | 4.0414s | Train | Loss: 0.371509
2026-06-03 23:25:50,843 - Epoch 120 | 3.9922s | Train | Loss: 0.381071
2026-06-03 23:25:54,902 - Epoch 121 | 4.0590s | Train | Loss: 0.376592
2026-06-03 23:25:59,072 - Epoch 122 | 4.1693s | Train | Loss: 0.367565
2026-06-03 23:26:03,027 - Epoch 123 | 3.9546s | Train | Loss: 0.355916
2026-06-03 23:26:07,070 - Epoch 124 | 4.0432s | Train | Loss: 0.359809
2026-06-03 23:26:11,037 - Epoch 125 | 3.9658s | Train | Loss: 0.338852
2026-06-03 23:26:14,977 - Epoch 126 | 3.9397s | Train | Loss: 0.367489
2026-06-03 23:26:18,839 - Epoch 127 | 3.8617s | Train | Loss: 0.353781
2026-06-03 23:26:22,636 - Epoch 128 | 3.7963s | Train | Loss: 0.341762
2026-06-03 23:26:26,553 - Epoch 129 | 3.9173s | Train | Loss: 0.351680
2026-06-03 23:26:30,503 - Epoch 130 | 3.9488s | Train | Loss: 0.348829
2026-06-03 23:26:34,272 - Epoch 131 | 3.7695s | Train | Loss: 0.349769
2026-06-03 23:26:38,049 - Epoch 132 | 3.7755s | Train | Loss: 0.353274
2026-06-03 23:26:42,032 - Epoch 133 | 3.9824s | Train | Loss: 0.340008
2026-06-03 23:26:45,953 - Epoch 134 | 3.9209s | Train | Loss: 0.361851
2026-06-03 23:26:50,029 - Epoch 135 | 4.0753s | Train | Loss: 0.331436
2026-06-03 23:26:53,835 - Epoch 136 | 3.8052s | Train | Loss: 0.357953
2026-06-03 23:26:57,783 - Epoch 137 | 3.9478s | Train | Loss: 0.338814
2026-06-03 23:27:01,641 - Epoch 138 | 3.8572s | Train | Loss: 0.337078
2026-06-03 23:27:05,301 - Epoch 139 | 3.6601s | Train | Loss: 0.328194
2026-06-03 23:27:09,516 - Epoch 140 | 4.2143s | Train | Loss: 0.328765
2026-06-03 23:27:13,303 - Epoch 141 | 3.7859s | Train | Loss: 0.323494
2026-06-03 23:27:16,854 - Epoch 142 | 3.5508s | Train | Loss: 0.331148
2026-06-03 23:27:20,676 - Epoch 143 | 3.8218s | Train | Loss: 0.337745
2026-06-03 23:27:24,696 - Epoch 144 | 4.0200s | Train | Loss: 0.331365
2026-06-03 23:27:28,674 - Epoch 145 | 3.9769s | Train | Loss: 0.343381
2026-06-03 23:27:32,268 - Epoch 146 | 3.5937s | Train | Loss: 0.324244
2026-06-03 23:27:36,140 - Epoch 147 | 3.8721s | Train | Loss: 0.343985
2026-06-03 23:27:39,757 - Epoch 148 | 3.6162s | Train | Loss: 0.321918
2026-06-03 23:27:43,892 - Epoch 149 | 4.1351s | Train | Loss: 0.331106
2026-06-03 23:27:47,820 - Epoch 150 | 3.9270s | Train | Loss: 0.316135
2026-06-03 23:27:51,616 - Epoch 151 | 3.7958s | Train | Loss: 0.323504
2026-06-03 23:27:55,503 - Epoch 152 | 3.8862s | Train | Loss: 0.323933
2026-06-03 23:27:59,194 - Epoch 153 | 3.6903s | Train | Loss: 0.306661
2026-06-03 23:28:02,867 - Epoch 154 | 3.6726s | Train | Loss: 0.326264
2026-06-03 23:28:06,849 - Epoch 155 | 3.9821s | Train | Loss: 0.297435
2026-06-03 23:28:10,711 - Epoch 156 | 3.8615s | Train | Loss: 0.315383
2026-06-03 23:28:14,789 - Epoch 157 | 4.0769s | Train | Loss: 0.304665
2026-06-03 23:28:18,983 - Epoch 158 | 4.1939s | Train | Loss: 0.306866
2026-06-03 23:28:22,758 - Epoch 159 | 3.7740s | Train | Loss: 0.298258
2026-06-03 23:28:26,792 - Epoch 160 | 4.0338s | Train | Loss: 0.295392
2026-06-03 23:28:30,939 - Epoch 161 | 4.1467s | Train | Loss: 0.315093
2026-06-03 23:28:34,877 - Epoch 162 | 3.9381s | Train | Loss: 0.303983
2026-06-03 23:28:38,854 - Epoch 163 | 3.9765s | Train | Loss: 0.293857
2026-06-03 23:28:42,794 - Epoch 164 | 3.9387s | Train | Loss: 0.301434
2026-06-03 23:28:46,915 - Epoch 165 | 4.1209s | Train | Loss: 0.291231
2026-06-03 23:28:50,684 - Epoch 166 | 3.7681s | Train | Loss: 0.289428
2026-06-03 23:28:54,764 - Epoch 167 | 4.0797s | Train | Loss: 0.307092
2026-06-03 23:28:58,750 - Epoch 168 | 3.9852s | Train | Loss: 0.307338
2026-06-03 23:29:02,535 - Epoch 169 | 3.7854s | Train | Loss: 0.292936
2026-06-03 23:29:06,269 - Epoch 170 | 3.7331s | Train | Loss: 0.299891
2026-06-03 23:29:10,100 - Epoch 171 | 3.8300s | Train | Loss: 0.291143
2026-06-03 23:29:13,920 - Epoch 172 | 3.8196s | Train | Loss: 0.292357
2026-06-03 23:29:17,747 - Epoch 173 | 3.8264s | Train | Loss: 0.287727
2026-06-03 23:29:21,530 - Epoch 174 | 3.7829s | Train | Loss: 0.293121
2026-06-03 23:29:25,220 - Epoch 175 | 3.6890s | Train | Loss: 0.283823
2026-06-03 23:29:29,261 - Epoch 176 | 4.0403s | Train | Loss: 0.273889
2026-06-03 23:29:33,243 - Epoch 177 | 3.9824s | Train | Loss: 0.285088
2026-06-03 23:29:37,334 - Epoch 178 | 4.0899s | Train | Loss: 0.272978
2026-06-03 23:29:41,122 - Epoch 179 | 3.7876s | Train | Loss: 0.298617
2026-06-03 23:29:44,987 - Epoch 180 | 3.8644s | Train | Loss: 0.286144
2026-06-03 23:29:48,946 - Epoch 181 | 3.9591s | Train | Loss: 0.287530
2026-06-03 23:29:52,847 - Epoch 182 | 3.9005s | Train | Loss: 0.280309
2026-06-03 23:29:56,855 - Epoch 183 | 4.0071s | Train | Loss: 0.267461
2026-06-03 23:30:00,782 - Epoch 184 | 3.9264s | Train | Loss: 0.272820
2026-06-03 23:30:04,694 - Epoch 185 | 3.9121s | Train | Loss: 0.289679
2026-06-03 23:30:08,594 - Epoch 186 | 3.8994s | Train | Loss: 0.282732
2026-06-03 23:30:12,516 - Epoch 187 | 3.9210s | Train | Loss: 0.270571
2026-06-03 23:30:16,486 - Epoch 188 | 3.9695s | Train | Loss: 0.273506
2026-06-03 23:30:20,349 - Epoch 189 | 3.8621s | Train | Loss: 0.272142
2026-06-03 23:30:24,109 - Epoch 190 | 3.7600s | Train | Loss: 0.273672
2026-06-03 23:30:27,950 - Epoch 191 | 3.8401s | Train | Loss: 0.294848
2026-06-03 23:30:31,777 - Epoch 192 | 3.8263s | Train | Loss: 0.266547
2026-06-03 23:30:35,359 - Epoch 193 | 3.5816s | Train | Loss: 0.287301
2026-06-03 23:30:39,347 - Epoch 194 | 3.9881s | Train | Loss: 0.294244
2026-06-03 23:30:43,546 - Epoch 195 | 4.1977s | Train | Loss: 0.298686
2026-06-03 23:30:47,350 - Epoch 196 | 3.8039s | Train | Loss: 0.262986
2026-06-03 23:30:51,218 - Epoch 197 | 3.8674s | Train | Loss: 0.263412
2026-06-03 23:30:55,270 - Epoch 198 | 4.0522s | Train | Loss: 0.280901
2026-06-03 23:30:59,089 - Epoch 199 | 3.8184s | Train | Loss: 0.260969
2026-06-03 23:31:02,890 - Epoch 200 | 3.8003s | Train | Loss: 0.269535
2026-06-03 23:31:03,167 - Model saved to: Models/SLAM_rice/SLAM_rice.pt
2026-06-03 23:31:05,036 - 
===== Test Results =====
2026-06-03 23:31:05,036 - Test metrics
2026-06-03 23:31:05,037 - ACC:0.860 | BACC:0.860 | SN:0.921 | SP:0.798 | Precision:0.820 | F1:0.868 | MCC:0.725 | AUC:0.955 | AUCPR:0.952 | TN:71 FP:18 FN:7 TP:82

