2026-06-03 12:03:51,820 - ==============================
2026-06-03 12:03:51,820 - DeepKbhb PepNet Training
2026-06-03 12:03:51,820 - ==============================
2026-06-03 12:03:51,820 - Log file: log/training_20260603_120351_DeepKbhb_rice.log
2026-06-03 12:03:51,820 - Device: cuda
2026-06-03 12:03:51,820 - Train samples: 1622
2026-06-03 12:03:51,820 - Test samples: 178
2026-06-03 12:03:51,821 - Batch size: 128
2026-06-03 12:03:51,821 - Epochs: 30
2026-06-03 12:03:53,511 - Epoch 01/30 | Train Loss: 0.7537
2026-06-03 12:03:53,667 - Epoch 02/30 | Train Loss: 0.6883
2026-06-03 12:03:53,823 - Epoch 03/30 | Train Loss: 0.6300
2026-06-03 12:03:53,981 - Epoch 04/30 | Train Loss: 0.5719
2026-06-03 12:03:54,138 - Epoch 05/30 | Train Loss: 0.5192
2026-06-03 12:03:54,310 - Epoch 06/30 | Train Loss: 0.4590
2026-06-03 12:03:54,486 - Epoch 07/30 | Train Loss: 0.4106
2026-06-03 12:03:54,665 - Epoch 08/30 | Train Loss: 0.3910
2026-06-03 12:03:54,844 - Epoch 09/30 | Train Loss: 0.3481
2026-06-03 12:03:55,023 - Epoch 10/30 | Train Loss: 0.3104
2026-06-03 12:03:55,203 - Epoch 11/30 | Train Loss: 0.2794
2026-06-03 12:03:55,382 - Epoch 12/30 | Train Loss: 0.2493
2026-06-03 12:03:55,562 - Epoch 13/30 | Train Loss: 0.2228
2026-06-03 12:03:55,736 - Epoch 14/30 | Train Loss: 0.2050
2026-06-03 12:03:55,912 - Epoch 15/30 | Train Loss: 0.1784
2026-06-03 12:03:56,090 - Epoch 16/30 | Train Loss: 0.1623
2026-06-03 12:03:56,278 - Epoch 17/30 | Train Loss: 0.1474
2026-06-03 12:03:56,464 - Epoch 18/30 | Train Loss: 0.1405
2026-06-03 12:03:56,658 - Epoch 19/30 | Train Loss: 0.1160
2026-06-03 12:03:56,849 - Epoch 20/30 | Train Loss: 0.1031
2026-06-03 12:03:57,034 - Epoch 21/30 | Train Loss: 0.0928
2026-06-03 12:03:57,228 - Epoch 22/30 | Train Loss: 0.0859
2026-06-03 12:03:57,434 - Epoch 23/30 | Train Loss: 0.0770
2026-06-03 12:03:57,617 - Epoch 24/30 | Train Loss: 0.0642
2026-06-03 12:03:57,795 - Epoch 25/30 | Train Loss: 0.0590
2026-06-03 12:03:57,974 - Epoch 26/30 | Train Loss: 0.0536
2026-06-03 12:03:58,151 - Epoch 27/30 | Train Loss: 0.0516
2026-06-03 12:03:58,334 - Epoch 28/30 | Train Loss: 0.0464
2026-06-03 12:03:58,516 - Epoch 29/30 | Train Loss: 0.0433
2026-06-03 12:03:58,699 - Epoch 30/30 | Train Loss: 0.0379
2026-06-03 12:03:58,736 - Training complete. Model saved to: model/model.pth
2026-06-03 12:03:58,782 - 
2026-06-03 12:03:58,782 - ========== Test Results ==========
2026-06-03 12:03:58,782 - Test: MCC=0.585 SN=0.775 SP=0.809 ACC=0.792 BACC=0.792 PRECISION=0.802 F1=0.789 AUC=0.875 AUCPR=0.855
