2026-04-27 00:32:02,175 - ==============================
2026-04-27 00:32:02,175 - DeepKbhb PepNet Training
2026-04-27 00:32:02,175 - ==============================
2026-04-27 00:32:02,175 - Log file: log/training_20260427_003201_rice.log
2026-04-27 00:32:02,175 - Device: cuda
2026-04-27 00:32:02,175 - Train samples: 1622
2026-04-27 00:32:02,175 - Test samples: 178
2026-04-27 00:32:02,176 - Batch size: 128
2026-04-27 00:32:02,176 - Epochs: 30
2026-04-27 00:32:02,176 - CV folds: 5
2026-04-27 00:32:02,177 - 
2026-04-27 00:32:02,177 - ========== Fold 1/5 ==========
2026-04-27 00:32:03,936 - Fold 1 | Epoch 01/30 | Train Loss: 0.7508 | Val Loss: 0.7032 | Val Acc: 0.5046
2026-04-27 00:32:04,103 - Fold 1 | Epoch 02/30 | Train Loss: 0.7289 | Val Loss: 0.6390 | Val Acc: 0.6215
2026-04-27 00:32:04,272 - Fold 1 | Epoch 03/30 | Train Loss: 0.6631 | Val Loss: 0.6107 | Val Acc: 0.6769
2026-04-27 00:32:04,432 - Fold 1 | Epoch 04/30 | Train Loss: 0.6158 | Val Loss: 0.5598 | Val Acc: 0.7200
2026-04-27 00:32:04,597 - Fold 1 | Epoch 05/30 | Train Loss: 0.5819 | Val Loss: 0.5245 | Val Acc: 0.7477
2026-04-27 00:32:04,771 - Fold 1 | Epoch 06/30 | Train Loss: 0.5523 | Val Loss: 0.5074 | Val Acc: 0.7538
2026-04-27 00:32:04,946 - Fold 1 | Epoch 07/30 | Train Loss: 0.4946 | Val Loss: 0.4904 | Val Acc: 0.7754
2026-04-27 00:32:05,115 - Fold 1 | Epoch 08/30 | Train Loss: 0.4612 | Val Loss: 0.4779 | Val Acc: 0.7662
2026-04-27 00:32:05,272 - Fold 1 | Epoch 09/30 | Train Loss: 0.4189 | Val Loss: 0.4660 | Val Acc: 0.7692
2026-04-27 00:32:05,429 - Fold 1 | Epoch 10/30 | Train Loss: 0.3961 | Val Loss: 0.4540 | Val Acc: 0.7908
2026-04-27 00:32:05,583 - Fold 1 | Epoch 11/30 | Train Loss: 0.3664 | Val Loss: 0.4640 | Val Acc: 0.7662
2026-04-27 00:32:05,714 - Fold 1 | Epoch 12/30 | Train Loss: 0.3623 | Val Loss: 0.4877 | Val Acc: 0.7446
2026-04-27 00:32:05,848 - Fold 1 | Epoch 13/30 | Train Loss: 0.3242 | Val Loss: 0.4434 | Val Acc: 0.7877
2026-04-27 00:32:06,009 - Fold 1 | Epoch 14/30 | Train Loss: 0.2999 | Val Loss: 0.4495 | Val Acc: 0.8000
2026-04-27 00:32:06,140 - Fold 1 | Epoch 15/30 | Train Loss: 0.2803 | Val Loss: 0.4378 | Val Acc: 0.7908
2026-04-27 00:32:06,294 - Fold 1 | Epoch 16/30 | Train Loss: 0.2720 | Val Loss: 0.4378 | Val Acc: 0.7846
2026-04-27 00:32:06,447 - Fold 1 | Epoch 17/30 | Train Loss: 0.2461 | Val Loss: 0.4395 | Val Acc: 0.7846
2026-04-27 00:32:06,577 - Fold 1 | Epoch 18/30 | Train Loss: 0.2440 | Val Loss: 0.4515 | Val Acc: 0.7846
2026-04-27 00:32:06,703 - Fold 1 | Epoch 19/30 | Train Loss: 0.2268 | Val Loss: 0.4511 | Val Acc: 0.7938
2026-04-27 00:32:06,829 - Fold 1 | Epoch 20/30 | Train Loss: 0.2017 | Val Loss: 0.4619 | Val Acc: 0.7969
2026-04-27 00:32:06,956 - Fold 1 | Epoch 21/30 | Train Loss: 0.1846 | Val Loss: 0.4695 | Val Acc: 0.7846
2026-04-27 00:32:07,084 - Fold 1 | Epoch 22/30 | Train Loss: 0.1659 | Val Loss: 0.4899 | Val Acc: 0.7938
2026-04-27 00:32:07,210 - Fold 1 | Epoch 23/30 | Train Loss: 0.1559 | Val Loss: 0.4894 | Val Acc: 0.7908
2026-04-27 00:32:07,338 - Fold 1 | Epoch 24/30 | Train Loss: 0.1494 | Val Loss: 0.5023 | Val Acc: 0.7938
2026-04-27 00:32:07,471 - Fold 1 | Epoch 25/30 | Train Loss: 0.1272 | Val Loss: 0.5239 | Val Acc: 0.8031
2026-04-27 00:32:07,598 - Fold 1 | Epoch 26/30 | Train Loss: 0.1093 | Val Loss: 0.5294 | Val Acc: 0.7846
2026-04-27 00:32:07,725 - Fold 1 | Epoch 27/30 | Train Loss: 0.1086 | Val Loss: 0.5244 | Val Acc: 0.7938
2026-04-27 00:32:07,854 - Fold 1 | Epoch 28/30 | Train Loss: 0.0996 | Val Loss: 0.5442 | Val Acc: 0.7908
2026-04-27 00:32:07,987 - Fold 1 | Epoch 29/30 | Train Loss: 0.0842 | Val Loss: 0.5343 | Val Acc: 0.7846
2026-04-27 00:32:08,144 - Fold 1 | Epoch 30/30 | Train Loss: 0.0825 | Val Loss: 0.5407 | Val Acc: 0.8000
2026-04-27 00:32:08,260 - Fold 1 best val loss: 0.4378, saved to: model/fold_1.pth
2026-04-27 00:32:08,260 - Fold 1 metrics: MCC=0.5769 SN=0.7055 SP=0.8642 ACC=0.7846 BACC=0.7849 PRECISION=0.8394 F1=0.7667 AUC=0.8894 AUCPR=0.8670
2026-04-27 00:32:08,260 - 
2026-04-27 00:32:08,260 - ========== Fold 2/5 ==========
2026-04-27 00:32:08,473 - Fold 2 | Epoch 01/30 | Train Loss: 0.7197 | Val Loss: 0.6573 | Val Acc: 0.5692
2026-04-27 00:32:08,658 - Fold 2 | Epoch 02/30 | Train Loss: 0.6771 | Val Loss: 0.6342 | Val Acc: 0.6308
2026-04-27 00:32:08,836 - Fold 2 | Epoch 03/30 | Train Loss: 0.6343 | Val Loss: 0.6200 | Val Acc: 0.6646
2026-04-27 00:32:09,020 - Fold 2 | Epoch 04/30 | Train Loss: 0.5939 | Val Loss: 0.5909 | Val Acc: 0.6985
2026-04-27 00:32:09,197 - Fold 2 | Epoch 05/30 | Train Loss: 0.5544 | Val Loss: 0.5777 | Val Acc: 0.7262
2026-04-27 00:32:09,376 - Fold 2 | Epoch 06/30 | Train Loss: 0.4984 | Val Loss: 0.5799 | Val Acc: 0.7538
2026-04-27 00:32:09,525 - Fold 2 | Epoch 07/30 | Train Loss: 0.4656 | Val Loss: 0.5666 | Val Acc: 0.7446
2026-04-27 00:32:09,706 - Fold 2 | Epoch 08/30 | Train Loss: 0.4377 | Val Loss: 0.5808 | Val Acc: 0.7508
2026-04-27 00:32:09,842 - Fold 2 | Epoch 09/30 | Train Loss: 0.4075 | Val Loss: 0.5840 | Val Acc: 0.7538
2026-04-27 00:32:09,986 - Fold 2 | Epoch 10/30 | Train Loss: 0.3620 | Val Loss: 0.6349 | Val Acc: 0.7446
2026-04-27 00:32:10,137 - Fold 2 | Epoch 11/30 | Train Loss: 0.3848 | Val Loss: 0.6403 | Val Acc: 0.7385
2026-04-27 00:32:10,298 - Fold 2 | Epoch 12/30 | Train Loss: 0.3342 | Val Loss: 0.5867 | Val Acc: 0.7415
2026-04-27 00:32:10,474 - Fold 2 | Epoch 13/30 | Train Loss: 0.3101 | Val Loss: 0.5922 | Val Acc: 0.7354
2026-04-27 00:32:10,623 - Fold 2 | Epoch 14/30 | Train Loss: 0.2905 | Val Loss: 0.6051 | Val Acc: 0.7538
2026-04-27 00:32:10,783 - Fold 2 | Epoch 15/30 | Train Loss: 0.2788 | Val Loss: 0.6411 | Val Acc: 0.7569
2026-04-27 00:32:10,943 - Fold 2 | Epoch 16/30 | Train Loss: 0.2636 | Val Loss: 0.6523 | Val Acc: 0.7631
2026-04-27 00:32:11,115 - Fold 2 | Epoch 17/30 | Train Loss: 0.2419 | Val Loss: 0.6602 | Val Acc: 0.7538
2026-04-27 00:32:11,288 - Fold 2 | Epoch 18/30 | Train Loss: 0.2343 | Val Loss: 0.6621 | Val Acc: 0.7354
2026-04-27 00:32:11,451 - Fold 2 | Epoch 19/30 | Train Loss: 0.2419 | Val Loss: 0.6675 | Val Acc: 0.7477
2026-04-27 00:32:11,617 - Fold 2 | Epoch 20/30 | Train Loss: 0.2086 | Val Loss: 0.6823 | Val Acc: 0.7538
2026-04-27 00:32:11,777 - Fold 2 | Epoch 21/30 | Train Loss: 0.1883 | Val Loss: 0.7077 | Val Acc: 0.7569
2026-04-27 00:32:11,943 - Fold 2 | Epoch 22/30 | Train Loss: 0.1907 | Val Loss: 0.7216 | Val Acc: 0.7569
2026-04-27 00:32:12,103 - Fold 2 | Epoch 23/30 | Train Loss: 0.1609 | Val Loss: 0.7325 | Val Acc: 0.7538
2026-04-27 00:32:12,266 - Fold 2 | Epoch 24/30 | Train Loss: 0.1561 | Val Loss: 0.7134 | Val Acc: 0.7600
2026-04-27 00:32:12,437 - Fold 2 | Epoch 25/30 | Train Loss: 0.1485 | Val Loss: 0.7472 | Val Acc: 0.7600
2026-04-27 00:32:12,587 - Fold 2 | Epoch 26/30 | Train Loss: 0.1315 | Val Loss: 0.7585 | Val Acc: 0.7600
2026-04-27 00:32:12,742 - Fold 2 | Epoch 27/30 | Train Loss: 0.1306 | Val Loss: 0.8096 | Val Acc: 0.7662
2026-04-27 00:32:12,880 - Fold 2 | Epoch 28/30 | Train Loss: 0.1268 | Val Loss: 0.7725 | Val Acc: 0.7477
2026-04-27 00:32:13,027 - Fold 2 | Epoch 29/30 | Train Loss: 0.1199 | Val Loss: 0.7976 | Val Acc: 0.7446
2026-04-27 00:32:13,163 - Fold 2 | Epoch 30/30 | Train Loss: 0.1166 | Val Loss: 0.7144 | Val Acc: 0.7354
2026-04-27 00:32:13,247 - Fold 2 best val loss: 0.5666, saved to: model/fold_2.pth
2026-04-27 00:32:13,247 - Fold 2 metrics: MCC=0.4897 SN=0.7654 SP=0.7239 ACC=0.7446 BACC=0.7447 PRECISION=0.7337 F1=0.7492 AUC=0.8028 AUCPR=0.7631
2026-04-27 00:32:13,247 - 
2026-04-27 00:32:13,247 - ========== Fold 3/5 ==========
2026-04-27 00:32:13,497 - Fold 3 | Epoch 01/30 | Train Loss: 0.7549 | Val Loss: 0.6816 | Val Acc: 0.6142
2026-04-27 00:32:13,667 - Fold 3 | Epoch 02/30 | Train Loss: 0.6891 | Val Loss: 0.6502 | Val Acc: 0.6759
2026-04-27 00:32:13,839 - Fold 3 | Epoch 03/30 | Train Loss: 0.6430 | Val Loss: 0.6174 | Val Acc: 0.6759
2026-04-27 00:32:14,006 - Fold 3 | Epoch 04/30 | Train Loss: 0.5961 | Val Loss: 0.6059 | Val Acc: 0.6975
2026-04-27 00:32:14,176 - Fold 3 | Epoch 05/30 | Train Loss: 0.5458 | Val Loss: 0.5640 | Val Acc: 0.7160
2026-04-27 00:32:14,343 - Fold 3 | Epoch 06/30 | Train Loss: 0.5042 | Val Loss: 0.5493 | Val Acc: 0.7346
2026-04-27 00:32:14,513 - Fold 3 | Epoch 07/30 | Train Loss: 0.4710 | Val Loss: 0.5882 | Val Acc: 0.7222
2026-04-27 00:32:14,650 - Fold 3 | Epoch 08/30 | Train Loss: 0.4409 | Val Loss: 0.5799 | Val Acc: 0.7377
2026-04-27 00:32:14,800 - Fold 3 | Epoch 09/30 | Train Loss: 0.4203 | Val Loss: 0.5421 | Val Acc: 0.7623
2026-04-27 00:32:14,981 - Fold 3 | Epoch 10/30 | Train Loss: 0.4055 | Val Loss: 0.5394 | Val Acc: 0.7716
2026-04-27 00:32:15,164 - Fold 3 | Epoch 11/30 | Train Loss: 0.3798 | Val Loss: 0.5025 | Val Acc: 0.7747
2026-04-27 00:32:15,345 - Fold 3 | Epoch 12/30 | Train Loss: 0.3471 | Val Loss: 0.5376 | Val Acc: 0.7593
2026-04-27 00:32:15,497 - Fold 3 | Epoch 13/30 | Train Loss: 0.3170 | Val Loss: 0.5289 | Val Acc: 0.7840
2026-04-27 00:32:15,635 - Fold 3 | Epoch 14/30 | Train Loss: 0.2859 | Val Loss: 0.5133 | Val Acc: 0.7809
2026-04-27 00:32:15,774 - Fold 3 | Epoch 15/30 | Train Loss: 0.2941 | Val Loss: 0.5475 | Val Acc: 0.7747
2026-04-27 00:32:15,918 - Fold 3 | Epoch 16/30 | Train Loss: 0.3025 | Val Loss: 0.5785 | Val Acc: 0.7685
2026-04-27 00:32:16,073 - Fold 3 | Epoch 17/30 | Train Loss: 0.2614 | Val Loss: 0.4977 | Val Acc: 0.7963
2026-04-27 00:32:16,242 - Fold 3 | Epoch 18/30 | Train Loss: 0.2229 | Val Loss: 0.5324 | Val Acc: 0.7778
2026-04-27 00:32:16,390 - Fold 3 | Epoch 19/30 | Train Loss: 0.2046 | Val Loss: 0.5537 | Val Acc: 0.7685
2026-04-27 00:32:16,526 - Fold 3 | Epoch 20/30 | Train Loss: 0.1918 | Val Loss: 0.5483 | Val Acc: 0.7778
2026-04-27 00:32:16,664 - Fold 3 | Epoch 21/30 | Train Loss: 0.1742 | Val Loss: 0.5840 | Val Acc: 0.7531
2026-04-27 00:32:16,800 - Fold 3 | Epoch 22/30 | Train Loss: 0.1754 | Val Loss: 0.6054 | Val Acc: 0.7500
2026-04-27 00:32:16,939 - Fold 3 | Epoch 23/30 | Train Loss: 0.1474 | Val Loss: 0.5581 | Val Acc: 0.7562
2026-04-27 00:32:17,086 - Fold 3 | Epoch 24/30 | Train Loss: 0.1503 | Val Loss: 0.5596 | Val Acc: 0.7562
2026-04-27 00:32:17,238 - Fold 3 | Epoch 25/30 | Train Loss: 0.1361 | Val Loss: 0.5951 | Val Acc: 0.7593
2026-04-27 00:32:17,379 - Fold 3 | Epoch 26/30 | Train Loss: 0.1306 | Val Loss: 0.5575 | Val Acc: 0.7654
2026-04-27 00:32:17,527 - Fold 3 | Epoch 27/30 | Train Loss: 0.1150 | Val Loss: 0.5659 | Val Acc: 0.7654
2026-04-27 00:32:17,666 - Fold 3 | Epoch 28/30 | Train Loss: 0.1017 | Val Loss: 0.6176 | Val Acc: 0.7531
2026-04-27 00:32:17,813 - Fold 3 | Epoch 29/30 | Train Loss: 0.1004 | Val Loss: 0.5716 | Val Acc: 0.7500
2026-04-27 00:32:17,953 - Fold 3 | Epoch 30/30 | Train Loss: 0.1047 | Val Loss: 0.5873 | Val Acc: 0.7623
2026-04-27 00:32:18,034 - Fold 3 best val loss: 0.4977, saved to: model/fold_3.pth
2026-04-27 00:32:18,034 - Fold 3 metrics: MCC=0.5937 SN=0.7654 SP=0.8272 ACC=0.7963 BACC=0.7963 PRECISION=0.8158 F1=0.7898 AUC=0.8535 AUCPR=0.8486
2026-04-27 00:32:18,034 - 
2026-04-27 00:32:18,034 - ========== Fold 4/5 ==========
2026-04-27 00:32:18,238 - Fold 4 | Epoch 01/30 | Train Loss: 0.7571 | Val Loss: 0.6586 | Val Acc: 0.5309
2026-04-27 00:32:18,421 - Fold 4 | Epoch 02/30 | Train Loss: 0.6695 | Val Loss: 0.6082 | Val Acc: 0.5802
2026-04-27 00:32:18,597 - Fold 4 | Epoch 03/30 | Train Loss: 0.6304 | Val Loss: 0.5648 | Val Acc: 0.6481
2026-04-27 00:32:18,769 - Fold 4 | Epoch 04/30 | Train Loss: 0.5847 | Val Loss: 0.5301 | Val Acc: 0.6883
2026-04-27 00:32:18,952 - Fold 4 | Epoch 05/30 | Train Loss: 0.5308 | Val Loss: 0.5020 | Val Acc: 0.7037
2026-04-27 00:32:19,123 - Fold 4 | Epoch 06/30 | Train Loss: 0.5021 | Val Loss: 0.4842 | Val Acc: 0.7438
2026-04-27 00:32:19,300 - Fold 4 | Epoch 07/30 | Train Loss: 0.4599 | Val Loss: 0.4664 | Val Acc: 0.7593
2026-04-27 00:32:19,466 - Fold 4 | Epoch 08/30 | Train Loss: 0.4311 | Val Loss: 0.4527 | Val Acc: 0.7593
2026-04-27 00:32:19,631 - Fold 4 | Epoch 09/30 | Train Loss: 0.3907 | Val Loss: 0.4321 | Val Acc: 0.7932
2026-04-27 00:32:19,811 - Fold 4 | Epoch 10/30 | Train Loss: 0.4012 | Val Loss: 0.4250 | Val Acc: 0.8025
2026-04-27 00:32:19,982 - Fold 4 | Epoch 11/30 | Train Loss: 0.3613 | Val Loss: 0.4155 | Val Acc: 0.7994
2026-04-27 00:32:20,169 - Fold 4 | Epoch 12/30 | Train Loss: 0.3215 | Val Loss: 0.4186 | Val Acc: 0.7932
2026-04-27 00:32:20,307 - Fold 4 | Epoch 13/30 | Train Loss: 0.3093 | Val Loss: 0.4143 | Val Acc: 0.7994
2026-04-27 00:32:20,486 - Fold 4 | Epoch 14/30 | Train Loss: 0.2881 | Val Loss: 0.4178 | Val Acc: 0.7994
2026-04-27 00:32:20,624 - Fold 4 | Epoch 15/30 | Train Loss: 0.2667 | Val Loss: 0.4201 | Val Acc: 0.8056
2026-04-27 00:32:20,761 - Fold 4 | Epoch 16/30 | Train Loss: 0.2677 | Val Loss: 0.4251 | Val Acc: 0.8086
2026-04-27 00:32:20,939 - Fold 4 | Epoch 17/30 | Train Loss: 0.2286 | Val Loss: 0.4301 | Val Acc: 0.8179
2026-04-27 00:32:21,207 - Fold 4 | Epoch 18/30 | Train Loss: 0.2131 | Val Loss: 0.4417 | Val Acc: 0.8117
2026-04-27 00:32:21,485 - Fold 4 | Epoch 19/30 | Train Loss: 0.2025 | Val Loss: 0.4486 | Val Acc: 0.7994
2026-04-27 00:32:21,633 - Fold 4 | Epoch 20/30 | Train Loss: 0.1847 | Val Loss: 0.4670 | Val Acc: 0.7932
2026-04-27 00:32:21,782 - Fold 4 | Epoch 21/30 | Train Loss: 0.1579 | Val Loss: 0.4690 | Val Acc: 0.7963
2026-04-27 00:32:21,932 - Fold 4 | Epoch 22/30 | Train Loss: 0.1519 | Val Loss: 0.4703 | Val Acc: 0.7870
2026-04-27 00:32:22,076 - Fold 4 | Epoch 23/30 | Train Loss: 0.1361 | Val Loss: 0.4632 | Val Acc: 0.8117
2026-04-27 00:32:22,212 - Fold 4 | Epoch 24/30 | Train Loss: 0.1268 | Val Loss: 0.4781 | Val Acc: 0.8086
2026-04-27 00:32:22,354 - Fold 4 | Epoch 25/30 | Train Loss: 0.1370 | Val Loss: 0.4822 | Val Acc: 0.7901
2026-04-27 00:32:22,528 - Fold 4 | Epoch 26/30 | Train Loss: 0.1208 | Val Loss: 0.4921 | Val Acc: 0.8056
2026-04-27 00:32:22,687 - Fold 4 | Epoch 27/30 | Train Loss: 0.1166 | Val Loss: 0.4858 | Val Acc: 0.8086
2026-04-27 00:32:22,839 - Fold 4 | Epoch 28/30 | Train Loss: 0.1022 | Val Loss: 0.5000 | Val Acc: 0.8302
2026-04-27 00:32:22,984 - Fold 4 | Epoch 29/30 | Train Loss: 0.0981 | Val Loss: 0.4556 | Val Acc: 0.8302
2026-04-27 00:32:23,121 - Fold 4 | Epoch 30/30 | Train Loss: 0.0886 | Val Loss: 0.4805 | Val Acc: 0.8272
2026-04-27 00:32:23,206 - Fold 4 best val loss: 0.4143, saved to: model/fold_4.pth
2026-04-27 00:32:23,206 - Fold 4 metrics: MCC=0.5993 SN=0.7778 SP=0.8210 ACC=0.7994 BACC=0.7994 PRECISION=0.8129 F1=0.7950 AUC=0.8909 AUCPR=0.8760
2026-04-27 00:32:23,207 - 
2026-04-27 00:32:23,207 - ========== Fold 5/5 ==========
2026-04-27 00:32:23,413 - Fold 5 | Epoch 01/30 | Train Loss: 0.7359 | Val Loss: 0.6926 | Val Acc: 0.5586
2026-04-27 00:32:23,593 - Fold 5 | Epoch 02/30 | Train Loss: 0.7064 | Val Loss: 0.6682 | Val Acc: 0.6327
2026-04-27 00:32:23,775 - Fold 5 | Epoch 03/30 | Train Loss: 0.6297 | Val Loss: 0.6309 | Val Acc: 0.6543
2026-04-27 00:32:23,968 - Fold 5 | Epoch 04/30 | Train Loss: 0.6101 | Val Loss: 0.5956 | Val Acc: 0.6975
2026-04-27 00:32:24,154 - Fold 5 | Epoch 05/30 | Train Loss: 0.5737 | Val Loss: 0.5858 | Val Acc: 0.7160
2026-04-27 00:32:24,338 - Fold 5 | Epoch 06/30 | Train Loss: 0.5371 | Val Loss: 0.5919 | Val Acc: 0.7253
2026-04-27 00:32:24,498 - Fold 5 | Epoch 07/30 | Train Loss: 0.4652 | Val Loss: 0.5710 | Val Acc: 0.7469
2026-04-27 00:32:24,809 - Fold 5 | Epoch 08/30 | Train Loss: 0.4460 | Val Loss: 0.5445 | Val Acc: 0.7654
2026-04-27 00:32:24,994 - Fold 5 | Epoch 09/30 | Train Loss: 0.4109 | Val Loss: 0.5235 | Val Acc: 0.7932
2026-04-27 00:32:25,172 - Fold 5 | Epoch 10/30 | Train Loss: 0.3933 | Val Loss: 0.5069 | Val Acc: 0.8056
2026-04-27 00:32:25,345 - Fold 5 | Epoch 11/30 | Train Loss: 0.3706 | Val Loss: 0.4829 | Val Acc: 0.8025
2026-04-27 00:32:25,530 - Fold 5 | Epoch 12/30 | Train Loss: 0.3316 | Val Loss: 0.4744 | Val Acc: 0.8179
2026-04-27 00:32:25,709 - Fold 5 | Epoch 13/30 | Train Loss: 0.3309 | Val Loss: 0.4783 | Val Acc: 0.8148
2026-04-27 00:32:25,857 - Fold 5 | Epoch 14/30 | Train Loss: 0.2933 | Val Loss: 0.4902 | Val Acc: 0.7963
2026-04-27 00:32:26,002 - Fold 5 | Epoch 15/30 | Train Loss: 0.2810 | Val Loss: 0.4853 | Val Acc: 0.8056
2026-04-27 00:32:26,148 - Fold 5 | Epoch 16/30 | Train Loss: 0.2626 | Val Loss: 0.4811 | Val Acc: 0.8086
2026-04-27 00:32:26,298 - Fold 5 | Epoch 17/30 | Train Loss: 0.2367 | Val Loss: 0.4724 | Val Acc: 0.8117
2026-04-27 00:32:26,467 - Fold 5 | Epoch 18/30 | Train Loss: 0.2477 | Val Loss: 0.4787 | Val Acc: 0.8148
2026-04-27 00:32:26,651 - Fold 5 | Epoch 19/30 | Train Loss: 0.2182 | Val Loss: 0.4689 | Val Acc: 0.8117
2026-04-27 00:32:26,823 - Fold 5 | Epoch 20/30 | Train Loss: 0.2102 | Val Loss: 0.4987 | Val Acc: 0.7809
2026-04-27 00:32:26,958 - Fold 5 | Epoch 21/30 | Train Loss: 0.1852 | Val Loss: 0.5262 | Val Acc: 0.7963
2026-04-27 00:32:27,093 - Fold 5 | Epoch 22/30 | Train Loss: 0.1759 | Val Loss: 0.5080 | Val Acc: 0.8025
2026-04-27 00:32:27,235 - Fold 5 | Epoch 23/30 | Train Loss: 0.1598 | Val Loss: 0.5058 | Val Acc: 0.7932
2026-04-27 00:32:27,407 - Fold 5 | Epoch 24/30 | Train Loss: 0.1420 | Val Loss: 0.4854 | Val Acc: 0.7870
2026-04-27 00:32:27,567 - Fold 5 | Epoch 25/30 | Train Loss: 0.1607 | Val Loss: 0.5136 | Val Acc: 0.8056
2026-04-27 00:32:27,704 - Fold 5 | Epoch 26/30 | Train Loss: 0.1303 | Val Loss: 0.5607 | Val Acc: 0.7901
2026-04-27 00:32:27,839 - Fold 5 | Epoch 27/30 | Train Loss: 0.1083 | Val Loss: 0.5508 | Val Acc: 0.7963
2026-04-27 00:32:27,977 - Fold 5 | Epoch 28/30 | Train Loss: 0.1092 | Val Loss: 0.5214 | Val Acc: 0.7870
2026-04-27 00:32:28,131 - Fold 5 | Epoch 29/30 | Train Loss: 0.0951 | Val Loss: 0.5342 | Val Acc: 0.7840
2026-04-27 00:32:28,289 - Fold 5 | Epoch 30/30 | Train Loss: 0.0925 | Val Loss: 0.5425 | Val Acc: 0.7840
2026-04-27 00:32:28,385 - Fold 5 best val loss: 0.4689, saved to: model/fold_5.pth
2026-04-27 00:32:28,385 - Fold 5 metrics: MCC=0.6240 SN=0.7901 SP=0.8333 ACC=0.8117 BACC=0.8117 PRECISION=0.8258 F1=0.8076 AUC=0.8754 AUCPR=0.8653
2026-04-27 00:32:28,386 - 
2026-04-27 00:32:28,386 - Cross-Validation Metrics (mean +/- std):
2026-04-27 00:32:28,386 - MCC=0.5767+/-0.0461 SN=0.7609+/-0.0291 SP=0.8139+/-0.0474 ACC=0.7873+/-0.0230 BACC=0.7874+/-0.0230 PRECISION=0.8055+/-0.0371 F1=0.7816+/-0.0209 AUC=0.8624+/-0.0327 AUCPR=0.8440+/-0.0414
2026-04-27 00:32:28,755 - ========== Ensemble Test Results ==========
2026-04-27 00:32:28,756 - Detailed Metrics: MCC=0.6419 SN=0.7865 SP=0.8539 ACC=0.8202 BACC=0.8202 PRECISION=0.8434 F1=0.8140 AUC=0.8991 AUCPR=0.8842
