2026-06-09 18:14:48,754 - Log file: result/SLAM_rice/training_20260609_181448_SLAM_rice.log
2026-06-09 18:14:48,754 - Namespace(project_name='SLAM_rice', train='../../data/rice_train.fasta', test='../../data/rice_test.fasta', model='Models', result='result', PLM='../port_bert/', pdb_dir='/root/autodl-tmp/rice_pdb', epoch=200, learning_rate=0.0001, batch=256, cpu=4, gpu=0, emd_dim=32, hidden_dim=64, out_dim=32, gnn_layers=5, nneighbor=64, atom_type='CA', dropout=0.5, encoder='cnn,lstm,fea,gnn,plm', seed=0, patience=10, min_delta=0.0, monitor='loss', val_ratio=0.1)
2026-06-09 18:14:48,755 - Random seed initialization: 0!
2026-06-09 18:14:52,440 - Train samples: 1460 | Validation samples: 162
2026-06-09 18:15:19,747 - Test samples: 178
2026-06-09 18:19:28,283 - Model Trainable Parameter: 0.6611738204956055Mb
2026-06-09 18:19:28,287 - Early stopping: patience=10, min_delta=0.0, monitor=loss
2026-06-09 18:19:34,514 - Epoch 1 | 6.2267s | Train | Loss: 0.594611
2026-06-09 18:19:36,142 - Epoch 1 | 1.6079s | Val | Loss: 0.348004 | Acc: 0.4877 | AUC: 0.5551
2026-06-09 18:19:41,602 -   -> New best loss: 0.348004 at epoch 1
2026-06-09 18:19:46,800 - Epoch 2 | 5.1982s | Train | Loss: 0.595602
2026-06-09 18:19:48,737 - Epoch 2 | 1.9256s | Val | Loss: 0.347887 | Acc: 0.4877 | AUC: 0.5830
2026-06-09 18:19:54,013 -   -> New best loss: 0.347887 at epoch 2
2026-06-09 18:19:59,436 - Epoch 3 | 5.4222s | Train | Loss: 0.593344
2026-06-09 18:20:01,711 - Epoch 3 | 2.2602s | Val | Loss: 0.347797 | Acc: 0.4877 | AUC: 0.5664
2026-06-09 18:20:07,014 -   -> New best loss: 0.347797 at epoch 3
2026-06-09 18:20:12,496 - Epoch 4 | 5.4818s | Train | Loss: 0.591770
2026-06-09 18:20:14,765 - Epoch 4 | 2.2563s | Val | Loss: 0.347456 | Acc: 0.4877 | AUC: 0.5916
2026-06-09 18:20:20,100 -   -> New best loss: 0.347456 at epoch 4
2026-06-09 18:20:25,545 - Epoch 5 | 5.4439s | Train | Loss: 0.592270
2026-06-09 18:20:27,812 - Epoch 5 | 2.2629s | Val | Loss: 0.346952 | Acc: 0.4877 | AUC: 0.6198
2026-06-09 18:20:35,307 -   -> New best loss: 0.346952 at epoch 5
2026-06-09 18:20:40,835 - Epoch 6 | 5.5265s | Train | Loss: 0.592507
2026-06-09 18:20:43,184 - Epoch 6 | 2.3442s | Val | Loss: 0.346648 | Acc: 0.4877 | AUC: 0.6512
2026-06-09 18:20:50,311 -   -> New best loss: 0.346648 at epoch 6
2026-06-09 18:20:55,875 - Epoch 7 | 5.5638s | Train | Loss: 0.588967
2026-06-09 18:20:58,222 - Epoch 7 | 2.3419s | Val | Loss: 0.346302 | Acc: 0.4877 | AUC: 0.6790
2026-06-09 18:21:04,927 -   -> New best loss: 0.346302 at epoch 7
2026-06-09 18:21:10,510 - Epoch 8 | 5.5821s | Train | Loss: 0.588948
2026-06-09 18:21:12,859 - Epoch 8 | 2.3443s | Val | Loss: 0.345898 | Acc: 0.4877 | AUC: 0.6948
2026-06-09 18:21:19,029 -   -> New best loss: 0.345898 at epoch 8
2026-06-09 18:21:24,445 - Epoch 9 | 5.4162s | Train | Loss: 0.588663
2026-06-09 18:21:26,744 - Epoch 9 | 2.2917s | Val | Loss: 0.345497 | Acc: 0.4877 | AUC: 0.7107
2026-06-09 18:21:33,208 -   -> New best loss: 0.345497 at epoch 9
2026-06-09 18:21:38,620 - Epoch 10 | 5.4114s | Train | Loss: 0.587622
2026-06-09 18:21:40,909 - Epoch 10 | 2.2838s | Val | Loss: 0.344973 | Acc: 0.4877 | AUC: 0.7323
2026-06-09 18:21:46,889 -   -> New best loss: 0.344973 at epoch 10
2026-06-09 18:21:52,396 - Epoch 11 | 5.5054s | Train | Loss: 0.584465
2026-06-09 18:21:54,738 - Epoch 11 | 2.3273s | Val | Loss: 0.344606 | Acc: 0.4877 | AUC: 0.7468
2026-06-09 18:22:02,312 -   -> New best loss: 0.344606 at epoch 11
2026-06-09 18:22:07,945 - Epoch 12 | 5.6324s | Train | Loss: 0.586024
2026-06-09 18:22:10,284 - Epoch 12 | 2.3248s | Val | Loss: 0.343798 | Acc: 0.4938 | AUC: 0.7624
2026-06-09 18:22:15,986 -   -> New best loss: 0.343798 at epoch 12
2026-06-09 18:22:21,530 - Epoch 13 | 5.5431s | Train | Loss: 0.583971
2026-06-09 18:22:23,863 - Epoch 13 | 2.3291s | Val | Loss: 0.343062 | Acc: 0.6543 | AUC: 0.7523
2026-06-09 18:22:30,209 -   -> New best loss: 0.343062 at epoch 13
2026-06-09 18:22:35,852 - Epoch 14 | 5.6424s | Train | Loss: 0.580945
2026-06-09 18:22:38,159 - Epoch 14 | 2.2936s | Val | Loss: 0.342574 | Acc: 0.6728 | AUC: 0.7595
2026-06-09 18:22:45,506 -   -> New best loss: 0.342574 at epoch 14
2026-06-09 18:22:51,140 - Epoch 15 | 5.6331s | Train | Loss: 0.578914
2026-06-09 18:22:53,548 - Epoch 15 | 2.3955s | Val | Loss: 0.341051 | Acc: 0.6420 | AUC: 0.7432
2026-06-09 18:23:00,495 -   -> New best loss: 0.341051 at epoch 15
2026-06-09 18:23:05,987 - Epoch 16 | 5.4909s | Train | Loss: 0.578964
2026-06-09 18:23:08,364 - Epoch 16 | 2.3642s | Val | Loss: 0.342495 | Acc: 0.4938 | AUC: 0.7578
2026-06-09 18:23:08,365 -   -> No improvement. Patience: 1/10
2026-06-09 18:23:13,702 - Epoch 17 | 5.3373s | Train | Loss: 0.574186
2026-06-09 18:23:16,001 - Epoch 17 | 2.2939s | Val | Loss: 0.338171 | Acc: 0.6790 | AUC: 0.7359
2026-06-09 18:23:23,715 -   -> New best loss: 0.338171 at epoch 17
2026-06-09 18:23:29,811 - Epoch 18 | 6.0951s | Train | Loss: 0.574825
2026-06-09 18:23:32,598 - Epoch 18 | 2.7718s | Val | Loss: 0.336318 | Acc: 0.6296 | AUC: 0.7043
2026-06-09 18:23:40,513 -   -> New best loss: 0.336318 at epoch 18
2026-06-09 18:23:46,293 - Epoch 19 | 5.7063s | Train | Loss: 0.571822
2026-06-09 18:23:48,732 - Epoch 19 | 2.4243s | Val | Loss: 0.344960 | Acc: 0.4877 | AUC: 0.7488
2026-06-09 18:23:48,732 -   -> No improvement. Patience: 1/10
2026-06-09 18:23:54,224 - Epoch 20 | 5.4916s | Train | Loss: 0.568768
2026-06-09 18:23:56,801 - Epoch 20 | 2.5638s | Val | Loss: 0.333298 | Acc: 0.6420 | AUC: 0.7176
2026-06-09 18:24:03,827 -   -> New best loss: 0.333298 at epoch 20
2026-06-09 18:24:09,341 - Epoch 21 | 5.5136s | Train | Loss: 0.567012
2026-06-09 18:24:11,613 - Epoch 21 | 2.2591s | Val | Loss: 0.332994 | Acc: 0.6296 | AUC: 0.7307
2026-06-09 18:24:16,617 -   -> New best loss: 0.332994 at epoch 21
2026-06-09 18:24:22,081 - Epoch 22 | 5.4641s | Train | Loss: 0.565737
2026-06-09 18:24:24,436 - Epoch 22 | 2.3491s | Val | Loss: 0.338285 | Acc: 0.5556 | AUC: 0.7517
2026-06-09 18:24:24,436 -   -> No improvement. Patience: 1/10
2026-06-09 18:24:29,878 - Epoch 23 | 5.4415s | Train | Loss: 0.558782
2026-06-09 18:24:32,211 - Epoch 23 | 2.3209s | Val | Loss: 0.329615 | Acc: 0.6358 | AUC: 0.7593
2026-06-09 18:24:37,320 -   -> New best loss: 0.329615 at epoch 23
2026-06-09 18:24:42,823 - Epoch 24 | 5.5027s | Train | Loss: 0.560128
2026-06-09 18:24:45,194 - Epoch 24 | 2.3584s | Val | Loss: 0.332914 | Acc: 0.5864 | AUC: 0.7694
2026-06-09 18:24:45,194 -   -> No improvement. Patience: 1/10
2026-06-09 18:24:50,738 - Epoch 25 | 5.5436s | Train | Loss: 0.549984
2026-06-09 18:24:53,188 - Epoch 25 | 2.4377s | Val | Loss: 0.331774 | Acc: 0.5988 | AUC: 0.7322
2026-06-09 18:24:53,189 -   -> No improvement. Patience: 2/10
2026-06-09 18:24:58,630 - Epoch 26 | 5.4415s | Train | Loss: 0.551435
2026-06-09 18:25:00,954 - Epoch 26 | 2.3114s | Val | Loss: 0.326812 | Acc: 0.6667 | AUC: 0.7664
2026-06-09 18:25:04,889 -   -> New best loss: 0.326812 at epoch 26
2026-06-09 18:25:10,435 - Epoch 27 | 5.5448s | Train | Loss: 0.548110
2026-06-09 18:25:12,797 - Epoch 27 | 2.3501s | Val | Loss: 0.322104 | Acc: 0.7160 | AUC: 0.7717
2026-06-09 18:25:19,524 -   -> New best loss: 0.322104 at epoch 27
2026-06-09 18:25:25,016 - Epoch 28 | 5.4912s | Train | Loss: 0.545103
2026-06-09 18:25:27,288 - Epoch 28 | 2.2655s | Val | Loss: 0.335567 | Acc: 0.5617 | AUC: 0.7552
2026-06-09 18:25:27,288 -   -> No improvement. Patience: 1/10
2026-06-09 18:25:32,807 - Epoch 29 | 5.5185s | Train | Loss: 0.537182
2026-06-09 18:25:35,094 - Epoch 29 | 2.2747s | Val | Loss: 0.333427 | Acc: 0.5679 | AUC: 0.7638
2026-06-09 18:25:35,094 -   -> No improvement. Patience: 2/10
2026-06-09 18:25:40,469 - Epoch 30 | 5.3744s | Train | Loss: 0.530161
2026-06-09 18:25:42,733 - Epoch 30 | 2.2521s | Val | Loss: 0.316321 | Acc: 0.7346 | AUC: 0.8084
2026-06-09 18:25:47,987 -   -> New best loss: 0.316321 at epoch 30
2026-06-09 18:25:53,527 - Epoch 31 | 5.5391s | Train | Loss: 0.533498
2026-06-09 18:25:55,896 - Epoch 31 | 2.3545s | Val | Loss: 0.312768 | Acc: 0.7160 | AUC: 0.7807
2026-06-09 18:26:02,407 -   -> New best loss: 0.312768 at epoch 31
2026-06-09 18:26:07,899 - Epoch 32 | 5.4908s | Train | Loss: 0.520221
2026-06-09 18:26:10,174 - Epoch 32 | 2.2609s | Val | Loss: 0.328073 | Acc: 0.5988 | AUC: 0.7885
2026-06-09 18:26:10,175 -   -> No improvement. Patience: 1/10
2026-06-09 18:26:15,598 - Epoch 33 | 5.4225s | Train | Loss: 0.518649
2026-06-09 18:26:17,933 - Epoch 33 | 2.3268s | Val | Loss: 0.309932 | Acc: 0.6852 | AUC: 0.7786
2026-06-09 18:26:23,316 -   -> New best loss: 0.309932 at epoch 33
2026-06-09 18:26:28,823 - Epoch 34 | 5.5064s | Train | Loss: 0.514275
2026-06-09 18:26:31,096 - Epoch 34 | 2.2604s | Val | Loss: 0.302610 | Acc: 0.7407 | AUC: 0.8097
2026-06-09 18:26:36,032 -   -> New best loss: 0.302610 at epoch 34
2026-06-09 18:26:41,459 - Epoch 35 | 5.4262s | Train | Loss: 0.513809
2026-06-09 18:26:43,714 - Epoch 35 | 2.2500s | Val | Loss: 0.298652 | Acc: 0.7469 | AUC: 0.8173
2026-06-09 18:26:49,306 -   -> New best loss: 0.298652 at epoch 35
2026-06-09 18:26:54,776 - Epoch 36 | 5.4688s | Train | Loss: 0.503866
2026-06-09 18:26:57,163 - Epoch 36 | 2.3737s | Val | Loss: 0.303305 | Acc: 0.6728 | AUC: 0.8052
2026-06-09 18:26:57,163 -   -> No improvement. Patience: 1/10
2026-06-09 18:27:02,507 - Epoch 37 | 5.3441s | Train | Loss: 0.490345
2026-06-09 18:27:04,864 - Epoch 37 | 2.3443s | Val | Loss: 0.399632 | Acc: 0.4877 | AUC: 0.7889
2026-06-09 18:27:04,864 -   -> No improvement. Patience: 2/10
2026-06-09 18:27:10,318 - Epoch 38 | 5.4530s | Train | Loss: 0.491002
2026-06-09 18:27:12,673 - Epoch 38 | 2.3405s | Val | Loss: 0.291502 | Acc: 0.7160 | AUC: 0.8185
2026-06-09 18:27:19,325 -   -> New best loss: 0.291502 at epoch 38
2026-06-09 18:27:24,933 - Epoch 39 | 5.6076s | Train | Loss: 0.474794
2026-06-09 18:27:27,288 - Epoch 39 | 2.3427s | Val | Loss: 0.284075 | Acc: 0.7407 | AUC: 0.8287
2026-06-09 18:27:33,091 -   -> New best loss: 0.284075 at epoch 39
2026-06-09 18:27:38,651 - Epoch 40 | 5.5587s | Train | Loss: 0.462821
2026-06-09 18:27:41,012 - Epoch 40 | 2.3457s | Val | Loss: 0.275491 | Acc: 0.7222 | AUC: 0.8280
2026-06-09 18:27:46,107 -   -> New best loss: 0.275491 at epoch 40
2026-06-09 18:27:51,647 - Epoch 41 | 5.5398s | Train | Loss: 0.468163
2026-06-09 18:27:53,976 - Epoch 41 | 2.3148s | Val | Loss: 0.277158 | Acc: 0.7222 | AUC: 0.8350
2026-06-09 18:27:53,977 -   -> No improvement. Patience: 1/10
2026-06-09 18:27:59,547 - Epoch 42 | 5.5702s | Train | Loss: 0.448028
2026-06-09 18:28:01,874 - Epoch 42 | 2.3147s | Val | Loss: 0.270382 | Acc: 0.7346 | AUC: 0.8383
2026-06-09 18:28:07,111 -   -> New best loss: 0.270382 at epoch 42
2026-06-09 18:28:12,608 - Epoch 43 | 5.4958s | Train | Loss: 0.443832
2026-06-09 18:28:14,890 - Epoch 43 | 2.2779s | Val | Loss: 0.270349 | Acc: 0.7222 | AUC: 0.8437
2026-06-09 18:28:21,608 -   -> New best loss: 0.270349 at epoch 43
2026-06-09 18:28:27,185 - Epoch 44 | 5.5754s | Train | Loss: 0.433725
2026-06-09 18:28:29,462 - Epoch 44 | 2.2650s | Val | Loss: 0.277468 | Acc: 0.7222 | AUC: 0.8426
2026-06-09 18:28:29,463 -   -> No improvement. Patience: 1/10
2026-06-09 18:28:34,866 - Epoch 45 | 5.4035s | Train | Loss: 0.432913
2026-06-09 18:28:37,211 - Epoch 45 | 2.3321s | Val | Loss: 0.255971 | Acc: 0.7469 | AUC: 0.8496
2026-06-09 18:28:43,507 -   -> New best loss: 0.255971 at epoch 45
2026-06-09 18:28:49,012 - Epoch 46 | 5.5045s | Train | Loss: 0.428542
2026-06-09 18:28:51,333 - Epoch 46 | 2.3063s | Val | Loss: 0.272260 | Acc: 0.7160 | AUC: 0.8534
2026-06-09 18:28:51,333 -   -> No improvement. Patience: 1/10
2026-06-09 18:28:56,745 - Epoch 47 | 5.4120s | Train | Loss: 0.416901
2026-06-09 18:28:59,025 - Epoch 47 | 2.2758s | Val | Loss: 0.293676 | Acc: 0.6728 | AUC: 0.8571
2026-06-09 18:28:59,026 -   -> No improvement. Patience: 2/10
2026-06-09 18:29:04,515 - Epoch 48 | 5.4897s | Train | Loss: 0.409076
2026-06-09 18:29:06,768 - Epoch 48 | 2.2470s | Val | Loss: 0.255224 | Acc: 0.7407 | AUC: 0.8573
2026-06-09 18:29:11,805 -   -> New best loss: 0.255224 at epoch 48
2026-06-09 18:29:17,243 - Epoch 49 | 5.4376s | Train | Loss: 0.400247
2026-06-09 18:29:19,544 - Epoch 49 | 2.2888s | Val | Loss: 0.244987 | Acc: 0.7531 | AUC: 0.8582
2026-06-09 18:29:24,206 -   -> New best loss: 0.244987 at epoch 49
2026-06-09 18:29:29,793 - Epoch 50 | 5.5857s | Train | Loss: 0.408931
2026-06-09 18:29:32,065 - Epoch 50 | 2.2588s | Val | Loss: 0.241115 | Acc: 0.7531 | AUC: 0.8667
2026-06-09 18:29:38,004 -   -> New best loss: 0.241115 at epoch 50
2026-06-09 18:29:43,568 - Epoch 51 | 5.5634s | Train | Loss: 0.390542
2026-06-09 18:29:45,921 - Epoch 51 | 2.3382s | Val | Loss: 0.252976 | Acc: 0.7407 | AUC: 0.8673
2026-06-09 18:29:45,921 -   -> No improvement. Patience: 1/10
2026-06-09 18:29:51,443 - Epoch 52 | 5.5219s | Train | Loss: 0.371103
2026-06-09 18:29:53,793 - Epoch 52 | 2.3369s | Val | Loss: 0.244512 | Acc: 0.7716 | AUC: 0.8701
2026-06-09 18:29:53,793 -   -> No improvement. Patience: 2/10
2026-06-09 18:29:59,222 - Epoch 53 | 5.4286s | Train | Loss: 0.381077
2026-06-09 18:30:01,544 - Epoch 53 | 2.3097s | Val | Loss: 0.237253 | Acc: 0.7716 | AUC: 0.8724
2026-06-09 18:30:06,999 -   -> New best loss: 0.237253 at epoch 53
2026-06-09 18:30:12,518 - Epoch 54 | 5.5182s | Train | Loss: 0.363510
2026-06-09 18:30:14,820 - Epoch 54 | 2.2972s | Val | Loss: 0.237813 | Acc: 0.7716 | AUC: 0.8725
2026-06-09 18:30:14,820 -   -> No improvement. Patience: 1/10
2026-06-09 18:30:20,269 - Epoch 55 | 5.4484s | Train | Loss: 0.367258
2026-06-09 18:30:22,649 - Epoch 55 | 2.3682s | Val | Loss: 0.282367 | Acc: 0.7222 | AUC: 0.8737
2026-06-09 18:30:22,650 -   -> No improvement. Patience: 2/10
2026-06-09 18:30:28,109 - Epoch 56 | 5.4586s | Train | Loss: 0.361527
2026-06-09 18:30:30,430 - Epoch 56 | 2.3171s | Val | Loss: 0.225592 | Acc: 0.7531 | AUC: 0.8762
2026-06-09 18:30:37,007 -   -> New best loss: 0.225592 at epoch 56
2026-06-09 18:30:42,763 - Epoch 57 | 5.7552s | Train | Loss: 0.376669
2026-06-09 18:30:45,011 - Epoch 57 | 2.2351s | Val | Loss: 0.324856 | Acc: 0.6605 | AUC: 0.8791
2026-06-09 18:30:45,011 -   -> No improvement. Patience: 1/10
2026-06-09 18:30:50,486 - Epoch 58 | 5.4747s | Train | Loss: 0.362519
2026-06-09 18:30:52,766 - Epoch 58 | 2.2680s | Val | Loss: 0.229900 | Acc: 0.7901 | AUC: 0.8874
2026-06-09 18:30:52,766 -   -> No improvement. Patience: 2/10
2026-06-09 18:30:58,128 - Epoch 59 | 5.3615s | Train | Loss: 0.366475
2026-06-09 18:31:00,427 - Epoch 59 | 2.2860s | Val | Loss: 0.228661 | Acc: 0.7778 | AUC: 0.8871
2026-06-09 18:31:00,428 -   -> No improvement. Patience: 3/10
2026-06-09 18:31:05,810 - Epoch 60 | 5.3825s | Train | Loss: 0.347329
2026-06-09 18:31:08,188 - Epoch 60 | 2.3646s | Val | Loss: 0.220594 | Acc: 0.7840 | AUC: 0.8903
2026-06-09 18:31:15,002 -   -> New best loss: 0.220594 at epoch 60
2026-06-09 18:31:20,598 - Epoch 61 | 5.5953s | Train | Loss: 0.331269
2026-06-09 18:31:22,978 - Epoch 61 | 2.3676s | Val | Loss: 0.224796 | Acc: 0.7901 | AUC: 0.8910
2026-06-09 18:31:22,978 -   -> No improvement. Patience: 1/10
2026-06-09 18:31:28,446 - Epoch 62 | 5.4678s | Train | Loss: 0.333508
2026-06-09 18:31:30,745 - Epoch 62 | 2.2864s | Val | Loss: 0.216949 | Acc: 0.7901 | AUC: 0.8929
2026-06-09 18:31:36,904 -   -> New best loss: 0.216949 at epoch 62
2026-06-09 18:31:42,490 - Epoch 63 | 5.5850s | Train | Loss: 0.325819
2026-06-09 18:31:44,839 - Epoch 63 | 2.3344s | Val | Loss: 0.215069 | Acc: 0.7840 | AUC: 0.8957
2026-06-09 18:31:49,109 -   -> New best loss: 0.215069 at epoch 63
2026-06-09 18:31:54,659 - Epoch 64 | 5.5495s | Train | Loss: 0.335837
2026-06-09 18:31:57,021 - Epoch 64 | 2.3507s | Val | Loss: 0.209769 | Acc: 0.8025 | AUC: 0.8974
2026-06-09 18:32:02,888 -   -> New best loss: 0.209769 at epoch 64
2026-06-09 18:32:08,466 - Epoch 65 | 5.5767s | Train | Loss: 0.332240
2026-06-09 18:32:10,898 - Epoch 65 | 2.4171s | Val | Loss: 0.223372 | Acc: 0.7840 | AUC: 0.8968
2026-06-09 18:32:10,898 -   -> No improvement. Patience: 1/10
2026-06-09 18:32:16,438 - Epoch 66 | 5.5396s | Train | Loss: 0.326812
2026-06-09 18:32:18,799 - Epoch 66 | 2.3486s | Val | Loss: 0.217132 | Acc: 0.7840 | AUC: 0.8975
2026-06-09 18:32:18,799 -   -> No improvement. Patience: 2/10
2026-06-09 18:32:24,325 - Epoch 67 | 5.5258s | Train | Loss: 0.333602
2026-06-09 18:32:26,660 - Epoch 67 | 2.3295s | Val | Loss: 0.204967 | Acc: 0.8025 | AUC: 0.9004
2026-06-09 18:32:33,305 -   -> New best loss: 0.204967 at epoch 67
2026-06-09 18:32:38,841 - Epoch 68 | 5.5346s | Train | Loss: 0.320169
2026-06-09 18:32:41,202 - Epoch 68 | 2.3464s | Val | Loss: 0.250480 | Acc: 0.7778 | AUC: 0.9041
2026-06-09 18:32:41,203 -   -> No improvement. Patience: 1/10
2026-06-09 18:32:46,978 - Epoch 69 | 5.7748s | Train | Loss: 0.324187
2026-06-09 18:32:49,740 - Epoch 69 | 2.7480s | Val | Loss: 0.209867 | Acc: 0.8025 | AUC: 0.9061
2026-06-09 18:32:49,741 -   -> No improvement. Patience: 2/10
2026-06-09 18:32:55,231 - Epoch 70 | 5.4903s | Train | Loss: 0.307097
2026-06-09 18:32:57,525 - Epoch 70 | 2.2887s | Val | Loss: 0.217341 | Acc: 0.7963 | AUC: 0.9047
2026-06-09 18:32:57,525 -   -> No improvement. Patience: 3/10
2026-06-09 18:33:02,957 - Epoch 71 | 5.4314s | Train | Loss: 0.320052
2026-06-09 18:33:05,276 - Epoch 71 | 2.3069s | Val | Loss: 0.201023 | Acc: 0.8148 | AUC: 0.9082
2026-06-09 18:33:11,402 -   -> New best loss: 0.201023 at epoch 71
2026-06-09 18:33:16,983 - Epoch 72 | 5.5796s | Train | Loss: 0.306711
2026-06-09 18:33:19,252 - Epoch 72 | 2.2639s | Val | Loss: 0.207303 | Acc: 0.7963 | AUC: 0.9093
2026-06-09 18:33:19,252 -   -> No improvement. Patience: 1/10
2026-06-09 18:33:24,695 - Epoch 73 | 5.4431s | Train | Loss: 0.293607
2026-06-09 18:33:27,058 - Epoch 73 | 2.3506s | Val | Loss: 0.200156 | Acc: 0.8148 | AUC: 0.9120
2026-06-09 18:33:31,402 -   -> New best loss: 0.200156 at epoch 73
2026-06-09 18:33:37,020 - Epoch 74 | 5.6171s | Train | Loss: 0.306812
2026-06-09 18:33:39,321 - Epoch 74 | 2.2883s | Val | Loss: 0.195277 | Acc: 0.8210 | AUC: 0.9144
2026-06-09 18:33:43,805 -   -> New best loss: 0.195277 at epoch 74
2026-06-09 18:33:49,419 - Epoch 75 | 5.6132s | Train | Loss: 0.297117
2026-06-09 18:33:51,669 - Epoch 75 | 2.2446s | Val | Loss: 0.201770 | Acc: 0.8272 | AUC: 0.9173
2026-06-09 18:33:51,669 -   -> No improvement. Patience: 1/10
2026-06-09 18:33:57,048 - Epoch 76 | 5.3790s | Train | Loss: 0.309364
2026-06-09 18:33:59,346 - Epoch 76 | 2.2837s | Val | Loss: 0.210955 | Acc: 0.8025 | AUC: 0.9161
2026-06-09 18:33:59,346 -   -> No improvement. Patience: 2/10
2026-06-09 18:34:04,808 - Epoch 77 | 5.4620s | Train | Loss: 0.293940
2026-06-09 18:34:07,124 - Epoch 77 | 2.3045s | Val | Loss: 0.195748 | Acc: 0.8148 | AUC: 0.9149
2026-06-09 18:34:07,125 -   -> No improvement. Patience: 3/10
2026-06-09 18:34:12,554 - Epoch 78 | 5.4288s | Train | Loss: 0.296465
2026-06-09 18:34:14,825 - Epoch 78 | 2.2591s | Val | Loss: 0.198865 | Acc: 0.8148 | AUC: 0.9157
2026-06-09 18:34:14,826 -   -> No improvement. Patience: 4/10
2026-06-09 18:34:20,189 - Epoch 79 | 5.3628s | Train | Loss: 0.283459
2026-06-09 18:34:22,574 - Epoch 79 | 2.3732s | Val | Loss: 0.216500 | Acc: 0.8025 | AUC: 0.9172
2026-06-09 18:34:22,575 -   -> No improvement. Patience: 5/10
2026-06-09 18:34:28,193 - Epoch 80 | 5.6183s | Train | Loss: 0.287771
2026-06-09 18:34:30,555 - Epoch 80 | 2.3497s | Val | Loss: 0.201584 | Acc: 0.8148 | AUC: 0.9193
2026-06-09 18:34:30,555 -   -> No improvement. Patience: 6/10
2026-06-09 18:34:36,061 - Epoch 81 | 5.5057s | Train | Loss: 0.293871
2026-06-09 18:34:38,353 - Epoch 81 | 2.2796s | Val | Loss: 0.188232 | Acc: 0.8333 | AUC: 0.9170
2026-06-09 18:34:43,793 -   -> New best loss: 0.188232 at epoch 81
2026-06-09 18:34:49,421 - Epoch 82 | 5.6265s | Train | Loss: 0.290007
2026-06-09 18:34:51,776 - Epoch 82 | 2.3513s | Val | Loss: 0.196008 | Acc: 0.8148 | AUC: 0.9169
2026-06-09 18:34:51,777 -   -> No improvement. Patience: 1/10
2026-06-09 18:34:57,377 - Epoch 83 | 5.6003s | Train | Loss: 0.280326
2026-06-09 18:34:59,759 - Epoch 83 | 2.3674s | Val | Loss: 0.188006 | Acc: 0.8148 | AUC: 0.9213
2026-06-09 18:35:06,606 -   -> New best loss: 0.188006 at epoch 83
2026-06-09 18:35:12,374 - Epoch 84 | 5.7670s | Train | Loss: 0.274241
2026-06-09 18:35:14,821 - Epoch 84 | 2.4340s | Val | Loss: 0.190461 | Acc: 0.8457 | AUC: 0.9201
2026-06-09 18:35:14,822 -   -> No improvement. Patience: 1/10
2026-06-09 18:35:20,645 - Epoch 85 | 5.8228s | Train | Loss: 0.277798
2026-06-09 18:35:23,434 - Epoch 85 | 2.7771s | Val | Loss: 0.190804 | Acc: 0.8333 | AUC: 0.9202
2026-06-09 18:35:23,434 -   -> No improvement. Patience: 2/10
2026-06-09 18:35:28,747 - Epoch 86 | 5.3120s | Train | Loss: 0.279496
2026-06-09 18:35:31,113 - Epoch 86 | 2.3540s | Val | Loss: 0.198994 | Acc: 0.8272 | AUC: 0.9213
2026-06-09 18:35:31,114 -   -> No improvement. Patience: 3/10
2026-06-09 18:35:36,551 - Epoch 87 | 5.4374s | Train | Loss: 0.267929
2026-06-09 18:35:38,886 - Epoch 87 | 2.3219s | Val | Loss: 0.196270 | Acc: 0.8086 | AUC: 0.9219
2026-06-09 18:35:38,886 -   -> No improvement. Patience: 4/10
2026-06-09 18:35:44,404 - Epoch 88 | 5.5171s | Train | Loss: 0.265409
2026-06-09 18:35:46,743 - Epoch 88 | 2.3269s | Val | Loss: 0.187379 | Acc: 0.8519 | AUC: 0.9234
2026-06-09 18:35:52,820 -   -> New best loss: 0.187379 at epoch 88
2026-06-09 18:35:58,249 - Epoch 89 | 5.4281s | Train | Loss: 0.262265
2026-06-09 18:36:00,523 - Epoch 89 | 2.2595s | Val | Loss: 0.212030 | Acc: 0.8086 | AUC: 0.9227
2026-06-09 18:36:00,523 -   -> No improvement. Patience: 1/10
2026-06-09 18:36:06,035 - Epoch 90 | 5.5118s | Train | Loss: 0.269919
2026-06-09 18:36:08,333 - Epoch 90 | 2.2850s | Val | Loss: 0.221978 | Acc: 0.7901 | AUC: 0.9234
2026-06-09 18:36:08,333 -   -> No improvement. Patience: 2/10
2026-06-09 18:36:13,775 - Epoch 91 | 5.4415s | Train | Loss: 0.284228
2026-06-09 18:36:15,976 - Epoch 91 | 2.1962s | Val | Loss: 0.181603 | Acc: 0.8333 | AUC: 0.9254
2026-06-09 18:36:19,999 -   -> New best loss: 0.181603 at epoch 91
2026-06-09 18:36:25,460 - Epoch 92 | 5.4603s | Train | Loss: 0.270178
2026-06-09 18:36:27,757 - Epoch 92 | 2.2915s | Val | Loss: 0.187201 | Acc: 0.8086 | AUC: 0.9274
2026-06-09 18:36:27,757 -   -> No improvement. Patience: 1/10
2026-06-09 18:36:33,156 - Epoch 93 | 5.3991s | Train | Loss: 0.273397
2026-06-09 18:36:35,464 - Epoch 93 | 2.2955s | Val | Loss: 0.182689 | Acc: 0.8272 | AUC: 0.9268
2026-06-09 18:36:35,465 -   -> No improvement. Patience: 2/10
2026-06-09 18:36:40,915 - Epoch 94 | 5.4502s | Train | Loss: 0.255815
2026-06-09 18:36:43,201 - Epoch 94 | 2.2813s | Val | Loss: 0.241895 | Acc: 0.7778 | AUC: 0.9227
2026-06-09 18:36:43,201 -   -> No improvement. Patience: 3/10
2026-06-09 18:36:48,690 - Epoch 95 | 5.4890s | Train | Loss: 0.251064
2026-06-09 18:36:51,051 - Epoch 95 | 2.3488s | Val | Loss: 0.199136 | Acc: 0.8272 | AUC: 0.9236
2026-06-09 18:36:51,051 -   -> No improvement. Patience: 4/10
2026-06-09 18:36:56,485 - Epoch 96 | 5.4329s | Train | Loss: 0.246413
2026-06-09 18:36:58,859 - Epoch 96 | 2.3561s | Val | Loss: 0.177427 | Acc: 0.8519 | AUC: 0.9257
2026-06-09 18:37:03,427 -   -> New best loss: 0.177427 at epoch 96
2026-06-09 18:37:08,957 - Epoch 97 | 5.5294s | Train | Loss: 0.253857
2026-06-09 18:37:11,218 - Epoch 97 | 2.2474s | Val | Loss: 0.176044 | Acc: 0.8519 | AUC: 0.9274
2026-06-09 18:37:15,008 -   -> New best loss: 0.176044 at epoch 97
2026-06-09 18:37:20,667 - Epoch 98 | 5.6580s | Train | Loss: 0.260885
2026-06-09 18:37:23,063 - Epoch 98 | 2.3911s | Val | Loss: 0.180315 | Acc: 0.8580 | AUC: 0.9265
2026-06-09 18:37:23,063 -   -> No improvement. Patience: 1/10
2026-06-09 18:37:28,579 - Epoch 99 | 5.5156s | Train | Loss: 0.262799
2026-06-09 18:37:30,935 - Epoch 99 | 2.3430s | Val | Loss: 0.178106 | Acc: 0.8580 | AUC: 0.9274
2026-06-09 18:37:30,935 -   -> No improvement. Patience: 2/10
2026-06-09 18:37:36,407 - Epoch 100 | 5.4721s | Train | Loss: 0.266272
2026-06-09 18:37:38,739 - Epoch 100 | 2.3190s | Val | Loss: 0.213684 | Acc: 0.7901 | AUC: 0.9276
2026-06-09 18:37:38,740 -   -> No improvement. Patience: 3/10
2026-06-09 18:37:44,141 - Epoch 101 | 5.4013s | Train | Loss: 0.264200
2026-06-09 18:37:46,467 - Epoch 101 | 2.3134s | Val | Loss: 0.180276 | Acc: 0.8519 | AUC: 0.9276
2026-06-09 18:37:46,468 -   -> No improvement. Patience: 4/10
2026-06-09 18:37:51,841 - Epoch 102 | 5.3735s | Train | Loss: 0.258624
2026-06-09 18:37:54,108 - Epoch 102 | 2.2539s | Val | Loss: 0.176649 | Acc: 0.8580 | AUC: 0.9289
2026-06-09 18:37:54,108 -   -> No improvement. Patience: 5/10
2026-06-09 18:37:59,601 - Epoch 103 | 5.4927s | Train | Loss: 0.268868
2026-06-09 18:38:01,952 - Epoch 103 | 2.3396s | Val | Loss: 0.181221 | Acc: 0.8580 | AUC: 0.9306
2026-06-09 18:38:01,953 -   -> No improvement. Patience: 6/10
2026-06-09 18:38:07,418 - Epoch 104 | 5.4652s | Train | Loss: 0.267099
2026-06-09 18:38:09,689 - Epoch 104 | 2.2588s | Val | Loss: 0.181781 | Acc: 0.8457 | AUC: 0.9302
2026-06-09 18:38:09,690 -   -> No improvement. Patience: 7/10
2026-06-09 18:38:15,066 - Epoch 105 | 5.3766s | Train | Loss: 0.252380
2026-06-09 18:38:17,338 - Epoch 105 | 2.2589s | Val | Loss: 0.172109 | Acc: 0.8519 | AUC: 0.9320
2026-06-09 18:38:21,498 -   -> New best loss: 0.172109 at epoch 105
2026-06-09 18:38:27,043 - Epoch 106 | 5.5440s | Train | Loss: 0.251438
2026-06-09 18:38:29,333 - Epoch 106 | 2.2766s | Val | Loss: 0.171324 | Acc: 0.8457 | AUC: 0.9340
2026-06-09 18:38:33,588 -   -> New best loss: 0.171324 at epoch 106
2026-06-09 18:38:39,111 - Epoch 107 | 5.5217s | Train | Loss: 0.240867
2026-06-09 18:38:41,424 - Epoch 107 | 2.3010s | Val | Loss: 0.195671 | Acc: 0.8148 | AUC: 0.9318
2026-06-09 18:38:41,425 -   -> No improvement. Patience: 1/10
2026-06-09 18:38:46,857 - Epoch 108 | 5.4316s | Train | Loss: 0.248556
2026-06-09 18:38:49,135 - Epoch 108 | 2.2663s | Val | Loss: 0.281203 | Acc: 0.7407 | AUC: 0.9323
2026-06-09 18:38:49,135 -   -> No improvement. Patience: 2/10
2026-06-09 18:38:54,514 - Epoch 109 | 5.3781s | Train | Loss: 0.251961
2026-06-09 18:38:56,859 - Epoch 109 | 2.3330s | Val | Loss: 0.202912 | Acc: 0.8210 | AUC: 0.9320
2026-06-09 18:38:56,860 -   -> No improvement. Patience: 3/10
2026-06-09 18:39:02,219 - Epoch 110 | 5.3586s | Train | Loss: 0.242606
2026-06-09 18:39:04,525 - Epoch 110 | 2.2932s | Val | Loss: 0.187715 | Acc: 0.8272 | AUC: 0.9321
2026-06-09 18:39:04,525 -   -> No improvement. Patience: 4/10
2026-06-09 18:39:09,995 - Epoch 111 | 5.4699s | Train | Loss: 0.235356
2026-06-09 18:39:12,382 - Epoch 111 | 2.3743s | Val | Loss: 0.234896 | Acc: 0.7716 | AUC: 0.9315
2026-06-09 18:39:12,382 -   -> No improvement. Patience: 5/10
2026-06-09 18:39:17,819 - Epoch 112 | 5.4366s | Train | Loss: 0.248798
2026-06-09 18:39:20,245 - Epoch 112 | 2.4131s | Val | Loss: 0.210029 | Acc: 0.8148 | AUC: 0.9324
2026-06-09 18:39:20,245 -   -> No improvement. Patience: 6/10
2026-06-09 18:39:25,694 - Epoch 113 | 5.4487s | Train | Loss: 0.221621
2026-06-09 18:39:28,069 - Epoch 113 | 2.3634s | Val | Loss: 0.168227 | Acc: 0.8519 | AUC: 0.9344
2026-06-09 18:39:32,702 -   -> New best loss: 0.168227 at epoch 113
2026-06-09 18:39:38,297 - Epoch 114 | 5.5942s | Train | Loss: 0.235743
2026-06-09 18:39:40,743 - Epoch 114 | 2.4334s | Val | Loss: 0.175874 | Acc: 0.8457 | AUC: 0.9335
2026-06-09 18:39:40,743 -   -> No improvement. Patience: 1/10
2026-06-09 18:39:46,280 - Epoch 115 | 5.5365s | Train | Loss: 0.237981
2026-06-09 18:39:48,671 - Epoch 115 | 2.3859s | Val | Loss: 0.175751 | Acc: 0.8519 | AUC: 0.9346
2026-06-09 18:39:48,671 -   -> No improvement. Patience: 2/10
2026-06-09 18:39:54,142 - Epoch 116 | 5.4714s | Train | Loss: 0.231135
2026-06-09 18:39:56,500 - Epoch 116 | 2.3459s | Val | Loss: 0.220588 | Acc: 0.7963 | AUC: 0.9337
2026-06-09 18:39:56,501 -   -> No improvement. Patience: 3/10
2026-06-09 18:40:02,057 - Epoch 117 | 5.5553s | Train | Loss: 0.232968
2026-06-09 18:40:04,364 - Epoch 117 | 2.2928s | Val | Loss: 0.203299 | Acc: 0.8148 | AUC: 0.9334
2026-06-09 18:40:04,364 -   -> No improvement. Patience: 4/10
2026-06-09 18:40:09,690 - Epoch 118 | 5.3259s | Train | Loss: 0.241173
2026-06-09 18:40:11,906 - Epoch 118 | 2.2117s | Val | Loss: 0.196706 | Acc: 0.8333 | AUC: 0.9335
2026-06-09 18:40:11,906 -   -> No improvement. Patience: 5/10
2026-06-09 18:40:17,232 - Epoch 119 | 5.3258s | Train | Loss: 0.229835
2026-06-09 18:40:19,607 - Epoch 119 | 2.3631s | Val | Loss: 0.246840 | Acc: 0.7778 | AUC: 0.9321
2026-06-09 18:40:19,608 -   -> No improvement. Patience: 6/10
2026-06-09 18:40:25,068 - Epoch 120 | 5.4603s | Train | Loss: 0.222513
2026-06-09 18:40:27,373 - Epoch 120 | 2.2918s | Val | Loss: 0.220153 | Acc: 0.7963 | AUC: 0.9330
2026-06-09 18:40:27,373 -   -> No improvement. Patience: 7/10
2026-06-09 18:40:32,693 - Epoch 121 | 5.3198s | Train | Loss: 0.228910
2026-06-09 18:40:35,044 - Epoch 121 | 2.3386s | Val | Loss: 0.176577 | Acc: 0.8395 | AUC: 0.9347
2026-06-09 18:40:35,044 -   -> No improvement. Patience: 8/10
2026-06-09 18:40:40,435 - Epoch 122 | 5.3906s | Train | Loss: 0.223989
2026-06-09 18:40:42,709 - Epoch 122 | 2.2680s | Val | Loss: 0.169594 | Acc: 0.8580 | AUC: 0.9359
2026-06-09 18:40:42,709 -   -> No improvement. Patience: 9/10
2026-06-09 18:40:48,071 - Epoch 123 | 5.3616s | Train | Loss: 0.231233
2026-06-09 18:40:50,338 - Epoch 123 | 2.2540s | Val | Loss: 0.166552 | Acc: 0.8580 | AUC: 0.9367
2026-06-09 18:40:54,507 -   -> New best loss: 0.166552 at epoch 123
2026-06-09 18:41:00,030 - Epoch 124 | 5.5219s | Train | Loss: 0.216562
2026-06-09 18:41:02,346 - Epoch 124 | 2.3113s | Val | Loss: 0.182458 | Acc: 0.8333 | AUC: 0.9358
2026-06-09 18:41:02,346 -   -> No improvement. Patience: 1/10
2026-06-09 18:41:07,781 - Epoch 125 | 5.4346s | Train | Loss: 0.210929
2026-06-09 18:41:10,047 - Epoch 125 | 2.2531s | Val | Loss: 0.177728 | Acc: 0.8395 | AUC: 0.9361
2026-06-09 18:41:10,047 -   -> No improvement. Patience: 2/10
2026-06-09 18:41:15,408 - Epoch 126 | 5.3607s | Train | Loss: 0.210728
2026-06-09 18:41:17,681 - Epoch 126 | 2.2600s | Val | Loss: 0.181538 | Acc: 0.8519 | AUC: 0.9363
2026-06-09 18:41:17,681 -   -> No improvement. Patience: 3/10
2026-06-09 18:41:23,015 - Epoch 127 | 5.3333s | Train | Loss: 0.213361
2026-06-09 18:41:25,287 - Epoch 127 | 2.2598s | Val | Loss: 0.173666 | Acc: 0.8457 | AUC: 0.9384
2026-06-09 18:41:25,287 -   -> No improvement. Patience: 4/10
2026-06-09 18:41:30,573 - Epoch 128 | 5.2862s | Train | Loss: 0.199595
2026-06-09 18:41:32,944 - Epoch 128 | 2.3576s | Val | Loss: 0.170687 | Acc: 0.8457 | AUC: 0.9372
2026-06-09 18:41:32,944 -   -> No improvement. Patience: 5/10
2026-06-09 18:41:38,466 - Epoch 129 | 5.5220s | Train | Loss: 0.212243
2026-06-09 18:41:40,956 - Epoch 129 | 2.4776s | Val | Loss: 0.163913 | Acc: 0.8580 | AUC: 0.9375
2026-06-09 18:41:44,609 -   -> New best loss: 0.163913 at epoch 129
2026-06-09 18:41:50,218 - Epoch 130 | 5.6083s | Train | Loss: 0.203351
2026-06-09 18:41:53,018 - Epoch 130 | 2.7879s | Val | Loss: 0.164068 | Acc: 0.8457 | AUC: 0.9376
2026-06-09 18:41:53,019 -   -> No improvement. Patience: 1/10
2026-06-09 18:41:58,489 - Epoch 131 | 5.4703s | Train | Loss: 0.201553
2026-06-09 18:42:00,889 - Epoch 131 | 2.3881s | Val | Loss: 0.166035 | Acc: 0.8519 | AUC: 0.9384
2026-06-09 18:42:00,890 -   -> No improvement. Patience: 2/10
2026-06-09 18:42:06,698 - Epoch 132 | 5.8074s | Train | Loss: 0.201528
2026-06-09 18:42:09,046 - Epoch 132 | 2.3446s | Val | Loss: 0.191504 | Acc: 0.8272 | AUC: 0.9375
2026-06-09 18:42:09,046 -   -> No improvement. Patience: 3/10
2026-06-09 18:42:14,417 - Epoch 133 | 5.3705s | Train | Loss: 0.221038
2026-06-09 18:42:16,704 - Epoch 133 | 2.2747s | Val | Loss: 0.220742 | Acc: 0.8086 | AUC: 0.9359
2026-06-09 18:42:16,705 -   -> No improvement. Patience: 4/10
2026-06-09 18:42:22,302 - Epoch 134 | 5.5970s | Train | Loss: 0.205612
2026-06-09 18:42:24,649 - Epoch 134 | 2.3344s | Val | Loss: 0.176253 | Acc: 0.8580 | AUC: 0.9370
2026-06-09 18:42:24,649 -   -> No improvement. Patience: 5/10
2026-06-09 18:42:30,160 - Epoch 135 | 5.5111s | Train | Loss: 0.191755
2026-06-09 18:42:32,514 - Epoch 135 | 2.3421s | Val | Loss: 0.164805 | Acc: 0.8519 | AUC: 0.9385
2026-06-09 18:42:32,515 -   -> No improvement. Patience: 6/10
2026-06-09 18:42:37,935 - Epoch 136 | 5.4196s | Train | Loss: 0.202541
2026-06-09 18:42:40,211 - Epoch 136 | 2.2636s | Val | Loss: 0.163348 | Acc: 0.8765 | AUC: 0.9393
2026-06-09 18:42:43,696 -   -> New best loss: 0.163348 at epoch 136
2026-06-09 18:42:49,154 - Epoch 137 | 5.4572s | Train | Loss: 0.214930
2026-06-09 18:42:51,439 - Epoch 137 | 2.2718s | Val | Loss: 0.168206 | Acc: 0.8519 | AUC: 0.9393
2026-06-09 18:42:51,440 -   -> No improvement. Patience: 1/10
2026-06-09 18:42:56,848 - Epoch 138 | 5.4081s | Train | Loss: 0.229784
2026-06-09 18:42:59,204 - Epoch 138 | 2.3470s | Val | Loss: 0.168510 | Acc: 0.8457 | AUC: 0.9384
2026-06-09 18:42:59,205 -   -> No improvement. Patience: 2/10
2026-06-09 18:43:04,560 - Epoch 139 | 5.3552s | Train | Loss: 0.204508
2026-06-09 18:43:06,956 - Epoch 139 | 2.3915s | Val | Loss: 0.198355 | Acc: 0.8272 | AUC: 0.9378
2026-06-09 18:43:06,957 -   -> No improvement. Patience: 3/10
2026-06-09 18:43:12,352 - Epoch 140 | 5.3950s | Train | Loss: 0.202533
2026-06-09 18:43:14,665 - Epoch 140 | 2.3012s | Val | Loss: 0.201850 | Acc: 0.8272 | AUC: 0.9385
2026-06-09 18:43:14,666 -   -> No improvement. Patience: 4/10
2026-06-09 18:43:20,139 - Epoch 141 | 5.4724s | Train | Loss: 0.199641
2026-06-09 18:43:22,442 - Epoch 141 | 2.2914s | Val | Loss: 0.178330 | Acc: 0.8519 | AUC: 0.9401
2026-06-09 18:43:22,443 -   -> No improvement. Patience: 5/10
2026-06-09 18:43:27,847 - Epoch 142 | 5.4041s | Train | Loss: 0.209990
2026-06-09 18:43:30,125 - Epoch 142 | 2.2648s | Val | Loss: 0.179654 | Acc: 0.8395 | AUC: 0.9385
2026-06-09 18:43:30,125 -   -> No improvement. Patience: 6/10
2026-06-09 18:43:35,534 - Epoch 143 | 5.4083s | Train | Loss: 0.200793
2026-06-09 18:43:37,827 - Epoch 143 | 2.2890s | Val | Loss: 0.162050 | Acc: 0.8580 | AUC: 0.9396
2026-06-09 18:43:42,311 -   -> New best loss: 0.162050 at epoch 143
2026-06-09 18:43:47,839 - Epoch 144 | 5.5278s | Train | Loss: 0.193599
2026-06-09 18:43:50,116 - Epoch 144 | 2.2644s | Val | Loss: 0.162753 | Acc: 0.8642 | AUC: 0.9411
2026-06-09 18:43:50,116 -   -> No improvement. Patience: 1/10
2026-06-09 18:43:55,465 - Epoch 145 | 5.3480s | Train | Loss: 0.197248
2026-06-09 18:43:57,730 - Epoch 145 | 2.2516s | Val | Loss: 0.194564 | Acc: 0.8395 | AUC: 0.9395
2026-06-09 18:43:57,730 -   -> No improvement. Patience: 2/10
2026-06-09 18:44:03,163 - Epoch 146 | 5.4323s | Train | Loss: 0.185751
2026-06-09 18:44:05,556 - Epoch 146 | 2.3811s | Val | Loss: 0.190129 | Acc: 0.8519 | AUC: 0.9399
2026-06-09 18:44:05,557 -   -> No improvement. Patience: 3/10
2026-06-09 18:44:11,175 - Epoch 147 | 5.6185s | Train | Loss: 0.199728
2026-06-09 18:44:13,604 - Epoch 147 | 2.4244s | Val | Loss: 0.182843 | Acc: 0.8395 | AUC: 0.9402
2026-06-09 18:44:13,604 -   -> No improvement. Patience: 4/10
2026-06-09 18:44:18,995 - Epoch 148 | 5.3902s | Train | Loss: 0.201483
2026-06-09 18:44:21,412 - Epoch 148 | 2.4046s | Val | Loss: 0.189575 | Acc: 0.8395 | AUC: 0.9385
2026-06-09 18:44:21,412 -   -> No improvement. Patience: 5/10
2026-06-09 18:44:27,024 - Epoch 149 | 5.6117s | Train | Loss: 0.192204
2026-06-09 18:44:29,360 - Epoch 149 | 2.3244s | Val | Loss: 0.175336 | Acc: 0.8395 | AUC: 0.9388
2026-06-09 18:44:29,361 -   -> No improvement. Patience: 6/10
2026-06-09 18:44:34,916 - Epoch 150 | 5.5548s | Train | Loss: 0.178176
2026-06-09 18:44:37,255 - Epoch 150 | 2.3311s | Val | Loss: 0.171227 | Acc: 0.8519 | AUC: 0.9395
2026-06-09 18:44:37,255 -   -> No improvement. Patience: 7/10
2026-06-09 18:44:42,802 - Epoch 151 | 5.5468s | Train | Loss: 0.177741
2026-06-09 18:44:45,209 - Epoch 151 | 2.3953s | Val | Loss: 0.172395 | Acc: 0.8457 | AUC: 0.9410
2026-06-09 18:44:45,210 -   -> No improvement. Patience: 8/10
2026-06-09 18:44:50,704 - Epoch 152 | 5.4935s | Train | Loss: 0.197644
2026-06-09 18:44:53,047 - Epoch 152 | 2.3307s | Val | Loss: 0.181429 | Acc: 0.8272 | AUC: 0.9398
2026-06-09 18:44:53,047 -   -> No improvement. Patience: 9/10
2026-06-09 18:44:58,397 - Epoch 153 | 5.3491s | Train | Loss: 0.193190
2026-06-09 18:45:00,712 - Epoch 153 | 2.3109s | Val | Loss: 0.165621 | Acc: 0.8580 | AUC: 0.9405
2026-06-09 18:45:00,713 -   -> No improvement. Patience: 10/10
2026-06-09 18:45:00,713 - Early stopping triggered at epoch 153
2026-06-09 18:45:01,189 - Restored best model from epoch 143 with loss=0.162050
2026-06-09 18:45:06,358 - Model saved to: Models/SLAM_rice/SLAM_rice.pt
2026-06-09 18:45:06,359 - 
===== Test Results =====
2026-06-09 18:45:09,110 - Test metrics
2026-06-09 18:45:09,110 - ACC:0.860 | BACC:0.860 | SN:0.865 | SP:0.854 | Precision:0.856 | F1:0.860 | MCC:0.719 | AUC:0.960 | AUCPR:0.959 | TN:76 FP:13 FN:12 TP:77
2026-06-09 18:45:09,139 - 
===== Final Results =====
2026-06-09 18:45:09,140 - Best epoch: 143, Best loss: 0.162050
2026-06-09 18:45:09,144 -  BEST_EPOCH MONITOR  BEST_METRIC  TEST_ACC  TEST_BACC  TEST_SN  TEST_SP  TEST_PRECISION  TEST_F1  TEST_MCC  TEST_AUC  TEST_AUCPR
        143    loss      0.16205  0.859551   0.859551 0.865169 0.853933        0.855556 0.860335  0.719147  0.959727    0.958999
