2026-04-18 18:53:06,991 - ==============================
2026-04-18 18:53:06,991 - PLM Graph Model Training
2026-04-18 18:53:06,991 - ==============================
2026-04-18 18:53:06,991 - Hyperparameters:
2026-04-18 18:53:06,991 - Batch Size: 128
2026-04-18 18:53:06,992 - Learning Rate: 0.001
2026-04-18 18:53:06,992 - Weight Decay: 0.001
2026-04-18 18:53:06,992 - Epochs: 200
2026-04-18 18:53:06,992 - K-Folds: 5
2026-04-18 18:53:06,992 - Patience: 5
2026-04-18 18:53:06,992 - Early Stop Metric: MCC
2026-04-18 18:53:06,992 - Node Feature Dimension: 1280
2026-04-18 18:53:06,992 - Sequence Feature Dimension: 21 (20 AA + 1 X)
2026-04-18 18:53:06,992 - Hidden Dimension: 128
2026-04-18 18:53:06,992 - LR Scheduler: ReduceLROnPlateau(factor=0.5, patience=2, min_lr=1e-06)
2026-04-18 18:53:06,992 - ==============================
2026-04-18 18:53:06,992 - Loading training data from data/mouse_train_embedding_graph.pt...
2026-04-18 18:53:08,282 - ===== Fold 1/5 =====
2026-04-18 18:53:09,677 - Epoch 1/200 - LR: 0.001 - Train Loss: 0.6929 - Val Loss: 0.7175
2026-04-18 18:53:10,496 - Epoch 2/200 - LR: 0.001 - Train Loss: 0.6917 - Val Loss: 0.6688
2026-04-18 18:53:11,299 - Epoch 3/200 - LR: 0.001 - Train Loss: 0.6347 - Val Loss: 0.8136
2026-04-18 18:53:12,071 - Epoch 4/200 - LR: 0.001 - Train Loss: 0.6251 - Val Loss: 0.6109
2026-04-18 18:53:12,612 - Epoch 5/200 - LR: 0.001 - Train Loss: 0.5512 - Val Loss: 0.6217
2026-04-18 18:53:13,095 - Epoch 6/200 - LR: 0.001 - Train Loss: 0.5201 - Val Loss: 0.6255
2026-04-18 18:53:13,674 - Epoch 7/200 - LR: 0.001 - Train Loss: 0.5089 - Val Loss: 0.6124
2026-04-18 18:53:14,267 - Epoch 8/200 - LR: 0.001 - Train Loss: 0.5075 - Val Loss: 0.6143
2026-04-18 18:53:15,020 - Epoch 9/200 - LR: 0.001 - Train Loss: 0.4520 - Val Loss: 0.6095
2026-04-18 18:53:15,784 - Epoch 10/200 - LR: 0.001 - Train Loss: 0.3687 - Val Loss: 0.6420
2026-04-18 18:53:16,546 - Epoch 11/200 - LR: 0.001 - Train Loss: 0.3627 - Val Loss: 0.6871
2026-04-18 18:53:17,284 - Epoch 12/200 - LR: 0.001 - Train Loss: 0.3928 - Val Loss: 0.6986
2026-04-18 18:53:18,203 - Epoch 13/200 - LR: 0.001 - Train Loss: 0.3124 - Val Loss: 0.7453
2026-04-18 18:53:18,780 - Epoch 14/200 - LR: 0.001 - Train Loss: 0.3167 - Val Loss: 1.0065
2026-04-18 18:53:19,314 - Epoch 15/200 - LR: 0.0005 - Train Loss: 0.2722 - Val Loss: 0.8021
2026-04-18 18:53:19,848 - Epoch 16/200 - LR: 0.0005 - Train Loss: 0.2015 - Val Loss: 0.9530
2026-04-18 18:53:19,848 - Early stopping at epoch 16 (best MCC=0.4536)
2026-04-18 18:53:20,065 - Saved loss curve: ./mouse_models/fold_1_mouse.png
2026-04-18 18:53:20,065 - Fold 1 Best Metrics:
2026-04-18 18:53:20,065 - MCC       : 0.4536
2026-04-18 18:53:20,065 - SN        : 0.7111
2026-04-18 18:53:20,065 - SP        : 0.7422
2026-04-18 18:53:20,065 - ACC       : 0.7267
2026-04-18 18:53:20,065 - BACC      : 0.7267
2026-04-18 18:53:20,065 - PRECISION : 0.7339
2026-04-18 18:53:20,065 - F1        : 0.7223
2026-04-18 18:53:20,065 - AUC       : 0.7927
2026-04-18 18:53:20,065 - AUCPR     : 0.7668
2026-04-18 18:53:20,065 - ===== Fold 2/5 =====
2026-04-18 18:53:20,613 - Epoch 1/200 - LR: 0.001 - Train Loss: 0.6934 - Val Loss: 0.6843
2026-04-18 18:53:21,372 - Epoch 2/200 - LR: 0.001 - Train Loss: 0.6792 - Val Loss: 0.6503
2026-04-18 18:53:21,939 - Epoch 3/200 - LR: 0.001 - Train Loss: 0.6113 - Val Loss: 0.6400
2026-04-18 18:53:22,496 - Epoch 4/200 - LR: 0.001 - Train Loss: 0.5593 - Val Loss: 0.6309
2026-04-18 18:53:23,161 - Epoch 5/200 - LR: 0.001 - Train Loss: 0.5314 - Val Loss: 0.6114
2026-04-18 18:53:23,666 - Epoch 6/200 - LR: 0.001 - Train Loss: 0.4505 - Val Loss: 0.6804
2026-04-18 18:53:24,231 - Epoch 7/200 - LR: 0.001 - Train Loss: 0.4391 - Val Loss: 0.6674
2026-04-18 18:53:24,994 - Epoch 8/200 - LR: 0.001 - Train Loss: 0.4336 - Val Loss: 0.6561
2026-04-18 18:53:25,766 - Epoch 9/200 - LR: 0.001 - Train Loss: 0.4231 - Val Loss: 0.6985
2026-04-18 18:53:26,401 - Epoch 10/200 - LR: 0.001 - Train Loss: 0.3865 - Val Loss: 0.8214
2026-04-18 18:53:26,937 - Epoch 11/200 - LR: 0.0005 - Train Loss: 0.3358 - Val Loss: 0.6743
2026-04-18 18:53:27,555 - Epoch 12/200 - LR: 0.0005 - Train Loss: 0.2610 - Val Loss: 0.7848
2026-04-18 18:53:28,108 - Epoch 13/200 - LR: 0.0005 - Train Loss: 0.2077 - Val Loss: 0.9616
2026-04-18 18:53:28,646 - Epoch 14/200 - LR: 0.0005 - Train Loss: 0.2059 - Val Loss: 0.8402
2026-04-18 18:53:29,207 - Epoch 15/200 - LR: 0.00025 - Train Loss: 0.1903 - Val Loss: 0.9076
2026-04-18 18:53:29,867 - Epoch 16/200 - LR: 0.00025 - Train Loss: 0.1521 - Val Loss: 1.0028
2026-04-18 18:53:29,868 - Early stopping at epoch 16 (best MCC=0.4139)
2026-04-18 18:53:30,061 - Saved loss curve: ./mouse_models/fold_2_mouse.png
2026-04-18 18:53:30,061 - Fold 2 Best Metrics:
2026-04-18 18:53:30,061 - MCC       : 0.4139
2026-04-18 18:53:30,061 - SN        : 0.6267
2026-04-18 18:53:30,061 - SP        : 0.7822
2026-04-18 18:53:30,061 - ACC       : 0.7044
2026-04-18 18:53:30,061 - BACC      : 0.7044
2026-04-18 18:53:30,061 - PRECISION : 0.7421
2026-04-18 18:53:30,061 - F1        : 0.6795
2026-04-18 18:53:30,061 - AUC       : 0.7688
2026-04-18 18:53:30,061 - AUCPR     : 0.7475
2026-04-18 18:53:30,061 - ===== Fold 3/5 =====
2026-04-18 18:53:30,693 - Epoch 1/200 - LR: 0.001 - Train Loss: 0.6958 - Val Loss: 0.7025
2026-04-18 18:53:31,238 - Epoch 2/200 - LR: 0.001 - Train Loss: 0.6905 - Val Loss: 0.6882
2026-04-18 18:53:31,804 - Epoch 3/200 - LR: 0.001 - Train Loss: 0.6855 - Val Loss: 0.6577
2026-04-18 18:53:32,391 - Epoch 4/200 - LR: 0.001 - Train Loss: 0.6280 - Val Loss: 0.6510
2026-04-18 18:53:33,060 - Epoch 5/200 - LR: 0.001 - Train Loss: 0.5874 - Val Loss: 0.6065
2026-04-18 18:53:33,602 - Epoch 6/200 - LR: 0.0005 - Train Loss: 0.5383 - Val Loss: 0.6526
2026-04-18 18:53:34,154 - Epoch 7/200 - LR: 0.0005 - Train Loss: 0.5148 - Val Loss: 0.6529
2026-04-18 18:53:34,704 - Epoch 8/200 - LR: 0.0005 - Train Loss: 0.4829 - Val Loss: 0.6427
2026-04-18 18:53:35,235 - Epoch 9/200 - LR: 0.0005 - Train Loss: 0.4366 - Val Loss: 0.6549
2026-04-18 18:53:35,788 - Epoch 10/200 - LR: 0.0005 - Train Loss: 0.3987 - Val Loss: 0.6651
2026-04-18 18:53:36,321 - Epoch 11/200 - LR: 0.0005 - Train Loss: 0.3405 - Val Loss: 0.7572
2026-04-18 18:53:36,916 - Epoch 12/200 - LR: 0.0005 - Train Loss: 0.3274 - Val Loss: 0.7621
2026-04-18 18:53:37,582 - Epoch 13/200 - LR: 0.0005 - Train Loss: 0.3312 - Val Loss: 0.7302
2026-04-18 18:53:38,063 - Epoch 14/200 - LR: 0.0005 - Train Loss: 0.2700 - Val Loss: 0.9407
2026-04-18 18:53:38,512 - Epoch 15/200 - LR: 0.0005 - Train Loss: 0.2807 - Val Loss: 0.8147
2026-04-18 18:53:38,964 - Epoch 16/200 - LR: 0.00025 - Train Loss: 0.2500 - Val Loss: 0.8131
2026-04-18 18:53:39,567 - Epoch 17/200 - LR: 0.00025 - Train Loss: 0.1873 - Val Loss: 1.0742
2026-04-18 18:53:39,567 - Early stopping at epoch 17 (best MCC=0.4053)
2026-04-18 18:53:39,759 - Saved loss curve: ./mouse_models/fold_3_mouse.png
2026-04-18 18:53:39,759 - Fold 3 Best Metrics:
2026-04-18 18:53:39,759 - MCC       : 0.4053
2026-04-18 18:53:39,759 - SN        : 0.8267
2026-04-18 18:53:39,759 - SP        : 0.5644
2026-04-18 18:53:39,759 - ACC       : 0.6956
2026-04-18 18:53:39,759 - BACC      : 0.6956
2026-04-18 18:53:39,759 - PRECISION : 0.6549
2026-04-18 18:53:39,759 - F1        : 0.7308
2026-04-18 18:53:39,759 - AUC       : 0.7670
2026-04-18 18:53:39,759 - AUCPR     : 0.7326
2026-04-18 18:53:39,759 - ===== Fold 4/5 =====
2026-04-18 18:53:40,534 - Epoch 1/200 - LR: 0.001 - Train Loss: 0.6998 - Val Loss: 0.6901
2026-04-18 18:53:41,100 - Epoch 2/200 - LR: 0.001 - Train Loss: 0.6949 - Val Loss: 0.6849
2026-04-18 18:53:41,640 - Epoch 3/200 - LR: 0.001 - Train Loss: 0.6995 - Val Loss: 0.6863
2026-04-18 18:53:42,192 - Epoch 4/200 - LR: 0.001 - Train Loss: 0.6960 - Val Loss: 0.6876
2026-04-18 18:53:42,809 - Epoch 5/200 - LR: 0.001 - Train Loss: 0.6695 - Val Loss: 0.7263
2026-04-18 18:53:43,497 - Epoch 6/200 - LR: 0.001 - Train Loss: 0.6299 - Val Loss: 0.6681
2026-04-18 18:53:44,078 - Epoch 7/200 - LR: 0.001 - Train Loss: 0.5939 - Val Loss: 0.7001
2026-04-18 18:53:44,674 - Epoch 8/200 - LR: 0.0005 - Train Loss: 0.6067 - Val Loss: 0.6486
2026-04-18 18:53:45,224 - Epoch 9/200 - LR: 0.0005 - Train Loss: 0.5665 - Val Loss: 0.6112
2026-04-18 18:53:45,846 - Epoch 10/200 - LR: 0.0005 - Train Loss: 0.5380 - Val Loss: 0.6064
2026-04-18 18:53:46,623 - Epoch 11/200 - LR: 0.0005 - Train Loss: 0.5173 - Val Loss: 0.6547
2026-04-18 18:53:47,489 - Epoch 12/200 - LR: 0.0005 - Train Loss: 0.4914 - Val Loss: 0.6297
2026-04-18 18:53:48,263 - Epoch 13/200 - LR: 0.0005 - Train Loss: 0.4270 - Val Loss: 0.6342
2026-04-18 18:53:49,039 - Epoch 14/200 - LR: 0.0005 - Train Loss: 0.4233 - Val Loss: 0.6363
2026-04-18 18:53:49,554 - Epoch 15/200 - LR: 0.0005 - Train Loss: 0.3909 - Val Loss: 0.6982
2026-04-18 18:53:50,044 - Epoch 16/200 - LR: 0.0005 - Train Loss: 0.3919 - Val Loss: 0.7132
2026-04-18 18:53:50,545 - Epoch 17/200 - LR: 0.00025 - Train Loss: 0.3580 - Val Loss: 0.7103
2026-04-18 18:53:51,000 - Epoch 18/200 - LR: 0.00025 - Train Loss: 0.2920 - Val Loss: 0.7737
2026-04-18 18:53:51,541 - Epoch 19/200 - LR: 0.00025 - Train Loss: 0.3076 - Val Loss: 0.8132
2026-04-18 18:53:52,084 - Epoch 20/200 - LR: 0.00025 - Train Loss: 0.2685 - Val Loss: 0.7483
2026-04-18 18:53:52,561 - Epoch 21/200 - LR: 0.00025 - Train Loss: 0.2511 - Val Loss: 0.8052
2026-04-18 18:53:53,023 - Epoch 22/200 - LR: 0.00025 - Train Loss: 0.2265 - Val Loss: 0.8504
2026-04-18 18:53:53,496 - Epoch 23/200 - LR: 0.000125 - Train Loss: 0.2204 - Val Loss: 0.8459
2026-04-18 18:53:54,012 - Epoch 24/200 - LR: 0.000125 - Train Loss: 0.2066 - Val Loss: 0.8940
2026-04-18 18:53:54,012 - Early stopping at epoch 24 (best MCC=0.4492)
2026-04-18 18:53:54,211 - Saved loss curve: ./mouse_models/fold_4_mouse.png
2026-04-18 18:53:54,211 - Fold 4 Best Metrics:
2026-04-18 18:53:54,211 - MCC       : 0.4492
2026-04-18 18:53:54,211 - SN        : 0.7067
2026-04-18 18:53:54,211 - SP        : 0.7422
2026-04-18 18:53:54,211 - ACC       : 0.7244
2026-04-18 18:53:54,211 - BACC      : 0.7244
2026-04-18 18:53:54,211 - PRECISION : 0.7327
2026-04-18 18:53:54,211 - F1        : 0.7195
2026-04-18 18:53:54,211 - AUC       : 0.7715
2026-04-18 18:53:54,211 - AUCPR     : 0.7656
2026-04-18 18:53:54,211 - ===== Fold 5/5 =====
2026-04-18 18:53:54,987 - Epoch 1/200 - LR: 0.001 - Train Loss: 0.6991 - Val Loss: 0.6938
2026-04-18 18:53:55,771 - Epoch 2/200 - LR: 0.001 - Train Loss: 0.6974 - Val Loss: 0.6952
2026-04-18 18:53:56,552 - Epoch 3/200 - LR: 0.001 - Train Loss: 0.6914 - Val Loss: 0.6819
2026-04-18 18:53:57,348 - Epoch 4/200 - LR: 0.001 - Train Loss: 0.6489 - Val Loss: 0.6902
2026-04-18 18:53:57,872 - Epoch 5/200 - LR: 0.001 - Train Loss: 0.6436 - Val Loss: 0.6464
2026-04-18 18:53:58,394 - Epoch 6/200 - LR: 0.001 - Train Loss: 0.6288 - Val Loss: 0.6225
2026-04-18 18:53:58,870 - Epoch 7/200 - LR: 0.001 - Train Loss: 0.5781 - Val Loss: 0.6774
2026-04-18 18:53:59,394 - Epoch 8/200 - LR: 0.001 - Train Loss: 0.5257 - Val Loss: 0.6072
2026-04-18 18:53:59,923 - Epoch 9/200 - LR: 0.0005 - Train Loss: 0.4718 - Val Loss: 0.6564
2026-04-18 18:54:00,458 - Epoch 10/200 - LR: 0.0005 - Train Loss: 0.4666 - Val Loss: 0.6163
2026-04-18 18:54:00,458 - Early stopping at epoch 10 (best MCC=0.4573)
2026-04-18 18:54:00,832 - Saved loss curve: ./mouse_models/fold_5_mouse.png
2026-04-18 18:54:00,832 - Fold 5 Best Metrics:
2026-04-18 18:54:00,832 - MCC       : 0.4573
2026-04-18 18:54:00,832 - SN        : 0.8933
2026-04-18 18:54:00,832 - SP        : 0.5333
2026-04-18 18:54:00,832 - ACC       : 0.7133
2026-04-18 18:54:00,832 - BACC      : 0.7133
2026-04-18 18:54:00,832 - PRECISION : 0.6569
2026-04-18 18:54:00,832 - F1        : 0.7571
2026-04-18 18:54:00,832 - AUC       : 0.7718
2026-04-18 18:54:00,832 - AUCPR     : 0.7312
2026-04-18 18:54:00,832 - ==============================
2026-04-18 18:54:00,832 - Cross-Validation Results:
2026-04-18 18:54:00,832 - MCC       : 0.4359 ± 0.0218
2026-04-18 18:54:00,832 - SN        : 0.7529 ± 0.0948
2026-04-18 18:54:00,832 - SP        : 0.6729 ± 0.1028
2026-04-18 18:54:00,833 - ACC       : 0.7129 ± 0.0118
2026-04-18 18:54:00,833 - BACC      : 0.7129 ± 0.0118
2026-04-18 18:54:00,833 - PRECISION : 0.7041 ± 0.0395
2026-04-18 18:54:00,833 - F1        : 0.7218 ± 0.0250
2026-04-18 18:54:00,833 - AUC       : 0.7743 ± 0.0094
2026-04-18 18:54:00,833 - AUCPR     : 0.7487 ± 0.0154
2026-04-18 18:54:00,833 - ==============================
2026-04-18 18:54:00,833 - Evaluating ensemble on test set...
2026-04-18 18:54:01,235 - Final Test Metrics (Ensemble):
2026-04-18 18:54:01,235 - MCC       : 0.5680
2026-04-18 18:54:01,235 - SN        : 0.8235
2026-04-18 18:54:01,235 - SP        : 0.7426
2026-04-18 18:54:01,235 - ACC       : 0.7831
2026-04-18 18:54:01,235 - BACC      : 0.7831
2026-04-18 18:54:01,235 - PRECISION : 0.7619
2026-04-18 18:54:01,235 - F1        : 0.7915
2026-04-18 18:54:01,235 - AUC       : 0.8505
2026-04-18 18:54:01,235 - AUCPR     : 0.8448
