2026-04-21 11:26:28,191 - ==============================
2026-04-21 11:26:28,191 - PLM Graph Model Training
2026-04-21 11:26:28,191 - ==============================
2026-04-21 11:26:28,191 - Hyperparameters:
2026-04-21 11:26:28,191 - Batch Size: 128
2026-04-21 11:26:28,191 - Learning Rate: 0.001
2026-04-21 11:26:28,191 - Weight Decay: 0.001
2026-04-21 11:26:28,191 - Epochs: 200
2026-04-21 11:26:28,191 - K-Folds: 5
2026-04-21 11:26:28,191 - Patience: 5
2026-04-21 11:26:28,191 - Early Stop Metric: MCC
2026-04-21 11:26:28,191 - Node Feature Dimension: 1280
2026-04-21 11:26:28,191 - Sequence Feature Dimension: 21 (20 AA + 1 X)
2026-04-21 11:26:28,191 - Hidden Dimension: 128
2026-04-21 11:26:28,191 - LR Scheduler: ReduceLROnPlateau(factor=0.5, patience=2, min_lr=1e-06)
2026-04-21 11:26:28,191 - ==============================
2026-04-21 11:26:28,191 - Loading training data from data/rice_train_embedding_graph.pt...
2026-04-21 11:26:29,173 - ===== Fold 1/5 =====
2026-04-21 11:26:30,556 - Epoch 1/200 - LR: 0.001 - Train Loss: 0.6929 - Val Loss: 0.6762
2026-04-21 11:26:31,204 - Epoch 2/200 - LR: 0.001 - Train Loss: 0.6674 - Val Loss: 0.5988
2026-04-21 11:26:31,796 - Epoch 3/200 - LR: 0.001 - Train Loss: 0.5503 - Val Loss: 0.4995
2026-04-21 11:26:32,381 - Epoch 4/200 - LR: 0.001 - Train Loss: 0.4830 - Val Loss: 0.5248
2026-04-21 11:26:33,064 - Epoch 5/200 - LR: 0.001 - Train Loss: 0.4434 - Val Loss: 0.4412
2026-04-21 11:26:33,714 - Epoch 6/200 - LR: 0.001 - Train Loss: 0.3470 - Val Loss: 0.4716
2026-04-21 11:26:34,285 - Epoch 7/200 - LR: 0.001 - Train Loss: 0.3482 - Val Loss: 0.4286
2026-04-21 11:26:34,886 - Epoch 8/200 - LR: 0.001 - Train Loss: 0.3071 - Val Loss: 0.6104
2026-04-21 11:26:35,474 - Epoch 9/200 - LR: 0.001 - Train Loss: 0.3137 - Val Loss: 0.5117
2026-04-21 11:26:36,084 - Epoch 10/200 - LR: 0.001 - Train Loss: 0.2736 - Val Loss: 0.5487
2026-04-21 11:26:36,646 - Epoch 11/200 - LR: 0.0005 - Train Loss: 0.2314 - Val Loss: 0.5081
2026-04-21 11:26:37,213 - Epoch 12/200 - LR: 0.0005 - Train Loss: 0.1567 - Val Loss: 0.5605
2026-04-21 11:26:37,213 - Early stopping at epoch 12 (best MCC=0.6389)
2026-04-21 11:26:37,412 - Saved loss curve: ./rice_models/fold_1_rice.png
2026-04-21 11:26:37,412 - Fold 1 Best Metrics:
2026-04-21 11:26:37,412 - MCC       : 0.6389
2026-04-21 11:26:37,412 - SN        : 0.8589
2026-04-21 11:26:37,412 - SP        : 0.7778
2026-04-21 11:26:37,412 - ACC       : 0.8185
2026-04-21 11:26:37,413 - BACC      : 0.8183
2026-04-21 11:26:37,413 - PRECISION : 0.7955
2026-04-21 11:26:37,413 - F1        : 0.8260
2026-04-21 11:26:37,413 - AUC       : 0.8943
2026-04-21 11:26:37,413 - AUCPR     : 0.8877
2026-04-21 11:26:37,413 - ===== Fold 2/5 =====
2026-04-21 11:26:38,015 - Epoch 1/200 - LR: 0.001 - Train Loss: 0.6968 - Val Loss: 0.6732
2026-04-21 11:26:38,622 - Epoch 2/200 - LR: 0.001 - Train Loss: 0.6680 - Val Loss: 0.6006
2026-04-21 11:26:39,188 - Epoch 3/200 - LR: 0.001 - Train Loss: 0.5349 - Val Loss: 0.4889
2026-04-21 11:26:39,771 - Epoch 4/200 - LR: 0.001 - Train Loss: 0.4273 - Val Loss: 0.4241
2026-04-21 11:26:40,394 - Epoch 5/200 - LR: 0.001 - Train Loss: 0.4152 - Val Loss: 0.4893
2026-04-21 11:26:40,985 - Epoch 6/200 - LR: 0.001 - Train Loss: 0.3378 - Val Loss: 0.4569
2026-04-21 11:26:41,557 - Epoch 7/200 - LR: 0.001 - Train Loss: 0.2878 - Val Loss: 0.4937
2026-04-21 11:26:42,184 - Epoch 8/200 - LR: 0.001 - Train Loss: 0.2630 - Val Loss: 0.4886
2026-04-21 11:26:42,760 - Epoch 9/200 - LR: 0.001 - Train Loss: 0.2363 - Val Loss: 0.5778
2026-04-21 11:26:43,287 - Epoch 10/200 - LR: 0.0005 - Train Loss: 0.1713 - Val Loss: 0.5898
2026-04-21 11:26:43,714 - Epoch 11/200 - LR: 0.0005 - Train Loss: 0.1412 - Val Loss: 0.6853
2026-04-21 11:26:43,714 - Early stopping at epoch 11 (best MCC=0.6385)
2026-04-21 11:26:43,911 - Saved loss curve: ./rice_models/fold_2_rice.png
2026-04-21 11:26:43,911 - Fold 2 Best Metrics:
2026-04-21 11:26:43,911 - MCC       : 0.6385
2026-04-21 11:26:43,911 - SN        : 0.8519
2026-04-21 11:26:43,911 - SP        : 0.7853
2026-04-21 11:26:43,911 - ACC       : 0.8185
2026-04-21 11:26:43,911 - BACC      : 0.8186
2026-04-21 11:26:43,911 - PRECISION : 0.7977
2026-04-21 11:26:43,911 - F1        : 0.8239
2026-04-21 11:26:43,911 - AUC       : 0.8923
2026-04-21 11:26:43,911 - AUCPR     : 0.8758
2026-04-21 11:26:43,911 - ===== Fold 3/5 =====
2026-04-21 11:26:44,427 - Epoch 1/200 - LR: 0.001 - Train Loss: 0.6984 - Val Loss: 0.6898
2026-04-21 11:26:44,841 - Epoch 2/200 - LR: 0.001 - Train Loss: 0.6968 - Val Loss: 0.6911
2026-04-21 11:26:45,229 - Epoch 3/200 - LR: 0.001 - Train Loss: 0.6302 - Val Loss: 0.6121
2026-04-21 11:26:45,656 - Epoch 4/200 - LR: 0.001 - Train Loss: 0.5292 - Val Loss: 0.4527
2026-04-21 11:26:46,107 - Epoch 5/200 - LR: 0.001 - Train Loss: 0.4829 - Val Loss: 0.5177
2026-04-21 11:26:46,649 - Epoch 6/200 - LR: 0.001 - Train Loss: 0.4542 - Val Loss: 0.4513
2026-04-21 11:26:47,163 - Epoch 7/200 - LR: 0.001 - Train Loss: 0.4259 - Val Loss: 0.4884
2026-04-21 11:26:47,711 - Epoch 8/200 - LR: 0.0005 - Train Loss: 0.3777 - Val Loss: 0.4552
2026-04-21 11:26:48,255 - Epoch 9/200 - LR: 0.0005 - Train Loss: 0.3748 - Val Loss: 0.4344
2026-04-21 11:26:48,255 - Early stopping at epoch 9 (best MCC=0.6298)
2026-04-21 11:26:48,456 - Saved loss curve: ./rice_models/fold_3_rice.png
2026-04-21 11:26:48,457 - Fold 3 Best Metrics:
2026-04-21 11:26:48,457 - MCC       : 0.6298
2026-04-21 11:26:48,457 - SN        : 0.8025
2026-04-21 11:26:48,457 - SP        : 0.8272
2026-04-21 11:26:48,457 - ACC       : 0.8148
2026-04-21 11:26:48,457 - BACC      : 0.8148
2026-04-21 11:26:48,457 - PRECISION : 0.8228
2026-04-21 11:26:48,457 - F1        : 0.8125
2026-04-21 11:26:48,457 - AUC       : 0.8605
2026-04-21 11:26:48,457 - AUCPR     : 0.8610
2026-04-21 11:26:48,457 - ===== Fold 4/5 =====
2026-04-21 11:26:49,087 - Epoch 1/200 - LR: 0.001 - Train Loss: 0.6947 - Val Loss: 0.6829
2026-04-21 11:26:49,673 - Epoch 2/200 - LR: 0.001 - Train Loss: 0.6438 - Val Loss: 0.5739
2026-04-21 11:26:50,248 - Epoch 3/200 - LR: 0.001 - Train Loss: 0.5565 - Val Loss: 0.7084
2026-04-21 11:26:50,851 - Epoch 4/200 - LR: 0.001 - Train Loss: 0.5229 - Val Loss: 0.5768
2026-04-21 11:26:51,502 - Epoch 5/200 - LR: 0.001 - Train Loss: 0.4349 - Val Loss: 0.5352
2026-04-21 11:26:52,150 - Epoch 6/200 - LR: 0.001 - Train Loss: 0.3743 - Val Loss: 0.6107
2026-04-21 11:26:52,825 - Epoch 7/200 - LR: 0.001 - Train Loss: 0.3246 - Val Loss: 0.5552
2026-04-21 11:26:53,436 - Epoch 8/200 - LR: 0.001 - Train Loss: 0.2642 - Val Loss: 0.5576
2026-04-21 11:26:54,053 - Epoch 9/200 - LR: 0.001 - Train Loss: 0.2861 - Val Loss: 0.5965
2026-04-21 11:26:54,660 - Epoch 10/200 - LR: 0.001 - Train Loss: 0.2117 - Val Loss: 0.6985
2026-04-21 11:26:55,249 - Epoch 11/200 - LR: 0.001 - Train Loss: 0.1769 - Val Loss: 0.7427
2026-04-21 11:26:55,821 - Epoch 12/200 - LR: 0.001 - Train Loss: 0.1519 - Val Loss: 0.7288
2026-04-21 11:26:56,430 - Epoch 13/200 - LR: 0.001 - Train Loss: 0.2370 - Val Loss: 0.4692
2026-04-21 11:26:56,824 - Epoch 14/200 - LR: 0.001 - Train Loss: 0.1513 - Val Loss: 0.8531
2026-04-21 11:26:57,259 - Epoch 15/200 - LR: 0.001 - Train Loss: 0.1413 - Val Loss: 0.6893
2026-04-21 11:26:57,662 - Epoch 16/200 - LR: 0.0005 - Train Loss: 0.0892 - Val Loss: 0.6841
2026-04-21 11:26:58,096 - Epoch 17/200 - LR: 0.0005 - Train Loss: 0.0846 - Val Loss: 0.8842
2026-04-21 11:26:58,554 - Epoch 18/200 - LR: 0.0005 - Train Loss: 0.0659 - Val Loss: 0.8994
2026-04-21 11:26:58,965 - Epoch 19/200 - LR: 0.0005 - Train Loss: 0.0569 - Val Loss: 0.8355
2026-04-21 11:26:59,373 - Epoch 20/200 - LR: 0.0005 - Train Loss: 0.0592 - Val Loss: 0.9461
2026-04-21 11:26:59,751 - Epoch 21/200 - LR: 0.0005 - Train Loss: 0.0838 - Val Loss: 1.1127
2026-04-21 11:27:00,186 - Epoch 22/200 - LR: 0.0005 - Train Loss: 0.0680 - Val Loss: 0.9592
2026-04-21 11:27:00,720 - Epoch 23/200 - LR: 0.00025 - Train Loss: 0.0485 - Val Loss: 0.9771
2026-04-21 11:27:01,332 - Epoch 24/200 - LR: 0.00025 - Train Loss: 0.0265 - Val Loss: 1.0544
2026-04-21 11:27:01,332 - Early stopping at epoch 24 (best MCC=0.6428)
2026-04-21 11:27:01,528 - Saved loss curve: ./rice_models/fold_4_rice.png
2026-04-21 11:27:01,528 - Fold 4 Best Metrics:
2026-04-21 11:27:01,528 - MCC       : 0.6428
2026-04-21 11:27:01,528 - SN        : 0.7963
2026-04-21 11:27:01,528 - SP        : 0.8457
2026-04-21 11:27:01,528 - ACC       : 0.8210
2026-04-21 11:27:01,528 - BACC      : 0.8210
2026-04-21 11:27:01,528 - PRECISION : 0.8377
2026-04-21 11:27:01,528 - F1        : 0.8165
2026-04-21 11:27:01,529 - AUC       : 0.8889
2026-04-21 11:27:01,529 - AUCPR     : 0.8898
2026-04-21 11:27:01,529 - ===== Fold 5/5 =====
2026-04-21 11:27:02,151 - Epoch 1/200 - LR: 0.001 - Train Loss: 0.6933 - Val Loss: 0.7018
2026-04-21 11:27:02,778 - Epoch 2/200 - LR: 0.001 - Train Loss: 0.6927 - Val Loss: 0.6780
2026-04-21 11:27:03,431 - Epoch 3/200 - LR: 0.001 - Train Loss: 0.6054 - Val Loss: 0.4998
2026-04-21 11:27:04,097 - Epoch 4/200 - LR: 0.001 - Train Loss: 0.5187 - Val Loss: 0.4837
2026-04-21 11:27:04,706 - Epoch 5/200 - LR: 0.001 - Train Loss: 0.4904 - Val Loss: 0.4329
2026-04-21 11:27:05,310 - Epoch 6/200 - LR: 0.001 - Train Loss: 0.4021 - Val Loss: 0.4625
2026-04-21 11:27:05,893 - Epoch 7/200 - LR: 0.001 - Train Loss: 0.3282 - Val Loss: 0.4335
2026-04-21 11:27:06,486 - Epoch 8/200 - LR: 0.001 - Train Loss: 0.3282 - Val Loss: 0.4467
2026-04-21 11:27:07,091 - Epoch 9/200 - LR: 0.001 - Train Loss: 0.2676 - Val Loss: 0.5620
2026-04-21 11:27:07,682 - Epoch 10/200 - LR: 0.001 - Train Loss: 0.2242 - Val Loss: 0.4378
2026-04-21 11:27:08,302 - Epoch 11/200 - LR: 0.001 - Train Loss: 0.1824 - Val Loss: 0.4630
2026-04-21 11:27:08,932 - Epoch 12/200 - LR: 0.001 - Train Loss: 0.1768 - Val Loss: 0.6423
2026-04-21 11:27:09,539 - Epoch 13/200 - LR: 0.001 - Train Loss: 0.1527 - Val Loss: 0.5496
2026-04-21 11:27:10,145 - Epoch 14/200 - LR: 0.0005 - Train Loss: 0.1629 - Val Loss: 0.5462
2026-04-21 11:27:10,750 - Epoch 15/200 - LR: 0.0005 - Train Loss: 0.0803 - Val Loss: 0.6677
2026-04-21 11:27:10,750 - Early stopping at epoch 15 (best MCC=0.6809)
2026-04-21 11:27:10,951 - Saved loss curve: ./rice_models/fold_5_rice.png
2026-04-21 11:27:10,951 - Fold 5 Best Metrics:
2026-04-21 11:27:10,951 - MCC       : 0.6809
2026-04-21 11:27:10,951 - SN        : 0.8765
2026-04-21 11:27:10,951 - SP        : 0.8025
2026-04-21 11:27:10,952 - ACC       : 0.8395
2026-04-21 11:27:10,952 - BACC      : 0.8395
2026-04-21 11:27:10,952 - PRECISION : 0.8161
2026-04-21 11:27:10,952 - F1        : 0.8452
2026-04-21 11:27:10,952 - AUC       : 0.9095
2026-04-21 11:27:10,952 - AUCPR     : 0.8901
2026-04-21 11:27:10,952 - ==============================
2026-04-21 11:27:10,952 - Cross-Validation Results:
2026-04-21 11:27:10,952 - MCC       : 0.6462 ± 0.0179
2026-04-21 11:27:10,952 - SN        : 0.8372 ± 0.0320
2026-04-21 11:27:10,952 - SP        : 0.8077 ± 0.0255
2026-04-21 11:27:10,952 - ACC       : 0.8224 ± 0.0088
2026-04-21 11:27:10,952 - BACC      : 0.8224 ± 0.0088
2026-04-21 11:27:10,952 - PRECISION : 0.8139 ± 0.0158
2026-04-21 11:27:10,952 - F1        : 0.8248 ± 0.0113
2026-04-21 11:27:10,952 - AUC       : 0.8891 ± 0.0160
2026-04-21 11:27:10,953 - AUCPR     : 0.8809 ± 0.0112
2026-04-21 11:27:10,953 - ==============================
2026-04-21 11:27:10,953 - Evaluating ensemble on test set...
2026-04-21 11:27:11,292 - Final Test Metrics (Ensemble):
2026-04-21 11:27:11,292 - MCC       : 0.7107
2026-04-21 11:27:11,292 - SN        : 0.8090
2026-04-21 11:27:11,292 - SP        : 0.8989
2026-04-21 11:27:11,293 - ACC       : 0.8539
2026-04-21 11:27:11,293 - BACC      : 0.8539
2026-04-21 11:27:11,293 - PRECISION : 0.8889
2026-04-21 11:27:11,293 - F1        : 0.8471
2026-04-21 11:27:11,293 - AUC       : 0.9402
2026-04-21 11:27:11,293 - AUCPR     : 0.9400
