2026-06-02 17:24:20,498 - ============================================================
2026-06-02 17:24:20,498 - DISTANCE: 6
2026-06-02 17:24:20,498 - ============================================================
2026-06-02 17:24:20,498 - Hyperparameters:
2026-06-02 17:24:20,498 -   Batch Size: 128
2026-06-02 17:24:20,498 -   Learning Rate: 0.0001
2026-06-02 17:24:20,498 -   Weight Decay: 0.001
2026-06-02 17:24:20,498 -   Epochs: 200
2026-06-02 17:24:20,499 -   K-Folds: 5
2026-06-02 17:24:20,499 -   Patience: 20
2026-06-02 17:24:20,499 -   Early Stop Metric: MCC
2026-06-02 17:24:20,499 -   Node Feature Dimension: 1280
2026-06-02 17:24:20,499 -   Sequence Feature Dimension: 21 (20 AA + 1 X)
2026-06-02 17:24:20,499 -   Hidden Dimension: 128
2026-06-02 17:24:20,499 -   LR Scheduler: ReduceLROnPlateau(factor=0.5, patience=3, min_lr=1e-06)
2026-06-02 17:24:20,499 -   Cross-Validation: GroupKFold (group = protein name)
2026-06-02 17:24:20,499 - ============================================================
2026-06-02 17:24:20,499 - Loading training data from data/train_embedding_graph_6.pt...
2026-06-02 17:24:23,094 - Number of unique proteins (groups): 1012
2026-06-02 17:24:23,095 - Proteins: AASDH, AATF, ABCF1, ABCF2, ABCF3, ABITRAM, ABRAXAS1, ACADVL, ACAT1, ACIN1, ACLY, ACO2, ACOT13, ACOT9, ACSF2, ADAR, ADNP, AFF4, AGFG2, AGGF1, AHCYL2, AHSA1, AIF1L, AKAP8L, ALDH18A1, ALDH9A1, ALDOA, ALG9, ALKBH3, ALKBH5, ALYREF, ANLN, ANXA2, APBB1, APEX1, APIP, ARFGAP1, ARFGAP2, ARFIP1, ARID3A, ARID4B, ARL3, ARL6IP4, ARMC1, ARPC2, ARPC5, ARPIN, ASPSCR1, ATF7IP, ATG12, ATP5F1A, ATP5F1B, ATP5IF1, ATP5PD, ATP5PO, ATP6V1E1, ATP6V1G1, ATPAF1, ATXN2L, ATXN3, AUH, AURKA, BAG2, BBS9, BBX, BCLAF1, BLNK, BMS1, BRD2, BRD4, BRIX1, BRPF1, BTF3, BUB1B, BUD23, BUD31, C12orf45, C16orf87, C19orf47, C19orf53, C1orf131, C1orf174, C1orf198, C1orf52, C7orf50, C9orf78, CACYBP, CALD1, CALU, CANX, CAPZA1, CAPZB, CAST, CAVIN1, CBFB, CBX5, CC2D1A, CCDC117, CCDC124, CCDC137, CCDC59, CCDC71, CCDC82, CCDC86, CCNH, CCNK, CCNT1, CCT2, CCT3, CCT5, CCT8, CD2BP2, CDC37, CDC40, CDC5L, CDC73, CDCA2, CDK7, CDK9, CDKN2AIP, CDV3, CDYL, CENPV, CEP131, CFL1, CHAF1A, CHAF1B, CHAMP1, CHERP, CHMP1B, CHMP2A, CHMP2B, CHMP4B, CHMP5, CHRAC1, CHTOP, CIAPIN1, CKAP2L, CKS2, CLASRP, CLINT1, CMAS, CMTR1, CNN3, CNP, COIL, COPS7A, CORO1B, CPNE1, CPSF3, CREB1, CRIPT, CRNKL1, CRTC3, CS, CSNK2B, CSRP1, CTCF, CTDP1, CTTN, CUEDC2, CUL1, CUL3, CWC15, CWC22, CWC27, CXorf56, CYCS, CZIB, DAXX, DBNL, DBR1, DBT, DCPS, DCUN1D5, DDA1, DDB1, DDB2, DDHD1, DDX10, DDX17, DDX18, DDX21, DDX23, DDX24, DDX27, DDX31, DDX39B, DDX41, DDX42, DDX46, DDX47, DDX52, DEK, DFFA, DGCR8, DHX16, DHX36, DHX37, DHX38, DHX9, DIEXF, DIMT1, DIS3, DKC1, DLAT, DLG3, DLGAP4, DNAJA3, DNAJB1, DNAJC17, DNAJC8, DNTTIP2, DPF2, DR1, DRAP1, DTD1, DUS1L, DUS3L, DUT, EAF1, EBAG9, EBNA1BP2, ECHDC1, ECI1, ECI2, ECT2, EDC3, EDF1, EED, EEF1G, EHMT1, EIF1AD, EIF1AX, EIF2B3, EIF2S2, EIF3A, EIF3CL, EIF3D, EIF3E, EIF3G, EIF3J, EIF4A3, EIF4EBP1, EIF4G2, EIF4H, EIF5, EIF5A, EIF5B, ELAC2, ELAVL1, ELOA, ELOF1, EMD, EML4, EMSY, ENO1, ENSA, EPB41L2, EPC2, ERCC3, ERF, ESF1, ESRRA, ETFA, ETFB, EXOC1, EXOSC10, EYA3, FABP5, FAIM, FAM126A, FAM133B, FAM50A, FAM76B, FANCI, FBXO45, FEN1, FER, FH, FHL1, FIP1L1, FKBP3, FKBP4, FLYWCH2, FMC1, FNBP4, FOXK2, FRG1, G3BP1, GABPA, GATAD2A, GATB, GFM2, GGCX, GIGYF2, GINS3, GIPC1, GLRA1, GLS, GMNN, GMPR2, GNL3, GNL3L, GOT2, GPALPP1, GPATCH1, GPATCH11, GPI, GPKOW, GRPEL1, GSE1, GTF2E2, GTF2F1, GTF2F2, GTF2H1, GTF2I, GTF3C2, GTF3C4, GTF3C5, GTPBP1, GTSE1, H2BC18, H3C1, H4C1, HADHA, HADHB, HAT1, HDAC2, HDGFL2, HDLBP, HEATR3, HELLS, HEXIM1, HIBCH, HIC2, HINT1, HIRIP3, HLTF, HMBS, HMG20A, HMGA2, HMGN1, HMOX2, HNRNPA1, HNRNPC, HNRNPDL, HNRNPH1, HNRNPK, HNRNPL, HNRNPM, HNRNPR, HNRNPU, HSP90AA1, HSP90AB2P, HSPA4, HSPA9, HSPD1, HSPE1, IARS2, ICE2, IDH2, IGHMBP2, IK, ILF3, ILKAP, INCENP, INIP, INO80B, INTS10, INTS12, INTS4, IRF2, IRF2BP1, IRF2BP2, IWS1, JADE3, JPH2, JPT1, JPT2, KARS1, KAT7, KCTD16, KDM2B, KDM4A, KHDC4, KHDRBS1, KHSRP, KIAA1143, KIF22, KIF23, KIF2A, KIF4A, KIF5B, KIFC1, KIN, KPNA1, KRI1, KRR1, LARP1, LARP7, LASP1, LCORL, LDHA, LEMD3, LIG1, LIMA1, LMNA, LPP, LRPPRC, LRRC40, LRRC41, LRRC59, LSM14A, LUZP1, LYAR, LYSMD3, LZTS2, MACROD1, MACROH2A1, MAGED1, MAGED2, MAGOHB, MAP2K7, MAP4, MAPK13, MAPRE3, MASTL, MATR3, MB21D2, MBD1, MBD2, MCEE, MCM3, MCRS1, MCU, MDH2, ME2, MEAF6, MECP2, MED27, MED4, MED6, MEN1, MEPCE, METTL1, METTL16, MFAP1, MIDEAS, MKRN2, MLH1, MMAB, MMTAG2, MNAT1, MOB3A, MORF4L1, MPHOSPH6, MPHOSPH8, MRE11, MRPL12, MRPL44, MRPL47, MRPS28, MRTO4, MSH2, MSH6, MSL1, MSL3P1, MTA1, MTHFD1L, MTHFD2, MTREX, MVD, MYBBP1A, MYBL2, MYL6B, MYO6, N4BP1, NAB2, NACC1, NAMPT, NASP, NAT10, NBN, NCAPG, NCAPH, NCAPH2, NCBP1, NCBP3, NCK2, NCKAP1, NCL, NDUFAF4, NDUFAF7, NDUFV3, NEBL, NECAP1, NEFL, NELFA, NELFE, NEXN, NFIA, NFX1, NFYA, NHLRC2, NIFK, NIPSNAP3A, NKAP, NKIRAS2, NKRF, NNT, NOC3L, NOL11, NOL6, NOL7, NOL8, NOP14, NOP2, NOP56, NOP58, NOP9, NOSIP, NPM1, NSD2, NSFL1C, NSMCE4A, NSRP1, NUCKS1, NUDC, NUDT21, NUFIP2, NUP50, NUSAP1, NVL, OAT, OBI1, OCIAD1, OCLN, OGFR, OGT, OR4Q3, ORC2, ORC3, ORC4, OSBPL8, OTUD3, OTUD5, OTUD7B, OXCT1, PA2G4, PACS1, PAICS, PAK1IP1, PAPSS1, PARD3, PARN, PARP1, PARVB, PATZ1, PAWR, PAXIP1, PAXX, PBK, PCBP2, PCGF1, PCLAF, PCNA, PCNP, PDAP1, PDCD4, PDCD5, PDCL3, PDHA1, PDLIM1, PDLIM3, PDLIM5, PELP1, PES1, PFDN2, PFKP, PGAM1, PHAX, PHB2, PHC1, PHC2, PHC3, PHF10, PHF2, PHF20L1, PHF21A, PHF23, PHF5A, PHF6, PHLDB2, PIN4, PKN2, PLK1, PLS3, PML, PMPCB, PMS2, PNKP, PNN, PNPT1, POC5, POLA2, POLD1, POLD2, POLD3, POLD4, POLE4, POLR1G, POM121, PPA2, PPAN, PPFIA1, PPIL2, PPIL4, PPM1G, PPME1, PPP1CA, PPP1R11, PPP1R14C, PPP1R2, PPP2R5D, PPP4R3A, PPWD1, PQBP1, PRCC, PRDX3, PRKRIP1, PRMT5, PRORP, PRPF3, PRPF31, PRPF38B, PRPF4, PRPF6, PRR15, PRR3, PSIP1, PSMA8, PSMD3, PSMD4, PSMD9, PSME3IP1, PTBP1, PTCD3, PTMS, PTPN11, PTPN2, PTRHD1, PUF60, PUM3, PWP2, PWWP2A, PYROXD1, QRICH1, RACGAP1, RAD17, RAD21, RAD51AP1, RAN, RANBP3, RB1, RBBP4, RBBP5, RBM10, RBM14, RBM15, RBM17, RBM20, RBM22, RBM25, RBM26, RBM27, RBM28, RBM33, RBM39, RBM6, RBMX, RCC1, RCC2, RDX, RECQL, RECQL5, REXO1, REXO2, RFC1, RFX5, RIOX2, RNASEH2B, RNF113A, RNF114, RNF169, RNF40, RNGTT, RNMT, RPA1, RPAP2, RPL10, RPL10A, RPL11, RPL13, RPL14, RPL17, RPL18A, RPL19, RPL21, RPL22, RPL23A, RPL24, RPL27, RPL27A, RPL28, RPL29, RPL3, RPL30, RPL31, RPL34, RPL36, RPL4, RPL5, RPL7A, RPL7L1, RPL9, RPP30, RPP38, RPS10, RPS11, RPS14, RPS19, RPS20, RPS23, RPS25, RPS27A, RPS3, RPS3A, RPS4X, RPS6, RPS6KA4, RPS6KB1, RPS7, RPS8, RPS9, RPSA, RRN3, RRP12, RRP1B, RRP8, RRS1, RSBN1L, RSL1D1, RSRC2, RTEL1, RTF1, RTF2, RTKN, RYBP, S100A10, S100A11, SAE1, SAFB2, SAMHD1, SAP30, SAP30BP, SARNP, SARS2, SART1, SART3, SATB2, SCML2, SCNM1, SDAD1, SDHA, SEC61B, SEC63, SELENOH, SENP3, SENP6, SEPTIN2, SEPTIN9, SERF2, SET, SETD3, SETDB1, SF1, SF3A1, SF3A2, SF3A3, SF3B1, SF3B2, SFMBT1, SFPQ, SH3GL1, SH3GLB1, SHMT2, SIN3A, SIN3B, SINHCAF, SIRPA, SLBP, SLC25A3, SLC25A5, SLC27A4, SLC4A1AP, SLC6A7, SLTM, SLU7, SMAP, SMARCA1, SMARCAD1, SMARCAL1, SMARCC2, SMC3, SMC4, SMC5, SMN1, SMNDC1, SNCA, SNF8, SNRNP27, SNRNP40, SNRPA, SNRPA1, SNRPE, SNW1, SNX6, SNX9, SOD2, SPAG7, SPART, SPECC1L, SRBD1, SREK1, SRP14, SRRM1, SRSF10, SRSF3, SRSF4, SS18, SSB, SSRP1, STAG1, STARD13, STAT6, STIM1, STIP1, STK38L, STMN2, STOML2, STRN3, STT3B, SUB1, SUCLA2, SUDS3, SUGP1, SUGP2, SUMO2, SUPT16H, SUPT5H, SURF6, SUZ12, SYMPK, TAF3, TAF6L, TAGLN2, TASP1, TBC1D13, TBC1D24, TBCB, TBL3, TCF19, TCF25, TCF3, TDP1, TERF2, TERF2IP, TES, TESK2, TEX10, TFIP11, THAP12, THAP4, THOC5, THRAP3, THUMPD1, THUMPD2, THYN1, TIMELESS, TIMM44, TK1, TLE3, TLK2, TMA16, TMLHE, TMPO, TOM1L1, TOP1, TOX4, TP53I11, TP73, TPX2, TRA2B, TRIM28, TRIM33, TRIR, TRMT1, TRMT10A, TRMT6, TRPS1, TSNAX, TSR1, TTC12, TTC33, TTLL12, TUFM, TUT1, TXNDC9, U2SURP, UBA1, UBE2E3, UBE2K, UBE2M, UBE2S, UBE2V2, UBN1, UBXN1, UBXN7, UHRF1, UIMC1, UNC119B, UNC45A, UPF1, UQCRC2, USP10, USP13, USP22, USP48, UTP11, UTP14A, UTP18, UTP3, VCPIP1, VPS33B, VPS72, VRK1, WAC, WAPL, WBP11, WBP4, WDHD1, WDR12, WDR33, WDR4, WDR43, WDR45B, WDR46, WDR70, WIZ, XPC, XPO5, XRCC4, XRCC5, XRCC6, YAP1, YARS1, YTHDC1, YWHAH, YY1, ZBTB34, ZBTB4, ZBTB7A, ZBTB7B, ZC3H11A, ZC3H14, ZC3H15, ZC3H4, ZC3H8, ZC3HC1, ZCCHC8, ZFAND6, ZFP91, ZFR, ZHX3, ZMAT2, ZMYM3, ZMYND8, ZNF148, ZNF174, ZNF207, ZNF217, ZNF280C, ZNF326, ZNF384, ZNF512, ZNF512B, ZNF516, ZNF592, ZNF618, ZNF639, ZNF644, ZNF687, ZNF706, ZNF787, ZNF800, ZNF804B, ZNF830, ZRANB1, ZRANB2, ZYX, ZZZ3
2026-06-02 17:24:23,111 - ===== Fold 1/5 (train proteins: 809, val proteins: 203) =====
2026-06-02 17:24:25,110 - Epoch 1/200 - LR: 0.0001 - Train Loss: 0.6936 - Val Loss: 0.6918
2026-06-02 17:24:26,160 - Epoch 2/200 - LR: 0.0001 - Train Loss: 0.6932 - Val Loss: 0.6818
2026-06-02 17:24:27,240 - Epoch 3/200 - LR: 0.0001 - Train Loss: 0.6872 - Val Loss: 0.6579
2026-06-02 17:24:28,337 - Epoch 4/200 - LR: 0.0001 - Train Loss: 0.6709 - Val Loss: 0.6180
2026-06-02 17:24:29,560 - Epoch 5/200 - LR: 0.0001 - Train Loss: 0.6250 - Val Loss: 0.5838
2026-06-02 17:24:30,742 - Epoch 6/200 - LR: 0.0001 - Train Loss: 0.5733 - Val Loss: 0.5856
2026-06-02 17:24:31,832 - Epoch 7/200 - LR: 0.0001 - Train Loss: 0.5328 - Val Loss: 0.6046
2026-06-02 17:24:32,890 - Epoch 8/200 - LR: 0.0001 - Train Loss: 0.5369 - Val Loss: 0.5682
2026-06-02 17:24:34,026 - Epoch 9/200 - LR: 0.0001 - Train Loss: 0.4879 - Val Loss: 0.5441
2026-06-02 17:24:35,214 - Epoch 10/200 - LR: 0.0001 - Train Loss: 0.4781 - Val Loss: 0.5456
2026-06-02 17:24:36,294 - Epoch 11/200 - LR: 0.0001 - Train Loss: 0.4710 - Val Loss: 0.5430
2026-06-02 17:24:37,356 - Epoch 12/200 - LR: 0.0001 - Train Loss: 0.4521 - Val Loss: 0.5407
2026-06-02 17:24:38,483 - Epoch 13/200 - LR: 0.0001 - Train Loss: 0.4294 - Val Loss: 0.5414
2026-06-02 17:24:39,552 - Epoch 14/200 - LR: 0.0001 - Train Loss: 0.4228 - Val Loss: 0.5423
2026-06-02 17:24:40,686 - Epoch 15/200 - LR: 0.0001 - Train Loss: 0.4084 - Val Loss: 0.5432
2026-06-02 17:24:41,717 - Epoch 16/200 - LR: 0.0001 - Train Loss: 0.4016 - Val Loss: 0.5494
2026-06-02 17:24:42,887 - Epoch 17/200 - LR: 0.0001 - Train Loss: 0.3804 - Val Loss: 0.5563
2026-06-02 17:24:43,974 - Epoch 18/200 - LR: 5e-05 - Train Loss: 0.3550 - Val Loss: 0.5770
2026-06-02 17:24:45,094 - Epoch 19/200 - LR: 5e-05 - Train Loss: 0.3454 - Val Loss: 0.5853
2026-06-02 17:24:46,132 - Epoch 20/200 - LR: 5e-05 - Train Loss: 0.3440 - Val Loss: 0.5901
2026-06-02 17:24:47,135 - Epoch 21/200 - LR: 5e-05 - Train Loss: 0.3349 - Val Loss: 0.5786
2026-06-02 17:24:48,129 - Epoch 22/200 - LR: 2.5e-05 - Train Loss: 0.3202 - Val Loss: 0.5904
2026-06-02 17:24:49,328 - Epoch 23/200 - LR: 2.5e-05 - Train Loss: 0.3268 - Val Loss: 0.5957
2026-06-02 17:24:50,511 - Epoch 24/200 - LR: 2.5e-05 - Train Loss: 0.3117 - Val Loss: 0.5992
2026-06-02 17:24:51,675 - Epoch 25/200 - LR: 2.5e-05 - Train Loss: 0.3115 - Val Loss: 0.6100
2026-06-02 17:24:52,837 - Epoch 26/200 - LR: 2.5e-05 - Train Loss: 0.3096 - Val Loss: 0.6061
2026-06-02 17:24:53,918 - Epoch 27/200 - LR: 2.5e-05 - Train Loss: 0.3104 - Val Loss: 0.6045
2026-06-02 17:24:55,165 - Epoch 28/200 - LR: 2.5e-05 - Train Loss: 0.3015 - Val Loss: 0.6073
2026-06-02 17:24:56,201 - Epoch 29/200 - LR: 2.5e-05 - Train Loss: 0.2968 - Val Loss: 0.6235
2026-06-02 17:24:57,369 - Epoch 30/200 - LR: 2.5e-05 - Train Loss: 0.2766 - Val Loss: 0.6183
2026-06-02 17:24:58,496 - Epoch 31/200 - LR: 1.25e-05 - Train Loss: 0.2856 - Val Loss: 0.6277
2026-06-02 17:24:59,518 - Epoch 32/200 - LR: 1.25e-05 - Train Loss: 0.2851 - Val Loss: 0.6280
2026-06-02 17:25:00,529 - Epoch 33/200 - LR: 1.25e-05 - Train Loss: 0.2747 - Val Loss: 0.6271
2026-06-02 17:25:01,507 - Epoch 34/200 - LR: 1.25e-05 - Train Loss: 0.2828 - Val Loss: 0.6315
2026-06-02 17:25:02,468 - Epoch 35/200 - LR: 6.25e-06 - Train Loss: 0.2724 - Val Loss: 0.6306
2026-06-02 17:25:03,435 - Epoch 36/200 - LR: 6.25e-06 - Train Loss: 0.2730 - Val Loss: 0.6319
2026-06-02 17:25:04,407 - Epoch 37/200 - LR: 6.25e-06 - Train Loss: 0.2813 - Val Loss: 0.6317
2026-06-02 17:25:05,553 - Epoch 38/200 - LR: 6.25e-06 - Train Loss: 0.2685 - Val Loss: 0.6323
2026-06-02 17:25:06,694 - Epoch 39/200 - LR: 3.125e-06 - Train Loss: 0.2869 - Val Loss: 0.6329
2026-06-02 17:25:07,673 - Epoch 40/200 - LR: 3.125e-06 - Train Loss: 0.2697 - Val Loss: 0.6325
2026-06-02 17:25:08,636 - Epoch 41/200 - LR: 3.125e-06 - Train Loss: 0.2693 - Val Loss: 0.6327
2026-06-02 17:25:09,611 - Epoch 42/200 - LR: 3.125e-06 - Train Loss: 0.2788 - Val Loss: 0.6339
2026-06-02 17:25:10,578 - Epoch 43/200 - LR: 1.5625e-06 - Train Loss: 0.2763 - Val Loss: 0.6349
2026-06-02 17:25:11,606 - Epoch 44/200 - LR: 1.5625e-06 - Train Loss: 0.2754 - Val Loss: 0.6349
2026-06-02 17:25:12,630 - Epoch 45/200 - LR: 1.5625e-06 - Train Loss: 0.2658 - Val Loss: 0.6352
2026-06-02 17:25:13,674 - Epoch 46/200 - LR: 1.5625e-06 - Train Loss: 0.2647 - Val Loss: 0.6357
2026-06-02 17:25:13,674 - Early stopping at epoch 46 (best MCC=0.5759)
2026-06-02 17:25:13,674 - Fold 1 Best Metrics:
2026-06-02 17:25:13,674 -   MCC       : 0.5759
2026-06-02 17:25:13,674 -   SN        : 0.8026
2026-06-02 17:25:13,674 -   SP        : 0.7729
2026-06-02 17:25:13,674 -   ACC       : 0.7885
2026-06-02 17:25:13,674 -   BACC      : 0.7878
2026-06-02 17:25:13,674 -   PRECISION : 0.7957
2026-06-02 17:25:13,674 -   F1        : 0.7991
2026-06-02 17:25:13,674 -   AUC       : 0.8379
2026-06-02 17:25:13,674 -   AUCPR     : 0.8411
2026-06-02 17:25:13,676 - ===== Fold 2/5 (train proteins: 810, val proteins: 202) =====
2026-06-02 17:25:14,801 - Epoch 1/200 - LR: 0.0001 - Train Loss: 0.6966 - Val Loss: 0.6932
2026-06-02 17:25:15,800 - Epoch 2/200 - LR: 0.0001 - Train Loss: 0.6935 - Val Loss: 0.6897
2026-06-02 17:25:16,711 - Epoch 3/200 - LR: 0.0001 - Train Loss: 0.6913 - Val Loss: 0.6768
2026-06-02 17:25:17,605 - Epoch 4/200 - LR: 0.0001 - Train Loss: 0.6838 - Val Loss: 0.6420
2026-06-02 17:25:18,565 - Epoch 5/200 - LR: 0.0001 - Train Loss: 0.6536 - Val Loss: 0.6036
2026-06-02 17:25:19,487 - Epoch 6/200 - LR: 0.0001 - Train Loss: 0.5972 - Val Loss: 0.5685
2026-06-02 17:25:20,369 - Epoch 7/200 - LR: 0.0001 - Train Loss: 0.5615 - Val Loss: 0.5559
2026-06-02 17:25:21,274 - Epoch 8/200 - LR: 0.0001 - Train Loss: 0.5259 - Val Loss: 0.5458
2026-06-02 17:25:22,211 - Epoch 9/200 - LR: 0.0001 - Train Loss: 0.5139 - Val Loss: 0.5622
2026-06-02 17:25:23,113 - Epoch 10/200 - LR: 0.0001 - Train Loss: 0.4821 - Val Loss: 0.5287
2026-06-02 17:25:24,005 - Epoch 11/200 - LR: 0.0001 - Train Loss: 0.4714 - Val Loss: 0.5433
2026-06-02 17:25:25,037 - Epoch 12/200 - LR: 0.0001 - Train Loss: 0.4602 - Val Loss: 0.5560
2026-06-02 17:25:26,124 - Epoch 13/200 - LR: 0.0001 - Train Loss: 0.4441 - Val Loss: 0.5441
2026-06-02 17:25:27,026 - Epoch 14/200 - LR: 0.0001 - Train Loss: 0.4363 - Val Loss: 0.5374
2026-06-02 17:25:27,940 - Epoch 15/200 - LR: 0.0001 - Train Loss: 0.4152 - Val Loss: 0.5430
2026-06-02 17:25:28,833 - Epoch 16/200 - LR: 0.0001 - Train Loss: 0.4169 - Val Loss: 0.5344
2026-06-02 17:25:29,725 - Epoch 17/200 - LR: 0.0001 - Train Loss: 0.3800 - Val Loss: 0.5894
2026-06-02 17:25:30,614 - Epoch 18/200 - LR: 0.0001 - Train Loss: 0.3809 - Val Loss: 0.5721
2026-06-02 17:25:31,522 - Epoch 19/200 - LR: 0.0001 - Train Loss: 0.3641 - Val Loss: 0.5617
2026-06-02 17:25:32,397 - Epoch 20/200 - LR: 0.0001 - Train Loss: 0.3433 - Val Loss: 0.5764
2026-06-02 17:25:33,288 - Epoch 21/200 - LR: 0.0001 - Train Loss: 0.3367 - Val Loss: 0.5774
2026-06-02 17:25:34,180 - Epoch 22/200 - LR: 0.0001 - Train Loss: 0.3447 - Val Loss: 0.5477
2026-06-02 17:25:35,051 - Epoch 23/200 - LR: 5e-05 - Train Loss: 0.3175 - Val Loss: 0.5820
2026-06-02 17:25:35,944 - Epoch 24/200 - LR: 5e-05 - Train Loss: 0.2996 - Val Loss: 0.6141
2026-06-02 17:25:36,813 - Epoch 25/200 - LR: 5e-05 - Train Loss: 0.2904 - Val Loss: 0.6123
2026-06-02 17:25:37,679 - Epoch 26/200 - LR: 5e-05 - Train Loss: 0.2969 - Val Loss: 0.6129
2026-06-02 17:25:38,625 - Epoch 27/200 - LR: 5e-05 - Train Loss: 0.2693 - Val Loss: 0.6452
2026-06-02 17:25:39,656 - Epoch 28/200 - LR: 2.5e-05 - Train Loss: 0.2571 - Val Loss: 0.6426
2026-06-02 17:25:40,719 - Epoch 29/200 - LR: 2.5e-05 - Train Loss: 0.2659 - Val Loss: 0.6544
2026-06-02 17:25:41,682 - Epoch 30/200 - LR: 2.5e-05 - Train Loss: 0.2595 - Val Loss: 0.6413
2026-06-02 17:25:42,650 - Epoch 31/200 - LR: 2.5e-05 - Train Loss: 0.2598 - Val Loss: 0.6360
2026-06-02 17:25:43,682 - Epoch 32/200 - LR: 1.25e-05 - Train Loss: 0.2470 - Val Loss: 0.6501
2026-06-02 17:25:44,727 - Epoch 33/200 - LR: 1.25e-05 - Train Loss: 0.2475 - Val Loss: 0.6477
2026-06-02 17:25:45,771 - Epoch 34/200 - LR: 1.25e-05 - Train Loss: 0.2256 - Val Loss: 0.6668
2026-06-02 17:25:46,631 - Epoch 35/200 - LR: 1.25e-05 - Train Loss: 0.2343 - Val Loss: 0.6568
2026-06-02 17:25:47,582 - Epoch 36/200 - LR: 6.25e-06 - Train Loss: 0.2331 - Val Loss: 0.6717
2026-06-02 17:25:48,503 - Epoch 37/200 - LR: 6.25e-06 - Train Loss: 0.2460 - Val Loss: 0.6739
2026-06-02 17:25:49,419 - Epoch 38/200 - LR: 6.25e-06 - Train Loss: 0.2303 - Val Loss: 0.6707
2026-06-02 17:25:50,338 - Epoch 39/200 - LR: 6.25e-06 - Train Loss: 0.2283 - Val Loss: 0.6648
2026-06-02 17:25:51,205 - Epoch 40/200 - LR: 3.125e-06 - Train Loss: 0.2373 - Val Loss: 0.6737
2026-06-02 17:25:52,056 - Epoch 41/200 - LR: 3.125e-06 - Train Loss: 0.2437 - Val Loss: 0.6709
2026-06-02 17:25:52,898 - Epoch 42/200 - LR: 3.125e-06 - Train Loss: 0.2430 - Val Loss: 0.6741
2026-06-02 17:25:53,882 - Epoch 43/200 - LR: 3.125e-06 - Train Loss: 0.2333 - Val Loss: 0.6689
2026-06-02 17:25:53,882 - Early stopping at epoch 43 (best MCC=0.5550)
2026-06-02 17:25:53,882 - Fold 2 Best Metrics:
2026-06-02 17:25:53,882 -   MCC       : 0.5550
2026-06-02 17:25:53,882 -   SN        : 0.8138
2026-06-02 17:25:53,882 -   SP        : 0.7396
2026-06-02 17:25:53,882 -   ACC       : 0.7768
2026-06-02 17:25:53,882 -   BACC      : 0.7767
2026-06-02 17:25:53,882 -   PRECISION : 0.7580
2026-06-02 17:25:53,882 -   F1        : 0.7849
2026-06-02 17:25:53,882 -   AUC       : 0.8441
2026-06-02 17:25:53,882 -   AUCPR     : 0.8326
2026-06-02 17:25:53,884 - ===== Fold 3/5 (train proteins: 810, val proteins: 202) =====
2026-06-02 17:25:54,844 - Epoch 1/200 - LR: 0.0001 - Train Loss: 0.6973 - Val Loss: 0.6894
2026-06-02 17:25:55,700 - Epoch 2/200 - LR: 0.0001 - Train Loss: 0.6938 - Val Loss: 0.6870
2026-06-02 17:25:56,608 - Epoch 3/200 - LR: 0.0001 - Train Loss: 0.6929 - Val Loss: 0.6793
2026-06-02 17:25:57,527 - Epoch 4/200 - LR: 0.0001 - Train Loss: 0.6896 - Val Loss: 0.6639
2026-06-02 17:25:58,457 - Epoch 5/200 - LR: 0.0001 - Train Loss: 0.6770 - Val Loss: 0.6271
2026-06-02 17:25:59,386 - Epoch 6/200 - LR: 0.0001 - Train Loss: 0.6430 - Val Loss: 0.5706
2026-06-02 17:26:00,288 - Epoch 7/200 - LR: 0.0001 - Train Loss: 0.5986 - Val Loss: 0.5374
2026-06-02 17:26:01,179 - Epoch 8/200 - LR: 0.0001 - Train Loss: 0.5603 - Val Loss: 0.5115
2026-06-02 17:26:02,055 - Epoch 9/200 - LR: 0.0001 - Train Loss: 0.5267 - Val Loss: 0.5130
2026-06-02 17:26:02,934 - Epoch 10/200 - LR: 0.0001 - Train Loss: 0.5051 - Val Loss: 0.4859
2026-06-02 17:26:03,923 - Epoch 11/200 - LR: 0.0001 - Train Loss: 0.5105 - Val Loss: 0.4868
2026-06-02 17:26:04,967 - Epoch 12/200 - LR: 0.0001 - Train Loss: 0.4882 - Val Loss: 0.4822
2026-06-02 17:26:06,049 - Epoch 13/200 - LR: 0.0001 - Train Loss: 0.4648 - Val Loss: 0.4764
2026-06-02 17:26:07,107 - Epoch 14/200 - LR: 0.0001 - Train Loss: 0.4494 - Val Loss: 0.4925
2026-06-02 17:26:08,245 - Epoch 15/200 - LR: 0.0001 - Train Loss: 0.4278 - Val Loss: 0.4848
2026-06-02 17:26:09,434 - Epoch 16/200 - LR: 0.0001 - Train Loss: 0.4036 - Val Loss: 0.4811
2026-06-02 17:26:10,481 - Epoch 17/200 - LR: 0.0001 - Train Loss: 0.4041 - Val Loss: 0.5002
2026-06-02 17:26:11,524 - Epoch 18/200 - LR: 0.0001 - Train Loss: 0.3862 - Val Loss: 0.4919
2026-06-02 17:26:12,558 - Epoch 19/200 - LR: 0.0001 - Train Loss: 0.3670 - Val Loss: 0.5012
2026-06-02 17:26:13,597 - Epoch 20/200 - LR: 5e-05 - Train Loss: 0.3567 - Val Loss: 0.5147
2026-06-02 17:26:14,627 - Epoch 21/200 - LR: 5e-05 - Train Loss: 0.3442 - Val Loss: 0.5347
2026-06-02 17:26:15,649 - Epoch 22/200 - LR: 5e-05 - Train Loss: 0.3250 - Val Loss: 0.5437
2026-06-02 17:26:16,704 - Epoch 23/200 - LR: 5e-05 - Train Loss: 0.3308 - Val Loss: 0.5315
2026-06-02 17:26:17,846 - Epoch 24/200 - LR: 2.5e-05 - Train Loss: 0.3258 - Val Loss: 0.5384
2026-06-02 17:26:19,040 - Epoch 25/200 - LR: 2.5e-05 - Train Loss: 0.3062 - Val Loss: 0.5412
2026-06-02 17:26:20,026 - Epoch 26/200 - LR: 2.5e-05 - Train Loss: 0.3027 - Val Loss: 0.5509
2026-06-02 17:26:21,089 - Epoch 27/200 - LR: 2.5e-05 - Train Loss: 0.2982 - Val Loss: 0.5494
2026-06-02 17:26:22,132 - Epoch 28/200 - LR: 2.5e-05 - Train Loss: 0.2974 - Val Loss: 0.5566
2026-06-02 17:26:23,191 - Epoch 29/200 - LR: 2.5e-05 - Train Loss: 0.2795 - Val Loss: 0.5650
2026-06-02 17:26:24,226 - Epoch 30/200 - LR: 1.25e-05 - Train Loss: 0.2841 - Val Loss: 0.5699
2026-06-02 17:26:25,237 - Epoch 31/200 - LR: 1.25e-05 - Train Loss: 0.2788 - Val Loss: 0.5649
2026-06-02 17:26:26,170 - Epoch 32/200 - LR: 1.25e-05 - Train Loss: 0.2665 - Val Loss: 0.5713
2026-06-02 17:26:27,192 - Epoch 33/200 - LR: 1.25e-05 - Train Loss: 0.2753 - Val Loss: 0.5732
2026-06-02 17:26:28,095 - Epoch 34/200 - LR: 6.25e-06 - Train Loss: 0.2611 - Val Loss: 0.5748
2026-06-02 17:26:28,912 - Epoch 35/200 - LR: 6.25e-06 - Train Loss: 0.2763 - Val Loss: 0.5732
2026-06-02 17:26:29,727 - Epoch 36/200 - LR: 6.25e-06 - Train Loss: 0.2665 - Val Loss: 0.5752
2026-06-02 17:26:30,548 - Epoch 37/200 - LR: 6.25e-06 - Train Loss: 0.2696 - Val Loss: 0.5768
2026-06-02 17:26:31,360 - Epoch 38/200 - LR: 3.125e-06 - Train Loss: 0.2631 - Val Loss: 0.5781
2026-06-02 17:26:32,187 - Epoch 39/200 - LR: 3.125e-06 - Train Loss: 0.2660 - Val Loss: 0.5786
2026-06-02 17:26:33,048 - Epoch 40/200 - LR: 3.125e-06 - Train Loss: 0.2778 - Val Loss: 0.5786
2026-06-02 17:26:33,897 - Epoch 41/200 - LR: 3.125e-06 - Train Loss: 0.2537 - Val Loss: 0.5788
2026-06-02 17:26:34,738 - Epoch 42/200 - LR: 1.5625e-06 - Train Loss: 0.2619 - Val Loss: 0.5794
2026-06-02 17:26:35,561 - Epoch 43/200 - LR: 1.5625e-06 - Train Loss: 0.2654 - Val Loss: 0.5809
2026-06-02 17:26:36,372 - Epoch 44/200 - LR: 1.5625e-06 - Train Loss: 0.2622 - Val Loss: 0.5812
2026-06-02 17:26:37,181 - Epoch 45/200 - LR: 1.5625e-06 - Train Loss: 0.2626 - Val Loss: 0.5814
2026-06-02 17:26:37,181 - Early stopping at epoch 45 (best MCC=0.6042)
2026-06-02 17:26:37,181 - Fold 3 Best Metrics:
2026-06-02 17:26:37,181 -   MCC       : 0.6042
2026-06-02 17:26:37,181 -   SN        : 0.7986
2026-06-02 17:26:37,181 -   SP        : 0.8056
2026-06-02 17:26:37,181 -   ACC       : 0.8021
2026-06-02 17:26:37,181 -   BACC      : 0.8021
2026-06-02 17:26:37,181 -   PRECISION : 0.8096
2026-06-02 17:26:37,181 -   F1        : 0.8041
2026-06-02 17:26:37,181 -   AUC       : 0.8676
2026-06-02 17:26:37,181 -   AUCPR     : 0.8687
2026-06-02 17:26:37,183 - ===== Fold 4/5 (train proteins: 810, val proteins: 202) =====
2026-06-02 17:26:38,014 - Epoch 1/200 - LR: 0.0001 - Train Loss: 0.6949 - Val Loss: 0.6899
2026-06-02 17:26:38,880 - Epoch 2/200 - LR: 0.0001 - Train Loss: 0.6914 - Val Loss: 0.6827
2026-06-02 17:26:39,839 - Epoch 3/200 - LR: 0.0001 - Train Loss: 0.6890 - Val Loss: 0.6646
2026-06-02 17:26:40,824 - Epoch 4/200 - LR: 0.0001 - Train Loss: 0.6672 - Val Loss: 0.6215
2026-06-02 17:26:41,901 - Epoch 5/200 - LR: 0.0001 - Train Loss: 0.6145 - Val Loss: 0.6212
2026-06-02 17:26:43,034 - Epoch 6/200 - LR: 0.0001 - Train Loss: 0.5657 - Val Loss: 0.5957
2026-06-02 17:26:44,182 - Epoch 7/200 - LR: 0.0001 - Train Loss: 0.5510 - Val Loss: 0.5663
2026-06-02 17:26:45,195 - Epoch 8/200 - LR: 0.0001 - Train Loss: 0.5284 - Val Loss: 0.5472
2026-06-02 17:26:46,245 - Epoch 9/200 - LR: 0.0001 - Train Loss: 0.4998 - Val Loss: 0.5616
2026-06-02 17:26:47,275 - Epoch 10/200 - LR: 0.0001 - Train Loss: 0.4830 - Val Loss: 0.5566
2026-06-02 17:26:48,260 - Epoch 11/200 - LR: 0.0001 - Train Loss: 0.4811 - Val Loss: 0.5399
2026-06-02 17:26:49,105 - Epoch 12/200 - LR: 0.0001 - Train Loss: 0.4607 - Val Loss: 0.5817
2026-06-02 17:26:49,948 - Epoch 13/200 - LR: 0.0001 - Train Loss: 0.4438 - Val Loss: 0.5465
2026-06-02 17:26:50,876 - Epoch 14/200 - LR: 0.0001 - Train Loss: 0.4397 - Val Loss: 0.5273
2026-06-02 17:26:51,762 - Epoch 15/200 - LR: 0.0001 - Train Loss: 0.4119 - Val Loss: 0.5423
2026-06-02 17:26:52,648 - Epoch 16/200 - LR: 0.0001 - Train Loss: 0.3914 - Val Loss: 0.5695
2026-06-02 17:26:53,529 - Epoch 17/200 - LR: 0.0001 - Train Loss: 0.3879 - Val Loss: 0.5727
2026-06-02 17:26:54,433 - Epoch 18/200 - LR: 0.0001 - Train Loss: 0.3717 - Val Loss: 0.5567
2026-06-02 17:26:55,327 - Epoch 19/200 - LR: 0.0001 - Train Loss: 0.3587 - Val Loss: 0.5541
2026-06-02 17:26:56,226 - Epoch 20/200 - LR: 0.0001 - Train Loss: 0.3440 - Val Loss: 0.5728
2026-06-02 17:26:57,146 - Epoch 21/200 - LR: 0.0001 - Train Loss: 0.3286 - Val Loss: 0.5461
2026-06-02 17:26:58,231 - Epoch 22/200 - LR: 0.0001 - Train Loss: 0.3127 - Val Loss: 0.5941
2026-06-02 17:26:59,146 - Epoch 23/200 - LR: 0.0001 - Train Loss: 0.3063 - Val Loss: 0.6207
2026-06-02 17:27:00,033 - Epoch 24/200 - LR: 5e-05 - Train Loss: 0.2887 - Val Loss: 0.5966
2026-06-02 17:27:00,948 - Epoch 25/200 - LR: 5e-05 - Train Loss: 0.2801 - Val Loss: 0.6131
2026-06-02 17:27:01,857 - Epoch 26/200 - LR: 5e-05 - Train Loss: 0.2703 - Val Loss: 0.6194
2026-06-02 17:27:02,778 - Epoch 27/200 - LR: 5e-05 - Train Loss: 0.2520 - Val Loss: 0.6727
2026-06-02 17:27:03,700 - Epoch 28/200 - LR: 2.5e-05 - Train Loss: 0.2548 - Val Loss: 0.6599
2026-06-02 17:27:04,576 - Epoch 29/200 - LR: 2.5e-05 - Train Loss: 0.2256 - Val Loss: 0.6744
2026-06-02 17:27:05,537 - Epoch 30/200 - LR: 2.5e-05 - Train Loss: 0.2409 - Val Loss: 0.6728
2026-06-02 17:27:06,595 - Epoch 31/200 - LR: 2.5e-05 - Train Loss: 0.2270 - Val Loss: 0.6904
2026-06-02 17:27:07,572 - Epoch 32/200 - LR: 1.25e-05 - Train Loss: 0.2257 - Val Loss: 0.6952
2026-06-02 17:27:08,590 - Epoch 33/200 - LR: 1.25e-05 - Train Loss: 0.2130 - Val Loss: 0.6981
2026-06-02 17:27:09,607 - Epoch 34/200 - LR: 1.25e-05 - Train Loss: 0.2324 - Val Loss: 0.6876
2026-06-02 17:27:10,622 - Epoch 35/200 - LR: 1.25e-05 - Train Loss: 0.2230 - Val Loss: 0.6899
2026-06-02 17:27:11,632 - Epoch 36/200 - LR: 6.25e-06 - Train Loss: 0.2282 - Val Loss: 0.6919
2026-06-02 17:27:12,658 - Epoch 37/200 - LR: 6.25e-06 - Train Loss: 0.2124 - Val Loss: 0.6913
2026-06-02 17:27:13,697 - Epoch 38/200 - LR: 6.25e-06 - Train Loss: 0.2208 - Val Loss: 0.7029
2026-06-02 17:27:14,719 - Epoch 39/200 - LR: 6.25e-06 - Train Loss: 0.2137 - Val Loss: 0.6940
2026-06-02 17:27:14,719 - Early stopping at epoch 39 (best MCC=0.5443)
2026-06-02 17:27:14,719 - Fold 4 Best Metrics:
2026-06-02 17:27:14,719 -   MCC       : 0.5443
2026-06-02 17:27:14,719 -   SN        : 0.8075
2026-06-02 17:27:14,719 -   SP        : 0.7359
2026-06-02 17:27:14,719 -   ACC       : 0.7710
2026-06-02 17:27:14,719 -   BACC      : 0.7717
2026-06-02 17:27:14,719 -   PRECISION : 0.7462
2026-06-02 17:27:14,719 -   F1        : 0.7756
2026-06-02 17:27:14,719 -   AUC       : 0.8406
2026-06-02 17:27:14,719 -   AUCPR     : 0.8286
2026-06-02 17:27:14,721 - ===== Fold 5/5 (train proteins: 809, val proteins: 203) =====
2026-06-02 17:27:15,774 - Epoch 1/200 - LR: 0.0001 - Train Loss: 0.6971 - Val Loss: 0.6944
2026-06-02 17:27:16,867 - Epoch 2/200 - LR: 0.0001 - Train Loss: 0.6938 - Val Loss: 0.6902
2026-06-02 17:27:17,956 - Epoch 3/200 - LR: 0.0001 - Train Loss: 0.6887 - Val Loss: 0.6736
2026-06-02 17:27:18,967 - Epoch 4/200 - LR: 0.0001 - Train Loss: 0.6751 - Val Loss: 0.6045
2026-06-02 17:27:19,993 - Epoch 5/200 - LR: 0.0001 - Train Loss: 0.6164 - Val Loss: 0.5643
2026-06-02 17:27:21,029 - Epoch 6/200 - LR: 0.0001 - Train Loss: 0.6003 - Val Loss: 0.5130
2026-06-02 17:27:22,141 - Epoch 7/200 - LR: 0.0001 - Train Loss: 0.5481 - Val Loss: 0.5014
2026-06-02 17:27:23,236 - Epoch 8/200 - LR: 0.0001 - Train Loss: 0.5269 - Val Loss: 0.5041
2026-06-02 17:27:24,363 - Epoch 9/200 - LR: 0.0001 - Train Loss: 0.5104 - Val Loss: 0.4912
2026-06-02 17:27:25,430 - Epoch 10/200 - LR: 0.0001 - Train Loss: 0.4815 - Val Loss: 0.4987
2026-06-02 17:27:26,498 - Epoch 11/200 - LR: 0.0001 - Train Loss: 0.4804 - Val Loss: 0.5125
2026-06-02 17:27:27,552 - Epoch 12/200 - LR: 0.0001 - Train Loss: 0.4562 - Val Loss: 0.4829
2026-06-02 17:27:28,623 - Epoch 13/200 - LR: 5e-05 - Train Loss: 0.4473 - Val Loss: 0.4885
2026-06-02 17:27:29,680 - Epoch 14/200 - LR: 5e-05 - Train Loss: 0.4263 - Val Loss: 0.4922
2026-06-02 17:27:30,765 - Epoch 15/200 - LR: 5e-05 - Train Loss: 0.4154 - Val Loss: 0.5144
2026-06-02 17:27:31,955 - Epoch 16/200 - LR: 5e-05 - Train Loss: 0.4104 - Val Loss: 0.4968
2026-06-02 17:27:33,033 - Epoch 17/200 - LR: 5e-05 - Train Loss: 0.4000 - Val Loss: 0.4875
2026-06-02 17:27:34,059 - Epoch 18/200 - LR: 5e-05 - Train Loss: 0.3998 - Val Loss: 0.4875
2026-06-02 17:27:35,133 - Epoch 19/200 - LR: 5e-05 - Train Loss: 0.3901 - Val Loss: 0.5099
2026-06-02 17:27:36,403 - Epoch 20/200 - LR: 5e-05 - Train Loss: 0.3678 - Val Loss: 0.5193
2026-06-02 17:27:37,490 - Epoch 21/200 - LR: 5e-05 - Train Loss: 0.3817 - Val Loss: 0.4941
2026-06-02 17:27:38,541 - Epoch 22/200 - LR: 5e-05 - Train Loss: 0.3601 - Val Loss: 0.5325
2026-06-02 17:27:39,583 - Epoch 23/200 - LR: 5e-05 - Train Loss: 0.3644 - Val Loss: 0.5010
2026-06-02 17:27:40,602 - Epoch 24/200 - LR: 5e-05 - Train Loss: 0.3356 - Val Loss: 0.5196
2026-06-02 17:27:41,690 - Epoch 25/200 - LR: 5e-05 - Train Loss: 0.3525 - Val Loss: 0.5184
2026-06-02 17:27:42,753 - Epoch 26/200 - LR: 2.5e-05 - Train Loss: 0.3215 - Val Loss: 0.5249
2026-06-02 17:27:43,815 - Epoch 27/200 - LR: 2.5e-05 - Train Loss: 0.3333 - Val Loss: 0.5318
2026-06-02 17:27:44,873 - Epoch 28/200 - LR: 2.5e-05 - Train Loss: 0.3130 - Val Loss: 0.5356
2026-06-02 17:27:45,878 - Epoch 29/200 - LR: 2.5e-05 - Train Loss: 0.3134 - Val Loss: 0.5313
2026-06-02 17:27:46,921 - Epoch 30/200 - LR: 1.25e-05 - Train Loss: 0.3067 - Val Loss: 0.5340
2026-06-02 17:27:47,980 - Epoch 31/200 - LR: 1.25e-05 - Train Loss: 0.3113 - Val Loss: 0.5391
2026-06-02 17:27:49,024 - Epoch 32/200 - LR: 1.25e-05 - Train Loss: 0.3087 - Val Loss: 0.5377
2026-06-02 17:27:50,153 - Epoch 33/200 - LR: 1.25e-05 - Train Loss: 0.3171 - Val Loss: 0.5388
2026-06-02 17:27:51,287 - Epoch 34/200 - LR: 6.25e-06 - Train Loss: 0.3064 - Val Loss: 0.5433
2026-06-02 17:27:52,222 - Epoch 35/200 - LR: 6.25e-06 - Train Loss: 0.2950 - Val Loss: 0.5454
2026-06-02 17:27:53,367 - Epoch 36/200 - LR: 6.25e-06 - Train Loss: 0.2909 - Val Loss: 0.5470
2026-06-02 17:27:54,399 - Epoch 37/200 - LR: 6.25e-06 - Train Loss: 0.2886 - Val Loss: 0.5531
2026-06-02 17:27:55,386 - Epoch 38/200 - LR: 3.125e-06 - Train Loss: 0.2976 - Val Loss: 0.5552
2026-06-02 17:27:56,374 - Epoch 39/200 - LR: 3.125e-06 - Train Loss: 0.2965 - Val Loss: 0.5491
2026-06-02 17:27:57,369 - Epoch 40/200 - LR: 3.125e-06 - Train Loss: 0.2877 - Val Loss: 0.5509
2026-06-02 17:27:58,461 - Epoch 41/200 - LR: 3.125e-06 - Train Loss: 0.2969 - Val Loss: 0.5527
2026-06-02 17:27:58,461 - Early stopping at epoch 41 (best MCC=0.5916)
2026-06-02 17:27:58,461 - Fold 5 Best Metrics:
2026-06-02 17:27:58,461 -   MCC       : 0.5916
2026-06-02 17:27:58,461 -   SN        : 0.7826
2026-06-02 17:27:58,461 -   SP        : 0.8088
2026-06-02 17:27:58,461 -   ACC       : 0.7963
2026-06-02 17:27:58,461 -   BACC      : 0.7957
2026-06-02 17:27:58,461 -   PRECISION : 0.7883
2026-06-02 17:27:58,461 -   F1        : 0.7855
2026-06-02 17:27:58,461 -   AUC       : 0.8666
2026-06-02 17:27:58,461 -   AUCPR     : 0.8436
2026-06-02 17:27:58,462 - ==============================
2026-06-02 17:27:58,462 - Cross-Validation Results:
2026-06-02 17:27:58,462 -   MCC       : 0.5742 ± 0.0222
2026-06-02 17:27:58,462 -   SN        : 0.8010 ± 0.0105
2026-06-02 17:27:58,462 -   SP        : 0.7726 ± 0.0311
2026-06-02 17:27:58,462 -   ACC       : 0.7869 ± 0.0116
2026-06-02 17:27:58,462 -   BACC      : 0.7868 ± 0.0114
2026-06-02 17:27:58,462 -   PRECISION : 0.7796 ± 0.0237
2026-06-02 17:27:58,462 -   F1        : 0.7899 ± 0.0103
2026-06-02 17:27:58,462 -   AUC       : 0.8514 ± 0.0130
2026-06-02 17:27:58,463 -   AUCPR     : 0.8429 ± 0.0140
2026-06-02 17:27:58,463 - ==============================
2026-06-02 17:27:58,463 - Evaluating ensemble on test set...
2026-06-02 17:27:59,276 - Final Test Metrics (Ensemble):
2026-06-02 17:27:59,276 -   MCC       : 0.6292
2026-06-02 17:27:59,276 -   SN        : 0.7918
2026-06-02 17:27:59,276 -   SP        : 0.8367
2026-06-02 17:27:59,276 -   ACC       : 0.8143
2026-06-02 17:27:59,277 -   BACC      : 0.8143
2026-06-02 17:27:59,277 -   PRECISION : 0.8291
2026-06-02 17:27:59,277 -   F1        : 0.8100
2026-06-02 17:27:59,277 -   AUC       : 0.8765
2026-06-02 17:27:59,277 -   AUCPR     : 0.8816
