2026-06-02 17:27:59,311 - ============================================================
2026-06-02 17:27:59,311 - DISTANCE: 9
2026-06-02 17:27:59,311 - ============================================================
2026-06-02 17:27:59,311 - Hyperparameters:
2026-06-02 17:27:59,311 -   Batch Size: 128
2026-06-02 17:27:59,311 -   Learning Rate: 0.0001
2026-06-02 17:27:59,311 -   Weight Decay: 0.001
2026-06-02 17:27:59,311 -   Epochs: 200
2026-06-02 17:27:59,311 -   K-Folds: 5
2026-06-02 17:27:59,311 -   Patience: 20
2026-06-02 17:27:59,311 -   Early Stop Metric: MCC
2026-06-02 17:27:59,311 -   Node Feature Dimension: 1280
2026-06-02 17:27:59,311 -   Sequence Feature Dimension: 21 (20 AA + 1 X)
2026-06-02 17:27:59,311 -   Hidden Dimension: 128
2026-06-02 17:27:59,311 -   LR Scheduler: ReduceLROnPlateau(factor=0.5, patience=3, min_lr=1e-06)
2026-06-02 17:27:59,311 -   Cross-Validation: GroupKFold (group = protein name)
2026-06-02 17:27:59,311 - ============================================================
2026-06-02 17:27:59,311 - Loading training data from data/train_embedding_graph_9.pt...
2026-06-02 17:28:01,693 - Number of unique proteins (groups): 1012
2026-06-02 17:28:01,693 - Proteins: AASDH, AATF, ABCF1, ABCF2, ABCF3, ABITRAM, ABRAXAS1, ACADVL, ACAT1, ACIN1, ACLY, ACO2, ACOT13, ACOT9, ACSF2, ADAR, ADNP, AFF4, AGFG2, AGGF1, AHCYL2, AHSA1, AIF1L, AKAP8L, ALDH18A1, ALDH9A1, ALDOA, ALG9, ALKBH3, ALKBH5, ALYREF, ANLN, ANXA2, APBB1, APEX1, APIP, ARFGAP1, ARFGAP2, ARFIP1, ARID3A, ARID4B, ARL3, ARL6IP4, ARMC1, ARPC2, ARPC5, ARPIN, ASPSCR1, ATF7IP, ATG12, ATP5F1A, ATP5F1B, ATP5IF1, ATP5PD, ATP5PO, ATP6V1E1, ATP6V1G1, ATPAF1, ATXN2L, ATXN3, AUH, AURKA, BAG2, BBS9, BBX, BCLAF1, BLNK, BMS1, BRD2, BRD4, BRIX1, BRPF1, BTF3, BUB1B, BUD23, BUD31, C12orf45, C16orf87, C19orf47, C19orf53, C1orf131, C1orf174, C1orf198, C1orf52, C7orf50, C9orf78, CACYBP, CALD1, CALU, CANX, CAPZA1, CAPZB, CAST, CAVIN1, CBFB, CBX5, CC2D1A, CCDC117, CCDC124, CCDC137, CCDC59, CCDC71, CCDC82, CCDC86, CCNH, CCNK, CCNT1, CCT2, CCT3, CCT5, CCT8, CD2BP2, CDC37, CDC40, CDC5L, CDC73, CDCA2, CDK7, CDK9, CDKN2AIP, CDV3, CDYL, CENPV, CEP131, CFL1, CHAF1A, CHAF1B, CHAMP1, CHERP, CHMP1B, CHMP2A, CHMP2B, CHMP4B, CHMP5, CHRAC1, CHTOP, CIAPIN1, CKAP2L, CKS2, CLASRP, CLINT1, CMAS, CMTR1, CNN3, CNP, COIL, COPS7A, CORO1B, CPNE1, CPSF3, CREB1, CRIPT, CRNKL1, CRTC3, CS, CSNK2B, CSRP1, CTCF, CTDP1, CTTN, CUEDC2, CUL1, CUL3, CWC15, CWC22, CWC27, CXorf56, CYCS, CZIB, DAXX, DBNL, DBR1, DBT, DCPS, DCUN1D5, DDA1, DDB1, DDB2, DDHD1, DDX10, DDX17, DDX18, DDX21, DDX23, DDX24, DDX27, DDX31, DDX39B, DDX41, DDX42, DDX46, DDX47, DDX52, DEK, DFFA, DGCR8, DHX16, DHX36, DHX37, DHX38, DHX9, DIEXF, DIMT1, DIS3, DKC1, DLAT, DLG3, DLGAP4, DNAJA3, DNAJB1, DNAJC17, DNAJC8, DNTTIP2, DPF2, DR1, DRAP1, DTD1, DUS1L, DUS3L, DUT, EAF1, EBAG9, EBNA1BP2, ECHDC1, ECI1, ECI2, ECT2, EDC3, EDF1, EED, EEF1G, EHMT1, EIF1AD, EIF1AX, EIF2B3, EIF2S2, EIF3A, EIF3CL, EIF3D, EIF3E, EIF3G, EIF3J, EIF4A3, EIF4EBP1, EIF4G2, EIF4H, EIF5, EIF5A, EIF5B, ELAC2, ELAVL1, ELOA, ELOF1, EMD, EML4, EMSY, ENO1, ENSA, EPB41L2, EPC2, ERCC3, ERF, ESF1, ESRRA, ETFA, ETFB, EXOC1, EXOSC10, EYA3, FABP5, FAIM, FAM126A, FAM133B, FAM50A, FAM76B, FANCI, FBXO45, FEN1, FER, FH, FHL1, FIP1L1, FKBP3, FKBP4, FLYWCH2, FMC1, FNBP4, FOXK2, FRG1, G3BP1, GABPA, GATAD2A, GATB, GFM2, GGCX, GIGYF2, GINS3, GIPC1, GLRA1, GLS, GMNN, GMPR2, GNL3, GNL3L, GOT2, GPALPP1, GPATCH1, GPATCH11, GPI, GPKOW, GRPEL1, GSE1, GTF2E2, GTF2F1, GTF2F2, GTF2H1, GTF2I, GTF3C2, GTF3C4, GTF3C5, GTPBP1, GTSE1, H2BC18, H3C1, H4C1, HADHA, HADHB, HAT1, HDAC2, HDGFL2, HDLBP, HEATR3, HELLS, HEXIM1, HIBCH, HIC2, HINT1, HIRIP3, HLTF, HMBS, HMG20A, HMGA2, HMGN1, HMOX2, HNRNPA1, HNRNPC, HNRNPDL, HNRNPH1, HNRNPK, HNRNPL, HNRNPM, HNRNPR, HNRNPU, HSP90AA1, HSP90AB2P, HSPA4, HSPA9, HSPD1, HSPE1, IARS2, ICE2, IDH2, IGHMBP2, IK, ILF3, ILKAP, INCENP, INIP, INO80B, INTS10, INTS12, INTS4, IRF2, IRF2BP1, IRF2BP2, IWS1, JADE3, JPH2, JPT1, JPT2, KARS1, KAT7, KCTD16, KDM2B, KDM4A, KHDC4, KHDRBS1, KHSRP, KIAA1143, KIF22, KIF23, KIF2A, KIF4A, KIF5B, KIFC1, KIN, KPNA1, KRI1, KRR1, LARP1, LARP7, LASP1, LCORL, LDHA, LEMD3, LIG1, LIMA1, LMNA, LPP, LRPPRC, LRRC40, LRRC41, LRRC59, LSM14A, LUZP1, LYAR, LYSMD3, LZTS2, MACROD1, MACROH2A1, MAGED1, MAGED2, MAGOHB, MAP2K7, MAP4, MAPK13, MAPRE3, MASTL, MATR3, MB21D2, MBD1, MBD2, MCEE, MCM3, MCRS1, MCU, MDH2, ME2, MEAF6, MECP2, MED27, MED4, MED6, MEN1, MEPCE, METTL1, METTL16, MFAP1, MIDEAS, MKRN2, MLH1, MMAB, MMTAG2, MNAT1, MOB3A, MORF4L1, MPHOSPH6, MPHOSPH8, MRE11, MRPL12, MRPL44, MRPL47, MRPS28, MRTO4, MSH2, MSH6, MSL1, MSL3P1, MTA1, MTHFD1L, MTHFD2, MTREX, MVD, MYBBP1A, MYBL2, MYL6B, MYO6, N4BP1, NAB2, NACC1, NAMPT, NASP, NAT10, NBN, NCAPG, NCAPH, NCAPH2, NCBP1, NCBP3, NCK2, NCKAP1, NCL, NDUFAF4, NDUFAF7, NDUFV3, NEBL, NECAP1, NEFL, NELFA, NELFE, NEXN, NFIA, NFX1, NFYA, NHLRC2, NIFK, NIPSNAP3A, NKAP, NKIRAS2, NKRF, NNT, NOC3L, NOL11, NOL6, NOL7, NOL8, NOP14, NOP2, NOP56, NOP58, NOP9, NOSIP, NPM1, NSD2, NSFL1C, NSMCE4A, NSRP1, NUCKS1, NUDC, NUDT21, NUFIP2, NUP50, NUSAP1, NVL, OAT, OBI1, OCIAD1, OCLN, OGFR, OGT, OR4Q3, ORC2, ORC3, ORC4, OSBPL8, OTUD3, OTUD5, OTUD7B, OXCT1, PA2G4, PACS1, PAICS, PAK1IP1, PAPSS1, PARD3, PARN, PARP1, PARVB, PATZ1, PAWR, PAXIP1, PAXX, PBK, PCBP2, PCGF1, PCLAF, PCNA, PCNP, PDAP1, PDCD4, PDCD5, PDCL3, PDHA1, PDLIM1, PDLIM3, PDLIM5, PELP1, PES1, PFDN2, PFKP, PGAM1, PHAX, PHB2, PHC1, PHC2, PHC3, PHF10, PHF2, PHF20L1, PHF21A, PHF23, PHF5A, PHF6, PHLDB2, PIN4, PKN2, PLK1, PLS3, PML, PMPCB, PMS2, PNKP, PNN, PNPT1, POC5, POLA2, POLD1, POLD2, POLD3, POLD4, POLE4, POLR1G, POM121, PPA2, PPAN, PPFIA1, PPIL2, PPIL4, PPM1G, PPME1, PPP1CA, PPP1R11, PPP1R14C, PPP1R2, PPP2R5D, PPP4R3A, PPWD1, PQBP1, PRCC, PRDX3, PRKRIP1, PRMT5, PRORP, PRPF3, PRPF31, PRPF38B, PRPF4, PRPF6, PRR15, PRR3, PSIP1, PSMA8, PSMD3, PSMD4, PSMD9, PSME3IP1, PTBP1, PTCD3, PTMS, PTPN11, PTPN2, PTRHD1, PUF60, PUM3, PWP2, PWWP2A, PYROXD1, QRICH1, RACGAP1, RAD17, RAD21, RAD51AP1, RAN, RANBP3, RB1, RBBP4, RBBP5, RBM10, RBM14, RBM15, RBM17, RBM20, RBM22, RBM25, RBM26, RBM27, RBM28, RBM33, RBM39, RBM6, RBMX, RCC1, RCC2, RDX, RECQL, RECQL5, REXO1, REXO2, RFC1, RFX5, RIOX2, RNASEH2B, RNF113A, RNF114, RNF169, RNF40, RNGTT, RNMT, RPA1, RPAP2, RPL10, RPL10A, RPL11, RPL13, RPL14, RPL17, RPL18A, RPL19, RPL21, RPL22, RPL23A, RPL24, RPL27, RPL27A, RPL28, RPL29, RPL3, RPL30, RPL31, RPL34, RPL36, RPL4, RPL5, RPL7A, RPL7L1, RPL9, RPP30, RPP38, RPS10, RPS11, RPS14, RPS19, RPS20, RPS23, RPS25, RPS27A, RPS3, RPS3A, RPS4X, RPS6, RPS6KA4, RPS6KB1, RPS7, RPS8, RPS9, RPSA, RRN3, RRP12, RRP1B, RRP8, RRS1, RSBN1L, RSL1D1, RSRC2, RTEL1, RTF1, RTF2, RTKN, RYBP, S100A10, S100A11, SAE1, SAFB2, SAMHD1, SAP30, SAP30BP, SARNP, SARS2, SART1, SART3, SATB2, SCML2, SCNM1, SDAD1, SDHA, SEC61B, SEC63, SELENOH, SENP3, SENP6, SEPTIN2, SEPTIN9, SERF2, SET, SETD3, SETDB1, SF1, SF3A1, SF3A2, SF3A3, SF3B1, SF3B2, SFMBT1, SFPQ, SH3GL1, SH3GLB1, SHMT2, SIN3A, SIN3B, SINHCAF, SIRPA, SLBP, SLC25A3, SLC25A5, SLC27A4, SLC4A1AP, SLC6A7, SLTM, SLU7, SMAP, SMARCA1, SMARCAD1, SMARCAL1, SMARCC2, SMC3, SMC4, SMC5, SMN1, SMNDC1, SNCA, SNF8, SNRNP27, SNRNP40, SNRPA, SNRPA1, SNRPE, SNW1, SNX6, SNX9, SOD2, SPAG7, SPART, SPECC1L, SRBD1, SREK1, SRP14, SRRM1, SRSF10, SRSF3, SRSF4, SS18, SSB, SSRP1, STAG1, STARD13, STAT6, STIM1, STIP1, STK38L, STMN2, STOML2, STRN3, STT3B, SUB1, SUCLA2, SUDS3, SUGP1, SUGP2, SUMO2, SUPT16H, SUPT5H, SURF6, SUZ12, SYMPK, TAF3, TAF6L, TAGLN2, TASP1, TBC1D13, TBC1D24, TBCB, TBL3, TCF19, TCF25, TCF3, TDP1, TERF2, TERF2IP, TES, TESK2, TEX10, TFIP11, THAP12, THAP4, THOC5, THRAP3, THUMPD1, THUMPD2, THYN1, TIMELESS, TIMM44, TK1, TLE3, TLK2, TMA16, TMLHE, TMPO, TOM1L1, TOP1, TOX4, TP53I11, TP73, TPX2, TRA2B, TRIM28, TRIM33, TRIR, TRMT1, TRMT10A, TRMT6, TRPS1, TSNAX, TSR1, TTC12, TTC33, TTLL12, TUFM, TUT1, TXNDC9, U2SURP, UBA1, UBE2E3, UBE2K, UBE2M, UBE2S, UBE2V2, UBN1, UBXN1, UBXN7, UHRF1, UIMC1, UNC119B, UNC45A, UPF1, UQCRC2, USP10, USP13, USP22, USP48, UTP11, UTP14A, UTP18, UTP3, VCPIP1, VPS33B, VPS72, VRK1, WAC, WAPL, WBP11, WBP4, WDHD1, WDR12, WDR33, WDR4, WDR43, WDR45B, WDR46, WDR70, WIZ, XPC, XPO5, XRCC4, XRCC5, XRCC6, YAP1, YARS1, YTHDC1, YWHAH, YY1, ZBTB34, ZBTB4, ZBTB7A, ZBTB7B, ZC3H11A, ZC3H14, ZC3H15, ZC3H4, ZC3H8, ZC3HC1, ZCCHC8, ZFAND6, ZFP91, ZFR, ZHX3, ZMAT2, ZMYM3, ZMYND8, ZNF148, ZNF174, ZNF207, ZNF217, ZNF280C, ZNF326, ZNF384, ZNF512, ZNF512B, ZNF516, ZNF592, ZNF618, ZNF639, ZNF644, ZNF687, ZNF706, ZNF787, ZNF800, ZNF804B, ZNF830, ZRANB1, ZRANB2, ZYX, ZZZ3
2026-06-02 17:28:01,706 - ===== Fold 1/5 (train proteins: 809, val proteins: 203) =====
2026-06-02 17:28:02,708 - Epoch 1/200 - LR: 0.0001 - Train Loss: 0.6976 - Val Loss: 0.6915
2026-06-02 17:28:03,685 - Epoch 2/200 - LR: 0.0001 - Train Loss: 0.6919 - Val Loss: 0.6831
2026-06-02 17:28:04,673 - Epoch 3/200 - LR: 0.0001 - Train Loss: 0.6906 - Val Loss: 0.6696
2026-06-02 17:28:05,651 - Epoch 4/200 - LR: 0.0001 - Train Loss: 0.6741 - Val Loss: 0.6214
2026-06-02 17:28:06,662 - Epoch 5/200 - LR: 0.0001 - Train Loss: 0.6324 - Val Loss: 0.5829
2026-06-02 17:28:07,849 - Epoch 6/200 - LR: 0.0001 - Train Loss: 0.5667 - Val Loss: 0.5674
2026-06-02 17:28:09,113 - Epoch 7/200 - LR: 0.0001 - Train Loss: 0.5397 - Val Loss: 0.5592
2026-06-02 17:28:10,342 - Epoch 8/200 - LR: 0.0001 - Train Loss: 0.5199 - Val Loss: 0.5501
2026-06-02 17:28:11,503 - Epoch 9/200 - LR: 0.0001 - Train Loss: 0.4951 - Val Loss: 0.5395
2026-06-02 17:28:12,595 - Epoch 10/200 - LR: 0.0001 - Train Loss: 0.4783 - Val Loss: 0.5515
2026-06-02 17:28:13,706 - Epoch 11/200 - LR: 0.0001 - Train Loss: 0.4631 - Val Loss: 0.5286
2026-06-02 17:28:14,763 - Epoch 12/200 - LR: 0.0001 - Train Loss: 0.4419 - Val Loss: 0.5436
2026-06-02 17:28:15,850 - Epoch 13/200 - LR: 0.0001 - Train Loss: 0.4303 - Val Loss: 0.5483
2026-06-02 17:28:16,912 - Epoch 14/200 - LR: 0.0001 - Train Loss: 0.4070 - Val Loss: 0.5558
2026-06-02 17:28:18,008 - Epoch 15/200 - LR: 0.0001 - Train Loss: 0.4024 - Val Loss: 0.5563
2026-06-02 17:28:19,200 - Epoch 16/200 - LR: 0.0001 - Train Loss: 0.3939 - Val Loss: 0.5627
2026-06-02 17:28:20,277 - Epoch 17/200 - LR: 5e-05 - Train Loss: 0.3684 - Val Loss: 0.5714
2026-06-02 17:28:21,309 - Epoch 18/200 - LR: 5e-05 - Train Loss: 0.3646 - Val Loss: 0.5855
2026-06-02 17:28:22,392 - Epoch 19/200 - LR: 5e-05 - Train Loss: 0.3405 - Val Loss: 0.5872
2026-06-02 17:28:23,412 - Epoch 20/200 - LR: 5e-05 - Train Loss: 0.3287 - Val Loss: 0.6020
2026-06-02 17:28:24,481 - Epoch 21/200 - LR: 2.5e-05 - Train Loss: 0.3291 - Val Loss: 0.6077
2026-06-02 17:28:25,560 - Epoch 22/200 - LR: 2.5e-05 - Train Loss: 0.3179 - Val Loss: 0.6173
2026-06-02 17:28:26,564 - Epoch 23/200 - LR: 2.5e-05 - Train Loss: 0.3074 - Val Loss: 0.6174
2026-06-02 17:28:27,567 - Epoch 24/200 - LR: 2.5e-05 - Train Loss: 0.3230 - Val Loss: 0.6299
2026-06-02 17:28:28,567 - Epoch 25/200 - LR: 1.25e-05 - Train Loss: 0.3010 - Val Loss: 0.6249
2026-06-02 17:28:29,699 - Epoch 26/200 - LR: 1.25e-05 - Train Loss: 0.3011 - Val Loss: 0.6256
2026-06-02 17:28:30,858 - Epoch 27/200 - LR: 1.25e-05 - Train Loss: 0.3009 - Val Loss: 0.6320
2026-06-02 17:28:31,982 - Epoch 28/200 - LR: 1.25e-05 - Train Loss: 0.2949 - Val Loss: 0.6326
2026-06-02 17:28:33,105 - Epoch 29/200 - LR: 6.25e-06 - Train Loss: 0.2960 - Val Loss: 0.6363
2026-06-02 17:28:34,170 - Epoch 30/200 - LR: 6.25e-06 - Train Loss: 0.2879 - Val Loss: 0.6368
2026-06-02 17:28:35,264 - Epoch 31/200 - LR: 6.25e-06 - Train Loss: 0.3015 - Val Loss: 0.6383
2026-06-02 17:28:36,393 - Epoch 32/200 - LR: 6.25e-06 - Train Loss: 0.3033 - Val Loss: 0.6367
2026-06-02 17:28:36,394 - Early stopping at epoch 32 (best MCC=0.5510)
2026-06-02 17:28:36,394 - Fold 1 Best Metrics:
2026-06-02 17:28:36,394 -   MCC       : 0.5510
2026-06-02 17:28:36,394 -   SN        : 0.8289
2026-06-02 17:28:36,394 -   SP        : 0.7174
2026-06-02 17:28:36,394 -   ACC       : 0.7759
2026-06-02 17:28:36,394 -   BACC      : 0.7732
2026-06-02 17:28:36,394 -   PRECISION : 0.7636
2026-06-02 17:28:36,394 -   F1        : 0.7950
2026-06-02 17:28:36,394 -   AUC       : 0.8354
2026-06-02 17:28:36,394 -   AUCPR     : 0.8426
2026-06-02 17:28:36,396 - ===== Fold 2/5 (train proteins: 810, val proteins: 202) =====
2026-06-02 17:28:37,526 - Epoch 1/200 - LR: 0.0001 - Train Loss: 0.6955 - Val Loss: 0.6857
2026-06-02 17:28:38,615 - Epoch 2/200 - LR: 0.0001 - Train Loss: 0.6903 - Val Loss: 0.6701
2026-06-02 17:28:39,748 - Epoch 3/200 - LR: 0.0001 - Train Loss: 0.6797 - Val Loss: 0.6245
2026-06-02 17:28:40,874 - Epoch 4/200 - LR: 0.0001 - Train Loss: 0.6444 - Val Loss: 0.5911
2026-06-02 17:28:42,016 - Epoch 5/200 - LR: 0.0001 - Train Loss: 0.5968 - Val Loss: 0.5707
2026-06-02 17:28:43,137 - Epoch 6/200 - LR: 0.0001 - Train Loss: 0.5581 - Val Loss: 0.5563
2026-06-02 17:28:44,462 - Epoch 7/200 - LR: 0.0001 - Train Loss: 0.5436 - Val Loss: 0.5362
2026-06-02 17:28:45,647 - Epoch 8/200 - LR: 0.0001 - Train Loss: 0.5162 - Val Loss: 0.5468
2026-06-02 17:28:46,845 - Epoch 9/200 - LR: 0.0001 - Train Loss: 0.4938 - Val Loss: 0.5353
2026-06-02 17:28:47,941 - Epoch 10/200 - LR: 0.0001 - Train Loss: 0.4858 - Val Loss: 0.5283
2026-06-02 17:28:49,096 - Epoch 11/200 - LR: 0.0001 - Train Loss: 0.4672 - Val Loss: 0.5553
2026-06-02 17:28:50,244 - Epoch 12/200 - LR: 0.0001 - Train Loss: 0.4479 - Val Loss: 0.5307
2026-06-02 17:28:51,495 - Epoch 13/200 - LR: 0.0001 - Train Loss: 0.4356 - Val Loss: 0.5534
2026-06-02 17:28:52,796 - Epoch 14/200 - LR: 0.0001 - Train Loss: 0.4101 - Val Loss: 0.5541
2026-06-02 17:28:53,965 - Epoch 15/200 - LR: 0.0001 - Train Loss: 0.4244 - Val Loss: 0.5429
2026-06-02 17:28:55,102 - Epoch 16/200 - LR: 0.0001 - Train Loss: 0.3948 - Val Loss: 0.5854
2026-06-02 17:28:56,235 - Epoch 17/200 - LR: 0.0001 - Train Loss: 0.3780 - Val Loss: 0.5615
2026-06-02 17:28:57,316 - Epoch 18/200 - LR: 0.0001 - Train Loss: 0.3784 - Val Loss: 0.5481
2026-06-02 17:28:58,448 - Epoch 19/200 - LR: 0.0001 - Train Loss: 0.3437 - Val Loss: 0.6088
2026-06-02 17:28:59,558 - Epoch 20/200 - LR: 5e-05 - Train Loss: 0.3378 - Val Loss: 0.5904
2026-06-02 17:29:00,681 - Epoch 21/200 - LR: 5e-05 - Train Loss: 0.3356 - Val Loss: 0.5898
2026-06-02 17:29:01,846 - Epoch 22/200 - LR: 5e-05 - Train Loss: 0.3228 - Val Loss: 0.6034
2026-06-02 17:29:03,083 - Epoch 23/200 - LR: 5e-05 - Train Loss: 0.3187 - Val Loss: 0.6007
2026-06-02 17:29:04,197 - Epoch 24/200 - LR: 2.5e-05 - Train Loss: 0.3088 - Val Loss: 0.6011
2026-06-02 17:29:05,299 - Epoch 25/200 - LR: 2.5e-05 - Train Loss: 0.2920 - Val Loss: 0.6209
2026-06-02 17:29:06,296 - Epoch 26/200 - LR: 2.5e-05 - Train Loss: 0.3021 - Val Loss: 0.6352
2026-06-02 17:29:07,260 - Epoch 27/200 - LR: 2.5e-05 - Train Loss: 0.2943 - Val Loss: 0.6267
2026-06-02 17:29:08,207 - Epoch 28/200 - LR: 1.25e-05 - Train Loss: 0.2862 - Val Loss: 0.6304
2026-06-02 17:29:09,215 - Epoch 29/200 - LR: 1.25e-05 - Train Loss: 0.2808 - Val Loss: 0.6354
2026-06-02 17:29:10,180 - Epoch 30/200 - LR: 1.25e-05 - Train Loss: 0.2809 - Val Loss: 0.6405
2026-06-02 17:29:11,120 - Epoch 31/200 - LR: 1.25e-05 - Train Loss: 0.2731 - Val Loss: 0.6466
2026-06-02 17:29:12,081 - Epoch 32/200 - LR: 6.25e-06 - Train Loss: 0.2821 - Val Loss: 0.6473
2026-06-02 17:29:13,046 - Epoch 33/200 - LR: 6.25e-06 - Train Loss: 0.2788 - Val Loss: 0.6453
2026-06-02 17:29:13,982 - Epoch 34/200 - LR: 6.25e-06 - Train Loss: 0.2608 - Val Loss: 0.6441
2026-06-02 17:29:14,967 - Epoch 35/200 - LR: 6.25e-06 - Train Loss: 0.2747 - Val Loss: 0.6484
2026-06-02 17:29:14,967 - Early stopping at epoch 35 (best MCC=0.5659)
2026-06-02 17:29:14,967 - Fold 2 Best Metrics:
2026-06-02 17:29:14,967 -   MCC       : 0.5659
2026-06-02 17:29:14,967 -   SN        : 0.8115
2026-06-02 17:29:14,967 -   SP        : 0.7535
2026-06-02 17:29:14,967 -   ACC       : 0.7825
2026-06-02 17:29:14,967 -   BACC      : 0.7825
2026-06-02 17:29:14,967 -   PRECISION : 0.7674
2026-06-02 17:29:14,967 -   F1        : 0.7888
2026-06-02 17:29:14,967 -   AUC       : 0.8535
2026-06-02 17:29:14,967 -   AUCPR     : 0.8459
2026-06-02 17:29:14,969 - ===== Fold 3/5 (train proteins: 810, val proteins: 202) =====
2026-06-02 17:29:15,919 - Epoch 1/200 - LR: 0.0001 - Train Loss: 0.6928 - Val Loss: 0.6852
2026-06-02 17:29:16,854 - Epoch 2/200 - LR: 0.0001 - Train Loss: 0.6850 - Val Loss: 0.6661
2026-06-02 17:29:17,777 - Epoch 3/200 - LR: 0.0001 - Train Loss: 0.6695 - Val Loss: 0.5951
2026-06-02 17:29:18,765 - Epoch 4/200 - LR: 0.0001 - Train Loss: 0.6131 - Val Loss: 0.5540
2026-06-02 17:29:19,726 - Epoch 5/200 - LR: 0.0001 - Train Loss: 0.5919 - Val Loss: 0.5347
2026-06-02 17:29:20,661 - Epoch 6/200 - LR: 0.0001 - Train Loss: 0.5565 - Val Loss: 0.5146
2026-06-02 17:29:21,637 - Epoch 7/200 - LR: 0.0001 - Train Loss: 0.5336 - Val Loss: 0.4978
2026-06-02 17:29:22,743 - Epoch 8/200 - LR: 0.0001 - Train Loss: 0.5240 - Val Loss: 0.4905
2026-06-02 17:29:23,763 - Epoch 9/200 - LR: 0.0001 - Train Loss: 0.4937 - Val Loss: 0.4945
2026-06-02 17:29:24,693 - Epoch 10/200 - LR: 0.0001 - Train Loss: 0.4857 - Val Loss: 0.4961
2026-06-02 17:29:25,796 - Epoch 11/200 - LR: 0.0001 - Train Loss: 0.4768 - Val Loss: 0.4936
2026-06-02 17:29:26,931 - Epoch 12/200 - LR: 0.0001 - Train Loss: 0.4554 - Val Loss: 0.4807
2026-06-02 17:29:28,009 - Epoch 13/200 - LR: 0.0001 - Train Loss: 0.4437 - Val Loss: 0.4899
2026-06-02 17:29:29,065 - Epoch 14/200 - LR: 0.0001 - Train Loss: 0.4335 - Val Loss: 0.4969
2026-06-02 17:29:30,110 - Epoch 15/200 - LR: 5e-05 - Train Loss: 0.4064 - Val Loss: 0.4997
2026-06-02 17:29:31,278 - Epoch 16/200 - LR: 5e-05 - Train Loss: 0.4018 - Val Loss: 0.4881
2026-06-02 17:29:32,399 - Epoch 17/200 - LR: 5e-05 - Train Loss: 0.3904 - Val Loss: 0.4978
2026-06-02 17:29:33,522 - Epoch 18/200 - LR: 5e-05 - Train Loss: 0.3867 - Val Loss: 0.4959
2026-06-02 17:29:34,534 - Epoch 19/200 - LR: 5e-05 - Train Loss: 0.3741 - Val Loss: 0.5062
2026-06-02 17:29:35,590 - Epoch 20/200 - LR: 5e-05 - Train Loss: 0.3636 - Val Loss: 0.5297
2026-06-02 17:29:36,860 - Epoch 21/200 - LR: 2.5e-05 - Train Loss: 0.3614 - Val Loss: 0.5182
2026-06-02 17:29:38,066 - Epoch 22/200 - LR: 2.5e-05 - Train Loss: 0.3452 - Val Loss: 0.5212
2026-06-02 17:29:39,227 - Epoch 23/200 - LR: 2.5e-05 - Train Loss: 0.3489 - Val Loss: 0.5210
2026-06-02 17:29:40,358 - Epoch 24/200 - LR: 2.5e-05 - Train Loss: 0.3395 - Val Loss: 0.5295
2026-06-02 17:29:41,495 - Epoch 25/200 - LR: 1.25e-05 - Train Loss: 0.3395 - Val Loss: 0.5330
2026-06-02 17:29:42,628 - Epoch 26/200 - LR: 1.25e-05 - Train Loss: 0.3344 - Val Loss: 0.5332
2026-06-02 17:29:43,814 - Epoch 27/200 - LR: 1.25e-05 - Train Loss: 0.3521 - Val Loss: 0.5332
2026-06-02 17:29:44,966 - Epoch 28/200 - LR: 1.25e-05 - Train Loss: 0.3339 - Val Loss: 0.5341
2026-06-02 17:29:46,110 - Epoch 29/200 - LR: 6.25e-06 - Train Loss: 0.3509 - Val Loss: 0.5367
2026-06-02 17:29:47,241 - Epoch 30/200 - LR: 6.25e-06 - Train Loss: 0.3287 - Val Loss: 0.5351
2026-06-02 17:29:48,326 - Epoch 31/200 - LR: 6.25e-06 - Train Loss: 0.3225 - Val Loss: 0.5383
2026-06-02 17:29:49,499 - Epoch 32/200 - LR: 6.25e-06 - Train Loss: 0.3328 - Val Loss: 0.5367
2026-06-02 17:29:50,714 - Epoch 33/200 - LR: 3.125e-06 - Train Loss: 0.3139 - Val Loss: 0.5382
2026-06-02 17:29:51,880 - Epoch 34/200 - LR: 3.125e-06 - Train Loss: 0.3150 - Val Loss: 0.5407
2026-06-02 17:29:52,973 - Epoch 35/200 - LR: 3.125e-06 - Train Loss: 0.3206 - Val Loss: 0.5411
2026-06-02 17:29:54,088 - Epoch 36/200 - LR: 3.125e-06 - Train Loss: 0.3199 - Val Loss: 0.5415
2026-06-02 17:29:54,089 - Early stopping at epoch 36 (best MCC=0.6064)
2026-06-02 17:29:54,089 - Fold 3 Best Metrics:
2026-06-02 17:29:54,089 -   MCC       : 0.6064
2026-06-02 17:29:54,089 -   SN        : 0.8213
2026-06-02 17:29:54,089 -   SP        : 0.7845
2026-06-02 17:29:54,089 -   ACC       : 0.8032
2026-06-02 17:29:54,089 -   BACC      : 0.8029
2026-06-02 17:29:54,089 -   PRECISION : 0.7978
2026-06-02 17:29:54,089 -   F1        : 0.8094
2026-06-02 17:29:54,089 -   AUC       : 0.8739
2026-06-02 17:29:54,089 -   AUCPR     : 0.8786
2026-06-02 17:29:54,097 - ===== Fold 4/5 (train proteins: 810, val proteins: 202) =====
2026-06-02 17:29:55,265 - Epoch 1/200 - LR: 0.0001 - Train Loss: 0.6960 - Val Loss: 0.6920
2026-06-02 17:29:56,340 - Epoch 2/200 - LR: 0.0001 - Train Loss: 0.6920 - Val Loss: 0.6863
2026-06-02 17:29:57,588 - Epoch 3/200 - LR: 0.0001 - Train Loss: 0.6856 - Val Loss: 0.6667
2026-06-02 17:29:58,677 - Epoch 4/200 - LR: 0.0001 - Train Loss: 0.6628 - Val Loss: 0.6258
2026-06-02 17:29:59,823 - Epoch 5/200 - LR: 0.0001 - Train Loss: 0.6064 - Val Loss: 0.5833
2026-06-02 17:30:00,923 - Epoch 6/200 - LR: 0.0001 - Train Loss: 0.5612 - Val Loss: 0.5627
2026-06-02 17:30:02,083 - Epoch 7/200 - LR: 0.0001 - Train Loss: 0.5307 - Val Loss: 0.5535
2026-06-02 17:30:03,350 - Epoch 8/200 - LR: 0.0001 - Train Loss: 0.5053 - Val Loss: 0.6290
2026-06-02 17:30:04,551 - Epoch 9/200 - LR: 0.0001 - Train Loss: 0.4832 - Val Loss: 0.5504
2026-06-02 17:30:05,704 - Epoch 10/200 - LR: 0.0001 - Train Loss: 0.4671 - Val Loss: 0.5406
2026-06-02 17:30:06,918 - Epoch 11/200 - LR: 0.0001 - Train Loss: 0.4615 - Val Loss: 0.5613
2026-06-02 17:30:08,069 - Epoch 12/200 - LR: 0.0001 - Train Loss: 0.4443 - Val Loss: 0.5362
2026-06-02 17:30:09,176 - Epoch 13/200 - LR: 0.0001 - Train Loss: 0.4286 - Val Loss: 0.5975
2026-06-02 17:30:10,450 - Epoch 14/200 - LR: 0.0001 - Train Loss: 0.4079 - Val Loss: 0.5754
2026-06-02 17:30:11,715 - Epoch 15/200 - LR: 5e-05 - Train Loss: 0.4012 - Val Loss: 0.5711
2026-06-02 17:30:12,865 - Epoch 16/200 - LR: 5e-05 - Train Loss: 0.3901 - Val Loss: 0.5472
2026-06-02 17:30:13,990 - Epoch 17/200 - LR: 5e-05 - Train Loss: 0.3889 - Val Loss: 0.5612
2026-06-02 17:30:15,180 - Epoch 18/200 - LR: 5e-05 - Train Loss: 0.3672 - Val Loss: 0.5707
2026-06-02 17:30:16,255 - Epoch 19/200 - LR: 2.5e-05 - Train Loss: 0.3718 - Val Loss: 0.5727
2026-06-02 17:30:17,267 - Epoch 20/200 - LR: 2.5e-05 - Train Loss: 0.3583 - Val Loss: 0.5790
2026-06-02 17:30:18,266 - Epoch 21/200 - LR: 2.5e-05 - Train Loss: 0.3495 - Val Loss: 0.5882
2026-06-02 17:30:19,191 - Epoch 22/200 - LR: 2.5e-05 - Train Loss: 0.3527 - Val Loss: 0.5914
2026-06-02 17:30:20,156 - Epoch 23/200 - LR: 1.25e-05 - Train Loss: 0.3407 - Val Loss: 0.5843
2026-06-02 17:30:21,137 - Epoch 24/200 - LR: 1.25e-05 - Train Loss: 0.3458 - Val Loss: 0.5918
2026-06-02 17:30:22,074 - Epoch 25/200 - LR: 1.25e-05 - Train Loss: 0.3393 - Val Loss: 0.5890
2026-06-02 17:30:23,018 - Epoch 26/200 - LR: 1.25e-05 - Train Loss: 0.3342 - Val Loss: 0.6026
2026-06-02 17:30:23,969 - Epoch 27/200 - LR: 6.25e-06 - Train Loss: 0.3390 - Val Loss: 0.5987
2026-06-02 17:30:24,985 - Epoch 28/200 - LR: 6.25e-06 - Train Loss: 0.3423 - Val Loss: 0.5955
2026-06-02 17:30:26,100 - Epoch 29/200 - LR: 6.25e-06 - Train Loss: 0.3350 - Val Loss: 0.5962
2026-06-02 17:30:27,110 - Epoch 30/200 - LR: 6.25e-06 - Train Loss: 0.3260 - Val Loss: 0.5950
2026-06-02 17:30:27,110 - Early stopping at epoch 30 (best MCC=0.5617)
2026-06-02 17:30:27,110 - Fold 4 Best Metrics:
2026-06-02 17:30:27,110 -   MCC       : 0.5617
2026-06-02 17:30:27,110 -   SN        : 0.8052
2026-06-02 17:30:27,110 -   SP        : 0.7562
2026-06-02 17:30:27,111 -   ACC       : 0.7802
2026-06-02 17:30:27,111 -   BACC      : 0.7807
2026-06-02 17:30:27,111 -   PRECISION : 0.7605
2026-06-02 17:30:27,111 -   F1        : 0.7822
2026-06-02 17:30:27,111 -   AUC       : 0.8443
2026-06-02 17:30:27,111 -   AUCPR     : 0.8335
2026-06-02 17:30:27,112 - ===== Fold 5/5 (train proteins: 809, val proteins: 203) =====
2026-06-02 17:30:28,164 - Epoch 1/200 - LR: 0.0001 - Train Loss: 0.6938 - Val Loss: 0.6789
2026-06-02 17:30:29,137 - Epoch 2/200 - LR: 0.0001 - Train Loss: 0.6906 - Val Loss: 0.6705
2026-06-02 17:30:30,176 - Epoch 3/200 - LR: 0.0001 - Train Loss: 0.6812 - Val Loss: 0.6213
2026-06-02 17:30:31,174 - Epoch 4/200 - LR: 0.0001 - Train Loss: 0.6440 - Val Loss: 0.5594
2026-06-02 17:30:32,203 - Epoch 5/200 - LR: 0.0001 - Train Loss: 0.5977 - Val Loss: 0.5391
2026-06-02 17:30:33,200 - Epoch 6/200 - LR: 0.0001 - Train Loss: 0.5712 - Val Loss: 0.5154
2026-06-02 17:30:34,241 - Epoch 7/200 - LR: 0.0001 - Train Loss: 0.5342 - Val Loss: 0.5022
2026-06-02 17:30:35,378 - Epoch 8/200 - LR: 0.0001 - Train Loss: 0.5234 - Val Loss: 0.4844
2026-06-02 17:30:36,684 - Epoch 9/200 - LR: 0.0001 - Train Loss: 0.4975 - Val Loss: 0.5348
2026-06-02 17:30:37,940 - Epoch 10/200 - LR: 0.0001 - Train Loss: 0.4879 - Val Loss: 0.5135
2026-06-02 17:30:39,037 - Epoch 11/200 - LR: 0.0001 - Train Loss: 0.4778 - Val Loss: 0.4748
2026-06-02 17:30:40,171 - Epoch 12/200 - LR: 0.0001 - Train Loss: 0.4647 - Val Loss: 0.4860
2026-06-02 17:30:41,315 - Epoch 13/200 - LR: 0.0001 - Train Loss: 0.4423 - Val Loss: 0.4821
2026-06-02 17:30:42,445 - Epoch 14/200 - LR: 0.0001 - Train Loss: 0.4227 - Val Loss: 0.4956
2026-06-02 17:30:43,559 - Epoch 15/200 - LR: 0.0001 - Train Loss: 0.4161 - Val Loss: 0.4858
2026-06-02 17:30:44,660 - Epoch 16/200 - LR: 0.0001 - Train Loss: 0.4002 - Val Loss: 0.4809
2026-06-02 17:30:45,817 - Epoch 17/200 - LR: 0.0001 - Train Loss: 0.3806 - Val Loss: 0.4995
2026-06-02 17:30:46,979 - Epoch 18/200 - LR: 0.0001 - Train Loss: 0.3777 - Val Loss: 0.4880
2026-06-02 17:30:48,095 - Epoch 19/200 - LR: 0.0001 - Train Loss: 0.3540 - Val Loss: 0.5388
2026-06-02 17:30:49,222 - Epoch 20/200 - LR: 0.0001 - Train Loss: 0.3458 - Val Loss: 0.5103
2026-06-02 17:30:50,330 - Epoch 21/200 - LR: 0.0001 - Train Loss: 0.3206 - Val Loss: 0.5237
2026-06-02 17:30:51,311 - Epoch 22/200 - LR: 0.0001 - Train Loss: 0.3220 - Val Loss: 0.5795
2026-06-02 17:30:52,382 - Epoch 23/200 - LR: 5e-05 - Train Loss: 0.3068 - Val Loss: 0.5434
2026-06-02 17:30:53,396 - Epoch 24/200 - LR: 5e-05 - Train Loss: 0.2872 - Val Loss: 0.5626
2026-06-02 17:30:54,594 - Epoch 25/200 - LR: 5e-05 - Train Loss: 0.2802 - Val Loss: 0.5724
2026-06-02 17:30:55,750 - Epoch 26/200 - LR: 5e-05 - Train Loss: 0.2592 - Val Loss: 0.5767
2026-06-02 17:30:56,926 - Epoch 27/200 - LR: 2.5e-05 - Train Loss: 0.2494 - Val Loss: 0.5872
2026-06-02 17:30:58,043 - Epoch 28/200 - LR: 2.5e-05 - Train Loss: 0.2535 - Val Loss: 0.5987
2026-06-02 17:30:59,188 - Epoch 29/200 - LR: 2.5e-05 - Train Loss: 0.2404 - Val Loss: 0.6044
2026-06-02 17:31:00,291 - Epoch 30/200 - LR: 2.5e-05 - Train Loss: 0.2367 - Val Loss: 0.6101
2026-06-02 17:31:01,419 - Epoch 31/200 - LR: 1.25e-05 - Train Loss: 0.2327 - Val Loss: 0.6078
2026-06-02 17:31:02,517 - Epoch 32/200 - LR: 1.25e-05 - Train Loss: 0.2396 - Val Loss: 0.6115
2026-06-02 17:31:03,609 - Epoch 33/200 - LR: 1.25e-05 - Train Loss: 0.2283 - Val Loss: 0.6113
2026-06-02 17:31:04,702 - Epoch 34/200 - LR: 1.25e-05 - Train Loss: 0.2088 - Val Loss: 0.6206
2026-06-02 17:31:05,858 - Epoch 35/200 - LR: 6.25e-06 - Train Loss: 0.2303 - Val Loss: 0.6209
2026-06-02 17:31:06,947 - Epoch 36/200 - LR: 6.25e-06 - Train Loss: 0.2255 - Val Loss: 0.6208
2026-06-02 17:31:08,072 - Epoch 37/200 - LR: 6.25e-06 - Train Loss: 0.2285 - Val Loss: 0.6171
2026-06-02 17:31:09,190 - Epoch 38/200 - LR: 6.25e-06 - Train Loss: 0.2253 - Val Loss: 0.6177
2026-06-02 17:31:09,191 - Early stopping at epoch 38 (best MCC=0.6030)
2026-06-02 17:31:09,191 - Fold 5 Best Metrics:
2026-06-02 17:31:09,191 -   MCC       : 0.6030
2026-06-02 17:31:09,191 -   SN        : 0.7681
2026-06-02 17:31:09,191 -   SP        : 0.8330
2026-06-02 17:31:09,191 -   ACC       : 0.8021
2026-06-02 17:31:09,191 -   BACC      : 0.8005
2026-06-02 17:31:09,191 -   PRECISION : 0.8071
2026-06-02 17:31:09,191 -   F1        : 0.7871
2026-06-02 17:31:09,191 -   AUC       : 0.8722
2026-06-02 17:31:09,191 -   AUCPR     : 0.8585
2026-06-02 17:31:09,191 - ==============================
2026-06-02 17:31:09,191 - Cross-Validation Results:
2026-06-02 17:31:09,191 -   MCC       : 0.5776 ± 0.0227
2026-06-02 17:31:09,191 -   SN        : 0.8070 ± 0.0211
2026-06-02 17:31:09,192 -   SP        : 0.7689 ± 0.0385
2026-06-02 17:31:09,192 -   ACC       : 0.7888 ± 0.0115
2026-06-02 17:31:09,192 -   BACC      : 0.7880 ± 0.0117
2026-06-02 17:31:09,192 -   PRECISION : 0.7793 ± 0.0193
2026-06-02 17:31:09,192 -   F1        : 0.7925 ± 0.0094
2026-06-02 17:31:09,192 -   AUC       : 0.8559 ± 0.0152
2026-06-02 17:31:09,192 -   AUCPR     : 0.8518 ± 0.0156
2026-06-02 17:31:09,192 - ==============================
2026-06-02 17:31:09,192 - Evaluating ensemble on test set...
2026-06-02 17:31:09,845 - Final Test Metrics (Ensemble):
2026-06-02 17:31:09,845 -   MCC       : 0.6408
2026-06-02 17:31:09,845 -   SN        : 0.8204
2026-06-02 17:31:09,845 -   SP        : 0.8204
2026-06-02 17:31:09,845 -   ACC       : 0.8204
2026-06-02 17:31:09,845 -   BACC      : 0.8204
2026-06-02 17:31:09,846 -   PRECISION : 0.8204
2026-06-02 17:31:09,846 -   F1        : 0.8204
2026-06-02 17:31:09,846 -   AUC       : 0.8859
2026-06-02 17:31:09,846 -   AUCPR     : 0.8954
