2026-06-02 17:35:34,185 - ============================================================
2026-06-02 17:35:34,185 - DISTANCE: 15
2026-06-02 17:35:34,186 - ============================================================
2026-06-02 17:35:34,186 - Hyperparameters:
2026-06-02 17:35:34,186 -   Batch Size: 128
2026-06-02 17:35:34,186 -   Learning Rate: 0.0001
2026-06-02 17:35:34,186 -   Weight Decay: 0.001
2026-06-02 17:35:34,186 -   Epochs: 200
2026-06-02 17:35:34,186 -   K-Folds: 5
2026-06-02 17:35:34,186 -   Patience: 20
2026-06-02 17:35:34,186 -   Early Stop Metric: MCC
2026-06-02 17:35:34,186 -   Node Feature Dimension: 1280
2026-06-02 17:35:34,186 -   Sequence Feature Dimension: 21 (20 AA + 1 X)
2026-06-02 17:35:34,186 -   Hidden Dimension: 128
2026-06-02 17:35:34,186 -   LR Scheduler: ReduceLROnPlateau(factor=0.5, patience=3, min_lr=1e-06)
2026-06-02 17:35:34,186 -   Cross-Validation: GroupKFold (group = protein name)
2026-06-02 17:35:34,186 - ============================================================
2026-06-02 17:35:34,186 - Loading training data from data/train_embedding_graph_15.pt...
2026-06-02 17:35:36,334 - Number of unique proteins (groups): 1012
2026-06-02 17:35:36,334 - Proteins: AASDH, AATF, ABCF1, ABCF2, ABCF3, ABITRAM, ABRAXAS1, ACADVL, ACAT1, ACIN1, ACLY, ACO2, ACOT13, ACOT9, ACSF2, ADAR, ADNP, AFF4, AGFG2, AGGF1, AHCYL2, AHSA1, AIF1L, AKAP8L, ALDH18A1, ALDH9A1, ALDOA, ALG9, ALKBH3, ALKBH5, ALYREF, ANLN, ANXA2, APBB1, APEX1, APIP, ARFGAP1, ARFGAP2, ARFIP1, ARID3A, ARID4B, ARL3, ARL6IP4, ARMC1, ARPC2, ARPC5, ARPIN, ASPSCR1, ATF7IP, ATG12, ATP5F1A, ATP5F1B, ATP5IF1, ATP5PD, ATP5PO, ATP6V1E1, ATP6V1G1, ATPAF1, ATXN2L, ATXN3, AUH, AURKA, BAG2, BBS9, BBX, BCLAF1, BLNK, BMS1, BRD2, BRD4, BRIX1, BRPF1, BTF3, BUB1B, BUD23, BUD31, C12orf45, C16orf87, C19orf47, C19orf53, C1orf131, C1orf174, C1orf198, C1orf52, C7orf50, C9orf78, CACYBP, CALD1, CALU, CANX, CAPZA1, CAPZB, CAST, CAVIN1, CBFB, CBX5, CC2D1A, CCDC117, CCDC124, CCDC137, CCDC59, CCDC71, CCDC82, CCDC86, CCNH, CCNK, CCNT1, CCT2, CCT3, CCT5, CCT8, CD2BP2, CDC37, CDC40, CDC5L, CDC73, CDCA2, CDK7, CDK9, CDKN2AIP, CDV3, CDYL, CENPV, CEP131, CFL1, CHAF1A, CHAF1B, CHAMP1, CHERP, CHMP1B, CHMP2A, CHMP2B, CHMP4B, CHMP5, CHRAC1, CHTOP, CIAPIN1, CKAP2L, CKS2, CLASRP, CLINT1, CMAS, CMTR1, CNN3, CNP, COIL, COPS7A, CORO1B, CPNE1, CPSF3, CREB1, CRIPT, CRNKL1, CRTC3, CS, CSNK2B, CSRP1, CTCF, CTDP1, CTTN, CUEDC2, CUL1, CUL3, CWC15, CWC22, CWC27, CXorf56, CYCS, CZIB, DAXX, DBNL, DBR1, DBT, DCPS, DCUN1D5, DDA1, DDB1, DDB2, DDHD1, DDX10, DDX17, DDX18, DDX21, DDX23, DDX24, DDX27, DDX31, DDX39B, DDX41, DDX42, DDX46, DDX47, DDX52, DEK, DFFA, DGCR8, DHX16, DHX36, DHX37, DHX38, DHX9, DIEXF, DIMT1, DIS3, DKC1, DLAT, DLG3, DLGAP4, DNAJA3, DNAJB1, DNAJC17, DNAJC8, DNTTIP2, DPF2, DR1, DRAP1, DTD1, DUS1L, DUS3L, DUT, EAF1, EBAG9, EBNA1BP2, ECHDC1, ECI1, ECI2, ECT2, EDC3, EDF1, EED, EEF1G, EHMT1, EIF1AD, EIF1AX, EIF2B3, EIF2S2, EIF3A, EIF3CL, EIF3D, EIF3E, EIF3G, EIF3J, EIF4A3, EIF4EBP1, EIF4G2, EIF4H, EIF5, EIF5A, EIF5B, ELAC2, ELAVL1, ELOA, ELOF1, EMD, EML4, EMSY, ENO1, ENSA, EPB41L2, EPC2, ERCC3, ERF, ESF1, ESRRA, ETFA, ETFB, EXOC1, EXOSC10, EYA3, FABP5, FAIM, FAM126A, FAM133B, FAM50A, FAM76B, FANCI, FBXO45, FEN1, FER, FH, FHL1, FIP1L1, FKBP3, FKBP4, FLYWCH2, FMC1, FNBP4, FOXK2, FRG1, G3BP1, GABPA, GATAD2A, GATB, GFM2, GGCX, GIGYF2, GINS3, GIPC1, GLRA1, GLS, GMNN, GMPR2, GNL3, GNL3L, GOT2, GPALPP1, GPATCH1, GPATCH11, GPI, GPKOW, GRPEL1, GSE1, GTF2E2, GTF2F1, GTF2F2, GTF2H1, GTF2I, GTF3C2, GTF3C4, GTF3C5, GTPBP1, GTSE1, H2BC18, H3C1, H4C1, HADHA, HADHB, HAT1, HDAC2, HDGFL2, HDLBP, HEATR3, HELLS, HEXIM1, HIBCH, HIC2, HINT1, HIRIP3, HLTF, HMBS, HMG20A, HMGA2, HMGN1, HMOX2, HNRNPA1, HNRNPC, HNRNPDL, HNRNPH1, HNRNPK, HNRNPL, HNRNPM, HNRNPR, HNRNPU, HSP90AA1, HSP90AB2P, HSPA4, HSPA9, HSPD1, HSPE1, IARS2, ICE2, IDH2, IGHMBP2, IK, ILF3, ILKAP, INCENP, INIP, INO80B, INTS10, INTS12, INTS4, IRF2, IRF2BP1, IRF2BP2, IWS1, JADE3, JPH2, JPT1, JPT2, KARS1, KAT7, KCTD16, KDM2B, KDM4A, KHDC4, KHDRBS1, KHSRP, KIAA1143, KIF22, KIF23, KIF2A, KIF4A, KIF5B, KIFC1, KIN, KPNA1, KRI1, KRR1, LARP1, LARP7, LASP1, LCORL, LDHA, LEMD3, LIG1, LIMA1, LMNA, LPP, LRPPRC, LRRC40, LRRC41, LRRC59, LSM14A, LUZP1, LYAR, LYSMD3, LZTS2, MACROD1, MACROH2A1, MAGED1, MAGED2, MAGOHB, MAP2K7, MAP4, MAPK13, MAPRE3, MASTL, MATR3, MB21D2, MBD1, MBD2, MCEE, MCM3, MCRS1, MCU, MDH2, ME2, MEAF6, MECP2, MED27, MED4, MED6, MEN1, MEPCE, METTL1, METTL16, MFAP1, MIDEAS, MKRN2, MLH1, MMAB, MMTAG2, MNAT1, MOB3A, MORF4L1, MPHOSPH6, MPHOSPH8, MRE11, MRPL12, MRPL44, MRPL47, MRPS28, MRTO4, MSH2, MSH6, MSL1, MSL3P1, MTA1, MTHFD1L, MTHFD2, MTREX, MVD, MYBBP1A, MYBL2, MYL6B, MYO6, N4BP1, NAB2, NACC1, NAMPT, NASP, NAT10, NBN, NCAPG, NCAPH, NCAPH2, NCBP1, NCBP3, NCK2, NCKAP1, NCL, NDUFAF4, NDUFAF7, NDUFV3, NEBL, NECAP1, NEFL, NELFA, NELFE, NEXN, NFIA, NFX1, NFYA, NHLRC2, NIFK, NIPSNAP3A, NKAP, NKIRAS2, NKRF, NNT, NOC3L, NOL11, NOL6, NOL7, NOL8, NOP14, NOP2, NOP56, NOP58, NOP9, NOSIP, NPM1, NSD2, NSFL1C, NSMCE4A, NSRP1, NUCKS1, NUDC, NUDT21, NUFIP2, NUP50, NUSAP1, NVL, OAT, OBI1, OCIAD1, OCLN, OGFR, OGT, OR4Q3, ORC2, ORC3, ORC4, OSBPL8, OTUD3, OTUD5, OTUD7B, OXCT1, PA2G4, PACS1, PAICS, PAK1IP1, PAPSS1, PARD3, PARN, PARP1, PARVB, PATZ1, PAWR, PAXIP1, PAXX, PBK, PCBP2, PCGF1, PCLAF, PCNA, PCNP, PDAP1, PDCD4, PDCD5, PDCL3, PDHA1, PDLIM1, PDLIM3, PDLIM5, PELP1, PES1, PFDN2, PFKP, PGAM1, PHAX, PHB2, PHC1, PHC2, PHC3, PHF10, PHF2, PHF20L1, PHF21A, PHF23, PHF5A, PHF6, PHLDB2, PIN4, PKN2, PLK1, PLS3, PML, PMPCB, PMS2, PNKP, PNN, PNPT1, POC5, POLA2, POLD1, POLD2, POLD3, POLD4, POLE4, POLR1G, POM121, PPA2, PPAN, PPFIA1, PPIL2, PPIL4, PPM1G, PPME1, PPP1CA, PPP1R11, PPP1R14C, PPP1R2, PPP2R5D, PPP4R3A, PPWD1, PQBP1, PRCC, PRDX3, PRKRIP1, PRMT5, PRORP, PRPF3, PRPF31, PRPF38B, PRPF4, PRPF6, PRR15, PRR3, PSIP1, PSMA8, PSMD3, PSMD4, PSMD9, PSME3IP1, PTBP1, PTCD3, PTMS, PTPN11, PTPN2, PTRHD1, PUF60, PUM3, PWP2, PWWP2A, PYROXD1, QRICH1, RACGAP1, RAD17, RAD21, RAD51AP1, RAN, RANBP3, RB1, RBBP4, RBBP5, RBM10, RBM14, RBM15, RBM17, RBM20, RBM22, RBM25, RBM26, RBM27, RBM28, RBM33, RBM39, RBM6, RBMX, RCC1, RCC2, RDX, RECQL, RECQL5, REXO1, REXO2, RFC1, RFX5, RIOX2, RNASEH2B, RNF113A, RNF114, RNF169, RNF40, RNGTT, RNMT, RPA1, RPAP2, RPL10, RPL10A, RPL11, RPL13, RPL14, RPL17, RPL18A, RPL19, RPL21, RPL22, RPL23A, RPL24, RPL27, RPL27A, RPL28, RPL29, RPL3, RPL30, RPL31, RPL34, RPL36, RPL4, RPL5, RPL7A, RPL7L1, RPL9, RPP30, RPP38, RPS10, RPS11, RPS14, RPS19, RPS20, RPS23, RPS25, RPS27A, RPS3, RPS3A, RPS4X, RPS6, RPS6KA4, RPS6KB1, RPS7, RPS8, RPS9, RPSA, RRN3, RRP12, RRP1B, RRP8, RRS1, RSBN1L, RSL1D1, RSRC2, RTEL1, RTF1, RTF2, RTKN, RYBP, S100A10, S100A11, SAE1, SAFB2, SAMHD1, SAP30, SAP30BP, SARNP, SARS2, SART1, SART3, SATB2, SCML2, SCNM1, SDAD1, SDHA, SEC61B, SEC63, SELENOH, SENP3, SENP6, SEPTIN2, SEPTIN9, SERF2, SET, SETD3, SETDB1, SF1, SF3A1, SF3A2, SF3A3, SF3B1, SF3B2, SFMBT1, SFPQ, SH3GL1, SH3GLB1, SHMT2, SIN3A, SIN3B, SINHCAF, SIRPA, SLBP, SLC25A3, SLC25A5, SLC27A4, SLC4A1AP, SLC6A7, SLTM, SLU7, SMAP, SMARCA1, SMARCAD1, SMARCAL1, SMARCC2, SMC3, SMC4, SMC5, SMN1, SMNDC1, SNCA, SNF8, SNRNP27, SNRNP40, SNRPA, SNRPA1, SNRPE, SNW1, SNX6, SNX9, SOD2, SPAG7, SPART, SPECC1L, SRBD1, SREK1, SRP14, SRRM1, SRSF10, SRSF3, SRSF4, SS18, SSB, SSRP1, STAG1, STARD13, STAT6, STIM1, STIP1, STK38L, STMN2, STOML2, STRN3, STT3B, SUB1, SUCLA2, SUDS3, SUGP1, SUGP2, SUMO2, SUPT16H, SUPT5H, SURF6, SUZ12, SYMPK, TAF3, TAF6L, TAGLN2, TASP1, TBC1D13, TBC1D24, TBCB, TBL3, TCF19, TCF25, TCF3, TDP1, TERF2, TERF2IP, TES, TESK2, TEX10, TFIP11, THAP12, THAP4, THOC5, THRAP3, THUMPD1, THUMPD2, THYN1, TIMELESS, TIMM44, TK1, TLE3, TLK2, TMA16, TMLHE, TMPO, TOM1L1, TOP1, TOX4, TP53I11, TP73, TPX2, TRA2B, TRIM28, TRIM33, TRIR, TRMT1, TRMT10A, TRMT6, TRPS1, TSNAX, TSR1, TTC12, TTC33, TTLL12, TUFM, TUT1, TXNDC9, U2SURP, UBA1, UBE2E3, UBE2K, UBE2M, UBE2S, UBE2V2, UBN1, UBXN1, UBXN7, UHRF1, UIMC1, UNC119B, UNC45A, UPF1, UQCRC2, USP10, USP13, USP22, USP48, UTP11, UTP14A, UTP18, UTP3, VCPIP1, VPS33B, VPS72, VRK1, WAC, WAPL, WBP11, WBP4, WDHD1, WDR12, WDR33, WDR4, WDR43, WDR45B, WDR46, WDR70, WIZ, XPC, XPO5, XRCC4, XRCC5, XRCC6, YAP1, YARS1, YTHDC1, YWHAH, YY1, ZBTB34, ZBTB4, ZBTB7A, ZBTB7B, ZC3H11A, ZC3H14, ZC3H15, ZC3H4, ZC3H8, ZC3HC1, ZCCHC8, ZFAND6, ZFP91, ZFR, ZHX3, ZMAT2, ZMYM3, ZMYND8, ZNF148, ZNF174, ZNF207, ZNF217, ZNF280C, ZNF326, ZNF384, ZNF512, ZNF512B, ZNF516, ZNF592, ZNF618, ZNF639, ZNF644, ZNF687, ZNF706, ZNF787, ZNF800, ZNF804B, ZNF830, ZRANB1, ZRANB2, ZYX, ZZZ3
2026-06-02 17:35:36,347 - ===== Fold 1/5 (train proteins: 809, val proteins: 203) =====
2026-06-02 17:35:37,468 - Epoch 1/200 - LR: 0.0001 - Train Loss: 0.6966 - Val Loss: 0.6904
2026-06-02 17:35:38,564 - Epoch 2/200 - LR: 0.0001 - Train Loss: 0.6907 - Val Loss: 0.6787
2026-06-02 17:35:39,685 - Epoch 3/200 - LR: 0.0001 - Train Loss: 0.6759 - Val Loss: 0.6244
2026-06-02 17:35:40,848 - Epoch 4/200 - LR: 0.0001 - Train Loss: 0.6275 - Val Loss: 0.5847
2026-06-02 17:35:41,978 - Epoch 5/200 - LR: 0.0001 - Train Loss: 0.5750 - Val Loss: 0.5864
2026-06-02 17:35:43,176 - Epoch 6/200 - LR: 0.0001 - Train Loss: 0.5366 - Val Loss: 0.5771
2026-06-02 17:35:44,354 - Epoch 7/200 - LR: 0.0001 - Train Loss: 0.5235 - Val Loss: 0.5750
2026-06-02 17:35:45,446 - Epoch 8/200 - LR: 0.0001 - Train Loss: 0.5065 - Val Loss: 0.5698
2026-06-02 17:35:46,569 - Epoch 9/200 - LR: 0.0001 - Train Loss: 0.4904 - Val Loss: 0.5457
2026-06-02 17:35:47,663 - Epoch 10/200 - LR: 0.0001 - Train Loss: 0.4594 - Val Loss: 0.5666
2026-06-02 17:35:48,741 - Epoch 11/200 - LR: 0.0001 - Train Loss: 0.4443 - Val Loss: 0.5728
2026-06-02 17:35:49,803 - Epoch 12/200 - LR: 0.0001 - Train Loss: 0.4298 - Val Loss: 0.5570
2026-06-02 17:35:50,867 - Epoch 13/200 - LR: 0.0001 - Train Loss: 0.4098 - Val Loss: 0.5491
2026-06-02 17:35:51,926 - Epoch 14/200 - LR: 0.0001 - Train Loss: 0.4088 - Val Loss: 0.5715
2026-06-02 17:35:52,929 - Epoch 15/200 - LR: 0.0001 - Train Loss: 0.3833 - Val Loss: 0.5997
2026-06-02 17:35:53,950 - Epoch 16/200 - LR: 0.0001 - Train Loss: 0.3851 - Val Loss: 0.5612
2026-06-02 17:35:54,970 - Epoch 17/200 - LR: 0.0001 - Train Loss: 0.3533 - Val Loss: 0.6145
2026-06-02 17:35:56,016 - Epoch 18/200 - LR: 5e-05 - Train Loss: 0.3503 - Val Loss: 0.6071
2026-06-02 17:35:57,042 - Epoch 19/200 - LR: 5e-05 - Train Loss: 0.3277 - Val Loss: 0.6115
2026-06-02 17:35:58,048 - Epoch 20/200 - LR: 5e-05 - Train Loss: 0.3290 - Val Loss: 0.6261
2026-06-02 17:35:59,093 - Epoch 21/200 - LR: 5e-05 - Train Loss: 0.3075 - Val Loss: 0.6299
2026-06-02 17:36:00,237 - Epoch 22/200 - LR: 2.5e-05 - Train Loss: 0.2975 - Val Loss: 0.6550
2026-06-02 17:36:01,404 - Epoch 23/200 - LR: 2.5e-05 - Train Loss: 0.2870 - Val Loss: 0.6709
2026-06-02 17:36:02,583 - Epoch 24/200 - LR: 2.5e-05 - Train Loss: 0.2901 - Val Loss: 0.6773
2026-06-02 17:36:03,781 - Epoch 25/200 - LR: 2.5e-05 - Train Loss: 0.2855 - Val Loss: 0.6802
2026-06-02 17:36:04,898 - Epoch 26/200 - LR: 1.25e-05 - Train Loss: 0.2885 - Val Loss: 0.6767
2026-06-02 17:36:06,223 - Epoch 27/200 - LR: 1.25e-05 - Train Loss: 0.2691 - Val Loss: 0.6826
2026-06-02 17:36:07,468 - Epoch 28/200 - LR: 1.25e-05 - Train Loss: 0.2794 - Val Loss: 0.6900
2026-06-02 17:36:08,574 - Epoch 29/200 - LR: 1.25e-05 - Train Loss: 0.2658 - Val Loss: 0.6990
2026-06-02 17:36:09,584 - Epoch 30/200 - LR: 6.25e-06 - Train Loss: 0.2666 - Val Loss: 0.6999
2026-06-02 17:36:10,637 - Epoch 31/200 - LR: 6.25e-06 - Train Loss: 0.2693 - Val Loss: 0.6944
2026-06-02 17:36:11,658 - Epoch 32/200 - LR: 6.25e-06 - Train Loss: 0.2564 - Val Loss: 0.6953
2026-06-02 17:36:12,713 - Epoch 33/200 - LR: 6.25e-06 - Train Loss: 0.2636 - Val Loss: 0.6960
2026-06-02 17:36:12,713 - Early stopping at epoch 33 (best MCC=0.5364)
2026-06-02 17:36:12,713 - Fold 1 Best Metrics:
2026-06-02 17:36:12,713 -   MCC       : 0.5364
2026-06-02 17:36:12,713 -   SN        : 0.7982
2026-06-02 17:36:12,713 -   SP        : 0.7367
2026-06-02 17:36:12,714 -   ACC       : 0.7690
2026-06-02 17:36:12,714 -   BACC      : 0.7675
2026-06-02 17:36:12,714 -   PRECISION : 0.7696
2026-06-02 17:36:12,714 -   F1        : 0.7836
2026-06-02 17:36:12,714 -   AUC       : 0.8277
2026-06-02 17:36:12,714 -   AUCPR     : 0.8328
2026-06-02 17:36:12,715 - ===== Fold 2/5 (train proteins: 810, val proteins: 202) =====
2026-06-02 17:36:13,764 - Epoch 1/200 - LR: 0.0001 - Train Loss: 0.6940 - Val Loss: 0.6877
2026-06-02 17:36:14,812 - Epoch 2/200 - LR: 0.0001 - Train Loss: 0.6918 - Val Loss: 0.6744
2026-06-02 17:36:15,867 - Epoch 3/200 - LR: 0.0001 - Train Loss: 0.6833 - Val Loss: 0.6417
2026-06-02 17:36:16,910 - Epoch 4/200 - LR: 0.0001 - Train Loss: 0.6557 - Val Loss: 0.5944
2026-06-02 17:36:17,891 - Epoch 5/200 - LR: 0.0001 - Train Loss: 0.5993 - Val Loss: 0.5538
2026-06-02 17:36:18,896 - Epoch 6/200 - LR: 0.0001 - Train Loss: 0.5663 - Val Loss: 0.5376
2026-06-02 17:36:19,926 - Epoch 7/200 - LR: 0.0001 - Train Loss: 0.5305 - Val Loss: 0.5516
2026-06-02 17:36:20,951 - Epoch 8/200 - LR: 0.0001 - Train Loss: 0.5167 - Val Loss: 0.5577
2026-06-02 17:36:22,025 - Epoch 9/200 - LR: 0.0001 - Train Loss: 0.4869 - Val Loss: 0.5149
2026-06-02 17:36:23,057 - Epoch 10/200 - LR: 0.0001 - Train Loss: 0.4706 - Val Loss: 0.5405
2026-06-02 17:36:24,075 - Epoch 11/200 - LR: 0.0001 - Train Loss: 0.4596 - Val Loss: 0.5206
2026-06-02 17:36:25,075 - Epoch 12/200 - LR: 0.0001 - Train Loss: 0.4309 - Val Loss: 0.5410
2026-06-02 17:36:26,173 - Epoch 13/200 - LR: 0.0001 - Train Loss: 0.4258 - Val Loss: 0.5324
2026-06-02 17:36:27,364 - Epoch 14/200 - LR: 0.0001 - Train Loss: 0.4070 - Val Loss: 0.5459
2026-06-02 17:36:28,458 - Epoch 15/200 - LR: 0.0001 - Train Loss: 0.3931 - Val Loss: 0.5676
2026-06-02 17:36:29,588 - Epoch 16/200 - LR: 0.0001 - Train Loss: 0.3751 - Val Loss: 0.5534
2026-06-02 17:36:30,713 - Epoch 17/200 - LR: 0.0001 - Train Loss: 0.3580 - Val Loss: 0.5593
2026-06-02 17:36:31,824 - Epoch 18/200 - LR: 5e-05 - Train Loss: 0.3360 - Val Loss: 0.5745
2026-06-02 17:36:32,954 - Epoch 19/200 - LR: 5e-05 - Train Loss: 0.3437 - Val Loss: 0.5697
2026-06-02 17:36:34,092 - Epoch 20/200 - LR: 5e-05 - Train Loss: 0.3312 - Val Loss: 0.5936
2026-06-02 17:36:35,235 - Epoch 21/200 - LR: 5e-05 - Train Loss: 0.3244 - Val Loss: 0.5843
2026-06-02 17:36:36,354 - Epoch 22/200 - LR: 2.5e-05 - Train Loss: 0.3076 - Val Loss: 0.5804
2026-06-02 17:36:37,483 - Epoch 23/200 - LR: 2.5e-05 - Train Loss: 0.3111 - Val Loss: 0.5935
2026-06-02 17:36:38,638 - Epoch 24/200 - LR: 2.5e-05 - Train Loss: 0.3019 - Val Loss: 0.5970
2026-06-02 17:36:39,765 - Epoch 25/200 - LR: 2.5e-05 - Train Loss: 0.3009 - Val Loss: 0.6109
2026-06-02 17:36:40,927 - Epoch 26/200 - LR: 2.5e-05 - Train Loss: 0.2930 - Val Loss: 0.6116
2026-06-02 17:36:42,026 - Epoch 27/200 - LR: 2.5e-05 - Train Loss: 0.2813 - Val Loss: 0.6129
2026-06-02 17:36:43,050 - Epoch 28/200 - LR: 2.5e-05 - Train Loss: 0.2838 - Val Loss: 0.6193
2026-06-02 17:36:44,125 - Epoch 29/200 - LR: 1.25e-05 - Train Loss: 0.2870 - Val Loss: 0.6248
2026-06-02 17:36:45,225 - Epoch 30/200 - LR: 1.25e-05 - Train Loss: 0.2787 - Val Loss: 0.6218
2026-06-02 17:36:46,363 - Epoch 31/200 - LR: 1.25e-05 - Train Loss: 0.2763 - Val Loss: 0.6210
2026-06-02 17:36:47,574 - Epoch 32/200 - LR: 1.25e-05 - Train Loss: 0.2715 - Val Loss: 0.6271
2026-06-02 17:36:48,733 - Epoch 33/200 - LR: 6.25e-06 - Train Loss: 0.2712 - Val Loss: 0.6304
2026-06-02 17:36:49,877 - Epoch 34/200 - LR: 6.25e-06 - Train Loss: 0.2747 - Val Loss: 0.6319
2026-06-02 17:36:51,044 - Epoch 35/200 - LR: 6.25e-06 - Train Loss: 0.2632 - Val Loss: 0.6326
2026-06-02 17:36:52,187 - Epoch 36/200 - LR: 6.25e-06 - Train Loss: 0.2708 - Val Loss: 0.6347
2026-06-02 17:36:53,365 - Epoch 37/200 - LR: 3.125e-06 - Train Loss: 0.2707 - Val Loss: 0.6351
2026-06-02 17:36:54,756 - Epoch 38/200 - LR: 3.125e-06 - Train Loss: 0.2689 - Val Loss: 0.6351
2026-06-02 17:36:55,925 - Epoch 39/200 - LR: 3.125e-06 - Train Loss: 0.2549 - Val Loss: 0.6346
2026-06-02 17:36:57,090 - Epoch 40/200 - LR: 3.125e-06 - Train Loss: 0.2666 - Val Loss: 0.6379
2026-06-02 17:36:58,258 - Epoch 41/200 - LR: 1.5625e-06 - Train Loss: 0.2643 - Val Loss: 0.6383
2026-06-02 17:36:59,428 - Epoch 42/200 - LR: 1.5625e-06 - Train Loss: 0.2633 - Val Loss: 0.6384
2026-06-02 17:37:00,599 - Epoch 43/200 - LR: 1.5625e-06 - Train Loss: 0.2650 - Val Loss: 0.6382
2026-06-02 17:37:01,747 - Epoch 44/200 - LR: 1.5625e-06 - Train Loss: 0.2651 - Val Loss: 0.6377
2026-06-02 17:37:01,748 - Early stopping at epoch 44 (best MCC=0.5670)
2026-06-02 17:37:01,748 - Fold 2 Best Metrics:
2026-06-02 17:37:01,748 -   MCC       : 0.5670
2026-06-02 17:37:01,748 -   SN        : 0.8253
2026-06-02 17:37:01,748 -   SP        : 0.7396
2026-06-02 17:37:01,748 -   ACC       : 0.7825
2026-06-02 17:37:01,748 -   BACC      : 0.7825
2026-06-02 17:37:01,748 -   PRECISION : 0.7606
2026-06-02 17:37:01,748 -   F1        : 0.7916
2026-06-02 17:37:01,748 -   AUC       : 0.8503
2026-06-02 17:37:01,748 -   AUCPR     : 0.8429
2026-06-02 17:37:01,750 - ===== Fold 3/5 (train proteins: 810, val proteins: 202) =====
2026-06-02 17:37:03,041 - Epoch 1/200 - LR: 0.0001 - Train Loss: 0.6921 - Val Loss: 0.6897
2026-06-02 17:37:04,349 - Epoch 2/200 - LR: 0.0001 - Train Loss: 0.6892 - Val Loss: 0.6585
2026-06-02 17:37:05,510 - Epoch 3/200 - LR: 0.0001 - Train Loss: 0.6701 - Val Loss: 0.5961
2026-06-02 17:37:06,683 - Epoch 4/200 - LR: 0.0001 - Train Loss: 0.6192 - Val Loss: 0.5528
2026-06-02 17:37:07,848 - Epoch 5/200 - LR: 0.0001 - Train Loss: 0.5684 - Val Loss: 0.5110
2026-06-02 17:37:09,039 - Epoch 6/200 - LR: 0.0001 - Train Loss: 0.5315 - Val Loss: 0.5044
2026-06-02 17:37:10,230 - Epoch 7/200 - LR: 0.0001 - Train Loss: 0.5088 - Val Loss: 0.4792
2026-06-02 17:37:11,427 - Epoch 8/200 - LR: 0.0001 - Train Loss: 0.4964 - Val Loss: 0.4925
2026-06-02 17:37:12,615 - Epoch 9/200 - LR: 0.0001 - Train Loss: 0.4772 - Val Loss: 0.4800
2026-06-02 17:37:13,814 - Epoch 10/200 - LR: 0.0001 - Train Loss: 0.4677 - Val Loss: 0.4667
2026-06-02 17:37:15,003 - Epoch 11/200 - LR: 0.0001 - Train Loss: 0.4415 - Val Loss: 0.4847
2026-06-02 17:37:16,199 - Epoch 12/200 - LR: 0.0001 - Train Loss: 0.4401 - Val Loss: 0.4662
2026-06-02 17:37:17,371 - Epoch 13/200 - LR: 0.0001 - Train Loss: 0.4140 - Val Loss: 0.4860
2026-06-02 17:37:18,515 - Epoch 14/200 - LR: 0.0001 - Train Loss: 0.4052 - Val Loss: 0.5043
2026-06-02 17:37:19,754 - Epoch 15/200 - LR: 5e-05 - Train Loss: 0.4000 - Val Loss: 0.4841
2026-06-02 17:37:21,059 - Epoch 16/200 - LR: 5e-05 - Train Loss: 0.3734 - Val Loss: 0.4997
2026-06-02 17:37:22,219 - Epoch 17/200 - LR: 5e-05 - Train Loss: 0.3654 - Val Loss: 0.4901
2026-06-02 17:37:23,406 - Epoch 18/200 - LR: 5e-05 - Train Loss: 0.3635 - Val Loss: 0.4960
2026-06-02 17:37:24,676 - Epoch 19/200 - LR: 5e-05 - Train Loss: 0.3422 - Val Loss: 0.5027
2026-06-02 17:37:25,938 - Epoch 20/200 - LR: 5e-05 - Train Loss: 0.3344 - Val Loss: 0.5226
2026-06-02 17:37:27,132 - Epoch 21/200 - LR: 5e-05 - Train Loss: 0.3223 - Val Loss: 0.5212
2026-06-02 17:37:28,285 - Epoch 22/200 - LR: 2.5e-05 - Train Loss: 0.3181 - Val Loss: 0.5241
2026-06-02 17:37:29,453 - Epoch 23/200 - LR: 2.5e-05 - Train Loss: 0.3037 - Val Loss: 0.5278
2026-06-02 17:37:30,628 - Epoch 24/200 - LR: 2.5e-05 - Train Loss: 0.3087 - Val Loss: 0.5302
2026-06-02 17:37:31,867 - Epoch 25/200 - LR: 2.5e-05 - Train Loss: 0.2913 - Val Loss: 0.5325
2026-06-02 17:37:33,039 - Epoch 26/200 - LR: 2.5e-05 - Train Loss: 0.2957 - Val Loss: 0.5369
2026-06-02 17:37:34,075 - Epoch 27/200 - LR: 2.5e-05 - Train Loss: 0.3056 - Val Loss: 0.5417
2026-06-02 17:37:35,085 - Epoch 28/200 - LR: 1.25e-05 - Train Loss: 0.2935 - Val Loss: 0.5433
2026-06-02 17:37:36,072 - Epoch 29/200 - LR: 1.25e-05 - Train Loss: 0.2979 - Val Loss: 0.5433
2026-06-02 17:37:37,035 - Epoch 30/200 - LR: 1.25e-05 - Train Loss: 0.2920 - Val Loss: 0.5418
2026-06-02 17:37:38,011 - Epoch 31/200 - LR: 1.25e-05 - Train Loss: 0.2933 - Val Loss: 0.5446
2026-06-02 17:37:38,994 - Epoch 32/200 - LR: 6.25e-06 - Train Loss: 0.2870 - Val Loss: 0.5457
2026-06-02 17:37:39,984 - Epoch 33/200 - LR: 6.25e-06 - Train Loss: 0.2785 - Val Loss: 0.5474
2026-06-02 17:37:40,978 - Epoch 34/200 - LR: 6.25e-06 - Train Loss: 0.2830 - Val Loss: 0.5461
2026-06-02 17:37:41,999 - Epoch 35/200 - LR: 6.25e-06 - Train Loss: 0.2706 - Val Loss: 0.5484
2026-06-02 17:37:43,050 - Epoch 36/200 - LR: 6.25e-06 - Train Loss: 0.2710 - Val Loss: 0.5522
2026-06-02 17:37:44,045 - Epoch 37/200 - LR: 6.25e-06 - Train Loss: 0.2754 - Val Loss: 0.5523
2026-06-02 17:37:45,046 - Epoch 38/200 - LR: 3.125e-06 - Train Loss: 0.2621 - Val Loss: 0.5543
2026-06-02 17:37:46,200 - Epoch 39/200 - LR: 3.125e-06 - Train Loss: 0.2624 - Val Loss: 0.5562
2026-06-02 17:37:47,343 - Epoch 40/200 - LR: 3.125e-06 - Train Loss: 0.2737 - Val Loss: 0.5578
2026-06-02 17:37:48,487 - Epoch 41/200 - LR: 3.125e-06 - Train Loss: 0.2690 - Val Loss: 0.5562
2026-06-02 17:37:49,714 - Epoch 42/200 - LR: 1.5625e-06 - Train Loss: 0.2745 - Val Loss: 0.5563
2026-06-02 17:37:50,883 - Epoch 43/200 - LR: 1.5625e-06 - Train Loss: 0.2676 - Val Loss: 0.5568
2026-06-02 17:37:52,023 - Epoch 44/200 - LR: 1.5625e-06 - Train Loss: 0.2699 - Val Loss: 0.5572
2026-06-02 17:37:53,175 - Epoch 45/200 - LR: 1.5625e-06 - Train Loss: 0.2647 - Val Loss: 0.5579
2026-06-02 17:37:54,280 - Epoch 46/200 - LR: 1e-06 - Train Loss: 0.2562 - Val Loss: 0.5588
2026-06-02 17:37:55,393 - Epoch 47/200 - LR: 1e-06 - Train Loss: 0.2676 - Val Loss: 0.5591
2026-06-02 17:37:56,496 - Epoch 48/200 - LR: 1e-06 - Train Loss: 0.2648 - Val Loss: 0.5598
2026-06-02 17:37:57,618 - Epoch 49/200 - LR: 1e-06 - Train Loss: 0.2766 - Val Loss: 0.5598
2026-06-02 17:37:58,724 - Epoch 50/200 - LR: 1e-06 - Train Loss: 0.2704 - Val Loss: 0.5596
2026-06-02 17:37:59,830 - Epoch 51/200 - LR: 1e-06 - Train Loss: 0.2759 - Val Loss: 0.5593
2026-06-02 17:38:00,967 - Epoch 52/200 - LR: 1e-06 - Train Loss: 0.2743 - Val Loss: 0.5594
2026-06-02 17:38:02,109 - Epoch 53/200 - LR: 1e-06 - Train Loss: 0.2759 - Val Loss: 0.5597
2026-06-02 17:38:02,110 - Early stopping at epoch 53 (best MCC=0.6098)
2026-06-02 17:38:02,110 - Fold 3 Best Metrics:
2026-06-02 17:38:02,110 -   MCC       : 0.6098
2026-06-02 17:38:02,110 -   SN        : 0.7828
2026-06-02 17:38:02,110 -   SP        : 0.8267
2026-06-02 17:38:02,110 -   ACC       : 0.8044
2026-06-02 17:38:02,110 -   BACC      : 0.8048
2026-06-02 17:38:02,110 -   PRECISION : 0.8238
2026-06-02 17:38:02,110 -   F1        : 0.8028
2026-06-02 17:38:02,110 -   AUC       : 0.8755
2026-06-02 17:38:02,110 -   AUCPR     : 0.8770
2026-06-02 17:38:02,112 - ===== Fold 4/5 (train proteins: 810, val proteins: 202) =====
2026-06-02 17:38:03,227 - Epoch 1/200 - LR: 0.0001 - Train Loss: 0.6947 - Val Loss: 0.6872
2026-06-02 17:38:04,331 - Epoch 2/200 - LR: 0.0001 - Train Loss: 0.6891 - Val Loss: 0.6606
2026-06-02 17:38:05,472 - Epoch 3/200 - LR: 0.0001 - Train Loss: 0.6688 - Val Loss: 0.6216
2026-06-02 17:38:06,629 - Epoch 4/200 - LR: 0.0001 - Train Loss: 0.6102 - Val Loss: 0.6157
2026-06-02 17:38:07,771 - Epoch 5/200 - LR: 0.0001 - Train Loss: 0.5829 - Val Loss: 0.5918
2026-06-02 17:38:09,014 - Epoch 6/200 - LR: 0.0001 - Train Loss: 0.5573 - Val Loss: 0.5588
2026-06-02 17:38:10,197 - Epoch 7/200 - LR: 0.0001 - Train Loss: 0.5328 - Val Loss: 0.5868
2026-06-02 17:38:11,320 - Epoch 8/200 - LR: 0.0001 - Train Loss: 0.5103 - Val Loss: 0.5645
2026-06-02 17:38:12,347 - Epoch 9/200 - LR: 0.0001 - Train Loss: 0.4895 - Val Loss: 0.5383
2026-06-02 17:38:13,435 - Epoch 10/200 - LR: 0.0001 - Train Loss: 0.4617 - Val Loss: 0.5365
2026-06-02 17:38:14,540 - Epoch 11/200 - LR: 0.0001 - Train Loss: 0.4658 - Val Loss: 0.5915
2026-06-02 17:38:15,656 - Epoch 12/200 - LR: 0.0001 - Train Loss: 0.4595 - Val Loss: 0.5413
2026-06-02 17:38:16,763 - Epoch 13/200 - LR: 0.0001 - Train Loss: 0.4325 - Val Loss: 0.5684
2026-06-02 17:38:17,872 - Epoch 14/200 - LR: 0.0001 - Train Loss: 0.4134 - Val Loss: 0.5444
2026-06-02 17:38:18,996 - Epoch 15/200 - LR: 0.0001 - Train Loss: 0.4036 - Val Loss: 0.5579
2026-06-02 17:38:20,106 - Epoch 16/200 - LR: 0.0001 - Train Loss: 0.3931 - Val Loss: 0.5300
2026-06-02 17:38:21,265 - Epoch 17/200 - LR: 0.0001 - Train Loss: 0.3738 - Val Loss: 0.5424
2026-06-02 17:38:22,409 - Epoch 18/200 - LR: 0.0001 - Train Loss: 0.3679 - Val Loss: 0.5881
2026-06-02 17:38:23,548 - Epoch 19/200 - LR: 5e-05 - Train Loss: 0.3396 - Val Loss: 0.5619
2026-06-02 17:38:24,657 - Epoch 20/200 - LR: 5e-05 - Train Loss: 0.3220 - Val Loss: 0.5764
2026-06-02 17:38:25,798 - Epoch 21/200 - LR: 5e-05 - Train Loss: 0.3204 - Val Loss: 0.6037
2026-06-02 17:38:26,967 - Epoch 22/200 - LR: 5e-05 - Train Loss: 0.3089 - Val Loss: 0.5964
2026-06-02 17:38:28,071 - Epoch 23/200 - LR: 2.5e-05 - Train Loss: 0.3006 - Val Loss: 0.6051
2026-06-02 17:38:29,228 - Epoch 24/200 - LR: 2.5e-05 - Train Loss: 0.2944 - Val Loss: 0.6209
2026-06-02 17:38:30,243 - Epoch 25/200 - LR: 2.5e-05 - Train Loss: 0.2871 - Val Loss: 0.6197
2026-06-02 17:38:31,281 - Epoch 26/200 - LR: 2.5e-05 - Train Loss: 0.2779 - Val Loss: 0.6185
2026-06-02 17:38:32,342 - Epoch 27/200 - LR: 1.25e-05 - Train Loss: 0.2770 - Val Loss: 0.6207
2026-06-02 17:38:33,413 - Epoch 28/200 - LR: 1.25e-05 - Train Loss: 0.2759 - Val Loss: 0.6302
2026-06-02 17:38:34,542 - Epoch 29/200 - LR: 1.25e-05 - Train Loss: 0.2697 - Val Loss: 0.6285
2026-06-02 17:38:35,622 - Epoch 30/200 - LR: 1.25e-05 - Train Loss: 0.2775 - Val Loss: 0.6468
2026-06-02 17:38:36,719 - Epoch 31/200 - LR: 6.25e-06 - Train Loss: 0.2780 - Val Loss: 0.6351
2026-06-02 17:38:37,784 - Epoch 32/200 - LR: 6.25e-06 - Train Loss: 0.2655 - Val Loss: 0.6374
2026-06-02 17:38:38,857 - Epoch 33/200 - LR: 6.25e-06 - Train Loss: 0.2630 - Val Loss: 0.6425
2026-06-02 17:38:39,922 - Epoch 34/200 - LR: 6.25e-06 - Train Loss: 0.2552 - Val Loss: 0.6474
2026-06-02 17:38:39,922 - Early stopping at epoch 34 (best MCC=0.5817)
2026-06-02 17:38:39,922 - Fold 4 Best Metrics:
2026-06-02 17:38:39,922 -   MCC       : 0.5817
2026-06-02 17:38:39,922 -   SN        : 0.8052
2026-06-02 17:38:39,922 -   SP        : 0.7765
2026-06-02 17:38:39,922 -   ACC       : 0.7906
2026-06-02 17:38:39,922 -   BACC      : 0.7908
2026-06-02 17:38:39,922 -   PRECISION : 0.7760
2026-06-02 17:38:39,923 -   F1        : 0.7903
2026-06-02 17:38:39,923 -   AUC       : 0.8420
2026-06-02 17:38:39,923 -   AUCPR     : 0.8268
2026-06-02 17:38:39,924 - ===== Fold 5/5 (train proteins: 809, val proteins: 203) =====
2026-06-02 17:38:41,065 - Epoch 1/200 - LR: 0.0001 - Train Loss: 0.6939 - Val Loss: 0.6881
2026-06-02 17:38:42,170 - Epoch 2/200 - LR: 0.0001 - Train Loss: 0.6923 - Val Loss: 0.6795
2026-06-02 17:38:43,299 - Epoch 3/200 - LR: 0.0001 - Train Loss: 0.6850 - Val Loss: 0.6477
2026-06-02 17:38:44,563 - Epoch 4/200 - LR: 0.0001 - Train Loss: 0.6554 - Val Loss: 0.5966
2026-06-02 17:38:45,731 - Epoch 5/200 - LR: 0.0001 - Train Loss: 0.5941 - Val Loss: 0.5450
2026-06-02 17:38:46,920 - Epoch 6/200 - LR: 0.0001 - Train Loss: 0.5669 - Val Loss: 0.5303
2026-06-02 17:38:48,061 - Epoch 7/200 - LR: 0.0001 - Train Loss: 0.5403 - Val Loss: 0.5100
2026-06-02 17:38:49,200 - Epoch 8/200 - LR: 0.0001 - Train Loss: 0.5187 - Val Loss: 0.5001
2026-06-02 17:38:50,322 - Epoch 9/200 - LR: 0.0001 - Train Loss: 0.4969 - Val Loss: 0.5012
2026-06-02 17:38:51,471 - Epoch 10/200 - LR: 0.0001 - Train Loss: 0.4809 - Val Loss: 0.5074
2026-06-02 17:38:52,553 - Epoch 11/200 - LR: 0.0001 - Train Loss: 0.4614 - Val Loss: 0.4778
2026-06-02 17:38:53,619 - Epoch 12/200 - LR: 0.0001 - Train Loss: 0.4544 - Val Loss: 0.4704
2026-06-02 17:38:54,652 - Epoch 13/200 - LR: 0.0001 - Train Loss: 0.4333 - Val Loss: 0.4698
2026-06-02 17:38:55,558 - Epoch 14/200 - LR: 0.0001 - Train Loss: 0.4243 - Val Loss: 0.4677
2026-06-02 17:38:56,538 - Epoch 15/200 - LR: 0.0001 - Train Loss: 0.4056 - Val Loss: 0.4764
2026-06-02 17:38:57,539 - Epoch 16/200 - LR: 0.0001 - Train Loss: 0.3731 - Val Loss: 0.4845
2026-06-02 17:38:58,584 - Epoch 17/200 - LR: 0.0001 - Train Loss: 0.3742 - Val Loss: 0.4748
2026-06-02 17:38:59,593 - Epoch 18/200 - LR: 0.0001 - Train Loss: 0.3523 - Val Loss: 0.5095
2026-06-02 17:39:00,553 - Epoch 19/200 - LR: 0.0001 - Train Loss: 0.3374 - Val Loss: 0.5022
2026-06-02 17:39:01,487 - Epoch 20/200 - LR: 0.0001 - Train Loss: 0.3305 - Val Loss: 0.5191
2026-06-02 17:39:02,414 - Epoch 21/200 - LR: 0.0001 - Train Loss: 0.3041 - Val Loss: 0.5384
2026-06-02 17:39:03,361 - Epoch 22/200 - LR: 5e-05 - Train Loss: 0.2825 - Val Loss: 0.5512
2026-06-02 17:39:04,294 - Epoch 23/200 - LR: 5e-05 - Train Loss: 0.2665 - Val Loss: 0.5681
2026-06-02 17:39:05,263 - Epoch 24/200 - LR: 5e-05 - Train Loss: 0.2620 - Val Loss: 0.5686
2026-06-02 17:39:06,208 - Epoch 25/200 - LR: 5e-05 - Train Loss: 0.2398 - Val Loss: 0.6029
2026-06-02 17:39:07,272 - Epoch 26/200 - LR: 2.5e-05 - Train Loss: 0.2446 - Val Loss: 0.5792
2026-06-02 17:39:08,366 - Epoch 27/200 - LR: 2.5e-05 - Train Loss: 0.2310 - Val Loss: 0.5911
2026-06-02 17:39:09,394 - Epoch 28/200 - LR: 2.5e-05 - Train Loss: 0.2398 - Val Loss: 0.5831
2026-06-02 17:39:10,422 - Epoch 29/200 - LR: 2.5e-05 - Train Loss: 0.2213 - Val Loss: 0.5930
2026-06-02 17:39:11,428 - Epoch 30/200 - LR: 1.25e-05 - Train Loss: 0.2186 - Val Loss: 0.6016
2026-06-02 17:39:12,445 - Epoch 31/200 - LR: 1.25e-05 - Train Loss: 0.2249 - Val Loss: 0.6056
2026-06-02 17:39:13,447 - Epoch 32/200 - LR: 1.25e-05 - Train Loss: 0.2058 - Val Loss: 0.6034
2026-06-02 17:39:14,513 - Epoch 33/200 - LR: 1.25e-05 - Train Loss: 0.2151 - Val Loss: 0.6011
2026-06-02 17:39:15,591 - Epoch 34/200 - LR: 6.25e-06 - Train Loss: 0.2062 - Val Loss: 0.6010
2026-06-02 17:39:16,634 - Epoch 35/200 - LR: 6.25e-06 - Train Loss: 0.2124 - Val Loss: 0.6029
2026-06-02 17:39:17,715 - Epoch 36/200 - LR: 6.25e-06 - Train Loss: 0.2055 - Val Loss: 0.6046
2026-06-02 17:39:18,898 - Epoch 37/200 - LR: 6.25e-06 - Train Loss: 0.1995 - Val Loss: 0.6107
2026-06-02 17:39:18,898 - Early stopping at epoch 37 (best MCC=0.5994)
2026-06-02 17:39:18,898 - Fold 5 Best Metrics:
2026-06-02 17:39:18,898 -   MCC       : 0.5994
2026-06-02 17:39:18,898 -   SN        : 0.8043
2026-06-02 17:39:18,898 -   SP        : 0.7956
2026-06-02 17:39:18,898 -   ACC       : 0.7998
2026-06-02 17:39:18,899 -   BACC      : 0.8000
2026-06-02 17:39:18,899 -   PRECISION : 0.7817
2026-06-02 17:39:18,899 -   F1        : 0.7929
2026-06-02 17:39:18,899 -   AUC       : 0.8703
2026-06-02 17:39:18,899 -   AUCPR     : 0.8540
2026-06-02 17:39:18,899 - ==============================
2026-06-02 17:39:18,899 - Cross-Validation Results:
2026-06-02 17:39:18,899 -   MCC       : 0.5788 ± 0.0258
2026-06-02 17:39:18,899 -   SN        : 0.8032 ± 0.0137
2026-06-02 17:39:18,899 -   SP        : 0.7750 ± 0.0341
2026-06-02 17:39:18,899 -   ACC       : 0.7892 ± 0.0126
2026-06-02 17:39:18,899 -   BACC      : 0.7891 ± 0.0133
2026-06-02 17:39:18,899 -   PRECISION : 0.7823 ± 0.0219
2026-06-02 17:39:18,900 -   F1        : 0.7922 ± 0.0062
2026-06-02 17:39:18,900 -   AUC       : 0.8531 ± 0.0178
2026-06-02 17:39:18,900 -   AUCPR     : 0.8467 ± 0.0177
2026-06-02 17:39:18,900 - ==============================
2026-06-02 17:39:18,900 - Evaluating ensemble on test set...
2026-06-02 17:39:19,564 - Final Test Metrics (Ensemble):
2026-06-02 17:39:19,564 -   MCC       : 0.6409
2026-06-02 17:39:19,564 -   SN        : 0.8122
2026-06-02 17:39:19,564 -   SP        : 0.8286
2026-06-02 17:39:19,564 -   ACC       : 0.8204
2026-06-02 17:39:19,564 -   BACC      : 0.8204
2026-06-02 17:39:19,564 -   PRECISION : 0.8257
2026-06-02 17:39:19,564 -   F1        : 0.8189
2026-06-02 17:39:19,564 -   AUC       : 0.8807
2026-06-02 17:39:19,564 -   AUCPR     : 0.8860
