2026-06-02 17:31:09,883 - ============================================================
2026-06-02 17:31:09,884 - DISTANCE: 12
2026-06-02 17:31:09,884 - ============================================================
2026-06-02 17:31:09,884 - Hyperparameters:
2026-06-02 17:31:09,884 -   Batch Size: 128
2026-06-02 17:31:09,884 -   Learning Rate: 0.0001
2026-06-02 17:31:09,884 -   Weight Decay: 0.001
2026-06-02 17:31:09,884 -   Epochs: 200
2026-06-02 17:31:09,884 -   K-Folds: 5
2026-06-02 17:31:09,884 -   Patience: 20
2026-06-02 17:31:09,884 -   Early Stop Metric: MCC
2026-06-02 17:31:09,884 -   Node Feature Dimension: 1280
2026-06-02 17:31:09,884 -   Sequence Feature Dimension: 21 (20 AA + 1 X)
2026-06-02 17:31:09,884 -   Hidden Dimension: 128
2026-06-02 17:31:09,884 -   LR Scheduler: ReduceLROnPlateau(factor=0.5, patience=3, min_lr=1e-06)
2026-06-02 17:31:09,884 -   Cross-Validation: GroupKFold (group = protein name)
2026-06-02 17:31:09,884 - ============================================================
2026-06-02 17:31:09,884 - Loading training data from data/train_embedding_graph_12.pt...
2026-06-02 17:31:12,135 - Number of unique proteins (groups): 1012
2026-06-02 17:31:12,135 - Proteins: AASDH, AATF, ABCF1, ABCF2, ABCF3, ABITRAM, ABRAXAS1, ACADVL, ACAT1, ACIN1, ACLY, ACO2, ACOT13, ACOT9, ACSF2, ADAR, ADNP, AFF4, AGFG2, AGGF1, AHCYL2, AHSA1, AIF1L, AKAP8L, ALDH18A1, ALDH9A1, ALDOA, ALG9, ALKBH3, ALKBH5, ALYREF, ANLN, ANXA2, APBB1, APEX1, APIP, ARFGAP1, ARFGAP2, ARFIP1, ARID3A, ARID4B, ARL3, ARL6IP4, ARMC1, ARPC2, ARPC5, ARPIN, ASPSCR1, ATF7IP, ATG12, ATP5F1A, ATP5F1B, ATP5IF1, ATP5PD, ATP5PO, ATP6V1E1, ATP6V1G1, ATPAF1, ATXN2L, ATXN3, AUH, AURKA, BAG2, BBS9, BBX, BCLAF1, BLNK, BMS1, BRD2, BRD4, BRIX1, BRPF1, BTF3, BUB1B, BUD23, BUD31, C12orf45, C16orf87, C19orf47, C19orf53, C1orf131, C1orf174, C1orf198, C1orf52, C7orf50, C9orf78, CACYBP, CALD1, CALU, CANX, CAPZA1, CAPZB, CAST, CAVIN1, CBFB, CBX5, CC2D1A, CCDC117, CCDC124, CCDC137, CCDC59, CCDC71, CCDC82, CCDC86, CCNH, CCNK, CCNT1, CCT2, CCT3, CCT5, CCT8, CD2BP2, CDC37, CDC40, CDC5L, CDC73, CDCA2, CDK7, CDK9, CDKN2AIP, CDV3, CDYL, CENPV, CEP131, CFL1, CHAF1A, CHAF1B, CHAMP1, CHERP, CHMP1B, CHMP2A, CHMP2B, CHMP4B, CHMP5, CHRAC1, CHTOP, CIAPIN1, CKAP2L, CKS2, CLASRP, CLINT1, CMAS, CMTR1, CNN3, CNP, COIL, COPS7A, CORO1B, CPNE1, CPSF3, CREB1, CRIPT, CRNKL1, CRTC3, CS, CSNK2B, CSRP1, CTCF, CTDP1, CTTN, CUEDC2, CUL1, CUL3, CWC15, CWC22, CWC27, CXorf56, CYCS, CZIB, DAXX, DBNL, DBR1, DBT, DCPS, DCUN1D5, DDA1, DDB1, DDB2, DDHD1, DDX10, DDX17, DDX18, DDX21, DDX23, DDX24, DDX27, DDX31, DDX39B, DDX41, DDX42, DDX46, DDX47, DDX52, DEK, DFFA, DGCR8, DHX16, DHX36, DHX37, DHX38, DHX9, DIEXF, DIMT1, DIS3, DKC1, DLAT, DLG3, DLGAP4, DNAJA3, DNAJB1, DNAJC17, DNAJC8, DNTTIP2, DPF2, DR1, DRAP1, DTD1, DUS1L, DUS3L, DUT, EAF1, EBAG9, EBNA1BP2, ECHDC1, ECI1, ECI2, ECT2, EDC3, EDF1, EED, EEF1G, EHMT1, EIF1AD, EIF1AX, EIF2B3, EIF2S2, EIF3A, EIF3CL, EIF3D, EIF3E, EIF3G, EIF3J, EIF4A3, EIF4EBP1, EIF4G2, EIF4H, EIF5, EIF5A, EIF5B, ELAC2, ELAVL1, ELOA, ELOF1, EMD, EML4, EMSY, ENO1, ENSA, EPB41L2, EPC2, ERCC3, ERF, ESF1, ESRRA, ETFA, ETFB, EXOC1, EXOSC10, EYA3, FABP5, FAIM, FAM126A, FAM133B, FAM50A, FAM76B, FANCI, FBXO45, FEN1, FER, FH, FHL1, FIP1L1, FKBP3, FKBP4, FLYWCH2, FMC1, FNBP4, FOXK2, FRG1, G3BP1, GABPA, GATAD2A, GATB, GFM2, GGCX, GIGYF2, GINS3, GIPC1, GLRA1, GLS, GMNN, GMPR2, GNL3, GNL3L, GOT2, GPALPP1, GPATCH1, GPATCH11, GPI, GPKOW, GRPEL1, GSE1, GTF2E2, GTF2F1, GTF2F2, GTF2H1, GTF2I, GTF3C2, GTF3C4, GTF3C5, GTPBP1, GTSE1, H2BC18, H3C1, H4C1, HADHA, HADHB, HAT1, HDAC2, HDGFL2, HDLBP, HEATR3, HELLS, HEXIM1, HIBCH, HIC2, HINT1, HIRIP3, HLTF, HMBS, HMG20A, HMGA2, HMGN1, HMOX2, HNRNPA1, HNRNPC, HNRNPDL, HNRNPH1, HNRNPK, HNRNPL, HNRNPM, HNRNPR, HNRNPU, HSP90AA1, HSP90AB2P, HSPA4, HSPA9, HSPD1, HSPE1, IARS2, ICE2, IDH2, IGHMBP2, IK, ILF3, ILKAP, INCENP, INIP, INO80B, INTS10, INTS12, INTS4, IRF2, IRF2BP1, IRF2BP2, IWS1, JADE3, JPH2, JPT1, JPT2, KARS1, KAT7, KCTD16, KDM2B, KDM4A, KHDC4, KHDRBS1, KHSRP, KIAA1143, KIF22, KIF23, KIF2A, KIF4A, KIF5B, KIFC1, KIN, KPNA1, KRI1, KRR1, LARP1, LARP7, LASP1, LCORL, LDHA, LEMD3, LIG1, LIMA1, LMNA, LPP, LRPPRC, LRRC40, LRRC41, LRRC59, LSM14A, LUZP1, LYAR, LYSMD3, LZTS2, MACROD1, MACROH2A1, MAGED1, MAGED2, MAGOHB, MAP2K7, MAP4, MAPK13, MAPRE3, MASTL, MATR3, MB21D2, MBD1, MBD2, MCEE, MCM3, MCRS1, MCU, MDH2, ME2, MEAF6, MECP2, MED27, MED4, MED6, MEN1, MEPCE, METTL1, METTL16, MFAP1, MIDEAS, MKRN2, MLH1, MMAB, MMTAG2, MNAT1, MOB3A, MORF4L1, MPHOSPH6, MPHOSPH8, MRE11, MRPL12, MRPL44, MRPL47, MRPS28, MRTO4, MSH2, MSH6, MSL1, MSL3P1, MTA1, MTHFD1L, MTHFD2, MTREX, MVD, MYBBP1A, MYBL2, MYL6B, MYO6, N4BP1, NAB2, NACC1, NAMPT, NASP, NAT10, NBN, NCAPG, NCAPH, NCAPH2, NCBP1, NCBP3, NCK2, NCKAP1, NCL, NDUFAF4, NDUFAF7, NDUFV3, NEBL, NECAP1, NEFL, NELFA, NELFE, NEXN, NFIA, NFX1, NFYA, NHLRC2, NIFK, NIPSNAP3A, NKAP, NKIRAS2, NKRF, NNT, NOC3L, NOL11, NOL6, NOL7, NOL8, NOP14, NOP2, NOP56, NOP58, NOP9, NOSIP, NPM1, NSD2, NSFL1C, NSMCE4A, NSRP1, NUCKS1, NUDC, NUDT21, NUFIP2, NUP50, NUSAP1, NVL, OAT, OBI1, OCIAD1, OCLN, OGFR, OGT, OR4Q3, ORC2, ORC3, ORC4, OSBPL8, OTUD3, OTUD5, OTUD7B, OXCT1, PA2G4, PACS1, PAICS, PAK1IP1, PAPSS1, PARD3, PARN, PARP1, PARVB, PATZ1, PAWR, PAXIP1, PAXX, PBK, PCBP2, PCGF1, PCLAF, PCNA, PCNP, PDAP1, PDCD4, PDCD5, PDCL3, PDHA1, PDLIM1, PDLIM3, PDLIM5, PELP1, PES1, PFDN2, PFKP, PGAM1, PHAX, PHB2, PHC1, PHC2, PHC3, PHF10, PHF2, PHF20L1, PHF21A, PHF23, PHF5A, PHF6, PHLDB2, PIN4, PKN2, PLK1, PLS3, PML, PMPCB, PMS2, PNKP, PNN, PNPT1, POC5, POLA2, POLD1, POLD2, POLD3, POLD4, POLE4, POLR1G, POM121, PPA2, PPAN, PPFIA1, PPIL2, PPIL4, PPM1G, PPME1, PPP1CA, PPP1R11, PPP1R14C, PPP1R2, PPP2R5D, PPP4R3A, PPWD1, PQBP1, PRCC, PRDX3, PRKRIP1, PRMT5, PRORP, PRPF3, PRPF31, PRPF38B, PRPF4, PRPF6, PRR15, PRR3, PSIP1, PSMA8, PSMD3, PSMD4, PSMD9, PSME3IP1, PTBP1, PTCD3, PTMS, PTPN11, PTPN2, PTRHD1, PUF60, PUM3, PWP2, PWWP2A, PYROXD1, QRICH1, RACGAP1, RAD17, RAD21, RAD51AP1, RAN, RANBP3, RB1, RBBP4, RBBP5, RBM10, RBM14, RBM15, RBM17, RBM20, RBM22, RBM25, RBM26, RBM27, RBM28, RBM33, RBM39, RBM6, RBMX, RCC1, RCC2, RDX, RECQL, RECQL5, REXO1, REXO2, RFC1, RFX5, RIOX2, RNASEH2B, RNF113A, RNF114, RNF169, RNF40, RNGTT, RNMT, RPA1, RPAP2, RPL10, RPL10A, RPL11, RPL13, RPL14, RPL17, RPL18A, RPL19, RPL21, RPL22, RPL23A, RPL24, RPL27, RPL27A, RPL28, RPL29, RPL3, RPL30, RPL31, RPL34, RPL36, RPL4, RPL5, RPL7A, RPL7L1, RPL9, RPP30, RPP38, RPS10, RPS11, RPS14, RPS19, RPS20, RPS23, RPS25, RPS27A, RPS3, RPS3A, RPS4X, RPS6, RPS6KA4, RPS6KB1, RPS7, RPS8, RPS9, RPSA, RRN3, RRP12, RRP1B, RRP8, RRS1, RSBN1L, RSL1D1, RSRC2, RTEL1, RTF1, RTF2, RTKN, RYBP, S100A10, S100A11, SAE1, SAFB2, SAMHD1, SAP30, SAP30BP, SARNP, SARS2, SART1, SART3, SATB2, SCML2, SCNM1, SDAD1, SDHA, SEC61B, SEC63, SELENOH, SENP3, SENP6, SEPTIN2, SEPTIN9, SERF2, SET, SETD3, SETDB1, SF1, SF3A1, SF3A2, SF3A3, SF3B1, SF3B2, SFMBT1, SFPQ, SH3GL1, SH3GLB1, SHMT2, SIN3A, SIN3B, SINHCAF, SIRPA, SLBP, SLC25A3, SLC25A5, SLC27A4, SLC4A1AP, SLC6A7, SLTM, SLU7, SMAP, SMARCA1, SMARCAD1, SMARCAL1, SMARCC2, SMC3, SMC4, SMC5, SMN1, SMNDC1, SNCA, SNF8, SNRNP27, SNRNP40, SNRPA, SNRPA1, SNRPE, SNW1, SNX6, SNX9, SOD2, SPAG7, SPART, SPECC1L, SRBD1, SREK1, SRP14, SRRM1, SRSF10, SRSF3, SRSF4, SS18, SSB, SSRP1, STAG1, STARD13, STAT6, STIM1, STIP1, STK38L, STMN2, STOML2, STRN3, STT3B, SUB1, SUCLA2, SUDS3, SUGP1, SUGP2, SUMO2, SUPT16H, SUPT5H, SURF6, SUZ12, SYMPK, TAF3, TAF6L, TAGLN2, TASP1, TBC1D13, TBC1D24, TBCB, TBL3, TCF19, TCF25, TCF3, TDP1, TERF2, TERF2IP, TES, TESK2, TEX10, TFIP11, THAP12, THAP4, THOC5, THRAP3, THUMPD1, THUMPD2, THYN1, TIMELESS, TIMM44, TK1, TLE3, TLK2, TMA16, TMLHE, TMPO, TOM1L1, TOP1, TOX4, TP53I11, TP73, TPX2, TRA2B, TRIM28, TRIM33, TRIR, TRMT1, TRMT10A, TRMT6, TRPS1, TSNAX, TSR1, TTC12, TTC33, TTLL12, TUFM, TUT1, TXNDC9, U2SURP, UBA1, UBE2E3, UBE2K, UBE2M, UBE2S, UBE2V2, UBN1, UBXN1, UBXN7, UHRF1, UIMC1, UNC119B, UNC45A, UPF1, UQCRC2, USP10, USP13, USP22, USP48, UTP11, UTP14A, UTP18, UTP3, VCPIP1, VPS33B, VPS72, VRK1, WAC, WAPL, WBP11, WBP4, WDHD1, WDR12, WDR33, WDR4, WDR43, WDR45B, WDR46, WDR70, WIZ, XPC, XPO5, XRCC4, XRCC5, XRCC6, YAP1, YARS1, YTHDC1, YWHAH, YY1, ZBTB34, ZBTB4, ZBTB7A, ZBTB7B, ZC3H11A, ZC3H14, ZC3H15, ZC3H4, ZC3H8, ZC3HC1, ZCCHC8, ZFAND6, ZFP91, ZFR, ZHX3, ZMAT2, ZMYM3, ZMYND8, ZNF148, ZNF174, ZNF207, ZNF217, ZNF280C, ZNF326, ZNF384, ZNF512, ZNF512B, ZNF516, ZNF592, ZNF618, ZNF639, ZNF644, ZNF687, ZNF706, ZNF787, ZNF800, ZNF804B, ZNF830, ZRANB1, ZRANB2, ZYX, ZZZ3
2026-06-02 17:31:12,148 - ===== Fold 1/5 (train proteins: 809, val proteins: 203) =====
2026-06-02 17:31:13,184 - Epoch 1/200 - LR: 0.0001 - Train Loss: 0.6955 - Val Loss: 0.6925
2026-06-02 17:31:14,259 - Epoch 2/200 - LR: 0.0001 - Train Loss: 0.6923 - Val Loss: 0.6799
2026-06-02 17:31:15,303 - Epoch 3/200 - LR: 0.0001 - Train Loss: 0.6852 - Val Loss: 0.6546
2026-06-02 17:31:16,513 - Epoch 4/200 - LR: 0.0001 - Train Loss: 0.6594 - Val Loss: 0.6016
2026-06-02 17:31:17,675 - Epoch 5/200 - LR: 0.0001 - Train Loss: 0.5972 - Val Loss: 0.5863
2026-06-02 17:31:18,847 - Epoch 6/200 - LR: 0.0001 - Train Loss: 0.5520 - Val Loss: 0.5979
2026-06-02 17:31:19,963 - Epoch 7/200 - LR: 0.0001 - Train Loss: 0.5352 - Val Loss: 0.5753
2026-06-02 17:31:21,111 - Epoch 8/200 - LR: 0.0001 - Train Loss: 0.5193 - Val Loss: 0.5656
2026-06-02 17:31:22,247 - Epoch 9/200 - LR: 0.0001 - Train Loss: 0.4874 - Val Loss: 0.5624
2026-06-02 17:31:23,452 - Epoch 10/200 - LR: 0.0001 - Train Loss: 0.4741 - Val Loss: 0.5786
2026-06-02 17:31:24,630 - Epoch 11/200 - LR: 0.0001 - Train Loss: 0.4582 - Val Loss: 0.5658
2026-06-02 17:31:25,875 - Epoch 12/200 - LR: 0.0001 - Train Loss: 0.4328 - Val Loss: 0.6004
2026-06-02 17:31:27,241 - Epoch 13/200 - LR: 0.0001 - Train Loss: 0.4245 - Val Loss: 0.5619
2026-06-02 17:31:28,395 - Epoch 14/200 - LR: 0.0001 - Train Loss: 0.4091 - Val Loss: 0.5724
2026-06-02 17:31:29,542 - Epoch 15/200 - LR: 0.0001 - Train Loss: 0.4046 - Val Loss: 0.5568
2026-06-02 17:31:30,734 - Epoch 16/200 - LR: 0.0001 - Train Loss: 0.3756 - Val Loss: 0.6027
2026-06-02 17:31:31,863 - Epoch 17/200 - LR: 0.0001 - Train Loss: 0.3574 - Val Loss: 0.5972
2026-06-02 17:31:32,897 - Epoch 18/200 - LR: 0.0001 - Train Loss: 0.3449 - Val Loss: 0.6380
2026-06-02 17:31:33,873 - Epoch 19/200 - LR: 0.0001 - Train Loss: 0.3351 - Val Loss: 0.6125
2026-06-02 17:31:34,873 - Epoch 20/200 - LR: 0.0001 - Train Loss: 0.3239 - Val Loss: 0.6314
2026-06-02 17:31:35,882 - Epoch 21/200 - LR: 5e-05 - Train Loss: 0.3132 - Val Loss: 0.6277
2026-06-02 17:31:37,098 - Epoch 22/200 - LR: 5e-05 - Train Loss: 0.2927 - Val Loss: 0.6440
2026-06-02 17:31:38,293 - Epoch 23/200 - LR: 5e-05 - Train Loss: 0.2807 - Val Loss: 0.6545
2026-06-02 17:31:39,424 - Epoch 24/200 - LR: 5e-05 - Train Loss: 0.2837 - Val Loss: 0.6515
2026-06-02 17:31:40,528 - Epoch 25/200 - LR: 5e-05 - Train Loss: 0.2685 - Val Loss: 0.6786
2026-06-02 17:31:41,639 - Epoch 26/200 - LR: 5e-05 - Train Loss: 0.2687 - Val Loss: 0.6860
2026-06-02 17:31:42,773 - Epoch 27/200 - LR: 2.5e-05 - Train Loss: 0.2477 - Val Loss: 0.6961
2026-06-02 17:31:43,924 - Epoch 28/200 - LR: 2.5e-05 - Train Loss: 0.2460 - Val Loss: 0.7202
2026-06-02 17:31:45,002 - Epoch 29/200 - LR: 2.5e-05 - Train Loss: 0.2455 - Val Loss: 0.7085
2026-06-02 17:31:46,151 - Epoch 30/200 - LR: 2.5e-05 - Train Loss: 0.2579 - Val Loss: 0.7050
2026-06-02 17:31:47,270 - Epoch 31/200 - LR: 1.25e-05 - Train Loss: 0.2166 - Val Loss: 0.7199
2026-06-02 17:31:48,406 - Epoch 32/200 - LR: 1.25e-05 - Train Loss: 0.2293 - Val Loss: 0.7194
2026-06-02 17:31:49,527 - Epoch 33/200 - LR: 1.25e-05 - Train Loss: 0.2309 - Val Loss: 0.7177
2026-06-02 17:31:50,829 - Epoch 34/200 - LR: 1.25e-05 - Train Loss: 0.2221 - Val Loss: 0.7294
2026-06-02 17:31:52,048 - Epoch 35/200 - LR: 6.25e-06 - Train Loss: 0.2223 - Val Loss: 0.7239
2026-06-02 17:31:53,174 - Epoch 36/200 - LR: 6.25e-06 - Train Loss: 0.2287 - Val Loss: 0.7235
2026-06-02 17:31:54,276 - Epoch 37/200 - LR: 6.25e-06 - Train Loss: 0.2238 - Val Loss: 0.7321
2026-06-02 17:31:55,377 - Epoch 38/200 - LR: 6.25e-06 - Train Loss: 0.2279 - Val Loss: 0.7276
2026-06-02 17:31:56,472 - Epoch 39/200 - LR: 3.125e-06 - Train Loss: 0.2158 - Val Loss: 0.7248
2026-06-02 17:31:57,602 - Epoch 40/200 - LR: 3.125e-06 - Train Loss: 0.2203 - Val Loss: 0.7284
2026-06-02 17:31:58,664 - Epoch 41/200 - LR: 3.125e-06 - Train Loss: 0.2235 - Val Loss: 0.7286
2026-06-02 17:31:59,734 - Epoch 42/200 - LR: 3.125e-06 - Train Loss: 0.2274 - Val Loss: 0.7276
2026-06-02 17:32:00,752 - Epoch 43/200 - LR: 3.125e-06 - Train Loss: 0.2467 - Val Loss: 0.7270
2026-06-02 17:32:01,817 - Epoch 44/200 - LR: 3.125e-06 - Train Loss: 0.2313 - Val Loss: 0.7249
2026-06-02 17:32:02,864 - Epoch 45/200 - LR: 1.5625e-06 - Train Loss: 0.2124 - Val Loss: 0.7249
2026-06-02 17:32:04,013 - Epoch 46/200 - LR: 1.5625e-06 - Train Loss: 0.2211 - Val Loss: 0.7246
2026-06-02 17:32:05,185 - Epoch 47/200 - LR: 1.5625e-06 - Train Loss: 0.2221 - Val Loss: 0.7249
2026-06-02 17:32:06,222 - Epoch 48/200 - LR: 1.5625e-06 - Train Loss: 0.2226 - Val Loss: 0.7261
2026-06-02 17:32:07,238 - Epoch 49/200 - LR: 1e-06 - Train Loss: 0.2084 - Val Loss: 0.7254
2026-06-02 17:32:08,326 - Epoch 50/200 - LR: 1e-06 - Train Loss: 0.2152 - Val Loss: 0.7257
2026-06-02 17:32:09,436 - Epoch 51/200 - LR: 1e-06 - Train Loss: 0.2089 - Val Loss: 0.7270
2026-06-02 17:32:10,593 - Epoch 52/200 - LR: 1e-06 - Train Loss: 0.2176 - Val Loss: 0.7273
2026-06-02 17:32:11,832 - Epoch 53/200 - LR: 1e-06 - Train Loss: 0.2026 - Val Loss: 0.7278
2026-06-02 17:32:12,974 - Epoch 54/200 - LR: 1e-06 - Train Loss: 0.2199 - Val Loss: 0.7268
2026-06-02 17:32:14,118 - Epoch 55/200 - LR: 1e-06 - Train Loss: 0.2154 - Val Loss: 0.7270
2026-06-02 17:32:15,338 - Epoch 56/200 - LR: 1e-06 - Train Loss: 0.2276 - Val Loss: 0.7275
2026-06-02 17:32:16,496 - Epoch 57/200 - LR: 1e-06 - Train Loss: 0.2140 - Val Loss: 0.7284
2026-06-02 17:32:17,651 - Epoch 58/200 - LR: 1e-06 - Train Loss: 0.2114 - Val Loss: 0.7287
2026-06-02 17:32:18,824 - Epoch 59/200 - LR: 1e-06 - Train Loss: 0.2137 - Val Loss: 0.7292
2026-06-02 17:32:19,960 - Epoch 60/200 - LR: 1e-06 - Train Loss: 0.2207 - Val Loss: 0.7308
2026-06-02 17:32:19,960 - Early stopping at epoch 60 (best MCC=0.5468)
2026-06-02 17:32:19,960 - Fold 1 Best Metrics:
2026-06-02 17:32:19,960 -   MCC       : 0.5468
2026-06-02 17:32:19,960 -   SN        : 0.7719
2026-06-02 17:32:19,960 -   SP        : 0.7754
2026-06-02 17:32:19,960 -   ACC       : 0.7736
2026-06-02 17:32:19,960 -   BACC      : 0.7736
2026-06-02 17:32:19,960 -   PRECISION : 0.7910
2026-06-02 17:32:19,960 -   F1        : 0.7814
2026-06-02 17:32:19,960 -   AUC       : 0.8308
2026-06-02 17:32:19,960 -   AUCPR     : 0.8298
2026-06-02 17:32:19,962 - ===== Fold 2/5 (train proteins: 810, val proteins: 202) =====
2026-06-02 17:32:21,173 - Epoch 1/200 - LR: 0.0001 - Train Loss: 0.6961 - Val Loss: 0.6889
2026-06-02 17:32:22,405 - Epoch 2/200 - LR: 0.0001 - Train Loss: 0.6937 - Val Loss: 0.6790
2026-06-02 17:32:23,582 - Epoch 3/200 - LR: 0.0001 - Train Loss: 0.6878 - Val Loss: 0.6477
2026-06-02 17:32:24,825 - Epoch 4/200 - LR: 0.0001 - Train Loss: 0.6616 - Val Loss: 0.6069
2026-06-02 17:32:26,054 - Epoch 5/200 - LR: 0.0001 - Train Loss: 0.6042 - Val Loss: 0.5603
2026-06-02 17:32:27,256 - Epoch 6/200 - LR: 0.0001 - Train Loss: 0.5700 - Val Loss: 0.5441
2026-06-02 17:32:28,469 - Epoch 7/200 - LR: 0.0001 - Train Loss: 0.5465 - Val Loss: 0.5282
2026-06-02 17:32:29,709 - Epoch 8/200 - LR: 0.0001 - Train Loss: 0.5207 - Val Loss: 0.5250
2026-06-02 17:32:30,994 - Epoch 9/200 - LR: 0.0001 - Train Loss: 0.5080 - Val Loss: 0.5166
2026-06-02 17:32:32,231 - Epoch 10/200 - LR: 0.0001 - Train Loss: 0.4693 - Val Loss: 0.5271
2026-06-02 17:32:33,470 - Epoch 11/200 - LR: 0.0001 - Train Loss: 0.4615 - Val Loss: 0.5162
2026-06-02 17:32:34,646 - Epoch 12/200 - LR: 0.0001 - Train Loss: 0.4403 - Val Loss: 0.5320
2026-06-02 17:32:36,042 - Epoch 13/200 - LR: 0.0001 - Train Loss: 0.4364 - Val Loss: 0.5087
2026-06-02 17:32:37,283 - Epoch 14/200 - LR: 0.0001 - Train Loss: 0.4011 - Val Loss: 0.5695
2026-06-02 17:32:38,489 - Epoch 15/200 - LR: 0.0001 - Train Loss: 0.3973 - Val Loss: 0.5387
2026-06-02 17:32:39,724 - Epoch 16/200 - LR: 0.0001 - Train Loss: 0.3981 - Val Loss: 0.5293
2026-06-02 17:32:40,949 - Epoch 17/200 - LR: 0.0001 - Train Loss: 0.3646 - Val Loss: 0.5515
2026-06-02 17:32:42,234 - Epoch 18/200 - LR: 0.0001 - Train Loss: 0.3511 - Val Loss: 0.5634
2026-06-02 17:32:43,316 - Epoch 19/200 - LR: 0.0001 - Train Loss: 0.3382 - Val Loss: 0.5726
2026-06-02 17:32:44,457 - Epoch 20/200 - LR: 0.0001 - Train Loss: 0.3164 - Val Loss: 0.5774
2026-06-02 17:32:45,612 - Epoch 21/200 - LR: 0.0001 - Train Loss: 0.2997 - Val Loss: 0.5820
2026-06-02 17:32:46,745 - Epoch 22/200 - LR: 5e-05 - Train Loss: 0.2717 - Val Loss: 0.6103
2026-06-02 17:32:47,878 - Epoch 23/200 - LR: 5e-05 - Train Loss: 0.2925 - Val Loss: 0.5901
2026-06-02 17:32:49,027 - Epoch 24/200 - LR: 5e-05 - Train Loss: 0.2602 - Val Loss: 0.6204
2026-06-02 17:32:50,132 - Epoch 25/200 - LR: 5e-05 - Train Loss: 0.2503 - Val Loss: 0.6328
2026-06-02 17:32:51,258 - Epoch 26/200 - LR: 2.5e-05 - Train Loss: 0.2427 - Val Loss: 0.6382
2026-06-02 17:32:52,340 - Epoch 27/200 - LR: 2.5e-05 - Train Loss: 0.2439 - Val Loss: 0.6436
2026-06-02 17:32:53,433 - Epoch 28/200 - LR: 2.5e-05 - Train Loss: 0.2356 - Val Loss: 0.6649
2026-06-02 17:32:54,582 - Epoch 29/200 - LR: 2.5e-05 - Train Loss: 0.2240 - Val Loss: 0.6622
2026-06-02 17:32:55,821 - Epoch 30/200 - LR: 1.25e-05 - Train Loss: 0.2169 - Val Loss: 0.6668
2026-06-02 17:32:56,876 - Epoch 31/200 - LR: 1.25e-05 - Train Loss: 0.2195 - Val Loss: 0.6712
2026-06-02 17:32:57,918 - Epoch 32/200 - LR: 1.25e-05 - Train Loss: 0.2107 - Val Loss: 0.6735
2026-06-02 17:32:58,971 - Epoch 33/200 - LR: 1.25e-05 - Train Loss: 0.2114 - Val Loss: 0.6816
2026-06-02 17:33:00,103 - Epoch 34/200 - LR: 6.25e-06 - Train Loss: 0.1996 - Val Loss: 0.6879
2026-06-02 17:33:01,298 - Epoch 35/200 - LR: 6.25e-06 - Train Loss: 0.2094 - Val Loss: 0.6895
2026-06-02 17:33:02,550 - Epoch 36/200 - LR: 6.25e-06 - Train Loss: 0.2126 - Val Loss: 0.6928
2026-06-02 17:33:03,902 - Epoch 37/200 - LR: 6.25e-06 - Train Loss: 0.2081 - Val Loss: 0.6940
2026-06-02 17:33:03,902 - Early stopping at epoch 37 (best MCC=0.5886)
2026-06-02 17:33:03,902 - Fold 2 Best Metrics:
2026-06-02 17:33:03,902 -   MCC       : 0.5886
2026-06-02 17:33:03,902 -   SN        : 0.8161
2026-06-02 17:33:03,902 -   SP        : 0.7719
2026-06-02 17:33:03,902 -   ACC       : 0.7940
2026-06-02 17:33:03,902 -   BACC      : 0.7940
2026-06-02 17:33:03,902 -   PRECISION : 0.7819
2026-06-02 17:33:03,902 -   F1        : 0.7987
2026-06-02 17:33:03,902 -   AUC       : 0.8563
2026-06-02 17:33:03,902 -   AUCPR     : 0.8488
2026-06-02 17:33:03,904 - ===== Fold 3/5 (train proteins: 810, val proteins: 202) =====
2026-06-02 17:33:05,167 - Epoch 1/200 - LR: 0.0001 - Train Loss: 0.6937 - Val Loss: 0.6822
2026-06-02 17:33:06,356 - Epoch 2/200 - LR: 0.0001 - Train Loss: 0.6854 - Val Loss: 0.6459
2026-06-02 17:33:07,511 - Epoch 3/200 - LR: 0.0001 - Train Loss: 0.6572 - Val Loss: 0.5840
2026-06-02 17:33:08,666 - Epoch 4/200 - LR: 0.0001 - Train Loss: 0.5897 - Val Loss: 0.5451
2026-06-02 17:33:09,813 - Epoch 5/200 - LR: 0.0001 - Train Loss: 0.5638 - Val Loss: 0.5109
2026-06-02 17:33:11,046 - Epoch 6/200 - LR: 0.0001 - Train Loss: 0.5326 - Val Loss: 0.4986
2026-06-02 17:33:12,211 - Epoch 7/200 - LR: 0.0001 - Train Loss: 0.5198 - Val Loss: 0.4870
2026-06-02 17:33:13,352 - Epoch 8/200 - LR: 0.0001 - Train Loss: 0.4837 - Val Loss: 0.4860
2026-06-02 17:33:14,508 - Epoch 9/200 - LR: 0.0001 - Train Loss: 0.4644 - Val Loss: 0.4925
2026-06-02 17:33:15,702 - Epoch 10/200 - LR: 0.0001 - Train Loss: 0.4626 - Val Loss: 0.4818
2026-06-02 17:33:16,906 - Epoch 11/200 - LR: 0.0001 - Train Loss: 0.4441 - Val Loss: 0.4757
2026-06-02 17:33:18,142 - Epoch 12/200 - LR: 0.0001 - Train Loss: 0.4335 - Val Loss: 0.4820
2026-06-02 17:33:19,427 - Epoch 13/200 - LR: 0.0001 - Train Loss: 0.4201 - Val Loss: 0.4924
2026-06-02 17:33:20,564 - Epoch 14/200 - LR: 0.0001 - Train Loss: 0.4088 - Val Loss: 0.5049
2026-06-02 17:33:21,785 - Epoch 15/200 - LR: 0.0001 - Train Loss: 0.3892 - Val Loss: 0.4877
2026-06-02 17:33:23,001 - Epoch 16/200 - LR: 0.0001 - Train Loss: 0.3636 - Val Loss: 0.5080
2026-06-02 17:33:24,150 - Epoch 17/200 - LR: 0.0001 - Train Loss: 0.3688 - Val Loss: 0.5196
2026-06-02 17:33:25,326 - Epoch 18/200 - LR: 0.0001 - Train Loss: 0.3478 - Val Loss: 0.5323
2026-06-02 17:33:26,425 - Epoch 19/200 - LR: 0.0001 - Train Loss: 0.3365 - Val Loss: 0.5420
2026-06-02 17:33:27,528 - Epoch 20/200 - LR: 5e-05 - Train Loss: 0.3154 - Val Loss: 0.5488
2026-06-02 17:33:28,629 - Epoch 21/200 - LR: 5e-05 - Train Loss: 0.2931 - Val Loss: 0.5654
2026-06-02 17:33:29,768 - Epoch 22/200 - LR: 5e-05 - Train Loss: 0.2917 - Val Loss: 0.5664
2026-06-02 17:33:30,917 - Epoch 23/200 - LR: 5e-05 - Train Loss: 0.2887 - Val Loss: 0.5878
2026-06-02 17:33:32,085 - Epoch 24/200 - LR: 2.5e-05 - Train Loss: 0.2702 - Val Loss: 0.5842
2026-06-02 17:33:33,422 - Epoch 25/200 - LR: 2.5e-05 - Train Loss: 0.2623 - Val Loss: 0.5960
2026-06-02 17:33:34,614 - Epoch 26/200 - LR: 2.5e-05 - Train Loss: 0.2577 - Val Loss: 0.6061
2026-06-02 17:33:35,795 - Epoch 27/200 - LR: 2.5e-05 - Train Loss: 0.2590 - Val Loss: 0.6002
2026-06-02 17:33:36,904 - Epoch 28/200 - LR: 1.25e-05 - Train Loss: 0.2498 - Val Loss: 0.6059
2026-06-02 17:33:38,046 - Epoch 29/200 - LR: 1.25e-05 - Train Loss: 0.2606 - Val Loss: 0.6082
2026-06-02 17:33:39,131 - Epoch 30/200 - LR: 1.25e-05 - Train Loss: 0.2422 - Val Loss: 0.6120
2026-06-02 17:33:40,301 - Epoch 31/200 - LR: 1.25e-05 - Train Loss: 0.2555 - Val Loss: 0.6139
2026-06-02 17:33:41,445 - Epoch 32/200 - LR: 6.25e-06 - Train Loss: 0.2363 - Val Loss: 0.6160
2026-06-02 17:33:42,612 - Epoch 33/200 - LR: 6.25e-06 - Train Loss: 0.2435 - Val Loss: 0.6173
2026-06-02 17:33:43,775 - Epoch 34/200 - LR: 6.25e-06 - Train Loss: 0.2412 - Val Loss: 0.6222
2026-06-02 17:33:44,904 - Epoch 35/200 - LR: 6.25e-06 - Train Loss: 0.2415 - Val Loss: 0.6215
2026-06-02 17:33:44,904 - Early stopping at epoch 35 (best MCC=0.5928)
2026-06-02 17:33:44,904 - Fold 3 Best Metrics:
2026-06-02 17:33:44,905 -   MCC       : 0.5928
2026-06-02 17:33:44,905 -   SN        : 0.8213
2026-06-02 17:33:44,905 -   SP        : 0.7705
2026-06-02 17:33:44,905 -   ACC       : 0.7963
2026-06-02 17:33:44,905 -   BACC      : 0.7959
2026-06-02 17:33:44,905 -   PRECISION : 0.7874
2026-06-02 17:33:44,905 -   F1        : 0.8040
2026-06-02 17:33:44,905 -   AUC       : 0.8709
2026-06-02 17:33:44,905 -   AUCPR     : 0.8729
2026-06-02 17:33:44,913 - ===== Fold 4/5 (train proteins: 810, val proteins: 202) =====
2026-06-02 17:33:46,024 - Epoch 1/200 - LR: 0.0001 - Train Loss: 0.6937 - Val Loss: 0.6828
2026-06-02 17:33:47,171 - Epoch 2/200 - LR: 0.0001 - Train Loss: 0.6858 - Val Loss: 0.6581
2026-06-02 17:33:48,310 - Epoch 3/200 - LR: 0.0001 - Train Loss: 0.6566 - Val Loss: 0.6139
2026-06-02 17:33:49,469 - Epoch 4/200 - LR: 0.0001 - Train Loss: 0.6018 - Val Loss: 0.5938
2026-06-02 17:33:50,760 - Epoch 5/200 - LR: 0.0001 - Train Loss: 0.5680 - Val Loss: 0.5919
2026-06-02 17:33:51,944 - Epoch 6/200 - LR: 0.0001 - Train Loss: 0.5302 - Val Loss: 0.5517
2026-06-02 17:33:53,085 - Epoch 7/200 - LR: 0.0001 - Train Loss: 0.5165 - Val Loss: 0.5577
2026-06-02 17:33:54,244 - Epoch 8/200 - LR: 0.0001 - Train Loss: 0.4915 - Val Loss: 0.5617
2026-06-02 17:33:55,345 - Epoch 9/200 - LR: 0.0001 - Train Loss: 0.4730 - Val Loss: 0.5571
2026-06-02 17:33:56,502 - Epoch 10/200 - LR: 0.0001 - Train Loss: 0.4672 - Val Loss: 0.5488
2026-06-02 17:33:57,582 - Epoch 11/200 - LR: 0.0001 - Train Loss: 0.4584 - Val Loss: 0.5392
2026-06-02 17:33:58,666 - Epoch 12/200 - LR: 0.0001 - Train Loss: 0.4283 - Val Loss: 0.5343
2026-06-02 17:33:59,887 - Epoch 13/200 - LR: 0.0001 - Train Loss: 0.4242 - Val Loss: 0.5103
2026-06-02 17:34:01,065 - Epoch 14/200 - LR: 0.0001 - Train Loss: 0.4106 - Val Loss: 0.5382
2026-06-02 17:34:02,247 - Epoch 15/200 - LR: 0.0001 - Train Loss: 0.4072 - Val Loss: 0.5396
2026-06-02 17:34:03,406 - Epoch 16/200 - LR: 0.0001 - Train Loss: 0.3902 - Val Loss: 0.5551
2026-06-02 17:34:04,579 - Epoch 17/200 - LR: 0.0001 - Train Loss: 0.3810 - Val Loss: 0.6115
2026-06-02 17:34:05,770 - Epoch 18/200 - LR: 5e-05 - Train Loss: 0.3633 - Val Loss: 0.5584
2026-06-02 17:34:07,093 - Epoch 19/200 - LR: 5e-05 - Train Loss: 0.3419 - Val Loss: 0.5350
2026-06-02 17:34:08,273 - Epoch 20/200 - LR: 5e-05 - Train Loss: 0.3259 - Val Loss: 0.5641
2026-06-02 17:34:09,424 - Epoch 21/200 - LR: 5e-05 - Train Loss: 0.3171 - Val Loss: 0.5670
2026-06-02 17:34:10,552 - Epoch 22/200 - LR: 5e-05 - Train Loss: 0.3143 - Val Loss: 0.5763
2026-06-02 17:34:11,718 - Epoch 23/200 - LR: 5e-05 - Train Loss: 0.3207 - Val Loss: 0.5791
2026-06-02 17:34:12,885 - Epoch 24/200 - LR: 2.5e-05 - Train Loss: 0.2963 - Val Loss: 0.5645
2026-06-02 17:34:14,002 - Epoch 25/200 - LR: 2.5e-05 - Train Loss: 0.2873 - Val Loss: 0.5695
2026-06-02 17:34:15,006 - Epoch 26/200 - LR: 2.5e-05 - Train Loss: 0.2872 - Val Loss: 0.5814
2026-06-02 17:34:16,032 - Epoch 27/200 - LR: 2.5e-05 - Train Loss: 0.2775 - Val Loss: 0.5921
2026-06-02 17:34:17,191 - Epoch 28/200 - LR: 1.25e-05 - Train Loss: 0.2854 - Val Loss: 0.6024
2026-06-02 17:34:18,251 - Epoch 29/200 - LR: 1.25e-05 - Train Loss: 0.2760 - Val Loss: 0.5911
2026-06-02 17:34:19,389 - Epoch 30/200 - LR: 1.25e-05 - Train Loss: 0.2736 - Val Loss: 0.5890
2026-06-02 17:34:20,571 - Epoch 31/200 - LR: 1.25e-05 - Train Loss: 0.2634 - Val Loss: 0.5981
2026-06-02 17:34:21,726 - Epoch 32/200 - LR: 6.25e-06 - Train Loss: 0.2700 - Val Loss: 0.5970
2026-06-02 17:34:22,906 - Epoch 33/200 - LR: 6.25e-06 - Train Loss: 0.2710 - Val Loss: 0.5944
2026-06-02 17:34:24,096 - Epoch 34/200 - LR: 6.25e-06 - Train Loss: 0.2694 - Val Loss: 0.5938
2026-06-02 17:34:25,300 - Epoch 35/200 - LR: 6.25e-06 - Train Loss: 0.2626 - Val Loss: 0.6001
2026-06-02 17:34:26,548 - Epoch 36/200 - LR: 6.25e-06 - Train Loss: 0.2702 - Val Loss: 0.6030
2026-06-02 17:34:27,689 - Epoch 37/200 - LR: 6.25e-06 - Train Loss: 0.2644 - Val Loss: 0.6032
2026-06-02 17:34:28,877 - Epoch 38/200 - LR: 6.25e-06 - Train Loss: 0.2611 - Val Loss: 0.6019
2026-06-02 17:34:30,083 - Epoch 39/200 - LR: 6.25e-06 - Train Loss: 0.2763 - Val Loss: 0.6048
2026-06-02 17:34:31,440 - Epoch 40/200 - LR: 3.125e-06 - Train Loss: 0.2631 - Val Loss: 0.5982
2026-06-02 17:34:32,715 - Epoch 41/200 - LR: 3.125e-06 - Train Loss: 0.2562 - Val Loss: 0.5993
2026-06-02 17:34:33,879 - Epoch 42/200 - LR: 3.125e-06 - Train Loss: 0.2678 - Val Loss: 0.6032
2026-06-02 17:34:35,006 - Epoch 43/200 - LR: 3.125e-06 - Train Loss: 0.2640 - Val Loss: 0.6043
2026-06-02 17:34:36,212 - Epoch 44/200 - LR: 3.125e-06 - Train Loss: 0.2636 - Val Loss: 0.6042
2026-06-02 17:34:37,405 - Epoch 45/200 - LR: 3.125e-06 - Train Loss: 0.2565 - Val Loss: 0.6065
2026-06-02 17:34:38,604 - Epoch 46/200 - LR: 1.5625e-06 - Train Loss: 0.2560 - Val Loss: 0.6038
2026-06-02 17:34:39,781 - Epoch 47/200 - LR: 1.5625e-06 - Train Loss: 0.2520 - Val Loss: 0.6066
2026-06-02 17:34:40,983 - Epoch 48/200 - LR: 1.5625e-06 - Train Loss: 0.2565 - Val Loss: 0.6068
2026-06-02 17:34:42,179 - Epoch 49/200 - LR: 1.5625e-06 - Train Loss: 0.2602 - Val Loss: 0.6084
2026-06-02 17:34:43,380 - Epoch 50/200 - LR: 1e-06 - Train Loss: 0.2523 - Val Loss: 0.6077
2026-06-02 17:34:44,588 - Epoch 51/200 - LR: 1e-06 - Train Loss: 0.2556 - Val Loss: 0.6088
2026-06-02 17:34:45,906 - Epoch 52/200 - LR: 1e-06 - Train Loss: 0.2495 - Val Loss: 0.6078
2026-06-02 17:34:47,104 - Epoch 53/200 - LR: 1e-06 - Train Loss: 0.2617 - Val Loss: 0.6078
2026-06-02 17:34:48,298 - Epoch 54/200 - LR: 1e-06 - Train Loss: 0.2564 - Val Loss: 0.6079
2026-06-02 17:34:49,477 - Epoch 55/200 - LR: 1e-06 - Train Loss: 0.2512 - Val Loss: 0.6062
2026-06-02 17:34:50,711 - Epoch 56/200 - LR: 1e-06 - Train Loss: 0.2518 - Val Loss: 0.6078
2026-06-02 17:34:51,855 - Epoch 57/200 - LR: 1e-06 - Train Loss: 0.2613 - Val Loss: 0.6073
2026-06-02 17:34:53,020 - Epoch 58/200 - LR: 1e-06 - Train Loss: 0.2509 - Val Loss: 0.6086
2026-06-02 17:34:54,233 - Epoch 59/200 - LR: 1e-06 - Train Loss: 0.2529 - Val Loss: 0.6087
2026-06-02 17:34:55,417 - Epoch 60/200 - LR: 1e-06 - Train Loss: 0.2499 - Val Loss: 0.6100
2026-06-02 17:34:56,664 - Epoch 61/200 - LR: 1e-06 - Train Loss: 0.2640 - Val Loss: 0.6069
2026-06-02 17:34:56,664 - Early stopping at epoch 61 (best MCC=0.5785)
2026-06-02 17:34:56,664 - Fold 4 Best Metrics:
2026-06-02 17:34:56,664 -   MCC       : 0.5785
2026-06-02 17:34:56,664 -   SN        : 0.8216
2026-06-02 17:34:56,665 -   SP        : 0.7562
2026-06-02 17:34:56,665 -   ACC       : 0.7883
2026-06-02 17:34:56,665 -   BACC      : 0.7889
2026-06-02 17:34:56,665 -   PRECISION : 0.7642
2026-06-02 17:34:56,665 -   F1        : 0.7919
2026-06-02 17:34:56,665 -   AUC       : 0.8588
2026-06-02 17:34:56,665 -   AUCPR     : 0.8486
2026-06-02 17:34:56,673 - ===== Fold 5/5 (train proteins: 809, val proteins: 203) =====
2026-06-02 17:34:57,872 - Epoch 1/200 - LR: 0.0001 - Train Loss: 0.6963 - Val Loss: 0.6812
2026-06-02 17:34:59,024 - Epoch 2/200 - LR: 0.0001 - Train Loss: 0.6923 - Val Loss: 0.6751
2026-06-02 17:35:00,172 - Epoch 3/200 - LR: 0.0001 - Train Loss: 0.6859 - Val Loss: 0.6408
2026-06-02 17:35:01,375 - Epoch 4/200 - LR: 0.0001 - Train Loss: 0.6486 - Val Loss: 0.5838
2026-06-02 17:35:02,566 - Epoch 5/200 - LR: 0.0001 - Train Loss: 0.5973 - Val Loss: 0.5471
2026-06-02 17:35:03,940 - Epoch 6/200 - LR: 0.0001 - Train Loss: 0.5596 - Val Loss: 0.5328
2026-06-02 17:35:05,201 - Epoch 7/200 - LR: 0.0001 - Train Loss: 0.5300 - Val Loss: 0.5125
2026-06-02 17:35:06,424 - Epoch 8/200 - LR: 0.0001 - Train Loss: 0.5219 - Val Loss: 0.5073
2026-06-02 17:35:07,632 - Epoch 9/200 - LR: 0.0001 - Train Loss: 0.4840 - Val Loss: 0.5144
2026-06-02 17:35:08,773 - Epoch 10/200 - LR: 0.0001 - Train Loss: 0.4801 - Val Loss: 0.5069
2026-06-02 17:35:09,912 - Epoch 11/200 - LR: 0.0001 - Train Loss: 0.4710 - Val Loss: 0.4934
2026-06-02 17:35:11,020 - Epoch 12/200 - LR: 0.0001 - Train Loss: 0.4501 - Val Loss: 0.4852
2026-06-02 17:35:12,147 - Epoch 13/200 - LR: 0.0001 - Train Loss: 0.4364 - Val Loss: 0.5108
2026-06-02 17:35:13,237 - Epoch 14/200 - LR: 0.0001 - Train Loss: 0.4229 - Val Loss: 0.5008
2026-06-02 17:35:14,400 - Epoch 15/200 - LR: 0.0001 - Train Loss: 0.3999 - Val Loss: 0.4984
2026-06-02 17:35:15,515 - Epoch 16/200 - LR: 0.0001 - Train Loss: 0.3971 - Val Loss: 0.4871
2026-06-02 17:35:16,669 - Epoch 17/200 - LR: 5e-05 - Train Loss: 0.3696 - Val Loss: 0.5192
2026-06-02 17:35:17,808 - Epoch 18/200 - LR: 5e-05 - Train Loss: 0.3766 - Val Loss: 0.5171
2026-06-02 17:35:18,898 - Epoch 19/200 - LR: 5e-05 - Train Loss: 0.3524 - Val Loss: 0.5149
2026-06-02 17:35:20,108 - Epoch 20/200 - LR: 5e-05 - Train Loss: 0.3493 - Val Loss: 0.5372
2026-06-02 17:35:21,430 - Epoch 21/200 - LR: 2.5e-05 - Train Loss: 0.3348 - Val Loss: 0.5220
2026-06-02 17:35:22,552 - Epoch 22/200 - LR: 2.5e-05 - Train Loss: 0.3390 - Val Loss: 0.5230
2026-06-02 17:35:23,680 - Epoch 23/200 - LR: 2.5e-05 - Train Loss: 0.3309 - Val Loss: 0.5248
2026-06-02 17:35:24,819 - Epoch 24/200 - LR: 2.5e-05 - Train Loss: 0.3191 - Val Loss: 0.5372
2026-06-02 17:35:25,992 - Epoch 25/200 - LR: 1.25e-05 - Train Loss: 0.3097 - Val Loss: 0.5382
2026-06-02 17:35:27,120 - Epoch 26/200 - LR: 1.25e-05 - Train Loss: 0.3261 - Val Loss: 0.5393
2026-06-02 17:35:28,265 - Epoch 27/200 - LR: 1.25e-05 - Train Loss: 0.3097 - Val Loss: 0.5396
2026-06-02 17:35:29,414 - Epoch 28/200 - LR: 1.25e-05 - Train Loss: 0.3097 - Val Loss: 0.5382
2026-06-02 17:35:30,486 - Epoch 29/200 - LR: 6.25e-06 - Train Loss: 0.3124 - Val Loss: 0.5414
2026-06-02 17:35:31,498 - Epoch 30/200 - LR: 6.25e-06 - Train Loss: 0.3149 - Val Loss: 0.5403
2026-06-02 17:35:32,532 - Epoch 31/200 - LR: 6.25e-06 - Train Loss: 0.3213 - Val Loss: 0.5369
2026-06-02 17:35:33,566 - Epoch 32/200 - LR: 6.25e-06 - Train Loss: 0.3047 - Val Loss: 0.5356
2026-06-02 17:35:33,566 - Early stopping at epoch 32 (best MCC=0.5907)
2026-06-02 17:35:33,566 - Fold 5 Best Metrics:
2026-06-02 17:35:33,566 -   MCC       : 0.5907
2026-06-02 17:35:33,566 -   SN        : 0.8068
2026-06-02 17:35:33,566 -   SP        : 0.7846
2026-06-02 17:35:33,566 -   ACC       : 0.7952
2026-06-02 17:35:33,566 -   BACC      : 0.7957
2026-06-02 17:35:33,566 -   PRECISION : 0.7731
2026-06-02 17:35:33,567 -   F1        : 0.7896
2026-06-02 17:35:33,567 -   AUC       : 0.8643
2026-06-02 17:35:33,567 -   AUCPR     : 0.8450
2026-06-02 17:35:33,567 - ==============================
2026-06-02 17:35:33,567 - Cross-Validation Results:
2026-06-02 17:35:33,567 -   MCC       : 0.5795 ± 0.0171
2026-06-02 17:35:33,567 -   SN        : 0.8075 ± 0.0186
2026-06-02 17:35:33,567 -   SP        : 0.7717 ± 0.0092
2026-06-02 17:35:33,567 -   ACC       : 0.7895 ± 0.0084
2026-06-02 17:35:33,567 -   BACC      : 0.7896 ± 0.0084
2026-06-02 17:35:33,567 -   PRECISION : 0.7795 ± 0.0098
2026-06-02 17:35:33,567 -   F1        : 0.7931 ± 0.0078
2026-06-02 17:35:33,567 -   AUC       : 0.8562 ± 0.0137
2026-06-02 17:35:33,567 -   AUCPR     : 0.8490 ± 0.0138
2026-06-02 17:35:33,568 - ==============================
2026-06-02 17:35:33,568 - Evaluating ensemble on test set...
2026-06-02 17:35:34,146 - Final Test Metrics (Ensemble):
2026-06-02 17:35:34,146 -   MCC       : 0.6408
2026-06-02 17:35:34,146 -   SN        : 0.8163
2026-06-02 17:35:34,146 -   SP        : 0.8245
2026-06-02 17:35:34,146 -   ACC       : 0.8204
2026-06-02 17:35:34,146 -   BACC      : 0.8204
2026-06-02 17:35:34,146 -   PRECISION : 0.8230
2026-06-02 17:35:34,147 -   F1        : 0.8197
2026-06-02 17:35:34,147 -   AUC       : 0.8866
2026-06-02 17:35:34,147 -   AUCPR     : 0.8927
