2026-04-27 00:33:46,303 - ==============================
2026-04-27 00:33:46,303 - DeepKbhb Training
2026-04-27 00:33:46,303 - ==============================
2026-04-27 00:33:46,303 - Log file: log/training_20260427_003345_mouse.log
2026-04-27 00:33:46,303 - Device: cuda
2026-04-27 00:33:46,303 - Train samples: 2250
2026-04-27 00:33:46,303 - Test samples: 272
2026-04-27 00:33:46,303 - Batch size: 128
2026-04-27 00:33:46,303 - Epochs: 30
2026-04-27 00:33:46,304 - CV folds: 5
2026-04-27 00:33:46,305 - 
2026-04-27 00:33:46,305 - ========== Fold 1/5 ==========
2026-04-27 00:33:48,102 - Fold 1 | Epoch 01/30 | Train Loss: 0.7602 | Val Loss: 0.6953 | Val Acc: 0.5289
2026-04-27 00:33:48,314 - Fold 1 | Epoch 02/30 | Train Loss: 0.7358 | Val Loss: 0.7119 | Val Acc: 0.4822
2026-04-27 00:33:48,504 - Fold 1 | Epoch 03/30 | Train Loss: 0.7346 | Val Loss: 0.6873 | Val Acc: 0.5178
2026-04-27 00:33:48,742 - Fold 1 | Epoch 04/30 | Train Loss: 0.6835 | Val Loss: 0.6736 | Val Acc: 0.5667
2026-04-27 00:33:48,955 - Fold 1 | Epoch 05/30 | Train Loss: 0.6949 | Val Loss: 0.6623 | Val Acc: 0.5844
2026-04-27 00:33:49,177 - Fold 1 | Epoch 06/30 | Train Loss: 0.6775 | Val Loss: 0.6513 | Val Acc: 0.5778
2026-04-27 00:33:49,403 - Fold 1 | Epoch 07/30 | Train Loss: 0.6632 | Val Loss: 0.6517 | Val Acc: 0.6111
2026-04-27 00:33:49,614 - Fold 1 | Epoch 08/30 | Train Loss: 0.6430 | Val Loss: 0.6504 | Val Acc: 0.6178
2026-04-27 00:33:49,849 - Fold 1 | Epoch 09/30 | Train Loss: 0.6319 | Val Loss: 0.6386 | Val Acc: 0.6444
2026-04-27 00:33:50,079 - Fold 1 | Epoch 10/30 | Train Loss: 0.6216 | Val Loss: 0.6257 | Val Acc: 0.6578
2026-04-27 00:33:50,328 - Fold 1 | Epoch 11/30 | Train Loss: 0.5838 | Val Loss: 0.6412 | Val Acc: 0.6644
2026-04-27 00:33:50,576 - Fold 1 | Epoch 12/30 | Train Loss: 0.5512 | Val Loss: 0.6244 | Val Acc: 0.6711
2026-04-27 00:33:50,873 - Fold 1 | Epoch 13/30 | Train Loss: 0.5267 | Val Loss: 0.6180 | Val Acc: 0.6956
2026-04-27 00:33:51,118 - Fold 1 | Epoch 14/30 | Train Loss: 0.5209 | Val Loss: 0.6238 | Val Acc: 0.6956
2026-04-27 00:33:51,316 - Fold 1 | Epoch 15/30 | Train Loss: 0.5250 | Val Loss: 0.6421 | Val Acc: 0.6933
2026-04-27 00:33:51,541 - Fold 1 | Epoch 16/30 | Train Loss: 0.5135 | Val Loss: 0.6675 | Val Acc: 0.6778
2026-04-27 00:33:51,752 - Fold 1 | Epoch 17/30 | Train Loss: 0.4778 | Val Loss: 0.6312 | Val Acc: 0.7000
2026-04-27 00:33:51,934 - Fold 1 | Epoch 18/30 | Train Loss: 0.4358 | Val Loss: 0.6684 | Val Acc: 0.6844
2026-04-27 00:33:52,119 - Fold 1 | Epoch 19/30 | Train Loss: 0.4346 | Val Loss: 0.6788 | Val Acc: 0.6800
2026-04-27 00:33:52,342 - Fold 1 | Epoch 20/30 | Train Loss: 0.4172 | Val Loss: 0.6884 | Val Acc: 0.6911
2026-04-27 00:33:52,545 - Fold 1 | Epoch 21/30 | Train Loss: 0.4415 | Val Loss: 0.6935 | Val Acc: 0.6867
2026-04-27 00:33:52,732 - Fold 1 | Epoch 22/30 | Train Loss: 0.3843 | Val Loss: 0.6887 | Val Acc: 0.6933
2026-04-27 00:33:52,913 - Fold 1 | Epoch 23/30 | Train Loss: 0.3933 | Val Loss: 0.6883 | Val Acc: 0.6933
2026-04-27 00:33:53,101 - Fold 1 | Epoch 24/30 | Train Loss: 0.3567 | Val Loss: 0.6841 | Val Acc: 0.6867
2026-04-27 00:33:53,291 - Fold 1 | Epoch 25/30 | Train Loss: 0.3983 | Val Loss: 0.7563 | Val Acc: 0.6844
2026-04-27 00:33:53,479 - Fold 1 | Epoch 26/30 | Train Loss: 0.3622 | Val Loss: 0.7347 | Val Acc: 0.6889
2026-04-27 00:33:53,666 - Fold 1 | Epoch 27/30 | Train Loss: 0.3338 | Val Loss: 0.7337 | Val Acc: 0.6956
2026-04-27 00:33:53,864 - Fold 1 | Epoch 28/30 | Train Loss: 0.3203 | Val Loss: 0.7599 | Val Acc: 0.6867
2026-04-27 00:33:54,070 - Fold 1 | Epoch 29/30 | Train Loss: 0.2988 | Val Loss: 0.7672 | Val Acc: 0.6756
2026-04-27 00:33:54,279 - Fold 1 | Epoch 30/30 | Train Loss: 0.3601 | Val Loss: 0.7406 | Val Acc: 0.6800
2026-04-27 00:33:54,376 - Fold 1 best val loss: 0.6180, saved to: model/fold_1.pth
2026-04-27 00:33:54,376 - Fold 1 metrics: MCC=0.3985 SN=0.7911 SP=0.6000 ACC=0.6956 BACC=0.6956 PRECISION=0.6642 F1=0.7221 AUC=0.7500 AUCPR=0.7289
2026-04-27 00:33:54,376 - 
2026-04-27 00:33:54,376 - ========== Fold 2/5 ==========
2026-04-27 00:33:54,662 - Fold 2 | Epoch 01/30 | Train Loss: 0.7431 | Val Loss: 0.6766 | Val Acc: 0.5578
2026-04-27 00:33:54,900 - Fold 2 | Epoch 02/30 | Train Loss: 0.7119 | Val Loss: 0.6728 | Val Acc: 0.5889
2026-04-27 00:33:55,145 - Fold 2 | Epoch 03/30 | Train Loss: 0.7062 | Val Loss: 0.6605 | Val Acc: 0.5867
2026-04-27 00:33:55,381 - Fold 2 | Epoch 04/30 | Train Loss: 0.6545 | Val Loss: 0.6502 | Val Acc: 0.6111
2026-04-27 00:33:55,601 - Fold 2 | Epoch 05/30 | Train Loss: 0.6363 | Val Loss: 0.6311 | Val Acc: 0.6600
2026-04-27 00:33:55,809 - Fold 2 | Epoch 06/30 | Train Loss: 0.6121 | Val Loss: 0.6246 | Val Acc: 0.6600
2026-04-27 00:33:56,020 - Fold 2 | Epoch 07/30 | Train Loss: 0.5945 | Val Loss: 0.6083 | Val Acc: 0.6578
2026-04-27 00:33:56,238 - Fold 2 | Epoch 08/30 | Train Loss: 0.5685 | Val Loss: 0.5987 | Val Acc: 0.6667
2026-04-27 00:33:56,472 - Fold 2 | Epoch 09/30 | Train Loss: 0.5822 | Val Loss: 0.6032 | Val Acc: 0.6711
2026-04-27 00:33:56,705 - Fold 2 | Epoch 10/30 | Train Loss: 0.5683 | Val Loss: 0.6007 | Val Acc: 0.6889
2026-04-27 00:33:56,888 - Fold 2 | Epoch 11/30 | Train Loss: 0.5300 | Val Loss: 0.5964 | Val Acc: 0.6933
2026-04-27 00:33:57,107 - Fold 2 | Epoch 12/30 | Train Loss: 0.5210 | Val Loss: 0.5990 | Val Acc: 0.6844
2026-04-27 00:33:57,290 - Fold 2 | Epoch 13/30 | Train Loss: 0.5163 | Val Loss: 0.5901 | Val Acc: 0.6844
2026-04-27 00:33:57,517 - Fold 2 | Epoch 14/30 | Train Loss: 0.4851 | Val Loss: 0.5988 | Val Acc: 0.6956
2026-04-27 00:33:57,699 - Fold 2 | Epoch 15/30 | Train Loss: 0.4860 | Val Loss: 0.6056 | Val Acc: 0.6844
2026-04-27 00:33:57,886 - Fold 2 | Epoch 16/30 | Train Loss: 0.4762 | Val Loss: 0.6003 | Val Acc: 0.6911
2026-04-27 00:33:58,069 - Fold 2 | Epoch 17/30 | Train Loss: 0.4406 | Val Loss: 0.5975 | Val Acc: 0.6844
2026-04-27 00:33:58,264 - Fold 2 | Epoch 18/30 | Train Loss: 0.4482 | Val Loss: 0.6005 | Val Acc: 0.7067
2026-04-27 00:33:58,448 - Fold 2 | Epoch 19/30 | Train Loss: 0.4168 | Val Loss: 0.6106 | Val Acc: 0.7000
2026-04-27 00:33:58,641 - Fold 2 | Epoch 20/30 | Train Loss: 0.4142 | Val Loss: 0.6213 | Val Acc: 0.6778
2026-04-27 00:33:58,836 - Fold 2 | Epoch 21/30 | Train Loss: 0.4033 | Val Loss: 0.6252 | Val Acc: 0.6711
2026-04-27 00:33:59,038 - Fold 2 | Epoch 22/30 | Train Loss: 0.4092 | Val Loss: 0.6236 | Val Acc: 0.6933
2026-04-27 00:33:59,239 - Fold 2 | Epoch 23/30 | Train Loss: 0.3696 | Val Loss: 0.6219 | Val Acc: 0.7156
2026-04-27 00:33:59,420 - Fold 2 | Epoch 24/30 | Train Loss: 0.3652 | Val Loss: 0.6118 | Val Acc: 0.7089
2026-04-27 00:33:59,606 - Fold 2 | Epoch 25/30 | Train Loss: 0.3458 | Val Loss: 0.6119 | Val Acc: 0.6978
2026-04-27 00:33:59,790 - Fold 2 | Epoch 26/30 | Train Loss: 0.3431 | Val Loss: 0.6094 | Val Acc: 0.7022
2026-04-27 00:33:59,975 - Fold 2 | Epoch 27/30 | Train Loss: 0.3323 | Val Loss: 0.6201 | Val Acc: 0.7022
2026-04-27 00:34:00,168 - Fold 2 | Epoch 28/30 | Train Loss: 0.3421 | Val Loss: 0.6719 | Val Acc: 0.6778
2026-04-27 00:34:00,357 - Fold 2 | Epoch 29/30 | Train Loss: 0.3238 | Val Loss: 0.6631 | Val Acc: 0.7067
2026-04-27 00:34:00,545 - Fold 2 | Epoch 30/30 | Train Loss: 0.2996 | Val Loss: 0.6696 | Val Acc: 0.7111
2026-04-27 00:34:00,638 - Fold 2 best val loss: 0.5901, saved to: model/fold_2.pth
2026-04-27 00:34:00,638 - Fold 2 metrics: MCC=0.3693 SN=0.6622 SP=0.7067 ACC=0.6844 BACC=0.6844 PRECISION=0.6930 F1=0.6773 AUC=0.7528 AUCPR=0.7289
2026-04-27 00:34:00,638 - 
2026-04-27 00:34:00,638 - ========== Fold 3/5 ==========
2026-04-27 00:34:00,895 - Fold 3 | Epoch 01/30 | Train Loss: 0.7418 | Val Loss: 0.6705 | Val Acc: 0.6133
2026-04-27 00:34:01,112 - Fold 3 | Epoch 02/30 | Train Loss: 0.7113 | Val Loss: 0.6450 | Val Acc: 0.6200
2026-04-27 00:34:01,322 - Fold 3 | Epoch 03/30 | Train Loss: 0.6592 | Val Loss: 0.6482 | Val Acc: 0.6378
2026-04-27 00:34:01,506 - Fold 3 | Epoch 04/30 | Train Loss: 0.6489 | Val Loss: 0.6653 | Val Acc: 0.6222
2026-04-27 00:34:01,712 - Fold 3 | Epoch 05/30 | Train Loss: 0.6177 | Val Loss: 0.6187 | Val Acc: 0.6578
2026-04-27 00:34:01,941 - Fold 3 | Epoch 06/30 | Train Loss: 0.5856 | Val Loss: 0.6066 | Val Acc: 0.6644
2026-04-27 00:34:02,171 - Fold 3 | Epoch 07/30 | Train Loss: 0.5791 | Val Loss: 0.6246 | Val Acc: 0.6667
2026-04-27 00:34:02,365 - Fold 3 | Epoch 08/30 | Train Loss: 0.5515 | Val Loss: 0.6150 | Val Acc: 0.6756
2026-04-27 00:34:02,581 - Fold 3 | Epoch 09/30 | Train Loss: 0.5680 | Val Loss: 0.6619 | Val Acc: 0.6600
2026-04-27 00:34:02,810 - Fold 3 | Epoch 10/30 | Train Loss: 0.5320 | Val Loss: 0.6194 | Val Acc: 0.6889
2026-04-27 00:34:03,037 - Fold 3 | Epoch 11/30 | Train Loss: 0.5138 | Val Loss: 0.6250 | Val Acc: 0.6889
2026-04-27 00:34:03,258 - Fold 3 | Epoch 12/30 | Train Loss: 0.4881 | Val Loss: 0.6030 | Val Acc: 0.6889
2026-04-27 00:34:03,502 - Fold 3 | Epoch 13/30 | Train Loss: 0.4818 | Val Loss: 0.6019 | Val Acc: 0.6733
2026-04-27 00:34:03,745 - Fold 3 | Epoch 14/30 | Train Loss: 0.4769 | Val Loss: 0.6281 | Val Acc: 0.6756
2026-04-27 00:34:03,973 - Fold 3 | Epoch 15/30 | Train Loss: 0.4862 | Val Loss: 0.6440 | Val Acc: 0.6844
2026-04-27 00:34:04,207 - Fold 3 | Epoch 16/30 | Train Loss: 0.4467 | Val Loss: 0.6402 | Val Acc: 0.6844
2026-04-27 00:34:04,434 - Fold 3 | Epoch 17/30 | Train Loss: 0.4197 | Val Loss: 0.6337 | Val Acc: 0.7022
2026-04-27 00:34:04,651 - Fold 3 | Epoch 18/30 | Train Loss: 0.4245 | Val Loss: 0.6344 | Val Acc: 0.7044
2026-04-27 00:34:04,872 - Fold 3 | Epoch 19/30 | Train Loss: 0.4023 | Val Loss: 0.6047 | Val Acc: 0.7067
2026-04-27 00:34:05,078 - Fold 3 | Epoch 20/30 | Train Loss: 0.3909 | Val Loss: 0.6034 | Val Acc: 0.6889
2026-04-27 00:34:05,295 - Fold 3 | Epoch 21/30 | Train Loss: 0.3783 | Val Loss: 0.6631 | Val Acc: 0.7089
2026-04-27 00:34:05,514 - Fold 3 | Epoch 22/30 | Train Loss: 0.3489 | Val Loss: 0.6205 | Val Acc: 0.6956
2026-04-27 00:34:05,732 - Fold 3 | Epoch 23/30 | Train Loss: 0.3752 | Val Loss: 0.6412 | Val Acc: 0.7111
2026-04-27 00:34:05,955 - Fold 3 | Epoch 24/30 | Train Loss: 0.3407 | Val Loss: 0.6391 | Val Acc: 0.7156
2026-04-27 00:34:06,172 - Fold 3 | Epoch 25/30 | Train Loss: 0.4109 | Val Loss: 0.6369 | Val Acc: 0.7111
2026-04-27 00:34:06,384 - Fold 3 | Epoch 26/30 | Train Loss: 0.3267 | Val Loss: 0.6539 | Val Acc: 0.7067
2026-04-27 00:34:06,602 - Fold 3 | Epoch 27/30 | Train Loss: 0.3567 | Val Loss: 0.6255 | Val Acc: 0.7089
2026-04-27 00:34:06,814 - Fold 3 | Epoch 28/30 | Train Loss: 0.3065 | Val Loss: 0.6332 | Val Acc: 0.7000
2026-04-27 00:34:07,032 - Fold 3 | Epoch 29/30 | Train Loss: 0.2895 | Val Loss: 0.6253 | Val Acc: 0.7156
2026-04-27 00:34:07,262 - Fold 3 | Epoch 30/30 | Train Loss: 0.2733 | Val Loss: 0.6531 | Val Acc: 0.7133
2026-04-27 00:34:07,353 - Fold 3 best val loss: 0.6019, saved to: model/fold_3.pth
2026-04-27 00:34:07,354 - Fold 3 metrics: MCC=0.3477 SN=0.7111 SP=0.6356 ACC=0.6733 BACC=0.6733 PRECISION=0.6612 F1=0.6852 AUC=0.7689 AUCPR=0.7580
2026-04-27 00:34:07,354 - 
2026-04-27 00:34:07,354 - ========== Fold 4/5 ==========
2026-04-27 00:34:07,640 - Fold 4 | Epoch 01/30 | Train Loss: 0.7889 | Val Loss: 0.6804 | Val Acc: 0.5356
2026-04-27 00:34:07,889 - Fold 4 | Epoch 02/30 | Train Loss: 0.7061 | Val Loss: 0.6629 | Val Acc: 0.5733
2026-04-27 00:34:08,148 - Fold 4 | Epoch 03/30 | Train Loss: 0.6691 | Val Loss: 0.6398 | Val Acc: 0.6022
2026-04-27 00:34:08,404 - Fold 4 | Epoch 04/30 | Train Loss: 0.6587 | Val Loss: 0.6189 | Val Acc: 0.6289
2026-04-27 00:34:08,667 - Fold 4 | Epoch 05/30 | Train Loss: 0.6424 | Val Loss: 0.5902 | Val Acc: 0.6667
2026-04-27 00:34:08,934 - Fold 4 | Epoch 06/30 | Train Loss: 0.5959 | Val Loss: 0.5745 | Val Acc: 0.6956
2026-04-27 00:34:09,276 - Fold 4 | Epoch 07/30 | Train Loss: 0.5805 | Val Loss: 0.5631 | Val Acc: 0.7178
2026-04-27 00:34:09,570 - Fold 4 | Epoch 08/30 | Train Loss: 0.5461 | Val Loss: 0.5682 | Val Acc: 0.6911
2026-04-27 00:34:09,847 - Fold 4 | Epoch 09/30 | Train Loss: 0.5629 | Val Loss: 0.5786 | Val Acc: 0.6978
2026-04-27 00:34:10,123 - Fold 4 | Epoch 10/30 | Train Loss: 0.5293 | Val Loss: 0.5701 | Val Acc: 0.7133
2026-04-27 00:34:10,401 - Fold 4 | Epoch 11/30 | Train Loss: 0.5101 | Val Loss: 0.5578 | Val Acc: 0.7200
2026-04-27 00:34:10,671 - Fold 4 | Epoch 12/30 | Train Loss: 0.4755 | Val Loss: 0.5616 | Val Acc: 0.7156
2026-04-27 00:34:10,902 - Fold 4 | Epoch 13/30 | Train Loss: 0.4758 | Val Loss: 0.5583 | Val Acc: 0.7222
2026-04-27 00:34:11,117 - Fold 4 | Epoch 14/30 | Train Loss: 0.4386 | Val Loss: 0.5748 | Val Acc: 0.7244
2026-04-27 00:34:11,350 - Fold 4 | Epoch 15/30 | Train Loss: 0.4392 | Val Loss: 0.5784 | Val Acc: 0.7178
2026-04-27 00:34:11,591 - Fold 4 | Epoch 16/30 | Train Loss: 0.3944 | Val Loss: 0.5873 | Val Acc: 0.6889
2026-04-27 00:34:11,818 - Fold 4 | Epoch 17/30 | Train Loss: 0.4336 | Val Loss: 0.5730 | Val Acc: 0.7089
2026-04-27 00:34:12,048 - Fold 4 | Epoch 18/30 | Train Loss: 0.3799 | Val Loss: 0.5720 | Val Acc: 0.6978
2026-04-27 00:34:12,268 - Fold 4 | Epoch 19/30 | Train Loss: 0.3929 | Val Loss: 0.5721 | Val Acc: 0.6911
2026-04-27 00:34:12,496 - Fold 4 | Epoch 20/30 | Train Loss: 0.3765 | Val Loss: 0.5546 | Val Acc: 0.7133
2026-04-27 00:34:12,740 - Fold 4 | Epoch 21/30 | Train Loss: 0.3314 | Val Loss: 0.5476 | Val Acc: 0.7222
2026-04-27 00:34:13,009 - Fold 4 | Epoch 22/30 | Train Loss: 0.3227 | Val Loss: 0.5590 | Val Acc: 0.7133
2026-04-27 00:34:13,250 - Fold 4 | Epoch 23/30 | Train Loss: 0.3053 | Val Loss: 0.5749 | Val Acc: 0.7111
2026-04-27 00:34:13,496 - Fold 4 | Epoch 24/30 | Train Loss: 0.3250 | Val Loss: 0.5724 | Val Acc: 0.7311
2026-04-27 00:34:13,754 - Fold 4 | Epoch 25/30 | Train Loss: 0.2638 | Val Loss: 0.5516 | Val Acc: 0.7222
2026-04-27 00:34:14,014 - Fold 4 | Epoch 26/30 | Train Loss: 0.3087 | Val Loss: 0.5528 | Val Acc: 0.7333
2026-04-27 00:34:14,259 - Fold 4 | Epoch 27/30 | Train Loss: 0.2489 | Val Loss: 0.5747 | Val Acc: 0.7267
2026-04-27 00:34:14,497 - Fold 4 | Epoch 28/30 | Train Loss: 0.2617 | Val Loss: 0.5862 | Val Acc: 0.7378
2026-04-27 00:34:14,739 - Fold 4 | Epoch 29/30 | Train Loss: 0.2580 | Val Loss: 0.6658 | Val Acc: 0.6933
2026-04-27 00:34:14,967 - Fold 4 | Epoch 30/30 | Train Loss: 0.2682 | Val Loss: 0.6024 | Val Acc: 0.7378
2026-04-27 00:34:15,083 - Fold 4 best val loss: 0.5476, saved to: model/fold_4.pth
2026-04-27 00:34:15,083 - Fold 4 metrics: MCC=0.4448 SN=0.7022 SP=0.7422 ACC=0.7222 BACC=0.7222 PRECISION=0.7315 F1=0.7166 AUC=0.8028 AUCPR=0.7709
2026-04-27 00:34:15,084 - 
2026-04-27 00:34:15,084 - ========== Fold 5/5 ==========
2026-04-27 00:34:15,424 - Fold 5 | Epoch 01/30 | Train Loss: 0.7248 | Val Loss: 0.6868 | Val Acc: 0.5378
2026-04-27 00:34:15,688 - Fold 5 | Epoch 02/30 | Train Loss: 0.6823 | Val Loss: 0.6715 | Val Acc: 0.6156
2026-04-27 00:34:15,946 - Fold 5 | Epoch 03/30 | Train Loss: 0.6492 | Val Loss: 0.6590 | Val Acc: 0.6222
2026-04-27 00:34:16,183 - Fold 5 | Epoch 04/30 | Train Loss: 0.6470 | Val Loss: 0.6560 | Val Acc: 0.6222
2026-04-27 00:34:16,474 - Fold 5 | Epoch 05/30 | Train Loss: 0.5986 | Val Loss: 0.6390 | Val Acc: 0.6400
2026-04-27 00:34:16,730 - Fold 5 | Epoch 06/30 | Train Loss: 0.5638 | Val Loss: 0.6380 | Val Acc: 0.6600
2026-04-27 00:34:16,980 - Fold 5 | Epoch 07/30 | Train Loss: 0.5426 | Val Loss: 0.6404 | Val Acc: 0.6644
2026-04-27 00:34:17,194 - Fold 5 | Epoch 08/30 | Train Loss: 0.5343 | Val Loss: 0.6202 | Val Acc: 0.6556
2026-04-27 00:34:17,419 - Fold 5 | Epoch 09/30 | Train Loss: 0.5045 | Val Loss: 0.6167 | Val Acc: 0.6689
2026-04-27 00:34:17,653 - Fold 5 | Epoch 10/30 | Train Loss: 0.4957 | Val Loss: 0.6525 | Val Acc: 0.6600
2026-04-27 00:34:17,855 - Fold 5 | Epoch 11/30 | Train Loss: 0.4664 | Val Loss: 0.6380 | Val Acc: 0.6711
2026-04-27 00:34:18,049 - Fold 5 | Epoch 12/30 | Train Loss: 0.4744 | Val Loss: 0.6401 | Val Acc: 0.6889
2026-04-27 00:34:18,250 - Fold 5 | Epoch 13/30 | Train Loss: 0.4494 | Val Loss: 0.6671 | Val Acc: 0.6867
2026-04-27 00:34:18,459 - Fold 5 | Epoch 14/30 | Train Loss: 0.4234 | Val Loss: 0.6474 | Val Acc: 0.6956
2026-04-27 00:34:18,667 - Fold 5 | Epoch 15/30 | Train Loss: 0.4101 | Val Loss: 0.6578 | Val Acc: 0.6822
2026-04-27 00:34:18,878 - Fold 5 | Epoch 16/30 | Train Loss: 0.4000 | Val Loss: 0.6692 | Val Acc: 0.6978
2026-04-27 00:34:19,076 - Fold 5 | Epoch 17/30 | Train Loss: 0.3671 | Val Loss: 0.6949 | Val Acc: 0.6844
2026-04-27 00:34:19,272 - Fold 5 | Epoch 18/30 | Train Loss: 0.3731 | Val Loss: 0.7018 | Val Acc: 0.6711
2026-04-27 00:34:19,470 - Fold 5 | Epoch 19/30 | Train Loss: 0.3274 | Val Loss: 0.6998 | Val Acc: 0.6711
2026-04-27 00:34:19,665 - Fold 5 | Epoch 20/30 | Train Loss: 0.3093 | Val Loss: 0.6679 | Val Acc: 0.7000
2026-04-27 00:34:19,861 - Fold 5 | Epoch 21/30 | Train Loss: 0.3040 | Val Loss: 0.7116 | Val Acc: 0.6733
2026-04-27 00:34:20,062 - Fold 5 | Epoch 22/30 | Train Loss: 0.3055 | Val Loss: 0.7250 | Val Acc: 0.6667
2026-04-27 00:34:20,257 - Fold 5 | Epoch 23/30 | Train Loss: 0.2968 | Val Loss: 0.7383 | Val Acc: 0.6600
2026-04-27 00:34:20,452 - Fold 5 | Epoch 24/30 | Train Loss: 0.2679 | Val Loss: 0.7754 | Val Acc: 0.6578
2026-04-27 00:34:20,650 - Fold 5 | Epoch 25/30 | Train Loss: 0.2501 | Val Loss: 0.7738 | Val Acc: 0.6667
2026-04-27 00:34:20,859 - Fold 5 | Epoch 26/30 | Train Loss: 0.2282 | Val Loss: 0.7327 | Val Acc: 0.6578
2026-04-27 00:34:21,054 - Fold 5 | Epoch 27/30 | Train Loss: 0.2170 | Val Loss: 0.8142 | Val Acc: 0.6689
2026-04-27 00:34:21,250 - Fold 5 | Epoch 28/30 | Train Loss: 0.2319 | Val Loss: 0.8680 | Val Acc: 0.6733
2026-04-27 00:34:21,458 - Fold 5 | Epoch 29/30 | Train Loss: 0.1918 | Val Loss: 0.7889 | Val Acc: 0.6711
2026-04-27 00:34:21,655 - Fold 5 | Epoch 30/30 | Train Loss: 0.1789 | Val Loss: 0.8754 | Val Acc: 0.6733
2026-04-27 00:34:21,748 - Fold 5 best val loss: 0.6167, saved to: model/fold_5.pth
2026-04-27 00:34:21,748 - Fold 5 metrics: MCC=0.3379 SN=0.6844 SP=0.6533 ACC=0.6689 BACC=0.6689 PRECISION=0.6638 F1=0.6740 AUC=0.7439 AUCPR=0.7535
2026-04-27 00:34:21,748 - 
2026-04-27 00:34:21,749 - Cross-Validation Metrics (mean +/- std):
2026-04-27 00:34:21,749 - MCC=0.3796+/-0.0387 SN=0.7102+/-0.0438 SP=0.6676+/-0.0508 ACC=0.6889+/-0.0191 BACC=0.6889+/-0.0191 PRECISION=0.6827+/-0.0270 F1=0.6950+/-0.0203 AUC=0.7637+/-0.0212 AUCPR=0.7480+/-0.0166
2026-04-27 00:34:22,129 - ========== Ensemble Test Results ==========
2026-04-27 00:34:22,129 - Detailed Metrics: MCC=0.5020 SN=0.7941 SP=0.7059 ACC=0.7500 BACC=0.7500 PRECISION=0.7297 F1=0.7606 AUC=0.8289 AUCPR=0.8034
