2026-06-03 10:13:57,482 - Log file: mouse_result/SLAM_mouse/training_20260603_101357_SLAM_mouse.log
2026-06-03 10:13:57,482 - Namespace(project_name='SLAM_mouse', train='../../data/mouse_train.fasta', test='../../data/mouse_test.fasta', model='mouse_Models', result='mouse_result', PLM='../port_bert/', pdb_dir='/root/autodl-tmp/mouse_pdb', epoch=200, learning_rate=0.0001, batch=256, cpu=4, gpu=0, emd_dim=32, hidden_dim=64, out_dim=32, gnn_layers=5, nneighbor=64, atom_type='CA', dropout=0.5, encoder='cnn,lstm,fea,gnn,plm', seed=0)
2026-06-03 10:13:57,483 - Random seed initialization: 0!
2026-06-03 10:14:12,614 - Train samples: 2250 | Test samples: 272
2026-06-03 10:15:53,307 - Model Trainable Parameter: 0.6611738204956055Mb
2026-06-03 10:16:01,204 - Epoch 1 | 7.8933s | Train | Loss: 0.628421
2026-06-03 10:16:08,565 - Epoch 2 | 7.3611s | Train | Loss: 0.629508
2026-06-03 10:16:15,897 - Epoch 3 | 7.3315s | Train | Loss: 0.627341
2026-06-03 10:16:23,301 - Epoch 4 | 7.4038s | Train | Loss: 0.624291
2026-06-03 10:16:30,214 - Epoch 5 | 6.9120s | Train | Loss: 0.625730
2026-06-03 10:16:37,335 - Epoch 6 | 7.1212s | Train | Loss: 0.622929
2026-06-03 10:16:44,597 - Epoch 7 | 7.2614s | Train | Loss: 0.628248
2026-06-03 10:16:52,059 - Epoch 8 | 7.4614s | Train | Loss: 0.627417
2026-06-03 10:16:59,389 - Epoch 9 | 7.3291s | Train | Loss: 0.623711
2026-06-03 10:17:07,206 - Epoch 10 | 7.8171s | Train | Loss: 0.625326
2026-06-03 10:17:14,811 - Epoch 11 | 7.6039s | Train | Loss: 0.625124
2026-06-03 10:17:22,383 - Epoch 12 | 7.5711s | Train | Loss: 0.623581
2026-06-03 10:17:29,762 - Epoch 13 | 7.3785s | Train | Loss: 0.626388
2026-06-03 10:17:37,038 - Epoch 14 | 7.2754s | Train | Loss: 0.625710
2026-06-03 10:17:44,215 - Epoch 15 | 7.1766s | Train | Loss: 0.624232
2026-06-03 10:17:51,352 - Epoch 16 | 7.1366s | Train | Loss: 0.625241
2026-06-03 10:17:58,614 - Epoch 17 | 7.2621s | Train | Loss: 0.624138
2026-06-03 10:18:06,216 - Epoch 18 | 7.6018s | Train | Loss: 0.622520
2026-06-03 10:18:14,102 - Epoch 19 | 7.8851s | Train | Loss: 0.623655
2026-06-03 10:18:21,458 - Epoch 20 | 7.3554s | Train | Loss: 0.625692
2026-06-03 10:18:28,944 - Epoch 21 | 7.4856s | Train | Loss: 0.623057
2026-06-03 10:18:36,512 - Epoch 22 | 7.5675s | Train | Loss: 0.623973
2026-06-03 10:18:43,795 - Epoch 23 | 7.2824s | Train | Loss: 0.622741
2026-06-03 10:18:50,906 - Epoch 24 | 7.1100s | Train | Loss: 0.621796
2026-06-03 10:18:58,204 - Epoch 25 | 7.2981s | Train | Loss: 0.625467
2026-06-03 10:19:05,540 - Epoch 26 | 7.3356s | Train | Loss: 0.621625
2026-06-03 10:19:12,998 - Epoch 27 | 7.4571s | Train | Loss: 0.621652
2026-06-03 10:19:20,744 - Epoch 28 | 7.7461s | Train | Loss: 0.623484
2026-06-03 10:19:28,269 - Epoch 29 | 7.5239s | Train | Loss: 0.620551
2026-06-03 10:19:35,478 - Epoch 30 | 7.2091s | Train | Loss: 0.618720
2026-06-03 10:19:43,083 - Epoch 31 | 7.6041s | Train | Loss: 0.618166
2026-06-03 10:19:50,400 - Epoch 32 | 7.3169s | Train | Loss: 0.620463
2026-06-03 10:19:57,749 - Epoch 33 | 7.3480s | Train | Loss: 0.619767
2026-06-03 10:20:04,824 - Epoch 34 | 7.0745s | Train | Loss: 0.617933
2026-06-03 10:20:12,000 - Epoch 35 | 7.1757s | Train | Loss: 0.616681
2026-06-03 10:20:19,503 - Epoch 36 | 7.5027s | Train | Loss: 0.615266
2026-06-03 10:20:26,962 - Epoch 37 | 7.4587s | Train | Loss: 0.616149
2026-06-03 10:20:34,140 - Epoch 38 | 7.1779s | Train | Loss: 0.612820
2026-06-03 10:20:41,311 - Epoch 39 | 7.1707s | Train | Loss: 0.613231
2026-06-03 10:20:48,594 - Epoch 40 | 7.2818s | Train | Loss: 0.613911
2026-06-03 10:20:55,805 - Epoch 41 | 7.2110s | Train | Loss: 0.611498
2026-06-03 10:21:03,076 - Epoch 42 | 7.2707s | Train | Loss: 0.613664
2026-06-03 10:21:10,258 - Epoch 43 | 7.1812s | Train | Loss: 0.613357
2026-06-03 10:21:17,571 - Epoch 44 | 7.3135s | Train | Loss: 0.605913
2026-06-03 10:21:24,700 - Epoch 45 | 7.1282s | Train | Loss: 0.607503
2026-06-03 10:21:32,014 - Epoch 46 | 7.3141s | Train | Loss: 0.605584
2026-06-03 10:21:39,363 - Epoch 47 | 7.3483s | Train | Loss: 0.601385
2026-06-03 10:21:46,703 - Epoch 48 | 7.3395s | Train | Loss: 0.598153
2026-06-03 10:21:54,068 - Epoch 49 | 7.3644s | Train | Loss: 0.599414
2026-06-03 10:22:01,631 - Epoch 50 | 7.5628s | Train | Loss: 0.601250
2026-06-03 10:22:08,985 - Epoch 51 | 7.3537s | Train | Loss: 0.598497
2026-06-03 10:22:16,847 - Epoch 52 | 7.8608s | Train | Loss: 0.597173
2026-06-03 10:22:24,803 - Epoch 53 | 7.9553s | Train | Loss: 0.592733
2026-06-03 10:22:32,341 - Epoch 54 | 7.5381s | Train | Loss: 0.596142
2026-06-03 10:22:40,123 - Epoch 55 | 7.7812s | Train | Loss: 0.589322
2026-06-03 10:22:47,599 - Epoch 56 | 7.4757s | Train | Loss: 0.590689
2026-06-03 10:22:54,737 - Epoch 57 | 7.1374s | Train | Loss: 0.588174
2026-06-03 10:23:02,226 - Epoch 58 | 7.4889s | Train | Loss: 0.586702
2026-06-03 10:23:09,744 - Epoch 59 | 7.5172s | Train | Loss: 0.582663
2026-06-03 10:23:17,105 - Epoch 60 | 7.3606s | Train | Loss: 0.581279
2026-06-03 10:23:24,467 - Epoch 61 | 7.3611s | Train | Loss: 0.579263
2026-06-03 10:23:31,827 - Epoch 62 | 7.3592s | Train | Loss: 0.575331
2026-06-03 10:23:39,281 - Epoch 63 | 7.4539s | Train | Loss: 0.571345
2026-06-03 10:23:46,748 - Epoch 64 | 7.4660s | Train | Loss: 0.575382
2026-06-03 10:23:54,460 - Epoch 65 | 7.7120s | Train | Loss: 0.568100
2026-06-03 10:24:01,924 - Epoch 66 | 7.4629s | Train | Loss: 0.565190
2026-06-03 10:24:09,552 - Epoch 67 | 7.6277s | Train | Loss: 0.566420
2026-06-03 10:24:16,932 - Epoch 68 | 7.3804s | Train | Loss: 0.567649
2026-06-03 10:24:24,392 - Epoch 69 | 7.4588s | Train | Loss: 0.552602
2026-06-03 10:24:31,793 - Epoch 70 | 7.4006s | Train | Loss: 0.552061
2026-06-03 10:24:39,364 - Epoch 71 | 7.5715s | Train | Loss: 0.555047
2026-06-03 10:24:46,830 - Epoch 72 | 7.4651s | Train | Loss: 0.550745
2026-06-03 10:24:54,331 - Epoch 73 | 7.5007s | Train | Loss: 0.560012
2026-06-03 10:25:01,842 - Epoch 74 | 7.5102s | Train | Loss: 0.549434
2026-06-03 10:25:09,405 - Epoch 75 | 7.5629s | Train | Loss: 0.550591
2026-06-03 10:25:16,660 - Epoch 76 | 7.2540s | Train | Loss: 0.542761
2026-06-03 10:25:23,855 - Epoch 77 | 7.1949s | Train | Loss: 0.547114
2026-06-03 10:25:31,399 - Epoch 78 | 7.5431s | Train | Loss: 0.540002
2026-06-03 10:25:38,647 - Epoch 79 | 7.2471s | Train | Loss: 0.529066
2026-06-03 10:25:46,010 - Epoch 80 | 7.3624s | Train | Loss: 0.528908
2026-06-03 10:25:53,218 - Epoch 81 | 7.2084s | Train | Loss: 0.538366
2026-06-03 10:26:00,692 - Epoch 82 | 7.4734s | Train | Loss: 0.527942
2026-06-03 10:26:08,205 - Epoch 83 | 7.5124s | Train | Loss: 0.518658
2026-06-03 10:26:15,479 - Epoch 84 | 7.2726s | Train | Loss: 0.529187
2026-06-03 10:26:22,847 - Epoch 85 | 7.3674s | Train | Loss: 0.524789
2026-06-03 10:26:30,319 - Epoch 86 | 7.4722s | Train | Loss: 0.517213
2026-06-03 10:26:37,836 - Epoch 87 | 7.5161s | Train | Loss: 0.530530
2026-06-03 10:26:45,668 - Epoch 88 | 7.8312s | Train | Loss: 0.512166
2026-06-03 10:26:53,186 - Epoch 89 | 7.5178s | Train | Loss: 0.517664
2026-06-03 10:27:00,558 - Epoch 90 | 7.3708s | Train | Loss: 0.502601
2026-06-03 10:27:07,901 - Epoch 91 | 7.3428s | Train | Loss: 0.508078
2026-06-03 10:27:15,087 - Epoch 92 | 7.1857s | Train | Loss: 0.516168
2026-06-03 10:27:22,313 - Epoch 93 | 7.2251s | Train | Loss: 0.508368
2026-06-03 10:27:29,702 - Epoch 94 | 7.3879s | Train | Loss: 0.501979
2026-06-03 10:27:36,934 - Epoch 95 | 7.2316s | Train | Loss: 0.493740
2026-06-03 10:27:44,322 - Epoch 96 | 7.3879s | Train | Loss: 0.507015
2026-06-03 10:27:51,607 - Epoch 97 | 7.2851s | Train | Loss: 0.511762
2026-06-03 10:27:58,821 - Epoch 98 | 7.2129s | Train | Loss: 0.495180
2026-06-03 10:28:06,215 - Epoch 99 | 7.3938s | Train | Loss: 0.493802
2026-06-03 10:28:13,615 - Epoch 100 | 7.3993s | Train | Loss: 0.490364
2026-06-03 10:28:20,756 - Epoch 101 | 7.1407s | Train | Loss: 0.497548
2026-06-03 10:28:28,188 - Epoch 102 | 7.4310s | Train | Loss: 0.493336
2026-06-03 10:28:35,757 - Epoch 103 | 7.5675s | Train | Loss: 0.486849
2026-06-03 10:28:43,206 - Epoch 104 | 7.4487s | Train | Loss: 0.478098
2026-06-03 10:28:50,773 - Epoch 105 | 7.5667s | Train | Loss: 0.491078
2026-06-03 10:28:58,311 - Epoch 106 | 7.5383s | Train | Loss: 0.472899
2026-06-03 10:29:05,804 - Epoch 107 | 7.4924s | Train | Loss: 0.486115
2026-06-03 10:29:13,379 - Epoch 108 | 7.5738s | Train | Loss: 0.474461
2026-06-03 10:29:20,696 - Epoch 109 | 7.3171s | Train | Loss: 0.490274
2026-06-03 10:29:27,935 - Epoch 110 | 7.2384s | Train | Loss: 0.472117
2026-06-03 10:29:35,308 - Epoch 111 | 7.3725s | Train | Loss: 0.465613
2026-06-03 10:29:42,676 - Epoch 112 | 7.3673s | Train | Loss: 0.478231
2026-06-03 10:29:50,102 - Epoch 113 | 7.4258s | Train | Loss: 0.458884
2026-06-03 10:29:57,396 - Epoch 114 | 7.2932s | Train | Loss: 0.472029
2026-06-03 10:30:04,630 - Epoch 115 | 7.2331s | Train | Loss: 0.474890
2026-06-03 10:30:11,997 - Epoch 116 | 7.3672s | Train | Loss: 0.458101
2026-06-03 10:30:19,276 - Epoch 117 | 7.2782s | Train | Loss: 0.461682
2026-06-03 10:30:26,763 - Epoch 118 | 7.4869s | Train | Loss: 0.459612
2026-06-03 10:30:34,289 - Epoch 119 | 7.5257s | Train | Loss: 0.459947
2026-06-03 10:30:41,611 - Epoch 120 | 7.3216s | Train | Loss: 0.451757
2026-06-03 10:30:48,927 - Epoch 121 | 7.3150s | Train | Loss: 0.452245
2026-06-03 10:30:56,788 - Epoch 122 | 7.8605s | Train | Loss: 0.457574
2026-06-03 10:31:04,353 - Epoch 123 | 7.5646s | Train | Loss: 0.466034
2026-06-03 10:31:11,931 - Epoch 124 | 7.5772s | Train | Loss: 0.463324
2026-06-03 10:31:19,222 - Epoch 125 | 7.2903s | Train | Loss: 0.443004
2026-06-03 10:31:26,735 - Epoch 126 | 7.5133s | Train | Loss: 0.439424
2026-06-03 10:31:34,294 - Epoch 127 | 7.5582s | Train | Loss: 0.462290
2026-06-03 10:31:41,589 - Epoch 128 | 7.2942s | Train | Loss: 0.453029
2026-06-03 10:31:48,917 - Epoch 129 | 7.3273s | Train | Loss: 0.443868
2026-06-03 10:31:56,205 - Epoch 130 | 7.2876s | Train | Loss: 0.452933
2026-06-03 10:32:03,850 - Epoch 131 | 7.6449s | Train | Loss: 0.430283
2026-06-03 10:32:11,308 - Epoch 132 | 7.4570s | Train | Loss: 0.455781
2026-06-03 10:32:18,722 - Epoch 133 | 7.4139s | Train | Loss: 0.448303
2026-06-03 10:32:26,060 - Epoch 134 | 7.3377s | Train | Loss: 0.445333
2026-06-03 10:32:33,707 - Epoch 135 | 7.6466s | Train | Loss: 0.442348
2026-06-03 10:32:40,882 - Epoch 136 | 7.1747s | Train | Loss: 0.437315
2026-06-03 10:32:48,212 - Epoch 137 | 7.3298s | Train | Loss: 0.420587
2026-06-03 10:32:55,516 - Epoch 138 | 7.3036s | Train | Loss: 0.423997
2026-06-03 10:33:03,139 - Epoch 139 | 7.6226s | Train | Loss: 0.428615
2026-06-03 10:33:11,161 - Epoch 140 | 8.0206s | Train | Loss: 0.449926
2026-06-03 10:33:18,695 - Epoch 141 | 7.5338s | Train | Loss: 0.442754
2026-06-03 10:33:26,402 - Epoch 142 | 7.7066s | Train | Loss: 0.415996
2026-06-03 10:33:34,056 - Epoch 143 | 7.6537s | Train | Loss: 0.431631
2026-06-03 10:33:41,681 - Epoch 144 | 7.6247s | Train | Loss: 0.425204
2026-06-03 10:33:49,241 - Epoch 145 | 7.5588s | Train | Loss: 0.404350
2026-06-03 10:33:56,875 - Epoch 146 | 7.6341s | Train | Loss: 0.433734
2026-06-03 10:34:04,227 - Epoch 147 | 7.3510s | Train | Loss: 0.414089
2026-06-03 10:34:11,585 - Epoch 148 | 7.3580s | Train | Loss: 0.422190
2026-06-03 10:34:18,882 - Epoch 149 | 7.2962s | Train | Loss: 0.418645
2026-06-03 10:34:26,156 - Epoch 150 | 7.2740s | Train | Loss: 0.426089
2026-06-03 10:34:33,421 - Epoch 151 | 7.2644s | Train | Loss: 0.416533
2026-06-03 10:34:40,939 - Epoch 152 | 7.5169s | Train | Loss: 0.425307
2026-06-03 10:34:48,310 - Epoch 153 | 7.3708s | Train | Loss: 0.413279
2026-06-03 10:34:55,595 - Epoch 154 | 7.2840s | Train | Loss: 0.413243
2026-06-03 10:35:02,842 - Epoch 155 | 7.2469s | Train | Loss: 0.407911
2026-06-03 10:35:10,258 - Epoch 156 | 7.4155s | Train | Loss: 0.415305
2026-06-03 10:35:17,712 - Epoch 157 | 7.4535s | Train | Loss: 0.412682
2026-06-03 10:35:25,032 - Epoch 158 | 7.3196s | Train | Loss: 0.405668
2026-06-03 10:35:32,336 - Epoch 159 | 7.3035s | Train | Loss: 0.390114
2026-06-03 10:35:39,925 - Epoch 160 | 7.5885s | Train | Loss: 0.406468
2026-06-03 10:35:47,436 - Epoch 161 | 7.5098s | Train | Loss: 0.400307
2026-06-03 10:35:54,934 - Epoch 162 | 7.4974s | Train | Loss: 0.400494
2026-06-03 10:36:02,724 - Epoch 163 | 7.7898s | Train | Loss: 0.402112
2026-06-03 10:36:10,069 - Epoch 164 | 7.3435s | Train | Loss: 0.398217
2026-06-03 10:36:17,389 - Epoch 165 | 7.3204s | Train | Loss: 0.405996
2026-06-03 10:36:24,502 - Epoch 166 | 7.1118s | Train | Loss: 0.402850
2026-06-03 10:36:31,832 - Epoch 167 | 7.3303s | Train | Loss: 0.391264
2026-06-03 10:36:39,267 - Epoch 168 | 7.4342s | Train | Loss: 0.380974
2026-06-03 10:36:46,559 - Epoch 169 | 7.2909s | Train | Loss: 0.394953
2026-06-03 10:36:53,837 - Epoch 170 | 7.2783s | Train | Loss: 0.367887
2026-06-03 10:37:01,166 - Epoch 171 | 7.3282s | Train | Loss: 0.381984
2026-06-03 10:37:08,630 - Epoch 172 | 7.4641s | Train | Loss: 0.378402
2026-06-03 10:37:15,942 - Epoch 173 | 7.3111s | Train | Loss: 0.381448
2026-06-03 10:37:23,337 - Epoch 174 | 7.3948s | Train | Loss: 0.395791
2026-06-03 10:37:30,606 - Epoch 175 | 7.2678s | Train | Loss: 0.377797
2026-06-03 10:37:38,268 - Epoch 176 | 7.6615s | Train | Loss: 0.380304
2026-06-03 10:37:45,877 - Epoch 177 | 7.6090s | Train | Loss: 0.378898
2026-06-03 10:37:53,266 - Epoch 178 | 7.3881s | Train | Loss: 0.378633
2026-06-03 10:38:00,599 - Epoch 179 | 7.3331s | Train | Loss: 0.373780
2026-06-03 10:38:07,874 - Epoch 180 | 7.2739s | Train | Loss: 0.378810
2026-06-03 10:38:15,265 - Epoch 181 | 7.3908s | Train | Loss: 0.400276
2026-06-03 10:38:22,856 - Epoch 182 | 7.5903s | Train | Loss: 0.382742
2026-06-03 10:38:30,282 - Epoch 183 | 7.4257s | Train | Loss: 0.365431
2026-06-03 10:38:37,847 - Epoch 184 | 7.5645s | Train | Loss: 0.373436
2026-06-03 10:38:45,370 - Epoch 185 | 7.5222s | Train | Loss: 0.370595
2026-06-03 10:38:52,574 - Epoch 186 | 7.2041s | Train | Loss: 0.371768
2026-06-03 10:38:59,742 - Epoch 187 | 7.1668s | Train | Loss: 0.355595
2026-06-03 10:39:06,964 - Epoch 188 | 7.2216s | Train | Loss: 0.348092
2026-06-03 10:39:14,320 - Epoch 189 | 7.3562s | Train | Loss: 0.364878
2026-06-03 10:39:21,912 - Epoch 190 | 7.5912s | Train | Loss: 0.351906
2026-06-03 10:39:29,119 - Epoch 191 | 7.2069s | Train | Loss: 0.355552
2026-06-03 10:39:36,546 - Epoch 192 | 7.4267s | Train | Loss: 0.368608
2026-06-03 10:39:43,671 - Epoch 193 | 7.1241s | Train | Loss: 0.357179
2026-06-03 10:39:50,757 - Epoch 194 | 7.0853s | Train | Loss: 0.367143
2026-06-03 10:39:58,153 - Epoch 195 | 7.3958s | Train | Loss: 0.350990
2026-06-03 10:40:05,369 - Epoch 196 | 7.2158s | Train | Loss: 0.366996
2026-06-03 10:40:12,673 - Epoch 197 | 7.3031s | Train | Loss: 0.356956
2026-06-03 10:40:19,981 - Epoch 198 | 7.3073s | Train | Loss: 0.354572
2026-06-03 10:40:27,510 - Epoch 199 | 7.5293s | Train | Loss: 0.353305
2026-06-03 10:40:35,115 - Epoch 200 | 7.6044s | Train | Loss: 0.347756
2026-06-03 10:40:37,110 - Model saved to: mouse_Models/SLAM_mouse/SLAM_mouse.pt
2026-06-03 10:40:40,014 - 
===== Test Results =====
2026-06-03 10:40:40,014 - Test metrics
2026-06-03 10:40:40,015 - ACC:0.559 | BACC:0.559 | SN:0.125 | SP:0.993 | Precision:0.944 | F1:0.221 | MCC:0.237 | AUC:0.902 | AUCPR:0.899 | TN:135 FP:1 FN:119 TP:17
