2026-06-03 11:57:01,547 - ==============================
2026-06-03 11:57:01,547 - DeepKbhb PepNet Training
2026-06-03 11:57:01,547 - ==============================
2026-06-03 11:57:01,547 - Log file: log/training_20260603_115700_DeepKbhb_mouse.log
2026-06-03 11:57:01,547 - Device: cuda
2026-06-03 11:57:01,547 - Train samples: 2250
2026-06-03 11:57:01,547 - Test samples: 272
2026-06-03 11:57:01,547 - Batch size: 128
2026-06-03 11:57:01,548 - Epochs: 30
2026-06-03 11:57:03,408 - Epoch 01/30 | Train Loss: 0.7564
2026-06-03 11:57:03,645 - Epoch 02/30 | Train Loss: 0.7292
2026-06-03 11:57:03,870 - Epoch 03/30 | Train Loss: 0.6773
2026-06-03 11:57:04,102 - Epoch 04/30 | Train Loss: 0.6323
2026-06-03 11:57:04,308 - Epoch 05/30 | Train Loss: 0.5924
2026-06-03 11:57:04,507 - Epoch 06/30 | Train Loss: 0.5558
2026-06-03 11:57:04,715 - Epoch 07/30 | Train Loss: 0.5173
2026-06-03 11:57:04,913 - Epoch 08/30 | Train Loss: 0.4829
2026-06-03 11:57:05,147 - Epoch 09/30 | Train Loss: 0.4407
2026-06-03 11:57:05,444 - Epoch 10/30 | Train Loss: 0.4209
2026-06-03 11:57:05,716 - Epoch 11/30 | Train Loss: 0.3818
2026-06-03 11:57:05,983 - Epoch 12/30 | Train Loss: 0.3483
2026-06-03 11:57:06,245 - Epoch 13/30 | Train Loss: 0.3162
2026-06-03 11:57:06,480 - Epoch 14/30 | Train Loss: 0.2855
2026-06-03 11:57:06,698 - Epoch 15/30 | Train Loss: 0.2408
2026-06-03 11:57:06,906 - Epoch 16/30 | Train Loss: 0.2297
2026-06-03 11:57:07,110 - Epoch 17/30 | Train Loss: 0.1834
2026-06-03 11:57:07,358 - Epoch 18/30 | Train Loss: 0.1713
2026-06-03 11:57:07,618 - Epoch 19/30 | Train Loss: 0.1504
2026-06-03 11:57:07,898 - Epoch 20/30 | Train Loss: 0.1381
2026-06-03 11:57:08,146 - Epoch 21/30 | Train Loss: 0.1268
2026-06-03 11:57:08,389 - Epoch 22/30 | Train Loss: 0.1106
2026-06-03 11:57:08,611 - Epoch 23/30 | Train Loss: 0.0891
2026-06-03 11:57:08,852 - Epoch 24/30 | Train Loss: 0.0855
2026-06-03 11:57:09,099 - Epoch 25/30 | Train Loss: 0.0774
2026-06-03 11:57:09,328 - Epoch 26/30 | Train Loss: 0.0696
2026-06-03 11:57:09,555 - Epoch 27/30 | Train Loss: 0.0705
2026-06-03 11:57:09,796 - Epoch 28/30 | Train Loss: 0.0651
2026-06-03 11:57:10,021 - Epoch 29/30 | Train Loss: 0.0555
2026-06-03 11:57:10,262 - Epoch 30/30 | Train Loss: 0.0525
2026-06-03 11:57:10,296 - Training complete. Model saved to: model/model.pth
2026-06-03 11:57:10,340 - 
2026-06-03 11:57:10,340 - ========== Test Results ==========
2026-06-03 11:57:10,340 - Test: MCC=0.509 SN=0.787 SP=0.721 ACC=0.754 BACC=0.754 PRECISION=0.738 F1=0.762 AUC=0.820 AUCPR=0.786
