2026-04-27 00:10:06,615 - ==============================
2026-04-27 00:10:06,616 - KbhbXG Training
2026-04-27 00:10:06,616 - ==============================
2026-04-27 00:10:06,616 - Log file: log/training_20260427_001006_mouse.log
2026-04-27 00:10:06,616 - Train samples (balanced): 2250
2026-04-27 00:10:06,616 - Independent test samples: 272
2026-04-27 00:10:06,617 - ********** Fold 1 **********
2026-04-27 00:10:22,139 - Fold metrics: mcc=0.3868 sn=0.7067 sp=0.6800 acc=0.6933 bacc=0.6933 precision=0.6883 f1=0.6974 auc=0.7599 aucpr=0.7206
2026-04-27 00:10:22,140 - ********** Fold 2 **********
2026-04-27 00:10:37,148 - Fold metrics: mcc=0.4268 sn=0.7244 sp=0.7022 acc=0.7133 bacc=0.7133 precision=0.7087 f1=0.7165 auc=0.7749 aucpr=0.7582
2026-04-27 00:10:37,148 - ********** Fold 3 **********
2026-04-27 00:10:52,617 - Fold metrics: mcc=0.4581 sn=0.7467 sp=0.7111 acc=0.7289 bacc=0.7289 precision=0.7210 f1=0.7336 auc=0.7917 aucpr=0.7624
2026-04-27 00:10:52,618 - ********** Fold 4 **********
2026-04-27 00:11:08,131 - Fold metrics: mcc=0.4224 sn=0.7244 sp=0.6978 acc=0.7111 bacc=0.7111 precision=0.7056 f1=0.7149 auc=0.7808 aucpr=0.7517
2026-04-27 00:11:08,132 - ********** Fold 5 **********
2026-04-27 00:11:23,614 - Fold metrics: mcc=0.4400 sn=0.7244 sp=0.7156 acc=0.7200 bacc=0.7200 precision=0.7181 f1=0.7212 auc=0.7984 aucpr=0.7999
2026-04-27 00:11:23,615 - 
2026-04-27 00:11:23,615 - CV metrics (mean +/- std):
2026-04-27 00:11:23,615 - mcc=0.4268+/-0.0235 sn=0.7253+/-0.0127 sp=0.7013+/-0.0124 acc=0.7133+/-0.0118 bacc=0.7133+/-0.0118 precision=0.7083+/-0.0115 f1=0.7167+/-0.0117 auc=0.7811+/-0.0134 aucpr=0.7586+/-0.0253
2026-04-27 00:11:40,273 - 
2026-04-27 00:11:40,273 - Independent test metrics:
2026-04-27 00:11:40,273 - mcc=0.5371 sn=0.7868 sp=0.7500 acc=0.7684 bacc=0.7684 precision=0.7589 f1=0.7726 auc=0.8566 aucpr=0.8601
2026-04-27 00:11:40,273 - Running time: 93.66s
