2026-06-03 12:01:09,975 - ==============================
2026-06-03 12:01:09,975 - DeepKbhb PepNet Training
2026-06-03 12:01:09,975 - ==============================
2026-06-03 12:01:09,976 - Log file: log/training_20260603_120108_DeepKbhb.log
2026-06-03 12:01:09,976 - Device: cuda
2026-06-03 12:01:09,976 - Train samples: 4346
2026-06-03 12:01:09,976 - Test samples: 490
2026-06-03 12:01:09,976 - Batch size: 128
2026-06-03 12:01:09,976 - Epochs: 30
2026-06-03 12:01:12,000 - Epoch 01/30 | Train Loss: 0.7247
2026-06-03 12:01:12,429 - Epoch 02/30 | Train Loss: 0.6401
2026-06-03 12:01:12,850 - Epoch 03/30 | Train Loss: 0.5964
2026-06-03 12:01:13,223 - Epoch 04/30 | Train Loss: 0.5483
2026-06-03 12:01:13,590 - Epoch 05/30 | Train Loss: 0.5137
2026-06-03 12:01:13,956 - Epoch 06/30 | Train Loss: 0.4876
2026-06-03 12:01:14,333 - Epoch 07/30 | Train Loss: 0.4590
2026-06-03 12:01:14,691 - Epoch 08/30 | Train Loss: 0.4352
2026-06-03 12:01:15,067 - Epoch 09/30 | Train Loss: 0.4024
2026-06-03 12:01:15,496 - Epoch 10/30 | Train Loss: 0.3832
2026-06-03 12:01:15,889 - Epoch 11/30 | Train Loss: 0.3468
2026-06-03 12:01:16,305 - Epoch 12/30 | Train Loss: 0.3224
2026-06-03 12:01:16,716 - Epoch 13/30 | Train Loss: 0.2970
2026-06-03 12:01:17,134 - Epoch 14/30 | Train Loss: 0.2757
2026-06-03 12:01:17,575 - Epoch 15/30 | Train Loss: 0.2524
2026-06-03 12:01:18,009 - Epoch 16/30 | Train Loss: 0.2178
2026-06-03 12:01:18,476 - Epoch 17/30 | Train Loss: 0.1945
2026-06-03 12:01:18,946 - Epoch 18/30 | Train Loss: 0.1781
2026-06-03 12:01:19,415 - Epoch 19/30 | Train Loss: 0.1593
2026-06-03 12:01:19,885 - Epoch 20/30 | Train Loss: 0.1345
2026-06-03 12:01:20,361 - Epoch 21/30 | Train Loss: 0.1249
2026-06-03 12:01:20,834 - Epoch 22/30 | Train Loss: 0.1124
2026-06-03 12:01:21,310 - Epoch 23/30 | Train Loss: 0.0949
2026-06-03 12:01:21,784 - Epoch 24/30 | Train Loss: 0.0865
2026-06-03 12:01:22,263 - Epoch 25/30 | Train Loss: 0.0827
2026-06-03 12:01:22,738 - Epoch 26/30 | Train Loss: 0.0758
2026-06-03 12:01:23,210 - Epoch 27/30 | Train Loss: 0.0607
2026-06-03 12:01:23,684 - Epoch 28/30 | Train Loss: 0.0547
2026-06-03 12:01:24,159 - Epoch 29/30 | Train Loss: 0.0497
2026-06-03 12:01:24,639 - Epoch 30/30 | Train Loss: 0.0498
2026-06-03 12:01:24,675 - Training complete. Model saved to: model/model.pth
2026-06-03 12:01:24,726 - 
2026-06-03 12:01:24,726 - ========== Test Results ==========
2026-06-03 12:01:24,726 - Test: MCC=0.457 SN=0.722 SP=0.735 ACC=0.729 BACC=0.729 PRECISION=0.731 F1=0.727 AUC=0.813 AUCPR=0.829
