2026-06-02 21:45:04,668 - Log file: result/SLAM/SLAM/training_20260602_214504_SLAM.log
2026-06-02 21:45:04,668 - Namespace(project_name='SLAM', train='../../data/train.fasta', test='../../data/test.fasta', model='Models', result='result', PLM='../port_bert/', pdb_dir='/root/autodl-tmp/new_pdb', epoch=200, learning_rate=0.0001, batch=256, cpu=4, gpu=0, emd_dim=32, hidden_dim=64, out_dim=32, gnn_layers=5, nneighbor=64, atom_type='CA', dropout=0.5, encoder='cnn,lstm,fea,gnn,plm', seed=0, patience=5)
2026-06-02 21:45:04,669 - Random seed initialization: 0!
2026-06-02 21:45:30,395 - Train samples: 4346 | Test samples: 490
2026-06-02 21:48:44,310 - Model Trainable Parameter: 0.6611738204956055Mb
2026-06-02 21:48:56,193 - Epoch 1 | 11.8803s | Train | Loss: 0.658300 | Acc: 0.4750
2026-06-02 21:49:07,156 - Epoch 2 | 10.9623s | Train | Loss: 0.658353 | Acc: 0.4750
2026-06-02 21:49:18,012 - Epoch 3 | 10.8563s | Train | Loss: 0.655370 | Acc: 0.4853
2026-06-02 21:49:28,918 - Epoch 4 | 10.9050s | Train | Loss: 0.653314 | Acc: 0.5031
2026-06-02 21:49:39,971 - Epoch 5 | 11.0532s | Train | Loss: 0.651134 | Acc: 0.5061
2026-06-02 21:49:50,826 - Epoch 6 | 10.8542s | Train | Loss: 0.652470 | Acc: 0.4983
2026-06-02 21:50:02,013 - Epoch 7 | 11.1861s | Train | Loss: 0.648502 | Acc: 0.5120
2026-06-02 21:50:12,963 - Epoch 8 | 10.9500s | Train | Loss: 0.647194 | Acc: 0.5156
2026-06-02 21:50:24,037 - Epoch 9 | 11.0738s | Train | Loss: 0.646014 | Acc: 0.5203
2026-06-02 21:50:35,183 - Epoch 10 | 11.1456s | Train | Loss: 0.642440 | Acc: 0.5272
2026-06-02 21:50:46,346 - Epoch 11 | 11.1625s | Train | Loss: 0.642383 | Acc: 0.5328
2026-06-02 21:50:58,552 - Epoch 12 | 12.2051s | Train | Loss: 0.638185 | Acc: 0.5431
2026-06-02 21:51:11,731 - Epoch 13 | 13.1784s | Train | Loss: 0.638727 | Acc: 0.5387
2026-06-02 21:51:23,980 - Epoch 14 | 12.2490s | Train | Loss: 0.633336 | Acc: 0.5587
2026-06-02 21:51:36,924 - Epoch 15 | 12.9432s | Train | Loss: 0.629506 | Acc: 0.5620
2026-06-02 21:51:49,284 - Epoch 16 | 12.3597s | Train | Loss: 0.625994 | Acc: 0.5667
2026-06-02 21:52:02,739 - Epoch 17 | 13.4545s | Train | Loss: 0.621385 | Acc: 0.5715
2026-06-02 21:52:15,895 - Epoch 18 | 13.1550s | Train | Loss: 0.618860 | Acc: 0.5774
2026-06-02 21:52:28,633 - Epoch 19 | 12.7380s | Train | Loss: 0.615006 | Acc: 0.5912
2026-06-02 21:52:41,048 - Epoch 20 | 12.4146s | Train | Loss: 0.613246 | Acc: 0.5898
2026-06-02 21:52:53,240 - Epoch 21 | 12.1919s | Train | Loss: 0.616742 | Acc: 0.5824
2026-06-02 21:53:05,628 - Epoch 22 | 12.3868s | Train | Loss: 0.606090 | Acc: 0.5950
2026-06-02 21:53:18,287 - Epoch 23 | 12.6595s | Train | Loss: 0.597478 | Acc: 0.6132
2026-06-02 21:53:30,661 - Epoch 24 | 12.3730s | Train | Loss: 0.600992 | Acc: 0.6065
2026-06-02 21:53:43,173 - Epoch 25 | 12.5116s | Train | Loss: 0.597976 | Acc: 0.6143
2026-06-02 21:53:55,541 - Epoch 26 | 12.3674s | Train | Loss: 0.594290 | Acc: 0.6100
2026-06-02 21:54:07,733 - Epoch 27 | 12.1920s | Train | Loss: 0.591646 | Acc: 0.6163
2026-06-02 21:54:20,065 - Epoch 28 | 12.3315s | Train | Loss: 0.585033 | Acc: 0.6161
2026-06-02 21:54:32,429 - Epoch 29 | 12.3641s | Train | Loss: 0.583221 | Acc: 0.6235
2026-06-02 21:54:44,710 - Epoch 30 | 12.2800s | Train | Loss: 0.572902 | Acc: 0.6278
2026-06-02 21:54:56,972 - Epoch 31 | 12.2620s | Train | Loss: 0.567614 | Acc: 0.6339
2026-06-02 21:55:09,200 - Epoch 32 | 12.2272s | Train | Loss: 0.569198 | Acc: 0.6256
2026-06-02 21:55:21,615 - Epoch 33 | 12.4145s | Train | Loss: 0.560974 | Acc: 0.6419
2026-06-02 21:55:33,841 - Epoch 34 | 12.2247s | Train | Loss: 0.555757 | Acc: 0.6424
2026-06-02 21:55:46,363 - Epoch 35 | 12.5217s | Train | Loss: 0.549445 | Acc: 0.6456
2026-06-02 21:55:58,821 - Epoch 36 | 12.4581s | Train | Loss: 0.549900 | Acc: 0.6405
2026-06-02 21:56:11,337 - Epoch 37 | 12.5150s | Train | Loss: 0.547677 | Acc: 0.6389
2026-06-02 21:56:23,956 - Epoch 38 | 12.6186s | Train | Loss: 0.544182 | Acc: 0.6513
2026-06-02 21:56:36,449 - Epoch 39 | 12.4931s | Train | Loss: 0.545432 | Acc: 0.6500
2026-06-02 21:56:48,860 - Epoch 40 | 12.4103s | Train | Loss: 0.539401 | Acc: 0.6510
2026-06-02 21:57:01,249 - Epoch 41 | 12.3888s | Train | Loss: 0.534268 | Acc: 0.6578
2026-06-02 21:57:13,763 - Epoch 42 | 12.5130s | Train | Loss: 0.535919 | Acc: 0.6564
2026-06-02 21:57:26,098 - Epoch 43 | 12.3346s | Train | Loss: 0.532032 | Acc: 0.6552
2026-06-02 21:57:38,409 - Epoch 44 | 12.3107s | Train | Loss: 0.532776 | Acc: 0.6558
2026-06-02 21:57:50,927 - Epoch 45 | 12.5178s | Train | Loss: 0.531958 | Acc: 0.6548
2026-06-02 21:58:03,197 - Epoch 46 | 12.2690s | Train | Loss: 0.520193 | Acc: 0.6705
2026-06-02 21:58:15,696 - Epoch 47 | 12.4987s | Train | Loss: 0.522211 | Acc: 0.6650
2026-06-02 21:58:28,170 - Epoch 48 | 12.4732s | Train | Loss: 0.524227 | Acc: 0.6629
2026-06-02 21:58:41,003 - Epoch 49 | 12.8325s | Train | Loss: 0.519498 | Acc: 0.6669
2026-06-02 21:58:53,379 - Epoch 50 | 12.3753s | Train | Loss: 0.514219 | Acc: 0.6669
2026-06-02 21:59:05,620 - Epoch 51 | 12.2408s | Train | Loss: 0.513111 | Acc: 0.6715
2026-06-02 21:59:17,720 - Epoch 52 | 12.0998s | Train | Loss: 0.505115 | Acc: 0.6730
2026-06-02 21:59:30,017 - Epoch 53 | 12.2964s | Train | Loss: 0.507288 | Acc: 0.6711
2026-06-02 21:59:42,119 - Epoch 54 | 12.1013s | Train | Loss: 0.500027 | Acc: 0.6762
2026-06-02 21:59:54,345 - Epoch 55 | 12.2251s | Train | Loss: 0.505342 | Acc: 0.6680
2026-06-02 22:00:06,679 - Epoch 56 | 12.3337s | Train | Loss: 0.505607 | Acc: 0.6787
2026-06-02 22:00:19,096 - Epoch 57 | 12.4168s | Train | Loss: 0.496528 | Acc: 0.6775
2026-06-02 22:00:31,230 - Epoch 58 | 12.1333s | Train | Loss: 0.495857 | Acc: 0.6761
2026-06-02 22:00:44,104 - Epoch 59 | 12.8731s | Train | Loss: 0.503928 | Acc: 0.6659
2026-06-02 22:00:56,559 - Epoch 60 | 12.4552s | Train | Loss: 0.500709 | Acc: 0.6711
2026-06-02 22:01:09,353 - Epoch 61 | 12.7936s | Train | Loss: 0.494910 | Acc: 0.6762
2026-06-02 22:01:21,806 - Epoch 62 | 12.4518s | Train | Loss: 0.490312 | Acc: 0.6813
2026-06-02 22:01:34,178 - Epoch 63 | 12.3719s | Train | Loss: 0.492982 | Acc: 0.6797
2026-06-02 22:01:46,372 - Epoch 64 | 12.1931s | Train | Loss: 0.492905 | Acc: 0.6845
2026-06-02 22:01:58,784 - Epoch 65 | 12.4115s | Train | Loss: 0.483907 | Acc: 0.6854
2026-06-02 22:02:11,030 - Epoch 66 | 12.2454s | Train | Loss: 0.498685 | Acc: 0.6781
2026-06-02 22:02:23,779 - Epoch 67 | 12.7487s | Train | Loss: 0.485053 | Acc: 0.6843
2026-06-02 22:02:36,569 - Epoch 68 | 12.7902s | Train | Loss: 0.479935 | Acc: 0.6806
2026-06-02 22:02:49,041 - Epoch 69 | 12.4713s | Train | Loss: 0.492176 | Acc: 0.6809
2026-06-02 22:03:01,457 - Epoch 70 | 12.4147s | Train | Loss: 0.484264 | Acc: 0.6854
2026-06-02 22:03:14,255 - Epoch 71 | 12.7980s | Train | Loss: 0.483192 | Acc: 0.6839
2026-06-02 22:03:27,004 - Epoch 72 | 12.7486s | Train | Loss: 0.475355 | Acc: 0.6903
2026-06-02 22:03:39,552 - Epoch 73 | 12.5472s | Train | Loss: 0.471330 | Acc: 0.6899
2026-06-02 22:03:51,926 - Epoch 74 | 12.3736s | Train | Loss: 0.487462 | Acc: 0.6843
2026-06-02 22:04:04,171 - Epoch 75 | 12.2445s | Train | Loss: 0.476491 | Acc: 0.6915
2026-06-02 22:04:16,551 - Epoch 76 | 12.3803s | Train | Loss: 0.473153 | Acc: 0.6886
2026-06-02 22:04:28,762 - Epoch 77 | 12.2101s | Train | Loss: 0.470259 | Acc: 0.6980
2026-06-02 22:04:41,081 - Epoch 78 | 12.3183s | Train | Loss: 0.468381 | Acc: 0.6926
2026-06-02 22:04:53,380 - Epoch 79 | 12.2982s | Train | Loss: 0.471096 | Acc: 0.6874
2026-06-02 22:05:05,649 - Epoch 80 | 12.2689s | Train | Loss: 0.460415 | Acc: 0.6980
2026-06-02 22:05:18,030 - Epoch 81 | 12.3800s | Train | Loss: 0.463331 | Acc: 0.6972
2026-06-02 22:05:30,234 - Epoch 82 | 12.2033s | Train | Loss: 0.466519 | Acc: 0.6976
2026-06-02 22:05:42,948 - Epoch 83 | 12.7134s | Train | Loss: 0.462764 | Acc: 0.6980
2026-06-02 22:05:55,276 - Epoch 84 | 12.3279s | Train | Loss: 0.456532 | Acc: 0.7008
2026-06-02 22:06:07,990 - Epoch 85 | 12.7139s | Train | Loss: 0.463298 | Acc: 0.6924
2026-06-02 22:06:20,679 - Epoch 86 | 12.6883s | Train | Loss: 0.465222 | Acc: 0.7047
2026-06-02 22:06:33,066 - Epoch 87 | 12.3860s | Train | Loss: 0.467456 | Acc: 0.6904
2026-06-02 22:06:45,504 - Epoch 88 | 12.4378s | Train | Loss: 0.447310 | Acc: 0.7086
2026-06-02 22:06:58,326 - Epoch 89 | 12.8217s | Train | Loss: 0.454684 | Acc: 0.7023
2026-06-02 22:07:10,813 - Epoch 90 | 12.4865s | Train | Loss: 0.449537 | Acc: 0.6946
2026-06-02 22:07:23,251 - Epoch 91 | 12.4371s | Train | Loss: 0.462557 | Acc: 0.7001
2026-06-02 22:07:35,583 - Epoch 92 | 12.3314s | Train | Loss: 0.451654 | Acc: 0.7034
2026-06-02 22:07:47,975 - Epoch 93 | 12.3910s | Train | Loss: 0.459889 | Acc: 0.7050
2026-06-02 22:08:00,289 - Epoch 94 | 12.3141s | Train | Loss: 0.451398 | Acc: 0.7078
2026-06-02 22:08:12,956 - Epoch 95 | 12.6659s | Train | Loss: 0.451912 | Acc: 0.6960
2026-06-02 22:08:25,721 - Epoch 96 | 12.7653s | Train | Loss: 0.449172 | Acc: 0.7047
2026-06-02 22:08:38,417 - Epoch 97 | 12.6945s | Train | Loss: 0.441880 | Acc: 0.7069
2026-06-02 22:08:51,027 - Epoch 98 | 12.6100s | Train | Loss: 0.438863 | Acc: 0.7149
2026-06-02 22:09:03,228 - Epoch 99 | 12.2004s | Train | Loss: 0.440515 | Acc: 0.7060
2026-06-02 22:09:15,441 - Epoch 100 | 12.2131s | Train | Loss: 0.438279 | Acc: 0.7054
2026-06-02 22:09:27,764 - Epoch 101 | 12.3224s | Train | Loss: 0.443429 | Acc: 0.7028
2026-06-02 22:09:39,928 - Epoch 102 | 12.1632s | Train | Loss: 0.442183 | Acc: 0.7035
2026-06-02 22:09:52,377 - Epoch 103 | 12.4490s | Train | Loss: 0.425098 | Acc: 0.7236
2026-06-02 22:10:04,591 - Epoch 104 | 12.2136s | Train | Loss: 0.440684 | Acc: 0.7080
2026-06-02 22:10:16,833 - Epoch 105 | 12.2408s | Train | Loss: 0.435751 | Acc: 0.7061
2026-06-02 22:10:29,138 - Epoch 106 | 12.3048s | Train | Loss: 0.427768 | Acc: 0.7134
2026-06-02 22:10:41,614 - Epoch 107 | 12.4755s | Train | Loss: 0.438865 | Acc: 0.7060
2026-06-02 22:10:54,069 - Epoch 108 | 12.4543s | Train | Loss: 0.430495 | Acc: 0.7176
2026-06-02 22:11:06,563 - Epoch 109 | 12.4936s | Train | Loss: 0.426975 | Acc: 0.7139
2026-06-02 22:11:19,299 - Epoch 110 | 12.7354s | Train | Loss: 0.430614 | Acc: 0.7099
2026-06-02 22:11:31,459 - Epoch 111 | 12.1596s | Train | Loss: 0.429158 | Acc: 0.7150
2026-06-02 22:11:43,845 - Epoch 112 | 12.3858s | Train | Loss: 0.442280 | Acc: 0.7108
2026-06-02 22:11:56,091 - Epoch 113 | 12.2454s | Train | Loss: 0.428555 | Acc: 0.7132
2026-06-02 22:12:08,204 - Epoch 114 | 12.1123s | Train | Loss: 0.418706 | Acc: 0.7139
2026-06-02 22:12:20,791 - Epoch 115 | 12.5868s | Train | Loss: 0.434983 | Acc: 0.7160
2026-06-02 22:12:32,890 - Epoch 116 | 12.0981s | Train | Loss: 0.422688 | Acc: 0.7158
2026-06-02 22:12:45,374 - Epoch 117 | 12.4840s | Train | Loss: 0.413449 | Acc: 0.7208
2026-06-02 22:12:57,699 - Epoch 118 | 12.3243s | Train | Loss: 0.425327 | Acc: 0.7080
2026-06-02 22:13:10,163 - Epoch 119 | 12.4631s | Train | Loss: 0.407881 | Acc: 0.7298
2026-06-02 22:13:22,842 - Epoch 120 | 12.6794s | Train | Loss: 0.422444 | Acc: 0.7193
2026-06-02 22:13:35,392 - Epoch 121 | 12.5494s | Train | Loss: 0.422232 | Acc: 0.7182
2026-06-02 22:13:47,872 - Epoch 122 | 12.4790s | Train | Loss: 0.418179 | Acc: 0.7171
2026-06-02 22:14:00,355 - Epoch 123 | 12.4825s | Train | Loss: 0.412872 | Acc: 0.7167
2026-06-02 22:14:12,549 - Epoch 124 | 12.1938s | Train | Loss: 0.414186 | Acc: 0.7302
2026-06-02 22:14:24,806 - Epoch 125 | 12.2564s | Train | Loss: 0.415794 | Acc: 0.7260
2026-06-02 22:14:37,081 - Epoch 126 | 12.2740s | Train | Loss: 0.418284 | Acc: 0.7111
2026-06-02 22:14:49,290 - Epoch 127 | 12.2084s | Train | Loss: 0.407337 | Acc: 0.7279
2026-06-02 22:15:01,659 - Epoch 128 | 12.3688s | Train | Loss: 0.406785 | Acc: 0.7291
2026-06-02 22:15:14,106 - Epoch 129 | 12.4466s | Train | Loss: 0.420032 | Acc: 0.7217
2026-06-02 22:15:26,295 - Epoch 130 | 12.1890s | Train | Loss: 0.399656 | Acc: 0.7249
2026-06-02 22:15:39,005 - Epoch 131 | 12.7092s | Train | Loss: 0.406924 | Acc: 0.7280
2026-06-02 22:15:51,753 - Epoch 132 | 12.7480s | Train | Loss: 0.398291 | Acc: 0.7211
2026-06-02 22:16:04,620 - Epoch 133 | 12.8662s | Train | Loss: 0.402924 | Acc: 0.7237
2026-06-02 22:16:17,183 - Epoch 134 | 12.5623s | Train | Loss: 0.393117 | Acc: 0.7322
2026-06-02 22:16:29,409 - Epoch 135 | 12.2260s | Train | Loss: 0.410772 | Acc: 0.7202
2026-06-02 22:16:41,964 - Epoch 136 | 12.5546s | Train | Loss: 0.398019 | Acc: 0.7315
2026-06-02 22:16:54,743 - Epoch 137 | 12.7780s | Train | Loss: 0.403518 | Acc: 0.7369
2026-06-02 22:17:07,137 - Epoch 138 | 12.3934s | Train | Loss: 0.406029 | Acc: 0.7189
2026-06-02 22:17:19,501 - Epoch 139 | 12.3629s | Train | Loss: 0.390865 | Acc: 0.7342
2026-06-02 22:17:32,027 - Epoch 140 | 12.5265s | Train | Loss: 0.396682 | Acc: 0.7267
2026-06-02 22:17:45,060 - Epoch 141 | 13.0318s | Train | Loss: 0.392329 | Acc: 0.7400
2026-06-02 22:17:57,385 - Epoch 142 | 12.3250s | Train | Loss: 0.393887 | Acc: 0.7354
2026-06-02 22:18:10,133 - Epoch 143 | 12.7468s | Train | Loss: 0.391489 | Acc: 0.7278
2026-06-02 22:18:23,165 - Epoch 144 | 13.0316s | Train | Loss: 0.392570 | Acc: 0.7309
2026-06-02 22:18:35,865 - Epoch 145 | 12.6994s | Train | Loss: 0.392073 | Acc: 0.7300
2026-06-02 22:18:48,559 - Epoch 146 | 12.6940s | Train | Loss: 0.395600 | Acc: 0.7276
2026-06-02 22:19:00,753 - Epoch 147 | 12.1931s | Train | Loss: 0.385597 | Acc: 0.7351
2026-06-02 22:19:13,068 - Epoch 148 | 12.3141s | Train | Loss: 0.383167 | Acc: 0.7406
2026-06-02 22:19:25,611 - Epoch 149 | 12.5428s | Train | Loss: 0.384255 | Acc: 0.7336
2026-06-02 22:19:38,061 - Epoch 150 | 12.4493s | Train | Loss: 0.400406 | Acc: 0.7252
2026-06-02 22:19:50,591 - Epoch 151 | 12.5300s | Train | Loss: 0.397446 | Acc: 0.7309
2026-06-02 22:20:02,880 - Epoch 152 | 12.2884s | Train | Loss: 0.387003 | Acc: 0.7313
2026-06-02 22:20:15,347 - Epoch 153 | 12.4671s | Train | Loss: 0.396425 | Acc: 0.7352
2026-06-02 22:20:27,689 - Epoch 154 | 12.3409s | Train | Loss: 0.392763 | Acc: 0.7287
2026-06-02 22:20:40,660 - Epoch 155 | 12.9708s | Train | Loss: 0.382425 | Acc: 0.7339
2026-06-02 22:20:52,944 - Epoch 156 | 12.2828s | Train | Loss: 0.381252 | Acc: 0.7349
2026-06-02 22:21:05,598 - Epoch 157 | 12.6539s | Train | Loss: 0.372044 | Acc: 0.7356
2026-06-02 22:21:18,091 - Epoch 158 | 12.4928s | Train | Loss: 0.381467 | Acc: 0.7388
2026-06-02 22:21:30,323 - Epoch 159 | 12.2312s | Train | Loss: 0.386937 | Acc: 0.7241
2026-06-02 22:21:42,519 - Epoch 160 | 12.1957s | Train | Loss: 0.375712 | Acc: 0.7339
2026-06-02 22:21:54,782 - Epoch 161 | 12.2621s | Train | Loss: 0.376755 | Acc: 0.7343
2026-06-02 22:22:06,987 - Epoch 162 | 12.2044s | Train | Loss: 0.375480 | Acc: 0.7371
2026-06-02 22:22:19,200 - Epoch 163 | 12.2123s | Train | Loss: 0.377914 | Acc: 0.7369
2026-06-02 22:22:31,233 - Epoch 164 | 12.0335s | Train | Loss: 0.378812 | Acc: 0.7335
2026-06-02 22:22:43,729 - Epoch 165 | 12.4947s | Train | Loss: 0.384345 | Acc: 0.7356
2026-06-02 22:22:56,019 - Epoch 166 | 12.2898s | Train | Loss: 0.380008 | Acc: 0.7367
2026-06-02 22:23:09,401 - Epoch 167 | 13.3813s | Train | Loss: 0.378218 | Acc: 0.7369
2026-06-02 22:23:22,591 - Epoch 168 | 13.1896s | Train | Loss: 0.371678 | Acc: 0.7330
2026-06-02 22:23:35,752 - Epoch 169 | 13.1605s | Train | Loss: 0.358930 | Acc: 0.7478
2026-06-02 22:23:48,188 - Epoch 170 | 12.4361s | Train | Loss: 0.377135 | Acc: 0.7428
2026-06-02 22:24:00,653 - Epoch 171 | 12.4641s | Train | Loss: 0.384802 | Acc: 0.7397
2026-06-02 22:24:12,842 - Epoch 172 | 12.1888s | Train | Loss: 0.370783 | Acc: 0.7424
2026-06-02 22:24:25,110 - Epoch 173 | 12.2671s | Train | Loss: 0.367171 | Acc: 0.7399
2026-06-02 22:24:37,470 - Epoch 174 | 12.3593s | Train | Loss: 0.366290 | Acc: 0.7395
2026-06-02 22:24:49,927 - Epoch 175 | 12.4564s | Train | Loss: 0.358116 | Acc: 0.7476
2026-06-02 22:25:02,250 - Epoch 176 | 12.3226s | Train | Loss: 0.359271 | Acc: 0.7432
2026-06-02 22:25:14,632 - Epoch 177 | 12.3818s | Train | Loss: 0.365155 | Acc: 0.7430
2026-06-02 22:25:26,937 - Epoch 178 | 12.3044s | Train | Loss: 0.366050 | Acc: 0.7462
2026-06-02 22:25:39,467 - Epoch 179 | 12.5298s | Train | Loss: 0.365103 | Acc: 0.7406
2026-06-02 22:25:52,295 - Epoch 180 | 12.8271s | Train | Loss: 0.366182 | Acc: 0.7434
2026-06-02 22:26:05,495 - Epoch 181 | 13.1990s | Train | Loss: 0.357553 | Acc: 0.7454
2026-06-02 22:26:18,443 - Epoch 182 | 12.9482s | Train | Loss: 0.363949 | Acc: 0.7447
2026-06-02 22:26:30,889 - Epoch 183 | 12.4454s | Train | Loss: 0.364694 | Acc: 0.7349
2026-06-02 22:26:43,200 - Epoch 184 | 12.3107s | Train | Loss: 0.358910 | Acc: 0.7459
2026-06-02 22:26:55,609 - Epoch 185 | 12.4087s | Train | Loss: 0.366249 | Acc: 0.7458
2026-06-02 22:27:08,071 - Epoch 186 | 12.4610s | Train | Loss: 0.361502 | Acc: 0.7537
2026-06-02 22:27:20,519 - Epoch 187 | 12.4480s | Train | Loss: 0.356522 | Acc: 0.7461
2026-06-02 22:27:32,852 - Epoch 188 | 12.3323s | Train | Loss: 0.365481 | Acc: 0.7371
2026-06-02 22:27:45,323 - Epoch 189 | 12.4700s | Train | Loss: 0.355313 | Acc: 0.7495
2026-06-02 22:27:57,644 - Epoch 190 | 12.3203s | Train | Loss: 0.354241 | Acc: 0.7540
2026-06-02 22:28:10,499 - Epoch 191 | 12.8544s | Train | Loss: 0.353079 | Acc: 0.7486
2026-06-02 22:28:23,327 - Epoch 192 | 12.8279s | Train | Loss: 0.355438 | Acc: 0.7445
2026-06-02 22:28:35,765 - Epoch 193 | 12.4368s | Train | Loss: 0.350389 | Acc: 0.7445
2026-06-02 22:28:48,358 - Epoch 194 | 12.5927s | Train | Loss: 0.356178 | Acc: 0.7486
2026-06-02 22:29:00,659 - Epoch 195 | 12.3006s | Train | Loss: 0.361155 | Acc: 0.7376
2026-06-02 22:29:12,914 - Epoch 196 | 12.2546s | Train | Loss: 0.356758 | Acc: 0.7417
2026-06-02 22:29:25,285 - Epoch 197 | 12.3699s | Train | Loss: 0.352282 | Acc: 0.7554
2026-06-02 22:29:37,563 - Epoch 198 | 12.2781s | Train | Loss: 0.352487 | Acc: 0.7462
2026-06-02 22:29:49,856 - Epoch 199 | 12.2927s | Train | Loss: 0.334831 | Acc: 0.7558
2026-06-02 22:30:02,062 - Epoch 200 | 12.2057s | Train | Loss: 0.361986 | Acc: 0.7356
2026-06-02 22:30:04,049 - Model saved to: Models/SLAM.pt
2026-06-02 22:30:08,110 - 
===== Test Results =====
2026-06-02 22:30:08,110 - Test metrics
2026-06-02 22:30:08,110 - ACC:0.763 | BACC:0.763 | SN:0.882 | SP:0.643 | Precision:0.714 | F1:0.789 | MCC:0.541 | AUC:0.886 | AUCPR:0.900 | TN:157 FP:87 FN:29 TP:217
