2026-06-04 21:13:09,838 - ==============================
2026-06-04 21:13:09,838 - PLM Graph Model Training
2026-06-04 21:13:09,838 - ==============================
2026-06-04 21:13:09,838 - Hyperparameters:
2026-06-04 21:13:09,838 - Batch Size: 32
2026-06-04 21:13:09,838 - Learning Rate: 3.500309e-05
2026-06-04 21:13:09,838 - Weight Decay: 0.002603109
2026-06-04 21:13:09,838 - Epochs: 18
2026-06-04 21:13:09,839 - Node Feature Dimension: 1280
2026-06-04 21:13:09,839 - Sequence Feature Dimension: 21 (20 AA + 1 X)
2026-06-04 21:13:09,839 - Hidden Dimension: 128
2026-06-04 21:13:09,839 - ==============================
2026-06-04 21:13:09,839 - Loading training data from data/train_embedding_graph_seq.pt...
2026-06-04 21:13:17,288 - Epoch 1/18 - Train Loss: 0.693
2026-06-04 21:13:21,093 - Epoch 2/18 - Train Loss: 0.683
2026-06-04 21:13:24,179 - Epoch 3/18 - Train Loss: 0.620
2026-06-04 21:13:28,037 - Epoch 4/18 - Train Loss: 0.564
2026-06-04 21:13:31,956 - Epoch 5/18 - Train Loss: 0.533
2026-06-04 21:13:35,648 - Epoch 6/18 - Train Loss: 0.502
2026-06-04 21:13:39,208 - Epoch 7/18 - Train Loss: 0.488
2026-06-04 21:13:42,993 - Epoch 8/18 - Train Loss: 0.472
2026-06-04 21:13:46,212 - Epoch 9/18 - Train Loss: 0.460
2026-06-04 21:13:49,974 - Epoch 10/18 - Train Loss: 0.440
2026-06-04 21:13:54,134 - Epoch 11/18 - Train Loss: 0.425
2026-06-04 21:13:58,169 - Epoch 12/18 - Train Loss: 0.407
2026-06-04 21:14:01,683 - Epoch 13/18 - Train Loss: 0.397
2026-06-04 21:14:05,521 - Epoch 14/18 - Train Loss: 0.382
2026-06-04 21:14:09,960 - Epoch 15/18 - Train Loss: 0.372
2026-06-04 21:14:14,119 - Epoch 16/18 - Train Loss: 0.345
2026-06-04 21:14:18,562 - Epoch 17/18 - Train Loss: 0.324
2026-06-04 21:14:22,477 - Epoch 18/18 - Train Loss: 0.310
2026-06-04 21:14:22,496 - Model saved to ./seq/final_model_seq.pth
2026-06-04 21:14:22,715 - Saved loss curve: ./seq/training_loss_seq.png
2026-06-04 21:14:22,716 - ==============================
2026-06-04 21:14:22,716 - Evaluating on test set...
2026-06-04 21:14:22,911 - Test Metrics:
2026-06-04 21:14:22,911 - MCC       : 0.576
2026-06-04 21:14:22,911 - SN        : 0.808
2026-06-04 21:14:22,911 - SP        : 0.767
2026-06-04 21:14:22,911 - ACC       : 0.788
2026-06-04 21:14:22,911 - BACC      : 0.788
2026-06-04 21:14:22,911 - PRECISION : 0.776
2026-06-04 21:14:22,911 - F1        : 0.792
2026-06-04 21:14:22,911 - AUC       : 0.868
2026-06-04 21:14:22,912 - AUCPR     : 0.875
