2026-04-18 20:11:10,036 - ==============================
2026-04-18 20:11:10,037 - PLM Graph Model Training
2026-04-18 20:11:10,037 - ==============================
2026-04-18 20:11:10,037 - Hyperparameters:
2026-04-18 20:11:10,037 - Batch Size: 128
2026-04-18 20:11:10,037 - Learning Rate: 5e-05
2026-04-18 20:11:10,037 - Weight Decay: 0.01
2026-04-18 20:11:10,037 - Epochs: 200
2026-04-18 20:11:10,037 - K-Folds: 5
2026-04-18 20:11:10,037 - Patience: 5
2026-04-18 20:11:10,037 - Early Stop Metric: MCC
2026-04-18 20:11:10,037 - Node Feature Dimension: 1280
2026-04-18 20:11:10,037 - Sequence Feature Dimension: 21 (20 AA + 1 X)
2026-04-18 20:11:10,037 - Hidden Dimension: 128
2026-04-18 20:11:10,037 - LR Scheduler: ReduceLROnPlateau(factor=0.5, patience=3, min_lr=1e-06)
2026-04-18 20:11:10,037 - ==============================
2026-04-18 20:11:10,037 - Loading training data from data/train_embedding_graph_seq.pt...
2026-04-18 20:11:12,457 - ===== Fold 1/5 =====
2026-04-18 20:11:14,613 - Epoch 1/200 - LR: 5e-05 - Train Loss: 0.6936 - Val Loss: 0.6908
2026-04-18 20:11:16,029 - Epoch 2/200 - LR: 5e-05 - Train Loss: 0.6951 - Val Loss: 0.6873
2026-04-18 20:11:17,403 - Epoch 3/200 - LR: 5e-05 - Train Loss: 0.6933 - Val Loss: 0.6871
2026-04-18 20:11:18,687 - Epoch 4/200 - LR: 5e-05 - Train Loss: 0.6917 - Val Loss: 0.6820
2026-04-18 20:11:20,164 - Epoch 5/200 - LR: 5e-05 - Train Loss: 0.6887 - Val Loss: 0.6760
2026-04-18 20:11:21,631 - Epoch 6/200 - LR: 5e-05 - Train Loss: 0.6832 - Val Loss: 0.6561
2026-04-18 20:11:23,004 - Epoch 7/200 - LR: 5e-05 - Train Loss: 0.6746 - Val Loss: 0.6309
2026-04-18 20:11:24,443 - Epoch 8/200 - LR: 5e-05 - Train Loss: 0.6488 - Val Loss: 0.6058
2026-04-18 20:11:25,871 - Epoch 9/200 - LR: 5e-05 - Train Loss: 0.6154 - Val Loss: 0.5733
2026-04-18 20:11:26,996 - Epoch 10/200 - LR: 5e-05 - Train Loss: 0.5837 - Val Loss: 0.5646
2026-04-18 20:11:28,242 - Epoch 11/200 - LR: 5e-05 - Train Loss: 0.5645 - Val Loss: 0.5614
2026-04-18 20:11:29,640 - Epoch 12/200 - LR: 5e-05 - Train Loss: 0.5511 - Val Loss: 0.5380
2026-04-18 20:11:31,015 - Epoch 13/200 - LR: 5e-05 - Train Loss: 0.5323 - Val Loss: 0.5395
2026-04-18 20:11:32,366 - Epoch 14/200 - LR: 5e-05 - Train Loss: 0.5094 - Val Loss: 0.5391
2026-04-18 20:11:33,933 - Epoch 15/200 - LR: 5e-05 - Train Loss: 0.5096 - Val Loss: 0.5287
2026-04-18 20:11:35,395 - Epoch 16/200 - LR: 5e-05 - Train Loss: 0.5030 - Val Loss: 0.5264
2026-04-18 20:11:36,758 - Epoch 17/200 - LR: 5e-05 - Train Loss: 0.4830 - Val Loss: 0.5212
2026-04-18 20:11:38,154 - Epoch 18/200 - LR: 5e-05 - Train Loss: 0.4787 - Val Loss: 0.5161
2026-04-18 20:11:39,481 - Epoch 19/200 - LR: 5e-05 - Train Loss: 0.4780 - Val Loss: 0.5252
2026-04-18 20:11:40,850 - Epoch 20/200 - LR: 5e-05 - Train Loss: 0.4549 - Val Loss: 0.5204
2026-04-18 20:11:42,253 - Epoch 21/200 - LR: 5e-05 - Train Loss: 0.4489 - Val Loss: 0.5202
2026-04-18 20:11:43,715 - Epoch 22/200 - LR: 5e-05 - Train Loss: 0.4409 - Val Loss: 0.5449
2026-04-18 20:11:45,056 - Epoch 23/200 - LR: 5e-05 - Train Loss: 0.4494 - Val Loss: 0.5055
2026-04-18 20:11:46,398 - Epoch 24/200 - LR: 5e-05 - Train Loss: 0.4457 - Val Loss: 0.5159
2026-04-18 20:11:47,340 - Epoch 25/200 - LR: 5e-05 - Train Loss: 0.4208 - Val Loss: 0.5234
2026-04-18 20:11:48,506 - Epoch 26/200 - LR: 5e-05 - Train Loss: 0.4173 - Val Loss: 0.5210
2026-04-18 20:11:49,892 - Epoch 27/200 - LR: 5e-05 - Train Loss: 0.4145 - Val Loss: 0.5111
2026-04-18 20:11:51,185 - Epoch 28/200 - LR: 5e-05 - Train Loss: 0.4036 - Val Loss: 0.5133
2026-04-18 20:11:52,556 - Epoch 29/200 - LR: 5e-05 - Train Loss: 0.3935 - Val Loss: 0.5164
2026-04-18 20:11:53,904 - Epoch 30/200 - LR: 2.5e-05 - Train Loss: 0.3950 - Val Loss: 0.5217
2026-04-18 20:11:53,904 - Early stopping at epoch 30 (best MCC=0.5783)
2026-04-18 20:11:54,111 - Saved loss curve: ./models/fold_1_seq.png
2026-04-18 20:11:54,111 - Fold 1 Best Metrics:
2026-04-18 20:11:54,111 - MCC       : 0.5783
2026-04-18 20:11:54,111 - SN        : 0.8575
2026-04-18 20:11:54,111 - SP        : 0.7149
2026-04-18 20:11:54,111 - ACC       : 0.7862
2026-04-18 20:11:54,111 - BACC      : 0.7862
2026-04-18 20:11:54,111 - PRECISION : 0.7505
2026-04-18 20:11:54,111 - F1        : 0.8004
2026-04-18 20:11:54,111 - AUC       : 0.8585
2026-04-18 20:11:54,112 - AUCPR     : 0.8479
2026-04-18 20:11:54,112 - ===== Fold 2/5 =====
2026-04-18 20:11:55,512 - Epoch 1/200 - LR: 5e-05 - Train Loss: 0.6966 - Val Loss: 0.6871
2026-04-18 20:11:56,806 - Epoch 2/200 - LR: 5e-05 - Train Loss: 0.6937 - Val Loss: 0.6857
2026-04-18 20:11:58,159 - Epoch 3/200 - LR: 5e-05 - Train Loss: 0.6907 - Val Loss: 0.6815
2026-04-18 20:11:59,481 - Epoch 4/200 - LR: 5e-05 - Train Loss: 0.6921 - Val Loss: 0.6746
2026-04-18 20:12:00,871 - Epoch 5/200 - LR: 5e-05 - Train Loss: 0.6857 - Val Loss: 0.6639
2026-04-18 20:12:02,378 - Epoch 6/200 - LR: 5e-05 - Train Loss: 0.6791 - Val Loss: 0.6369
2026-04-18 20:12:03,791 - Epoch 7/200 - LR: 5e-05 - Train Loss: 0.6667 - Val Loss: 0.6051
2026-04-18 20:12:05,163 - Epoch 8/200 - LR: 5e-05 - Train Loss: 0.6524 - Val Loss: 0.5859
2026-04-18 20:12:06,514 - Epoch 9/200 - LR: 5e-05 - Train Loss: 0.6222 - Val Loss: 0.5873
2026-04-18 20:12:07,856 - Epoch 10/200 - LR: 5e-05 - Train Loss: 0.5974 - Val Loss: 0.5731
2026-04-18 20:12:09,237 - Epoch 11/200 - LR: 5e-05 - Train Loss: 0.5830 - Val Loss: 0.5590
2026-04-18 20:12:10,741 - Epoch 12/200 - LR: 5e-05 - Train Loss: 0.5558 - Val Loss: 0.5570
2026-04-18 20:12:12,167 - Epoch 13/200 - LR: 5e-05 - Train Loss: 0.5447 - Val Loss: 0.5463
2026-04-18 20:12:13,596 - Epoch 14/200 - LR: 5e-05 - Train Loss: 0.5288 - Val Loss: 0.5396
2026-04-18 20:12:14,955 - Epoch 15/200 - LR: 5e-05 - Train Loss: 0.5323 - Val Loss: 0.5405
2026-04-18 20:12:16,322 - Epoch 16/200 - LR: 5e-05 - Train Loss: 0.5115 - Val Loss: 0.5241
2026-04-18 20:12:17,683 - Epoch 17/200 - LR: 5e-05 - Train Loss: 0.5069 - Val Loss: 0.5238
2026-04-18 20:12:19,072 - Epoch 18/200 - LR: 5e-05 - Train Loss: 0.4919 - Val Loss: 0.5279
2026-04-18 20:12:20,582 - Epoch 19/200 - LR: 5e-05 - Train Loss: 0.4966 - Val Loss: 0.5168
2026-04-18 20:12:21,946 - Epoch 20/200 - LR: 5e-05 - Train Loss: 0.4673 - Val Loss: 0.5157
2026-04-18 20:12:23,290 - Epoch 21/200 - LR: 5e-05 - Train Loss: 0.4680 - Val Loss: 0.5213
2026-04-18 20:12:24,639 - Epoch 22/200 - LR: 5e-05 - Train Loss: 0.4597 - Val Loss: 0.5081
2026-04-18 20:12:25,950 - Epoch 23/200 - LR: 5e-05 - Train Loss: 0.4500 - Val Loss: 0.5035
2026-04-18 20:12:27,290 - Epoch 24/200 - LR: 5e-05 - Train Loss: 0.4508 - Val Loss: 0.5071
2026-04-18 20:12:28,651 - Epoch 25/200 - LR: 5e-05 - Train Loss: 0.4307 - Val Loss: 0.5057
2026-04-18 20:12:29,543 - Epoch 26/200 - LR: 5e-05 - Train Loss: 0.4302 - Val Loss: 0.5177
2026-04-18 20:12:30,448 - Epoch 27/200 - LR: 5e-05 - Train Loss: 0.4257 - Val Loss: 0.5156
2026-04-18 20:12:31,538 - Epoch 28/200 - LR: 5e-05 - Train Loss: 0.4115 - Val Loss: 0.5058
2026-04-18 20:12:32,766 - Epoch 29/200 - LR: 2.5e-05 - Train Loss: 0.4167 - Val Loss: 0.5077
2026-04-18 20:12:33,664 - Epoch 30/200 - LR: 2.5e-05 - Train Loss: 0.3937 - Val Loss: 0.5119
2026-04-18 20:12:34,813 - Epoch 31/200 - LR: 2.5e-05 - Train Loss: 0.3979 - Val Loss: 0.5196
2026-04-18 20:12:35,807 - Epoch 32/200 - LR: 2.5e-05 - Train Loss: 0.3985 - Val Loss: 0.5135
2026-04-18 20:12:36,710 - Epoch 33/200 - LR: 2.5e-05 - Train Loss: 0.3975 - Val Loss: 0.5176
2026-04-18 20:12:37,550 - Epoch 34/200 - LR: 1.25e-05 - Train Loss: 0.3701 - Val Loss: 0.5209
2026-04-18 20:12:37,551 - Early stopping at epoch 34 (best MCC=0.5763)
2026-04-18 20:12:37,749 - Saved loss curve: ./models/fold_2_seq.png
2026-04-18 20:12:37,749 - Fold 2 Best Metrics:
2026-04-18 20:12:37,749 - MCC       : 0.5763
2026-04-18 20:12:37,750 - SN        : 0.8299
2026-04-18 20:12:37,750 - SP        : 0.7442
2026-04-18 20:12:37,750 - ACC       : 0.7871
2026-04-18 20:12:37,750 - BACC      : 0.7871
2026-04-18 20:12:37,750 - PRECISION : 0.7648
2026-04-18 20:12:37,750 - F1        : 0.7960
2026-04-18 20:12:37,750 - AUC       : 0.8687
2026-04-18 20:12:37,750 - AUCPR     : 0.8669
2026-04-18 20:12:37,750 - ===== Fold 3/5 =====
2026-04-18 20:12:38,631 - Epoch 1/200 - LR: 5e-05 - Train Loss: 0.6971 - Val Loss: 0.6926
2026-04-18 20:12:39,485 - Epoch 2/200 - LR: 5e-05 - Train Loss: 0.6946 - Val Loss: 0.6916
2026-04-18 20:12:40,346 - Epoch 3/200 - LR: 5e-05 - Train Loss: 0.6963 - Val Loss: 0.6887
2026-04-18 20:12:41,230 - Epoch 4/200 - LR: 5e-05 - Train Loss: 0.6941 - Val Loss: 0.6865
2026-04-18 20:12:42,085 - Epoch 5/200 - LR: 5e-05 - Train Loss: 0.6937 - Val Loss: 0.6844
2026-04-18 20:12:42,934 - Epoch 6/200 - LR: 5e-05 - Train Loss: 0.6889 - Val Loss: 0.6756
2026-04-18 20:12:43,875 - Epoch 7/200 - LR: 5e-05 - Train Loss: 0.6855 - Val Loss: 0.6572
2026-04-18 20:12:44,863 - Epoch 8/200 - LR: 5e-05 - Train Loss: 0.6755 - Val Loss: 0.6318
2026-04-18 20:12:45,753 - Epoch 9/200 - LR: 5e-05 - Train Loss: 0.6598 - Val Loss: 0.6086
2026-04-18 20:12:46,596 - Epoch 10/200 - LR: 5e-05 - Train Loss: 0.6342 - Val Loss: 0.5877
2026-04-18 20:12:47,472 - Epoch 11/200 - LR: 5e-05 - Train Loss: 0.6071 - Val Loss: 0.5713
2026-04-18 20:12:48,697 - Epoch 12/200 - LR: 5e-05 - Train Loss: 0.5889 - Val Loss: 0.5580
2026-04-18 20:12:49,722 - Epoch 13/200 - LR: 5e-05 - Train Loss: 0.5677 - Val Loss: 0.5466
2026-04-18 20:12:50,770 - Epoch 14/200 - LR: 5e-05 - Train Loss: 0.5385 - Val Loss: 0.5509
2026-04-18 20:12:52,022 - Epoch 15/200 - LR: 5e-05 - Train Loss: 0.5339 - Val Loss: 0.5324
2026-04-18 20:12:53,306 - Epoch 16/200 - LR: 5e-05 - Train Loss: 0.5219 - Val Loss: 0.5310
2026-04-18 20:12:54,766 - Epoch 17/200 - LR: 5e-05 - Train Loss: 0.5055 - Val Loss: 0.5445
2026-04-18 20:12:56,192 - Epoch 18/200 - LR: 5e-05 - Train Loss: 0.4917 - Val Loss: 0.5397
2026-04-18 20:12:57,251 - Epoch 19/200 - LR: 5e-05 - Train Loss: 0.4812 - Val Loss: 0.5598
2026-04-18 20:12:58,261 - Epoch 20/200 - LR: 5e-05 - Train Loss: 0.4803 - Val Loss: 0.5318
2026-04-18 20:12:59,758 - Epoch 21/200 - LR: 5e-05 - Train Loss: 0.4666 - Val Loss: 0.5295
2026-04-18 20:13:01,194 - Epoch 22/200 - LR: 5e-05 - Train Loss: 0.4596 - Val Loss: 0.5316
2026-04-18 20:13:02,540 - Epoch 23/200 - LR: 5e-05 - Train Loss: 0.4517 - Val Loss: 0.5276
2026-04-18 20:13:03,935 - Epoch 24/200 - LR: 5e-05 - Train Loss: 0.4352 - Val Loss: 0.5349
2026-04-18 20:13:05,002 - Epoch 25/200 - LR: 5e-05 - Train Loss: 0.4210 - Val Loss: 0.5450
2026-04-18 20:13:06,398 - Epoch 26/200 - LR: 5e-05 - Train Loss: 0.4195 - Val Loss: 0.5453
2026-04-18 20:13:07,820 - Epoch 27/200 - LR: 5e-05 - Train Loss: 0.4107 - Val Loss: 0.5551
2026-04-18 20:13:09,239 - Epoch 28/200 - LR: 5e-05 - Train Loss: 0.4153 - Val Loss: 0.5506
2026-04-18 20:13:10,637 - Epoch 29/200 - LR: 5e-05 - Train Loss: 0.4071 - Val Loss: 0.5540
2026-04-18 20:13:11,835 - Epoch 30/200 - LR: 5e-05 - Train Loss: 0.3795 - Val Loss: 0.5546
2026-04-18 20:13:13,187 - Epoch 31/200 - LR: 2.5e-05 - Train Loss: 0.3869 - Val Loss: 0.5675
2026-04-18 20:13:13,187 - Early stopping at epoch 31 (best MCC=0.5604)
2026-04-18 20:13:13,391 - Saved loss curve: ./models/fold_3_seq.png
2026-04-18 20:13:13,391 - Fold 3 Best Metrics:
2026-04-18 20:13:13,391 - MCC       : 0.5604
2026-04-18 20:13:13,391 - SN        : 0.7862
2026-04-18 20:13:13,391 - SP        : 0.7742
2026-04-18 20:13:13,391 - ACC       : 0.7802
2026-04-18 20:13:13,391 - BACC      : 0.7802
2026-04-18 20:13:13,391 - PRECISION : 0.7773
2026-04-18 20:13:13,391 - F1        : 0.7817
2026-04-18 20:13:13,391 - AUC       : 0.8431
2026-04-18 20:13:13,391 - AUCPR     : 0.8352
2026-04-18 20:13:13,391 - ===== Fold 4/5 =====
2026-04-18 20:13:14,546 - Epoch 1/200 - LR: 5e-05 - Train Loss: 0.6972 - Val Loss: 0.6917
2026-04-18 20:13:15,623 - Epoch 2/200 - LR: 5e-05 - Train Loss: 0.6964 - Val Loss: 0.6890
2026-04-18 20:13:17,037 - Epoch 3/200 - LR: 5e-05 - Train Loss: 0.6944 - Val Loss: 0.6860
2026-04-18 20:13:18,465 - Epoch 4/200 - LR: 5e-05 - Train Loss: 0.6907 - Val Loss: 0.6841
2026-04-18 20:13:19,824 - Epoch 5/200 - LR: 5e-05 - Train Loss: 0.6906 - Val Loss: 0.6778
2026-04-18 20:13:21,060 - Epoch 6/200 - LR: 5e-05 - Train Loss: 0.6900 - Val Loss: 0.6665
2026-04-18 20:13:22,437 - Epoch 7/200 - LR: 5e-05 - Train Loss: 0.6850 - Val Loss: 0.6526
2026-04-18 20:13:23,870 - Epoch 8/200 - LR: 5e-05 - Train Loss: 0.6754 - Val Loss: 0.6230
2026-04-18 20:13:25,185 - Epoch 9/200 - LR: 5e-05 - Train Loss: 0.6592 - Val Loss: 0.5867
2026-04-18 20:13:26,463 - Epoch 10/200 - LR: 5e-05 - Train Loss: 0.6238 - Val Loss: 0.5719
2026-04-18 20:13:27,481 - Epoch 11/200 - LR: 5e-05 - Train Loss: 0.6063 - Val Loss: 0.5648
2026-04-18 20:13:28,805 - Epoch 12/200 - LR: 5e-05 - Train Loss: 0.5719 - Val Loss: 0.5624
2026-04-18 20:13:30,213 - Epoch 13/200 - LR: 5e-05 - Train Loss: 0.5572 - Val Loss: 0.5568
2026-04-18 20:13:31,407 - Epoch 14/200 - LR: 5e-05 - Train Loss: 0.5446 - Val Loss: 0.5546
2026-04-18 20:13:32,790 - Epoch 15/200 - LR: 5e-05 - Train Loss: 0.5300 - Val Loss: 0.5538
2026-04-18 20:13:34,065 - Epoch 16/200 - LR: 5e-05 - Train Loss: 0.5134 - Val Loss: 0.5512
2026-04-18 20:13:35,513 - Epoch 17/200 - LR: 5e-05 - Train Loss: 0.5107 - Val Loss: 0.5534
2026-04-18 20:13:36,511 - Epoch 18/200 - LR: 5e-05 - Train Loss: 0.4938 - Val Loss: 0.5574
2026-04-18 20:13:37,533 - Epoch 19/200 - LR: 5e-05 - Train Loss: 0.4870 - Val Loss: 0.5535
2026-04-18 20:13:38,771 - Epoch 20/200 - LR: 5e-05 - Train Loss: 0.4780 - Val Loss: 0.5558
2026-04-18 20:13:40,011 - Epoch 21/200 - LR: 5e-05 - Train Loss: 0.4666 - Val Loss: 0.5698
2026-04-18 20:13:41,399 - Epoch 22/200 - LR: 5e-05 - Train Loss: 0.4606 - Val Loss: 0.5588
2026-04-18 20:13:42,615 - Epoch 23/200 - LR: 5e-05 - Train Loss: 0.4558 - Val Loss: 0.5473
2026-04-18 20:13:43,859 - Epoch 24/200 - LR: 2.5e-05 - Train Loss: 0.4410 - Val Loss: 0.5554
2026-04-18 20:13:45,288 - Epoch 25/200 - LR: 2.5e-05 - Train Loss: 0.4375 - Val Loss: 0.5691
2026-04-18 20:13:46,616 - Epoch 26/200 - LR: 2.5e-05 - Train Loss: 0.4340 - Val Loss: 0.5642
2026-04-18 20:13:47,974 - Epoch 27/200 - LR: 2.5e-05 - Train Loss: 0.4328 - Val Loss: 0.5534
2026-04-18 20:13:49,300 - Epoch 28/200 - LR: 2.5e-05 - Train Loss: 0.4137 - Val Loss: 0.5673
2026-04-18 20:13:50,649 - Epoch 29/200 - LR: 2.5e-05 - Train Loss: 0.4189 - Val Loss: 0.5652
2026-04-18 20:13:52,012 - Epoch 30/200 - LR: 1.25e-05 - Train Loss: 0.4142 - Val Loss: 0.5689
2026-04-18 20:13:52,012 - Early stopping at epoch 30 (best MCC=0.5261)
2026-04-18 20:13:52,210 - Saved loss curve: ./models/fold_4_seq.png
2026-04-18 20:13:52,210 - Fold 4 Best Metrics:
2026-04-18 20:13:52,210 - MCC       : 0.5261
2026-04-18 20:13:52,210 - SN        : 0.8272
2026-04-18 20:13:52,210 - SP        : 0.6943
2026-04-18 20:13:52,210 - ACC       : 0.7606
2026-04-18 20:13:52,210 - BACC      : 0.7607
2026-04-18 20:13:52,210 - PRECISION : 0.7297
2026-04-18 20:13:52,210 - F1        : 0.7754
2026-04-18 20:13:52,210 - AUC       : 0.8428
2026-04-18 20:13:52,210 - AUCPR     : 0.8406
2026-04-18 20:13:52,210 - ===== Fold 5/5 =====
2026-04-18 20:13:53,540 - Epoch 1/200 - LR: 5e-05 - Train Loss: 0.6989 - Val Loss: 0.6914
2026-04-18 20:13:54,890 - Epoch 2/200 - LR: 5e-05 - Train Loss: 0.6966 - Val Loss: 0.6903
2026-04-18 20:13:56,241 - Epoch 3/200 - LR: 5e-05 - Train Loss: 0.6944 - Val Loss: 0.6882
2026-04-18 20:13:57,630 - Epoch 4/200 - LR: 5e-05 - Train Loss: 0.6931 - Val Loss: 0.6855
2026-04-18 20:13:59,113 - Epoch 5/200 - LR: 5e-05 - Train Loss: 0.6923 - Val Loss: 0.6810
2026-04-18 20:14:00,476 - Epoch 6/200 - LR: 5e-05 - Train Loss: 0.6895 - Val Loss: 0.6741
2026-04-18 20:14:01,824 - Epoch 7/200 - LR: 5e-05 - Train Loss: 0.6839 - Val Loss: 0.6597
2026-04-18 20:14:03,220 - Epoch 8/200 - LR: 5e-05 - Train Loss: 0.6744 - Val Loss: 0.6382
2026-04-18 20:14:04,218 - Epoch 9/200 - LR: 5e-05 - Train Loss: 0.6584 - Val Loss: 0.6218
2026-04-18 20:14:05,115 - Epoch 10/200 - LR: 5e-05 - Train Loss: 0.6291 - Val Loss: 0.6147
2026-04-18 20:14:06,113 - Epoch 11/200 - LR: 5e-05 - Train Loss: 0.6009 - Val Loss: 0.6136
2026-04-18 20:14:07,478 - Epoch 12/200 - LR: 5e-05 - Train Loss: 0.5791 - Val Loss: 0.6212
2026-04-18 20:14:08,774 - Epoch 13/200 - LR: 5e-05 - Train Loss: 0.5494 - Val Loss: 0.6144
2026-04-18 20:14:10,106 - Epoch 14/200 - LR: 5e-05 - Train Loss: 0.5352 - Val Loss: 0.6131
2026-04-18 20:14:11,457 - Epoch 15/200 - LR: 5e-05 - Train Loss: 0.5172 - Val Loss: 0.5990
2026-04-18 20:14:12,793 - Epoch 16/200 - LR: 5e-05 - Train Loss: 0.5142 - Val Loss: 0.5993
2026-04-18 20:14:14,202 - Epoch 17/200 - LR: 5e-05 - Train Loss: 0.5003 - Val Loss: 0.5960
2026-04-18 20:14:15,666 - Epoch 18/200 - LR: 5e-05 - Train Loss: 0.4921 - Val Loss: 0.5934
2026-04-18 20:14:16,993 - Epoch 19/200 - LR: 5e-05 - Train Loss: 0.4756 - Val Loss: 0.5954
2026-04-18 20:14:18,350 - Epoch 20/200 - LR: 5e-05 - Train Loss: 0.4714 - Val Loss: 0.6087
2026-04-18 20:14:19,727 - Epoch 21/200 - LR: 5e-05 - Train Loss: 0.4686 - Val Loss: 0.5937
2026-04-18 20:14:21,098 - Epoch 22/200 - LR: 5e-05 - Train Loss: 0.4574 - Val Loss: 0.5910
2026-04-18 20:14:22,440 - Epoch 23/200 - LR: 5e-05 - Train Loss: 0.4511 - Val Loss: 0.6014
2026-04-18 20:14:23,809 - Epoch 24/200 - LR: 5e-05 - Train Loss: 0.4344 - Val Loss: 0.6044
2026-04-18 20:14:25,281 - Epoch 25/200 - LR: 5e-05 - Train Loss: 0.4342 - Val Loss: 0.6049
2026-04-18 20:14:26,625 - Epoch 26/200 - LR: 5e-05 - Train Loss: 0.4195 - Val Loss: 0.6027
2026-04-18 20:14:27,996 - Epoch 27/200 - LR: 5e-05 - Train Loss: 0.4164 - Val Loss: 0.6010
2026-04-18 20:14:29,334 - Epoch 28/200 - LR: 5e-05 - Train Loss: 0.4075 - Val Loss: 0.6145
2026-04-18 20:14:30,713 - Epoch 29/200 - LR: 5e-05 - Train Loss: 0.3993 - Val Loss: 0.6183
2026-04-18 20:14:32,069 - Epoch 30/200 - LR: 5e-05 - Train Loss: 0.3942 - Val Loss: 0.6232
2026-04-18 20:14:33,405 - Epoch 31/200 - LR: 5e-05 - Train Loss: 0.4014 - Val Loss: 0.6251
2026-04-18 20:14:34,760 - Epoch 32/200 - LR: 5e-05 - Train Loss: 0.3776 - Val Loss: 0.6297
2026-04-18 20:14:36,102 - Epoch 33/200 - LR: 5e-05 - Train Loss: 0.3677 - Val Loss: 0.6388
2026-04-18 20:14:37,513 - Epoch 34/200 - LR: 5e-05 - Train Loss: 0.3683 - Val Loss: 0.6461
2026-04-18 20:14:38,987 - Epoch 35/200 - LR: 5e-05 - Train Loss: 0.3526 - Val Loss: 0.6502
2026-04-18 20:14:40,263 - Epoch 36/200 - LR: 5e-05 - Train Loss: 0.3376 - Val Loss: 0.6569
2026-04-18 20:14:41,131 - Epoch 37/200 - LR: 5e-05 - Train Loss: 0.3446 - Val Loss: 0.6515
2026-04-18 20:14:42,008 - Epoch 38/200 - LR: 5e-05 - Train Loss: 0.3345 - Val Loss: 0.6622
2026-04-18 20:14:42,872 - Epoch 39/200 - LR: 2.5e-05 - Train Loss: 0.3232 - Val Loss: 0.6715
2026-04-18 20:14:42,872 - Early stopping at epoch 39 (best MCC=0.5330)
2026-04-18 20:14:43,084 - Saved loss curve: ./models/fold_5_seq.png
2026-04-18 20:14:43,084 - Fold 5 Best Metrics:
2026-04-18 20:14:43,085 - MCC       : 0.5330
2026-04-18 20:14:43,085 - SN        : 0.8134
2026-04-18 20:14:43,085 - SP        : 0.7172
2026-04-18 20:14:43,085 - ACC       : 0.7652
2026-04-18 20:14:43,085 - BACC      : 0.7653
2026-04-18 20:14:43,085 - PRECISION : 0.7416
2026-04-18 20:14:43,085 - F1        : 0.7758
2026-04-18 20:14:43,085 - AUC       : 0.8202
2026-04-18 20:14:43,085 - AUCPR     : 0.8047
2026-04-18 20:14:43,085 - ==============================
2026-04-18 20:14:43,085 - Cross-Validation Results:
2026-04-18 20:14:43,085 - MCC       : 0.5548 ± 0.0217
2026-04-18 20:14:43,085 - SN        : 0.8228 ± 0.0232
2026-04-18 20:14:43,085 - SP        : 0.7290 ± 0.0276
2026-04-18 20:14:43,085 - ACC       : 0.7759 ± 0.0109
2026-04-18 20:14:43,085 - BACC      : 0.7759 ± 0.0109
2026-04-18 20:14:43,085 - PRECISION : 0.7528 ± 0.0168
2026-04-18 20:14:43,085 - F1        : 0.7859 ± 0.0104
2026-04-18 20:14:43,086 - AUC       : 0.8467 ± 0.0164
2026-04-18 20:14:43,086 - AUCPR     : 0.8391 ± 0.0203
2026-04-18 20:14:43,086 - ==============================
2026-04-18 20:14:43,086 - Evaluating ensemble on test set...
2026-04-18 20:14:43,593 - Final Test Metrics (Ensemble):
2026-04-18 20:14:43,593 - MCC       : 0.6082
2026-04-18 20:14:43,593 - SN        : 0.8122
2026-04-18 20:14:43,593 - SP        : 0.7959
2026-04-18 20:14:43,593 - ACC       : 0.8041
2026-04-18 20:14:43,593 - BACC      : 0.8041
2026-04-18 20:14:43,593 - PRECISION : 0.7992
2026-04-18 20:14:43,593 - F1        : 0.8057
2026-04-18 20:14:43,593 - AUC       : 0.8847
2026-04-18 20:14:43,593 - AUCPR     : 0.8926
