2026-04-15 23:21:59,830 - ==============================
2026-04-15 23:21:59,830 - Graph Model Training
2026-04-15 23:21:59,830 - ==============================
2026-04-15 23:21:59,830 - Hyperparameters:
2026-04-15 23:21:59,830 - Batch Size: 128
2026-04-15 23:21:59,830 - Learning Rate: 5e-05
2026-04-15 23:21:59,830 - Weight Decay: 0.01
2026-04-15 23:21:59,830 - Epochs: 200
2026-04-15 23:21:59,830 - K-Folds: 5
2026-04-15 23:21:59,830 - Patience: 5
2026-04-15 23:21:59,830 - Early Stop Metric: MCC
2026-04-15 23:21:59,830 - Node Feature Dimension: 1280
2026-04-15 23:21:59,830 - Hidden Dimension: 128
2026-04-15 23:21:59,830 - LR Scheduler: ReduceLROnPlateau(factor=0.5, patience=3, min_lr=1e-06)
2026-04-15 23:21:59,830 - ==============================
2026-04-15 23:21:59,830 - Loading training data from data/train_embedding_graph.pt...
2026-04-15 23:22:01,379 - ===== Fold 1/5 =====
2026-04-15 23:22:05,485 - Epoch 1/200 - LR: 5e-05 - Train Loss: 0.6989 - Val Loss: 0.6824
2026-04-15 23:22:09,078 - Epoch 2/200 - LR: 5e-05 - Train Loss: 0.6930 - Val Loss: 0.6764
2026-04-15 23:22:13,166 - Epoch 3/200 - LR: 5e-05 - Train Loss: 0.6902 - Val Loss: 0.6674
2026-04-15 23:22:16,674 - Epoch 4/200 - LR: 5e-05 - Train Loss: 0.6805 - Val Loss: 0.6482
2026-04-15 23:22:20,065 - Epoch 5/200 - LR: 5e-05 - Train Loss: 0.6710 - Val Loss: 0.6222
2026-04-15 23:22:24,371 - Epoch 6/200 - LR: 5e-05 - Train Loss: 0.6502 - Val Loss: 0.5918
2026-04-15 23:22:28,778 - Epoch 7/200 - LR: 5e-05 - Train Loss: 0.6284 - Val Loss: 0.5691
2026-04-15 23:22:33,264 - Epoch 8/200 - LR: 5e-05 - Train Loss: 0.6041 - Val Loss: 0.5447
2026-04-15 23:22:37,363 - Epoch 9/200 - LR: 5e-05 - Train Loss: 0.5807 - Val Loss: 0.5309
2026-04-15 23:22:41,657 - Epoch 10/200 - LR: 5e-05 - Train Loss: 0.5608 - Val Loss: 0.5224
2026-04-15 23:22:45,162 - Epoch 11/200 - LR: 5e-05 - Train Loss: 0.5440 - Val Loss: 0.5188
2026-04-15 23:22:48,539 - Epoch 12/200 - LR: 5e-05 - Train Loss: 0.5382 - Val Loss: 0.5176
2026-04-15 23:22:51,963 - Epoch 13/200 - LR: 5e-05 - Train Loss: 0.5286 - Val Loss: 0.5138
2026-04-15 23:22:55,481 - Epoch 14/200 - LR: 5e-05 - Train Loss: 0.5150 - Val Loss: 0.5076
2026-04-15 23:22:59,262 - Epoch 15/200 - LR: 5e-05 - Train Loss: 0.5046 - Val Loss: 0.5093
2026-04-15 23:23:02,782 - Epoch 16/200 - LR: 5e-05 - Train Loss: 0.5016 - Val Loss: 0.5128
2026-04-15 23:23:06,342 - Epoch 17/200 - LR: 5e-05 - Train Loss: 0.5007 - Val Loss: 0.5111
2026-04-15 23:23:11,956 - Epoch 18/200 - LR: 5e-05 - Train Loss: 0.4913 - Val Loss: 0.5010
2026-04-15 23:23:16,768 - Epoch 19/200 - LR: 2.5e-05 - Train Loss: 0.4734 - Val Loss: 0.5048
2026-04-15 23:23:16,768 - Early stopping at epoch 19 (best MCC=0.5711)
2026-04-15 23:23:16,973 - Saved loss curve: ./models/fold_1_transformer_FiLM_graph.png
2026-04-15 23:23:16,973 - Fold 1 Best Metrics:
2026-04-15 23:23:16,974 - MCC       : 0.5711
2026-04-15 23:23:16,974 - SN        : 0.8138
2026-04-15 23:23:16,974 - SP        : 0.7563
2026-04-15 23:23:16,974 - ACC       : 0.7851
2026-04-15 23:23:16,974 - BACC      : 0.7851
2026-04-15 23:23:16,974 - PRECISION : 0.7696
2026-04-15 23:23:16,974 - F1        : 0.7911
2026-04-15 23:23:16,974 - AUC       : 0.8401
2026-04-15 23:23:16,974 - AUCPR     : 0.8007
2026-04-15 23:23:16,974 - ===== Fold 2/5 =====
2026-04-15 23:23:22,063 - Epoch 1/200 - LR: 5e-05 - Train Loss: 0.6971 - Val Loss: 0.6891
2026-04-15 23:23:26,876 - Epoch 2/200 - LR: 5e-05 - Train Loss: 0.6917 - Val Loss: 0.6834
2026-04-15 23:23:31,164 - Epoch 3/200 - LR: 5e-05 - Train Loss: 0.6900 - Val Loss: 0.6768
2026-04-15 23:23:35,769 - Epoch 4/200 - LR: 5e-05 - Train Loss: 0.6821 - Val Loss: 0.6628
2026-04-15 23:23:40,469 - Epoch 5/200 - LR: 5e-05 - Train Loss: 0.6751 - Val Loss: 0.6405
2026-04-15 23:23:44,061 - Epoch 6/200 - LR: 5e-05 - Train Loss: 0.6608 - Val Loss: 0.6137
2026-04-15 23:23:48,049 - Epoch 7/200 - LR: 5e-05 - Train Loss: 0.6414 - Val Loss: 0.5861
2026-04-15 23:23:51,742 - Epoch 8/200 - LR: 5e-05 - Train Loss: 0.6202 - Val Loss: 0.5654
2026-04-15 23:23:55,261 - Epoch 9/200 - LR: 5e-05 - Train Loss: 0.5917 - Val Loss: 0.5454
2026-04-15 23:23:58,853 - Epoch 10/200 - LR: 5e-05 - Train Loss: 0.5656 - Val Loss: 0.5325
2026-04-15 23:24:02,274 - Epoch 11/200 - LR: 5e-05 - Train Loss: 0.5504 - Val Loss: 0.5223
2026-04-15 23:24:07,065 - Epoch 12/200 - LR: 5e-05 - Train Loss: 0.5365 - Val Loss: 0.5207
2026-04-15 23:24:10,468 - Epoch 13/200 - LR: 5e-05 - Train Loss: 0.5269 - Val Loss: 0.5175
2026-04-15 23:24:14,771 - Epoch 14/200 - LR: 5e-05 - Train Loss: 0.5157 - Val Loss: 0.5226
2026-04-15 23:24:18,968 - Epoch 15/200 - LR: 5e-05 - Train Loss: 0.5095 - Val Loss: 0.5081
2026-04-15 23:24:22,766 - Epoch 16/200 - LR: 5e-05 - Train Loss: 0.5016 - Val Loss: 0.5049
2026-04-15 23:24:27,569 - Epoch 17/200 - LR: 5e-05 - Train Loss: 0.5022 - Val Loss: 0.5120
2026-04-15 23:24:31,668 - Epoch 18/200 - LR: 5e-05 - Train Loss: 0.4869 - Val Loss: 0.5120
2026-04-15 23:24:36,155 - Epoch 19/200 - LR: 5e-05 - Train Loss: 0.4699 - Val Loss: 0.5091
2026-04-15 23:24:40,081 - Epoch 20/200 - LR: 5e-05 - Train Loss: 0.4757 - Val Loss: 0.5089
2026-04-15 23:24:43,774 - Epoch 21/200 - LR: 5e-05 - Train Loss: 0.4718 - Val Loss: 0.5012
2026-04-15 23:24:47,166 - Epoch 22/200 - LR: 5e-05 - Train Loss: 0.4570 - Val Loss: 0.5004
2026-04-15 23:24:50,579 - Epoch 23/200 - LR: 5e-05 - Train Loss: 0.4522 - Val Loss: 0.5154
2026-04-15 23:24:55,273 - Epoch 24/200 - LR: 5e-05 - Train Loss: 0.4446 - Val Loss: 0.4974
2026-04-15 23:24:59,862 - Epoch 25/200 - LR: 5e-05 - Train Loss: 0.4305 - Val Loss: 0.5110
2026-04-15 23:25:04,671 - Epoch 26/200 - LR: 2.5e-05 - Train Loss: 0.4428 - Val Loss: 0.5133
2026-04-15 23:25:04,671 - Early stopping at epoch 26 (best MCC=0.5580)
2026-04-15 23:25:04,865 - Saved loss curve: ./models/fold_2_transformer_FiLM_graph.png
2026-04-15 23:25:04,865 - Fold 2 Best Metrics:
2026-04-15 23:25:04,865 - MCC       : 0.5580
2026-04-15 23:25:04,865 - SN        : 0.8230
2026-04-15 23:25:04,865 - SP        : 0.7327
2026-04-15 23:25:04,865 - ACC       : 0.7779
2026-04-15 23:25:04,865 - BACC      : 0.7779
2026-04-15 23:25:04,865 - PRECISION : 0.7553
2026-04-15 23:25:04,865 - F1        : 0.7877
2026-04-15 23:25:04,865 - AUC       : 0.8602
2026-04-15 23:25:04,865 - AUCPR     : 0.8569
2026-04-15 23:25:04,865 - ===== Fold 3/5 =====
2026-04-15 23:25:09,174 - Epoch 1/200 - LR: 5e-05 - Train Loss: 0.7028 - Val Loss: 0.6887
2026-04-15 23:25:13,172 - Epoch 2/200 - LR: 5e-05 - Train Loss: 0.6940 - Val Loss: 0.6834
2026-04-15 23:25:17,171 - Epoch 3/200 - LR: 5e-05 - Train Loss: 0.6861 - Val Loss: 0.6715
2026-04-15 23:25:20,771 - Epoch 4/200 - LR: 5e-05 - Train Loss: 0.6816 - Val Loss: 0.6521
2026-04-15 23:25:24,856 - Epoch 5/200 - LR: 5e-05 - Train Loss: 0.6710 - Val Loss: 0.6291
2026-04-15 23:25:29,474 - Epoch 6/200 - LR: 5e-05 - Train Loss: 0.6503 - Val Loss: 0.5971
2026-04-15 23:25:33,783 - Epoch 7/200 - LR: 5e-05 - Train Loss: 0.6243 - Val Loss: 0.5754
2026-04-15 23:25:37,869 - Epoch 8/200 - LR: 5e-05 - Train Loss: 0.6029 - Val Loss: 0.5580
2026-04-15 23:25:42,055 - Epoch 9/200 - LR: 5e-05 - Train Loss: 0.5745 - Val Loss: 0.5549
2026-04-15 23:25:45,758 - Epoch 10/200 - LR: 5e-05 - Train Loss: 0.5555 - Val Loss: 0.5453
2026-04-15 23:25:49,169 - Epoch 11/200 - LR: 5e-05 - Train Loss: 0.5469 - Val Loss: 0.5447
2026-04-15 23:25:52,572 - Epoch 12/200 - LR: 5e-05 - Train Loss: 0.5332 - Val Loss: 0.5424
2026-04-15 23:25:56,162 - Epoch 13/200 - LR: 5e-05 - Train Loss: 0.5119 - Val Loss: 0.5449
2026-04-15 23:25:59,558 - Epoch 14/200 - LR: 5e-05 - Train Loss: 0.5086 - Val Loss: 0.5491
2026-04-15 23:26:03,672 - Epoch 15/200 - LR: 5e-05 - Train Loss: 0.5002 - Val Loss: 0.5497
2026-04-15 23:26:07,673 - Epoch 16/200 - LR: 5e-05 - Train Loss: 0.4942 - Val Loss: 0.5458
2026-04-15 23:26:11,074 - Epoch 17/200 - LR: 5e-05 - Train Loss: 0.4910 - Val Loss: 0.5484
2026-04-15 23:26:14,968 - Epoch 18/200 - LR: 5e-05 - Train Loss: 0.4692 - Val Loss: 0.5500
2026-04-15 23:26:18,973 - Epoch 19/200 - LR: 2.5e-05 - Train Loss: 0.4580 - Val Loss: 0.5568
2026-04-15 23:26:18,973 - Early stopping at epoch 19 (best MCC=0.5261)
2026-04-15 23:26:19,169 - Saved loss curve: ./models/fold_3_transformer_FiLM_graph.png
2026-04-15 23:26:19,170 - Fold 3 Best Metrics:
2026-04-15 23:26:19,170 - MCC       : 0.5261
2026-04-15 23:26:19,170 - SN        : 0.8115
2026-04-15 23:26:19,170 - SP        : 0.7120
2026-04-15 23:26:19,170 - ACC       : 0.7618
2026-04-15 23:26:19,170 - BACC      : 0.7617
2026-04-15 23:26:19,170 - PRECISION : 0.7385
2026-04-15 23:26:19,170 - F1        : 0.7733
2026-04-15 23:26:19,170 - AUC       : 0.8225
2026-04-15 23:26:19,170 - AUCPR     : 0.7910
2026-04-15 23:26:19,170 - ===== Fold 4/5 =====
2026-04-15 23:26:22,681 - Epoch 1/200 - LR: 5e-05 - Train Loss: 0.6951 - Val Loss: 0.6898
2026-04-15 23:26:26,651 - Epoch 2/200 - LR: 5e-05 - Train Loss: 0.6899 - Val Loss: 0.6839
2026-04-15 23:26:31,157 - Epoch 3/200 - LR: 5e-05 - Train Loss: 0.6857 - Val Loss: 0.6738
2026-04-15 23:26:35,271 - Epoch 4/200 - LR: 5e-05 - Train Loss: 0.6796 - Val Loss: 0.6579
2026-04-15 23:26:39,452 - Epoch 5/200 - LR: 5e-05 - Train Loss: 0.6710 - Val Loss: 0.6336
2026-04-15 23:26:43,472 - Epoch 6/200 - LR: 5e-05 - Train Loss: 0.6508 - Val Loss: 0.6097
2026-04-15 23:26:46,883 - Epoch 7/200 - LR: 5e-05 - Train Loss: 0.6304 - Val Loss: 0.5903
2026-04-15 23:26:50,272 - Epoch 8/200 - LR: 5e-05 - Train Loss: 0.6052 - Val Loss: 0.5701
2026-04-15 23:26:54,467 - Epoch 9/200 - LR: 5e-05 - Train Loss: 0.5823 - Val Loss: 0.5634
2026-04-15 23:26:58,678 - Epoch 10/200 - LR: 5e-05 - Train Loss: 0.5628 - Val Loss: 0.5531
2026-04-15 23:27:02,353 - Epoch 11/200 - LR: 5e-05 - Train Loss: 0.5451 - Val Loss: 0.5506
2026-04-15 23:27:06,772 - Epoch 12/200 - LR: 5e-05 - Train Loss: 0.5341 - Val Loss: 0.5481
2026-04-15 23:27:11,063 - Epoch 13/200 - LR: 5e-05 - Train Loss: 0.5139 - Val Loss: 0.5458
2026-04-15 23:27:15,275 - Epoch 14/200 - LR: 5e-05 - Train Loss: 0.5038 - Val Loss: 0.5444
2026-04-15 23:27:20,072 - Epoch 15/200 - LR: 5e-05 - Train Loss: 0.5007 - Val Loss: 0.5464
2026-04-15 23:27:24,367 - Epoch 16/200 - LR: 5e-05 - Train Loss: 0.4896 - Val Loss: 0.5457
2026-04-15 23:27:27,871 - Epoch 17/200 - LR: 5e-05 - Train Loss: 0.4763 - Val Loss: 0.5509
2026-04-15 23:27:31,362 - Epoch 18/200 - LR: 5e-05 - Train Loss: 0.4739 - Val Loss: 0.5561
2026-04-15 23:27:34,867 - Epoch 19/200 - LR: 5e-05 - Train Loss: 0.4665 - Val Loss: 0.5495
2026-04-15 23:27:38,974 - Epoch 20/200 - LR: 5e-05 - Train Loss: 0.4586 - Val Loss: 0.5413
2026-04-15 23:27:42,661 - Epoch 21/200 - LR: 5e-05 - Train Loss: 0.4366 - Val Loss: 0.5509
2026-04-15 23:27:45,970 - Epoch 22/200 - LR: 5e-05 - Train Loss: 0.4449 - Val Loss: 0.5560
2026-04-15 23:27:49,375 - Epoch 23/200 - LR: 5e-05 - Train Loss: 0.4271 - Val Loss: 0.5569
2026-04-15 23:27:52,977 - Epoch 24/200 - LR: 5e-05 - Train Loss: 0.4176 - Val Loss: 0.5576
2026-04-15 23:27:56,669 - Epoch 25/200 - LR: 5e-05 - Train Loss: 0.4073 - Val Loss: 0.5599
2026-04-15 23:28:00,071 - Epoch 26/200 - LR: 5e-05 - Train Loss: 0.3955 - Val Loss: 0.5867
2026-04-15 23:28:04,162 - Epoch 27/200 - LR: 5e-05 - Train Loss: 0.4070 - Val Loss: 0.5779
2026-04-15 23:28:07,872 - Epoch 28/200 - LR: 2.5e-05 - Train Loss: 0.3853 - Val Loss: 0.5720
2026-04-15 23:28:07,872 - Early stopping at epoch 28 (best MCC=0.5447)
2026-04-15 23:28:08,069 - Saved loss curve: ./models/fold_4_transformer_FiLM_graph.png
2026-04-15 23:28:08,070 - Fold 4 Best Metrics:
2026-04-15 23:28:08,070 - MCC       : 0.5447
2026-04-15 23:28:08,070 - SN        : 0.8203
2026-04-15 23:28:08,070 - SP        : 0.7218
2026-04-15 23:28:08,070 - ACC       : 0.7710
2026-04-15 23:28:08,070 - BACC      : 0.7711
2026-04-15 23:28:08,070 - PRECISION : 0.7463
2026-04-15 23:28:08,070 - F1        : 0.7816
2026-04-15 23:28:08,070 - AUC       : 0.8426
2026-04-15 23:28:08,070 - AUCPR     : 0.8307
2026-04-15 23:28:08,070 - ===== Fold 5/5 =====
2026-04-15 23:28:11,673 - Epoch 1/200 - LR: 5e-05 - Train Loss: 0.6961 - Val Loss: 0.6907
2026-04-15 23:28:15,938 - Epoch 2/200 - LR: 5e-05 - Train Loss: 0.6929 - Val Loss: 0.6853
2026-04-15 23:28:19,373 - Epoch 3/200 - LR: 5e-05 - Train Loss: 0.6877 - Val Loss: 0.6783
2026-04-15 23:28:23,560 - Epoch 4/200 - LR: 5e-05 - Train Loss: 0.6807 - Val Loss: 0.6666
2026-04-15 23:28:27,571 - Epoch 5/200 - LR: 5e-05 - Train Loss: 0.6706 - Val Loss: 0.6489
2026-04-15 23:28:30,973 - Epoch 6/200 - LR: 5e-05 - Train Loss: 0.6572 - Val Loss: 0.6356
2026-04-15 23:28:34,462 - Epoch 7/200 - LR: 5e-05 - Train Loss: 0.6343 - Val Loss: 0.6285
2026-04-15 23:28:38,059 - Epoch 8/200 - LR: 5e-05 - Train Loss: 0.6128 - Val Loss: 0.6207
2026-04-15 23:28:41,537 - Epoch 9/200 - LR: 5e-05 - Train Loss: 0.5862 - Val Loss: 0.6086
2026-04-15 23:28:44,972 - Epoch 10/200 - LR: 5e-05 - Train Loss: 0.5672 - Val Loss: 0.6094
2026-04-15 23:28:48,472 - Epoch 11/200 - LR: 5e-05 - Train Loss: 0.5446 - Val Loss: 0.6106
2026-04-15 23:28:52,747 - Epoch 12/200 - LR: 5e-05 - Train Loss: 0.5303 - Val Loss: 0.6141
2026-04-15 23:28:56,070 - Epoch 13/200 - LR: 5e-05 - Train Loss: 0.5278 - Val Loss: 0.6056
2026-04-15 23:28:59,673 - Epoch 14/200 - LR: 5e-05 - Train Loss: 0.5086 - Val Loss: 0.5995
2026-04-15 23:29:03,289 - Epoch 15/200 - LR: 5e-05 - Train Loss: 0.5005 - Val Loss: 0.6036
2026-04-15 23:29:08,059 - Epoch 16/200 - LR: 5e-05 - Train Loss: 0.4892 - Val Loss: 0.6135
2026-04-15 23:29:12,073 - Epoch 17/200 - LR: 5e-05 - Train Loss: 0.4918 - Val Loss: 0.6044
2026-04-15 23:29:15,967 - Epoch 18/200 - LR: 5e-05 - Train Loss: 0.4738 - Val Loss: 0.5961
2026-04-15 23:29:20,538 - Epoch 19/200 - LR: 5e-05 - Train Loss: 0.4734 - Val Loss: 0.5999
2026-04-15 23:29:24,741 - Epoch 20/200 - LR: 5e-05 - Train Loss: 0.4602 - Val Loss: 0.5964
2026-04-15 23:29:29,238 - Epoch 21/200 - LR: 5e-05 - Train Loss: 0.4629 - Val Loss: 0.5913
2026-04-15 23:29:32,645 - Epoch 22/200 - LR: 5e-05 - Train Loss: 0.4614 - Val Loss: 0.5858
2026-04-15 23:29:36,172 - Epoch 23/200 - LR: 5e-05 - Train Loss: 0.4408 - Val Loss: 0.6067
2026-04-15 23:29:40,867 - Epoch 24/200 - LR: 5e-05 - Train Loss: 0.4406 - Val Loss: 0.6058
2026-04-15 23:29:45,285 - Epoch 25/200 - LR: 5e-05 - Train Loss: 0.4330 - Val Loss: 0.6054
2026-04-15 23:29:48,780 - Epoch 26/200 - LR: 5e-05 - Train Loss: 0.4261 - Val Loss: 0.6104
2026-04-15 23:29:53,242 - Epoch 27/200 - LR: 5e-05 - Train Loss: 0.4197 - Val Loss: 0.5970
2026-04-15 23:29:56,883 - Epoch 28/200 - LR: 5e-05 - Train Loss: 0.4063 - Val Loss: 0.6087
2026-04-15 23:30:00,280 - Epoch 29/200 - LR: 5e-05 - Train Loss: 0.4067 - Val Loss: 0.6089
2026-04-15 23:30:03,752 - Epoch 30/200 - LR: 5e-05 - Train Loss: 0.3964 - Val Loss: 0.6188
2026-04-15 23:30:07,182 - Epoch 31/200 - LR: 5e-05 - Train Loss: 0.3879 - Val Loss: 0.6201
2026-04-15 23:30:10,740 - Epoch 32/200 - LR: 5e-05 - Train Loss: 0.3825 - Val Loss: 0.6097
2026-04-15 23:30:14,963 - Epoch 33/200 - LR: 5e-05 - Train Loss: 0.3832 - Val Loss: 0.6350
2026-04-15 23:30:19,374 - Epoch 34/200 - LR: 5e-05 - Train Loss: 0.3871 - Val Loss: 0.6194
2026-04-15 23:30:23,772 - Epoch 35/200 - LR: 5e-05 - Train Loss: 0.3800 - Val Loss: 0.6255
2026-04-15 23:30:27,889 - Epoch 36/200 - LR: 5e-05 - Train Loss: 0.3663 - Val Loss: 0.6239
2026-04-15 23:30:31,760 - Epoch 37/200 - LR: 2.5e-05 - Train Loss: 0.3612 - Val Loss: 0.6319
2026-04-15 23:30:31,760 - Early stopping at epoch 37 (best MCC=0.5352)
2026-04-15 23:30:31,972 - Saved loss curve: ./models/fold_5_transformer_FiLM_graph.png
2026-04-15 23:30:31,972 - Fold 5 Best Metrics:
2026-04-15 23:30:31,972 - MCC       : 0.5352
2026-04-15 23:30:31,972 - SN        : 0.7558
2026-04-15 23:30:31,972 - SP        : 0.7793
2026-04-15 23:30:31,972 - ACC       : 0.7675
2026-04-15 23:30:31,972 - BACC      : 0.7675
2026-04-15 23:30:31,972 - PRECISION : 0.7736
2026-04-15 23:30:31,972 - F1        : 0.7646
2026-04-15 23:30:31,972 - AUC       : 0.8306
2026-04-15 23:30:31,972 - AUCPR     : 0.8158
2026-04-15 23:30:31,972 - ==============================
2026-04-15 23:30:31,972 - Cross-Validation Results:
2026-04-15 23:30:31,972 - MCC       : 0.5470 ± 0.0160
2026-04-15 23:30:31,972 - SN        : 0.8049 ± 0.0249
2026-04-15 23:30:31,973 - SP        : 0.7404 ± 0.0244
2026-04-15 23:30:31,973 - ACC       : 0.7727 ± 0.0081
2026-04-15 23:30:31,973 - BACC      : 0.7726 ± 0.0081
2026-04-15 23:30:31,973 - PRECISION : 0.7566 ± 0.0134
2026-04-15 23:30:31,973 - F1        : 0.7796 ± 0.0097
2026-04-15 23:30:31,973 - AUC       : 0.8392 ± 0.0127
2026-04-15 23:30:31,973 - AUCPR     : 0.8190 ± 0.0233
2026-04-15 23:30:31,973 - ==============================
2026-04-15 23:30:31,973 - Evaluating ensemble on test set...
2026-04-15 23:30:33,886 - Final Test Metrics (Ensemble):
2026-04-15 23:30:33,886 - MCC       : 0.6083
2026-04-15 23:30:33,886 - SN        : 0.7918
2026-04-15 23:30:33,886 - SP        : 0.8163
2026-04-15 23:30:33,886 - ACC       : 0.8041
2026-04-15 23:30:33,886 - BACC      : 0.8041
2026-04-15 23:30:33,886 - PRECISION : 0.8117
2026-04-15 23:30:33,886 - F1        : 0.8017
2026-04-15 23:30:33,886 - AUC       : 0.8836
2026-04-15 23:30:33,886 - AUCPR     : 0.8983
